Time;PatchID;PositionX;PositionZ;Radius;CoinAmount;PatchEvent;TriggerPlayer;
0;259;4.012291;-15.59674;3;48;CREATED;;
0;260;-42.22765;-36.56274;3;48;CREATED;;
0;261;-6.319763;39.24397;3;48;CREATED;;
0;262;-2.71011;10.13735;3;48;CREATED;;
0;263;21.82585;34.04867;3;48;CREATED;;
61.875;263;21.82585;34.04867;3;48;DISCOVER;0;
65.13281;263;21.82585;34.04867;3;47;EXTRACT;0;
66.49219;263;21.82585;34.04867;3;47;DISCOVER;3;
67.14063;263;21.82585;34.04867;3;46;EXTRACT;0;
68.44531;263;21.82585;34.04867;3;46;DISCOVER;1;
69.125;263;21.82585;34.04867;3;45;EXTRACT;0;
69.48438;263;21.82585;34.04867;3;44;EXTRACT;3;
71.13281;263;21.82585;34.04867;3;43;EXTRACT;0;
71.49219;263;21.82585;34.04867;3;42;EXTRACT;3;
72.21875;263;21.82585;34.04867;3;41;EXTRACT;1;
73.14063;263;21.82585;34.04867;3;40;EXTRACT;0;
73.5;263;21.82585;34.04867;3;39;EXTRACT;3;
74.21875;263;21.82585;34.04867;3;38;EXTRACT;1;
74.30469;263;21.82585;34.04867;3;38;DISCOVER;2;
75.14844;263;21.82585;34.04867;3;37;EXTRACT;0;
75.46094;263;21.82585;34.04867;3;36;EXTRACT;3;
76.22656;263;21.82585;34.04867;3;35;EXTRACT;1;
77.10938;263;21.82585;34.04867;3;34;EXTRACT;0;
77.35156;263;21.82585;34.04867;3;33;EXTRACT;2;
77.46875;263;21.82585;34.04867;3;32;EXTRACT;3;
78.23438;263;21.82585;34.04867;3;31;EXTRACT;1;
79.11719;263;21.82585;34.04867;3;30;EXTRACT;0;
79.35156;263;21.82585;34.04867;3;29;EXTRACT;2;
79.47656;263;21.82585;34.04867;3;28;EXTRACT;3;
80.23438;263;21.82585;34.04867;3;27;EXTRACT;1;
81.11719;263;21.82585;34.04867;3;26;EXTRACT;0;
81.35938;263;21.82585;34.04867;3;25;EXTRACT;2;
81.47656;263;21.82585;34.04867;3;24;EXTRACT;3;
82.23438;263;21.82585;34.04867;3;23;EXTRACT;1;
83.13281;263;21.82585;34.04867;3;22;EXTRACT;0;
83.32813;263;21.82585;34.04867;3;21;EXTRACT;2;
83.49219;263;21.82585;34.04867;3;20;EXTRACT;3;
84.25;263;21.82585;34.04867;3;19;EXTRACT;1;
85.13281;263;21.82585;34.04867;3;18;EXTRACT;0;
85.33594;263;21.82585;34.04867;3;17;EXTRACT;2;
85.5;263;21.82585;34.04867;3;16;EXTRACT;3;
86.23438;263;21.82585;34.04867;3;15;EXTRACT;1;
87.11719;263;21.82585;34.04867;3;14;EXTRACT;0;
87.35938;263;21.82585;34.04867;3;13;EXTRACT;2;
87.47656;263;21.82585;34.04867;3;12;EXTRACT;3;
88.24219;263;21.82585;34.04867;3;11;EXTRACT;1;
89.14844;263;21.82585;34.04867;3;10;EXTRACT;0;
89.32813;263;21.82585;34.04867;3;9;EXTRACT;2;
89.47656;263;21.82585;34.04867;3;8;EXTRACT;3;
90.26563;263;21.82585;34.04867;3;7;EXTRACT;1;
91.14063;263;21.82585;34.04867;3;6;EXTRACT;0;
91.34375;263;21.82585;34.04867;3;5;EXTRACT;2;
91.46094;263;21.82585;34.04867;3;4;EXTRACT;3;
92.26563;263;21.82585;34.04867;3;3;EXTRACT;1;
93.14844;263;21.82585;34.04867;3;2;EXTRACT;0;
93.35156;263;21.82585;34.04867;3;1;EXTRACT;2;
93.46875;263;21.82585;34.04867;3;0;EXTRACT;3;
93.4375;263;21.82585;34.04867;3;0;DESTROYED;;
93.46875;264;-22.1504;30.73025;3;48;CREATED;;
126.2656;264;-22.1504;30.73025;3;48;DISCOVER;3;
129.2656;264;-22.1504;30.73025;3;47;EXTRACT;3;
131.2734;264;-22.1504;30.73025;3;46;EXTRACT;3;
133.2656;264;-22.1504;30.73025;3;45;EXTRACT;3;
135.2891;264;-22.1504;30.73025;3;44;EXTRACT;3;
137.2734;264;-22.1504;30.73025;3;43;EXTRACT;3;
139.2891;264;-22.1504;30.73025;3;42;EXTRACT;3;
141.2891;264;-22.1504;30.73025;3;41;EXTRACT;3;
143.2813;264;-22.1504;30.73025;3;40;EXTRACT;3;
143.7813;264;-22.1504;30.73025;3;40;DISCOVER;1;
145.2734;264;-22.1504;30.73025;3;39;EXTRACT;3;
147.0547;264;-22.1504;30.73025;3;38;EXTRACT;1;
147.2734;264;-22.1504;30.73025;3;37;EXTRACT;3;
149.0391;264;-22.1504;30.73025;3;36;EXTRACT;1;
149.3281;264;-22.1504;30.73025;3;35;EXTRACT;3;
149.8672;264;-22.1504;30.73025;3;35;DISCOVER;2;
151.0234;264;-22.1504;30.73025;3;34;EXTRACT;1;
151.25;264;-22.1504;30.73025;3;33;EXTRACT;3;
152.1094;264;-22.1504;30.73025;3;33;DISCOVER;0;
152.5938;264;-22.1504;30.73025;3;32;EXTRACT;2;
153.0391;264;-22.1504;30.73025;3;31;EXTRACT;1;
153.2422;264;-22.1504;30.73025;3;30;EXTRACT;3;
154.6953;264;-22.1504;30.73025;3;29;EXTRACT;2;
154.8984;264;-22.1504;30.73025;3;28;EXTRACT;0;
155.0234;264;-22.1504;30.73025;3;27;EXTRACT;1;
155.1953;264;-22.1504;30.73025;3;26;EXTRACT;3;
156.6563;264;-22.1504;30.73025;3;25;EXTRACT;2;
156.8906;264;-22.1504;30.73025;3;24;EXTRACT;0;
157.0234;264;-22.1504;30.73025;3;23;EXTRACT;1;
157.1953;264;-22.1504;30.73025;3;22;EXTRACT;3;
158.5781;264;-22.1504;30.73025;3;21;EXTRACT;2;
158.8906;264;-22.1504;30.73025;3;20;EXTRACT;0;
159.0156;264;-22.1504;30.73025;3;19;EXTRACT;1;
159.1953;264;-22.1504;30.73025;3;18;EXTRACT;3;
160.5547;264;-22.1504;30.73025;3;17;EXTRACT;2;
160.9141;264;-22.1504;30.73025;3;16;EXTRACT;0;
161.0938;264;-22.1504;30.73025;3;15;EXTRACT;1;
161.1875;264;-22.1504;30.73025;3;14;EXTRACT;3;
162.5625;264;-22.1504;30.73025;3;13;EXTRACT;2;
162.8984;264;-22.1504;30.73025;3;12;EXTRACT;0;
163.0156;264;-22.1504;30.73025;3;11;EXTRACT;1;
163.1719;264;-22.1504;30.73025;3;10;EXTRACT;3;
164.5703;264;-22.1504;30.73025;3;9;EXTRACT;2;
164.9688;264;-22.1504;30.73025;3;8;EXTRACT;0;
165.0078;264;-22.1504;30.73025;3;7;EXTRACT;1;
165.2734;264;-22.1504;30.73025;3;6;EXTRACT;3;
166.5469;264;-22.1504;30.73025;3;5;EXTRACT;2;
166.9609;264;-22.1504;30.73025;3;4;EXTRACT;0;
167.0078;264;-22.1504;30.73025;3;3;EXTRACT;1;
167.2031;264;-22.1504;30.73025;3;2;EXTRACT;3;
168.5547;264;-22.1504;30.73025;3;1;EXTRACT;2;
168.875;264;-22.1504;30.73025;3;0;EXTRACT;0;
168.875;264;-22.1504;30.73025;3;0;DESTROYED;;
168.875;265;-39.8165;14.61362;3;48;CREATED;;
189.5078;265;-39.8165;14.61362;3;48;DISCOVER;2;
192.5547;265;-39.8165;14.61362;3;47;EXTRACT;2;
194.5547;265;-39.8165;14.61362;3;46;EXTRACT;2;
196.5234;265;-39.8165;14.61362;3;45;EXTRACT;2;
198.5313;265;-39.8165;14.61362;3;44;EXTRACT;2;
199.25;265;-39.8165;14.61362;3;44;DISCOVER;1;
200.5313;265;-39.8165;14.61362;3;43;EXTRACT;2;
201.1328;265;-39.8165;14.61362;3;43;DISCOVER;3;
202.5391;265;-39.8165;14.61362;3;42;EXTRACT;2;
202.625;265;-39.8165;14.61362;3;41;EXTRACT;1;
204.0781;265;-39.8165;14.61362;3;40;EXTRACT;3;
204.5313;265;-39.8165;14.61362;3;39;EXTRACT;2;
204.6484;265;-39.8165;14.61362;3;38;EXTRACT;1;
205.4375;265;-39.8165;14.61362;3;38;DISCOVER;0;
206.0938;265;-39.8165;14.61362;3;37;EXTRACT;3;
206.5391;265;-39.8165;14.61362;3;36;EXTRACT;2;
206.625;265;-39.8165;14.61362;3;35;EXTRACT;1;
208.0625;265;-39.8165;14.61362;3;34;EXTRACT;3;
208.5469;265;-39.8165;14.61362;3;33;EXTRACT;2;
208.6563;265;-39.8165;14.61362;3;32;EXTRACT;1;
209.2031;265;-39.8165;14.61362;3;31;EXTRACT;0;
210.0938;265;-39.8165;14.61362;3;30;EXTRACT;3;
210.5234;265;-39.8165;14.61362;3;29;EXTRACT;2;
210.6563;265;-39.8165;14.61362;3;28;EXTRACT;1;
211.1719;265;-39.8165;14.61362;3;27;EXTRACT;0;
212.0938;265;-39.8165;14.61362;3;26;EXTRACT;3;
212.5391;265;-39.8165;14.61362;3;25;EXTRACT;2;
212.625;265;-39.8165;14.61362;3;24;EXTRACT;1;
213.1719;265;-39.8165;14.61362;3;23;EXTRACT;0;
214.0859;265;-39.8165;14.61362;3;22;EXTRACT;3;
214.5625;265;-39.8165;14.61362;3;21;EXTRACT;2;
214.6563;265;-39.8165;14.61362;3;20;EXTRACT;1;
215.1484;265;-39.8165;14.61362;3;19;EXTRACT;0;
216.0938;265;-39.8165;14.61362;3;18;EXTRACT;3;
216.5391;265;-39.8165;14.61362;3;17;EXTRACT;2;
216.6563;265;-39.8165;14.61362;3;16;EXTRACT;1;
217.1406;265;-39.8165;14.61362;3;15;EXTRACT;0;
218.0781;265;-39.8165;14.61362;3;14;EXTRACT;3;
218.5781;265;-39.8165;14.61362;3;13;EXTRACT;2;
218.6641;265;-39.8165;14.61362;3;12;EXTRACT;1;
219.1719;265;-39.8165;14.61362;3;11;EXTRACT;0;
220.0781;265;-39.8165;14.61362;3;10;EXTRACT;3;
220.5469;265;-39.8165;14.61362;3;9;EXTRACT;2;
220.6563;265;-39.8165;14.61362;3;8;EXTRACT;1;
221.1797;265;-39.8165;14.61362;3;7;EXTRACT;0;
222.0625;265;-39.8165;14.61362;3;6;EXTRACT;3;
222.5391;265;-39.8165;14.61362;3;5;EXTRACT;2;
222.625;265;-39.8165;14.61362;3;4;EXTRACT;1;
223.1406;265;-39.8165;14.61362;3;3;EXTRACT;0;
224.0703;265;-39.8165;14.61362;3;2;EXTRACT;3;
224.5469;265;-39.8165;14.61362;3;1;EXTRACT;2;
224.625;265;-39.8165;14.61362;3;0;EXTRACT;1;
224.5938;265;-39.8165;14.61362;3;0;DESTROYED;;
224.625;266;-35.03596;9.224949;3;48;CREATED;;
232.4766;266;-35.03596;9.224949;3;48;DISCOVER;3;
235.3594;266;-35.03596;9.224949;3;47;EXTRACT;3;
237.3672;266;-35.03596;9.224949;3;46;EXTRACT;3;
239.3594;266;-35.03596;9.224949;3;45;EXTRACT;3;
240.3203;266;-35.03596;9.224949;3;45;DISCOVER;1;
240.8359;266;-35.03596;9.224949;3;45;DISCOVER;0;
241.3594;266;-35.03596;9.224949;3;44;EXTRACT;3;
243.2031;266;-35.03596;9.224949;3;43;EXTRACT;1;
243.3672;266;-35.03596;9.224949;3;42;EXTRACT;3;
245.1719;266;-35.03596;9.224949;3;41;EXTRACT;1;
245.2109;266;-35.03596;9.224949;3;41;DISCOVER;2;
245.2109;266;-35.03596;9.224949;3;40;EXTRACT;0;
245.3672;266;-35.03596;9.224949;3;39;EXTRACT;3;
247.1719;266;-35.03596;9.224949;3;38;EXTRACT;1;
247.2109;266;-35.03596;9.224949;3;37;EXTRACT;0;
247.3672;266;-35.03596;9.224949;3;36;EXTRACT;3;
247.8906;266;-35.03596;9.224949;3;35;EXTRACT;2;
249.1719;266;-35.03596;9.224949;3;34;EXTRACT;1;
249.2109;266;-35.03596;9.224949;3;33;EXTRACT;0;
249.375;266;-35.03596;9.224949;3;32;EXTRACT;3;
249.8906;266;-35.03596;9.224949;3;31;EXTRACT;2;
251.1719;266;-35.03596;9.224949;3;30;EXTRACT;1;
251.2109;266;-35.03596;9.224949;3;29;EXTRACT;0;
251.375;266;-35.03596;9.224949;3;28;EXTRACT;3;
251.8906;266;-35.03596;9.224949;3;27;EXTRACT;2;
253.1719;266;-35.03596;9.224949;3;26;EXTRACT;1;
253.2188;266;-35.03596;9.224949;3;25;EXTRACT;0;
253.375;266;-35.03596;9.224949;3;24;EXTRACT;3;
253.8984;266;-35.03596;9.224949;3;23;EXTRACT;2;
255.1797;266;-35.03596;9.224949;3;22;EXTRACT;1;
255.2188;266;-35.03596;9.224949;3;21;EXTRACT;0;
255.375;266;-35.03596;9.224949;3;20;EXTRACT;3;
255.8984;266;-35.03596;9.224949;3;19;EXTRACT;2;
257.1797;266;-35.03596;9.224949;3;18;EXTRACT;1;
257.2188;266;-35.03596;9.224949;3;17;EXTRACT;0;
257.375;266;-35.03596;9.224949;3;16;EXTRACT;3;
257.8984;266;-35.03596;9.224949;3;15;EXTRACT;2;
259.1797;266;-35.03596;9.224949;3;14;EXTRACT;1;
259.2188;266;-35.03596;9.224949;3;13;EXTRACT;0;
259.3828;266;-35.03596;9.224949;3;12;EXTRACT;3;
259.8984;266;-35.03596;9.224949;3;11;EXTRACT;2;
261.2188;266;-35.03596;9.224949;3;10;EXTRACT;1;
261.2188;266;-35.03596;9.224949;3;9;EXTRACT;0;
261.375;266;-35.03596;9.224949;3;8;EXTRACT;3;
261.875;266;-35.03596;9.224949;3;7;EXTRACT;2;
263.2109;266;-35.03596;9.224949;3;6;EXTRACT;1;
263.25;266;-35.03596;9.224949;3;5;EXTRACT;0;
263.375;266;-35.03596;9.224949;3;4;EXTRACT;3;
263.875;266;-35.03596;9.224949;3;3;EXTRACT;2;
265.2656;266;-35.03596;9.224949;3;2;EXTRACT;1;
265.2656;266;-35.03596;9.224949;3;1;EXTRACT;0;
265.3438;266;-35.03596;9.224949;3;0;EXTRACT;3;
265.3203;266;-35.03596;9.224949;3;0;DESTROYED;;
265.3438;267;-14.97639;-40.35944;3;48;CREATED;;
316.4688;267;-14.97639;-40.35944;3;48;DISCOVER;3;
317.5469;267;-14.97639;-40.35944;3;48;DISCOVER;1;
319.5547;267;-14.97639;-40.35944;3;47;EXTRACT;3;
320.7969;267;-14.97639;-40.35944;3;46;EXTRACT;1;
321.5547;267;-14.97639;-40.35944;3;45;EXTRACT;3;
321.9141;267;-14.97639;-40.35944;3;45;DISCOVER;0;
322.7969;267;-14.97639;-40.35944;3;44;EXTRACT;1;
323.5625;267;-14.97639;-40.35944;3;43;EXTRACT;3;
324.8047;267;-14.97639;-40.35944;3;42;EXTRACT;1;
325.2031;267;-14.97639;-40.35944;3;41;EXTRACT;0;
325.5625;267;-14.97639;-40.35944;3;40;EXTRACT;3;
326.8125;267;-14.97639;-40.35944;3;39;EXTRACT;1;
327.2109;267;-14.97639;-40.35944;3;38;EXTRACT;0;
327.5703;267;-14.97639;-40.35944;3;37;EXTRACT;3;
327.9297;267;-14.97639;-40.35944;3;37;DISCOVER;2;
328.8125;267;-14.97639;-40.35944;3;36;EXTRACT;1;
329.2109;267;-14.97639;-40.35944;3;35;EXTRACT;0;
329.5703;267;-14.97639;-40.35944;3;34;EXTRACT;3;
330.4922;267;-14.97639;-40.35944;3;33;EXTRACT;2;
330.8125;267;-14.97639;-40.35944;3;32;EXTRACT;1;
331.2188;267;-14.97639;-40.35944;3;31;EXTRACT;0;
331.5781;267;-14.97639;-40.35944;3;30;EXTRACT;3;
332.5;267;-14.97639;-40.35944;3;29;EXTRACT;2;
332.8203;267;-14.97639;-40.35944;3;28;EXTRACT;1;
333.1797;267;-14.97639;-40.35944;3;27;EXTRACT;0;
333.5781;267;-14.97639;-40.35944;3;26;EXTRACT;3;
334.5;267;-14.97639;-40.35944;3;25;EXTRACT;2;
334.8203;267;-14.97639;-40.35944;3;24;EXTRACT;1;
335.1797;267;-14.97639;-40.35944;3;23;EXTRACT;0;
335.5859;267;-14.97639;-40.35944;3;22;EXTRACT;3;
336.5469;267;-14.97639;-40.35944;3;21;EXTRACT;2;
336.8281;267;-14.97639;-40.35944;3;20;EXTRACT;1;
337.1875;267;-14.97639;-40.35944;3;19;EXTRACT;0;
337.5859;267;-14.97639;-40.35944;3;18;EXTRACT;3;
338.5469;267;-14.97639;-40.35944;3;17;EXTRACT;2;
338.8281;267;-14.97639;-40.35944;3;16;EXTRACT;1;
339.1875;267;-14.97639;-40.35944;3;15;EXTRACT;0;
339.5469;267;-14.97639;-40.35944;3;14;EXTRACT;3;
340.5078;267;-14.97639;-40.35944;3;13;EXTRACT;2;
340.8281;267;-14.97639;-40.35944;3;12;EXTRACT;1;
341.1953;267;-14.97639;-40.35944;3;11;EXTRACT;0;
341.5547;267;-14.97639;-40.35944;3;10;EXTRACT;3;
342.5313;267;-14.97639;-40.35944;3;9;EXTRACT;2;
342.8125;267;-14.97639;-40.35944;3;8;EXTRACT;1;
343.1797;267;-14.97639;-40.35944;3;7;EXTRACT;0;
343.5703;267;-14.97639;-40.35944;3;6;EXTRACT;3;
344.5391;267;-14.97639;-40.35944;3;5;EXTRACT;2;
344.8516;267;-14.97639;-40.35944;3;4;EXTRACT;1;
345.2422;267;-14.97639;-40.35944;3;3;EXTRACT;0;
345.5703;267;-14.97639;-40.35944;3;2;EXTRACT;3;
346.5859;267;-14.97639;-40.35944;3;1;EXTRACT;2;
346.8125;267;-14.97639;-40.35944;3;0;EXTRACT;1;
346.7969;267;-14.97639;-40.35944;3;0;DESTROYED;;
346.8125;268;35.644;-28.93072;3;48;CREATED;;
365.2188;259;4.012291;-15.59674;3;48;DISCOVER;2;
368.0234;259;4.012291;-15.59674;3;48;DISCOVER;1;
368.8672;259;4.012291;-15.59674;3;47;EXTRACT;2;
370.8672;259;4.012291;-15.59674;3;46;EXTRACT;2;
371.1875;259;4.012291;-15.59674;3;45;EXTRACT;1;
372.875;259;4.012291;-15.59674;3;44;EXTRACT;2;
373.1953;259;4.012291;-15.59674;3;43;EXTRACT;1;
373.5156;259;4.012291;-15.59674;3;43;DISCOVER;3;
374.6406;259;4.012291;-15.59674;3;43;DISCOVER;0;
374.875;259;4.012291;-15.59674;3;42;EXTRACT;2;
375.1953;259;4.012291;-15.59674;3;41;EXTRACT;1;
376.3203;259;4.012291;-15.59674;3;40;EXTRACT;3;
376.8828;259;4.012291;-15.59674;3;39;EXTRACT;2;
377.2031;259;4.012291;-15.59674;3;38;EXTRACT;1;
378;259;4.012291;-15.59674;3;37;EXTRACT;0;
378.3203;259;4.012291;-15.59674;3;36;EXTRACT;3;
378.8828;259;4.012291;-15.59674;3;35;EXTRACT;2;
379.2031;259;4.012291;-15.59674;3;34;EXTRACT;1;
380;259;4.012291;-15.59674;3;33;EXTRACT;0;
380.3203;259;4.012291;-15.59674;3;32;EXTRACT;3;
380.8828;259;4.012291;-15.59674;3;31;EXTRACT;2;
381.2031;259;4.012291;-15.59674;3;30;EXTRACT;1;
382;259;4.012291;-15.59674;3;29;EXTRACT;0;
382.3203;259;4.012291;-15.59674;3;28;EXTRACT;3;
382.8438;259;4.012291;-15.59674;3;27;EXTRACT;2;
383.2031;259;4.012291;-15.59674;3;26;EXTRACT;1;
384.0078;259;4.012291;-15.59674;3;25;EXTRACT;0;
384.3281;259;4.012291;-15.59674;3;24;EXTRACT;3;
384.8438;259;4.012291;-15.59674;3;23;EXTRACT;2;
385.2031;259;4.012291;-15.59674;3;22;EXTRACT;1;
386.0078;259;4.012291;-15.59674;3;21;EXTRACT;0;
386.3281;259;4.012291;-15.59674;3;20;EXTRACT;3;
386.8438;259;4.012291;-15.59674;3;19;EXTRACT;2;
387.2109;259;4.012291;-15.59674;3;18;EXTRACT;1;
388.0078;259;4.012291;-15.59674;3;17;EXTRACT;0;
388.3281;259;4.012291;-15.59674;3;16;EXTRACT;3;
388.8516;259;4.012291;-15.59674;3;15;EXTRACT;2;
389.2109;259;4.012291;-15.59674;3;14;EXTRACT;1;
390.0156;259;4.012291;-15.59674;3;13;EXTRACT;0;
390.3359;259;4.012291;-15.59674;3;12;EXTRACT;3;
390.8594;259;4.012291;-15.59674;3;11;EXTRACT;2;
391.1797;259;4.012291;-15.59674;3;10;EXTRACT;1;
392.0234;259;4.012291;-15.59674;3;9;EXTRACT;0;
392.2969;259;4.012291;-15.59674;3;8;EXTRACT;3;
392.8594;259;4.012291;-15.59674;3;7;EXTRACT;2;
393.1797;259;4.012291;-15.59674;3;6;EXTRACT;1;
394.0234;259;4.012291;-15.59674;3;5;EXTRACT;0;
394.3047;259;4.012291;-15.59674;3;4;EXTRACT;3;
394.8594;259;4.012291;-15.59674;3;3;EXTRACT;2;
395.1797;259;4.012291;-15.59674;3;2;EXTRACT;1;
396.0234;259;4.012291;-15.59674;3;1;EXTRACT;0;
396.3047;259;4.012291;-15.59674;3;0;EXTRACT;3;
396.2734;259;4.012291;-15.59674;3;0;DESTROYED;;
396.3047;269;14.664;-27.36532;3;48;CREATED;;
468.6094;261;-6.319763;39.24397;3;48;DISCOVER;1;
469.6172;261;-6.319763;39.24397;3;48;DISCOVER;3;
471.8125;261;-6.319763;39.24397;3;47;EXTRACT;1;
473.3203;261;-6.319763;39.24397;3;46;EXTRACT;3;
473.7969;261;-6.319763;39.24397;3;45;EXTRACT;1;
475.2891;261;-6.319763;39.24397;3;44;EXTRACT;3;
475.7891;261;-6.319763;39.24397;3;43;EXTRACT;1;
477.3125;261;-6.319763;39.24397;3;42;EXTRACT;3;
477.7969;261;-6.319763;39.24397;3;41;EXTRACT;1;
477.9141;261;-6.319763;39.24397;3;41;DISCOVER;0;
479.3203;261;-6.319763;39.24397;3;40;EXTRACT;3;
479.7969;261;-6.319763;39.24397;3;39;EXTRACT;1;
481.3203;261;-6.319763;39.24397;3;38;EXTRACT;3;
481.8047;261;-6.319763;39.24397;3;37;EXTRACT;1;
482.125;261;-6.319763;39.24397;3;36;EXTRACT;0;
483.3281;261;-6.319763;39.24397;3;35;EXTRACT;3;
483.7656;261;-6.319763;39.24397;3;34;EXTRACT;1;
484.125;261;-6.319763;39.24397;3;33;EXTRACT;0;
485.3125;261;-6.319763;39.24397;3;32;EXTRACT;3;
485.7969;261;-6.319763;39.24397;3;31;EXTRACT;1;
486.1563;261;-6.319763;39.24397;3;30;EXTRACT;0;
487.3203;261;-6.319763;39.24397;3;29;EXTRACT;3;
487.7578;261;-6.319763;39.24397;3;29;DISCOVER;2;
487.7969;261;-6.319763;39.24397;3;28;EXTRACT;1;
488.1641;261;-6.319763;39.24397;3;27;EXTRACT;0;
489.3203;261;-6.319763;39.24397;3;26;EXTRACT;3;
489.8047;261;-6.319763;39.24397;3;25;EXTRACT;1;
490.125;261;-6.319763;39.24397;3;24;EXTRACT;0;
490.8828;261;-6.319763;39.24397;3;23;EXTRACT;2;
491.3281;261;-6.319763;39.24397;3;22;EXTRACT;3;
491.8047;261;-6.319763;39.24397;3;21;EXTRACT;1;
492.125;261;-6.319763;39.24397;3;20;EXTRACT;0;
492.8906;261;-6.319763;39.24397;3;19;EXTRACT;2;
493.3281;261;-6.319763;39.24397;3;18;EXTRACT;3;
493.8125;261;-6.319763;39.24397;3;17;EXTRACT;1;
494.125;261;-6.319763;39.24397;3;16;EXTRACT;0;
494.8906;261;-6.319763;39.24397;3;15;EXTRACT;2;
495.2891;261;-6.319763;39.24397;3;14;EXTRACT;3;
495.8125;261;-6.319763;39.24397;3;13;EXTRACT;1;
496.1328;261;-6.319763;39.24397;3;12;EXTRACT;0;
496.8906;261;-6.319763;39.24397;3;11;EXTRACT;2;
497.2891;261;-6.319763;39.24397;3;10;EXTRACT;3;
497.8125;261;-6.319763;39.24397;3;9;EXTRACT;1;
498.1406;261;-6.319763;39.24397;3;8;EXTRACT;0;
498.8984;261;-6.319763;39.24397;3;7;EXTRACT;2;
499.2969;261;-6.319763;39.24397;3;6;EXTRACT;3;
499.8203;261;-6.319763;39.24397;3;5;EXTRACT;1;
500.1406;261;-6.319763;39.24397;3;4;EXTRACT;0;
500.8984;261;-6.319763;39.24397;3;3;EXTRACT;2;
501.3047;261;-6.319763;39.24397;3;2;EXTRACT;3;
501.8203;261;-6.319763;39.24397;3;1;EXTRACT;1;
502.1406;261;-6.319763;39.24397;3;0;EXTRACT;0;
502.1172;261;-6.319763;39.24397;3;0;DESTROYED;;
502.1406;270;11.94782;39.62954;3;48;CREATED;;
520.7578;270;11.94782;39.62954;3;48;DISCOVER;3;
523.6953;270;11.94782;39.62954;3;47;EXTRACT;3;
525.7266;270;11.94782;39.62954;3;46;EXTRACT;3;
527.7188;270;11.94782;39.62954;3;45;EXTRACT;3;
529.0391;270;11.94782;39.62954;3;45;DISCOVER;0;
529.7109;270;11.94782;39.62954;3;44;EXTRACT;3;
531.6328;270;11.94782;39.62954;3;44;DISCOVER;2;
531.7188;270;11.94782;39.62954;3;43;EXTRACT;3;
531.8906;270;11.94782;39.62954;3;42;EXTRACT;0;
533.7188;270;11.94782;39.62954;3;41;EXTRACT;3;
533.9141;270;11.94782;39.62954;3;40;EXTRACT;0;
534.6016;270;11.94782;39.62954;3;39;EXTRACT;2;
535.6953;270;11.94782;39.62954;3;38;EXTRACT;3;
535.8906;270;11.94782;39.62954;3;37;EXTRACT;0;
536.5625;270;11.94782;39.62954;3;36;EXTRACT;2;
537.7266;270;11.94782;39.62954;3;35;EXTRACT;3;
537.8828;270;11.94782;39.62954;3;34;EXTRACT;0;
538.1797;270;11.94782;39.62954;3;34;DISCOVER;1;
538.5547;270;11.94782;39.62954;3;33;EXTRACT;2;
539.6797;270;11.94782;39.62954;3;32;EXTRACT;3;
539.8594;270;11.94782;39.62954;3;31;EXTRACT;0;
540.5391;270;11.94782;39.62954;3;30;EXTRACT;2;
541.1797;270;11.94782;39.62954;3;29;EXTRACT;1;
541.6719;270;11.94782;39.62954;3;28;EXTRACT;3;
541.875;270;11.94782;39.62954;3;27;EXTRACT;0;
542.5703;270;11.94782;39.62954;3;26;EXTRACT;2;
543.2109;270;11.94782;39.62954;3;25;EXTRACT;1;
543.6641;270;11.94782;39.62954;3;24;EXTRACT;3;
543.875;270;11.94782;39.62954;3;23;EXTRACT;0;
544.5547;270;11.94782;39.62954;3;22;EXTRACT;2;
545.1953;270;11.94782;39.62954;3;21;EXTRACT;1;
545.6797;270;11.94782;39.62954;3;20;EXTRACT;3;
545.8828;270;11.94782;39.62954;3;19;EXTRACT;0;
546.5391;270;11.94782;39.62954;3;18;EXTRACT;2;
547.1797;270;11.94782;39.62954;3;17;EXTRACT;1;
547.6641;270;11.94782;39.62954;3;16;EXTRACT;3;
547.8594;270;11.94782;39.62954;3;15;EXTRACT;0;
548.5469;270;11.94782;39.62954;3;14;EXTRACT;2;
549.1875;270;11.94782;39.62954;3;13;EXTRACT;1;
549.6875;270;11.94782;39.62954;3;12;EXTRACT;3;
549.8828;270;11.94782;39.62954;3;11;EXTRACT;0;
550.5234;270;11.94782;39.62954;3;10;EXTRACT;2;
551.2031;270;11.94782;39.62954;3;9;EXTRACT;1;
551.6563;270;11.94782;39.62954;3;8;EXTRACT;3;
551.8594;270;11.94782;39.62954;3;7;EXTRACT;0;
552.5469;270;11.94782;39.62954;3;6;EXTRACT;2;
553.2109;270;11.94782;39.62954;3;5;EXTRACT;1;
553.6563;270;11.94782;39.62954;3;4;EXTRACT;3;
553.8594;270;11.94782;39.62954;3;3;EXTRACT;0;
554.5234;270;11.94782;39.62954;3;2;EXTRACT;2;
555.1875;270;11.94782;39.62954;3;1;EXTRACT;1;
555.7031;270;11.94782;39.62954;3;0;EXTRACT;3;
555.6406;270;11.94782;39.62954;3;0;DESTROYED;;
555.7031;271;35.4309;-11.60848;3;48;CREATED;;
609.0313;271;35.4309;-11.60848;3;48;DISCOVER;1;
609.3125;271;35.4309;-11.60848;3;48;DISCOVER;0;
611.4375;271;35.4309;-11.60848;3;48;DISCOVER;3;
612.3594;271;35.4309;-11.60848;3;47;EXTRACT;1;
613.0078;271;35.4309;-11.60848;3;46;EXTRACT;0;
614.3672;271;35.4309;-11.60848;3;45;EXTRACT;1;
614.6094;271;35.4309;-11.60848;3;44;EXTRACT;3;
615.0078;271;35.4309;-11.60848;3;43;EXTRACT;0;
616.3672;271;35.4309;-11.60848;3;42;EXTRACT;1;
616.6094;271;35.4309;-11.60848;3;41;EXTRACT;3;
617.0078;271;35.4309;-11.60848;3;40;EXTRACT;0;
618.375;271;35.4309;-11.60848;3;39;EXTRACT;1;
618.6094;271;35.4309;-11.60848;3;38;EXTRACT;3;
619.0156;271;35.4309;-11.60848;3;37;EXTRACT;0;
619.6953;271;35.4309;-11.60848;3;37;DISCOVER;2;
620.375;271;35.4309;-11.60848;3;36;EXTRACT;1;
620.6172;271;35.4309;-11.60848;3;35;EXTRACT;3;
621.0156;271;35.4309;-11.60848;3;34;EXTRACT;0;
622.3359;271;35.4309;-11.60848;3;33;EXTRACT;1;
622.5;271;35.4309;-11.60848;3;32;EXTRACT;2;
622.6172;271;35.4309;-11.60848;3;31;EXTRACT;3;
623.0156;271;35.4309;-11.60848;3;30;EXTRACT;0;
624.3359;271;35.4309;-11.60848;3;29;EXTRACT;1;
624.5;271;35.4309;-11.60848;3;28;EXTRACT;2;
624.6172;271;35.4309;-11.60848;3;27;EXTRACT;3;
625.0156;271;35.4309;-11.60848;3;26;EXTRACT;0;
626.3438;271;35.4309;-11.60848;3;25;EXTRACT;1;
626.5078;271;35.4309;-11.60848;3;24;EXTRACT;2;
626.625;271;35.4309;-11.60848;3;23;EXTRACT;3;
626.9844;271;35.4309;-11.60848;3;22;EXTRACT;0;
628.3828;271;35.4309;-11.60848;3;21;EXTRACT;1;
628.5078;271;35.4309;-11.60848;3;20;EXTRACT;2;
628.625;271;35.4309;-11.60848;3;19;EXTRACT;3;
628.9844;271;35.4309;-11.60848;3;18;EXTRACT;0;
630.3906;271;35.4309;-11.60848;3;17;EXTRACT;1;
630.5078;271;35.4309;-11.60848;3;16;EXTRACT;2;
630.625;271;35.4309;-11.60848;3;15;EXTRACT;3;
630.9844;271;35.4309;-11.60848;3;14;EXTRACT;0;
632.3906;271;35.4309;-11.60848;3;13;EXTRACT;1;
632.5078;271;35.4309;-11.60848;3;12;EXTRACT;2;
632.6328;271;35.4309;-11.60848;3;11;EXTRACT;3;
632.9922;271;35.4309;-11.60848;3;10;EXTRACT;0;
634.3906;271;35.4309;-11.60848;3;9;EXTRACT;1;
634.5156;271;35.4309;-11.60848;3;8;EXTRACT;2;
634.6328;271;35.4309;-11.60848;3;7;EXTRACT;3;
634.9922;271;35.4309;-11.60848;3;6;EXTRACT;0;
636.3984;271;35.4309;-11.60848;3;5;EXTRACT;1;
636.5156;271;35.4309;-11.60848;3;4;EXTRACT;2;
636.6406;271;35.4309;-11.60848;3;3;EXTRACT;3;
637;271;35.4309;-11.60848;3;2;EXTRACT;0;
638.3984;271;35.4309;-11.60848;3;1;EXTRACT;1;
638.5234;271;35.4309;-11.60848;3;0;EXTRACT;2;
638.5156;271;35.4309;-11.60848;3;0;DESTROYED;;
638.5234;272;-28.32094;-2.786114;3;48;CREATED;;
