Time;PatchID;PositionX;PositionZ;Radius;CoinAmount;PatchEvent;TriggerPlayer;
0;0;16.09238;26.69223;3;48;CREATED;;
0;1;-6.033195;30.53036;3;48;CREATED;;
0;2;11.36557;-31.19585;3;48;CREATED;;
0;3;-7.562538;-4.655216;3;48;CREATED;;
0;4;-11.6958;-13.06081;3;48;CREATED;;
20.49219;1;-6.033195;30.53036;3;48;DISCOVER;0;
23.53906;1;-6.033195;30.53036;3;47;EXTRACT;0;
25.54297;1;-6.033195;30.53036;3;46;EXTRACT;0;
27.54688;1;-6.033195;30.53036;3;45;EXTRACT;0;
27.625;2;11.36557;-31.19585;3;48;DISCOVER;2;
28.10547;1;-6.033195;30.53036;3;45;DISCOVER;1;
29.55469;1;-6.033195;30.53036;3;44;EXTRACT;0;
30.79297;1;-6.033195;30.53036;3;43;EXTRACT;1;
31.47656;2;11.36557;-31.19585;3;47;EXTRACT;2;
31.55469;1;-6.033195;30.53036;3;42;EXTRACT;0;
32.79688;1;-6.033195;30.53036;3;41;EXTRACT;1;
33.47656;2;11.36557;-31.19585;3;46;EXTRACT;2;
33.55859;1;-6.033195;30.53036;3;40;EXTRACT;0;
34.80469;1;-6.033195;30.53036;3;39;EXTRACT;1;
35.48438;2;11.36557;-31.19585;3;45;EXTRACT;2;
35.56641;1;-6.033195;30.53036;3;38;EXTRACT;0;
36.80859;1;-6.033195;30.53036;3;37;EXTRACT;1;
37.49219;2;11.36557;-31.19585;3;44;EXTRACT;2;
37.57031;1;-6.033195;30.53036;3;36;EXTRACT;0;
38.77344;1;-6.033195;30.53036;3;35;EXTRACT;1;
39.45703;2;11.36557;-31.19585;3;43;EXTRACT;2;
39.53906;1;-6.033195;30.53036;3;34;EXTRACT;0;
40.78125;1;-6.033195;30.53036;3;33;EXTRACT;1;
41.46484;2;11.36557;-31.19585;3;42;EXTRACT;2;
41.54297;1;-6.033195;30.53036;3;32;EXTRACT;0;
42.78516;1;-6.033195;30.53036;3;31;EXTRACT;1;
43.46875;2;11.36557;-31.19585;3;41;EXTRACT;2;
43.54688;1;-6.033195;30.53036;3;30;EXTRACT;0;
44.78906;1;-6.033195;30.53036;3;29;EXTRACT;1;
45.47266;2;11.36557;-31.19585;3;40;EXTRACT;2;
45.55078;1;-6.033195;30.53036;3;28;EXTRACT;0;
46.79297;1;-6.033195;30.53036;3;27;EXTRACT;1;
47.47656;2;11.36557;-31.19585;3;39;EXTRACT;2;
47.55469;1;-6.033195;30.53036;3;26;EXTRACT;0;
47.91797;0;16.09238;26.69223;3;48;DISCOVER;3;
48.79688;1;-6.033195;30.53036;3;25;EXTRACT;1;
49.48047;2;11.36557;-31.19585;3;38;EXTRACT;2;
49.55859;1;-6.033195;30.53036;3;24;EXTRACT;0;
50.80078;1;-6.033195;30.53036;3;23;EXTRACT;1;
50.92188;0;16.09238;26.69223;3;47;EXTRACT;3;
51.45313;2;11.36557;-31.19585;3;37;EXTRACT;2;
51.53125;1;-6.033195;30.53036;3;22;EXTRACT;0;
52.77344;1;-6.033195;30.53036;3;21;EXTRACT;1;
52.89453;0;16.09238;26.69223;3;46;EXTRACT;3;
53.45313;2;11.36557;-31.19585;3;36;EXTRACT;2;
53.53516;1;-6.033195;30.53036;3;20;EXTRACT;0;
54.81641;1;-6.033195;30.53036;3;19;EXTRACT;1;
54.89453;0;16.09238;26.69223;3;45;EXTRACT;3;
55.45703;2;11.36557;-31.19585;3;35;EXTRACT;2;
55.53906;1;-6.033195;30.53036;3;18;EXTRACT;0;
56.82031;1;-6.033195;30.53036;3;17;EXTRACT;1;
56.89844;0;16.09238;26.69223;3;44;EXTRACT;3;
57.46094;2;11.36557;-31.19585;3;34;EXTRACT;2;
57.53906;1;-6.033195;30.53036;3;16;EXTRACT;0;
58.82031;1;-6.033195;30.53036;3;15;EXTRACT;1;
58.90234;0;16.09238;26.69223;3;43;EXTRACT;3;
59.46094;2;11.36557;-31.19585;3;33;EXTRACT;2;
59.55078;1;-6.033195;30.53036;3;14;EXTRACT;0;
60.78906;1;-6.033195;30.53036;3;13;EXTRACT;1;
60.91016;0;16.09238;26.69223;3;42;EXTRACT;3;
61.46875;2;11.36557;-31.19585;3;32;EXTRACT;2;
61.55078;1;-6.033195;30.53036;3;12;EXTRACT;0;
62.79297;1;-6.033195;30.53036;3;11;EXTRACT;1;
62.91406;0;16.09238;26.69223;3;41;EXTRACT;3;
63.47266;2;11.36557;-31.19585;3;31;EXTRACT;2;
63.55469;1;-6.033195;30.53036;3;10;EXTRACT;0;
64.79688;1;-6.033195;30.53036;3;9;EXTRACT;1;
64.91797;0;16.09238;26.69223;3;40;EXTRACT;3;
65.47656;2;11.36557;-31.19585;3;30;EXTRACT;2;
65.55859;1;-6.033195;30.53036;3;8;EXTRACT;0;
66.79688;1;-6.033195;30.53036;3;7;EXTRACT;1;
66.91797;0;16.09238;26.69223;3;39;EXTRACT;3;
67.48047;2;11.36557;-31.19585;3;29;EXTRACT;2;
67.55859;1;-6.033195;30.53036;3;6;EXTRACT;0;
68.80078;1;-6.033195;30.53036;3;5;EXTRACT;1;
68.92188;0;16.09238;26.69223;3;38;EXTRACT;3;
69.48438;2;11.36557;-31.19585;3;28;EXTRACT;2;
69.5625;1;-6.033195;30.53036;3;4;EXTRACT;0;
70.80469;1;-6.033195;30.53036;3;3;EXTRACT;1;
70.92578;0;16.09238;26.69223;3;37;EXTRACT;3;
71.48438;2;11.36557;-31.19585;3;27;EXTRACT;2;
71.56641;1;-6.033195;30.53036;3;2;EXTRACT;0;
72.80469;1;-6.033195;30.53036;3;1;EXTRACT;1;
72.92578;0;16.09238;26.69223;3;36;EXTRACT;3;
73.48828;2;11.36557;-31.19585;3;26;EXTRACT;2;
73.56641;1;-6.033195;30.53036;3;0;EXTRACT;0;
73.55859;1;-6.033195;30.53036;3;0;DESTROYED;;
73.56641;5;-36.1325;-40.43148;3;48;CREATED;;
74.89063;0;16.09238;26.69223;3;35;EXTRACT;3;
75.49219;2;11.36557;-31.19585;3;25;EXTRACT;2;
76.89453;0;16.09238;26.69223;3;34;EXTRACT;3;
77.45703;2;11.36557;-31.19585;3;24;EXTRACT;2;
78.90234;0;16.09238;26.69223;3;33;EXTRACT;3;
79.46094;2;11.36557;-31.19585;3;23;EXTRACT;2;
80.90625;0;16.09238;26.69223;3;32;EXTRACT;3;
81.47266;2;11.36557;-31.19585;3;22;EXTRACT;2;
82.91797;0;16.09238;26.69223;3;31;EXTRACT;3;
83.47656;2;11.36557;-31.19585;3;21;EXTRACT;2;
84.92188;0;16.09238;26.69223;3;30;EXTRACT;3;
85.48438;2;11.36557;-31.19585;3;20;EXTRACT;2;
86.92578;0;16.09238;26.69223;3;29;EXTRACT;3;
87.48438;2;11.36557;-31.19585;3;19;EXTRACT;2;
88.92578;0;16.09238;26.69223;3;28;EXTRACT;3;
89.48828;2;11.36557;-31.19585;3;18;EXTRACT;2;
90.89453;0;16.09238;26.69223;3;27;EXTRACT;3;
91.45313;2;11.36557;-31.19585;3;17;EXTRACT;2;
92.89844;0;16.09238;26.69223;3;27;DISCOVER;0;
92.89844;0;16.09238;26.69223;3;26;EXTRACT;3;
93.46094;2;11.36557;-31.19585;3;16;EXTRACT;2;
94.90625;0;16.09238;26.69223;3;25;EXTRACT;3;
95.46484;2;11.36557;-31.19585;3;15;EXTRACT;2;
95.78516;0;16.09238;26.69223;3;24;EXTRACT;0;
96.91016;0;16.09238;26.69223;3;23;EXTRACT;3;
97.47266;2;11.36557;-31.19585;3;14;EXTRACT;2;
97.75391;0;16.09238;26.69223;3;22;EXTRACT;0;
98.91406;0;16.09238;26.69223;3;21;EXTRACT;3;
99.47656;2;11.36557;-31.19585;3;13;EXTRACT;2;
99.75391;0;16.09238;26.69223;3;20;EXTRACT;0;
100.918;0;16.09238;26.69223;3;19;EXTRACT;3;
101.4805;2;11.36557;-31.19585;3;12;EXTRACT;2;
101.7617;0;16.09238;26.69223;3;18;EXTRACT;0;
102.9258;0;16.09238;26.69223;3;17;EXTRACT;3;
103.4844;2;11.36557;-31.19585;3;11;EXTRACT;2;
103.7656;0;16.09238;26.69223;3;16;EXTRACT;0;
104.9297;0;16.09238;26.69223;3;15;EXTRACT;3;
105.4883;2;11.36557;-31.19585;3;10;EXTRACT;2;
105.7695;0;16.09238;26.69223;3;14;EXTRACT;0;
106.9297;0;16.09238;26.69223;3;13;EXTRACT;3;
107.2891;0;16.09238;26.69223;3;13;DISCOVER;1;
107.4922;2;11.36557;-31.19585;3;9;EXTRACT;2;
107.7695;0;16.09238;26.69223;3;12;EXTRACT;0;
108.8945;0;16.09238;26.69223;3;11;EXTRACT;3;
109.4531;2;11.36557;-31.19585;3;8;EXTRACT;2;
109.7734;0;16.09238;26.69223;3;10;EXTRACT;0;
110.2148;0;16.09238;26.69223;3;9;EXTRACT;1;
110.8945;0;16.09238;26.69223;3;8;EXTRACT;3;
111.457;2;11.36557;-31.19585;3;7;EXTRACT;2;
111.7773;0;16.09238;26.69223;3;7;EXTRACT;0;
112.2188;0;16.09238;26.69223;3;6;EXTRACT;1;
112.8984;0;16.09238;26.69223;3;5;EXTRACT;3;
113.4609;2;11.36557;-31.19585;3;6;EXTRACT;2;
113.7813;0;16.09238;26.69223;3;4;EXTRACT;0;
114.2227;0;16.09238;26.69223;3;3;EXTRACT;1;
114.9023;0;16.09238;26.69223;3;2;EXTRACT;3;
115.4648;2;11.36557;-31.19585;3;5;EXTRACT;2;
115.7852;0;16.09238;26.69223;3;1;EXTRACT;0;
116.2266;0;16.09238;26.69223;3;0;EXTRACT;1;
116.1992;0;16.09238;26.69223;3;0;DESTROYED;;
116.2266;6;17.54607;-42.25403;3;48;CREATED;;
117.4688;2;11.36557;-31.19585;3;4;EXTRACT;2;
119.4688;2;11.36557;-31.19585;3;3;EXTRACT;2;
121.4727;2;11.36557;-31.19585;3;2;EXTRACT;2;
123.4766;2;11.36557;-31.19585;3;1;EXTRACT;2;
125.4805;2;11.36557;-31.19585;3;0;EXTRACT;2;
125.4805;2;11.36557;-31.19585;3;0;DESTROYED;;
125.4805;7;-28.48141;41.61553;3;48;CREATED;;
158.3008;7;-28.48141;41.61553;3;48;DISCOVER;3;
161.5898;7;-28.48141;41.61553;3;47;EXTRACT;3;
163.5977;7;-28.48141;41.61553;3;46;EXTRACT;3;
165.5625;7;-28.48141;41.61553;3;45;EXTRACT;3;
167.5664;7;-28.48141;41.61553;3;44;EXTRACT;3;
169.5742;7;-28.48141;41.61553;3;43;EXTRACT;3;
171.582;7;-28.48141;41.61553;3;42;EXTRACT;3;
173.5859;7;-28.48141;41.61553;3;41;EXTRACT;3;
175.5938;7;-28.48141;41.61553;3;40;EXTRACT;3;
177.5977;7;-28.48141;41.61553;3;39;EXTRACT;3;
179.5664;7;-28.48141;41.61553;3;38;EXTRACT;3;
181.5703;7;-28.48141;41.61553;3;37;EXTRACT;3;
183.5742;7;-28.48141;41.61553;3;36;EXTRACT;3;
185.5781;7;-28.48141;41.61553;3;35;EXTRACT;3;
186.6602;7;-28.48141;41.61553;3;35;DISCOVER;2;
187.582;7;-28.48141;41.61553;3;34;EXTRACT;3;
189.3477;7;-28.48141;41.61553;3;33;EXTRACT;2;
189.5898;7;-28.48141;41.61553;3;32;EXTRACT;3;
191.3516;7;-28.48141;41.61553;3;31;EXTRACT;2;
191.5938;7;-28.48141;41.61553;3;30;EXTRACT;3;
193.3594;7;-28.48141;41.61553;3;29;EXTRACT;2;
193.5977;7;-28.48141;41.61553;3;28;EXTRACT;3;
195.3633;7;-28.48141;41.61553;3;27;EXTRACT;2;
195.6055;7;-28.48141;41.61553;3;26;EXTRACT;3;
197.375;7;-28.48141;41.61553;3;25;EXTRACT;2;
197.6172;7;-28.48141;41.61553;3;24;EXTRACT;3;
199.3438;7;-28.48141;41.61553;3;23;EXTRACT;2;
199.582;7;-28.48141;41.61553;3;22;EXTRACT;3;
201.3477;7;-28.48141;41.61553;3;21;EXTRACT;2;
201.5898;7;-28.48141;41.61553;3;20;EXTRACT;3;
203.3555;7;-28.48141;41.61553;3;19;EXTRACT;2;
203.5938;7;-28.48141;41.61553;3;18;EXTRACT;3;
205.3594;7;-28.48141;41.61553;3;17;EXTRACT;2;
205.6016;7;-28.48141;41.61553;3;16;EXTRACT;3;
207.3672;7;-28.48141;41.61553;3;15;EXTRACT;2;
207.5273;7;-28.48141;41.61553;3;15;DISCOVER;0;
207.6055;7;-28.48141;41.61553;3;14;EXTRACT;3;
209.3711;7;-28.48141;41.61553;3;13;EXTRACT;2;
209.6094;7;-28.48141;41.61553;3;12;EXTRACT;3;
210.3711;7;-28.48141;41.61553;3;11;EXTRACT;0;
211.3711;7;-28.48141;41.61553;3;10;EXTRACT;2;
211.6133;7;-28.48141;41.61553;3;9;EXTRACT;3;
212.375;7;-28.48141;41.61553;3;8;EXTRACT;0;
213.3789;7;-28.48141;41.61553;3;7;EXTRACT;2;
213.5781;7;-28.48141;41.61553;3;6;EXTRACT;3;
214.3438;7;-28.48141;41.61553;3;5;EXTRACT;0;
215.3438;7;-28.48141;41.61553;3;4;EXTRACT;2;
215.5859;7;-28.48141;41.61553;3;3;EXTRACT;3;
216.3477;7;-28.48141;41.61553;3;2;EXTRACT;0;
217.3516;7;-28.48141;41.61553;3;1;EXTRACT;2;
217.5938;7;-28.48141;41.61553;3;0;EXTRACT;3;
217.5586;7;-28.48141;41.61553;3;0;DESTROYED;;
217.5938;8;40.45681;39.32223;3;48;CREATED;;
272.3594;5;-36.1325;-40.43148;3;48;DISCOVER;3;
275.3281;5;-36.1325;-40.43148;3;47;EXTRACT;3;
277.3359;5;-36.1325;-40.43148;3;46;EXTRACT;3;
279.3438;5;-36.1325;-40.43148;3;45;EXTRACT;3;
281.3477;5;-36.1325;-40.43148;3;44;EXTRACT;3;
283.3516;5;-36.1325;-40.43148;3;43;EXTRACT;3;
285.3281;5;-36.1325;-40.43148;3;42;EXTRACT;3;
287.332;5;-36.1325;-40.43148;3;41;EXTRACT;3;
289.3398;5;-36.1325;-40.43148;3;40;EXTRACT;3;
290.582;5;-36.1325;-40.43148;3;40;DISCOVER;0;
291.3438;5;-36.1325;-40.43148;3;39;EXTRACT;3;
293.3516;5;-36.1325;-40.43148;3;38;EXTRACT;3;
293.3516;5;-36.1325;-40.43148;3;37;EXTRACT;0;
295.3516;5;-36.1325;-40.43148;3;36;EXTRACT;3;
295.3516;5;-36.1325;-40.43148;3;35;EXTRACT;0;
297.3164;5;-36.1325;-40.43148;3;34;EXTRACT;3;
297.3555;5;-36.1325;-40.43148;3;33;EXTRACT;0;
297.6758;3;-7.562538;-4.655216;3;48;DISCOVER;2;
299.3203;5;-36.1325;-40.43148;3;32;EXTRACT;3;
299.3633;5;-36.1325;-40.43148;3;31;EXTRACT;0;
300.7227;3;-7.562538;-4.655216;3;47;EXTRACT;2;
301.3242;5;-36.1325;-40.43148;3;30;EXTRACT;3;
301.3633;5;-36.1325;-40.43148;3;29;EXTRACT;0;
302.7266;3;-7.562538;-4.655216;3;46;EXTRACT;2;
303.3281;5;-36.1325;-40.43148;3;28;EXTRACT;3;
303.3711;5;-36.1325;-40.43148;3;27;EXTRACT;0;
304.7344;3;-7.562538;-4.655216;3;45;EXTRACT;2;
305.3359;5;-36.1325;-40.43148;3;26;EXTRACT;3;
305.375;5;-36.1325;-40.43148;3;25;EXTRACT;0;
306.7383;3;-7.562538;-4.655216;3;44;EXTRACT;2;
307.3398;5;-36.1325;-40.43148;3;24;EXTRACT;3;
307.3789;5;-36.1325;-40.43148;3;23;EXTRACT;0;
308.7422;3;-7.562538;-4.655216;3;43;EXTRACT;2;
309.3438;5;-36.1325;-40.43148;3;22;EXTRACT;3;
309.3828;5;-36.1325;-40.43148;3;21;EXTRACT;0;
310.7461;3;-7.562538;-4.655216;3;42;EXTRACT;2;
311.3477;5;-36.1325;-40.43148;3;20;EXTRACT;3;
311.3477;5;-36.1325;-40.43148;3;19;EXTRACT;0;
312.75;3;-7.562538;-4.655216;3;41;EXTRACT;2;
313.3516;5;-36.1325;-40.43148;3;18;EXTRACT;3;
313.3516;5;-36.1325;-40.43148;3;17;EXTRACT;0;
314.7148;3;-7.562538;-4.655216;3;40;EXTRACT;2;
315.3555;5;-36.1325;-40.43148;3;16;EXTRACT;3;
315.3555;5;-36.1325;-40.43148;3;15;EXTRACT;0;
316.7188;3;-7.562538;-4.655216;3;39;EXTRACT;2;
317.3594;5;-36.1325;-40.43148;3;14;EXTRACT;0;
317.3594;5;-36.1325;-40.43148;3;13;EXTRACT;3;
318.7266;3;-7.562538;-4.655216;3;38;EXTRACT;2;
319.3672;5;-36.1325;-40.43148;3;12;EXTRACT;0;
319.3672;5;-36.1325;-40.43148;3;11;EXTRACT;3;
320.7305;3;-7.562538;-4.655216;3;37;EXTRACT;2;
321.3711;5;-36.1325;-40.43148;3;10;EXTRACT;0;
321.3711;5;-36.1325;-40.43148;3;9;EXTRACT;3;
322.7344;3;-7.562538;-4.655216;3;36;EXTRACT;2;
323.375;5;-36.1325;-40.43148;3;8;EXTRACT;0;
323.375;5;-36.1325;-40.43148;3;7;EXTRACT;3;
324.7383;3;-7.562538;-4.655216;3;35;EXTRACT;2;
325.3789;5;-36.1325;-40.43148;3;6;EXTRACT;0;
325.3789;5;-36.1325;-40.43148;3;5;EXTRACT;3;
326.7422;3;-7.562538;-4.655216;3;34;EXTRACT;2;
327.3828;5;-36.1325;-40.43148;3;4;EXTRACT;0;
327.3828;5;-36.1325;-40.43148;3;3;EXTRACT;3;
328.7422;3;-7.562538;-4.655216;3;33;EXTRACT;2;
329.3438;5;-36.1325;-40.43148;3;2;EXTRACT;0;
329.3828;5;-36.1325;-40.43148;3;1;EXTRACT;3;
330.75;3;-7.562538;-4.655216;3;32;EXTRACT;2;
331.3477;5;-36.1325;-40.43148;3;0;EXTRACT;0;
331.3203;5;-36.1325;-40.43148;3;0;DESTROYED;;
331.3477;9;40.79504;27.21284;3;48;CREATED;;
332.7539;3;-7.562538;-4.655216;3;31;EXTRACT;2;
334.7578;3;-7.562538;-4.655216;3;30;EXTRACT;2;
336.7656;3;-7.562538;-4.655216;3;29;EXTRACT;2;
338.7305;3;-7.562538;-4.655216;3;28;EXTRACT;2;
340.7383;3;-7.562538;-4.655216;3;27;EXTRACT;2;
342.7422;3;-7.562538;-4.655216;3;26;EXTRACT;2;
344.75;3;-7.562538;-4.655216;3;25;EXTRACT;2;
346.7539;3;-7.562538;-4.655216;3;24;EXTRACT;2;
348.7578;3;-7.562538;-4.655216;3;23;EXTRACT;2;
350.6836;4;-11.6958;-13.06081;3;48;DISCOVER;0;
350.7617;3;-7.562538;-4.655216;3;22;EXTRACT;2;
352.7656;3;-7.562538;-4.655216;3;21;EXTRACT;2;
353.5664;4;-11.6958;-13.06081;3;47;EXTRACT;0;
354.7695;3;-7.562538;-4.655216;3;20;EXTRACT;2;
354.9297;4;-11.6958;-13.06081;3;47;DISCOVER;1;
355.5703;4;-11.6958;-13.06081;3;46;EXTRACT;0;
356.7305;3;-7.562538;-4.655216;3;19;EXTRACT;2;
357.5742;4;-11.6958;-13.06081;3;45;EXTRACT;0;
357.9336;4;-11.6958;-13.06081;3;44;EXTRACT;1;
358.7383;3;-7.562538;-4.655216;3;18;EXTRACT;2;
359.582;4;-11.6958;-13.06081;3;43;EXTRACT;0;
359.9414;4;-11.6958;-13.06081;3;42;EXTRACT;1;
360.7422;3;-7.562538;-4.655216;3;17;EXTRACT;2;
361.582;4;-11.6958;-13.06081;3;41;EXTRACT;0;
361.9453;4;-11.6958;-13.06081;3;40;EXTRACT;1;
362.7461;3;-7.562538;-4.655216;3;16;EXTRACT;2;
363.5469;4;-11.6958;-13.06081;3;39;EXTRACT;0;
363.9492;4;-11.6958;-13.06081;3;38;EXTRACT;1;
364.75;3;-7.562538;-4.655216;3;15;EXTRACT;2;
365.5508;4;-11.6958;-13.06081;3;37;EXTRACT;0;
365.9531;4;-11.6958;-13.06081;3;36;EXTRACT;1;
366.7617;3;-7.562538;-4.655216;3;14;EXTRACT;2;
367.5625;4;-11.6958;-13.06081;3;35;EXTRACT;0;
367.9609;4;-11.6958;-13.06081;3;34;EXTRACT;1;
368.7617;3;-7.562538;-4.655216;3;13;EXTRACT;2;
369.5625;4;-11.6958;-13.06081;3;33;EXTRACT;0;
369.9648;4;-11.6958;-13.06081;3;32;EXTRACT;1;
370.0859;3;-7.562538;-4.655216;3;13;DISCOVER;3;
370.7656;3;-7.562538;-4.655216;3;12;EXTRACT;2;
371.5664;4;-11.6958;-13.06081;3;31;EXTRACT;0;
371.9648;4;-11.6958;-13.06081;3;30;EXTRACT;1;
372.7656;3;-7.562538;-4.655216;3;11;EXTRACT;2;
373.0078;3;-7.562538;-4.655216;3;10;EXTRACT;3;
373.5703;4;-11.6958;-13.06081;3;29;EXTRACT;0;
373.9688;4;-11.6958;-13.06081;3;28;EXTRACT;1;
374.7305;3;-7.562538;-4.655216;3;9;EXTRACT;2;
375.0117;3;-7.562538;-4.655216;3;8;EXTRACT;3;
375.5742;4;-11.6958;-13.06081;3;27;EXTRACT;0;
375.9727;4;-11.6958;-13.06081;3;26;EXTRACT;1;
376.7344;3;-7.562538;-4.655216;3;7;EXTRACT;2;
377.0156;3;-7.562538;-4.655216;3;6;EXTRACT;3;
377.5742;4;-11.6958;-13.06081;3;25;EXTRACT;0;
377.9336;4;-11.6958;-13.06081;3;24;EXTRACT;1;
378.7383;3;-7.562538;-4.655216;3;5;EXTRACT;2;
379.0195;3;-7.562538;-4.655216;3;4;EXTRACT;3;
379.5781;4;-11.6958;-13.06081;3;23;EXTRACT;0;
379.9414;4;-11.6958;-13.06081;3;22;EXTRACT;1;
380.7422;3;-7.562538;-4.655216;3;3;EXTRACT;2;
381.0195;3;-7.562538;-4.655216;3;2;EXTRACT;3;
381.582;4;-11.6958;-13.06081;3;21;EXTRACT;0;
381.9414;4;-11.6958;-13.06081;3;20;EXTRACT;1;
382.7852;3;-7.562538;-4.655216;3;1;EXTRACT;2;
383.0234;3;-7.562538;-4.655216;3;0;EXTRACT;3;
383;3;-7.562538;-4.655216;3;0;DESTROYED;;
383.0234;10;-18.29663;-44.76184;3;48;CREATED;;
383.5859;4;-11.6958;-13.06081;3;19;EXTRACT;0;
383.9492;4;-11.6958;-13.06081;3;18;EXTRACT;1;
385.5508;4;-11.6958;-13.06081;3;17;EXTRACT;0;
385.9531;4;-11.6958;-13.06081;3;16;EXTRACT;1;
387.5547;4;-11.6958;-13.06081;3;15;EXTRACT;0;
387.9531;4;-11.6958;-13.06081;3;14;EXTRACT;1;
389.5586;4;-11.6958;-13.06081;3;13;EXTRACT;0;
389.957;4;-11.6958;-13.06081;3;12;EXTRACT;1;
390.1602;4;-11.6958;-13.06081;3;12;DISCOVER;2;
390.4805;4;-11.6958;-13.06081;3;12;DISCOVER;3;
391.5586;4;-11.6958;-13.06081;3;11;EXTRACT;0;
391.9609;4;-11.6958;-13.06081;3;10;EXTRACT;1;
392.8398;4;-11.6958;-13.06081;3;9;EXTRACT;2;
393.5625;4;-11.6958;-13.06081;3;8;EXTRACT;0;
393.6016;4;-11.6958;-13.06081;3;7;EXTRACT;3;
393.9609;4;-11.6958;-13.06081;3;6;EXTRACT;1;
394.8438;4;-11.6958;-13.06081;3;5;EXTRACT;2;
395.5664;4;-11.6958;-13.06081;3;4;EXTRACT;0;
395.6055;4;-11.6958;-13.06081;3;3;EXTRACT;3;
396.0078;4;-11.6958;-13.06081;3;2;EXTRACT;1;
396.8477;4;-11.6958;-13.06081;3;1;EXTRACT;2;
397.5664;4;-11.6958;-13.06081;3;0;EXTRACT;0;
397.5586;4;-11.6958;-13.06081;3;0;DESTROYED;;
397.5664;11;24.05637;16.3859;3;48;CREATED;;
427.0703;6;17.54607;-42.25403;3;48;DISCOVER;0;
430.3164;6;17.54607;-42.25403;3;47;EXTRACT;0;
432.3242;6;17.54607;-42.25403;3;46;EXTRACT;0;
434.332;6;17.54607;-42.25403;3;45;EXTRACT;0;
436.3398;6;17.54607;-42.25403;3;44;EXTRACT;0;
438.3438;6;17.54607;-42.25403;3;43;EXTRACT;0;
440.3164;6;17.54607;-42.25403;3;42;EXTRACT;0;
442.3242;6;17.54607;-42.25403;3;41;EXTRACT;0;
444.332;6;17.54607;-42.25403;3;40;EXTRACT;0;
446.3359;6;17.54607;-42.25403;3;39;EXTRACT;0;
448.3438;6;17.54607;-42.25403;3;38;EXTRACT;0;
450.3516;6;17.54607;-42.25403;3;37;EXTRACT;0;
452.3203;6;17.54607;-42.25403;3;36;EXTRACT;0;
454.3242;6;17.54607;-42.25403;3;35;EXTRACT;0;
456.3281;6;17.54607;-42.25403;3;34;EXTRACT;0;
458.3359;6;17.54607;-42.25403;3;33;EXTRACT;0;
460.0234;6;17.54607;-42.25403;3;33;DISCOVER;2;
460.3438;6;17.54607;-42.25403;3;32;EXTRACT;0;
462.3477;6;17.54607;-42.25403;3;31;EXTRACT;0;
462.6289;6;17.54607;-42.25403;3;30;EXTRACT;2;
464.3516;6;17.54607;-42.25403;3;29;EXTRACT;0;
464.6328;6;17.54607;-42.25403;3;28;EXTRACT;2;
466.3203;6;17.54607;-42.25403;3;27;EXTRACT;0;
466.6406;6;17.54607;-42.25403;3;26;EXTRACT;2;
468.3203;6;17.54607;-42.25403;3;25;EXTRACT;0;
468.6445;6;17.54607;-42.25403;3;24;EXTRACT;2;
470.3281;6;17.54607;-42.25403;3;23;EXTRACT;0;
470.6484;6;17.54607;-42.25403;3;22;EXTRACT;2;
472.332;6;17.54607;-42.25403;3;21;EXTRACT;0;
472.6523;6;17.54607;-42.25403;3;20;EXTRACT;2;
474.3359;6;17.54607;-42.25403;3;19;EXTRACT;0;
474.6563;6;17.54607;-42.25403;3;18;EXTRACT;2;
476.3398;6;17.54607;-42.25403;3;17;EXTRACT;0;
476.6211;6;17.54607;-42.25403;3;16;EXTRACT;2;
478.3477;6;17.54607;-42.25403;3;15;EXTRACT;0;
478.625;6;17.54607;-42.25403;3;14;EXTRACT;2;
480.3477;6;17.54607;-42.25403;3;13;EXTRACT;0;
480.5898;6;17.54607;-42.25403;3;13;DISCOVER;1;
480.6289;6;17.54607;-42.25403;3;12;EXTRACT;2;
482.3516;6;17.54607;-42.25403;3;11;EXTRACT;0;
482.5938;6;17.54607;-42.25403;3;11;DISCOVER;3;
482.6328;6;17.54607;-42.25403;3;10;EXTRACT;2;
483.4336;6;17.54607;-42.25403;3;9;EXTRACT;1;
484.3555;6;17.54607;-42.25403;3;8;EXTRACT;0;
484.6367;6;17.54607;-42.25403;3;7;EXTRACT;2;
485.1953;6;17.54607;-42.25403;3;6;EXTRACT;3;
485.4375;6;17.54607;-42.25403;3;5;EXTRACT;1;
486.3555;6;17.54607;-42.25403;3;4;EXTRACT;0;
486.6367;6;17.54607;-42.25403;3;3;EXTRACT;2;
487.1953;6;17.54607;-42.25403;3;2;EXTRACT;3;
487.4375;6;17.54607;-42.25403;3;1;EXTRACT;1;
488.3203;6;17.54607;-42.25403;3;0;EXTRACT;0;
488.3203;6;17.54607;-42.25403;3;0;DESTROYED;;
488.3203;12;-42.24816;-35.71027;3;48;CREATED;;
524.2656;11;24.05637;16.3859;3;48;DISCOVER;1;
529.2734;11;24.05637;16.3859;3;47;EXTRACT;1;
531.2852;11;24.05637;16.3859;3;46;EXTRACT;1;
532.7266;11;24.05637;16.3859;3;46;DISCOVER;3;
533.2891;11;24.05637;16.3859;3;45;EXTRACT;1;
535.2539;11;24.05637;16.3859;3;44;EXTRACT;1;
535.375;11;24.05637;16.3859;3;43;EXTRACT;3;
537.2617;11;24.05637;16.3859;3;42;EXTRACT;1;
537.3828;11;24.05637;16.3859;3;41;EXTRACT;3;
539.2695;11;24.05637;16.3859;3;40;EXTRACT;1;
539.3867;11;24.05637;16.3859;3;39;EXTRACT;3;
541.2773;11;24.05637;16.3859;3;38;EXTRACT;1;
541.3984;11;24.05637;16.3859;3;37;EXTRACT;3;
542.3164;11;24.05637;16.3859;3;37;DISCOVER;2;
543.2813;11;24.05637;16.3859;3;36;EXTRACT;1;
543.4023;11;24.05637;16.3859;3;35;EXTRACT;3;
545.2891;11;24.05637;16.3859;3;34;EXTRACT;1;
545.4102;11;24.05637;16.3859;3;33;EXTRACT;3;
545.5313;11;24.05637;16.3859;3;32;EXTRACT;2;
547.293;11;24.05637;16.3859;3;31;EXTRACT;1;
547.4141;11;24.05637;16.3859;3;30;EXTRACT;3;
547.4141;11;24.05637;16.3859;3;30;DISCOVER;0;
547.5313;11;24.05637;16.3859;3;29;EXTRACT;2;
549.2578;11;24.05637;16.3859;3;28;EXTRACT;1;
549.3789;11;24.05637;16.3859;3;27;EXTRACT;3;
549.5391;11;24.05637;16.3859;3;26;EXTRACT;2;
550.5;11;24.05637;16.3859;3;25;EXTRACT;0;
551.2617;11;24.05637;16.3859;3;24;EXTRACT;1;
551.3789;11;24.05637;16.3859;3;23;EXTRACT;3;
551.5391;11;24.05637;16.3859;3;22;EXTRACT;2;
552.5039;11;24.05637;16.3859;3;21;EXTRACT;0;
553.3047;11;24.05637;16.3859;3;20;EXTRACT;1;
553.3828;11;24.05637;16.3859;3;19;EXTRACT;3;
553.543;11;24.05637;16.3859;3;18;EXTRACT;2;
554.5039;11;24.05637;16.3859;3;17;EXTRACT;0;
555.3047;11;24.05637;16.3859;3;16;EXTRACT;1;
555.3867;11;24.05637;16.3859;3;15;EXTRACT;3;
555.5039;11;24.05637;16.3859;3;14;EXTRACT;2;
556.5039;11;24.05637;16.3859;3;13;EXTRACT;0;
557.3086;11;24.05637;16.3859;3;12;EXTRACT;1;
557.3867;11;24.05637;16.3859;3;11;EXTRACT;3;
557.5078;11;24.05637;16.3859;3;10;EXTRACT;2;
558.5117;11;24.05637;16.3859;3;9;EXTRACT;0;
559.2773;11;24.05637;16.3859;3;8;EXTRACT;1;
559.3945;11;24.05637;16.3859;3;7;EXTRACT;3;
559.5547;11;24.05637;16.3859;3;6;EXTRACT;2;
560.5195;11;24.05637;16.3859;3;5;EXTRACT;0;
561.2773;11;24.05637;16.3859;3;4;EXTRACT;1;
561.3984;11;24.05637;16.3859;3;3;EXTRACT;3;
561.5586;11;24.05637;16.3859;3;2;EXTRACT;2;
562.5234;11;24.05637;16.3859;3;1;EXTRACT;0;
563.2813;11;24.05637;16.3859;3;0;EXTRACT;1;
563.2773;11;24.05637;16.3859;3;0;DESTROYED;;
563.2813;13;1.72591;-41.19535;3;48;CREATED;;
586.3203;9;40.79504;27.21284;3;48;DISCOVER;3;
589.8086;9;40.79504;27.21284;3;47;EXTRACT;3;
591.8164;9;40.79504;27.21284;3;46;EXTRACT;3;
593.7813;9;40.79504;27.21284;3;45;EXTRACT;3;
595.7852;9;40.79504;27.21284;3;44;EXTRACT;3;
597.7891;9;40.79504;27.21284;3;43;EXTRACT;3;
598.75;9;40.79504;27.21284;3;43;DISCOVER;0;
599.7969;9;40.79504;27.21284;3;42;EXTRACT;3;
601.6797;9;40.79504;27.21284;3;41;EXTRACT;0;
601.8008;9;40.79504;27.21284;3;40;EXTRACT;3;
603.6836;9;40.79504;27.21284;3;39;EXTRACT;0;
603.8047;9;40.79504;27.21284;3;38;EXTRACT;3;
605.6875;9;40.79504;27.21284;3;37;EXTRACT;0;
605.8086;9;40.79504;27.21284;3;36;EXTRACT;3;
607.6914;9;40.79504;27.21284;3;35;EXTRACT;0;
607.8086;9;40.79504;27.21284;3;34;EXTRACT;3;
609.6953;9;40.79504;27.21284;3;33;EXTRACT;0;
609.8125;9;40.79504;27.21284;3;32;EXTRACT;3;
610.8945;9;40.79504;27.21284;3;32;DISCOVER;2;
611.6992;9;40.79504;27.21284;3;31;EXTRACT;0;
611.7773;9;40.79504;27.21284;3;30;EXTRACT;3;
613.7031;9;40.79504;27.21284;3;29;EXTRACT;0;
613.7422;9;40.79504;27.21284;3;28;EXTRACT;2;
613.7813;9;40.79504;27.21284;3;27;EXTRACT;3;
615.7031;9;40.79504;27.21284;3;26;EXTRACT;0;
615.7422;9;40.79504;27.21284;3;25;EXTRACT;2;
615.7852;9;40.79504;27.21284;3;24;EXTRACT;3;
617.707;9;40.79504;27.21284;3;23;EXTRACT;0;
617.75;9;40.79504;27.21284;3;22;EXTRACT;2;
617.7891;9;40.79504;27.21284;3;21;EXTRACT;3;
619.7148;9;40.79504;27.21284;3;20;EXTRACT;0;
619.7539;9;40.79504;27.21284;3;19;EXTRACT;2;
619.793;9;40.79504;27.21284;3;18;EXTRACT;3;
621.6758;9;40.79504;27.21284;3;17;EXTRACT;0;
621.7578;9;40.79504;27.21284;3;16;EXTRACT;2;
621.7969;9;40.79504;27.21284;3;15;EXTRACT;3;
623.6836;9;40.79504;27.21284;3;14;EXTRACT;0;
623.7617;9;40.79504;27.21284;3;13;EXTRACT;2;
623.8008;9;40.79504;27.21284;3;12;EXTRACT;3;
625.6875;9;40.79504;27.21284;3;11;EXTRACT;0;
625.7305;9;40.79504;27.21284;3;10;EXTRACT;2;
625.8086;9;40.79504;27.21284;3;9;EXTRACT;3;
627.6914;9;40.79504;27.21284;3;8;EXTRACT;0;
627.7305;9;40.79504;27.21284;3;7;EXTRACT;2;
627.8125;9;40.79504;27.21284;3;6;EXTRACT;3;
629.6953;9;40.79504;27.21284;3;5;EXTRACT;0;
629.7344;9;40.79504;27.21284;3;4;EXTRACT;2;
629.8164;9;40.79504;27.21284;3;3;EXTRACT;3;
631.6992;9;40.79504;27.21284;3;2;EXTRACT;0;
631.7383;9;40.79504;27.21284;3;1;EXTRACT;2;
631.8203;9;40.79504;27.21284;3;0;EXTRACT;3;
631.8008;9;40.79504;27.21284;3;0;DESTROYED;;
631.8203;14;-10.47245;-2.95993;3;48;CREATED;;
656.6055;8;40.45681;39.32223;3;48;DISCOVER;3;
659.6953;8;40.45681;39.32223;3;47;EXTRACT;3;
661.6992;8;40.45681;39.32223;3;46;EXTRACT;3;
663.6641;8;40.45681;39.32223;3;45;EXTRACT;3;
665.668;8;40.45681;39.32223;3;44;EXTRACT;3;
667.6758;8;40.45681;39.32223;3;43;EXTRACT;3;
669.6797;8;40.45681;39.32223;3;42;EXTRACT;3;
671.6836;8;40.45681;39.32223;3;41;EXTRACT;3;
673.6875;8;40.45681;39.32223;3;40;EXTRACT;3;
675.6914;8;40.45681;39.32223;3;39;EXTRACT;3;
677.6992;8;40.45681;39.32223;3;38;EXTRACT;3;
679.6641;8;40.45681;39.32223;3;37;EXTRACT;3;
681.668;8;40.45681;39.32223;3;36;EXTRACT;3;
683.6758;8;40.45681;39.32223;3;35;EXTRACT;3;
685.6797;8;40.45681;39.32223;3;34;EXTRACT;3;
687.6875;8;40.45681;39.32223;3;33;EXTRACT;3;
689.6953;8;40.45681;39.32223;3;32;EXTRACT;3;
691.6992;8;40.45681;39.32223;3;31;EXTRACT;3;
693.6758;8;40.45681;39.32223;3;30;EXTRACT;3;
695.6758;8;40.45681;39.32223;3;29;EXTRACT;3;
697.6797;8;40.45681;39.32223;3;28;EXTRACT;3;
699.6875;8;40.45681;39.32223;3;27;EXTRACT;3;
701.6914;8;40.45681;39.32223;3;26;EXTRACT;3;
703.1367;8;40.45681;39.32223;3;26;DISCOVER;0;
703.6992;8;40.45681;39.32223;3;25;EXTRACT;3;
705.7031;8;40.45681;39.32223;3;24;EXTRACT;3;
706.1406;8;40.45681;39.32223;3;23;EXTRACT;0;
707.7031;8;40.45681;39.32223;3;22;EXTRACT;3;
708.1484;8;40.45681;39.32223;3;21;EXTRACT;0;
709.668;8;40.45681;39.32223;3;20;EXTRACT;3;
710.1484;8;40.45681;39.32223;3;19;EXTRACT;0;
711.6758;8;40.45681;39.32223;3;18;EXTRACT;3;
712.1563;8;40.45681;39.32223;3;17;EXTRACT;0;
713.6758;8;40.45681;39.32223;3;16;EXTRACT;3;
714.1602;8;40.45681;39.32223;3;15;EXTRACT;0;
715.6836;8;40.45681;39.32223;3;14;EXTRACT;3;
716.1641;8;40.45681;39.32223;3;13;EXTRACT;0;
717.0859;8;40.45681;39.32223;3;13;DISCOVER;2;
717.6875;8;40.45681;39.32223;3;12;EXTRACT;3;
718.168;8;40.45681;39.32223;3;11;EXTRACT;0;
719.6953;8;40.45681;39.32223;3;10;EXTRACT;3;
719.8945;8;40.45681;39.32223;3;9;EXTRACT;2;
720.1367;8;40.45681;39.32223;3;8;EXTRACT;0;
