Time;PatchID;PositionX;PositionZ;Radius;CoinAmount;PatchEvent;TriggerPlayer;
0;86;-44.4073;44.31406;3;16;CREATED;;
0;87;5.881809;34.60297;3;16;CREATED;;
0;88;13.47654;-34.49916;3;16;CREATED;;
0;89;-6.322102;12.03712;3;16;CREATED;;
0;90;40.03775;21.15839;3;16;CREATED;;
0;91;41.63795;10.32848;3;16;CREATED;;
0;92;8.693024;-5.360046;3;16;CREATED;;
0;93;0.2021141;-35.32858;3;16;CREATED;;
0;94;10.14508;-18.9212;3;16;CREATED;;
0;95;-41.87599;1.8494;3;16;CREATED;;
0;96;18.81318;38.85392;3;16;CREATED;;
0;97;33.03584;5.141426;3;16;CREATED;;
0;98;-38.66959;-15.78245;3;16;CREATED;;
0;99;-40.7661;-36.55413;3;16;CREATED;;
0;100;18.75195;-40.96451;3;16;CREATED;;
4.239258;95;-41.87599;1.8494;3;16;DISCOVER;2;
7.330078;95;-41.87599;1.8494;3;15;EXTRACT;2;
7.772461;97;33.03584;5.141426;3;16;DISCOVER;3;
9.336914;95;-41.87599;1.8494;3;14;EXTRACT;2;
10.7832;97;33.03584;5.141426;3;15;EXTRACT;3;
11.30664;95;-41.87599;1.8494;3;13;EXTRACT;2;
12.79297;97;33.03584;5.141426;3;14;EXTRACT;3;
13.31445;95;-41.87599;1.8494;3;12;EXTRACT;2;
14.75977;97;33.03584;5.141426;3;13;EXTRACT;3;
15.32031;95;-41.87599;1.8494;3;11;EXTRACT;2;
16.7666;97;33.03584;5.141426;3;12;EXTRACT;3;
17.3291;95;-41.87599;1.8494;3;10;EXTRACT;2;
18.78125;97;33.03584;5.141426;3;11;EXTRACT;3;
19.3291;95;-41.87599;1.8494;3;9;EXTRACT;2;
20.78125;97;33.03584;5.141426;3;10;EXTRACT;3;
21.30273;95;-41.87599;1.8494;3;8;EXTRACT;2;
22.78516;97;33.03584;5.141426;3;9;EXTRACT;3;
23.30762;95;-41.87599;1.8494;3;7;EXTRACT;2;
24.79199;97;33.03584;5.141426;3;8;EXTRACT;3;
25.31445;95;-41.87599;1.8494;3;6;EXTRACT;2;
26.7168;92;8.693024;-5.360046;3;16;DISCOVER;1;
26.75781;97;33.03584;5.141426;3;7;EXTRACT;3;
27.31836;95;-41.87599;1.8494;3;5;EXTRACT;2;
28.76074;97;33.03584;5.141426;3;6;EXTRACT;3;
29.32227;95;-41.87599;1.8494;3;4;EXTRACT;2;
29.84473;92;8.693024;-5.360046;3;15;EXTRACT;1;
30.76855;97;33.03584;5.141426;3;5;EXTRACT;3;
31.33105;95;-41.87599;1.8494;3;3;EXTRACT;2;
31.85156;92;8.693024;-5.360046;3;14;EXTRACT;1;
32.77441;97;33.03584;5.141426;3;4;EXTRACT;3;
33.33496;95;-41.87599;1.8494;3;2;EXTRACT;2;
33.85645;92;8.693024;-5.360046;3;13;EXTRACT;1;
34.7793;97;33.03584;5.141426;3;3;EXTRACT;3;
35.33984;95;-41.87599;1.8494;3;1;EXTRACT;2;
35.86133;92;8.693024;-5.360046;3;12;EXTRACT;1;
36.78418;97;33.03584;5.141426;3;2;EXTRACT;3;
37.30664;95;-41.87599;1.8494;3;0;EXTRACT;2;
37.28027;95;-41.87599;1.8494;3;0;DESTROYED;;
37.30664;101;14.91332;18.1352;3;16;CREATED;;
37.86816;92;8.693024;-5.360046;3;11;EXTRACT;1;
38.79199;97;33.03584;5.141426;3;1;EXTRACT;3;
39.87402;92;8.693024;-5.360046;3;10;EXTRACT;1;
40.75781;97;33.03584;5.141426;3;0;EXTRACT;3;
40.71973;97;33.03584;5.141426;3;0;DESTROYED;;
40.75781;102;-13.76738;16.18377;3;16;CREATED;;
41;86;-44.4073;44.31406;3;16;DISCOVER;0;
41.88086;92;8.693024;-5.360046;3;9;EXTRACT;1;
43.84766;92;8.693024;-5.360046;3;8;EXTRACT;1;
44.04883;86;-44.4073;44.31406;3;15;EXTRACT;0;
45.85156;92;8.693024;-5.360046;3;7;EXTRACT;1;
46.05273;86;-44.4073;44.31406;3;14;EXTRACT;0;
47.85547;92;8.693024;-5.360046;3;6;EXTRACT;1;
48.05566;86;-44.4073;44.31406;3;13;EXTRACT;0;
49.85938;92;8.693024;-5.360046;3;5;EXTRACT;1;
50.05957;86;-44.4073;44.31406;3;12;EXTRACT;0;
51.86523;92;8.693024;-5.360046;3;4;EXTRACT;1;
52.02637;86;-44.4073;44.31406;3;11;EXTRACT;0;
53.86914;92;8.693024;-5.360046;3;3;EXTRACT;1;
54.0293;86;-44.4073;44.31406;3;10;EXTRACT;0;
55.87402;92;8.693024;-5.360046;3;2;EXTRACT;1;
56.03418;86;-44.4073;44.31406;3;9;EXTRACT;0;
57.87988;92;8.693024;-5.360046;3;1;EXTRACT;1;
58.04102;86;-44.4073;44.31406;3;8;EXTRACT;0;
59.8457;92;8.693024;-5.360046;3;0;EXTRACT;1;
59.83984;92;8.693024;-5.360046;3;0;DESTROYED;;
59.8457;103;4.564621;19.84753;3;16;CREATED;;
60.0459;86;-44.4073;44.31406;3;7;EXTRACT;0;
62.05273;86;-44.4073;44.31406;3;6;EXTRACT;0;
63.85938;90;40.03775;21.15839;3;16;DISCOVER;3;
64.05957;86;-44.4073;44.31406;3;5;EXTRACT;0;
66.02539;86;-44.4073;44.31406;3;4;EXTRACT;0;
66.86816;90;40.03775;21.15839;3;15;EXTRACT;3;
68.0332;86;-44.4073;44.31406;3;3;EXTRACT;0;
68.875;90;40.03775;21.15839;3;14;EXTRACT;3;
70.04004;86;-44.4073;44.31406;3;2;EXTRACT;0;
70.8418;90;40.03775;21.15839;3;13;EXTRACT;3;
72.04492;86;-44.4073;44.31406;3;1;EXTRACT;0;
72.84863;90;40.03775;21.15839;3;12;EXTRACT;3;
74.05078;86;-44.4073;44.31406;3;0;EXTRACT;0;
74.04004;86;-44.4073;44.31406;3;0;DESTROYED;;
74.05078;104;27.92278;-32.41324;3;16;CREATED;;
74.85352;90;40.03775;21.15839;3;11;EXTRACT;3;
76.8584;90;40.03775;21.15839;3;10;EXTRACT;3;
78.8623;90;40.03775;21.15839;3;9;EXTRACT;3;
80.86719;90;40.03775;21.15839;3;8;EXTRACT;3;
82.87207;90;40.03775;21.15839;3;7;EXTRACT;3;
84.87793;90;40.03775;21.15839;3;6;EXTRACT;3;
86.84473;90;40.03775;21.15839;3;5;EXTRACT;3;
88.84961;90;40.03775;21.15839;3;4;EXTRACT;3;
90.85547;90;40.03775;21.15839;3;3;EXTRACT;3;
92.8623;90;40.03775;21.15839;3;2;EXTRACT;3;
94.86523;90;40.03775;21.15839;3;1;EXTRACT;3;
96.86914;90;40.03775;21.15839;3;0;EXTRACT;3;
96.83984;90;40.03775;21.15839;3;0;DESTROYED;;
96.86914;105;-32.82505;-10.13716;3;16;CREATED;;
98.39844;102;-13.76738;16.18377;3;16;DISCOVER;0;
101.3252;102;-13.76738;16.18377;3;15;EXTRACT;0;
103.293;102;-13.76738;16.18377;3;14;EXTRACT;0;
103.8154;88;13.47654;-34.49916;3;16;DISCOVER;1;
105.3008;102;-13.76738;16.18377;3;13;EXTRACT;0;
107.0645;88;13.47654;-34.49916;3;15;EXTRACT;1;
107.3047;102;-13.76738;16.18377;3;12;EXTRACT;0;
109.0684;88;13.47654;-34.49916;3;14;EXTRACT;1;
109.3096;102;-13.76738;16.18377;3;11;EXTRACT;0;
111.0723;88;13.47654;-34.49916;3;13;EXTRACT;1;
111.3125;102;-13.76738;16.18377;3;10;EXTRACT;0;
113.0781;88;13.47654;-34.49916;3;12;EXTRACT;1;
113.3184;102;-13.76738;16.18377;3;9;EXTRACT;0;
114.6396;96;18.81318;38.85392;3;16;DISCOVER;2;
115.0811;88;13.47654;-34.49916;3;11;EXTRACT;1;
115.3213;102;-13.76738;16.18377;3;8;EXTRACT;0;
117.084;88;13.47654;-34.49916;3;10;EXTRACT;1;
117.3252;102;-13.76738;16.18377;3;7;EXTRACT;0;
118.4902;96;18.81318;38.85392;3;15;EXTRACT;2;
119.0928;88;13.47654;-34.49916;3;9;EXTRACT;1;
119.293;102;-13.76738;16.18377;3;6;EXTRACT;0;
120.4961;96;18.81318;38.85392;3;14;EXTRACT;2;
121.0977;88;13.47654;-34.49916;3;8;EXTRACT;1;
121.2969;102;-13.76738;16.18377;3;5;EXTRACT;0;
122.502;96;18.81318;38.85392;3;13;EXTRACT;2;
123.0625;88;13.47654;-34.49916;3;7;EXTRACT;1;
123.3037;102;-13.76738;16.18377;3;4;EXTRACT;0;
124.5068;96;18.81318;38.85392;3;12;EXTRACT;2;
125.0703;88;13.47654;-34.49916;3;6;EXTRACT;1;
125.3105;102;-13.76738;16.18377;3;3;EXTRACT;0;
126.5127;96;18.81318;38.85392;3;11;EXTRACT;2;
127.0742;88;13.47654;-34.49916;3;5;EXTRACT;1;
127.3145;102;-13.76738;16.18377;3;2;EXTRACT;0;
127.876;96;18.81318;38.85392;3;11;DISCOVER;3;
128.5176;96;18.81318;38.85392;3;10;EXTRACT;2;
129.0791;88;13.47654;-34.49916;3;4;EXTRACT;1;
129.3193;102;-13.76738;16.18377;3;1;EXTRACT;0;
130.5205;96;18.81318;38.85392;3;9;EXTRACT;2;
130.9209;96;18.81318;38.85392;3;8;EXTRACT;3;
131.0811;88;13.47654;-34.49916;3;3;EXTRACT;1;
131.3203;102;-13.76738;16.18377;3;0;EXTRACT;0;
131.3203;102;-13.76738;16.18377;3;0;DESTROYED;;
131.3203;106;36.38071;-21.69811;3;16;CREATED;;
132.5234;96;18.81318;38.85392;3;7;EXTRACT;2;
132.9238;96;18.81318;38.85392;3;6;EXTRACT;3;
133.084;88;13.47654;-34.49916;3;2;EXTRACT;1;
134.5273;96;18.81318;38.85392;3;5;EXTRACT;2;
134.9297;96;18.81318;38.85392;3;4;EXTRACT;3;
135.0898;88;13.47654;-34.49916;3;1;EXTRACT;1;
136.5313;96;18.81318;38.85392;3;3;EXTRACT;2;
136.9316;96;18.81318;38.85392;3;2;EXTRACT;3;
137.0918;88;13.47654;-34.49916;3;0;EXTRACT;1;
137.0801;88;13.47654;-34.49916;3;0;DESTROYED;;
137.0918;107;-1.389206;30.72539;3;16;CREATED;;
138.5352;96;18.81318;38.85392;3;1;EXTRACT;2;
138.9375;96;18.81318;38.85392;3;0;EXTRACT;3;
138.9199;96;18.81318;38.85392;3;0;DESTROYED;;
138.9375;108;25.22688;-3.655525;3;16;CREATED;;
146.5098;93;0.2021141;-35.32858;3;16;DISCOVER;1;
149.5557;93;0.2021141;-35.32858;3;15;EXTRACT;1;
151.5615;93;0.2021141;-35.32858;3;14;EXTRACT;1;
153.5674;93;0.2021141;-35.32858;3;13;EXTRACT;1;
155.5303;93;0.2021141;-35.32858;3;12;EXTRACT;1;
157.5332;93;0.2021141;-35.32858;3;11;EXTRACT;1;
159.2588;101;14.91332;18.1352;3;16;DISCOVER;2;
159.5391;93;0.2021141;-35.32858;3;10;EXTRACT;1;
161.542;93;0.2021141;-35.32858;3;9;EXTRACT;1;
162.2637;101;14.91332;18.1352;3;15;EXTRACT;2;
163.5469;93;0.2021141;-35.32858;3;8;EXTRACT;1;
164.1484;94;10.14508;-18.9212;3;16;DISCOVER;0;
164.2686;101;14.91332;18.1352;3;14;EXTRACT;2;
164.6289;101;14.91332;18.1352;3;14;DISCOVER;3;
165.5498;93;0.2021141;-35.32858;3;7;EXTRACT;1;
166.2715;101;14.91332;18.1352;3;13;EXTRACT;2;
167.0732;101;14.91332;18.1352;3;12;EXTRACT;3;
167.3135;94;10.14508;-18.9212;3;15;EXTRACT;0;
167.5537;93;0.2021141;-35.32858;3;6;EXTRACT;1;
168.2754;101;14.91332;18.1352;3;11;EXTRACT;2;
169.0762;101;14.91332;18.1352;3;10;EXTRACT;3;
169.3164;94;10.14508;-18.9212;3;14;EXTRACT;0;
169.5566;93;0.2021141;-35.32858;3;5;EXTRACT;1;
170.2783;101;14.91332;18.1352;3;9;EXTRACT;2;
171.0781;101;14.91332;18.1352;3;8;EXTRACT;3;
171.2793;94;10.14508;-18.9212;3;13;EXTRACT;0;
171.5605;93;0.2021141;-35.32858;3;4;EXTRACT;1;
172.2813;101;14.91332;18.1352;3;7;EXTRACT;2;
173.082;101;14.91332;18.1352;3;6;EXTRACT;3;
173.2842;94;10.14508;-18.9212;3;12;EXTRACT;0;
173.5635;93;0.2021141;-35.32858;3;3;EXTRACT;1;
174.2852;101;14.91332;18.1352;3;5;EXTRACT;2;
175.0898;101;14.91332;18.1352;3;4;EXTRACT;3;
175.29;94;10.14508;-18.9212;3;11;EXTRACT;0;
175.5303;93;0.2021141;-35.32858;3;2;EXTRACT;1;
176.291;101;14.91332;18.1352;3;3;EXTRACT;2;
177.0928;101;14.91332;18.1352;3;2;EXTRACT;3;
177.2939;94;10.14508;-18.9212;3;10;EXTRACT;0;
177.5342;93;0.2021141;-35.32858;3;1;EXTRACT;1;
178.2949;101;14.91332;18.1352;3;1;EXTRACT;2;
179.0957;101;14.91332;18.1352;3;0;EXTRACT;3;
179.0801;101;14.91332;18.1352;3;0;DESTROYED;;
179.0957;109;-27.81527;28.53812;3;16;CREATED;;
179.2959;94;10.14508;-18.9212;3;9;EXTRACT;0;
179.5361;93;0.2021141;-35.32858;3;0;EXTRACT;1;
179.5205;93;0.2021141;-35.32858;3;0;DESTROYED;;
179.5361;110;16.18173;34.4746;3;16;CREATED;;
181.2979;94;10.14508;-18.9212;3;8;EXTRACT;0;
183.3027;94;10.14508;-18.9212;3;7;EXTRACT;0;
185.3096;94;10.14508;-18.9212;3;6;EXTRACT;0;
186.3906;103;4.564621;19.84753;3;16;DISCOVER;3;
187.3145;94;10.14508;-18.9212;3;5;EXTRACT;0;
189.2764;103;4.564621;19.84753;3;15;EXTRACT;3;
189.3164;94;10.14508;-18.9212;3;4;EXTRACT;0;
191.2822;103;4.564621;19.84753;3;14;EXTRACT;3;
191.2822;94;10.14508;-18.9212;3;3;EXTRACT;0;
193.29;103;4.564621;19.84753;3;13;EXTRACT;3;
193.29;94;10.14508;-18.9212;3;2;EXTRACT;0;
194.334;94;10.14508;-18.9212;3;2;DISCOVER;1;
195.2949;103;4.564621;19.84753;3;12;EXTRACT;3;
195.2949;94;10.14508;-18.9212;3;1;EXTRACT;0;
197.0625;94;10.14508;-18.9212;3;0;EXTRACT;1;
197.04;94;10.14508;-18.9212;3;0;DESTROYED;;
197.0625;111;-20.15766;-0.7982101;3;16;CREATED;;
197.2637;103;4.564621;19.84753;3;11;EXTRACT;3;
199.2715;103;4.564621;19.84753;3;10;EXTRACT;3;
201.2754;103;4.564621;19.84753;3;9;EXTRACT;3;
203.2793;103;4.564621;19.84753;3;8;EXTRACT;3;
204.2422;103;4.564621;19.84753;3;8;DISCOVER;2;
205.2891;103;4.564621;19.84753;3;7;EXTRACT;3;
207.2549;103;4.564621;19.84753;3;6;EXTRACT;2;
207.2939;103;4.564621;19.84753;3;5;EXTRACT;3;
209.2578;103;4.564621;19.84753;3;4;EXTRACT;2;
209.2979;103;4.564621;19.84753;3;3;EXTRACT;3;
211.2627;103;4.564621;19.84753;3;2;EXTRACT;2;
211.3027;103;4.564621;19.84753;3;1;EXTRACT;3;
212.0654;104;27.92278;-32.41324;3;16;DISCOVER;0;
213.2715;103;4.564621;19.84753;3;0;EXTRACT;2;
213.2402;103;4.564621;19.84753;3;0;DESTROYED;;
213.2715;112;-29.79077;44.23387;3;16;CREATED;;
214.9541;104;27.92278;-32.41324;3;15;EXTRACT;0;
216.9609;104;27.92278;-32.41324;3;14;EXTRACT;0;
218.9639;104;27.92278;-32.41324;3;13;EXTRACT;0;
220.9668;104;27.92278;-32.41324;3;12;EXTRACT;0;
222.9307;104;27.92278;-32.41324;3;11;EXTRACT;0;
224.9355;104;27.92278;-32.41324;3;10;EXTRACT;0;
226.9404;104;27.92278;-32.41324;3;9;EXTRACT;0;
228.9443;104;27.92278;-32.41324;3;8;EXTRACT;0;
229.3037;89;-6.322102;12.03712;3;16;DISCOVER;3;
230.9463;104;27.92278;-32.41324;3;7;EXTRACT;0;
232.3105;89;-6.322102;12.03712;3;15;EXTRACT;3;
232.9521;104;27.92278;-32.41324;3;6;EXTRACT;0;
234.3154;89;-6.322102;12.03712;3;14;EXTRACT;3;
234.9561;104;27.92278;-32.41324;3;5;EXTRACT;0;
236.3184;89;-6.322102;12.03712;3;13;EXTRACT;3;
236.9609;104;27.92278;-32.41324;3;4;EXTRACT;0;
238.2842;89;-6.322102;12.03712;3;12;EXTRACT;3;
238.9658;104;27.92278;-32.41324;3;3;EXTRACT;0;
240.2871;89;-6.322102;12.03712;3;11;EXTRACT;3;
240.9697;104;27.92278;-32.41324;3;2;EXTRACT;0;
242.2959;89;-6.322102;12.03712;3;10;EXTRACT;3;
242.9766;104;27.92278;-32.41324;3;1;EXTRACT;0;
244.2979;89;-6.322102;12.03712;3;9;EXTRACT;3;
244.9795;104;27.92278;-32.41324;3;0;EXTRACT;0;
244.96;104;27.92278;-32.41324;3;0;DESTROYED;;
244.9795;113;-43.84551;-41.72622;3;16;CREATED;;
246.3037;89;-6.322102;12.03712;3;8;EXTRACT;3;
248.1885;105;-32.82505;-10.13716;3;16;DISCOVER;1;
248.3096;89;-6.322102;12.03712;3;7;EXTRACT;3;
250.3125;89;-6.322102;12.03712;3;6;EXTRACT;3;
251.3145;105;-32.82505;-10.13716;3;15;EXTRACT;1;
252.3174;89;-6.322102;12.03712;3;5;EXTRACT;3;
253.3213;105;-32.82505;-10.13716;3;14;EXTRACT;1;
254.2832;89;-6.322102;12.03712;3;4;EXTRACT;3;
255.3242;105;-32.82505;-10.13716;3;13;EXTRACT;1;
256.2871;89;-6.322102;12.03712;3;3;EXTRACT;3;
257.3291;105;-32.82505;-10.13716;3;12;EXTRACT;1;
258.291;89;-6.322102;12.03712;3;2;EXTRACT;3;
259.333;105;-32.82505;-10.13716;3;11;EXTRACT;1;
260.2949;89;-6.322102;12.03712;3;1;EXTRACT;3;
261.3359;105;-32.82505;-10.13716;3;10;EXTRACT;1;
262.2988;89;-6.322102;12.03712;3;0;EXTRACT;3;
262.2803;89;-6.322102;12.03712;3;0;DESTROYED;;
262.2988;114;-20.86483;-44.27018;3;16;CREATED;;
263.3408;105;-32.82505;-10.13716;3;9;EXTRACT;1;
265.3438;105;-32.82505;-10.13716;3;8;EXTRACT;1;
267.3477;105;-32.82505;-10.13716;3;7;EXTRACT;1;
269.3516;105;-32.82505;-10.13716;3;6;EXTRACT;1;
271.3545;105;-32.82505;-10.13716;3;5;EXTRACT;1;
273.3633;105;-32.82505;-10.13716;3;4;EXTRACT;1;
274.7656;100;18.75195;-40.96451;3;16;DISCOVER;0;
275.3652;105;-32.82505;-10.13716;3;3;EXTRACT;1;
276.9707;114;-20.86483;-44.27018;3;16;DISCOVER;2;
277.3711;105;-32.82505;-10.13716;3;2;EXTRACT;1;
277.5713;111;-20.15766;-0.7982101;3;16;DISCOVER;3;
277.6523;100;18.75195;-40.96451;3;15;EXTRACT;0;
279.335;105;-32.82505;-10.13716;3;1;EXTRACT;1;
279.6543;100;18.75195;-40.96451;3;14;EXTRACT;0;
280.2959;114;-20.86483;-44.27018;3;15;EXTRACT;2;
280.416;111;-20.15766;-0.7982101;3;15;EXTRACT;3;
281.3389;105;-32.82505;-10.13716;3;0;EXTRACT;1;
281.3203;105;-32.82505;-10.13716;3;0;DESTROYED;;
281.3389;115;-5.592678;8.343155;3;16;CREATED;;
281.6582;100;18.75195;-40.96451;3;13;EXTRACT;0;
282.2998;114;-20.86483;-44.27018;3;14;EXTRACT;2;
282.4199;111;-20.15766;-0.7982101;3;14;EXTRACT;3;
283.6631;100;18.75195;-40.96451;3;12;EXTRACT;0;
284.3057;114;-20.86483;-44.27018;3;13;EXTRACT;2;
284.3857;111;-20.15766;-0.7982101;3;13;EXTRACT;3;
285.6689;100;18.75195;-40.96451;3;11;EXTRACT;0;
286.3096;114;-20.86483;-44.27018;3;12;EXTRACT;2;
286.3896;111;-20.15766;-0.7982101;3;12;EXTRACT;3;
287.6729;100;18.75195;-40.96451;3;10;EXTRACT;0;
288.3135;114;-20.86483;-44.27018;3;11;EXTRACT;2;
288.3936;111;-20.15766;-0.7982101;3;11;EXTRACT;3;
289.6748;100;18.75195;-40.96451;3;9;EXTRACT;0;
290.3164;114;-20.86483;-44.27018;3;10;EXTRACT;2;
290.3965;111;-20.15766;-0.7982101;3;10;EXTRACT;3;
291.6797;100;18.75195;-40.96451;3;8;EXTRACT;0;
292.3232;114;-20.86483;-44.27018;3;9;EXTRACT;2;
292.4033;111;-20.15766;-0.7982101;3;9;EXTRACT;3;
293.1641;111;-20.15766;-0.7982101;3;9;DISCOVER;1;
293.6846;100;18.75195;-40.96451;3;7;EXTRACT;0;
294.3262;114;-20.86483;-44.27018;3;8;EXTRACT;2;
294.4063;111;-20.15766;-0.7982101;3;8;EXTRACT;3;
295.6885;100;18.75195;-40.96451;3;6;EXTRACT;0;
295.8887;111;-20.15766;-0.7982101;3;7;EXTRACT;1;
296.3281;114;-20.86483;-44.27018;3;7;EXTRACT;2;
296.4082;111;-20.15766;-0.7982101;3;6;EXTRACT;3;
297.6494;100;18.75195;-40.96451;3;5;EXTRACT;0;
297.8896;111;-20.15766;-0.7982101;3;5;EXTRACT;1;
298.3301;114;-20.86483;-44.27018;3;6;EXTRACT;2;
298.4102;111;-20.15766;-0.7982101;3;4;EXTRACT;3;
299.6514;100;18.75195;-40.96451;3;4;EXTRACT;0;
299.8516;111;-20.15766;-0.7982101;3;3;EXTRACT;1;
300.332;114;-20.86483;-44.27018;3;5;EXTRACT;2;
300.4131;111;-20.15766;-0.7982101;3;2;EXTRACT;3;
301.6533;100;18.75195;-40.96451;3;3;EXTRACT;0;
301.8545;111;-20.15766;-0.7982101;3;1;EXTRACT;1;
302.2959;114;-20.86483;-44.27018;3;4;EXTRACT;2;
302.416;111;-20.15766;-0.7982101;3;0;EXTRACT;3;
302.4004;111;-20.15766;-0.7982101;3;0;DESTROYED;;
302.416;116;-4.972542;-3.596699;3;16;CREATED;;
303.6572;100;18.75195;-40.96451;3;2;EXTRACT;0;
304.2998;114;-20.86483;-44.27018;3;3;EXTRACT;2;
305.666;100;18.75195;-40.96451;3;1;EXTRACT;0;
306.3076;114;-20.86483;-44.27018;3;2;EXTRACT;2;
307.6709;100;18.75195;-40.96451;3;0;EXTRACT;0;
307.6406;100;18.75195;-40.96451;3;0;DESTROYED;;
307.6709;117;26.53426;-42.92389;3;16;CREATED;;
308.3135;114;-20.86483;-44.27018;3;1;EXTRACT;2;
310.3164;114;-20.86483;-44.27018;3;0;EXTRACT;2;
310.2803;114;-20.86483;-44.27018;3;0;DESTROYED;;
310.3164;118;3.687935;-21.69846;3;16;CREATED;;
336.3027;99;-40.7661;-36.55413;3;16;DISCOVER;2;
339.5508;99;-40.7661;-36.55413;3;15;EXTRACT;2;
341.5195;99;-40.7661;-36.55413;3;14;EXTRACT;2;
343.5273;99;-40.7661;-36.55413;3;13;EXTRACT;2;
345.5332;99;-40.7661;-36.55413;3;13;DISCOVER;0;
345.5332;99;-40.7661;-36.55413;3;12;EXTRACT;2;
347.5371;99;-40.7661;-36.55413;3;11;EXTRACT;2;
348.5801;99;-40.7661;-36.55413;3;10;EXTRACT;0;
349.5449;99;-40.7661;-36.55413;3;9;EXTRACT;2;
350.5869;99;-40.7661;-36.55413;3;8;EXTRACT;0;
350.9072;109;-27.81527;28.53812;3;16;DISCOVER;3;
351.5488;99;-40.7661;-36.55413;3;7;EXTRACT;2;
352.5908;99;-40.7661;-36.55413;3;6;EXTRACT;0;
353.5518;99;-40.7661;-36.55413;3;5;EXTRACT;2;
353.792;109;-27.81527;28.53812;3;15;EXTRACT;3;
354.5537;99;-40.7661;-36.55413;3;4;EXTRACT;0;
355.5146;99;-40.7661;-36.55413;3;3;EXTRACT;2;
355.7949;109;-27.81527;28.53812;3;14;EXTRACT;3;
356.5576;99;-40.7661;-36.55413;3;2;EXTRACT;0;
357.5186;99;-40.7661;-36.55413;3;1;EXTRACT;2;
357.8008;109;-27.81527;28.53812;3;13;EXTRACT;3;
358.5615;99;-40.7661;-36.55413;3;0;EXTRACT;0;
358.5605;99;-40.7661;-36.55413;3;0;DESTROYED;;
358.5615;119;-14.05248;3.372337;3;16;CREATED;;
359.8047;109;-27.81527;28.53812;3;12;EXTRACT;3;
361.8086;109;-27.81527;28.53812;3;11;EXTRACT;3;
363.5342;109;-27.81527;28.53812;3;11;DISCOVER;1;
363.8154;109;-27.81527;28.53812;3;10;EXTRACT;3;
365.8223;109;-27.81527;28.53812;3;9;EXTRACT;3;
366.1426;109;-27.81527;28.53812;3;8;EXTRACT;1;
367.7861;109;-27.81527;28.53812;3;7;EXTRACT;3;
368.1465;109;-27.81527;28.53812;3;6;EXTRACT;1;
369.7881;109;-27.81527;28.53812;3;5;EXTRACT;3;
370.1504;109;-27.81527;28.53812;3;4;EXTRACT;1;
371.7949;109;-27.81527;28.53812;3;3;EXTRACT;3;
372.1553;109;-27.81527;28.53812;3;2;EXTRACT;1;
373.7998;109;-27.81527;28.53812;3;1;EXTRACT;3;
374.1201;109;-27.81527;28.53812;3;0;EXTRACT;1;
374.1201;109;-27.81527;28.53812;3;0;DESTROYED;;
374.1201;120;-13.54256;-18.20721;3;16;CREATED;;
379.6982;98;-38.66959;-15.78245;3;16;DISCOVER;2;
382.748;98;-38.66959;-15.78245;3;15;EXTRACT;2;
384.751;98;-38.66959;-15.78245;3;14;EXTRACT;2;
386.4365;120;-13.54256;-18.20721;3;16;DISCOVER;0;
386.7568;98;-38.66959;-15.78245;3;13;EXTRACT;2;
388.7598;98;-38.66959;-15.78245;3;12;EXTRACT;2;
389.4414;120;-13.54256;-18.20721;3;15;EXTRACT;0;
390.7637;98;-38.66959;-15.78245;3;11;EXTRACT;2;
390.8848;115;-5.592678;8.343155;3;16;DISCOVER;3;
391.4463;120;-13.54256;-18.20721;3;14;EXTRACT;0;
392.7705;98;-38.66959;-15.78245;3;10;EXTRACT;2;
393.4521;120;-13.54256;-18.20721;3;13;EXTRACT;0;
393.7324;115;-5.592678;8.343155;3;15;EXTRACT;3;
394.7344;98;-38.66959;-15.78245;3;9;EXTRACT;2;
395.335;87;5.881809;34.60297;3;16;DISCOVER;1;
395.4551;120;-13.54256;-18.20721;3;12;EXTRACT;0;
395.7363;115;-5.592678;8.343155;3;14;EXTRACT;3;
396.7363;98;-38.66959;-15.78245;3;8;EXTRACT;2;
397.4561;120;-13.54256;-18.20721;3;11;EXTRACT;0;
397.7363;115;-5.592678;8.343155;3;13;EXTRACT;3;
398.3379;87;5.881809;34.60297;3;15;EXTRACT;1;
398.7383;98;-38.66959;-15.78245;3;7;EXTRACT;2;
399.459;120;-13.54256;-18.20721;3;10;EXTRACT;0;
399.7402;115;-5.592678;8.343155;3;12;EXTRACT;3;
400.3418;87;5.881809;34.60297;3;14;EXTRACT;1;
400.7432;98;-38.66959;-15.78245;3;6;EXTRACT;2;
401.4639;120;-13.54256;-18.20721;3;9;EXTRACT;0;
401.7441;115;-5.592678;8.343155;3;11;EXTRACT;3;
402.3447;87;5.881809;34.60297;3;13;EXTRACT;1;
402.7451;98;-38.66959;-15.78245;3;5;EXTRACT;2;
403.4658;120;-13.54256;-18.20721;3;8;EXTRACT;0;
403.7061;115;-5.592678;8.343155;3;10;EXTRACT;3;
404.3467;87;5.881809;34.60297;3;12;EXTRACT;1;
404.748;98;-38.66959;-15.78245;3;4;EXTRACT;2;
405.4697;120;-13.54256;-18.20721;3;7;EXTRACT;0;
405.7109;115;-5.592678;8.343155;3;9;EXTRACT;3;
406.3516;87;5.881809;34.60297;3;11;EXTRACT;1;
406.751;98;-38.66959;-15.78245;3;3;EXTRACT;2;
407.4717;120;-13.54256;-18.20721;3;6;EXTRACT;0;
407.7129;115;-5.592678;8.343155;3;8;EXTRACT;3;
408.3545;87;5.881809;34.60297;3;10;EXTRACT;1;
408.7559;98;-38.66959;-15.78245;3;2;EXTRACT;2;
409.4775;120;-13.54256;-18.20721;3;5;EXTRACT;0;
409.7188;115;-5.592678;8.343155;3;7;EXTRACT;3;
410.3584;87;5.881809;34.60297;3;9;EXTRACT;1;
410.7588;98;-38.66959;-15.78245;3;1;EXTRACT;2;
411.4404;120;-13.54256;-18.20721;3;4;EXTRACT;0;
411.7207;115;-5.592678;8.343155;3;6;EXTRACT;3;
412.3623;87;5.881809;34.60297;3;8;EXTRACT;1;
412.7637;98;-38.66959;-15.78245;3;0;EXTRACT;2;
412.7598;98;-38.66959;-15.78245;3;0;DESTROYED;;
412.7637;121;3.551723;-0.7811928;3;16;CREATED;;
413.4443;120;-13.54256;-18.20721;3;3;EXTRACT;0;
413.7246;115;-5.592678;8.343155;3;5;EXTRACT;3;
414.3652;87;5.881809;34.60297;3;7;EXTRACT;1;
415.4502;120;-13.54256;-18.20721;3;2;EXTRACT;0;
415.7314;115;-5.592678;8.343155;3;4;EXTRACT;3;
416.3711;87;5.881809;34.60297;3;6;EXTRACT;1;
417.4531;120;-13.54256;-18.20721;3;1;EXTRACT;0;
417.7344;115;-5.592678;8.343155;3;3;EXTRACT;3;
418.374;87;5.881809;34.60297;3;5;EXTRACT;1;
419.457;120;-13.54256;-18.20721;3;0;EXTRACT;0;
419.4404;120;-13.54256;-18.20721;3;0;DESTROYED;;
419.457;122;-42.94771;29.32269;3;16;CREATED;;
419.7373;115;-5.592678;8.343155;3;2;EXTRACT;3;
420.3398;87;5.881809;34.60297;3;4;EXTRACT;1;
421.7422;115;-5.592678;8.343155;3;1;EXTRACT;3;
422.3438;87;5.881809;34.60297;3;3;EXTRACT;1;
423.7461;115;-5.592678;8.343155;3;0;EXTRACT;3;
423.7197;115;-5.592678;8.343155;3;0;DESTROYED;;
423.7461;123;-29.72295;18.25634;3;16;CREATED;;
424.3477;87;5.881809;34.60297;3;2;EXTRACT;1;
426.3516;87;5.881809;34.60297;3;1;EXTRACT;1;
428.3574;87;5.881809;34.60297;3;0;EXTRACT;1;
428.3203;87;5.881809;34.60297;3;0;DESTROYED;;
428.3574;124;38.64546;-37.18534;3;16;CREATED;;
434.9756;116;-4.972542;-3.596699;3;16;DISCOVER;0;
435.7363;121;3.551723;-0.7811928;3;16;DISCOVER;3;
435.9766;110;16.18173;34.4746;3;16;DISCOVER;1;
437.9414;116;-4.972542;-3.596699;3;15;EXTRACT;0;
438.9043;110;16.18173;34.4746;3;15;EXTRACT;1;
438.9844;121;3.551723;-0.7811928;3;15;EXTRACT;3;
439.9063;116;-4.972542;-3.596699;3;14;EXTRACT;0;
440.9102;110;16.18173;34.4746;3;14;EXTRACT;1;
440.9902;121;3.551723;-0.7811928;3;14;EXTRACT;3;
441.9111;116;-4.972542;-3.596699;3;13;EXTRACT;0;
442.9131;110;16.18173;34.4746;3;13;EXTRACT;1;
442.9932;121;3.551723;-0.7811928;3;13;EXTRACT;3;
443.917;116;-4.972542;-3.596699;3;12;EXTRACT;0;
444.918;110;16.18173;34.4746;3;12;EXTRACT;1;
444.958;121;3.551723;-0.7811928;3;12;EXTRACT;3;
445.9209;116;-4.972542;-3.596699;3;11;EXTRACT;0;
446.9219;110;16.18173;34.4746;3;11;EXTRACT;1;
446.9629;121;3.551723;-0.7811928;3;11;EXTRACT;3;
447.9238;116;-4.972542;-3.596699;3;10;EXTRACT;0;
448.9268;110;16.18173;34.4746;3;10;EXTRACT;1;
448.9668;121;3.551723;-0.7811928;3;10;EXTRACT;3;
449.9277;116;-4.972542;-3.596699;3;9;EXTRACT;0;
450.9287;110;16.18173;34.4746;3;9;EXTRACT;1;
450.9688;121;3.551723;-0.7811928;3;9;EXTRACT;3;
451.9307;116;-4.972542;-3.596699;3;8;EXTRACT;0;
452.8936;110;16.18173;34.4746;3;8;EXTRACT;1;
452.9736;121;3.551723;-0.7811928;3;8;EXTRACT;3;
453.9346;116;-4.972542;-3.596699;3;7;EXTRACT;0;
454.8965;110;16.18173;34.4746;3;7;EXTRACT;1;
454.9756;121;3.551723;-0.7811928;3;7;EXTRACT;3;
455.9395;116;-4.972542;-3.596699;3;6;EXTRACT;0;
456.9004;110;16.18173;34.4746;3;6;EXTRACT;1;
456.9805;121;3.551723;-0.7811928;3;6;EXTRACT;3;
457.9443;116;-4.972542;-3.596699;3;5;EXTRACT;0;
458.9053;110;16.18173;34.4746;3;5;EXTRACT;1;
458.9854;121;3.551723;-0.7811928;3;5;EXTRACT;3;
459.9072;116;-4.972542;-3.596699;3;4;EXTRACT;0;
460.9111;110;16.18173;34.4746;3;4;EXTRACT;1;
460.9922;121;3.551723;-0.7811928;3;4;EXTRACT;3;
461.9209;116;-4.972542;-3.596699;3;3;EXTRACT;0;
462.9229;110;16.18173;34.4746;3;3;EXTRACT;1;
462.9619;121;3.551723;-0.7811928;3;3;EXTRACT;3;
463.9238;116;-4.972542;-3.596699;3;2;EXTRACT;0;
464.9277;110;16.18173;34.4746;3;2;EXTRACT;1;
464.9697;121;3.551723;-0.7811928;3;2;EXTRACT;3;
465.9307;116;-4.972542;-3.596699;3;1;EXTRACT;0;
466.9336;110;16.18173;34.4746;3;1;EXTRACT;1;
466.9736;121;3.551723;-0.7811928;3;1;EXTRACT;3;
467.9346;116;-4.972542;-3.596699;3;0;EXTRACT;0;
467.9199;116;-4.972542;-3.596699;3;0;DESTROYED;;
467.9346;125;7.964966;-13.23864;3;16;CREATED;;
468.9375;110;16.18173;34.4746;3;0;EXTRACT;1;
468.9199;110;16.18173;34.4746;3;0;DESTROYED;;
468.9375;126;31.33592;12.45605;3;16;CREATED;;
468.9785;121;3.551723;-0.7811928;3;0;EXTRACT;3;
468.96;121;3.551723;-0.7811928;3;0;DESTROYED;;
468.9785;127;20.06672;8.773403;3;16;CREATED;;
479.6367;127;20.06672;8.773403;3;16;DISCOVER;2;
482.8037;127;20.06672;8.773403;3;15;EXTRACT;2;
484.8066;127;20.06672;8.773403;3;14;EXTRACT;2;
486.7725;127;20.06672;8.773403;3;13;EXTRACT;2;
488.8193;127;20.06672;8.773403;3;12;EXTRACT;2;
490.3428;119;-14.05248;3.372337;3;16;DISCOVER;3;
490.8252;127;20.06672;8.773403;3;11;EXTRACT;2;
492.791;127;20.06672;8.773403;3;10;EXTRACT;2;
493.1924;119;-14.05248;3.372337;3;15;EXTRACT;3;
494.7988;127;20.06672;8.773403;3;9;EXTRACT;2;
495.1992;119;-14.05248;3.372337;3;14;EXTRACT;3;
496.001;119;-14.05248;3.372337;3;14;DISCOVER;0;
496.8027;127;20.06672;8.773403;3;8;EXTRACT;2;
497.2041;119;-14.05248;3.372337;3;13;EXTRACT;3;
498.8125;127;20.06672;8.773403;3;7;EXTRACT;2;
498.8525;119;-14.05248;3.372337;3;12;EXTRACT;0;
499.2129;119;-14.05248;3.372337;3;11;EXTRACT;3;
500.8203;127;20.06672;8.773403;3;6;EXTRACT;2;
500.8594;119;-14.05248;3.372337;3;10;EXTRACT;0;
501.2207;119;-14.05248;3.372337;3;9;EXTRACT;3;
501.8223;126;31.33592;12.45605;3;16;DISCOVER;1;
502.8242;127;20.06672;8.773403;3;5;EXTRACT;2;
502.8643;119;-14.05248;3.372337;3;8;EXTRACT;0;
503.2246;119;-14.05248;3.372337;3;7;EXTRACT;3;
504.7861;127;20.06672;8.773403;3;4;EXTRACT;2;
504.8262;119;-14.05248;3.372337;3;6;EXTRACT;0;
505.2266;119;-14.05248;3.372337;3;5;EXTRACT;3;
505.4268;126;31.33592;12.45605;3;15;EXTRACT;1;
506.79;127;20.06672;8.773403;3;3;EXTRACT;2;
506.8301;119;-14.05248;3.372337;3;4;EXTRACT;0;
507.2314;119;-14.05248;3.372337;3;3;EXTRACT;3;
507.3926;126;31.33592;12.45605;3;14;EXTRACT;1;
508.7969;127;20.06672;8.773403;3;2;EXTRACT;2;
508.8369;119;-14.05248;3.372337;3;2;EXTRACT;0;
509.1973;119;-14.05248;3.372337;3;1;EXTRACT;3;
509.3975;126;31.33592;12.45605;3;13;EXTRACT;1;
510.8027;127;20.06672;8.773403;3;1;EXTRACT;2;
510.8428;119;-14.05248;3.372337;3;0;EXTRACT;0;
510.8398;119;-14.05248;3.372337;3;0;DESTROYED;;
510.8428;128;2.446556;39.21176;3;16;CREATED;;
511.4043;126;31.33592;12.45605;3;12;EXTRACT;1;
512.8066;127;20.06672;8.773403;3;0;EXTRACT;2;
512.7998;127;20.06672;8.773403;3;0;DESTROYED;;
512.8066;129;-29.00068;-44.77091;3;16;CREATED;;
513.4102;126;31.33592;12.45605;3;11;EXTRACT;1;
515.415;126;31.33592;12.45605;3;10;EXTRACT;1;
517.4189;126;31.33592;12.45605;3;9;EXTRACT;1;
519.4268;126;31.33592;12.45605;3;8;EXTRACT;1;
521.3926;126;31.33592;12.45605;3;7;EXTRACT;1;
521.6328;126;31.33592;12.45605;3;7;DISCOVER;2;
523.3984;126;31.33592;12.45605;3;6;EXTRACT;1;
524.5205;126;31.33592;12.45605;3;5;EXTRACT;2;
525.4033;126;31.33592;12.45605;3;4;EXTRACT;1;
526.5254;126;31.33592;12.45605;3;3;EXTRACT;2;
527.4072;126;31.33592;12.45605;3;2;EXTRACT;1;
528.5303;126;31.33592;12.45605;3;1;EXTRACT;2;
529.4121;126;31.33592;12.45605;3;0;EXTRACT;1;
529.4004;126;31.33592;12.45605;3;0;DESTROYED;;
529.4121;130;-35.01403;-1.273067;3;16;CREATED;;
546.082;130;-35.01403;-1.273067;3;16;DISCOVER;0;
548.6094;123;-29.72295;18.25634;3;16;DISCOVER;3;
549.0908;130;-35.01403;-1.273067;3;15;EXTRACT;0;
551.0938;130;-35.01403;-1.273067;3;14;EXTRACT;0;
551.2939;123;-29.72295;18.25634;3;15;EXTRACT;3;
553.0986;130;-35.01403;-1.273067;3;13;EXTRACT;0;
553.2979;123;-29.72295;18.25634;3;14;EXTRACT;3;
553.8604;125;7.964966;-13.23864;3;16;DISCOVER;2;
555.0635;130;-35.01403;-1.273067;3;12;EXTRACT;0;
555.3047;123;-29.72295;18.25634;3;13;EXTRACT;3;
557.0693;130;-35.01403;-1.273067;3;11;EXTRACT;0;
557.1895;125;7.964966;-13.23864;3;15;EXTRACT;2;
557.3096;123;-29.72295;18.25634;3;12;EXTRACT;3;
559.0742;130;-35.01403;-1.273067;3;10;EXTRACT;0;
559.1943;125;7.964966;-13.23864;3;14;EXTRACT;2;
559.3145;123;-29.72295;18.25634;3;11;EXTRACT;3;
561.0801;130;-35.01403;-1.273067;3;9;EXTRACT;0;
561.1592;125;7.964966;-13.23864;3;13;EXTRACT;2;
561.2803;123;-29.72295;18.25634;3;10;EXTRACT;3;
563.0908;130;-35.01403;-1.273067;3;8;EXTRACT;0;
563.1641;125;7.964966;-13.23864;3;12;EXTRACT;2;
563.2842;123;-29.72295;18.25634;3;9;EXTRACT;3;
565.0869;130;-35.01403;-1.273067;3;7;EXTRACT;0;
565.167;125;7.964966;-13.23864;3;11;EXTRACT;2;
565.2871;123;-29.72295;18.25634;3;8;EXTRACT;3;
565.6064;125;7.964966;-13.23864;3;11;DISCOVER;1;
567.083;130;-35.01403;-1.273067;3;6;EXTRACT;0;
567.1631;125;7.964966;-13.23864;3;10;EXTRACT;2;
567.2822;123;-29.72295;18.25634;3;7;EXTRACT;3;
568.6055;125;7.964966;-13.23864;3;9;EXTRACT;1;
569.0869;130;-35.01403;-1.273067;3;5;EXTRACT;0;
569.167;125;7.964966;-13.23864;3;8;EXTRACT;2;
569.2871;123;-29.72295;18.25634;3;6;EXTRACT;3;
570.6094;125;7.964966;-13.23864;3;7;EXTRACT;1;
571.0898;130;-35.01403;-1.273067;3;4;EXTRACT;0;
571.1699;125;7.964966;-13.23864;3;6;EXTRACT;2;
571.29;123;-29.72295;18.25634;3;5;EXTRACT;3;
572.6113;125;7.964966;-13.23864;3;5;EXTRACT;1;
573.0928;130;-35.01403;-1.273067;3;3;EXTRACT;0;
573.1719;125;7.964966;-13.23864;3;4;EXTRACT;2;
573.292;123;-29.72295;18.25634;3;4;EXTRACT;3;
574.6152;125;7.964966;-13.23864;3;3;EXTRACT;1;
575.0957;130;-35.01403;-1.273067;3;2;EXTRACT;0;
575.1758;125;7.964966;-13.23864;3;2;EXTRACT;2;
575.2959;123;-29.72295;18.25634;3;3;EXTRACT;3;
576.6211;125;7.964966;-13.23864;3;1;EXTRACT;1;
577.1006;130;-35.01403;-1.273067;3;1;EXTRACT;0;
577.1807;125;7.964966;-13.23864;3;0;EXTRACT;2;
577.1602;125;7.964966;-13.23864;3;0;DESTROYED;;
577.1807;131;-17.53712;-40.41226;3;16;CREATED;;
577.3018;123;-29.72295;18.25634;3;2;EXTRACT;3;
579.0654;130;-35.01403;-1.273067;3;0;EXTRACT;0;
579.04;130;-35.01403;-1.273067;3;0;DESTROYED;;
579.0654;132;3.148651;6.04813;3;16;CREATED;;
579.3057;123;-29.72295;18.25634;3;1;EXTRACT;3;
581.3115;123;-29.72295;18.25634;3;0;EXTRACT;3;
581.2803;123;-29.72295;18.25634;3;0;DESTROYED;;
581.3115;133;27.17854;-26.16594;3;16;CREATED;;
591.2168;133;27.17854;-26.16594;3;16;DISCOVER;1;
594.1445;133;27.17854;-26.16594;3;15;EXTRACT;1;
596.1494;133;27.17854;-26.16594;3;14;EXTRACT;1;
598.1143;133;27.17854;-26.16594;3;13;EXTRACT;1;
600.1182;133;27.17854;-26.16594;3;12;EXTRACT;1;
602.124;133;27.17854;-26.16594;3;11;EXTRACT;1;
604.1279;133;27.17854;-26.16594;3;10;EXTRACT;1;
606.1328;133;27.17854;-26.16594;3;9;EXTRACT;1;
608.1396;133;27.17854;-26.16594;3;8;EXTRACT;1;
610.1494;133;27.17854;-26.16594;3;7;EXTRACT;1;
612.1143;133;27.17854;-26.16594;3;6;EXTRACT;1;
614.1211;133;27.17854;-26.16594;3;5;EXTRACT;1;
616.1289;133;27.17854;-26.16594;3;4;EXTRACT;1;
618.1416;133;27.17854;-26.16594;3;3;EXTRACT;1;
620.1514;133;27.17854;-26.16594;3;2;EXTRACT;1;
620.7246;113;-43.84551;-41.72622;3;16;DISCOVER;3;
622.125;133;27.17854;-26.16594;3;1;EXTRACT;1;
623.5703;113;-43.84551;-41.72622;3;15;EXTRACT;3;
624.1318;133;27.17854;-26.16594;3;0;EXTRACT;1;
624.1201;133;27.17854;-26.16594;3;0;DESTROYED;;
624.1318;134;-44.84234;2.678127;3;16;CREATED;;
625.5742;113;-43.84551;-41.72622;3;14;EXTRACT;3;
627.5801;113;-43.84551;-41.72622;3;13;EXTRACT;3;
629.583;113;-43.84551;-41.72622;3;12;EXTRACT;3;
631.5859;113;-43.84551;-41.72622;3;11;EXTRACT;3;
633.5547;113;-43.84551;-41.72622;3;10;EXTRACT;3;
635.5615;113;-43.84551;-41.72622;3;9;EXTRACT;3;
637.5654;113;-43.84551;-41.72622;3;8;EXTRACT;3;
639.5703;113;-43.84551;-41.72622;3;7;EXTRACT;3;
640.5322;122;-42.94771;29.32269;3;16;DISCOVER;2;
641.5752;113;-43.84551;-41.72622;3;6;EXTRACT;3;
643.5811;113;-43.84551;-41.72622;3;5;EXTRACT;3;
644.4219;122;-42.94771;29.32269;3;15;EXTRACT;2;
645.585;113;-43.84551;-41.72622;3;4;EXTRACT;3;
646.4268;122;-42.94771;29.32269;3;14;EXTRACT;2;
647.5488;113;-43.84551;-41.72622;3;3;EXTRACT;3;
648.4307;122;-42.94771;29.32269;3;13;EXTRACT;2;
649.5527;113;-43.84551;-41.72622;3;2;EXTRACT;3;
650.4336;122;-42.94771;29.32269;3;12;EXTRACT;2;
651.5566;113;-43.84551;-41.72622;3;1;EXTRACT;3;
652.4385;122;-42.94771;29.32269;3;11;EXTRACT;2;
653.5596;113;-43.84551;-41.72622;3;0;EXTRACT;3;
653.5205;113;-43.84551;-41.72622;3;0;DESTROYED;;
653.5596;135;7.432289;26.12222;3;16;CREATED;;
654.4443;122;-42.94771;29.32269;3;10;EXTRACT;2;
656.4482;122;-42.94771;29.32269;3;9;EXTRACT;2;
658.4102;122;-42.94771;29.32269;3;8;EXTRACT;2;
660.415;122;-42.94771;29.32269;3;7;EXTRACT;2;
662.4209;122;-42.94771;29.32269;3;6;EXTRACT;2;
664.4268;122;-42.94771;29.32269;3;5;EXTRACT;2;
666.4336;122;-42.94771;29.32269;3;4;EXTRACT;2;
668.4414;122;-42.94771;29.32269;3;3;EXTRACT;2;
670.4463;122;-42.94771;29.32269;3;2;EXTRACT;2;
671.3691;131;-17.53712;-40.41226;3;16;DISCOVER;3;
671.9697;118;3.687935;-21.69846;3;16;DISCOVER;0;
672.4111;122;-42.94771;29.32269;3;1;EXTRACT;2;
674.2178;131;-17.53712;-40.41226;3;15;EXTRACT;3;
674.4189;122;-42.94771;29.32269;3;0;EXTRACT;2;
674.4004;122;-42.94771;29.32269;3;0;DESTROYED;;
674.4189;136;-36.94097;11.96481;3;16;CREATED;;
674.9814;118;3.687935;-21.69846;3;15;EXTRACT;0;
676.2324;131;-17.53712;-40.41226;3;14;EXTRACT;3;
676.9941;118;3.687935;-21.69846;3;14;EXTRACT;0;
678.2041;131;-17.53712;-40.41226;3;13;EXTRACT;3;
679.0049;118;3.687935;-21.69846;3;13;EXTRACT;0;
680.209;131;-17.53712;-40.41226;3;12;EXTRACT;3;
680.9727;118;3.687935;-21.69846;3;12;EXTRACT;0;
682.2168;131;-17.53712;-40.41226;3;11;EXTRACT;3;
682.9795;118;3.687935;-21.69846;3;11;EXTRACT;0;
684.2236;131;-17.53712;-40.41226;3;10;EXTRACT;3;
684.9834;118;3.687935;-21.69846;3;10;EXTRACT;0;
686.2305;131;-17.53712;-40.41226;3;9;EXTRACT;3;
686.9922;118;3.687935;-21.69846;3;9;EXTRACT;0;
688.2354;131;-17.53712;-40.41226;3;8;EXTRACT;3;
688.9961;118;3.687935;-21.69846;3;8;EXTRACT;0;
690.2393;131;-17.53712;-40.41226;3;7;EXTRACT;3;
691.001;118;3.687935;-21.69846;3;7;EXTRACT;0;
692.2051;131;-17.53712;-40.41226;3;6;EXTRACT;3;
692.9688;118;3.687935;-21.69846;3;6;EXTRACT;0;
694.2109;131;-17.53712;-40.41226;3;5;EXTRACT;3;
694.9717;118;3.687935;-21.69846;3;5;EXTRACT;0;
696.2148;131;-17.53712;-40.41226;3;4;EXTRACT;3;
696.9766;118;3.687935;-21.69846;3;4;EXTRACT;0;
698.2178;131;-17.53712;-40.41226;3;3;EXTRACT;3;
698.9814;118;3.687935;-21.69846;3;3;EXTRACT;0;
700.2266;131;-17.53712;-40.41226;3;2;EXTRACT;3;
700.9902;118;3.687935;-21.69846;3;2;EXTRACT;0;
702.2373;131;-17.53712;-40.41226;3;1;EXTRACT;3;
702.999;118;3.687935;-21.69846;3;1;EXTRACT;0;
704.207;131;-17.53712;-40.41226;3;0;EXTRACT;3;
704.2002;131;-17.53712;-40.41226;3;0;DESTROYED;;
704.207;137;36.8008;18.89276;3;16;CREATED;;
704.9678;118;3.687935;-21.69846;3;0;EXTRACT;0;
704.96;118;3.687935;-21.69846;3;0;DESTROYED;;
704.9678;138;-12.45634;3.922703;3;16;CREATED;;
718.8818;128;2.446556;39.21176;3;16;DISCOVER;2;
