Time;PatchID;PositionX;PositionZ;Radius;CoinAmount;PatchEvent;TriggerPlayer;
0;0;-40.87778;30.47906;3;16;CREATED;;
0;1;-33.93683;24.88912;3;16;CREATED;;
0;2;-18.60781;-40.17613;3;16;CREATED;;
0;3;-14.435;-18.96239;3;16;CREATED;;
0;4;-26.97103;-6.969791;3;16;CREATED;;
0;5;-41.40372;-36.93587;3;16;CREATED;;
0;6;31.49125;-44.74672;3;16;CREATED;;
0;7;4.101727;-2.766457;3;16;CREATED;;
0;8;8.793369;34.164;3;16;CREATED;;
0;9;3.923199;17.01945;3;16;CREATED;;
0;10;30.88194;22.78733;3;16;CREATED;;
0;11;-3.001495;-10.64047;3;16;CREATED;;
0;12;-3.647808;-20.9328;3;16;CREATED;;
0;13;38.51685;32.59897;3;16;CREATED;;
0;14;21.3493;-8.922619;3;16;CREATED;;
20.83008;9;3.923199;17.01945;3;16;DISCOVER;2;
24.40039;9;3.923199;17.01945;3;15;EXTRACT;2;
24.40039;4;-26.97103;-6.969791;3;16;DISCOVER;0;
26.4082;9;3.923199;17.01945;3;14;EXTRACT;2;
27.8125;4;-26.97103;-6.969791;3;15;EXTRACT;0;
28.41309;9;3.923199;17.01945;3;13;EXTRACT;2;
29.81738;4;-26.97103;-6.969791;3;14;EXTRACT;0;
30.41797;9;3.923199;17.01945;3;12;EXTRACT;2;
31.82227;4;-26.97103;-6.969791;3;13;EXTRACT;0;
32.42383;9;3.923199;17.01945;3;11;EXTRACT;2;
33.82715;4;-26.97103;-6.969791;3;12;EXTRACT;0;
34.38867;9;3.923199;17.01945;3;10;EXTRACT;2;
35.83008;4;-26.97103;-6.969791;3;11;EXTRACT;0;
36.39258;9;3.923199;17.01945;3;9;EXTRACT;2;
37.83594;4;-26.97103;-6.969791;3;10;EXTRACT;0;
38.39648;9;3.923199;17.01945;3;8;EXTRACT;2;
39.83789;4;-26.97103;-6.969791;3;9;EXTRACT;0;
40.40039;9;3.923199;17.01945;3;7;EXTRACT;2;
41.8418;4;-26.97103;-6.969791;3;8;EXTRACT;0;
42.40332;9;3.923199;17.01945;3;6;EXTRACT;2;
43.84668;4;-26.97103;-6.969791;3;7;EXTRACT;0;
44.40918;9;3.923199;17.01945;3;5;EXTRACT;2;
45.8125;4;-26.97103;-6.969791;3;6;EXTRACT;0;
46.41406;9;3.923199;17.01945;3;4;EXTRACT;2;
47.81641;4;-26.97103;-6.969791;3;5;EXTRACT;0;
48.41797;9;3.923199;17.01945;3;3;EXTRACT;2;
49.82031;4;-26.97103;-6.969791;3;4;EXTRACT;0;
50.42188;9;3.923199;17.01945;3;2;EXTRACT;2;
51.82715;4;-26.97103;-6.969791;3;3;EXTRACT;0;
52.38867;9;3.923199;17.01945;3;1;EXTRACT;2;
53.83496;4;-26.97103;-6.969791;3;2;EXTRACT;0;
54.39648;9;3.923199;17.01945;3;0;EXTRACT;2;
54.36035;9;3.923199;17.01945;3;0;DESTROYED;;
54.39648;15;18.49208;14.64854;3;16;CREATED;;
55.83984;4;-26.97103;-6.969791;3;1;EXTRACT;0;
57.84473;4;-26.97103;-6.969791;3;0;EXTRACT;0;
57.83984;4;-26.97103;-6.969791;3;0;DESTROYED;;
57.84473;16;32.2716;-17.15688;3;16;CREATED;;
62.89648;15;18.49208;14.64854;3;16;DISCOVER;2;
66.58691;14;21.3493;-8.922619;3;16;DISCOVER;3;
66.70703;15;18.49208;14.64854;3;15;EXTRACT;2;
68.71191;15;18.49208;14.64854;3;14;EXTRACT;2;
69.55371;14;21.3493;-8.922619;3;15;EXTRACT;3;
70.71484;15;18.49208;14.64854;3;13;EXTRACT;2;
71.55762;14;21.3493;-8.922619;3;14;EXTRACT;3;
72.72168;15;18.49208;14.64854;3;12;EXTRACT;2;
73.52441;14;21.3493;-8.922619;3;13;EXTRACT;3;
74.6875;15;18.49208;14.64854;3;11;EXTRACT;2;
75.5293;14;21.3493;-8.922619;3;12;EXTRACT;3;
76.69238;15;18.49208;14.64854;3;10;EXTRACT;2;
77.53418;14;21.3493;-8.922619;3;11;EXTRACT;3;
78.7002;15;18.49208;14.64854;3;9;EXTRACT;2;
79.54199;14;21.3493;-8.922619;3;10;EXTRACT;3;
80.7041;15;18.49208;14.64854;3;8;EXTRACT;2;
81.55078;14;21.3493;-8.922619;3;9;EXTRACT;3;
82.71191;15;18.49208;14.64854;3;7;EXTRACT;2;
83.55371;14;21.3493;-8.922619;3;8;EXTRACT;3;
83.55371;14;21.3493;-8.922619;3;8;DISCOVER;1;
84.71875;15;18.49208;14.64854;3;6;EXTRACT;2;
85.56055;14;21.3493;-8.922619;3;7;EXTRACT;3;
86.52344;14;21.3493;-8.922619;3;6;EXTRACT;1;
86.72461;15;18.49208;14.64854;3;5;EXTRACT;2;
87.52539;14;21.3493;-8.922619;3;5;EXTRACT;3;
88.5293;14;21.3493;-8.922619;3;4;EXTRACT;1;
88.69043;15;18.49208;14.64854;3;4;EXTRACT;2;
89.53223;14;21.3493;-8.922619;3;3;EXTRACT;3;
90.53418;14;21.3493;-8.922619;3;2;EXTRACT;1;
90.73438;15;18.49208;14.64854;3;3;EXTRACT;2;
91.53809;14;21.3493;-8.922619;3;1;EXTRACT;3;
92.54004;14;21.3493;-8.922619;3;0;EXTRACT;1;
92.51953;14;21.3493;-8.922619;3;0;DESTROYED;;
92.54004;17;-10.55866;38.8251;3;16;CREATED;;
92.74121;15;18.49208;14.64854;3;2;EXTRACT;2;
94.74414;15;18.49208;14.64854;3;1;EXTRACT;2;
96.7168;15;18.49208;14.64854;3;0;EXTRACT;2;
96.67969;15;18.49208;14.64854;3;0;DESTROYED;;
96.7168;18;5.807407;-37.78853;3;16;CREATED;;
103.7734;11;-3.001495;-10.64047;3;16;DISCOVER;0;
105.2168;7;4.101727;-2.766457;3;16;DISCOVER;1;
107.1006;11;-3.001495;-10.64047;3;15;EXTRACT;0;
108.1025;7;4.101727;-2.766457;3;15;EXTRACT;1;
109.0674;11;-3.001495;-10.64047;3;14;EXTRACT;0;
110.1104;7;4.101727;-2.766457;3;14;EXTRACT;1;
111.0732;11;-3.001495;-10.64047;3;13;EXTRACT;0;
112.1162;7;4.101727;-2.766457;3;13;EXTRACT;1;
113.0781;11;-3.001495;-10.64047;3;12;EXTRACT;0;
114.1191;7;4.101727;-2.766457;3;12;EXTRACT;1;
115.0801;11;-3.001495;-10.64047;3;11;EXTRACT;0;
116.1211;7;4.101727;-2.766457;3;11;EXTRACT;1;
116.4424;7;4.101727;-2.766457;3;11;DISCOVER;3;
117.0859;11;-3.001495;-10.64047;3;10;EXTRACT;0;
118.0879;7;4.101727;-2.766457;3;10;EXTRACT;1;
119.0928;11;-3.001495;-10.64047;3;9;EXTRACT;0;
119.293;7;4.101727;-2.766457;3;9;EXTRACT;3;
120.0947;7;4.101727;-2.766457;3;8;EXTRACT;1;
121.0977;11;-3.001495;-10.64047;3;8;EXTRACT;0;
121.2998;7;4.101727;-2.766457;3;7;EXTRACT;3;
122.1016;7;4.101727;-2.766457;3;6;EXTRACT;1;
123.1025;11;-3.001495;-10.64047;3;7;EXTRACT;0;
123.3027;7;4.101727;-2.766457;3;5;EXTRACT;3;
124.1035;7;4.101727;-2.766457;3;4;EXTRACT;1;
125.1045;11;-3.001495;-10.64047;3;6;EXTRACT;0;
125.3047;7;4.101727;-2.766457;3;3;EXTRACT;3;
126.1055;7;4.101727;-2.766457;3;2;EXTRACT;1;
127.0664;11;-3.001495;-10.64047;3;5;EXTRACT;0;
127.3076;7;4.101727;-2.766457;3;1;EXTRACT;3;
128.1084;7;4.101727;-2.766457;3;0;EXTRACT;1;
128.0801;7;4.101727;-2.766457;3;0;DESTROYED;;
128.1084;19;17.54887;-15.97896;3;16;CREATED;;
129.0693;11;-3.001495;-10.64047;3;4;EXTRACT;0;
131.0732;11;-3.001495;-10.64047;3;3;EXTRACT;0;
133.0781;11;-3.001495;-10.64047;3;2;EXTRACT;0;
134.4434;11;-3.001495;-10.64047;3;2;DISCOVER;1;
135.083;11;-3.001495;-10.64047;3;1;EXTRACT;0;
136.6055;11;-3.001495;-10.64047;3;0;EXTRACT;1;
136.5996;11;-3.001495;-10.64047;3;0;DESTROYED;;
136.6055;20;9.880951;8.195774;3;16;CREATED;;
142.5381;12;-3.647808;-20.9328;3;16;DISCOVER;0;
145.8223;12;-3.647808;-20.9328;3;15;EXTRACT;0;
147.7852;12;-3.647808;-20.9328;3;14;EXTRACT;0;
149.792;12;-3.647808;-20.9328;3;13;EXTRACT;0;
151.8018;12;-3.647808;-20.9328;3;12;EXTRACT;0;
153.8135;12;-3.647808;-20.9328;3;11;EXTRACT;0;
155.1387;12;-3.647808;-20.9328;3;11;DISCOVER;1;
155.8232;12;-3.647808;-20.9328;3;10;EXTRACT;0;
157.7852;12;-3.647808;-20.9328;3;9;EXTRACT;0;
158.1855;12;-3.647808;-20.9328;3;8;EXTRACT;1;
159.79;12;-3.647808;-20.9328;3;7;EXTRACT;0;
160.1904;12;-3.647808;-20.9328;3;6;EXTRACT;1;
161.7949;12;-3.647808;-20.9328;3;5;EXTRACT;0;
162.1953;12;-3.647808;-20.9328;3;4;EXTRACT;1;
163.7969;12;-3.647808;-20.9328;3;3;EXTRACT;0;
164.1973;12;-3.647808;-20.9328;3;2;EXTRACT;1;
165.7998;12;-3.647808;-20.9328;3;1;EXTRACT;0;
166.2012;12;-3.647808;-20.9328;3;0;EXTRACT;1;
166.2002;12;-3.647808;-20.9328;3;0;DESTROYED;;
166.2012;21;-33.07537;-30.37942;3;16;CREATED;;
189.4971;18;5.807407;-37.78853;3;16;DISCOVER;3;
192.7441;18;5.807407;-37.78853;3;15;EXTRACT;3;
193.3467;6;31.49125;-44.74672;3;16;DISCOVER;0;
194.749;18;5.807407;-37.78853;3;14;EXTRACT;3;
196.2725;6;31.49125;-44.74672;3;15;EXTRACT;0;
196.7539;18;5.807407;-37.78853;3;13;EXTRACT;3;
198.2783;6;31.49125;-44.74672;3;14;EXTRACT;0;
198.7588;18;5.807407;-37.78853;3;12;EXTRACT;3;
200.2832;6;31.49125;-44.74672;3;13;EXTRACT;0;
200.7646;18;5.807407;-37.78853;3;11;EXTRACT;3;
202.2871;6;31.49125;-44.74672;3;12;EXTRACT;0;
202.7676;18;5.807407;-37.78853;3;10;EXTRACT;3;
204.291;6;31.49125;-44.74672;3;11;EXTRACT;0;
204.7715;18;5.807407;-37.78853;3;9;EXTRACT;3;
205.8945;6;31.49125;-44.74672;3;11;DISCOVER;1;
206.2539;6;31.49125;-44.74672;3;10;EXTRACT;0;
206.7764;18;5.807407;-37.78853;3;8;EXTRACT;3;
208.2578;6;31.49125;-44.74672;3;9;EXTRACT;0;
208.6582;6;31.49125;-44.74672;3;8;EXTRACT;1;
208.7793;18;5.807407;-37.78853;3;7;EXTRACT;3;
210.1426;19;17.54887;-15.97896;3;16;DISCOVER;2;
210.2617;6;31.49125;-44.74672;3;7;EXTRACT;0;
210.6631;6;31.49125;-44.74672;3;6;EXTRACT;1;
210.7822;18;5.807407;-37.78853;3;6;EXTRACT;3;
212.2646;6;31.49125;-44.74672;3;5;EXTRACT;0;
212.665;6;31.49125;-44.74672;3;4;EXTRACT;1;
212.7852;18;5.807407;-37.78853;3;5;EXTRACT;3;
213.4658;19;17.54887;-15.97896;3;15;EXTRACT;2;
214.2666;6;31.49125;-44.74672;3;3;EXTRACT;0;
214.668;6;31.49125;-44.74672;3;2;EXTRACT;1;
214.7881;18;5.807407;-37.78853;3;4;EXTRACT;3;
215.4697;19;17.54887;-15.97896;3;14;EXTRACT;2;
216.2715;6;31.49125;-44.74672;3;1;EXTRACT;0;
216.6719;6;31.49125;-44.74672;3;0;EXTRACT;1;
216.6396;6;31.49125;-44.74672;3;0;DESTROYED;;
216.6719;22;-13.95421;31.34428;3;16;CREATED;;
216.792;18;5.807407;-37.78853;3;3;EXTRACT;3;
217.4727;19;17.54887;-15.97896;3;13;EXTRACT;2;
218.7988;18;5.807407;-37.78853;3;2;EXTRACT;3;
219.4824;19;17.54887;-15.97896;3;12;EXTRACT;2;
220.7637;18;5.807407;-37.78853;3;1;EXTRACT;3;
221.4453;19;17.54887;-15.97896;3;11;EXTRACT;2;
222.7676;18;5.807407;-37.78853;3;0;EXTRACT;3;
222.7598;18;5.807407;-37.78853;3;0;DESTROYED;;
222.7676;23;-28.99839;-21.23981;3;16;CREATED;;
223.4482;19;17.54887;-15.97896;3;10;EXTRACT;2;
225.4531;19;17.54887;-15.97896;3;9;EXTRACT;2;
227.459;19;17.54887;-15.97896;3;8;EXTRACT;2;
229.4668;19;17.54887;-15.97896;3;7;EXTRACT;2;
231.4717;19;17.54887;-15.97896;3;6;EXTRACT;2;
233.4775;19;17.54887;-15.97896;3;5;EXTRACT;2;
234.8398;19;17.54887;-15.97896;3;5;DISCOVER;1;
235.4824;19;17.54887;-15.97896;3;4;EXTRACT;2;
237.4482;19;17.54887;-15.97896;3;3;EXTRACT;2;
237.6074;19;17.54887;-15.97896;3;2;EXTRACT;1;
239.4541;19;17.54887;-15.97896;3;1;EXTRACT;2;
239.6143;19;17.54887;-15.97896;3;0;EXTRACT;1;
239.5996;19;17.54887;-15.97896;3;0;DESTROYED;;
239.6143;24;-32.62094;7.817551;3;16;CREATED;;
256.2217;20;9.880951;8.195774;3;16;DISCOVER;3;
259.1084;20;9.880951;8.195774;3;15;EXTRACT;3;
261.1377;20;9.880951;8.195774;3;14;EXTRACT;3;
262.4189;10;30.88194;22.78733;3;16;DISCOVER;1;
263.0996;20;9.880951;8.195774;3;13;EXTRACT;3;
265.1016;20;9.880951;8.195774;3;12;EXTRACT;3;
265.4629;10;30.88194;22.78733;3;15;EXTRACT;1;
267.1094;20;9.880951;8.195774;3;11;EXTRACT;3;
267.4717;10;30.88194;22.78733;3;14;EXTRACT;1;
269.1191;20;9.880951;8.195774;3;10;EXTRACT;3;
269.4404;10;30.88194;22.78733;3;13;EXTRACT;1;
271.1221;20;9.880951;8.195774;3;9;EXTRACT;3;
271.4424;10;30.88194;22.78733;3;12;EXTRACT;1;
273.1299;20;9.880951;8.195774;3;8;EXTRACT;3;
273.4502;10;30.88194;22.78733;3;11;EXTRACT;1;
275.1875;20;9.880951;8.195774;3;7;EXTRACT;3;
275.5039;10;30.88194;22.78733;3;10;EXTRACT;1;
277.1045;20;9.880951;8.195774;3;6;EXTRACT;3;
277.4922;10;30.88194;22.78733;3;9;EXTRACT;1;
279.1025;20;9.880951;8.195774;3;5;EXTRACT;3;
279.4639;10;30.88194;22.78733;3;8;EXTRACT;1;
281.1094;20;9.880951;8.195774;3;4;EXTRACT;3;
281.4688;10;30.88194;22.78733;3;7;EXTRACT;1;
283.1123;20;9.880951;8.195774;3;3;EXTRACT;3;
283.4727;10;30.88194;22.78733;3;6;EXTRACT;1;
285.1172;20;9.880951;8.195774;3;2;EXTRACT;3;
285.4775;10;30.88194;22.78733;3;5;EXTRACT;1;
287.1211;20;9.880951;8.195774;3;1;EXTRACT;3;
287.4844;10;30.88194;22.78733;3;4;EXTRACT;1;
289.124;20;9.880951;8.195774;3;0;EXTRACT;3;
289.1201;20;9.880951;8.195774;3;0;DESTROYED;;
289.124;25;10.42965;40.05444;3;16;CREATED;;
289.4883;10;30.88194;22.78733;3;3;EXTRACT;1;
290.7305;8;8.793369;34.164;3;16;DISCOVER;0;
291.4932;10;30.88194;22.78733;3;2;EXTRACT;1;
293.5;10;30.88194;22.78733;3;1;EXTRACT;1;
293.6201;8;8.793369;34.164;3;15;EXTRACT;0;
295.5059;10;30.88194;22.78733;3;0;EXTRACT;1;
295.4805;10;30.88194;22.78733;3;0;DESTROYED;;
295.5059;26;14.77335;7.731247;3;16;CREATED;;
295.627;8;8.793369;34.164;3;14;EXTRACT;0;
297.6338;8;8.793369;34.164;3;13;EXTRACT;0;
299.6406;8;8.793369;34.164;3;12;EXTRACT;0;
301.6074;8;8.793369;34.164;3;11;EXTRACT;0;
303.6182;8;8.793369;34.164;3;10;EXTRACT;0;
305.623;8;8.793369;34.164;3;9;EXTRACT;0;
307.625;8;8.793369;34.164;3;8;EXTRACT;0;
309.6318;8;8.793369;34.164;3;7;EXTRACT;0;
311.6338;8;8.793369;34.164;3;6;EXTRACT;0;
311.7949;8;8.793369;34.164;3;6;DISCOVER;1;
313.6387;8;8.793369;34.164;3;5;EXTRACT;0;
314.6816;8;8.793369;34.164;3;4;EXTRACT;1;
315.6426;8;8.793369;34.164;3;3;EXTRACT;0;
316.6865;8;8.793369;34.164;3;2;EXTRACT;1;
317.6123;8;8.793369;34.164;3;1;EXTRACT;0;
318.4521;25;10.42965;40.05444;3;16;DISCOVER;3;
318.6924;8;8.793369;34.164;3;0;EXTRACT;1;
318.6797;8;8.793369;34.164;3;0;DESTROYED;;
318.6924;27;-18.43496;-24.29581;3;16;CREATED;;
321.499;25;10.42965;40.05444;3;15;EXTRACT;3;
323.5039;25;10.42965;40.05444;3;14;EXTRACT;3;
325.5098;25;10.42965;40.05444;3;13;EXTRACT;3;
327.5166;25;10.42965;40.05444;3;12;EXTRACT;3;
329.5225;25;10.42965;40.05444;3;11;EXTRACT;3;
331.4893;25;10.42965;40.05444;3;10;EXTRACT;3;
333.4961;25;10.42965;40.05444;3;9;EXTRACT;3;
335.502;25;10.42965;40.05444;3;8;EXTRACT;3;
337.5098;25;10.42965;40.05444;3;7;EXTRACT;3;
339.5156;25;10.42965;40.05444;3;6;EXTRACT;3;
341.5234;25;10.42965;40.05444;3;5;EXTRACT;3;
343.4893;25;10.42965;40.05444;3;4;EXTRACT;3;
345.4932;25;10.42965;40.05444;3;3;EXTRACT;3;
347.498;25;10.42965;40.05444;3;2;EXTRACT;3;
349.5049;25;10.42965;40.05444;3;1;EXTRACT;3;
350.3086;24;-32.62094;7.817551;3;16;DISCOVER;0;
351.2285;25;10.42965;40.05444;3;1;DISCOVER;1;
351.5098;25;10.42965;40.05444;3;0;EXTRACT;3;
351.4805;25;10.42965;40.05444;3;0;DESTROYED;;
351.5098;28;-12.56086;-3.428631;3;16;CREATED;;
353.5166;24;-32.62094;7.817551;3;15;EXTRACT;0;
355.5205;24;-32.62094;7.817551;3;14;EXTRACT;0;
357.5283;24;-32.62094;7.817551;3;13;EXTRACT;0;
359.4941;24;-32.62094;7.817551;3;12;EXTRACT;0;
361.502;24;-32.62094;7.817551;3;11;EXTRACT;0;
363.5107;24;-32.62094;7.817551;3;10;EXTRACT;0;
365.5146;24;-32.62094;7.817551;3;9;EXTRACT;0;
367.5215;24;-32.62094;7.817551;3;8;EXTRACT;0;
369.5283;24;-32.62094;7.817551;3;7;EXTRACT;0;
371.5313;24;-32.62094;7.817551;3;6;EXTRACT;0;
373.4971;24;-32.62094;7.817551;3;5;EXTRACT;0;
375.5049;24;-32.62094;7.817551;3;4;EXTRACT;0;
377.5117;24;-32.62094;7.817551;3;3;EXTRACT;0;
379.5156;24;-32.62094;7.817551;3;2;EXTRACT;0;
381.5205;24;-32.62094;7.817551;3;1;EXTRACT;0;
383.5283;24;-32.62094;7.817551;3;0;EXTRACT;0;
383.5195;24;-32.62094;7.817551;3;0;DESTROYED;;
383.5283;29;17.23521;-32.5465;3;16;CREATED;;
400.2139;17;-10.55866;38.8251;3;16;DISCOVER;1;
403.2607;17;-10.55866;38.8251;3;15;EXTRACT;1;
405.2637;17;-10.55866;38.8251;3;14;EXTRACT;1;
407.2695;17;-10.55866;38.8251;3;13;EXTRACT;1;
409.2754;17;-10.55866;38.8251;3;12;EXTRACT;1;
411.2803;17;-10.55866;38.8251;3;11;EXTRACT;1;
413.25;17;-10.55866;38.8251;3;10;EXTRACT;1;
415.2588;17;-10.55866;38.8251;3;9;EXTRACT;1;
417.2637;17;-10.55866;38.8251;3;8;EXTRACT;1;
418.668;17;-10.55866;38.8251;3;8;DISCOVER;2;
419.2705;17;-10.55866;38.8251;3;7;EXTRACT;1;
421.252;17;-10.55866;38.8251;3;6;EXTRACT;1;
421.8545;22;-13.95421;31.34428;3;16;DISCOVER;3;
422.335;17;-10.55866;38.8251;3;5;EXTRACT;2;
423.2559;17;-10.55866;38.8251;3;4;EXTRACT;1;
424.3379;17;-10.55866;38.8251;3;3;EXTRACT;2;
424.8984;0;-40.87778;30.47906;3;16;DISCOVER;0;
425.1387;22;-13.95421;31.34428;3;15;EXTRACT;3;
425.2588;17;-10.55866;38.8251;3;2;EXTRACT;1;
426.3398;17;-10.55866;38.8251;3;1;EXTRACT;2;
427.1416;22;-13.95421;31.34428;3;14;EXTRACT;3;
427.2617;17;-10.55866;38.8251;3;0;EXTRACT;1;
427.2402;17;-10.55866;38.8251;3;0;DESTROYED;;
427.2617;30;-7.53595;-13.86289;3;16;CREATED;;
427.6621;0;-40.87778;30.47906;3;15;EXTRACT;0;
429.1445;22;-13.95421;31.34428;3;13;EXTRACT;3;
429.667;0;-40.87778;30.47906;3;14;EXTRACT;0;
431.1143;22;-13.95421;31.34428;3;12;EXTRACT;3;
431.6328;0;-40.87778;30.47906;3;13;EXTRACT;0;
433.1162;22;-13.95421;31.34428;3;11;EXTRACT;3;
433.2363;22;-13.95421;31.34428;3;11;DISCOVER;2;
433.6367;0;-40.87778;30.47906;3;12;EXTRACT;0;
435.1182;22;-13.95421;31.34428;3;10;EXTRACT;3;
435.6396;0;-40.87778;30.47906;3;11;EXTRACT;0;
436.2412;22;-13.95421;31.34428;3;9;EXTRACT;2;
436.2813;22;-13.95421;31.34428;3;9;DISCOVER;1;
437.1221;22;-13.95421;31.34428;3;8;EXTRACT;3;
437.6436;0;-40.87778;30.47906;3;10;EXTRACT;0;
438.2432;22;-13.95421;31.34428;3;7;EXTRACT;2;
439.125;22;-13.95421;31.34428;3;6;EXTRACT;3;
439.4844;22;-13.95421;31.34428;3;5;EXTRACT;1;
439.6455;0;-40.87778;30.47906;3;9;EXTRACT;0;
440.2451;22;-13.95421;31.34428;3;4;EXTRACT;2;
441.127;22;-13.95421;31.34428;3;3;EXTRACT;3;
441.4873;22;-13.95421;31.34428;3;2;EXTRACT;1;
441.6484;0;-40.87778;30.47906;3;8;EXTRACT;0;
442.249;22;-13.95421;31.34428;3;1;EXTRACT;2;
443.1299;22;-13.95421;31.34428;3;0;EXTRACT;3;
443.1201;22;-13.95421;31.34428;3;0;DESTROYED;;
443.1299;31;10.68435;-36.71463;3;16;CREATED;;
443.6514;0;-40.87778;30.47906;3;7;EXTRACT;0;
445.6553;0;-40.87778;30.47906;3;6;EXTRACT;0;
447.6602;0;-40.87778;30.47906;3;5;EXTRACT;0;
449.667;0;-40.87778;30.47906;3;4;EXTRACT;0;
451.6328;0;-40.87778;30.47906;3;3;EXTRACT;0;
453.6406;0;-40.87778;30.47906;3;2;EXTRACT;0;
455.6494;0;-40.87778;30.47906;3;1;EXTRACT;0;
455.9707;0;-40.87778;30.47906;3;1;DISCOVER;1;
457.6572;0;-40.87778;30.47906;3;0;EXTRACT;0;
457.6396;0;-40.87778;30.47906;3;0;DESTROYED;;
457.6572;32;-26.00194;12.48344;3;16;CREATED;;
464.916;1;-33.93683;24.88912;3;16;DISCOVER;1;
465.1953;1;-33.93683;24.88912;3;16;DISCOVER;2;
467.8008;1;-33.93683;24.88912;3;15;EXTRACT;1;
468.2822;1;-33.93683;24.88912;3;14;EXTRACT;2;
469.7656;1;-33.93683;24.88912;3;13;EXTRACT;1;
470.2871;1;-33.93683;24.88912;3;12;EXTRACT;2;
471.7695;1;-33.93683;24.88912;3;11;EXTRACT;1;
472.2891;1;-33.93683;24.88912;3;10;EXTRACT;2;
473.7734;1;-33.93683;24.88912;3;9;EXTRACT;1;
474.2598;1;-33.93683;24.88912;3;8;EXTRACT;2;
475.7842;1;-33.93683;24.88912;3;7;EXTRACT;1;
476.2656;1;-33.93683;24.88912;3;6;EXTRACT;2;
476.7461;1;-33.93683;24.88912;3;6;DISCOVER;3;
477.791;1;-33.93683;24.88912;3;5;EXTRACT;1;
478.2734;1;-33.93683;24.88912;3;4;EXTRACT;2;
479.5576;1;-33.93683;24.88912;3;3;EXTRACT;3;
479.7979;1;-33.93683;24.88912;3;2;EXTRACT;1;
480.2783;1;-33.93683;24.88912;3;1;EXTRACT;2;
481.5605;1;-33.93683;24.88912;3;0;EXTRACT;3;
481.5596;1;-33.93683;24.88912;3;0;DESTROYED;;
481.5605;33;-30.37625;-43.10849;3;16;CREATED;;
491.3096;32;-26.00194;12.48344;3;16;DISCOVER;2;
493.4336;23;-28.99839;-21.23981;3;16;DISCOVER;0;
494.5557;32;-26.00194;12.48344;3;15;EXTRACT;2;
495.0762;32;-26.00194;12.48344;3;15;DISCOVER;3;
496.5215;23;-28.99839;-21.23981;3;15;EXTRACT;0;
496.5215;32;-26.00194;12.48344;3;14;EXTRACT;2;
497.9258;32;-26.00194;12.48344;3;13;EXTRACT;3;
498.5254;23;-28.99839;-21.23981;3;14;EXTRACT;0;
498.5254;32;-26.00194;12.48344;3;12;EXTRACT;2;
499.9297;32;-26.00194;12.48344;3;11;EXTRACT;3;
500.5313;23;-28.99839;-21.23981;3;13;EXTRACT;0;
500.5313;32;-26.00194;12.48344;3;10;EXTRACT;2;
501.8965;32;-26.00194;12.48344;3;9;EXTRACT;3;
502.5371;23;-28.99839;-21.23981;3;12;EXTRACT;0;
502.5371;32;-26.00194;12.48344;3;8;EXTRACT;2;
503.9014;32;-26.00194;12.48344;3;7;EXTRACT;3;
504.543;23;-28.99839;-21.23981;3;11;EXTRACT;0;
504.543;32;-26.00194;12.48344;3;6;EXTRACT;2;
505.9053;32;-26.00194;12.48344;3;5;EXTRACT;3;
506.5479;23;-28.99839;-21.23981;3;10;EXTRACT;0;
506.5479;32;-26.00194;12.48344;3;4;EXTRACT;2;
506.9102;23;-28.99839;-21.23981;3;10;DISCOVER;1;
507.9121;32;-26.00194;12.48344;3;3;EXTRACT;3;
508.5518;23;-28.99839;-21.23981;3;9;EXTRACT;0;
508.5518;32;-26.00194;12.48344;3;2;EXTRACT;2;
509.5137;23;-28.99839;-21.23981;3;8;EXTRACT;1;
509.915;32;-26.00194;12.48344;3;1;EXTRACT;3;
510.5547;23;-28.99839;-21.23981;3;7;EXTRACT;0;
510.5547;32;-26.00194;12.48344;3;0;EXTRACT;2;
510.5195;32;-26.00194;12.48344;3;0;DESTROYED;;
510.5547;34;-27.96375;30.00261;3;16;CREATED;;
511.5166;23;-28.99839;-21.23981;3;6;EXTRACT;1;
512.5186;23;-28.99839;-21.23981;3;5;EXTRACT;0;
513.5205;23;-28.99839;-21.23981;3;4;EXTRACT;1;
514.5215;23;-28.99839;-21.23981;3;3;EXTRACT;0;
515.4844;23;-28.99839;-21.23981;3;2;EXTRACT;1;
516.5254;23;-28.99839;-21.23981;3;1;EXTRACT;0;
517.4912;23;-28.99839;-21.23981;3;0;EXTRACT;1;
517.4805;23;-28.99839;-21.23981;3;0;DESTROYED;;
517.4912;35;15.38792;-0.5255051;3;16;CREATED;;
524.1055;27;-18.43496;-24.29581;3;16;DISCOVER;0;
524.5459;28;-12.56086;-3.428631;3;16;DISCOVER;2;
526.8291;27;-18.43496;-24.29581;3;15;EXTRACT;0;
527.71;28;-12.56086;-3.428631;3;15;EXTRACT;2;
528.833;27;-18.43496;-24.29581;3;14;EXTRACT;0;
529.7148;28;-12.56086;-3.428631;3;14;EXTRACT;2;
530.1162;28;-12.56086;-3.428631;3;14;DISCOVER;3;
530.8389;27;-18.43496;-24.29581;3;13;EXTRACT;0;
530.9189;27;-18.43496;-24.29581;3;13;DISCOVER;1;
531.7188;28;-12.56086;-3.428631;3;13;EXTRACT;2;
532.7607;28;-12.56086;-3.428631;3;12;EXTRACT;3;
532.8398;27;-18.43496;-24.29581;3;12;EXTRACT;0;
533.6816;27;-18.43496;-24.29581;3;11;EXTRACT;1;
533.7207;28;-12.56086;-3.428631;3;11;EXTRACT;2;
534.7627;28;-12.56086;-3.428631;3;10;EXTRACT;3;
534.8027;27;-18.43496;-24.29581;3;10;EXTRACT;0;
535.6836;27;-18.43496;-24.29581;3;9;EXTRACT;1;
535.7236;28;-12.56086;-3.428631;3;9;EXTRACT;2;
536.7666;28;-12.56086;-3.428631;3;8;EXTRACT;3;
536.8066;27;-18.43496;-24.29581;3;8;EXTRACT;0;
537.6895;27;-18.43496;-24.29581;3;7;EXTRACT;1;
537.7295;28;-12.56086;-3.428631;3;7;EXTRACT;2;
538.7715;28;-12.56086;-3.428631;3;6;EXTRACT;3;
538.8125;27;-18.43496;-24.29581;3;6;EXTRACT;0;
539.6953;27;-18.43496;-24.29581;3;5;EXTRACT;1;
539.7354;28;-12.56086;-3.428631;3;5;EXTRACT;2;
540.7773;28;-12.56086;-3.428631;3;4;EXTRACT;3;
540.8174;27;-18.43496;-24.29581;3;4;EXTRACT;0;
541.7012;27;-18.43496;-24.29581;3;3;EXTRACT;1;
541.7412;28;-12.56086;-3.428631;3;3;EXTRACT;2;
542.7822;28;-12.56086;-3.428631;3;2;EXTRACT;3;
542.8223;27;-18.43496;-24.29581;3;2;EXTRACT;0;
543.7041;27;-18.43496;-24.29581;3;1;EXTRACT;1;
543.7441;28;-12.56086;-3.428631;3;1;EXTRACT;2;
544.7861;28;-12.56086;-3.428631;3;0;EXTRACT;3;
544.7598;28;-12.56086;-3.428631;3;0;DESTROYED;;
544.7861;36;19.55781;38.59514;3;16;CREATED;;
544.8291;27;-18.43496;-24.29581;3;0;EXTRACT;0;
544.7998;27;-18.43496;-24.29581;3;0;DESTROYED;;
544.8291;37;28.24002;25.53434;3;16;CREATED;;
566.3281;29;17.23521;-32.5465;3;16;DISCOVER;0;
569.3398;29;17.23521;-32.5465;3;15;EXTRACT;0;
571.3477;29;17.23521;-32.5465;3;14;EXTRACT;0;
573.3525;29;17.23521;-32.5465;3;13;EXTRACT;0;
573.5938;29;17.23521;-32.5465;3;13;DISCOVER;1;
575.2871;29;17.23521;-32.5465;3;12;EXTRACT;0;
576.2754;29;17.23521;-32.5465;3;11;EXTRACT;1;
577.2666;29;17.23521;-32.5465;3;10;EXTRACT;0;
578.2822;29;17.23521;-32.5465;3;9;EXTRACT;1;
579.2793;29;17.23521;-32.5465;3;8;EXTRACT;0;
580.292;29;17.23521;-32.5465;3;7;EXTRACT;1;
581.2529;29;17.23521;-32.5465;3;6;EXTRACT;0;
582.2949;29;17.23521;-32.5465;3;5;EXTRACT;1;
583.2588;29;17.23521;-32.5465;3;4;EXTRACT;0;
584.3008;29;17.23521;-32.5465;3;3;EXTRACT;1;
585.2656;29;17.23521;-32.5465;3;2;EXTRACT;0;
586.3076;29;17.23521;-32.5465;3;1;EXTRACT;1;
587.2695;29;17.23521;-32.5465;3;0;EXTRACT;0;
587.2402;29;17.23521;-32.5465;3;0;DESTROYED;;
587.2695;38;-4.156399;10.80721;3;16;CREATED;;
603.3984;16;32.2716;-17.15688;3;16;DISCOVER;3;
606.4434;16;32.2716;-17.15688;3;15;EXTRACT;3;
608.4502;16;32.2716;-17.15688;3;14;EXTRACT;3;
610.4551;16;32.2716;-17.15688;3;13;EXTRACT;3;
612.418;16;32.2716;-17.15688;3;12;EXTRACT;3;
614.2227;16;32.2716;-17.15688;3;12;DISCOVER;1;
614.4229;16;32.2716;-17.15688;3;11;EXTRACT;3;
616.4365;26;14.77335;7.731247;3;16;DISCOVER;2;
616.4365;16;32.2716;-17.15688;3;10;EXTRACT;3;
616.7979;16;32.2716;-17.15688;3;9;EXTRACT;1;
618.4414;16;32.2716;-17.15688;3;8;EXTRACT;3;
618.8418;16;32.2716;-17.15688;3;7;EXTRACT;1;
619.7637;26;14.77335;7.731247;3;15;EXTRACT;2;
620.4463;16;32.2716;-17.15688;3;6;EXTRACT;3;
620.8066;16;32.2716;-17.15688;3;5;EXTRACT;1;
621.7676;26;14.77335;7.731247;3;14;EXTRACT;2;
622.4502;16;32.2716;-17.15688;3;4;EXTRACT;3;
622.8125;16;32.2716;-17.15688;3;3;EXTRACT;1;
623.7754;26;14.77335;7.731247;3;13;EXTRACT;2;
624.4189;16;32.2716;-17.15688;3;2;EXTRACT;3;
624.7393;26;14.77335;7.731247;3;13;DISCOVER;0;
624.8193;16;32.2716;-17.15688;3;1;EXTRACT;1;
625.7803;26;14.77335;7.731247;3;12;EXTRACT;2;
626.4209;16;32.2716;-17.15688;3;0;EXTRACT;3;
626.4004;16;32.2716;-17.15688;3;0;DESTROYED;;
626.4209;39;31.29765;-28.14239;3;16;CREATED;;
627.582;26;14.77335;7.731247;3;11;EXTRACT;0;
627.7832;26;14.77335;7.731247;3;10;EXTRACT;2;
629.5869;26;14.77335;7.731247;3;9;EXTRACT;0;
629.7871;26;14.77335;7.731247;3;8;EXTRACT;2;
631.5918;26;14.77335;7.731247;3;7;EXTRACT;0;
631.793;26;14.77335;7.731247;3;6;EXTRACT;2;
633.5977;26;14.77335;7.731247;3;5;EXTRACT;0;
633.7979;26;14.77335;7.731247;3;4;EXTRACT;2;
635.6025;26;14.77335;7.731247;3;3;EXTRACT;0;
635.8027;26;14.77335;7.731247;3;2;EXTRACT;2;
637.6094;26;14.77335;7.731247;3;1;EXTRACT;0;
637.8086;26;14.77335;7.731247;3;0;EXTRACT;2;
637.7998;26;14.77335;7.731247;3;0;DESTROYED;;
637.8086;40;-20.09738;40.32024;3;16;CREATED;;
648.5645;38;-4.156399;10.80721;3;16;DISCOVER;0;
651.2139;38;-4.156399;10.80721;3;15;EXTRACT;0;
653.2168;38;-4.156399;10.80721;3;14;EXTRACT;0;
655.1807;38;-4.156399;10.80721;3;13;EXTRACT;0;
657.1885;38;-4.156399;10.80721;3;12;EXTRACT;0;
659.1953;38;-4.156399;10.80721;3;11;EXTRACT;0;
661.1992;38;-4.156399;10.80721;3;10;EXTRACT;0;
663.2031;38;-4.156399;10.80721;3;9;EXTRACT;0;
663.7637;38;-4.156399;10.80721;3;9;DISCOVER;2;
664.0039;37;28.24002;25.53434;3;16;DISCOVER;3;
665.208;38;-4.156399;10.80721;3;8;EXTRACT;0;
666.5332;38;-4.156399;10.80721;3;7;EXTRACT;2;
666.8525;37;28.24002;25.53434;3;15;EXTRACT;3;
667.2148;38;-4.156399;10.80721;3;6;EXTRACT;0;
668.5371;38;-4.156399;10.80721;3;5;EXTRACT;2;
668.8574;37;28.24002;25.53434;3;14;EXTRACT;3;
669.2188;38;-4.156399;10.80721;3;4;EXTRACT;0;
670.542;38;-4.156399;10.80721;3;3;EXTRACT;2;
670.8643;37;28.24002;25.53434;3;13;EXTRACT;3;
671.1846;38;-4.156399;10.80721;3;2;EXTRACT;0;
672.2256;38;-4.156399;10.80721;3;2;DISCOVER;1;
672.5469;38;-4.156399;10.80721;3;1;EXTRACT;2;
672.8662;37;28.24002;25.53434;3;12;EXTRACT;3;
673.1875;38;-4.156399;10.80721;3;0;EXTRACT;0;
673.1602;38;-4.156399;10.80721;3;0;DESTROYED;;
673.1875;41;-40.21514;34.57732;3;16;CREATED;;
674.8691;37;28.24002;25.53434;3;11;EXTRACT;3;
676.875;37;28.24002;25.53434;3;10;EXTRACT;3;
678.8389;37;28.24002;25.53434;3;9;EXTRACT;3;
680.8457;37;28.24002;25.53434;3;8;EXTRACT;3;
682.8486;37;28.24002;25.53434;3;7;EXTRACT;3;
684.8545;37;28.24002;25.53434;3;6;EXTRACT;3;
686.8594;37;28.24002;25.53434;3;5;EXTRACT;3;
688.8633;37;28.24002;25.53434;3;4;EXTRACT;3;
690.8682;37;28.24002;25.53434;3;3;EXTRACT;3;
692.874;37;28.24002;25.53434;3;2;EXTRACT;3;
694.8398;37;28.24002;25.53434;3;1;EXTRACT;3;
696.8457;37;28.24002;25.53434;3;0;EXTRACT;3;
696.8398;37;28.24002;25.53434;3;0;DESTROYED;;
696.8457;42;-6.637894;-34.57192;3;16;CREATED;;
706.917;35;15.38792;-0.5255051;3;16;DISCOVER;1;
707.3184;36;19.55781;38.59514;3;16;DISCOVER;3;
710.2061;36;19.55781;38.59514;3;15;EXTRACT;3;
710.2061;35;15.38792;-0.5255051;3;15;EXTRACT;1;
712.1738;36;19.55781;38.59514;3;14;EXTRACT;3;
712.2139;35;15.38792;-0.5255051;3;14;EXTRACT;1;
714.1797;36;19.55781;38.59514;3;13;EXTRACT;3;
714.2197;35;15.38792;-0.5255051;3;13;EXTRACT;1;
716.1865;36;19.55781;38.59514;3;12;EXTRACT;3;
716.2266;35;15.38792;-0.5255051;3;12;EXTRACT;1;
717.0322;34;-27.96375;30.00261;3;16;DISCOVER;0;
718.1943;36;19.55781;38.59514;3;11;EXTRACT;3;
718.1943;35;15.38792;-0.5255051;3;11;EXTRACT;1;
