Time;PatchID;PositionX;PositionZ;Radius;CoinAmount;PatchEvent;TriggerPlayer;
0;396;-10.49368;-11.60101;3;48;CREATED;;
0;397;4.616776;-30.42571;3;48;CREATED;;
0;398;-37.64919;-15.59386;3;48;CREATED;;
0;399;33.58225;-4.526566;3;48;CREATED;;
0;400;1.78064;-2.852684;3;48;CREATED;;
9.015625;396;-10.49368;-11.60101;3;48;DISCOVER;0;
12.3125;396;-10.49368;-11.60101;3;47;EXTRACT;0;
14.28125;396;-10.49368;-11.60101;3;46;EXTRACT;0;
16.28906;396;-10.49368;-11.60101;3;45;EXTRACT;0;
18.29688;396;-10.49368;-11.60101;3;44;EXTRACT;0;
20.29688;396;-10.49368;-11.60101;3;43;EXTRACT;0;
22.3125;396;-10.49368;-11.60101;3;42;EXTRACT;0;
24.32031;396;-10.49368;-11.60101;3;41;EXTRACT;0;
26.28906;396;-10.49368;-11.60101;3;40;EXTRACT;0;
28.28906;396;-10.49368;-11.60101;3;39;EXTRACT;0;
30.29688;396;-10.49368;-11.60101;3;38;EXTRACT;0;
32.29688;396;-10.49368;-11.60101;3;37;EXTRACT;0;
33.70313;400;1.78064;-2.852684;3;48;DISCOVER;2;
34.30469;396;-10.49368;-11.60101;3;36;EXTRACT;0;
36.3125;396;-10.49368;-11.60101;3;35;EXTRACT;0;
36.95313;400;1.78064;-2.852684;3;47;EXTRACT;2;
38.3125;396;-10.49368;-11.60101;3;34;EXTRACT;0;
38.95313;400;1.78064;-2.852684;3;46;EXTRACT;2;
40.32031;396;-10.49368;-11.60101;3;33;EXTRACT;0;
40.96094;400;1.78064;-2.852684;3;45;EXTRACT;2;
42.28906;396;-10.49368;-11.60101;3;32;EXTRACT;0;
42.96875;400;1.78064;-2.852684;3;44;EXTRACT;2;
44.29688;396;-10.49368;-11.60101;3;31;EXTRACT;0;
44.97656;400;1.78064;-2.852684;3;43;EXTRACT;2;
46.29688;396;-10.49368;-11.60101;3;30;EXTRACT;0;
46.98438;400;1.78064;-2.852684;3;42;EXTRACT;2;
48.30469;396;-10.49368;-11.60101;3;29;EXTRACT;0;
48.95313;400;1.78064;-2.852684;3;41;EXTRACT;2;
50.3125;396;-10.49368;-11.60101;3;28;EXTRACT;0;
50.95313;400;1.78064;-2.852684;3;40;EXTRACT;2;
52.32031;396;-10.49368;-11.60101;3;27;EXTRACT;0;
52.96094;400;1.78064;-2.852684;3;39;EXTRACT;2;
54.28125;396;-10.49368;-11.60101;3;26;EXTRACT;0;
54.96875;400;1.78064;-2.852684;3;38;EXTRACT;2;
56.28906;396;-10.49368;-11.60101;3;25;EXTRACT;0;
56.97656;400;1.78064;-2.852684;3;37;EXTRACT;2;
58.29688;396;-10.49368;-11.60101;3;24;EXTRACT;0;
58.98438;400;1.78064;-2.852684;3;36;EXTRACT;2;
60.3125;396;-10.49368;-11.60101;3;23;EXTRACT;0;
60.95313;400;1.78064;-2.852684;3;35;EXTRACT;2;
61.55469;400;1.78064;-2.852684;3;35;DISCOVER;3;
62.32031;396;-10.49368;-11.60101;3;22;EXTRACT;0;
62.96094;400;1.78064;-2.852684;3;34;EXTRACT;2;
64.28125;396;-10.49368;-11.60101;3;21;EXTRACT;0;
64.36719;400;1.78064;-2.852684;3;33;EXTRACT;3;
64.96875;400;1.78064;-2.852684;3;32;EXTRACT;2;
66.28906;396;-10.49368;-11.60101;3;20;EXTRACT;0;
66.36719;400;1.78064;-2.852684;3;31;EXTRACT;3;
66.96875;400;1.78064;-2.852684;3;30;EXTRACT;2;
68.29688;396;-10.49368;-11.60101;3;19;EXTRACT;0;
68.375;400;1.78064;-2.852684;3;29;EXTRACT;3;
68.97656;400;1.78064;-2.852684;3;28;EXTRACT;2;
70.29688;396;-10.49368;-11.60101;3;18;EXTRACT;0;
70.38281;400;1.78064;-2.852684;3;27;EXTRACT;3;
70.98438;400;1.78064;-2.852684;3;26;EXTRACT;2;
72.30469;396;-10.49368;-11.60101;3;17;EXTRACT;0;
72.39063;400;1.78064;-2.852684;3;25;EXTRACT;3;
72.99219;400;1.78064;-2.852684;3;24;EXTRACT;2;
74.32031;396;-10.49368;-11.60101;3;16;EXTRACT;0;
74.35938;400;1.78064;-2.852684;3;23;EXTRACT;3;
74.96094;400;1.78064;-2.852684;3;22;EXTRACT;2;
76.28125;396;-10.49368;-11.60101;3;15;EXTRACT;0;
76.36719;400;1.78064;-2.852684;3;21;EXTRACT;3;
76.96875;400;1.78064;-2.852684;3;20;EXTRACT;2;
78.28906;396;-10.49368;-11.60101;3;14;EXTRACT;0;
78.36719;400;1.78064;-2.852684;3;19;EXTRACT;3;
78.96875;400;1.78064;-2.852684;3;18;EXTRACT;2;
80.29688;396;-10.49368;-11.60101;3;13;EXTRACT;0;
80.375;400;1.78064;-2.852684;3;17;EXTRACT;3;
80.97656;400;1.78064;-2.852684;3;16;EXTRACT;2;
82.30469;396;-10.49368;-11.60101;3;12;EXTRACT;0;
82.38281;400;1.78064;-2.852684;3;15;EXTRACT;3;
82.98438;400;1.78064;-2.852684;3;14;EXTRACT;2;
84.30469;396;-10.49368;-11.60101;3;11;EXTRACT;0;
84.38281;400;1.78064;-2.852684;3;13;EXTRACT;3;
84.99219;400;1.78064;-2.852684;3;12;EXTRACT;2;
86.32031;396;-10.49368;-11.60101;3;10;EXTRACT;0;
86.39844;400;1.78064;-2.852684;3;11;EXTRACT;3;
86.96094;400;1.78064;-2.852684;3;10;EXTRACT;2;
88.28906;396;-10.49368;-11.60101;3;9;EXTRACT;0;
88.375;400;1.78064;-2.852684;3;9;EXTRACT;3;
88.97656;400;1.78064;-2.852684;3;8;EXTRACT;2;
90.29688;396;-10.49368;-11.60101;3;8;EXTRACT;0;
90.375;400;1.78064;-2.852684;3;7;EXTRACT;3;
90.97656;400;1.78064;-2.852684;3;6;EXTRACT;2;
92.30469;396;-10.49368;-11.60101;3;7;EXTRACT;0;
92.38281;400;1.78064;-2.852684;3;5;EXTRACT;3;
92.98438;400;1.78064;-2.852684;3;4;EXTRACT;2;
94.3125;396;-10.49368;-11.60101;3;6;EXTRACT;0;
94.39844;400;1.78064;-2.852684;3;3;EXTRACT;3;
94.95313;400;1.78064;-2.852684;3;2;EXTRACT;2;
96.07813;398;-37.64919;-15.59386;3;48;DISCOVER;1;
96.32031;396;-10.49368;-11.60101;3;5;EXTRACT;0;
96.39844;400;1.78064;-2.852684;3;1;EXTRACT;3;
96.96094;400;1.78064;-2.852684;3;0;EXTRACT;2;
96.96094;400;1.78064;-2.852684;3;0;DESTROYED;;
96.96094;401;-5.816494;-17.56565;3;48;CREATED;;
98.32031;396;-10.49368;-11.60101;3;4;EXTRACT;0;
99.32813;398;-37.64919;-15.59386;3;47;EXTRACT;1;
100.2891;396;-10.49368;-11.60101;3;3;EXTRACT;0;
101.3281;398;-37.64919;-15.59386;3;46;EXTRACT;1;
102.2891;396;-10.49368;-11.60101;3;2;EXTRACT;0;
103.3359;398;-37.64919;-15.59386;3;45;EXTRACT;1;
104.2969;396;-10.49368;-11.60101;3;1;EXTRACT;0;
105.2969;398;-37.64919;-15.59386;3;44;EXTRACT;1;
106.2188;396;-10.49368;-11.60101;3;1;DISCOVER;2;
106.3047;396;-10.49368;-11.60101;3;0;EXTRACT;0;
106.2813;396;-10.49368;-11.60101;3;0;DESTROYED;;
106.3047;402;41.39976;-23.33565;3;48;CREATED;;
107.3047;398;-37.64919;-15.59386;3;43;EXTRACT;1;
109.3125;398;-37.64919;-15.59386;3;42;EXTRACT;1;
111.3203;398;-37.64919;-15.59386;3;41;EXTRACT;1;
113.3281;398;-37.64919;-15.59386;3;40;EXTRACT;1;
115.2969;398;-37.64919;-15.59386;3;39;EXTRACT;1;
117.2969;398;-37.64919;-15.59386;3;38;EXTRACT;1;
119.3047;398;-37.64919;-15.59386;3;37;EXTRACT;1;
121.3125;398;-37.64919;-15.59386;3;36;EXTRACT;1;
123.1172;398;-37.64919;-15.59386;3;36;DISCOVER;3;
123.3203;398;-37.64919;-15.59386;3;35;EXTRACT;1;
125.3281;398;-37.64919;-15.59386;3;34;EXTRACT;1;
125.9297;398;-37.64919;-15.59386;3;33;EXTRACT;3;
127.2969;398;-37.64919;-15.59386;3;32;EXTRACT;1;
127.9375;398;-37.64919;-15.59386;3;31;EXTRACT;3;
129.3047;398;-37.64919;-15.59386;3;30;EXTRACT;1;
129.9453;398;-37.64919;-15.59386;3;29;EXTRACT;3;
131.3125;398;-37.64919;-15.59386;3;28;EXTRACT;1;
131.9531;398;-37.64919;-15.59386;3;27;EXTRACT;3;
133.3203;398;-37.64919;-15.59386;3;26;EXTRACT;1;
133.9219;398;-37.64919;-15.59386;3;25;EXTRACT;3;
135.3281;398;-37.64919;-15.59386;3;24;EXTRACT;1;
135.9297;398;-37.64919;-15.59386;3;23;EXTRACT;3;
136.1328;398;-37.64919;-15.59386;3;23;DISCOVER;2;
137.3359;398;-37.64919;-15.59386;3;22;EXTRACT;1;
137.9375;398;-37.64919;-15.59386;3;21;EXTRACT;3;
139.2969;398;-37.64919;-15.59386;3;20;EXTRACT;1;
139.4219;398;-37.64919;-15.59386;3;19;EXTRACT;2;
139.9453;398;-37.64919;-15.59386;3;18;EXTRACT;3;
141.3047;398;-37.64919;-15.59386;3;17;EXTRACT;1;
141.4297;398;-37.64919;-15.59386;3;16;EXTRACT;2;
141.9453;398;-37.64919;-15.59386;3;15;EXTRACT;3;
143.3125;398;-37.64919;-15.59386;3;14;EXTRACT;1;
143.3906;398;-37.64919;-15.59386;3;13;EXTRACT;2;
143.9531;398;-37.64919;-15.59386;3;12;EXTRACT;3;
145.3203;398;-37.64919;-15.59386;3;11;EXTRACT;1;
145.3984;398;-37.64919;-15.59386;3;10;EXTRACT;2;
145.9609;398;-37.64919;-15.59386;3;9;EXTRACT;3;
147.3203;398;-37.64919;-15.59386;3;8;EXTRACT;1;
147.4063;398;-37.64919;-15.59386;3;7;EXTRACT;2;
147.9219;398;-37.64919;-15.59386;3;6;EXTRACT;3;
149.3281;398;-37.64919;-15.59386;3;5;EXTRACT;1;
149.4063;398;-37.64919;-15.59386;3;4;EXTRACT;2;
149.9297;398;-37.64919;-15.59386;3;3;EXTRACT;3;
151.3359;398;-37.64919;-15.59386;3;2;EXTRACT;1;
151.4141;398;-37.64919;-15.59386;3;1;EXTRACT;2;
151.9375;398;-37.64919;-15.59386;3;0;EXTRACT;3;
151.9141;398;-37.64919;-15.59386;3;0;DESTROYED;;
151.9375;403;41.4063;8.631676;3;48;CREATED;;
184.9375;397;4.616776;-30.42571;3;48;DISCOVER;2;
188.8281;397;4.616776;-30.42571;3;47;EXTRACT;2;
188.8281;397;4.616776;-30.42571;3;47;DISCOVER;3;
190.8359;397;4.616776;-30.42571;3;46;EXTRACT;2;
192;397;4.616776;-30.42571;3;45;EXTRACT;3;
192.8438;397;4.616776;-30.42571;3;44;EXTRACT;2;
194.0078;397;4.616776;-30.42571;3;43;EXTRACT;3;
194.8516;397;4.616776;-30.42571;3;42;EXTRACT;2;
196.0156;397;4.616776;-30.42571;3;41;EXTRACT;3;
196.8594;397;4.616776;-30.42571;3;40;EXTRACT;2;
198.0156;397;4.616776;-30.42571;3;39;EXTRACT;3;
198.8594;397;4.616776;-30.42571;3;38;EXTRACT;2;
200.0313;397;4.616776;-30.42571;3;37;EXTRACT;3;
200.8359;397;4.616776;-30.42571;3;36;EXTRACT;2;
201.9922;397;4.616776;-30.42571;3;35;EXTRACT;3;
202.8359;397;4.616776;-30.42571;3;34;EXTRACT;2;
204;397;4.616776;-30.42571;3;33;EXTRACT;3;
204.8438;397;4.616776;-30.42571;3;32;EXTRACT;2;
206.0156;397;4.616776;-30.42571;3;31;EXTRACT;3;
206.8594;397;4.616776;-30.42571;3;30;EXTRACT;2;
208.0234;397;4.616776;-30.42571;3;29;EXTRACT;3;
208.8281;397;4.616776;-30.42571;3;28;EXTRACT;2;
209.9922;397;4.616776;-30.42571;3;27;EXTRACT;3;
210.8359;397;4.616776;-30.42571;3;26;EXTRACT;2;
212;397;4.616776;-30.42571;3;25;EXTRACT;3;
212.8438;397;4.616776;-30.42571;3;24;EXTRACT;2;
214.0078;397;4.616776;-30.42571;3;23;EXTRACT;3;
214.8516;397;4.616776;-30.42571;3;22;EXTRACT;2;
216.0078;397;4.616776;-30.42571;3;21;EXTRACT;3;
216.8516;397;4.616776;-30.42571;3;20;EXTRACT;2;
218.0156;397;4.616776;-30.42571;3;19;EXTRACT;3;
218.8594;397;4.616776;-30.42571;3;18;EXTRACT;2;
220.0234;397;4.616776;-30.42571;3;17;EXTRACT;3;
220.8281;397;4.616776;-30.42571;3;16;EXTRACT;2;
221.9922;397;4.616776;-30.42571;3;15;EXTRACT;3;
222.8359;397;4.616776;-30.42571;3;14;EXTRACT;2;
224;397;4.616776;-30.42571;3;13;EXTRACT;3;
224.8359;397;4.616776;-30.42571;3;12;EXTRACT;2;
226;397;4.616776;-30.42571;3;11;EXTRACT;3;
226.8438;397;4.616776;-30.42571;3;10;EXTRACT;2;
228.0156;397;4.616776;-30.42571;3;9;EXTRACT;3;
228.8516;397;4.616776;-30.42571;3;8;EXTRACT;2;
230.0156;397;4.616776;-30.42571;3;7;EXTRACT;3;
230.8594;397;4.616776;-30.42571;3;6;EXTRACT;2;
232.0234;397;4.616776;-30.42571;3;5;EXTRACT;3;
232.8281;397;4.616776;-30.42571;3;4;EXTRACT;2;
233.9922;397;4.616776;-30.42571;3;3;EXTRACT;3;
234.8359;397;4.616776;-30.42571;3;2;EXTRACT;2;
236;397;4.616776;-30.42571;3;1;EXTRACT;3;
236.8438;397;4.616776;-30.42571;3;0;EXTRACT;2;
236.8359;397;4.616776;-30.42571;3;0;DESTROYED;;
236.8438;404;-9.440502;6.019463;3;48;CREATED;;
303.6953;401;-5.816494;-17.56565;3;48;DISCOVER;0;
307.9063;401;-5.816494;-17.56565;3;47;EXTRACT;0;
309.9141;401;-5.816494;-17.56565;3;46;EXTRACT;0;
311.9219;401;-5.816494;-17.56565;3;45;EXTRACT;0;
313.9219;401;-5.816494;-17.56565;3;44;EXTRACT;0;
315.9297;401;-5.816494;-17.56565;3;43;EXTRACT;0;
317.8984;401;-5.816494;-17.56565;3;42;EXTRACT;0;
319.8984;401;-5.816494;-17.56565;3;41;EXTRACT;0;
321.9063;401;-5.816494;-17.56565;3;40;EXTRACT;0;
323.9219;401;-5.816494;-17.56565;3;39;EXTRACT;0;
325.6406;401;-5.816494;-17.56565;3;39;DISCOVER;3;
325.9219;401;-5.816494;-17.56565;3;38;EXTRACT;0;
327.9297;401;-5.816494;-17.56565;3;37;EXTRACT;0;
328.4531;401;-5.816494;-17.56565;3;36;EXTRACT;3;
329.9375;401;-5.816494;-17.56565;3;35;EXTRACT;0;
330.4531;401;-5.816494;-17.56565;3;34;EXTRACT;3;
331.9375;401;-5.816494;-17.56565;3;33;EXTRACT;0;
332.4609;401;-5.816494;-17.56565;3;32;EXTRACT;3;
333.9453;401;-5.816494;-17.56565;3;31;EXTRACT;0;
334.4609;401;-5.816494;-17.56565;3;30;EXTRACT;3;
335.9453;401;-5.816494;-17.56565;3;29;EXTRACT;0;
336.4688;401;-5.816494;-17.56565;3;28;EXTRACT;3;
337.9141;401;-5.816494;-17.56565;3;27;EXTRACT;0;
338.4297;401;-5.816494;-17.56565;3;26;EXTRACT;3;
339.9141;401;-5.816494;-17.56565;3;25;EXTRACT;0;
340.4375;401;-5.816494;-17.56565;3;24;EXTRACT;3;
341.9219;401;-5.816494;-17.56565;3;23;EXTRACT;0;
342.4453;401;-5.816494;-17.56565;3;22;EXTRACT;3;
343.9297;401;-5.816494;-17.56565;3;21;EXTRACT;0;
344.4531;401;-5.816494;-17.56565;3;20;EXTRACT;3;
345.9375;401;-5.816494;-17.56565;3;19;EXTRACT;0;
346.4531;401;-5.816494;-17.56565;3;18;EXTRACT;3;
347.9375;401;-5.816494;-17.56565;3;17;EXTRACT;0;
348.4609;401;-5.816494;-17.56565;3;16;EXTRACT;3;
349.9453;401;-5.816494;-17.56565;3;15;EXTRACT;0;
350.4688;401;-5.816494;-17.56565;3;14;EXTRACT;3;
351.9531;401;-5.816494;-17.56565;3;13;EXTRACT;0;
352.4297;401;-5.816494;-17.56565;3;12;EXTRACT;3;
353.9141;401;-5.816494;-17.56565;3;11;EXTRACT;0;
354.4375;401;-5.816494;-17.56565;3;10;EXTRACT;3;
355.9219;401;-5.816494;-17.56565;3;9;EXTRACT;0;
356.4453;401;-5.816494;-17.56565;3;8;EXTRACT;3;
357.9297;401;-5.816494;-17.56565;3;7;EXTRACT;0;
358.4453;401;-5.816494;-17.56565;3;6;EXTRACT;3;
359.9297;401;-5.816494;-17.56565;3;5;EXTRACT;0;
360.4531;401;-5.816494;-17.56565;3;4;EXTRACT;3;
361.9375;401;-5.816494;-17.56565;3;3;EXTRACT;0;
362.4609;401;-5.816494;-17.56565;3;2;EXTRACT;3;
363.9375;401;-5.816494;-17.56565;3;1;EXTRACT;0;
364.4609;401;-5.816494;-17.56565;3;0;EXTRACT;3;
364.4375;401;-5.816494;-17.56565;3;0;DESTROYED;;
364.4609;405;-16.44715;-8.333736;3;48;CREATED;;
365.3047;405;-16.44715;-8.333736;3;48;DISCOVER;2;
368.5547;405;-16.44715;-8.333736;3;47;EXTRACT;2;
370.5625;405;-16.44715;-8.333736;3;46;EXTRACT;2;
372.5703;405;-16.44715;-8.333736;3;45;EXTRACT;2;
374.5781;405;-16.44715;-8.333736;3;44;EXTRACT;2;
376.5859;405;-16.44715;-8.333736;3;43;EXTRACT;2;
378.5469;405;-16.44715;-8.333736;3;42;EXTRACT;2;
380.5547;405;-16.44715;-8.333736;3;41;EXTRACT;2;
382.5625;405;-16.44715;-8.333736;3;40;EXTRACT;2;
384.5625;405;-16.44715;-8.333736;3;39;EXTRACT;2;
384.7656;405;-16.44715;-8.333736;3;39;DISCOVER;0;
386.5703;405;-16.44715;-8.333736;3;38;EXTRACT;2;
387.6484;405;-16.44715;-8.333736;3;37;EXTRACT;0;
388.5703;405;-16.44715;-8.333736;3;36;EXTRACT;2;
389.6172;405;-16.44715;-8.333736;3;35;EXTRACT;0;
390.5781;405;-16.44715;-8.333736;3;34;EXTRACT;2;
391.6172;405;-16.44715;-8.333736;3;33;EXTRACT;0;
392.5859;405;-16.44715;-8.333736;3;32;EXTRACT;2;
393.625;405;-16.44715;-8.333736;3;31;EXTRACT;0;
394.5469;405;-16.44715;-8.333736;3;30;EXTRACT;2;
395.5938;405;-16.44715;-8.333736;3;30;DISCOVER;3;
395.6328;405;-16.44715;-8.333736;3;29;EXTRACT;0;
396.5547;405;-16.44715;-8.333736;3;28;EXTRACT;2;
397.6406;405;-16.44715;-8.333736;3;27;EXTRACT;0;
398.3203;405;-16.44715;-8.333736;3;26;EXTRACT;3;
398.5625;405;-16.44715;-8.333736;3;25;EXTRACT;2;
399.6484;405;-16.44715;-8.333736;3;24;EXTRACT;0;
400.3281;405;-16.44715;-8.333736;3;23;EXTRACT;3;
400.5703;405;-16.44715;-8.333736;3;22;EXTRACT;2;
401.6172;405;-16.44715;-8.333736;3;21;EXTRACT;0;
402.2969;405;-16.44715;-8.333736;3;20;EXTRACT;3;
402.5781;405;-16.44715;-8.333736;3;19;EXTRACT;2;
402.625;405;-16.44715;-8.333736;3;19;DISCOVER;1;
403.625;405;-16.44715;-8.333736;3;18;EXTRACT;0;
404.3047;405;-16.44715;-8.333736;3;17;EXTRACT;3;
404.5859;405;-16.44715;-8.333736;3;16;EXTRACT;2;
405.5469;405;-16.44715;-8.333736;3;15;EXTRACT;1;
405.625;405;-16.44715;-8.333736;3;14;EXTRACT;0;
406.3047;405;-16.44715;-8.333736;3;13;EXTRACT;3;
406.5859;405;-16.44715;-8.333736;3;12;EXTRACT;2;
407.5469;405;-16.44715;-8.333736;3;11;EXTRACT;1;
407.625;405;-16.44715;-8.333736;3;10;EXTRACT;0;
408.3125;405;-16.44715;-8.333736;3;9;EXTRACT;3;
408.5469;405;-16.44715;-8.333736;3;8;EXTRACT;2;
409.5547;405;-16.44715;-8.333736;3;7;EXTRACT;1;
409.6328;405;-16.44715;-8.333736;3;6;EXTRACT;0;
410.3125;405;-16.44715;-8.333736;3;5;EXTRACT;3;
410.5547;405;-16.44715;-8.333736;3;4;EXTRACT;2;
411.5547;405;-16.44715;-8.333736;3;3;EXTRACT;1;
411.6328;405;-16.44715;-8.333736;3;2;EXTRACT;0;
412.3125;405;-16.44715;-8.333736;3;1;EXTRACT;3;
412.5547;405;-16.44715;-8.333736;3;0;EXTRACT;2;
412.5156;405;-16.44715;-8.333736;3;0;DESTROYED;;
412.5547;406;-18.61416;17.06812;3;48;CREATED;;
426.8906;406;-18.61416;17.06812;3;48;DISCOVER;1;
431.4688;406;-18.61416;17.06812;3;47;EXTRACT;1;
433.4766;406;-18.61416;17.06812;3;46;EXTRACT;1;
435.4453;406;-18.61416;17.06812;3;45;EXTRACT;1;
437.4609;406;-18.61416;17.06812;3;44;EXTRACT;1;
439.4609;406;-18.61416;17.06812;3;43;EXTRACT;1;
441.4688;406;-18.61416;17.06812;3;42;EXTRACT;1;
443.4766;406;-18.61416;17.06812;3;41;EXTRACT;1;
445.4375;406;-18.61416;17.06812;3;40;EXTRACT;1;
447.4453;406;-18.61416;17.06812;3;39;EXTRACT;1;
449.4531;406;-18.61416;17.06812;3;38;EXTRACT;1;
451.2969;406;-18.61416;17.06812;3;38;DISCOVER;0;
451.4609;406;-18.61416;17.06812;3;37;EXTRACT;1;
453.4688;406;-18.61416;17.06812;3;36;EXTRACT;1;
453.7891;404;-9.440502;6.019463;3;48;DISCOVER;2;
453.9844;406;-18.61416;17.06812;3;35;EXTRACT;0;
455.4766;406;-18.61416;17.06812;3;34;EXTRACT;1;
455.9922;406;-18.61416;17.06812;3;33;EXTRACT;0;
456.9141;404;-9.440502;6.019463;3;47;EXTRACT;2;
457.4766;406;-18.61416;17.06812;3;32;EXTRACT;1;
457.5156;404;-9.440502;6.019463;3;47;DISCOVER;3;
458;406;-18.61416;17.06812;3;31;EXTRACT;0;
458.9219;404;-9.440502;6.019463;3;46;EXTRACT;2;
459.4375;406;-18.61416;17.06812;3;30;EXTRACT;1;
460;406;-18.61416;17.06812;3;29;EXTRACT;0;
460.3203;404;-9.440502;6.019463;3;45;EXTRACT;3;
460.9219;404;-9.440502;6.019463;3;44;EXTRACT;2;
461.4453;406;-18.61416;17.06812;3;28;EXTRACT;1;
462;406;-18.61416;17.06812;3;27;EXTRACT;0;
462.3203;404;-9.440502;6.019463;3;43;EXTRACT;3;
462.9219;404;-9.440502;6.019463;3;42;EXTRACT;2;
463.4453;406;-18.61416;17.06812;3;26;EXTRACT;1;
463.9688;406;-18.61416;17.06812;3;25;EXTRACT;0;
464.3281;404;-9.440502;6.019463;3;41;EXTRACT;3;
464.9297;404;-9.440502;6.019463;3;40;EXTRACT;2;
465.4453;406;-18.61416;17.06812;3;24;EXTRACT;1;
465.9688;406;-18.61416;17.06812;3;23;EXTRACT;0;
466.3281;404;-9.440502;6.019463;3;39;EXTRACT;3;
466.9297;404;-9.440502;6.019463;3;38;EXTRACT;2;
467.4531;406;-18.61416;17.06812;3;22;EXTRACT;1;
467.9688;406;-18.61416;17.06812;3;21;EXTRACT;0;
468.3359;404;-9.440502;6.019463;3;37;EXTRACT;3;
468.9375;404;-9.440502;6.019463;3;36;EXTRACT;2;
469.4531;406;-18.61416;17.06812;3;20;EXTRACT;1;
469.9766;406;-18.61416;17.06812;3;19;EXTRACT;0;
470.3047;404;-9.440502;6.019463;3;35;EXTRACT;3;
470.9063;404;-9.440502;6.019463;3;34;EXTRACT;2;
471.4688;406;-18.61416;17.06812;3;18;EXTRACT;1;
471.9922;406;-18.61416;17.06812;3;17;EXTRACT;0;
472.3125;404;-9.440502;6.019463;3;33;EXTRACT;3;
472.9141;404;-9.440502;6.019463;3;32;EXTRACT;2;
473.4688;406;-18.61416;17.06812;3;16;EXTRACT;1;
473.9922;406;-18.61416;17.06812;3;15;EXTRACT;0;
474.3125;404;-9.440502;6.019463;3;31;EXTRACT;3;
474.9141;404;-9.440502;6.019463;3;30;EXTRACT;2;
475.4766;406;-18.61416;17.06812;3;14;EXTRACT;1;
475.9922;406;-18.61416;17.06812;3;13;EXTRACT;0;
476.3125;404;-9.440502;6.019463;3;29;EXTRACT;3;
476.9141;404;-9.440502;6.019463;3;28;EXTRACT;2;
477.4766;406;-18.61416;17.06812;3;12;EXTRACT;1;
478;406;-18.61416;17.06812;3;11;EXTRACT;0;
478.3203;404;-9.440502;6.019463;3;27;EXTRACT;3;
478.9219;404;-9.440502;6.019463;3;26;EXTRACT;2;
479.4844;406;-18.61416;17.06812;3;10;EXTRACT;1;
480;406;-18.61416;17.06812;3;9;EXTRACT;0;
480.3203;404;-9.440502;6.019463;3;25;EXTRACT;3;
480.9219;404;-9.440502;6.019463;3;24;EXTRACT;2;
481.4844;406;-18.61416;17.06812;3;8;EXTRACT;1;
482.0078;406;-18.61416;17.06812;3;7;EXTRACT;0;
482.3281;404;-9.440502;6.019463;3;23;EXTRACT;3;
482.9297;404;-9.440502;6.019463;3;22;EXTRACT;2;
483.4844;406;-18.61416;17.06812;3;6;EXTRACT;1;
483.9688;406;-18.61416;17.06812;3;5;EXTRACT;0;
484.3281;404;-9.440502;6.019463;3;21;EXTRACT;3;
484.9297;404;-9.440502;6.019463;3;20;EXTRACT;2;
485.4922;406;-18.61416;17.06812;3;4;EXTRACT;1;
485.9688;406;-18.61416;17.06812;3;3;EXTRACT;0;
486.3359;404;-9.440502;6.019463;3;19;EXTRACT;3;
486.9297;404;-9.440502;6.019463;3;18;EXTRACT;2;
487.4922;406;-18.61416;17.06812;3;2;EXTRACT;1;
487.9766;406;-18.61416;17.06812;3;1;EXTRACT;0;
488.3359;404;-9.440502;6.019463;3;17;EXTRACT;3;
488.9375;404;-9.440502;6.019463;3;16;EXTRACT;2;
489.5;406;-18.61416;17.06812;3;0;EXTRACT;1;
489.4766;406;-18.61416;17.06812;3;0;DESTROYED;;
489.5;407;23.2731;-8.423428;3;48;CREATED;;
490.3047;404;-9.440502;6.019463;3;15;EXTRACT;3;
490.9063;404;-9.440502;6.019463;3;14;EXTRACT;2;
492.3047;404;-9.440502;6.019463;3;13;EXTRACT;3;
492.9063;404;-9.440502;6.019463;3;12;EXTRACT;2;
494.3125;404;-9.440502;6.019463;3;11;EXTRACT;3;
494.9141;404;-9.440502;6.019463;3;10;EXTRACT;2;
496.3203;404;-9.440502;6.019463;3;9;EXTRACT;3;
496.9219;404;-9.440502;6.019463;3;8;EXTRACT;2;
498.3281;404;-9.440502;6.019463;3;7;EXTRACT;3;
498.9297;404;-9.440502;6.019463;3;6;EXTRACT;2;
500.3281;404;-9.440502;6.019463;3;5;EXTRACT;3;
500.9297;404;-9.440502;6.019463;3;4;EXTRACT;2;
502.3359;404;-9.440502;6.019463;3;3;EXTRACT;3;
502.9375;404;-9.440502;6.019463;3;2;EXTRACT;2;
504.3438;404;-9.440502;6.019463;3;1;EXTRACT;3;
504.9063;404;-9.440502;6.019463;3;0;EXTRACT;2;
504.875;404;-9.440502;6.019463;3;0;DESTROYED;;
504.9063;408;11.8277;29.60437;3;48;CREATED;;
518.0313;408;11.8277;29.60437;3;48;DISCOVER;0;
522;408;11.8277;29.60437;3;47;EXTRACT;0;
524.0078;408;11.8277;29.60437;3;46;EXTRACT;0;
526.0156;408;11.8277;29.60437;3;45;EXTRACT;0;
527.8984;408;11.8277;29.60437;3;45;DISCOVER;3;
528.0234;408;11.8277;29.60437;3;44;EXTRACT;0;
529.9844;408;11.8277;29.60437;3;43;EXTRACT;0;
530.5859;408;11.8277;29.60437;3;42;EXTRACT;3;
530.7109;408;11.8277;29.60437;3;42;DISCOVER;2;
531.9922;408;11.8277;29.60437;3;41;EXTRACT;0;
532.5938;408;11.8277;29.60437;3;40;EXTRACT;3;
533.9531;408;11.8277;29.60437;3;39;EXTRACT;2;
533.9922;408;11.8277;29.60437;3;38;EXTRACT;0;
534.6016;408;11.8277;29.60437;3;37;EXTRACT;3;
535.9219;408;11.8277;29.60437;3;36;EXTRACT;2;
536.0078;408;11.8277;29.60437;3;35;EXTRACT;0;
536.6094;408;11.8277;29.60437;3;34;EXTRACT;3;
537.9297;408;11.8277;29.60437;3;33;EXTRACT;2;
538.0078;408;11.8277;29.60437;3;32;EXTRACT;0;
538.6094;408;11.8277;29.60437;3;31;EXTRACT;3;
539.9375;408;11.8277;29.60437;3;30;EXTRACT;2;
540.0156;408;11.8277;29.60437;3;29;EXTRACT;0;
540.6172;408;11.8277;29.60437;3;28;EXTRACT;3;
541.9453;408;11.8277;29.60437;3;27;EXTRACT;2;
541.9844;408;11.8277;29.60437;3;26;EXTRACT;0;
542.5938;408;11.8277;29.60437;3;25;EXTRACT;3;
543.9531;408;11.8277;29.60437;3;24;EXTRACT;2;
543.9922;408;11.8277;29.60437;3;23;EXTRACT;0;
544.5938;408;11.8277;29.60437;3;22;EXTRACT;3;
545.9297;408;11.8277;29.60437;3;21;EXTRACT;2;
546.0078;408;11.8277;29.60437;3;20;EXTRACT;0;
546.6094;408;11.8277;29.60437;3;19;EXTRACT;3;
547.9297;408;11.8277;29.60437;3;18;EXTRACT;2;
548.0078;408;11.8277;29.60437;3;17;EXTRACT;0;
548.6172;408;11.8277;29.60437;3;16;EXTRACT;3;
549.9375;408;11.8277;29.60437;3;15;EXTRACT;2;
550.0156;408;11.8277;29.60437;3;14;EXTRACT;0;
550.625;408;11.8277;29.60437;3;13;EXTRACT;3;
551.9453;408;11.8277;29.60437;3;12;EXTRACT;2;
552.0234;408;11.8277;29.60437;3;11;EXTRACT;0;
552.5859;408;11.8277;29.60437;3;10;EXTRACT;3;
553.9531;408;11.8277;29.60437;3;9;EXTRACT;2;
553.9922;408;11.8277;29.60437;3;8;EXTRACT;0;
554.5938;408;11.8277;29.60437;3;7;EXTRACT;3;
555.9297;408;11.8277;29.60437;3;6;EXTRACT;2;
556.0078;408;11.8277;29.60437;3;5;EXTRACT;0;
556.6094;408;11.8277;29.60437;3;4;EXTRACT;3;
557.9297;408;11.8277;29.60437;3;3;EXTRACT;2;
558.0156;408;11.8277;29.60437;3;2;EXTRACT;0;
558.6172;408;11.8277;29.60437;3;1;EXTRACT;3;
559.9375;408;11.8277;29.60437;3;0;EXTRACT;2;
559.9141;408;11.8277;29.60437;3;0;DESTROYED;;
559.9375;409;-29.59842;-3.091499;3;48;CREATED;;
634.5859;399;33.58225;-4.526566;3;48;DISCOVER;0;
638.2344;399;33.58225;-4.526566;3;47;EXTRACT;0;
640.2422;399;33.58225;-4.526566;3;46;EXTRACT;0;
640.6016;399;33.58225;-4.526566;3;46;DISCOVER;2;
642.25;399;33.58225;-4.526566;3;45;EXTRACT;0;
643.6875;399;33.58225;-4.526566;3;44;EXTRACT;2;
644.2109;399;33.58225;-4.526566;3;43;EXTRACT;0;
645.6953;399;33.58225;-4.526566;3;42;EXTRACT;2;
646.2188;399;33.58225;-4.526566;3;41;EXTRACT;0;
647.6563;399;33.58225;-4.526566;3;40;EXTRACT;2;
648.2188;399;33.58225;-4.526566;3;39;EXTRACT;0;
649.6641;399;33.58225;-4.526566;3;38;EXTRACT;2;
650.2266;399;33.58225;-4.526566;3;37;EXTRACT;0;
651.4688;399;33.58225;-4.526566;3;37;DISCOVER;3;
651.6719;399;33.58225;-4.526566;3;36;EXTRACT;2;
652.2344;399;33.58225;-4.526566;3;35;EXTRACT;0;
653.6719;399;33.58225;-4.526566;3;34;EXTRACT;2;
654.2344;399;33.58225;-4.526566;3;33;EXTRACT;0;
654.8359;399;33.58225;-4.526566;3;32;EXTRACT;3;
655.6797;399;33.58225;-4.526566;3;31;EXTRACT;2;
656.2422;399;33.58225;-4.526566;3;30;EXTRACT;0;
656.8438;399;33.58225;-4.526566;3;29;EXTRACT;3;
657.6875;399;33.58225;-4.526566;3;28;EXTRACT;2;
658.2422;399;33.58225;-4.526566;3;27;EXTRACT;0;
658.8516;399;33.58225;-4.526566;3;26;EXTRACT;3;
659.6875;399;33.58225;-4.526566;3;25;EXTRACT;2;
660.2109;399;33.58225;-4.526566;3;24;EXTRACT;0;
660.8516;399;33.58225;-4.526566;3;23;EXTRACT;3;
661.6953;399;33.58225;-4.526566;3;22;EXTRACT;2;
662.2109;399;33.58225;-4.526566;3;21;EXTRACT;0;
662.8594;399;33.58225;-4.526566;3;20;EXTRACT;3;
663.6953;399;33.58225;-4.526566;3;19;EXTRACT;2;
664.2188;399;33.58225;-4.526566;3;18;EXTRACT;0;
664.8594;399;33.58225;-4.526566;3;17;EXTRACT;3;
665.6641;399;33.58225;-4.526566;3;16;EXTRACT;2;
666.2266;399;33.58225;-4.526566;3;15;EXTRACT;0;
666.8672;399;33.58225;-4.526566;3;14;EXTRACT;3;
667.6641;399;33.58225;-4.526566;3;13;EXTRACT;2;
668.2266;399;33.58225;-4.526566;3;12;EXTRACT;0;
668.8672;399;33.58225;-4.526566;3;11;EXTRACT;3;
669.6797;399;33.58225;-4.526566;3;10;EXTRACT;2;
670.2422;399;33.58225;-4.526566;3;9;EXTRACT;0;
670.8828;399;33.58225;-4.526566;3;8;EXTRACT;3;
671.6875;399;33.58225;-4.526566;3;7;EXTRACT;2;
672.25;399;33.58225;-4.526566;3;6;EXTRACT;0;
672.8516;399;33.58225;-4.526566;3;5;EXTRACT;3;
673.6875;399;33.58225;-4.526566;3;4;EXTRACT;2;
674.2109;399;33.58225;-4.526566;3;3;EXTRACT;0;
674.8516;399;33.58225;-4.526566;3;2;EXTRACT;3;
675.6953;399;33.58225;-4.526566;3;1;EXTRACT;2;
676.2109;399;33.58225;-4.526566;3;0;EXTRACT;0;
676.1953;399;33.58225;-4.526566;3;0;DESTROYED;;
676.2109;410;-16.8998;0.9205055;3;48;CREATED;;
685.5234;407;23.2731;-8.423428;3;48;DISCOVER;2;
688.6094;407;23.2731;-8.423428;3;47;EXTRACT;2;
689.6875;407;23.2731;-8.423428;3;47;DISCOVER;3;
690.6172;407;23.2731;-8.423428;3;46;EXTRACT;2;
692.4609;407;23.2731;-8.423428;3;45;EXTRACT;3;
692.6172;407;23.2731;-8.423428;3;44;EXTRACT;2;
694.4609;407;23.2731;-8.423428;3;43;EXTRACT;3;
694.625;407;23.2731;-8.423428;3;42;EXTRACT;2;
696.4688;407;23.2731;-8.423428;3;41;EXTRACT;3;
696.625;407;23.2731;-8.423428;3;40;EXTRACT;2;
697.5078;407;23.2731;-8.423428;3;40;DISCOVER;0;
698.4688;407;23.2731;-8.423428;3;39;EXTRACT;3;
698.6328;407;23.2731;-8.423428;3;38;EXTRACT;2;
700.1563;407;23.2731;-8.423428;3;37;EXTRACT;0;
700.4766;407;23.2731;-8.423428;3;36;EXTRACT;3;
700.5938;407;23.2731;-8.423428;3;35;EXTRACT;2;
702.1563;407;23.2731;-8.423428;3;34;EXTRACT;0;
702.4844;407;23.2731;-8.423428;3;33;EXTRACT;3;
702.6016;407;23.2731;-8.423428;3;32;EXTRACT;2;
704.1641;407;23.2731;-8.423428;3;31;EXTRACT;0;
704.4453;407;23.2731;-8.423428;3;30;EXTRACT;3;
704.6016;407;23.2731;-8.423428;3;29;EXTRACT;2;
706.1328;407;23.2731;-8.423428;3;28;EXTRACT;0;
706.4531;407;23.2731;-8.423428;3;27;EXTRACT;3;
706.6094;407;23.2731;-8.423428;3;26;EXTRACT;2;
708.1328;407;23.2731;-8.423428;3;25;EXTRACT;0;
708.4531;407;23.2731;-8.423428;3;24;EXTRACT;3;
708.6172;407;23.2731;-8.423428;3;23;EXTRACT;2;
710.1406;407;23.2731;-8.423428;3;22;EXTRACT;0;
710.4609;407;23.2731;-8.423428;3;21;EXTRACT;3;
710.6172;407;23.2731;-8.423428;3;20;EXTRACT;2;
712.1406;407;23.2731;-8.423428;3;19;EXTRACT;0;
712.4609;407;23.2731;-8.423428;3;18;EXTRACT;3;
712.625;407;23.2731;-8.423428;3;17;EXTRACT;2;
714.1484;407;23.2731;-8.423428;3;16;EXTRACT;0;
714.4688;407;23.2731;-8.423428;3;15;EXTRACT;3;
714.625;407;23.2731;-8.423428;3;14;EXTRACT;2;
716.1484;407;23.2731;-8.423428;3;13;EXTRACT;0;
716.4688;407;23.2731;-8.423428;3;12;EXTRACT;3;
716.6328;407;23.2731;-8.423428;3;11;EXTRACT;2;
718.1563;407;23.2731;-8.423428;3;10;EXTRACT;0;
718.4766;407;23.2731;-8.423428;3;9;EXTRACT;3;
718.5938;407;23.2731;-8.423428;3;8;EXTRACT;2;
720.1563;407;23.2731;-8.423428;3;7;EXTRACT;0;
