Time;PatchID;PositionX;PositionZ;Radius;CoinAmount;PatchEvent;TriggerPlayer;
0;377;-10.076;-23.72814;3;48;CREATED;;
0;378;9.213757;-10.30581;3;48;CREATED;;
0;379;-8.413204;-30.20366;3;48;CREATED;;
0;380;-4.842144;10.50219;3;48;CREATED;;
0;381;-44.05326;1.355091;3;48;CREATED;;
27.80469;380;-4.842144;10.50219;3;48;DISCOVER;2;
30.8125;380;-4.842144;10.50219;3;47;EXTRACT;2;
32.82031;380;-4.842144;10.50219;3;46;EXTRACT;2;
34.82813;380;-4.842144;10.50219;3;45;EXTRACT;2;
36.83594;380;-4.842144;10.50219;3;44;EXTRACT;2;
38.83594;380;-4.842144;10.50219;3;43;EXTRACT;2;
40.80469;380;-4.842144;10.50219;3;42;EXTRACT;2;
42.8125;380;-4.842144;10.50219;3;41;EXTRACT;2;
44.82031;380;-4.842144;10.50219;3;40;EXTRACT;2;
46.82813;380;-4.842144;10.50219;3;39;EXTRACT;2;
48.83594;380;-4.842144;10.50219;3;38;EXTRACT;2;
50.84375;380;-4.842144;10.50219;3;37;EXTRACT;2;
52.80469;380;-4.842144;10.50219;3;36;EXTRACT;2;
54.82031;380;-4.842144;10.50219;3;35;EXTRACT;2;
55.90625;380;-4.842144;10.50219;3;35;DISCOVER;0;
56.82813;380;-4.842144;10.50219;3;34;EXTRACT;2;
57.875;380;-4.842144;10.50219;3;34;DISCOVER;3;
58.83594;380;-4.842144;10.50219;3;33;EXTRACT;0;
58.83594;380;-4.842144;10.50219;3;32;EXTRACT;2;
60.5625;380;-4.842144;10.50219;3;31;EXTRACT;3;
60.79688;380;-4.842144;10.50219;3;30;EXTRACT;0;
60.84375;380;-4.842144;10.50219;3;29;EXTRACT;2;
62.52344;380;-4.842144;10.50219;3;28;EXTRACT;3;
62.80469;380;-4.842144;10.50219;3;27;EXTRACT;0;
62.84375;380;-4.842144;10.50219;3;26;EXTRACT;2;
64.53125;380;-4.842144;10.50219;3;25;EXTRACT;3;
64.80469;380;-4.842144;10.50219;3;24;EXTRACT;0;
64.80469;380;-4.842144;10.50219;3;23;EXTRACT;2;
66.53125;380;-4.842144;10.50219;3;22;EXTRACT;3;
66.8125;380;-4.842144;10.50219;3;21;EXTRACT;0;
66.8125;380;-4.842144;10.50219;3;20;EXTRACT;2;
68.53906;380;-4.842144;10.50219;3;19;EXTRACT;3;
68.82031;380;-4.842144;10.50219;3;18;EXTRACT;0;
68.82031;380;-4.842144;10.50219;3;17;EXTRACT;2;
70.54688;380;-4.842144;10.50219;3;16;EXTRACT;3;
70.82813;380;-4.842144;10.50219;3;15;EXTRACT;0;
70.82813;380;-4.842144;10.50219;3;14;EXTRACT;2;
72.54688;380;-4.842144;10.50219;3;13;EXTRACT;3;
72.82813;380;-4.842144;10.50219;3;12;EXTRACT;0;
72.82813;380;-4.842144;10.50219;3;11;EXTRACT;2;
74.5625;380;-4.842144;10.50219;3;10;EXTRACT;3;
74.80469;380;-4.842144;10.50219;3;9;EXTRACT;0;
74.84375;380;-4.842144;10.50219;3;8;EXTRACT;2;
76.53125;380;-4.842144;10.50219;3;7;EXTRACT;3;
76.8125;380;-4.842144;10.50219;3;6;EXTRACT;0;
76.8125;380;-4.842144;10.50219;3;5;EXTRACT;2;
78.53906;380;-4.842144;10.50219;3;4;EXTRACT;3;
78.82031;380;-4.842144;10.50219;3;3;EXTRACT;0;
78.82031;380;-4.842144;10.50219;3;2;EXTRACT;2;
80.54688;380;-4.842144;10.50219;3;1;EXTRACT;3;
80.82813;380;-4.842144;10.50219;3;0;EXTRACT;0;
80.79688;380;-4.842144;10.50219;3;0;DESTROYED;;
80.82813;382;5.675354;25.7052;3;48;CREATED;;
92.19531;382;5.675354;25.7052;3;48;DISCOVER;0;
95.45313;382;5.675354;25.7052;3;47;EXTRACT;0;
97.46094;382;5.675354;25.7052;3;46;EXTRACT;0;
99.46875;382;5.675354;25.7052;3;45;EXTRACT;0;
101.4688;382;5.675354;25.7052;3;44;EXTRACT;0;
103.4766;382;5.675354;25.7052;3;43;EXTRACT;0;
105.4844;382;5.675354;25.7052;3;42;EXTRACT;0;
107.4063;377;-10.076;-23.72814;3;48;DISCOVER;2;
107.4844;382;5.675354;25.7052;3;41;EXTRACT;0;
109.4531;382;5.675354;25.7052;3;40;EXTRACT;0;
110.9375;377;-10.076;-23.72814;3;47;EXTRACT;2;
111.4609;382;5.675354;25.7052;3;39;EXTRACT;0;
112.9453;377;-10.076;-23.72814;3;46;EXTRACT;2;
113.4688;382;5.675354;25.7052;3;38;EXTRACT;0;
114.3125;377;-10.076;-23.72814;3;46;DISCOVER;3;
114.9141;377;-10.076;-23.72814;3;45;EXTRACT;2;
115.4766;382;5.675354;25.7052;3;37;EXTRACT;0;
116.9219;377;-10.076;-23.72814;3;44;EXTRACT;2;
117.4063;377;-10.076;-23.72814;3;43;EXTRACT;3;
117.4844;382;5.675354;25.7052;3;36;EXTRACT;0;
118.9297;377;-10.076;-23.72814;3;42;EXTRACT;2;
119.4063;377;-10.076;-23.72814;3;41;EXTRACT;3;
119.4844;382;5.675354;25.7052;3;35;EXTRACT;0;
120.9297;377;-10.076;-23.72814;3;40;EXTRACT;2;
121.4141;377;-10.076;-23.72814;3;39;EXTRACT;3;
121.4531;382;5.675354;25.7052;3;34;EXTRACT;0;
122.9375;377;-10.076;-23.72814;3;38;EXTRACT;2;
123.4141;377;-10.076;-23.72814;3;37;EXTRACT;3;
123.4531;382;5.675354;25.7052;3;33;EXTRACT;0;
124.9375;377;-10.076;-23.72814;3;36;EXTRACT;2;
125.4219;377;-10.076;-23.72814;3;35;EXTRACT;3;
125.4609;382;5.675354;25.7052;3;32;EXTRACT;0;
126.9453;377;-10.076;-23.72814;3;34;EXTRACT;2;
127.4297;377;-10.076;-23.72814;3;33;EXTRACT;3;
127.4688;382;5.675354;25.7052;3;31;EXTRACT;0;
128.9141;377;-10.076;-23.72814;3;32;EXTRACT;2;
129.3906;377;-10.076;-23.72814;3;31;EXTRACT;3;
129.4766;382;5.675354;25.7052;3;30;EXTRACT;0;
130.9219;377;-10.076;-23.72814;3;30;EXTRACT;2;
131.3984;377;-10.076;-23.72814;3;29;EXTRACT;3;
131.4766;382;5.675354;25.7052;3;29;EXTRACT;0;
132.9219;377;-10.076;-23.72814;3;28;EXTRACT;2;
133.4063;377;-10.076;-23.72814;3;27;EXTRACT;3;
133.4844;382;5.675354;25.7052;3;28;EXTRACT;0;
134.9297;377;-10.076;-23.72814;3;26;EXTRACT;2;
135.4141;377;-10.076;-23.72814;3;25;EXTRACT;3;
135.4531;382;5.675354;25.7052;3;27;EXTRACT;0;
136.9375;377;-10.076;-23.72814;3;24;EXTRACT;2;
137.4141;377;-10.076;-23.72814;3;23;EXTRACT;3;
137.4531;382;5.675354;25.7052;3;26;EXTRACT;0;
138.9375;377;-10.076;-23.72814;3;22;EXTRACT;2;
139.4219;377;-10.076;-23.72814;3;21;EXTRACT;3;
139.4609;382;5.675354;25.7052;3;25;EXTRACT;0;
140.9453;377;-10.076;-23.72814;3;20;EXTRACT;2;
141.4219;377;-10.076;-23.72814;3;19;EXTRACT;3;
141.4609;382;5.675354;25.7052;3;24;EXTRACT;0;
142.9453;377;-10.076;-23.72814;3;18;EXTRACT;2;
143.4297;377;-10.076;-23.72814;3;17;EXTRACT;3;
143.4688;382;5.675354;25.7052;3;23;EXTRACT;0;
144.9141;377;-10.076;-23.72814;3;16;EXTRACT;2;
145.3984;377;-10.076;-23.72814;3;15;EXTRACT;3;
145.4766;382;5.675354;25.7052;3;22;EXTRACT;0;
146.9219;377;-10.076;-23.72814;3;14;EXTRACT;2;
147.4063;377;-10.076;-23.72814;3;13;EXTRACT;3;
147.4844;382;5.675354;25.7052;3;21;EXTRACT;0;
148.9297;377;-10.076;-23.72814;3;12;EXTRACT;2;
149.4063;377;-10.076;-23.72814;3;11;EXTRACT;3;
149.4922;382;5.675354;25.7052;3;20;EXTRACT;0;
150.625;377;-10.076;-23.72814;3;11;DISCOVER;1;
150.9453;377;-10.076;-23.72814;3;10;EXTRACT;2;
151.4219;377;-10.076;-23.72814;3;9;EXTRACT;3;
151.4609;382;5.675354;25.7052;3;19;EXTRACT;0;
152.9453;377;-10.076;-23.72814;3;8;EXTRACT;2;
153.4297;377;-10.076;-23.72814;3;7;EXTRACT;3;
153.4688;382;5.675354;25.7052;3;18;EXTRACT;0;
153.5859;377;-10.076;-23.72814;3;6;EXTRACT;1;
154.9063;377;-10.076;-23.72814;3;5;EXTRACT;2;
155.4297;377;-10.076;-23.72814;3;4;EXTRACT;3;
155.4688;382;5.675354;25.7052;3;17;EXTRACT;0;
155.5938;377;-10.076;-23.72814;3;3;EXTRACT;1;
156.9141;377;-10.076;-23.72814;3;2;EXTRACT;2;
157.3906;377;-10.076;-23.72814;3;1;EXTRACT;3;
157.4766;382;5.675354;25.7052;3;16;EXTRACT;0;
157.5547;377;-10.076;-23.72814;3;0;EXTRACT;1;
157.5234;377;-10.076;-23.72814;3;0;DESTROYED;;
157.5547;383;44.36647;-43.42034;3;48;CREATED;;
159.4844;382;5.675354;25.7052;3;15;EXTRACT;0;
161.4922;382;5.675354;25.7052;3;14;EXTRACT;0;
163.4531;382;5.675354;25.7052;3;13;EXTRACT;0;
165.4609;382;5.675354;25.7052;3;12;EXTRACT;0;
167.4688;382;5.675354;25.7052;3;11;EXTRACT;0;
169.4766;382;5.675354;25.7052;3;10;EXTRACT;0;
171.4766;382;5.675354;25.7052;3;9;EXTRACT;0;
173.4844;382;5.675354;25.7052;3;8;EXTRACT;0;
175.4922;382;5.675354;25.7052;3;7;EXTRACT;0;
177.4531;382;5.675354;25.7052;3;6;EXTRACT;0;
179.4688;382;5.675354;25.7052;3;5;EXTRACT;0;
181.4766;382;5.675354;25.7052;3;4;EXTRACT;0;
183.4766;382;5.675354;25.7052;3;3;EXTRACT;0;
185.4922;382;5.675354;25.7052;3;2;EXTRACT;0;
186.6172;382;5.675354;25.7052;3;2;DISCOVER;2;
187.4531;382;5.675354;25.7052;3;1;EXTRACT;0;
189.4609;382;5.675354;25.7052;3;0;EXTRACT;0;
189.4375;382;5.675354;25.7052;3;0;DESTROYED;;
189.4609;384;-27.20974;-10.84814;3;48;CREATED;;
232.5;384;-27.20974;-10.84814;3;48;DISCOVER;1;
235.625;384;-27.20974;-10.84814;3;47;EXTRACT;1;
237.5938;384;-27.20974;-10.84814;3;46;EXTRACT;1;
239.6016;384;-27.20974;-10.84814;3;45;EXTRACT;1;
241.6016;384;-27.20974;-10.84814;3;44;EXTRACT;1;
243.6094;384;-27.20974;-10.84814;3;43;EXTRACT;1;
245.0156;384;-27.20974;-10.84814;3;43;DISCOVER;2;
245.6172;384;-27.20974;-10.84814;3;42;EXTRACT;1;
247.625;384;-27.20974;-10.84814;3;41;EXTRACT;1;
248.1094;384;-27.20974;-10.84814;3;40;EXTRACT;2;
249.5938;384;-27.20974;-10.84814;3;39;EXTRACT;1;
250.1172;384;-27.20974;-10.84814;3;38;EXTRACT;2;
251.6016;384;-27.20974;-10.84814;3;37;EXTRACT;1;
252.125;384;-27.20974;-10.84814;3;36;EXTRACT;2;
253.6094;384;-27.20974;-10.84814;3;35;EXTRACT;1;
254.125;384;-27.20974;-10.84814;3;34;EXTRACT;2;
255.6172;384;-27.20974;-10.84814;3;33;EXTRACT;1;
256.1328;384;-27.20974;-10.84814;3;32;EXTRACT;2;
257.6172;384;-27.20974;-10.84814;3;31;EXTRACT;1;
258.1016;384;-27.20974;-10.84814;3;30;EXTRACT;2;
259.625;384;-27.20974;-10.84814;3;29;EXTRACT;1;
260.1094;384;-27.20974;-10.84814;3;28;EXTRACT;2;
261.5938;384;-27.20974;-10.84814;3;27;EXTRACT;1;
262.1172;384;-27.20974;-10.84814;3;26;EXTRACT;2;
263.6016;384;-27.20974;-10.84814;3;25;EXTRACT;1;
264.1172;384;-27.20974;-10.84814;3;24;EXTRACT;2;
265.6016;384;-27.20974;-10.84814;3;23;EXTRACT;1;
266.125;384;-27.20974;-10.84814;3;22;EXTRACT;2;
267.6094;384;-27.20974;-10.84814;3;21;EXTRACT;1;
268.125;384;-27.20974;-10.84814;3;20;EXTRACT;2;
269.6094;384;-27.20974;-10.84814;3;19;EXTRACT;1;
270.1328;384;-27.20974;-10.84814;3;18;EXTRACT;2;
271.6172;384;-27.20974;-10.84814;3;17;EXTRACT;1;
272.1016;384;-27.20974;-10.84814;3;16;EXTRACT;2;
273.625;384;-27.20974;-10.84814;3;15;EXTRACT;1;
274.1484;384;-27.20974;-10.84814;3;14;EXTRACT;2;
275.5938;384;-27.20974;-10.84814;3;13;EXTRACT;1;
276.1172;384;-27.20974;-10.84814;3;12;EXTRACT;2;
277.6016;384;-27.20974;-10.84814;3;11;EXTRACT;1;
278.125;384;-27.20974;-10.84814;3;10;EXTRACT;2;
279.6016;384;-27.20974;-10.84814;3;9;EXTRACT;1;
280.125;384;-27.20974;-10.84814;3;8;EXTRACT;2;
281.6094;384;-27.20974;-10.84814;3;7;EXTRACT;1;
282.1328;384;-27.20974;-10.84814;3;6;EXTRACT;2;
283.6172;384;-27.20974;-10.84814;3;5;EXTRACT;1;
284.1406;384;-27.20974;-10.84814;3;4;EXTRACT;2;
285.625;384;-27.20974;-10.84814;3;3;EXTRACT;1;
286.1484;384;-27.20974;-10.84814;3;2;EXTRACT;2;
287.6328;384;-27.20974;-10.84814;3;1;EXTRACT;1;
288.1563;384;-27.20974;-10.84814;3;0;EXTRACT;2;
288.1172;384;-27.20974;-10.84814;3;0;DESTROYED;;
288.1563;385;-2.759697;0.9380722;3;48;CREATED;;
386.4688;385;-2.759697;0.9380722;3;48;DISCOVER;1;
389.8438;385;-2.759697;0.9380722;3;47;EXTRACT;1;
391.8516;385;-2.759697;0.9380722;3;46;EXTRACT;1;
393.8516;385;-2.759697;0.9380722;3;45;EXTRACT;1;
395.8594;385;-2.759697;0.9380722;3;44;EXTRACT;1;
397.8281;385;-2.759697;0.9380722;3;43;EXTRACT;1;
397.9922;385;-2.759697;0.9380722;3;43;DISCOVER;2;
399.8359;385;-2.759697;0.9380722;3;42;EXTRACT;1;
401.0391;385;-2.759697;0.9380722;3;41;EXTRACT;2;
401.8438;385;-2.759697;0.9380722;3;40;EXTRACT;1;
403.0469;385;-2.759697;0.9380722;3;39;EXTRACT;2;
403.8516;385;-2.759697;0.9380722;3;38;EXTRACT;1;
405.0547;385;-2.759697;0.9380722;3;37;EXTRACT;2;
405.8594;385;-2.759697;0.9380722;3;36;EXTRACT;1;
407.0625;385;-2.759697;0.9380722;3;35;EXTRACT;2;
407.8594;385;-2.759697;0.9380722;3;34;EXTRACT;1;
409.0625;385;-2.759697;0.9380722;3;33;EXTRACT;2;
409.8672;385;-2.759697;0.9380722;3;32;EXTRACT;1;
411.0703;385;-2.759697;0.9380722;3;31;EXTRACT;2;
411.8672;385;-2.759697;0.9380722;3;30;EXTRACT;1;
413.0703;385;-2.759697;0.9380722;3;29;EXTRACT;2;
413.875;385;-2.759697;0.9380722;3;28;EXTRACT;1;
415.0391;385;-2.759697;0.9380722;3;27;EXTRACT;2;
415.8828;385;-2.759697;0.9380722;3;26;EXTRACT;1;
417.0469;385;-2.759697;0.9380722;3;25;EXTRACT;2;
417.8438;385;-2.759697;0.9380722;3;24;EXTRACT;1;
418.0078;385;-2.759697;0.9380722;3;24;DISCOVER;3;
419.0469;385;-2.759697;0.9380722;3;23;EXTRACT;2;
419.8516;385;-2.759697;0.9380722;3;22;EXTRACT;1;
420.6172;385;-2.759697;0.9380722;3;21;EXTRACT;3;
421.0547;385;-2.759697;0.9380722;3;20;EXTRACT;2;
421.8594;385;-2.759697;0.9380722;3;19;EXTRACT;1;
422.625;385;-2.759697;0.9380722;3;18;EXTRACT;3;
423.0625;385;-2.759697;0.9380722;3;17;EXTRACT;2;
423.8672;385;-2.759697;0.9380722;3;16;EXTRACT;1;
424.5859;385;-2.759697;0.9380722;3;15;EXTRACT;3;
425.0703;385;-2.759697;0.9380722;3;14;EXTRACT;2;
425.875;385;-2.759697;0.9380722;3;13;EXTRACT;1;
426.5938;385;-2.759697;0.9380722;3;12;EXTRACT;3;
427.0391;385;-2.759697;0.9380722;3;11;EXTRACT;2;
427.8828;385;-2.759697;0.9380722;3;10;EXTRACT;1;
428.6016;385;-2.759697;0.9380722;3;9;EXTRACT;3;
429.0469;385;-2.759697;0.9380722;3;8;EXTRACT;2;
429.8516;385;-2.759697;0.9380722;3;7;EXTRACT;1;
430.6172;385;-2.759697;0.9380722;3;6;EXTRACT;3;
431.0547;385;-2.759697;0.9380722;3;5;EXTRACT;2;
431.8594;385;-2.759697;0.9380722;3;4;EXTRACT;1;
432.6172;385;-2.759697;0.9380722;3;3;EXTRACT;3;
433.0625;385;-2.759697;0.9380722;3;2;EXTRACT;2;
433.8594;385;-2.759697;0.9380722;3;1;EXTRACT;1;
434.625;385;-2.759697;0.9380722;3;0;EXTRACT;3;
434.6016;385;-2.759697;0.9380722;3;0;DESTROYED;;
434.625;386;-13.35265;27.54227;3;48;CREATED;;
459.4297;381;-44.05326;1.355091;3;48;DISCOVER;1;
462.6016;381;-44.05326;1.355091;3;47;EXTRACT;1;
464.6094;381;-44.05326;1.355091;3;46;EXTRACT;1;
466.6094;381;-44.05326;1.355091;3;45;EXTRACT;1;
467.2109;379;-8.413204;-30.20366;3;48;DISCOVER;3;
468.6172;381;-44.05326;1.355091;3;44;EXTRACT;1;
470.4219;379;-8.413204;-30.20366;3;47;EXTRACT;3;
470.5859;381;-44.05326;1.355091;3;43;EXTRACT;1;
470.9844;379;-8.413204;-30.20366;3;47;DISCOVER;2;
472.4297;379;-8.413204;-30.20366;3;46;EXTRACT;3;
472.5859;381;-44.05326;1.355091;3;42;EXTRACT;1;
473.7891;379;-8.413204;-30.20366;3;45;EXTRACT;2;
474.4297;379;-8.413204;-30.20366;3;44;EXTRACT;3;
474.5938;381;-44.05326;1.355091;3;41;EXTRACT;1;
475.7969;379;-8.413204;-30.20366;3;43;EXTRACT;2;
476.4375;379;-8.413204;-30.20366;3;42;EXTRACT;3;
476.6016;381;-44.05326;1.355091;3;40;EXTRACT;1;
477.8047;379;-8.413204;-30.20366;3;41;EXTRACT;2;
478.4453;379;-8.413204;-30.20366;3;40;EXTRACT;3;
478.6016;381;-44.05326;1.355091;3;39;EXTRACT;1;
479.7734;379;-8.413204;-30.20366;3;39;EXTRACT;2;
480.4141;379;-8.413204;-30.20366;3;38;EXTRACT;3;
480.6172;381;-44.05326;1.355091;3;38;EXTRACT;1;
481.7734;379;-8.413204;-30.20366;3;37;EXTRACT;2;
482.4219;379;-8.413204;-30.20366;3;36;EXTRACT;3;
482.6172;381;-44.05326;1.355091;3;37;EXTRACT;1;
483.7813;379;-8.413204;-30.20366;3;35;EXTRACT;2;
484.4297;379;-8.413204;-30.20366;3;34;EXTRACT;3;
484.5938;381;-44.05326;1.355091;3;36;EXTRACT;1;
485.7891;379;-8.413204;-30.20366;3;33;EXTRACT;2;
486.4375;379;-8.413204;-30.20366;3;32;EXTRACT;3;
486.5938;381;-44.05326;1.355091;3;35;EXTRACT;1;
487.7969;379;-8.413204;-30.20366;3;31;EXTRACT;2;
488.4375;379;-8.413204;-30.20366;3;30;EXTRACT;3;
488.6016;381;-44.05326;1.355091;3;34;EXTRACT;1;
489.8047;379;-8.413204;-30.20366;3;29;EXTRACT;2;
490.4453;379;-8.413204;-30.20366;3;28;EXTRACT;3;
490.6094;381;-44.05326;1.355091;3;33;EXTRACT;1;
491.8047;379;-8.413204;-30.20366;3;27;EXTRACT;2;
492.4531;379;-8.413204;-30.20366;3;26;EXTRACT;3;
492.6094;381;-44.05326;1.355091;3;32;EXTRACT;1;
493.7734;379;-8.413204;-30.20366;3;25;EXTRACT;2;
494.4531;379;-8.413204;-30.20366;3;24;EXTRACT;3;
494.6172;381;-44.05326;1.355091;3;31;EXTRACT;1;
495.7813;379;-8.413204;-30.20366;3;23;EXTRACT;2;
496.4219;379;-8.413204;-30.20366;3;22;EXTRACT;3;
496.5859;381;-44.05326;1.355091;3;30;EXTRACT;1;
497.7891;379;-8.413204;-30.20366;3;21;EXTRACT;2;
498.4375;379;-8.413204;-30.20366;3;20;EXTRACT;3;
498.5938;381;-44.05326;1.355091;3;29;EXTRACT;1;
499.7969;379;-8.413204;-30.20366;3;19;EXTRACT;2;
500.4375;379;-8.413204;-30.20366;3;18;EXTRACT;3;
500.6016;381;-44.05326;1.355091;3;28;EXTRACT;1;
501.8047;379;-8.413204;-30.20366;3;17;EXTRACT;2;
502.4453;379;-8.413204;-30.20366;3;16;EXTRACT;3;
502.6016;381;-44.05326;1.355091;3;27;EXTRACT;1;
503.8125;379;-8.413204;-30.20366;3;15;EXTRACT;2;
504.4531;379;-8.413204;-30.20366;3;14;EXTRACT;3;
504.6172;381;-44.05326;1.355091;3;26;EXTRACT;1;
505.7734;379;-8.413204;-30.20366;3;13;EXTRACT;2;
506.4609;379;-8.413204;-30.20366;3;12;EXTRACT;3;
506.6172;381;-44.05326;1.355091;3;25;EXTRACT;1;
507.7813;379;-8.413204;-30.20366;3;11;EXTRACT;2;
508.4609;379;-8.413204;-30.20366;3;10;EXTRACT;3;
508.625;381;-44.05326;1.355091;3;24;EXTRACT;1;
509.7891;379;-8.413204;-30.20366;3;9;EXTRACT;2;
510.4297;379;-8.413204;-30.20366;3;8;EXTRACT;3;
510.5938;381;-44.05326;1.355091;3;23;EXTRACT;1;
511.7969;379;-8.413204;-30.20366;3;7;EXTRACT;2;
512.4375;379;-8.413204;-30.20366;3;6;EXTRACT;3;
512.5938;381;-44.05326;1.355091;3;22;EXTRACT;1;
513.8047;379;-8.413204;-30.20366;3;5;EXTRACT;2;
514.4453;379;-8.413204;-30.20366;3;4;EXTRACT;3;
514.6016;381;-44.05326;1.355091;3;21;EXTRACT;1;
515.8047;379;-8.413204;-30.20366;3;3;EXTRACT;2;
516.0078;381;-44.05326;1.355091;3;21;DISCOVER;0;
516.4453;379;-8.413204;-30.20366;3;2;EXTRACT;3;
516.6094;381;-44.05326;1.355091;3;20;EXTRACT;1;
517.8047;379;-8.413204;-30.20366;3;1;EXTRACT;2;
518.4531;379;-8.413204;-30.20366;3;0;EXTRACT;3;
518.4375;379;-8.413204;-30.20366;3;0;DESTROYED;;
518.4531;387;39.20432;2.271717;3;48;CREATED;;
518.6094;381;-44.05326;1.355091;3;19;EXTRACT;1;
519.6094;381;-44.05326;1.355091;3;18;EXTRACT;0;
520.6172;381;-44.05326;1.355091;3;17;EXTRACT;1;
521.6172;381;-44.05326;1.355091;3;16;EXTRACT;0;
522.5859;381;-44.05326;1.355091;3;15;EXTRACT;1;
523.625;381;-44.05326;1.355091;3;14;EXTRACT;0;
524.5938;381;-44.05326;1.355091;3;13;EXTRACT;1;
525.6328;381;-44.05326;1.355091;3;12;EXTRACT;0;
526.5938;381;-44.05326;1.355091;3;11;EXTRACT;1;
527.6328;381;-44.05326;1.355091;3;10;EXTRACT;0;
528.6016;381;-44.05326;1.355091;3;9;EXTRACT;1;
529.6406;381;-44.05326;1.355091;3;8;EXTRACT;0;
530.6016;381;-44.05326;1.355091;3;7;EXTRACT;1;
531.6094;381;-44.05326;1.355091;3;6;EXTRACT;0;
532.6094;381;-44.05326;1.355091;3;5;EXTRACT;1;
533.6172;381;-44.05326;1.355091;3;4;EXTRACT;0;
534.6172;381;-44.05326;1.355091;3;3;EXTRACT;1;
535.6172;381;-44.05326;1.355091;3;2;EXTRACT;0;
536.625;381;-44.05326;1.355091;3;1;EXTRACT;1;
537.625;381;-44.05326;1.355091;3;0;EXTRACT;0;
537.6016;381;-44.05326;1.355091;3;0;DESTROYED;;
537.625;388;18.65078;43.0482;3;48;CREATED;;
584.1172;387;39.20432;2.271717;3;48;DISCOVER;1;
587.9688;387;39.20432;2.271717;3;47;EXTRACT;1;
589.9766;387;39.20432;2.271717;3;46;EXTRACT;1;
591.9766;387;39.20432;2.271717;3;45;EXTRACT;1;
593.9766;387;39.20432;2.271717;3;44;EXTRACT;1;
595.9844;387;39.20432;2.271717;3;43;EXTRACT;1;
597.9844;387;39.20432;2.271717;3;42;EXTRACT;1;
599.6719;387;39.20432;2.271717;3;42;DISCOVER;2;
599.9531;387;39.20432;2.271717;3;41;EXTRACT;1;
601.9609;387;39.20432;2.271717;3;40;EXTRACT;1;
602.7188;387;39.20432;2.271717;3;39;EXTRACT;2;
603.9609;387;39.20432;2.271717;3;38;EXTRACT;1;
604.7266;387;39.20432;2.271717;3;37;EXTRACT;2;
605.125;387;39.20432;2.271717;3;37;DISCOVER;3;
605.9688;387;39.20432;2.271717;3;36;EXTRACT;1;
606.7344;387;39.20432;2.271717;3;35;EXTRACT;2;
607.7813;387;39.20432;2.271717;3;34;EXTRACT;3;
607.9766;387;39.20432;2.271717;3;33;EXTRACT;1;
608.7422;387;39.20432;2.271717;3;32;EXTRACT;2;
609.7813;387;39.20432;2.271717;3;31;EXTRACT;3;
609.9844;387;39.20432;2.271717;3;30;EXTRACT;1;
610.75;387;39.20432;2.271717;3;29;EXTRACT;2;
611.7891;387;39.20432;2.271717;3;28;EXTRACT;3;
611.9922;387;39.20432;2.271717;3;27;EXTRACT;1;
612.7109;387;39.20432;2.271717;3;26;EXTRACT;2;
613.7969;387;39.20432;2.271717;3;25;EXTRACT;3;
613.9609;387;39.20432;2.271717;3;24;EXTRACT;1;
614.7188;387;39.20432;2.271717;3;23;EXTRACT;2;
615.7656;387;39.20432;2.271717;3;22;EXTRACT;3;
615.9688;387;39.20432;2.271717;3;21;EXTRACT;1;
616.7266;387;39.20432;2.271717;3;20;EXTRACT;2;
617.7734;387;39.20432;2.271717;3;19;EXTRACT;3;
617.9766;387;39.20432;2.271717;3;18;EXTRACT;1;
618.7344;387;39.20432;2.271717;3;17;EXTRACT;2;
619.7813;387;39.20432;2.271717;3;16;EXTRACT;3;
619.9844;387;39.20432;2.271717;3;15;EXTRACT;1;
620.75;387;39.20432;2.271717;3;14;EXTRACT;2;
621.7891;387;39.20432;2.271717;3;13;EXTRACT;3;
621.9922;387;39.20432;2.271717;3;12;EXTRACT;1;
622.7109;387;39.20432;2.271717;3;11;EXTRACT;2;
623.7969;387;39.20432;2.271717;3;10;EXTRACT;3;
623.9531;387;39.20432;2.271717;3;9;EXTRACT;1;
624.7188;387;39.20432;2.271717;3;8;EXTRACT;2;
625.7969;387;39.20432;2.271717;3;7;EXTRACT;3;
625.9609;387;39.20432;2.271717;3;6;EXTRACT;1;
626.7266;387;39.20432;2.271717;3;5;EXTRACT;2;
627.8047;387;39.20432;2.271717;3;4;EXTRACT;3;
627.9688;387;39.20432;2.271717;3;3;EXTRACT;1;
628.7344;387;39.20432;2.271717;3;2;EXTRACT;2;
629.8203;387;39.20432;2.271717;3;1;EXTRACT;3;
629.9766;387;39.20432;2.271717;3;0;EXTRACT;1;
629.9609;387;39.20432;2.271717;3;0;DESTROYED;;
629.9766;389;-6.269852;-25.32016;3;48;CREATED;;
668.2734;389;-6.269852;-25.32016;3;48;DISCOVER;3;
671.3203;389;-6.269852;-25.32016;3;47;EXTRACT;3;
673.3281;389;-6.269852;-25.32016;3;46;EXTRACT;3;
675.2578;389;-6.269852;-25.32016;3;46;DISCOVER;2;
675.3359;389;-6.269852;-25.32016;3;45;EXTRACT;3;
677.3438;389;-6.269852;-25.32016;3;44;EXTRACT;3;
678.4688;389;-6.269852;-25.32016;3;43;EXTRACT;2;
679.3125;389;-6.269852;-25.32016;3;42;EXTRACT;3;
680.4844;389;-6.269852;-25.32016;3;41;EXTRACT;2;
681.3281;389;-6.269852;-25.32016;3;40;EXTRACT;3;
682.4453;389;-6.269852;-25.32016;3;39;EXTRACT;2;
683.3281;389;-6.269852;-25.32016;3;38;EXTRACT;3;
684.4609;389;-6.269852;-25.32016;3;37;EXTRACT;2;
685.3438;389;-6.269852;-25.32016;3;36;EXTRACT;3;
686.4688;389;-6.269852;-25.32016;3;35;EXTRACT;2;
687.3516;389;-6.269852;-25.32016;3;34;EXTRACT;3;
688.4688;389;-6.269852;-25.32016;3;33;EXTRACT;2;
689.3516;389;-6.269852;-25.32016;3;32;EXTRACT;3;
690.4453;389;-6.269852;-25.32016;3;31;EXTRACT;2;
691.3125;389;-6.269852;-25.32016;3;30;EXTRACT;3;
691.9688;389;-6.269852;-25.32016;3;30;DISCOVER;0;
692.4688;389;-6.269852;-25.32016;3;29;EXTRACT;2;
693.3281;389;-6.269852;-25.32016;3;28;EXTRACT;3;
694.4531;389;-6.269852;-25.32016;3;27;EXTRACT;2;
694.7344;389;-6.269852;-25.32016;3;26;EXTRACT;0;
695.3359;389;-6.269852;-25.32016;3;25;EXTRACT;3;
696.4609;389;-6.269852;-25.32016;3;24;EXTRACT;2;
696.7422;389;-6.269852;-25.32016;3;23;EXTRACT;0;
697.3438;389;-6.269852;-25.32016;3;22;EXTRACT;3;
698.4609;389;-6.269852;-25.32016;3;21;EXTRACT;2;
698.7422;389;-6.269852;-25.32016;3;20;EXTRACT;0;
699.3047;389;-6.269852;-25.32016;3;19;EXTRACT;3;
700.4688;389;-6.269852;-25.32016;3;18;EXTRACT;2;
700.75;389;-6.269852;-25.32016;3;17;EXTRACT;0;
701.3125;389;-6.269852;-25.32016;3;16;EXTRACT;3;
702.4375;389;-6.269852;-25.32016;3;15;EXTRACT;2;
702.7578;389;-6.269852;-25.32016;3;14;EXTRACT;0;
703.3203;389;-6.269852;-25.32016;3;13;EXTRACT;3;
704.4453;389;-6.269852;-25.32016;3;12;EXTRACT;2;
704.7656;389;-6.269852;-25.32016;3;11;EXTRACT;0;
705.3281;389;-6.269852;-25.32016;3;10;EXTRACT;3;
706.4453;389;-6.269852;-25.32016;3;9;EXTRACT;2;
706.7656;389;-6.269852;-25.32016;3;8;EXTRACT;0;
707.3281;389;-6.269852;-25.32016;3;7;EXTRACT;3;
708.4531;389;-6.269852;-25.32016;3;6;EXTRACT;2;
708.7344;389;-6.269852;-25.32016;3;5;EXTRACT;0;
709.3359;389;-6.269852;-25.32016;3;4;EXTRACT;3;
710.4531;389;-6.269852;-25.32016;3;3;EXTRACT;2;
710.7344;389;-6.269852;-25.32016;3;2;EXTRACT;0;
711.3359;389;-6.269852;-25.32016;3;1;EXTRACT;3;
712.4609;389;-6.269852;-25.32016;3;0;EXTRACT;2;
712.4375;389;-6.269852;-25.32016;3;0;DESTROYED;;
712.4609;390;12.04394;15.96616;3;48;CREATED;;
713.9453;386;-13.35265;27.54227;3;48;DISCOVER;1;
716.8359;386;-13.35265;27.54227;3;47;EXTRACT;1;
718.8438;386;-13.35265;27.54227;3;46;EXTRACT;1;
