Time;PatchID;PositionX;PositionZ;Radius;CoinAmount;PatchEvent;TriggerPlayer;
0;952;-32.95288;10.29325;3;48;CREATED;;
0;953;0.2712631;8.226727;3;48;CREATED;;
0;954;12.21449;-33.41344;3;48;CREATED;;
0;955;8.617428;37.72047;3;48;CREATED;;
0;956;39.40062;-43.32829;3;48;CREATED;;
38.6875;955;8.617428;37.72047;3;48;DISCOVER;3;
41.48438;955;8.617428;37.72047;3;47;EXTRACT;3;
42.51563;956;39.40062;-43.32829;3;48;DISCOVER;2;
43.46875;955;8.617428;37.72047;3;46;EXTRACT;3;
45.46875;955;8.617428;37.72047;3;45;EXTRACT;3;
45.82813;956;39.40062;-43.32829;3;47;EXTRACT;2;
46.0625;955;8.617428;37.72047;3;45;DISCOVER;1;
47.3125;955;8.617428;37.72047;3;44;EXTRACT;3;
47.59375;956;39.40062;-43.32829;3;46;EXTRACT;2;
48.59375;955;8.617428;37.72047;3;43;EXTRACT;1;
49.09375;955;8.617428;37.72047;3;42;EXTRACT;3;
49.4375;956;39.40062;-43.32829;3;45;EXTRACT;2;
50.48438;955;8.617428;37.72047;3;41;EXTRACT;1;
51.04688;955;8.617428;37.72047;3;40;EXTRACT;3;
51.45313;956;39.40062;-43.32829;3;44;EXTRACT;2;
52.4375;955;8.617428;37.72047;3;39;EXTRACT;1;
53.04688;955;8.617428;37.72047;3;38;EXTRACT;3;
53.375;956;39.40062;-43.32829;3;43;EXTRACT;2;
54.39063;955;8.617428;37.72047;3;37;EXTRACT;1;
55.01563;955;8.617428;37.72047;3;36;EXTRACT;3;
55.39063;956;39.40062;-43.32829;3;42;EXTRACT;2;
56.39063;955;8.617428;37.72047;3;35;EXTRACT;1;
57.03125;955;8.617428;37.72047;3;34;EXTRACT;3;
57.39063;956;39.40062;-43.32829;3;41;EXTRACT;2;
58.39063;955;8.617428;37.72047;3;33;EXTRACT;1;
59.03125;955;8.617428;37.72047;3;32;EXTRACT;3;
59.35938;956;39.40062;-43.32829;3;40;EXTRACT;2;
60.375;955;8.617428;37.72047;3;31;EXTRACT;1;
61;955;8.617428;37.72047;3;30;EXTRACT;3;
61.35938;956;39.40062;-43.32829;3;39;EXTRACT;2;
62.35938;955;8.617428;37.72047;3;29;EXTRACT;1;
63;955;8.617428;37.72047;3;28;EXTRACT;3;
63.35938;956;39.40062;-43.32829;3;38;EXTRACT;2;
64.35938;955;8.617428;37.72047;3;27;EXTRACT;1;
65.01563;955;8.617428;37.72047;3;26;EXTRACT;3;
65.375;956;39.40062;-43.32829;3;37;EXTRACT;2;
66.375;955;8.617428;37.72047;3;25;EXTRACT;1;
67.01563;955;8.617428;37.72047;3;24;EXTRACT;3;
67.375;956;39.40062;-43.32829;3;36;EXTRACT;2;
68.375;955;8.617428;37.72047;3;23;EXTRACT;1;
69.01563;955;8.617428;37.72047;3;22;EXTRACT;3;
69.375;956;39.40062;-43.32829;3;35;EXTRACT;2;
70.375;955;8.617428;37.72047;3;21;EXTRACT;1;
71.01563;955;8.617428;37.72047;3;20;EXTRACT;3;
71.375;956;39.40062;-43.32829;3;34;EXTRACT;2;
72.39063;955;8.617428;37.72047;3;19;EXTRACT;1;
73.03125;955;8.617428;37.72047;3;18;EXTRACT;3;
73.39063;956;39.40062;-43.32829;3;33;EXTRACT;2;
74.39063;955;8.617428;37.72047;3;17;EXTRACT;1;
75.03125;955;8.617428;37.72047;3;16;EXTRACT;3;
75.39063;956;39.40062;-43.32829;3;32;EXTRACT;2;
76.39063;955;8.617428;37.72047;3;15;EXTRACT;1;
77.03125;955;8.617428;37.72047;3;14;EXTRACT;3;
77.39063;956;39.40062;-43.32829;3;31;EXTRACT;2;
78.39063;955;8.617428;37.72047;3;13;EXTRACT;1;
79;955;8.617428;37.72047;3;12;EXTRACT;3;
79.35938;956;39.40062;-43.32829;3;30;EXTRACT;2;
80.40625;955;8.617428;37.72047;3;11;EXTRACT;1;
81;955;8.617428;37.72047;3;10;EXTRACT;3;
81.35938;956;39.40062;-43.32829;3;29;EXTRACT;2;
82.40625;955;8.617428;37.72047;3;9;EXTRACT;1;
82.96875;956;39.40062;-43.32829;3;29;DISCOVER;0;
83.01563;955;8.617428;37.72047;3;8;EXTRACT;3;
83.375;956;39.40062;-43.32829;3;28;EXTRACT;2;
84.40625;955;8.617428;37.72047;3;7;EXTRACT;1;
85.01563;955;8.617428;37.72047;3;6;EXTRACT;3;
85.375;956;39.40062;-43.32829;3;27;EXTRACT;2;
86.09375;956;39.40062;-43.32829;3;26;EXTRACT;0;
86.375;955;8.617428;37.72047;3;5;EXTRACT;1;
87.01563;955;8.617428;37.72047;3;4;EXTRACT;3;
87.375;956;39.40062;-43.32829;3;25;EXTRACT;2;
88.09375;956;39.40062;-43.32829;3;24;EXTRACT;0;
88.375;955;8.617428;37.72047;3;3;EXTRACT;1;
89.01563;955;8.617428;37.72047;3;2;EXTRACT;3;
89.375;956;39.40062;-43.32829;3;23;EXTRACT;2;
90.09375;956;39.40062;-43.32829;3;22;EXTRACT;0;
90.375;955;8.617428;37.72047;3;1;EXTRACT;1;
91.01563;955;8.617428;37.72047;3;0;EXTRACT;3;
91;955;8.617428;37.72047;3;0;DESTROYED;;
91.01563;957;-28.18555;-2.616875;3;48;CREATED;;
91.375;956;39.40062;-43.32829;3;21;EXTRACT;2;
92.10938;956;39.40062;-43.32829;3;20;EXTRACT;0;
93.39063;956;39.40062;-43.32829;3;19;EXTRACT;2;
94.10938;956;39.40062;-43.32829;3;18;EXTRACT;0;
95.39063;956;39.40062;-43.32829;3;17;EXTRACT;2;
96.10938;956;39.40062;-43.32829;3;16;EXTRACT;0;
97.39063;956;39.40062;-43.32829;3;15;EXTRACT;2;
98.07813;956;39.40062;-43.32829;3;14;EXTRACT;0;
99.35938;956;39.40062;-43.32829;3;13;EXTRACT;2;
100.0781;956;39.40062;-43.32829;3;12;EXTRACT;0;
101.3594;956;39.40062;-43.32829;3;11;EXTRACT;2;
102.0781;956;39.40062;-43.32829;3;10;EXTRACT;0;
103.3594;956;39.40062;-43.32829;3;9;EXTRACT;2;
104.0938;956;39.40062;-43.32829;3;8;EXTRACT;0;
105.375;956;39.40062;-43.32829;3;7;EXTRACT;2;
106.0938;956;39.40062;-43.32829;3;6;EXTRACT;0;
107.375;956;39.40062;-43.32829;3;5;EXTRACT;2;
108.0938;956;39.40062;-43.32829;3;4;EXTRACT;0;
109.375;956;39.40062;-43.32829;3;3;EXTRACT;2;
110.1094;956;39.40062;-43.32829;3;2;EXTRACT;0;
111.3906;956;39.40062;-43.32829;3;1;EXTRACT;2;
112.1094;956;39.40062;-43.32829;3;0;EXTRACT;0;
112.0781;956;39.40062;-43.32829;3;0;DESTROYED;;
112.1094;958;-7.798786;25.82961;3;48;CREATED;;
189.5313;953;0.2712631;8.226727;3;48;DISCOVER;0;
193.2969;953;0.2712631;8.226727;3;47;EXTRACT;0;
195.2969;953;0.2712631;8.226727;3;46;EXTRACT;0;
197.3125;953;0.2712631;8.226727;3;45;EXTRACT;0;
199.2813;953;0.2712631;8.226727;3;44;EXTRACT;0;
200;953;0.2712631;8.226727;3;44;DISCOVER;3;
201.2813;953;0.2712631;8.226727;3;43;EXTRACT;0;
202.8906;953;0.2712631;8.226727;3;42;EXTRACT;3;
203.2969;953;0.2712631;8.226727;3;41;EXTRACT;0;
204.8906;953;0.2712631;8.226727;3;40;EXTRACT;3;
205.2969;953;0.2712631;8.226727;3;39;EXTRACT;0;
206.9063;953;0.2712631;8.226727;3;38;EXTRACT;3;
207.2969;953;0.2712631;8.226727;3;37;EXTRACT;0;
208.9063;953;0.2712631;8.226727;3;36;EXTRACT;3;
209.2969;953;0.2712631;8.226727;3;35;EXTRACT;0;
210.875;953;0.2712631;8.226727;3;34;EXTRACT;3;
211.3125;953;0.2712631;8.226727;3;33;EXTRACT;0;
212.875;953;0.2712631;8.226727;3;32;EXTRACT;3;
213.3125;953;0.2712631;8.226727;3;31;EXTRACT;0;
214.875;953;0.2712631;8.226727;3;30;EXTRACT;3;
215.2813;953;0.2712631;8.226727;3;29;EXTRACT;0;
216.875;953;0.2712631;8.226727;3;28;EXTRACT;3;
217.2813;953;0.2712631;8.226727;3;27;EXTRACT;0;
218.875;953;0.2712631;8.226727;3;26;EXTRACT;3;
219.2813;953;0.2712631;8.226727;3;25;EXTRACT;0;
220.8906;953;0.2712631;8.226727;3;24;EXTRACT;3;
221.2813;953;0.2712631;8.226727;3;23;EXTRACT;0;
222.875;953;0.2712631;8.226727;3;22;EXTRACT;3;
223.3125;953;0.2712631;8.226727;3;21;EXTRACT;0;
224.875;953;0.2712631;8.226727;3;20;EXTRACT;3;
225.3125;953;0.2712631;8.226727;3;19;EXTRACT;0;
226.875;953;0.2712631;8.226727;3;18;EXTRACT;3;
227.3125;953;0.2712631;8.226727;3;17;EXTRACT;0;
228.875;953;0.2712631;8.226727;3;16;EXTRACT;3;
229.3125;953;0.2712631;8.226727;3;15;EXTRACT;0;
230.875;953;0.2712631;8.226727;3;14;EXTRACT;3;
231.2813;953;0.2712631;8.226727;3;13;EXTRACT;0;
232.8906;953;0.2712631;8.226727;3;12;EXTRACT;3;
233.2969;953;0.2712631;8.226727;3;11;EXTRACT;0;
234.9063;953;0.2712631;8.226727;3;10;EXTRACT;3;
235.2969;953;0.2712631;8.226727;3;9;EXTRACT;0;
236.9063;953;0.2712631;8.226727;3;8;EXTRACT;3;
237.3125;953;0.2712631;8.226727;3;7;EXTRACT;0;
237.5469;953;0.2712631;8.226727;3;7;DISCOVER;2;
238.875;953;0.2712631;8.226727;3;6;EXTRACT;3;
239.3125;953;0.2712631;8.226727;3;5;EXTRACT;0;
240.2031;953;0.2712631;8.226727;3;4;EXTRACT;2;
240.875;953;0.2712631;8.226727;3;3;EXTRACT;3;
241.2813;953;0.2712631;8.226727;3;2;EXTRACT;0;
242.2031;953;0.2712631;8.226727;3;1;EXTRACT;2;
242.8906;953;0.2712631;8.226727;3;0;EXTRACT;3;
242.875;953;0.2712631;8.226727;3;0;DESTROYED;;
242.8906;959;-31.82683;-29.04081;3;48;CREATED;;
260.0625;952;-32.95288;10.29325;3;48;DISCOVER;2;
263.0781;952;-32.95288;10.29325;3;47;EXTRACT;2;
265.0781;952;-32.95288;10.29325;3;46;EXTRACT;2;
267.0781;952;-32.95288;10.29325;3;45;EXTRACT;2;
267.4063;958;-7.798786;25.82961;3;48;DISCOVER;3;
269.0469;952;-32.95288;10.29325;3;44;EXTRACT;2;
270.3281;958;-7.798786;25.82961;3;47;EXTRACT;3;
271.0469;952;-32.95288;10.29325;3;43;EXTRACT;2;
272.375;958;-7.798786;25.82961;3;46;EXTRACT;3;
273.0625;952;-32.95288;10.29325;3;42;EXTRACT;2;
274.3438;958;-7.798786;25.82961;3;45;EXTRACT;3;
275.0469;952;-32.95288;10.29325;3;41;EXTRACT;2;
276.3594;958;-7.798786;25.82961;3;44;EXTRACT;3;
277.0469;952;-32.95288;10.29325;3;40;EXTRACT;2;
278.375;958;-7.798786;25.82961;3;43;EXTRACT;3;
279.0625;952;-32.95288;10.29325;3;39;EXTRACT;2;
280.3438;958;-7.798786;25.82961;3;42;EXTRACT;3;
281.0625;952;-32.95288;10.29325;3;38;EXTRACT;2;
282.3438;958;-7.798786;25.82961;3;41;EXTRACT;3;
283.0781;952;-32.95288;10.29325;3;37;EXTRACT;2;
284.3594;958;-7.798786;25.82961;3;40;EXTRACT;3;
285.0313;952;-32.95288;10.29325;3;36;EXTRACT;2;
286.3594;958;-7.798786;25.82961;3;39;EXTRACT;3;
287.0469;952;-32.95288;10.29325;3;35;EXTRACT;2;
288.25;958;-7.798786;25.82961;3;39;DISCOVER;0;
288.375;958;-7.798786;25.82961;3;38;EXTRACT;3;
289.0625;952;-32.95288;10.29325;3;34;EXTRACT;2;
290.3594;958;-7.798786;25.82961;3;37;EXTRACT;3;
291.0781;952;-32.95288;10.29325;3;33;EXTRACT;2;
291.6875;958;-7.798786;25.82961;3;36;EXTRACT;0;
292.3281;958;-7.798786;25.82961;3;35;EXTRACT;3;
293.0156;952;-32.95288;10.29325;3;32;EXTRACT;2;
293.2344;952;-32.95288;10.29325;3;32;DISCOVER;1;
293.6406;958;-7.798786;25.82961;3;34;EXTRACT;0;
294.3438;958;-7.798786;25.82961;3;33;EXTRACT;3;
295.0156;952;-32.95288;10.29325;3;31;EXTRACT;2;
295.625;958;-7.798786;25.82961;3;32;EXTRACT;0;
296.3438;958;-7.798786;25.82961;3;31;EXTRACT;3;
296.7031;952;-32.95288;10.29325;3;30;EXTRACT;1;
297.0156;952;-32.95288;10.29325;3;29;EXTRACT;2;
297.625;958;-7.798786;25.82961;3;30;EXTRACT;0;
298.3438;958;-7.798786;25.82961;3;29;EXTRACT;3;
298.7031;952;-32.95288;10.29325;3;28;EXTRACT;1;
299.0156;952;-32.95288;10.29325;3;27;EXTRACT;2;
299.625;958;-7.798786;25.82961;3;28;EXTRACT;0;
300.3438;958;-7.798786;25.82961;3;27;EXTRACT;3;
300.7031;952;-32.95288;10.29325;3;26;EXTRACT;1;
301.0313;952;-32.95288;10.29325;3;25;EXTRACT;2;
301.625;958;-7.798786;25.82961;3;26;EXTRACT;0;
302.3594;958;-7.798786;25.82961;3;25;EXTRACT;3;
302.7188;952;-32.95288;10.29325;3;24;EXTRACT;1;
303.0313;952;-32.95288;10.29325;3;23;EXTRACT;2;
303.6406;958;-7.798786;25.82961;3;24;EXTRACT;0;
304.3594;958;-7.798786;25.82961;3;23;EXTRACT;3;
304.7188;952;-32.95288;10.29325;3;22;EXTRACT;1;
305.0313;952;-32.95288;10.29325;3;21;EXTRACT;2;
305.6406;958;-7.798786;25.82961;3;22;EXTRACT;0;
306.3594;958;-7.798786;25.82961;3;21;EXTRACT;3;
306.7188;952;-32.95288;10.29325;3;20;EXTRACT;1;
307.0313;952;-32.95288;10.29325;3;19;EXTRACT;2;
307.6406;958;-7.798786;25.82961;3;20;EXTRACT;0;
308.3594;958;-7.798786;25.82961;3;19;EXTRACT;3;
308.7188;952;-32.95288;10.29325;3;18;EXTRACT;1;
309.0469;952;-32.95288;10.29325;3;17;EXTRACT;2;
309.6406;958;-7.798786;25.82961;3;18;EXTRACT;0;
310.3594;958;-7.798786;25.82961;3;17;EXTRACT;3;
310.7188;952;-32.95288;10.29325;3;16;EXTRACT;1;
311.0469;952;-32.95288;10.29325;3;15;EXTRACT;2;
311.6406;958;-7.798786;25.82961;3;16;EXTRACT;0;
312.3594;958;-7.798786;25.82961;3;15;EXTRACT;3;
312.7344;952;-32.95288;10.29325;3;14;EXTRACT;1;
313.0469;952;-32.95288;10.29325;3;13;EXTRACT;2;
313.6563;958;-7.798786;25.82961;3;14;EXTRACT;0;
314.375;958;-7.798786;25.82961;3;13;EXTRACT;3;
314.7344;952;-32.95288;10.29325;3;12;EXTRACT;1;
315.0625;952;-32.95288;10.29325;3;11;EXTRACT;2;
315.625;958;-7.798786;25.82961;3;12;EXTRACT;0;
316.3438;958;-7.798786;25.82961;3;11;EXTRACT;3;
316.7344;952;-32.95288;10.29325;3;10;EXTRACT;1;
317.0156;952;-32.95288;10.29325;3;9;EXTRACT;2;
317.625;958;-7.798786;25.82961;3;10;EXTRACT;0;
318.3438;958;-7.798786;25.82961;3;9;EXTRACT;3;
318.7344;952;-32.95288;10.29325;3;8;EXTRACT;1;
319.0156;952;-32.95288;10.29325;3;7;EXTRACT;2;
319.625;958;-7.798786;25.82961;3;8;EXTRACT;0;
320.3438;958;-7.798786;25.82961;3;7;EXTRACT;3;
320.7031;952;-32.95288;10.29325;3;6;EXTRACT;1;
321.0313;952;-32.95288;10.29325;3;5;EXTRACT;2;
321.625;958;-7.798786;25.82961;3;6;EXTRACT;0;
322.3438;958;-7.798786;25.82961;3;5;EXTRACT;3;
322.7031;952;-32.95288;10.29325;3;4;EXTRACT;1;
323.0313;952;-32.95288;10.29325;3;3;EXTRACT;2;
323.625;958;-7.798786;25.82961;3;4;EXTRACT;0;
324.3438;958;-7.798786;25.82961;3;3;EXTRACT;3;
324.7031;952;-32.95288;10.29325;3;2;EXTRACT;1;
325.0313;952;-32.95288;10.29325;3;1;EXTRACT;2;
325.625;958;-7.798786;25.82961;3;2;EXTRACT;0;
326.3594;958;-7.798786;25.82961;3;1;EXTRACT;3;
326.7188;952;-32.95288;10.29325;3;0;EXTRACT;1;
326.7188;952;-32.95288;10.29325;3;0;DESTROYED;;
326.7188;960;36.35989;26.4076;3;48;CREATED;;
327.6406;958;-7.798786;25.82961;3;0;EXTRACT;0;
327.6406;958;-7.798786;25.82961;3;0;DESTROYED;;
327.6406;961;-33.02677;1.715622;3;48;CREATED;;
332.8125;961;-33.02677;1.715622;3;48;DISCOVER;1;
335.8594;961;-33.02677;1.715622;3;47;EXTRACT;1;
336.6719;961;-33.02677;1.715622;3;47;DISCOVER;2;
337.8281;961;-33.02677;1.715622;3;46;EXTRACT;1;
339.5469;961;-33.02677;1.715622;3;45;EXTRACT;2;
339.8125;961;-33.02677;1.715622;3;44;EXTRACT;1;
341.5313;961;-33.02677;1.715622;3;43;EXTRACT;2;
341.8125;961;-33.02677;1.715622;3;42;EXTRACT;1;
343.5313;961;-33.02677;1.715622;3;41;EXTRACT;2;
343.8125;961;-33.02677;1.715622;3;40;EXTRACT;1;
345.5469;961;-33.02677;1.715622;3;39;EXTRACT;2;
345.7969;961;-33.02677;1.715622;3;38;EXTRACT;1;
347.5313;961;-33.02677;1.715622;3;37;EXTRACT;2;
347.8594;961;-33.02677;1.715622;3;36;EXTRACT;1;
349.5;961;-33.02677;1.715622;3;35;EXTRACT;2;
349.7969;961;-33.02677;1.715622;3;34;EXTRACT;1;
351.5781;961;-33.02677;1.715622;3;33;EXTRACT;2;
351.8281;961;-33.02677;1.715622;3;32;EXTRACT;1;
353.4844;961;-33.02677;1.715622;3;31;EXTRACT;2;
353.7969;961;-33.02677;1.715622;3;30;EXTRACT;1;
355.5469;961;-33.02677;1.715622;3;29;EXTRACT;2;
355.7813;961;-33.02677;1.715622;3;28;EXTRACT;1;
356.8125;961;-33.02677;1.715622;3;28;DISCOVER;3;
357.5938;961;-33.02677;1.715622;3;27;EXTRACT;2;
357.7188;961;-33.02677;1.715622;3;26;EXTRACT;1;
359.3125;961;-33.02677;1.715622;3;25;EXTRACT;3;
359.4688;961;-33.02677;1.715622;3;24;EXTRACT;2;
359.75;961;-33.02677;1.715622;3;23;EXTRACT;1;
361.25;961;-33.02677;1.715622;3;22;EXTRACT;3;
361.4531;961;-33.02677;1.715622;3;21;EXTRACT;2;
361.7344;961;-33.02677;1.715622;3;20;EXTRACT;1;
363.2656;961;-33.02677;1.715622;3;19;EXTRACT;3;
363.4688;961;-33.02677;1.715622;3;18;EXTRACT;2;
363.7344;961;-33.02677;1.715622;3;17;EXTRACT;1;
365.2656;961;-33.02677;1.715622;3;16;EXTRACT;3;
365.4688;961;-33.02677;1.715622;3;15;EXTRACT;2;
365.75;961;-33.02677;1.715622;3;14;EXTRACT;1;
367.2656;961;-33.02677;1.715622;3;13;EXTRACT;3;
367.4688;961;-33.02677;1.715622;3;12;EXTRACT;2;
367.75;961;-33.02677;1.715622;3;11;EXTRACT;1;
369.2813;961;-33.02677;1.715622;3;10;EXTRACT;3;
369.4375;961;-33.02677;1.715622;3;9;EXTRACT;2;
369.75;961;-33.02677;1.715622;3;8;EXTRACT;1;
371.2813;961;-33.02677;1.715622;3;7;EXTRACT;3;
371.4375;961;-33.02677;1.715622;3;6;EXTRACT;2;
371.7188;961;-33.02677;1.715622;3;5;EXTRACT;1;
373.2813;961;-33.02677;1.715622;3;4;EXTRACT;3;
373.4531;961;-33.02677;1.715622;3;3;EXTRACT;2;
373.7344;961;-33.02677;1.715622;3;2;EXTRACT;1;
375.2969;961;-33.02677;1.715622;3;1;EXTRACT;3;
375.4531;961;-33.02677;1.715622;3;0;EXTRACT;2;
375.4375;961;-33.02677;1.715622;3;0;DESTROYED;;
375.4531;962;20.23192;-7.11377;3;48;CREATED;;
379.8281;957;-28.18555;-2.616875;3;48;DISCOVER;3;
383.0313;957;-28.18555;-2.616875;3;48;DISCOVER;2;
383.1094;957;-28.18555;-2.616875;3;47;EXTRACT;3;
385.1094;957;-28.18555;-2.616875;3;46;EXTRACT;3;
386.1875;957;-28.18555;-2.616875;3;45;EXTRACT;2;
387.1094;957;-28.18555;-2.616875;3;44;EXTRACT;3;
388.2031;957;-28.18555;-2.616875;3;43;EXTRACT;2;
389.125;957;-28.18555;-2.616875;3;42;EXTRACT;3;
390.2031;957;-28.18555;-2.616875;3;41;EXTRACT;2;
391.125;957;-28.18555;-2.616875;3;40;EXTRACT;3;
392.1719;957;-28.18555;-2.616875;3;39;EXTRACT;2;
392.6875;959;-31.82683;-29.04081;3;48;DISCOVER;1;
393.125;957;-28.18555;-2.616875;3;38;EXTRACT;3;
394.1719;957;-28.18555;-2.616875;3;37;EXTRACT;2;
395.125;957;-28.18555;-2.616875;3;36;EXTRACT;3;
395.6875;959;-31.82683;-29.04081;3;47;EXTRACT;1;
396.1719;957;-28.18555;-2.616875;3;35;EXTRACT;2;
397.1406;957;-28.18555;-2.616875;3;34;EXTRACT;3;
397.7031;959;-31.82683;-29.04081;3;46;EXTRACT;1;
398.1719;957;-28.18555;-2.616875;3;33;EXTRACT;2;
399.1094;959;-31.82683;-29.04081;3;46;DISCOVER;0;
399.1406;957;-28.18555;-2.616875;3;32;EXTRACT;3;
399.7031;959;-31.82683;-29.04081;3;45;EXTRACT;1;
400.1875;957;-28.18555;-2.616875;3;31;EXTRACT;2;
401.1094;957;-28.18555;-2.616875;3;30;EXTRACT;3;
401.7188;959;-31.82683;-29.04081;3;44;EXTRACT;1;
402.2031;957;-28.18555;-2.616875;3;29;EXTRACT;2;
402.2813;959;-31.82683;-29.04081;3;43;EXTRACT;0;
403.1406;957;-28.18555;-2.616875;3;28;EXTRACT;3;
403.7031;959;-31.82683;-29.04081;3;42;EXTRACT;1;
404.1719;957;-28.18555;-2.616875;3;27;EXTRACT;2;
404.2969;959;-31.82683;-29.04081;3;41;EXTRACT;0;
405.1406;957;-28.18555;-2.616875;3;26;EXTRACT;3;
405.7031;959;-31.82683;-29.04081;3;40;EXTRACT;1;
406.1875;957;-28.18555;-2.616875;3;25;EXTRACT;2;
406.2969;959;-31.82683;-29.04081;3;39;EXTRACT;0;
407.1406;957;-28.18555;-2.616875;3;24;EXTRACT;3;
407.7031;959;-31.82683;-29.04081;3;38;EXTRACT;1;
408.1875;957;-28.18555;-2.616875;3;23;EXTRACT;2;
408.2969;959;-31.82683;-29.04081;3;37;EXTRACT;0;
409.1406;957;-28.18555;-2.616875;3;22;EXTRACT;3;
409.7031;959;-31.82683;-29.04081;3;36;EXTRACT;1;
410.1875;957;-28.18555;-2.616875;3;21;EXTRACT;2;
410.3125;959;-31.82683;-29.04081;3;35;EXTRACT;0;
411.1094;957;-28.18555;-2.616875;3;20;EXTRACT;3;
411.7031;959;-31.82683;-29.04081;3;34;EXTRACT;1;
412.1875;957;-28.18555;-2.616875;3;19;EXTRACT;2;
412.2656;959;-31.82683;-29.04081;3;33;EXTRACT;0;
413.1094;957;-28.18555;-2.616875;3;18;EXTRACT;3;
413.7188;959;-31.82683;-29.04081;3;32;EXTRACT;1;
414.1875;957;-28.18555;-2.616875;3;17;EXTRACT;2;
414.2813;959;-31.82683;-29.04081;3;31;EXTRACT;0;
415.125;957;-28.18555;-2.616875;3;16;EXTRACT;3;
415.7188;959;-31.82683;-29.04081;3;30;EXTRACT;1;
416.2031;957;-28.18555;-2.616875;3;15;EXTRACT;2;
416.2813;959;-31.82683;-29.04081;3;29;EXTRACT;0;
417.125;957;-28.18555;-2.616875;3;14;EXTRACT;3;
417.7188;959;-31.82683;-29.04081;3;28;EXTRACT;1;
418.2031;957;-28.18555;-2.616875;3;13;EXTRACT;2;
418.2813;959;-31.82683;-29.04081;3;27;EXTRACT;0;
419.125;957;-28.18555;-2.616875;3;12;EXTRACT;3;
419.6875;959;-31.82683;-29.04081;3;26;EXTRACT;1;
420.1719;957;-28.18555;-2.616875;3;11;EXTRACT;2;
420.2969;959;-31.82683;-29.04081;3;25;EXTRACT;0;
421.1406;957;-28.18555;-2.616875;3;10;EXTRACT;3;
421.7031;959;-31.82683;-29.04081;3;24;EXTRACT;1;
422.1719;957;-28.18555;-2.616875;3;9;EXTRACT;2;
422.2969;959;-31.82683;-29.04081;3;23;EXTRACT;0;
423.1406;957;-28.18555;-2.616875;3;8;EXTRACT;3;
423.7031;959;-31.82683;-29.04081;3;22;EXTRACT;1;
424.1719;957;-28.18555;-2.616875;3;7;EXTRACT;2;
424.2969;959;-31.82683;-29.04081;3;21;EXTRACT;0;
425.1406;957;-28.18555;-2.616875;3;6;EXTRACT;3;
425.7031;959;-31.82683;-29.04081;3;20;EXTRACT;1;
426.1875;957;-28.18555;-2.616875;3;5;EXTRACT;2;
426.2969;959;-31.82683;-29.04081;3;19;EXTRACT;0;
427.1406;957;-28.18555;-2.616875;3;4;EXTRACT;3;
427.7031;959;-31.82683;-29.04081;3;18;EXTRACT;1;
428.1875;957;-28.18555;-2.616875;3;3;EXTRACT;2;
428.3125;959;-31.82683;-29.04081;3;17;EXTRACT;0;
429.1094;957;-28.18555;-2.616875;3;2;EXTRACT;3;
429.7031;959;-31.82683;-29.04081;3;16;EXTRACT;1;
430.1875;957;-28.18555;-2.616875;3;1;EXTRACT;2;
430.3125;959;-31.82683;-29.04081;3;15;EXTRACT;0;
431.1094;957;-28.18555;-2.616875;3;0;EXTRACT;3;
431.0781;957;-28.18555;-2.616875;3;0;DESTROYED;;
431.1094;963;18.88369;-27.78881;3;48;CREATED;;
431.7188;959;-31.82683;-29.04081;3;14;EXTRACT;1;
432.2656;959;-31.82683;-29.04081;3;13;EXTRACT;0;
433.7188;959;-31.82683;-29.04081;3;12;EXTRACT;1;
434.2813;959;-31.82683;-29.04081;3;11;EXTRACT;0;
435.7188;959;-31.82683;-29.04081;3;10;EXTRACT;1;
436.2813;959;-31.82683;-29.04081;3;9;EXTRACT;0;
437.7188;959;-31.82683;-29.04081;3;8;EXTRACT;1;
438.2813;959;-31.82683;-29.04081;3;7;EXTRACT;0;
439.6875;959;-31.82683;-29.04081;3;6;EXTRACT;1;
440.2969;959;-31.82683;-29.04081;3;5;EXTRACT;0;
441.7031;959;-31.82683;-29.04081;3;4;EXTRACT;1;
442.2969;959;-31.82683;-29.04081;3;3;EXTRACT;0;
443.7031;959;-31.82683;-29.04081;3;2;EXTRACT;1;
444.2969;959;-31.82683;-29.04081;3;1;EXTRACT;0;
445.5469;959;-31.82683;-29.04081;3;1;DISCOVER;3;
445.5469;959;-31.82683;-29.04081;3;1;DISCOVER;2;
445.7031;959;-31.82683;-29.04081;3;0;EXTRACT;1;
445.6719;959;-31.82683;-29.04081;3;0;DESTROYED;;
445.7031;964;17.90631;44.31615;3;48;CREATED;;
473.0625;954;12.21449;-33.41344;3;48;DISCOVER;1;
476.9844;954;12.21449;-33.41344;3;47;EXTRACT;1;
478.9844;954;12.21449;-33.41344;3;46;EXTRACT;1;
479.1563;954;12.21449;-33.41344;3;46;DISCOVER;0;
480.9531;954;12.21449;-33.41344;3;45;EXTRACT;1;
482.1563;954;12.21449;-33.41344;3;44;EXTRACT;0;
482.6094;954;12.21449;-33.41344;3;44;DISCOVER;2;
482.9688;954;12.21449;-33.41344;3;43;EXTRACT;1;
484.1719;954;12.21449;-33.41344;3;42;EXTRACT;0;
484.9688;954;12.21449;-33.41344;3;41;EXTRACT;1;
485.4844;954;12.21449;-33.41344;3;40;EXTRACT;2;
486.1719;954;12.21449;-33.41344;3;39;EXTRACT;0;
486.4531;954;12.21449;-33.41344;3;39;DISCOVER;3;
486.9688;954;12.21449;-33.41344;3;38;EXTRACT;1;
487.5313;954;12.21449;-33.41344;3;37;EXTRACT;2;
488.1719;954;12.21449;-33.41344;3;36;EXTRACT;0;
488.9688;954;12.21449;-33.41344;3;35;EXTRACT;1;
489.0469;954;12.21449;-33.41344;3;34;EXTRACT;3;
489.5313;954;12.21449;-33.41344;3;33;EXTRACT;2;
490.1719;954;12.21449;-33.41344;3;32;EXTRACT;0;
490.9688;954;12.21449;-33.41344;3;31;EXTRACT;1;
491.0469;954;12.21449;-33.41344;3;30;EXTRACT;3;
491.5313;954;12.21449;-33.41344;3;29;EXTRACT;2;
492.1719;954;12.21449;-33.41344;3;28;EXTRACT;0;
492.9688;954;12.21449;-33.41344;3;27;EXTRACT;1;
493.0625;954;12.21449;-33.41344;3;26;EXTRACT;3;
493.5313;954;12.21449;-33.41344;3;25;EXTRACT;2;
494.1719;954;12.21449;-33.41344;3;24;EXTRACT;0;
494.9844;954;12.21449;-33.41344;3;23;EXTRACT;1;
495.0625;954;12.21449;-33.41344;3;22;EXTRACT;3;
495.5469;954;12.21449;-33.41344;3;21;EXTRACT;2;
496.1406;954;12.21449;-33.41344;3;20;EXTRACT;0;
496.9844;954;12.21449;-33.41344;3;19;EXTRACT;1;
497.0625;954;12.21449;-33.41344;3;18;EXTRACT;3;
497.5;954;12.21449;-33.41344;3;17;EXTRACT;2;
498.1406;954;12.21449;-33.41344;3;16;EXTRACT;0;
498.9844;954;12.21449;-33.41344;3;15;EXTRACT;1;
499.0313;954;12.21449;-33.41344;3;14;EXTRACT;3;
499.5156;954;12.21449;-33.41344;3;13;EXTRACT;2;
500.1563;954;12.21449;-33.41344;3;12;EXTRACT;0;
501;954;12.21449;-33.41344;3;11;EXTRACT;1;
501.0313;954;12.21449;-33.41344;3;10;EXTRACT;3;
501.5156;954;12.21449;-33.41344;3;9;EXTRACT;2;
502.1563;954;12.21449;-33.41344;3;8;EXTRACT;0;
502.9531;954;12.21449;-33.41344;3;7;EXTRACT;1;
503.0313;954;12.21449;-33.41344;3;6;EXTRACT;3;
503.5156;954;12.21449;-33.41344;3;5;EXTRACT;2;
504.1563;954;12.21449;-33.41344;3;4;EXTRACT;0;
504.9688;954;12.21449;-33.41344;3;3;EXTRACT;1;
505.0469;954;12.21449;-33.41344;3;2;EXTRACT;3;
505.5313;954;12.21449;-33.41344;3;1;EXTRACT;2;
506.1719;954;12.21449;-33.41344;3;0;EXTRACT;0;
506.1563;954;12.21449;-33.41344;3;0;DESTROYED;;
506.1719;965;21.43545;-19.35475;3;48;CREATED;;
513.3438;963;18.88369;-27.78881;3;48;DISCOVER;0;
516.8438;963;18.88369;-27.78881;3;47;EXTRACT;0;
518.8438;963;18.88369;-27.78881;3;46;EXTRACT;0;
519.4063;962;20.23192;-7.11377;3;48;DISCOVER;3;
520.8594;963;18.88369;-27.78881;3;45;EXTRACT;0;
522.0156;962;20.23192;-7.11377;3;47;EXTRACT;3;
522.8594;963;18.88369;-27.78881;3;44;EXTRACT;0;
524.0156;962;20.23192;-7.11377;3;46;EXTRACT;3;
524.8594;963;18.88369;-27.78881;3;43;EXTRACT;0;
526.0313;962;20.23192;-7.11377;3;45;EXTRACT;3;
526.8281;963;18.88369;-27.78881;3;42;EXTRACT;0;
528.0313;962;20.23192;-7.11377;3;44;EXTRACT;3;
528.8281;963;18.88369;-27.78881;3;41;EXTRACT;0;
530.0313;962;20.23192;-7.11377;3;43;EXTRACT;3;
530.8281;963;18.88369;-27.78881;3;40;EXTRACT;0;
530.9219;962;20.23192;-7.11377;3;43;DISCOVER;1;
532.0313;962;20.23192;-7.11377;3;42;EXTRACT;3;
532.8438;963;18.88369;-27.78881;3;39;EXTRACT;0;
533.7969;962;20.23192;-7.11377;3;41;EXTRACT;1;
534.0469;962;20.23192;-7.11377;3;40;EXTRACT;3;
534.8438;963;18.88369;-27.78881;3;38;EXTRACT;0;
534.9688;962;20.23192;-7.11377;3;40;DISCOVER;2;
535.8125;962;20.23192;-7.11377;3;39;EXTRACT;1;
536.0156;962;20.23192;-7.11377;3;38;EXTRACT;3;
536.8594;963;18.88369;-27.78881;3;37;EXTRACT;0;
537.7344;962;20.23192;-7.11377;3;37;EXTRACT;2;
537.8281;962;20.23192;-7.11377;3;36;EXTRACT;1;
538.0469;962;20.23192;-7.11377;3;35;EXTRACT;3;
538.8281;963;18.88369;-27.78881;3;36;EXTRACT;0;
539.75;962;20.23192;-7.11377;3;34;EXTRACT;2;
539.8281;962;20.23192;-7.11377;3;33;EXTRACT;1;
540.0313;962;20.23192;-7.11377;3;32;EXTRACT;3;
540.8594;963;18.88369;-27.78881;3;35;EXTRACT;0;
541.75;962;20.23192;-7.11377;3;31;EXTRACT;2;
541.8281;962;20.23192;-7.11377;3;30;EXTRACT;1;
542.0313;962;20.23192;-7.11377;3;29;EXTRACT;3;
542.8438;963;18.88369;-27.78881;3;34;EXTRACT;0;
543.7344;962;20.23192;-7.11377;3;28;EXTRACT;2;
543.8125;962;20.23192;-7.11377;3;27;EXTRACT;1;
544.0156;962;20.23192;-7.11377;3;26;EXTRACT;3;
544.8438;963;18.88369;-27.78881;3;33;EXTRACT;0;
545.7656;962;20.23192;-7.11377;3;25;EXTRACT;2;
545.8125;962;20.23192;-7.11377;3;24;EXTRACT;1;
546.0469;962;20.23192;-7.11377;3;23;EXTRACT;3;
546.8594;963;18.88369;-27.78881;3;32;EXTRACT;0;
547.75;962;20.23192;-7.11377;3;22;EXTRACT;2;
547.7813;962;20.23192;-7.11377;3;21;EXTRACT;1;
548.0313;962;20.23192;-7.11377;3;20;EXTRACT;3;
548.8125;963;18.88369;-27.78881;3;31;EXTRACT;0;
549.6875;962;20.23192;-7.11377;3;19;EXTRACT;2;
549.7813;962;20.23192;-7.11377;3;18;EXTRACT;1;
549.9688;962;20.23192;-7.11377;3;17;EXTRACT;3;
550.7969;963;18.88369;-27.78881;3;30;EXTRACT;0;
551.7188;962;20.23192;-7.11377;3;16;EXTRACT;2;
551.7969;962;20.23192;-7.11377;3;15;EXTRACT;1;
552;962;20.23192;-7.11377;3;14;EXTRACT;3;
552.7969;963;18.88369;-27.78881;3;29;EXTRACT;0;
553.7031;962;20.23192;-7.11377;3;13;EXTRACT;2;
553.7813;962;20.23192;-7.11377;3;12;EXTRACT;1;
553.9844;962;20.23192;-7.11377;3;11;EXTRACT;3;
554.7813;963;18.88369;-27.78881;3;28;EXTRACT;0;
555.7031;962;20.23192;-7.11377;3;10;EXTRACT;2;
555.7813;962;20.23192;-7.11377;3;9;EXTRACT;1;
555.9844;962;20.23192;-7.11377;3;8;EXTRACT;3;
556.7969;963;18.88369;-27.78881;3;27;EXTRACT;0;
557.7188;962;20.23192;-7.11377;3;7;EXTRACT;2;
557.7969;962;20.23192;-7.11377;3;6;EXTRACT;1;
558;962;20.23192;-7.11377;3;5;EXTRACT;3;
558.7969;963;18.88369;-27.78881;3;26;EXTRACT;0;
559.7188;962;20.23192;-7.11377;3;4;EXTRACT;2;
559.7969;962;20.23192;-7.11377;3;3;EXTRACT;1;
560;962;20.23192;-7.11377;3;2;EXTRACT;3;
560.7969;963;18.88369;-27.78881;3;25;EXTRACT;0;
561.7188;962;20.23192;-7.11377;3;1;EXTRACT;2;
561.7969;962;20.23192;-7.11377;3;0;EXTRACT;1;
561.7969;962;20.23192;-7.11377;3;0;DESTROYED;;
561.7969;966;13.3992;-12.08918;3;48;CREATED;;
562.7969;963;18.88369;-27.78881;3;24;EXTRACT;0;
564.8125;963;18.88369;-27.78881;3;23;EXTRACT;0;
566.8125;963;18.88369;-27.78881;3;22;EXTRACT;0;
568.7813;963;18.88369;-27.78881;3;21;EXTRACT;0;
570.7969;963;18.88369;-27.78881;3;20;EXTRACT;0;
572.7969;963;18.88369;-27.78881;3;19;EXTRACT;0;
573.4063;963;18.88369;-27.78881;3;19;DISCOVER;3;
574.7969;963;18.88369;-27.78881;3;18;EXTRACT;0;
576.1406;963;18.88369;-27.78881;3;17;EXTRACT;3;
576.8594;963;18.88369;-27.78881;3;16;EXTRACT;0;
576.9844;963;18.88369;-27.78881;3;16;DISCOVER;2;
578.1563;963;18.88369;-27.78881;3;15;EXTRACT;3;
578.7969;963;18.88369;-27.78881;3;14;EXTRACT;0;
579.7188;963;18.88369;-27.78881;3;13;EXTRACT;2;
580.1563;963;18.88369;-27.78881;3;12;EXTRACT;3;
580.7969;963;18.88369;-27.78881;3;11;EXTRACT;0;
581.6719;963;18.88369;-27.78881;3;10;EXTRACT;2;
582.1563;963;18.88369;-27.78881;3;9;EXTRACT;3;
582.7969;963;18.88369;-27.78881;3;8;EXTRACT;0;
583.6875;963;18.88369;-27.78881;3;7;EXTRACT;2;
584.1563;963;18.88369;-27.78881;3;6;EXTRACT;3;
584.7969;963;18.88369;-27.78881;3;5;EXTRACT;0;
585.6875;963;18.88369;-27.78881;3;4;EXTRACT;2;
586.1719;963;18.88369;-27.78881;3;3;EXTRACT;3;
586.8125;963;18.88369;-27.78881;3;2;EXTRACT;0;
587.6875;963;18.88369;-27.78881;3;1;EXTRACT;2;
588.1719;963;18.88369;-27.78881;3;0;EXTRACT;3;
588.1563;963;18.88369;-27.78881;3;0;DESTROYED;;
588.1719;967;-42.66928;-22.51845;3;48;CREATED;;
595.4688;965;21.43545;-19.35475;3;48;DISCOVER;2;
596.9531;966;13.3992;-12.08918;3;48;DISCOVER;3;
598.4375;965;21.43545;-19.35475;3;47;EXTRACT;2;
599.6875;966;13.3992;-12.08918;3;47;EXTRACT;3;
600.4531;965;21.43545;-19.35475;3;46;EXTRACT;2;
601.6875;966;13.3992;-12.08918;3;46;EXTRACT;3;
602.4219;965;21.43545;-19.35475;3;45;EXTRACT;2;
603.7031;966;13.3992;-12.08918;3;45;EXTRACT;3;
604.4219;965;21.43545;-19.35475;3;44;EXTRACT;2;
605.7031;966;13.3992;-12.08918;3;44;EXTRACT;3;
606.4375;965;21.43545;-19.35475;3;43;EXTRACT;2;
607.7031;966;13.3992;-12.08918;3;43;EXTRACT;3;
608.4375;965;21.43545;-19.35475;3;42;EXTRACT;2;
609.7188;966;13.3992;-12.08918;3;42;EXTRACT;3;
610.4375;965;21.43545;-19.35475;3;41;EXTRACT;2;
611.6875;966;13.3992;-12.08918;3;41;EXTRACT;3;
612.4531;965;21.43545;-19.35475;3;40;EXTRACT;2;
613.6875;966;13.3992;-12.08918;3;40;EXTRACT;3;
614.4063;965;21.43545;-19.35475;3;39;EXTRACT;2;
615.7031;966;13.3992;-12.08918;3;39;EXTRACT;3;
616.4219;965;21.43545;-19.35475;3;38;EXTRACT;2;
617.7031;966;13.3992;-12.08918;3;38;EXTRACT;3;
618.4219;965;21.43545;-19.35475;3;37;EXTRACT;2;
619.7031;966;13.3992;-12.08918;3;37;EXTRACT;3;
620.4375;965;21.43545;-19.35475;3;36;EXTRACT;2;
621.7188;966;13.3992;-12.08918;3;36;EXTRACT;3;
622.4375;965;21.43545;-19.35475;3;35;EXTRACT;2;
623.7188;966;13.3992;-12.08918;3;35;EXTRACT;3;
624.4531;965;21.43545;-19.35475;3;34;EXTRACT;2;
624.6406;965;21.43545;-19.35475;3;34;DISCOVER;0;
625.7344;966;13.3992;-12.08918;3;34;EXTRACT;3;
626.4531;965;21.43545;-19.35475;3;33;EXTRACT;2;
627.7344;966;13.3992;-12.08918;3;33;EXTRACT;3;
628.25;965;21.43545;-19.35475;3;32;EXTRACT;0;
628.4531;965;21.43545;-19.35475;3;31;EXTRACT;2;
629.75;966;13.3992;-12.08918;3;32;EXTRACT;3;
630.2656;965;21.43545;-19.35475;3;30;EXTRACT;0;
630.5781;965;21.43545;-19.35475;3;29;EXTRACT;2;
631.7344;966;13.3992;-12.08918;3;31;EXTRACT;3;
632.2656;965;21.43545;-19.35475;3;28;EXTRACT;0;
632.5;965;21.43545;-19.35475;3;27;EXTRACT;2;
633.7188;966;13.3992;-12.08918;3;30;EXTRACT;3;
634.3125;965;21.43545;-19.35475;3;26;EXTRACT;0;
634.4688;965;21.43545;-19.35475;3;25;EXTRACT;2;
635.7031;966;13.3992;-12.08918;3;29;EXTRACT;3;
636.25;965;21.43545;-19.35475;3;24;EXTRACT;0;
636.4688;965;21.43545;-19.35475;3;23;EXTRACT;2;
637.8125;966;13.3992;-12.08918;3;28;EXTRACT;3;
638.2656;965;21.43545;-19.35475;3;22;EXTRACT;0;
638.4688;965;21.43545;-19.35475;3;21;EXTRACT;2;
639.7031;966;13.3992;-12.08918;3;27;EXTRACT;3;
640.25;965;21.43545;-19.35475;3;20;EXTRACT;0;
640.4531;965;21.43545;-19.35475;3;19;EXTRACT;2;
641.6406;966;13.3992;-12.08918;3;26;EXTRACT;3;
642.1563;965;21.43545;-19.35475;3;18;EXTRACT;0;
642.4219;965;21.43545;-19.35475;3;17;EXTRACT;2;
643.625;966;13.3992;-12.08918;3;25;EXTRACT;3;
644.1875;965;21.43545;-19.35475;3;16;EXTRACT;0;
644.3438;965;21.43545;-19.35475;3;15;EXTRACT;2;
644.5469;966;13.3992;-12.08918;3;25;DISCOVER;1;
645.6406;966;13.3992;-12.08918;3;24;EXTRACT;3;
646.1563;965;21.43545;-19.35475;3;14;EXTRACT;0;
646.375;965;21.43545;-19.35475;3;13;EXTRACT;2;
647.6719;966;13.3992;-12.08918;3;23;EXTRACT;3;
647.7969;966;13.3992;-12.08918;3;22;EXTRACT;1;
648.1719;965;21.43545;-19.35475;3;12;EXTRACT;0;
648.375;965;21.43545;-19.35475;3;11;EXTRACT;2;
649.6094;966;13.3992;-12.08918;3;21;EXTRACT;3;
649.7969;966;13.3992;-12.08918;3;20;EXTRACT;1;
650.1719;965;21.43545;-19.35475;3;10;EXTRACT;0;
650.4531;965;21.43545;-19.35475;3;9;EXTRACT;2;
651.625;966;13.3992;-12.08918;3;19;EXTRACT;3;
651.7813;966;13.3992;-12.08918;3;18;EXTRACT;1;
652.1719;965;21.43545;-19.35475;3;8;EXTRACT;0;
652.3438;965;21.43545;-19.35475;3;7;EXTRACT;2;
653.625;966;13.3992;-12.08918;3;17;EXTRACT;3;
653.7813;966;13.3992;-12.08918;3;16;EXTRACT;1;
654.1406;965;21.43545;-19.35475;3;6;EXTRACT;0;
654.4063;965;21.43545;-19.35475;3;5;EXTRACT;2;
655.625;966;13.3992;-12.08918;3;15;EXTRACT;3;
655.7813;966;13.3992;-12.08918;3;14;EXTRACT;1;
656.1875;965;21.43545;-19.35475;3;4;EXTRACT;0;
656.3438;965;21.43545;-19.35475;3;3;EXTRACT;2;
657.6406;966;13.3992;-12.08918;3;13;EXTRACT;3;
657.9063;966;13.3992;-12.08918;3;12;EXTRACT;1;
658.1719;965;21.43545;-19.35475;3;2;EXTRACT;0;
658.375;965;21.43545;-19.35475;3;1;EXTRACT;2;
659.625;966;13.3992;-12.08918;3;11;EXTRACT;3;
659.7969;966;13.3992;-12.08918;3;10;EXTRACT;1;
660.1563;965;21.43545;-19.35475;3;0;EXTRACT;0;
660.1094;965;21.43545;-19.35475;3;0;DESTROYED;;
660.1563;968;28.00215;-10.21693;3;48;CREATED;;
661.6406;966;13.3992;-12.08918;3;9;EXTRACT;3;
661.7969;966;13.3992;-12.08918;3;8;EXTRACT;1;
663.6406;966;13.3992;-12.08918;3;7;EXTRACT;3;
663.7969;966;13.3992;-12.08918;3;6;EXTRACT;1;
665.6094;966;13.3992;-12.08918;3;5;EXTRACT;3;
665.8125;966;13.3992;-12.08918;3;4;EXTRACT;1;
666.7344;966;13.3992;-12.08918;3;4;DISCOVER;2;
667.6094;966;13.3992;-12.08918;3;3;EXTRACT;3;
667.8125;966;13.3992;-12.08918;3;2;EXTRACT;1;
669.6094;966;13.3992;-12.08918;3;1;EXTRACT;3;
669.8125;966;13.3992;-12.08918;3;0;EXTRACT;1;
669.7969;966;13.3992;-12.08918;3;0;DESTROYED;;
669.8125;969;1.09409;39.3455;3;48;CREATED;;
