Time;PatchID;PositionX;PositionZ;Radius;CoinAmount;PatchEvent;TriggerPlayer;
0;995;40.94666;18.04712;3;16;CREATED;;
0;996;-17.80968;26.41578;3;16;CREATED;;
0;997;41.11729;11.50153;3;16;CREATED;;
0;998;-36.13665;-15.82482;3;16;CREATED;;
0;999;-5.993092;40.11404;3;16;CREATED;;
0;1000;-12.19145;-30.25809;3;16;CREATED;;
0;1001;8.199978;8.938446;3;16;CREATED;;
0;1002;-28.12742;9.128647;3;16;CREATED;;
0;1003;-32.21168;44.48568;3;16;CREATED;;
0;1004;-39.96222;16.71041;3;16;CREATED;;
0;1005;-6.803631;24.03526;3;16;CREATED;;
0;1006;32.91922;-41.14819;3;16;CREATED;;
0;1007;4.842766;-24.19331;3;16;CREATED;;
0;1008;-36.13795;28.18637;3;16;CREATED;;
0;1009;41.27765;-41.5649;3;16;CREATED;;
10.79688;1002;-28.12742;9.128647;3;16;DISCOVER;3;
13.5625;1002;-28.12742;9.128647;3;15;EXTRACT;3;
15.57813;1002;-28.12742;9.128647;3;14;EXTRACT;3;
17.57813;1002;-28.12742;9.128647;3;13;EXTRACT;3;
19.59375;1002;-28.12742;9.128647;3;12;EXTRACT;3;
21.54688;1002;-28.12742;9.128647;3;11;EXTRACT;3;
23.5625;1002;-28.12742;9.128647;3;10;EXTRACT;3;
24.20313;1000;-12.19145;-30.25809;3;16;DISCOVER;2;
25.5625;1002;-28.12742;9.128647;3;9;EXTRACT;3;
27.21875;1000;-12.19145;-30.25809;3;15;EXTRACT;2;
27.57813;1002;-28.12742;9.128647;3;8;EXTRACT;3;
29.21875;1000;-12.19145;-30.25809;3;14;EXTRACT;2;
29.59375;1002;-28.12742;9.128647;3;7;EXTRACT;3;
31.20313;1000;-12.19145;-30.25809;3;13;EXTRACT;2;
31.5625;1002;-28.12742;9.128647;3;6;EXTRACT;3;
33.20313;1000;-12.19145;-30.25809;3;12;EXTRACT;2;
33.5625;1002;-28.12742;9.128647;3;5;EXTRACT;3;
35.20313;1000;-12.19145;-30.25809;3;11;EXTRACT;2;
35.5625;1002;-28.12742;9.128647;3;4;EXTRACT;3;
37.21875;1000;-12.19145;-30.25809;3;10;EXTRACT;2;
37.57813;1002;-28.12742;9.128647;3;3;EXTRACT;3;
39.21875;1000;-12.19145;-30.25809;3;9;EXTRACT;2;
39.59375;1002;-28.12742;9.128647;3;2;EXTRACT;3;
41.23438;1000;-12.19145;-30.25809;3;8;EXTRACT;2;
41.59375;1002;-28.12742;9.128647;3;1;EXTRACT;3;
43.23438;1000;-12.19145;-30.25809;3;7;EXTRACT;2;
43.54688;1002;-28.12742;9.128647;3;0;EXTRACT;3;
43.51563;1002;-28.12742;9.128647;3;0;DESTROYED;;
43.54688;1010;44.4402;-33.5065;3;16;CREATED;;
45.20313;1000;-12.19145;-30.25809;3;6;EXTRACT;2;
47.20313;1000;-12.19145;-30.25809;3;5;EXTRACT;2;
49.21875;1000;-12.19145;-30.25809;3;4;EXTRACT;2;
51.21875;1000;-12.19145;-30.25809;3;3;EXTRACT;2;
52.70313;1004;-39.96222;16.71041;3;16;DISCOVER;3;
53.23438;1000;-12.19145;-30.25809;3;2;EXTRACT;2;
55.23438;1000;-12.19145;-30.25809;3;1;EXTRACT;2;
55.46875;1004;-39.96222;16.71041;3;15;EXTRACT;3;
57.25;1000;-12.19145;-30.25809;3;0;EXTRACT;2;
57.23438;1000;-12.19145;-30.25809;3;0;DESTROYED;;
57.25;1011;-20.77037;36.90854;3;16;CREATED;;
57.4375;1004;-39.96222;16.71041;3;14;EXTRACT;3;
59.4375;1004;-39.96222;16.71041;3;13;EXTRACT;3;
61.04688;1001;8.199978;8.938446;3;16;DISCOVER;1;
61.45313;1004;-39.96222;16.71041;3;12;EXTRACT;3;
63.45313;1004;-39.96222;16.71041;3;11;EXTRACT;3;
64.09375;1001;8.199978;8.938446;3;15;EXTRACT;1;
65.46875;1004;-39.96222;16.71041;3;10;EXTRACT;3;
66.10938;1001;8.199978;8.938446;3;14;EXTRACT;1;
67.46875;1004;-39.96222;16.71041;3;9;EXTRACT;3;
68.03125;1001;8.199978;8.938446;3;14;DISCOVER;0;
68.10938;1001;8.199978;8.938446;3;13;EXTRACT;1;
69.46875;1004;-39.96222;16.71041;3;8;EXTRACT;3;
70.10938;1001;8.199978;8.938446;3;12;EXTRACT;1;
71.46875;1004;-39.96222;16.71041;3;7;EXTRACT;3;
71.46875;1001;8.199978;8.938446;3;11;EXTRACT;0;
72.125;1001;8.199978;8.938446;3;10;EXTRACT;1;
73.4375;1004;-39.96222;16.71041;3;6;EXTRACT;3;
73.53125;1001;8.199978;8.938446;3;9;EXTRACT;0;
74.125;1001;8.199978;8.938446;3;8;EXTRACT;1;
75.45313;1004;-39.96222;16.71041;3;5;EXTRACT;3;
75.48438;1001;8.199978;8.938446;3;7;EXTRACT;0;
76.125;1001;8.199978;8.938446;3;6;EXTRACT;1;
77.45313;1004;-39.96222;16.71041;3;4;EXTRACT;3;
77.5;1001;8.199978;8.938446;3;5;EXTRACT;0;
78.14063;1001;8.199978;8.938446;3;4;EXTRACT;1;
79.45313;1004;-39.96222;16.71041;3;3;EXTRACT;3;
79.5;1001;8.199978;8.938446;3;3;EXTRACT;0;
80.10938;1001;8.199978;8.938446;3;2;EXTRACT;1;
81.46875;1004;-39.96222;16.71041;3;2;EXTRACT;3;
81.51563;1001;8.199978;8.938446;3;1;EXTRACT;0;
82.10938;1001;8.199978;8.938446;3;0;EXTRACT;1;
82.07813;1001;8.199978;8.938446;3;0;DESTROYED;;
82.10938;1012;-33.45311;-10.07057;3;16;CREATED;;
83.48438;1004;-39.96222;16.71041;3;1;EXTRACT;3;
85.4375;1004;-39.96222;16.71041;3;0;EXTRACT;3;
85.4375;1004;-39.96222;16.71041;3;0;DESTROYED;;
85.4375;1013;-6.863403;12.81052;3;16;CREATED;;
93.59375;1008;-36.13795;28.18637;3;16;DISCOVER;3;
96.23438;1008;-36.13795;28.18637;3;15;EXTRACT;3;
98.25;1008;-36.13795;28.18637;3;14;EXTRACT;3;
100.25;1008;-36.13795;28.18637;3;13;EXTRACT;3;
100.3281;1013;-6.863403;12.81052;3;16;DISCOVER;2;
102.25;1008;-36.13795;28.18637;3;12;EXTRACT;3;
103.4531;1013;-6.863403;12.81052;3;15;EXTRACT;2;
104.25;1008;-36.13795;28.18637;3;11;EXTRACT;3;
105.4531;1013;-6.863403;12.81052;3;14;EXTRACT;2;
106.2656;1008;-36.13795;28.18637;3;10;EXTRACT;3;
107.4688;1013;-6.863403;12.81052;3;13;EXTRACT;2;
108.2656;1008;-36.13795;28.18637;3;9;EXTRACT;3;
108.75;1011;-20.77037;36.90854;3;16;DISCOVER;0;
109.4375;1013;-6.863403;12.81052;3;12;EXTRACT;2;
110.2813;1008;-36.13795;28.18637;3;8;EXTRACT;3;
111.4375;1013;-6.863403;12.81052;3;11;EXTRACT;2;
111.9219;1011;-20.77037;36.90854;3;15;EXTRACT;0;
112.25;1008;-36.13795;28.18637;3;7;EXTRACT;3;
113.4375;1013;-6.863403;12.81052;3;10;EXTRACT;2;
113.9219;1011;-20.77037;36.90854;3;14;EXTRACT;0;
114.2656;1008;-36.13795;28.18637;3;6;EXTRACT;3;
115.4688;1013;-6.863403;12.81052;3;9;EXTRACT;2;
115.9063;1011;-20.77037;36.90854;3;13;EXTRACT;0;
116.2813;1008;-36.13795;28.18637;3;5;EXTRACT;3;
117.4375;1013;-6.863403;12.81052;3;8;EXTRACT;2;
117.9219;1011;-20.77037;36.90854;3;12;EXTRACT;0;
118.2813;1008;-36.13795;28.18637;3;4;EXTRACT;3;
119.4375;1013;-6.863403;12.81052;3;7;EXTRACT;2;
119.9219;1011;-20.77037;36.90854;3;11;EXTRACT;0;
120.2813;1008;-36.13795;28.18637;3;3;EXTRACT;3;
121.4531;1013;-6.863403;12.81052;3;6;EXTRACT;2;
121.9219;1011;-20.77037;36.90854;3;10;EXTRACT;0;
122.2969;1008;-36.13795;28.18637;3;2;EXTRACT;3;
123.4531;1013;-6.863403;12.81052;3;5;EXTRACT;2;
123.9375;1011;-20.77037;36.90854;3;9;EXTRACT;0;
124.2969;1008;-36.13795;28.18637;3;1;EXTRACT;3;
125.4531;1013;-6.863403;12.81052;3;4;EXTRACT;2;
125.9375;1011;-20.77037;36.90854;3;8;EXTRACT;0;
126.2969;1008;-36.13795;28.18637;3;0;EXTRACT;3;
126.2813;1008;-36.13795;28.18637;3;0;DESTROYED;;
126.2969;1014;5.603428;-42.97927;3;16;CREATED;;
127.4688;1013;-6.863403;12.81052;3;3;EXTRACT;2;
127.9063;1011;-20.77037;36.90854;3;7;EXTRACT;0;
129.4688;1013;-6.863403;12.81052;3;2;EXTRACT;2;
129.9063;1011;-20.77037;36.90854;3;6;EXTRACT;0;
131.4375;1013;-6.863403;12.81052;3;1;EXTRACT;2;
131.9219;1011;-20.77037;36.90854;3;5;EXTRACT;0;
133.4375;1013;-6.863403;12.81052;3;0;EXTRACT;2;
133.3594;1013;-6.863403;12.81052;3;0;DESTROYED;;
133.4375;1015;18.70215;18.01262;3;16;CREATED;;
133.8594;1011;-20.77037;36.90854;3;4;EXTRACT;0;
135.9063;1011;-20.77037;36.90854;3;3;EXTRACT;0;
137.8594;1011;-20.77037;36.90854;3;2;EXTRACT;0;
139.7031;1011;-20.77037;36.90854;3;1;EXTRACT;0;
141.0156;1005;-6.803631;24.03526;3;16;DISCOVER;2;
141.7344;1011;-20.77037;36.90854;3;0;EXTRACT;0;
141.7188;1011;-20.77037;36.90854;3;0;DESTROYED;;
141.7344;1016;23.66884;30.52991;3;16;CREATED;;
143.9063;1005;-6.803631;24.03526;3;15;EXTRACT;2;
144.0625;1003;-32.21168;44.48568;3;16;DISCOVER;1;
145.9219;1005;-6.803631;24.03526;3;14;EXTRACT;2;
147.0938;1003;-32.21168;44.48568;3;15;EXTRACT;1;
147.8906;1005;-6.803631;24.03526;3;13;EXTRACT;2;
149.0938;1003;-32.21168;44.48568;3;14;EXTRACT;1;
149.9063;1005;-6.803631;24.03526;3;12;EXTRACT;2;
150.8594;1003;-32.21168;44.48568;3;14;DISCOVER;0;
151.1094;1003;-32.21168;44.48568;3;13;EXTRACT;1;
151.9063;1005;-6.803631;24.03526;3;11;EXTRACT;2;
153.1094;1003;-32.21168;44.48568;3;12;EXTRACT;1;
153.9063;1005;-6.803631;24.03526;3;10;EXTRACT;2;
154.1563;1003;-32.21168;44.48568;3;11;EXTRACT;0;
155.1094;1003;-32.21168;44.48568;3;10;EXTRACT;1;
155.9219;1005;-6.803631;24.03526;3;9;EXTRACT;2;
156.1563;1003;-32.21168;44.48568;3;9;EXTRACT;0;
157.125;1003;-32.21168;44.48568;3;8;EXTRACT;1;
157.9219;1005;-6.803631;24.03526;3;8;EXTRACT;2;
158.1719;1003;-32.21168;44.48568;3;7;EXTRACT;0;
159.125;1003;-32.21168;44.48568;3;6;EXTRACT;1;
159.9219;1005;-6.803631;24.03526;3;7;EXTRACT;2;
160.125;1003;-32.21168;44.48568;3;5;EXTRACT;0;
161.0938;1003;-32.21168;44.48568;3;4;EXTRACT;1;
161.8906;1005;-6.803631;24.03526;3;6;EXTRACT;2;
162.1406;1003;-32.21168;44.48568;3;3;EXTRACT;0;
163.0938;1003;-32.21168;44.48568;3;2;EXTRACT;1;
163.9063;1005;-6.803631;24.03526;3;5;EXTRACT;2;
164.1406;1003;-32.21168;44.48568;3;1;EXTRACT;0;
165.1094;1003;-32.21168;44.48568;3;0;EXTRACT;1;
165.0781;1003;-32.21168;44.48568;3;0;DESTROYED;;
165.1094;1017;14.41719;-38.15983;3;16;CREATED;;
165.9063;1005;-6.803631;24.03526;3;4;EXTRACT;2;
167.9219;1005;-6.803631;24.03526;3;3;EXTRACT;2;
169.9219;1005;-6.803631;24.03526;3;2;EXTRACT;2;
171.8906;1005;-6.803631;24.03526;3;1;EXTRACT;2;
173.9063;1005;-6.803631;24.03526;3;0;EXTRACT;2;
173.875;1005;-6.803631;24.03526;3;0;DESTROYED;;
173.9063;1018;-19.12186;10.72832;3;16;CREATED;;
206.0469;1012;-33.45311;-10.07057;3;16;DISCOVER;0;
209.2656;1012;-33.45311;-10.07057;3;15;EXTRACT;0;
211.25;1012;-33.45311;-10.07057;3;14;EXTRACT;0;
213.25;1012;-33.45311;-10.07057;3;13;EXTRACT;0;
215.25;1012;-33.45311;-10.07057;3;12;EXTRACT;0;
217.2188;1012;-33.45311;-10.07057;3;12;DISCOVER;3;
217.2188;1012;-33.45311;-10.07057;3;11;EXTRACT;0;
219.1875;1012;-33.45311;-10.07057;3;10;EXTRACT;0;
220.4688;1012;-33.45311;-10.07057;3;9;EXTRACT;3;
220.7813;1007;4.842766;-24.19331;3;16;DISCOVER;2;
221.1406;1012;-33.45311;-10.07057;3;8;EXTRACT;0;
222.5469;1012;-33.45311;-10.07057;3;7;EXTRACT;3;
223.1406;1012;-33.45311;-10.07057;3;6;EXTRACT;0;
223.7656;1007;4.842766;-24.19331;3;15;EXTRACT;2;
224.4531;1012;-33.45311;-10.07057;3;5;EXTRACT;3;
225.1406;1012;-33.45311;-10.07057;3;4;EXTRACT;0;
225.8281;1007;4.842766;-24.19331;3;14;EXTRACT;2;
226.4688;1012;-33.45311;-10.07057;3;3;EXTRACT;3;
227.1719;1012;-33.45311;-10.07057;3;2;EXTRACT;0;
227.75;1007;4.842766;-24.19331;3;13;EXTRACT;2;
228.5156;1012;-33.45311;-10.07057;3;1;EXTRACT;3;
229.1406;1012;-33.45311;-10.07057;3;0;EXTRACT;0;
229.1094;1012;-33.45311;-10.07057;3;0;DESTROYED;;
229.1406;1019;-24.2388;14.43581;3;16;CREATED;;
229.75;1007;4.842766;-24.19331;3;12;EXTRACT;2;
231.75;1007;4.842766;-24.19331;3;11;EXTRACT;2;
233.7344;1007;4.842766;-24.19331;3;10;EXTRACT;2;
235.2656;1009;41.27765;-41.5649;3;16;DISCOVER;1;
235.7656;1007;4.842766;-24.19331;3;9;EXTRACT;2;
237.7344;1007;4.842766;-24.19331;3;8;EXTRACT;2;
238.7813;1009;41.27765;-41.5649;3;15;EXTRACT;1;
239.7344;1007;4.842766;-24.19331;3;7;EXTRACT;2;
240.7813;1009;41.27765;-41.5649;3;14;EXTRACT;1;
241.75;1007;4.842766;-24.19331;3;6;EXTRACT;2;
242.7969;1009;41.27765;-41.5649;3;13;EXTRACT;1;
243.75;1007;4.842766;-24.19331;3;5;EXTRACT;2;
244.7969;1009;41.27765;-41.5649;3;12;EXTRACT;1;
245.75;1007;4.842766;-24.19331;3;4;EXTRACT;2;
246.7656;1009;41.27765;-41.5649;3;11;EXTRACT;1;
247.7656;1007;4.842766;-24.19331;3;3;EXTRACT;2;
248.7656;1009;41.27765;-41.5649;3;10;EXTRACT;1;
249.7344;1007;4.842766;-24.19331;3;2;EXTRACT;2;
250.7656;1009;41.27765;-41.5649;3;9;EXTRACT;1;
251.7344;1007;4.842766;-24.19331;3;1;EXTRACT;2;
252.7813;1009;41.27765;-41.5649;3;8;EXTRACT;1;
253.75;1007;4.842766;-24.19331;3;0;EXTRACT;2;
253.7188;1007;4.842766;-24.19331;3;0;DESTROYED;;
253.75;1020;27.84628;0.3171921;3;16;CREATED;;
254.7813;1009;41.27765;-41.5649;3;7;EXTRACT;1;
256.7969;1009;41.27765;-41.5649;3;6;EXTRACT;1;
258.7969;1009;41.27765;-41.5649;3;5;EXTRACT;1;
260.7656;1009;41.27765;-41.5649;3;4;EXTRACT;1;
262.7656;1009;41.27765;-41.5649;3;3;EXTRACT;1;
262.9375;998;-36.13665;-15.82482;3;16;DISCOVER;3;
264.7031;1014;5.603428;-42.97927;3;16;DISCOVER;2;
264.7813;1009;41.27765;-41.5649;3;2;EXTRACT;1;
265.625;998;-36.13665;-15.82482;3;15;EXTRACT;3;
266.7813;1009;41.27765;-41.5649;3;1;EXTRACT;1;
267.5;1014;5.603428;-42.97927;3;15;EXTRACT;2;
267.625;998;-36.13665;-15.82482;3;14;EXTRACT;3;
268.7969;1009;41.27765;-41.5649;3;0;EXTRACT;1;
268.75;1009;41.27765;-41.5649;3;0;DESTROYED;;
268.7969;1021;-36.7474;18.65319;3;16;CREATED;;
269.5156;1014;5.603428;-42.97927;3;14;EXTRACT;2;
269.6406;998;-36.13665;-15.82482;3;13;EXTRACT;3;
271.5313;1014;5.603428;-42.97927;3;13;EXTRACT;2;
271.6563;998;-36.13665;-15.82482;3;12;EXTRACT;3;
273.5;1014;5.603428;-42.97927;3;12;EXTRACT;2;
273.6094;998;-36.13665;-15.82482;3;11;EXTRACT;3;
275.5;1014;5.603428;-42.97927;3;11;EXTRACT;2;
275.625;998;-36.13665;-15.82482;3;10;EXTRACT;3;
276.3438;1010;44.4402;-33.5065;3;16;DISCOVER;1;
277.5156;1014;5.603428;-42.97927;3;10;EXTRACT;2;
277.6406;998;-36.13665;-15.82482;3;9;EXTRACT;3;
279.5313;1014;5.603428;-42.97927;3;9;EXTRACT;2;
279.6094;1010;44.4402;-33.5065;3;15;EXTRACT;1;
279.6406;998;-36.13665;-15.82482;3;8;EXTRACT;3;
281.5;1014;5.603428;-42.97927;3;8;EXTRACT;2;
281.5781;1010;44.4402;-33.5065;3;14;EXTRACT;1;
281.6094;998;-36.13665;-15.82482;3;7;EXTRACT;3;
283.5;1014;5.603428;-42.97927;3;7;EXTRACT;2;
283.5781;1010;44.4402;-33.5065;3;13;EXTRACT;1;
283.625;998;-36.13665;-15.82482;3;6;EXTRACT;3;
285.5156;1014;5.603428;-42.97927;3;6;EXTRACT;2;
285.5938;1010;44.4402;-33.5065;3;12;EXTRACT;1;
285.625;998;-36.13665;-15.82482;3;5;EXTRACT;3;
287.5156;1014;5.603428;-42.97927;3;5;EXTRACT;2;
287.5938;1010;44.4402;-33.5065;3;11;EXTRACT;1;
287.6406;998;-36.13665;-15.82482;3;4;EXTRACT;3;
289.5156;1014;5.603428;-42.97927;3;4;EXTRACT;2;
289.5938;1010;44.4402;-33.5065;3;10;EXTRACT;1;
289.6406;998;-36.13665;-15.82482;3;3;EXTRACT;3;
291.5313;1014;5.603428;-42.97927;3;3;EXTRACT;2;
291.6094;1010;44.4402;-33.5065;3;9;EXTRACT;1;
291.6563;998;-36.13665;-15.82482;3;2;EXTRACT;3;
293.5;1014;5.603428;-42.97927;3;2;EXTRACT;2;
293.6094;1010;44.4402;-33.5065;3;8;EXTRACT;1;
293.6094;998;-36.13665;-15.82482;3;1;EXTRACT;3;
295.5;1014;5.603428;-42.97927;3;1;EXTRACT;2;
295.5781;1010;44.4402;-33.5065;3;7;EXTRACT;1;
295.625;998;-36.13665;-15.82482;3;0;EXTRACT;3;
295.5938;998;-36.13665;-15.82482;3;0;DESTROYED;;
295.625;1022;-4.285156;6.584774;3;16;CREATED;;
296.9844;1014;5.603428;-42.97927;3;1;DISCOVER;0;
297.5156;1014;5.603428;-42.97927;3;0;EXTRACT;2;
297.4688;1014;5.603428;-42.97927;3;0;DESTROYED;;
297.5156;1023;-34.64649;42.40727;3;16;CREATED;;
297.5938;1010;44.4402;-33.5065;3;6;EXTRACT;1;
299.5938;1010;44.4402;-33.5065;3;5;EXTRACT;1;
301.5938;1010;44.4402;-33.5065;3;4;EXTRACT;1;
303.6094;1010;44.4402;-33.5065;3;3;EXTRACT;1;
305.6094;1010;44.4402;-33.5065;3;2;EXTRACT;1;
306.2188;1017;14.41719;-38.15983;3;16;DISCOVER;2;
307.5781;1010;44.4402;-33.5065;3;1;EXTRACT;1;
308.9844;1017;14.41719;-38.15983;3;15;EXTRACT;2;
309.5781;1010;44.4402;-33.5065;3;0;EXTRACT;1;
309.5625;1010;44.4402;-33.5065;3;0;DESTROYED;;
309.5781;1024;-30.44336;9.698006;3;16;CREATED;;
310.9844;1017;14.41719;-38.15983;3;14;EXTRACT;2;
313;1017;14.41719;-38.15983;3;13;EXTRACT;2;
314.7188;1021;-36.7474;18.65319;3;16;DISCOVER;3;
315;1017;14.41719;-38.15983;3;12;EXTRACT;2;
317;1017;14.41719;-38.15983;3;11;EXTRACT;2;
317.6094;1021;-36.7474;18.65319;3;15;EXTRACT;3;
319.0156;1017;14.41719;-38.15983;3;10;EXTRACT;2;
319.6094;1021;-36.7474;18.65319;3;14;EXTRACT;3;
320.9844;1017;14.41719;-38.15983;3;9;EXTRACT;2;
321.625;1021;-36.7474;18.65319;3;13;EXTRACT;3;
322.9844;1017;14.41719;-38.15983;3;8;EXTRACT;2;
323.0313;1017;14.41719;-38.15983;3;8;DISCOVER;0;
323.5938;1021;-36.7474;18.65319;3;12;EXTRACT;3;
325;1017;14.41719;-38.15983;3;7;EXTRACT;2;
325.5938;1021;-36.7474;18.65319;3;11;EXTRACT;3;
325.9531;1017;14.41719;-38.15983;3;6;EXTRACT;0;
327;1017;14.41719;-38.15983;3;5;EXTRACT;2;
327.5938;1021;-36.7474;18.65319;3;10;EXTRACT;3;
327.9688;1017;14.41719;-38.15983;3;4;EXTRACT;0;
329;1017;14.41719;-38.15983;3;3;EXTRACT;2;
329.6094;1021;-36.7474;18.65319;3;9;EXTRACT;3;
329.9688;1017;14.41719;-38.15983;3;2;EXTRACT;0;
331.0156;1017;14.41719;-38.15983;3;1;EXTRACT;2;
331.625;1021;-36.7474;18.65319;3;8;EXTRACT;3;
331.9375;1017;14.41719;-38.15983;3;0;EXTRACT;0;
331.9219;1017;14.41719;-38.15983;3;0;DESTROYED;;
331.9375;1025;5.912861;8.980598;3;16;CREATED;;
333.1875;997;41.11729;11.50153;3;16;DISCOVER;1;
333.625;1021;-36.7474;18.65319;3;7;EXTRACT;3;
335.5938;1021;-36.7474;18.65319;3;6;EXTRACT;3;
336.1094;997;41.11729;11.50153;3;15;EXTRACT;1;
337.5938;1021;-36.7474;18.65319;3;5;EXTRACT;3;
338.125;997;41.11729;11.50153;3;14;EXTRACT;1;
339.6094;1021;-36.7474;18.65319;3;4;EXTRACT;3;
340.125;997;41.11729;11.50153;3;13;EXTRACT;1;
341.6094;1021;-36.7474;18.65319;3;3;EXTRACT;3;
342.0938;997;41.11729;11.50153;3;12;EXTRACT;1;
343.1719;1006;32.91922;-41.14819;3;16;DISCOVER;2;
343.625;1021;-36.7474;18.65319;3;2;EXTRACT;3;
344.0938;997;41.11729;11.50153;3;11;EXTRACT;1;
345.625;1021;-36.7474;18.65319;3;1;EXTRACT;3;
346.0625;1006;32.91922;-41.14819;3;15;EXTRACT;2;
346.1094;997;41.11729;11.50153;3;10;EXTRACT;1;
347.5938;1021;-36.7474;18.65319;3;0;EXTRACT;3;
347.5625;1021;-36.7474;18.65319;3;0;DESTROYED;;
347.5938;1026;-28.37898;31.66252;3;16;CREATED;;
348.0625;1006;32.91922;-41.14819;3;14;EXTRACT;2;
348.1094;997;41.11729;11.50153;3;9;EXTRACT;1;
350.0469;1006;32.91922;-41.14819;3;13;EXTRACT;2;
350.125;997;41.11729;11.50153;3;8;EXTRACT;1;
352.0469;1006;32.91922;-41.14819;3;12;EXTRACT;2;
352.125;997;41.11729;11.50153;3;7;EXTRACT;1;
354.0625;1006;32.91922;-41.14819;3;11;EXTRACT;2;
354.0938;997;41.11729;11.50153;3;6;EXTRACT;1;
356.0625;1006;32.91922;-41.14819;3;10;EXTRACT;2;
356.1094;997;41.11729;11.50153;3;5;EXTRACT;1;
358.0313;1006;32.91922;-41.14819;3;9;EXTRACT;2;
358.1094;997;41.11729;11.50153;3;4;EXTRACT;1;
358.9219;1006;32.91922;-41.14819;3;9;DISCOVER;0;
360.0469;1006;32.91922;-41.14819;3;8;EXTRACT;2;
360.125;997;41.11729;11.50153;3;3;EXTRACT;1;
361.9844;1006;32.91922;-41.14819;3;7;EXTRACT;0;
362.0625;1006;32.91922;-41.14819;3;6;EXTRACT;2;
362.1406;997;41.11729;11.50153;3;2;EXTRACT;1;
363.9844;1006;32.91922;-41.14819;3;5;EXTRACT;0;
364.0625;1006;32.91922;-41.14819;3;4;EXTRACT;2;
364.1406;997;41.11729;11.50153;3;1;EXTRACT;1;
365.9844;1006;32.91922;-41.14819;3;3;EXTRACT;0;
366.0625;1006;32.91922;-41.14819;3;2;EXTRACT;2;
366.0625;1023;-34.64649;42.40727;3;16;DISCOVER;3;
366.1406;997;41.11729;11.50153;3;0;EXTRACT;1;
366.1094;997;41.11729;11.50153;3;0;DESTROYED;;
366.1406;1027;29.18265;22.33786;3;16;CREATED;;
368;1006;32.91922;-41.14819;3;1;EXTRACT;0;
368.0625;1006;32.91922;-41.14819;3;0;EXTRACT;2;
368.0313;1006;32.91922;-41.14819;3;0;DESTROYED;;
368.0625;1028;-39.15699;-8.89259;3;16;CREATED;;
368.875;1023;-34.64649;42.40727;3;15;EXTRACT;3;
370.8438;1023;-34.64649;42.40727;3;14;EXTRACT;3;
372.3281;995;40.94666;18.04712;3;16;DISCOVER;1;
372.8438;1023;-34.64649;42.40727;3;13;EXTRACT;3;
374.8438;1023;-34.64649;42.40727;3;12;EXTRACT;3;
375.375;995;40.94666;18.04712;3;15;EXTRACT;1;
376.8438;1023;-34.64649;42.40727;3;11;EXTRACT;3;
377.375;995;40.94666;18.04712;3;14;EXTRACT;1;
378.8594;1023;-34.64649;42.40727;3;10;EXTRACT;3;
379.375;995;40.94666;18.04712;3;13;EXTRACT;1;
380.8594;1023;-34.64649;42.40727;3;9;EXTRACT;3;
381.375;995;40.94666;18.04712;3;12;EXTRACT;1;
382.8594;1023;-34.64649;42.40727;3;8;EXTRACT;3;
383.3906;995;40.94666;18.04712;3;11;EXTRACT;1;
384.875;1023;-34.64649;42.40727;3;7;EXTRACT;3;
385.3906;995;40.94666;18.04712;3;10;EXTRACT;1;
386.875;1023;-34.64649;42.40727;3;6;EXTRACT;3;
387.3906;995;40.94666;18.04712;3;9;EXTRACT;1;
388.8438;1023;-34.64649;42.40727;3;5;EXTRACT;3;
389.4063;995;40.94666;18.04712;3;8;EXTRACT;1;
390.8438;1023;-34.64649;42.40727;3;4;EXTRACT;3;
391.4063;995;40.94666;18.04712;3;7;EXTRACT;1;
392.8594;1023;-34.64649;42.40727;3;3;EXTRACT;3;
393.375;995;40.94666;18.04712;3;6;EXTRACT;1;
394.8594;1023;-34.64649;42.40727;3;2;EXTRACT;3;
395.3906;995;40.94666;18.04712;3;5;EXTRACT;1;
396.875;1023;-34.64649;42.40727;3;1;EXTRACT;3;
397.3906;995;40.94666;18.04712;3;4;EXTRACT;1;
398.875;1023;-34.64649;42.40727;3;0;EXTRACT;3;
398.875;1023;-34.64649;42.40727;3;0;DESTROYED;;
398.9219;1029;43.60368;31.16039;3;16;CREATED;;
399.3906;995;40.94666;18.04712;3;3;EXTRACT;1;
401.4063;995;40.94666;18.04712;3;2;EXTRACT;1;
403.3438;1020;27.84628;0.3171921;3;16;DISCOVER;2;
403.4219;995;40.94666;18.04712;3;1;EXTRACT;1;
405.3906;995;40.94666;18.04712;3;0;EXTRACT;1;
405.3594;995;40.94666;18.04712;3;0;DESTROYED;;
405.3906;1030;-43.92396;10.43782;3;16;CREATED;;
406.1875;1020;27.84628;0.3171921;3;15;EXTRACT;2;
408.2031;1020;27.84628;0.3171921;3;14;EXTRACT;2;
410.2188;1020;27.84628;0.3171921;3;13;EXTRACT;2;
412.2188;1020;27.84628;0.3171921;3;12;EXTRACT;2;
413.5781;1029;43.60368;31.16039;3;16;DISCOVER;1;
414.1875;1020;27.84628;0.3171921;3;11;EXTRACT;2;
415.6719;999;-5.993092;40.11404;3;16;DISCOVER;3;
416.1875;1020;27.84628;0.3171921;3;10;EXTRACT;2;
416.3906;1020;27.84628;0.3171921;3;10;DISCOVER;0;
416.6719;1029;43.60368;31.16039;3;15;EXTRACT;1;
418.2031;1020;27.84628;0.3171921;3;9;EXTRACT;2;
418.4844;999;-5.993092;40.11404;3;15;EXTRACT;3;
418.6719;1029;43.60368;31.16039;3;14;EXTRACT;1;
419.4375;1020;27.84628;0.3171921;3;8;EXTRACT;0;
420.2031;1020;27.84628;0.3171921;3;7;EXTRACT;2;
420.4844;999;-5.993092;40.11404;3;14;EXTRACT;3;
420.6875;1029;43.60368;31.16039;3;13;EXTRACT;1;
421.4375;1020;27.84628;0.3171921;3;6;EXTRACT;0;
422.2031;1020;27.84628;0.3171921;3;5;EXTRACT;2;
422.4844;999;-5.993092;40.11404;3;13;EXTRACT;3;
422.6875;1029;43.60368;31.16039;3;12;EXTRACT;1;
423.4375;1020;27.84628;0.3171921;3;4;EXTRACT;0;
424.2031;1020;27.84628;0.3171921;3;3;EXTRACT;2;
424.4844;999;-5.993092;40.11404;3;12;EXTRACT;3;
424.6875;1029;43.60368;31.16039;3;11;EXTRACT;1;
425.4531;1020;27.84628;0.3171921;3;2;EXTRACT;0;
426.2031;1020;27.84628;0.3171921;3;1;EXTRACT;2;
426.4844;999;-5.993092;40.11404;3;11;EXTRACT;3;
426.6406;1029;43.60368;31.16039;3;10;EXTRACT;1;
427.4531;1020;27.84628;0.3171921;3;0;EXTRACT;0;
427.4375;1020;27.84628;0.3171921;3;0;DESTROYED;;
427.4531;1031;-31.74838;-16.29649;3;16;CREATED;;
428.4844;999;-5.993092;40.11404;3;10;EXTRACT;3;
428.6563;1029;43.60368;31.16039;3;9;EXTRACT;1;
430.5;999;-5.993092;40.11404;3;9;EXTRACT;3;
430.6563;1029;43.60368;31.16039;3;8;EXTRACT;1;
432.5;999;-5.993092;40.11404;3;8;EXTRACT;3;
432.6563;1029;43.60368;31.16039;3;7;EXTRACT;1;
434.5;999;-5.993092;40.11404;3;7;EXTRACT;3;
434.6563;1029;43.60368;31.16039;3;6;EXTRACT;1;
436.5156;999;-5.993092;40.11404;3;6;EXTRACT;3;
436.6719;1029;43.60368;31.16039;3;5;EXTRACT;1;
438.5;999;-5.993092;40.11404;3;5;EXTRACT;3;
438.6563;1029;43.60368;31.16039;3;4;EXTRACT;1;
440.2188;1027;29.18265;22.33786;3;16;DISCOVER;2;
440.5;999;-5.993092;40.11404;3;4;EXTRACT;3;
440.6719;1029;43.60368;31.16039;3;3;EXTRACT;1;
442.5156;999;-5.993092;40.11404;3;3;EXTRACT;3;
442.6719;1029;43.60368;31.16039;3;2;EXTRACT;1;
443.0313;1027;29.18265;22.33786;3;15;EXTRACT;2;
444.4844;999;-5.993092;40.11404;3;2;EXTRACT;3;
444.6719;1029;43.60368;31.16039;3;1;EXTRACT;1;
445.0469;1027;29.18265;22.33786;3;14;EXTRACT;2;
446.4844;999;-5.993092;40.11404;3;1;EXTRACT;3;
446.6875;1029;43.60368;31.16039;3;0;EXTRACT;1;
446.6719;1029;43.60368;31.16039;3;0;DESTROYED;;
446.6875;1032;-18.76734;-33.22186;3;16;CREATED;;
447.0469;1027;29.18265;22.33786;3;13;EXTRACT;2;
448.4844;999;-5.993092;40.11404;3;0;EXTRACT;3;
448.4688;999;-5.993092;40.11404;3;0;DESTROYED;;
448.4844;1033;-19.75114;38.03445;3;16;CREATED;;
449.0469;1027;29.18265;22.33786;3;12;EXTRACT;2;
451.0469;1027;29.18265;22.33786;3;11;EXTRACT;2;
453.0625;1027;29.18265;22.33786;3;10;EXTRACT;2;
455.0625;1027;29.18265;22.33786;3;9;EXTRACT;2;
457.0625;1027;29.18265;22.33786;3;8;EXTRACT;2;
459;1027;29.18265;22.33786;3;8;DISCOVER;0;
459.0313;1027;29.18265;22.33786;3;7;EXTRACT;2;
461.0469;1027;29.18265;22.33786;3;6;EXTRACT;2;
462.25;1027;29.18265;22.33786;3;5;EXTRACT;0;
463.0469;1027;29.18265;22.33786;3;4;EXTRACT;2;
464.25;1027;29.18265;22.33786;3;3;EXTRACT;0;
465.0469;1027;29.18265;22.33786;3;2;EXTRACT;2;
466.25;1027;29.18265;22.33786;3;1;EXTRACT;0;
467.0469;1027;29.18265;22.33786;3;0;EXTRACT;2;
467.0313;1027;29.18265;22.33786;3;0;DESTROYED;;
467.0469;1034;-24.4972;-13.59663;3;16;CREATED;;
474.7344;1015;18.70215;18.01262;3;16;DISCOVER;2;
477.625;1015;18.70215;18.01262;3;15;EXTRACT;2;
479.625;1015;18.70215;18.01262;3;14;EXTRACT;2;
481.6406;1015;18.70215;18.01262;3;13;EXTRACT;2;
483.6406;1015;18.70215;18.01262;3;12;EXTRACT;2;
485.6563;1015;18.70215;18.01262;3;11;EXTRACT;2;
487.6563;1015;18.70215;18.01262;3;10;EXTRACT;2;
489.625;1015;18.70215;18.01262;3;9;EXTRACT;2;
491.625;1015;18.70215;18.01262;3;8;EXTRACT;2;
493.4688;996;-17.80968;26.41578;3;16;DISCOVER;0;
493.6406;1015;18.70215;18.01262;3;7;EXTRACT;2;
495.6406;1015;18.70215;18.01262;3;6;EXTRACT;2;
496.6875;996;-17.80968;26.41578;3;15;EXTRACT;0;
497.6406;1015;18.70215;18.01262;3;5;EXTRACT;2;
498.6875;996;-17.80968;26.41578;3;14;EXTRACT;0;
499.6563;1015;18.70215;18.01262;3;4;EXTRACT;2;
500.7031;996;-17.80968;26.41578;3;13;EXTRACT;0;
501.625;1015;18.70215;18.01262;3;3;EXTRACT;2;
502.7031;996;-17.80968;26.41578;3;12;EXTRACT;0;
503.6875;1015;18.70215;18.01262;3;2;EXTRACT;2;
504.7031;996;-17.80968;26.41578;3;11;EXTRACT;0;
505.625;1015;18.70215;18.01262;3;1;EXTRACT;2;
506.6875;996;-17.80968;26.41578;3;10;EXTRACT;0;
507.6563;1015;18.70215;18.01262;3;0;EXTRACT;2;
507.5938;1015;18.70215;18.01262;3;0;DESTROYED;;
507.6563;1035;29.3922;14.03285;3;16;CREATED;;
508.75;996;-17.80968;26.41578;3;9;EXTRACT;0;
510.6875;996;-17.80968;26.41578;3;8;EXTRACT;0;
512.6094;996;-17.80968;26.41578;3;7;EXTRACT;0;
513.2188;1030;-43.92396;10.43782;3;16;DISCOVER;1;
514.6094;996;-17.80968;26.41578;3;6;EXTRACT;0;
516.5625;996;-17.80968;26.41578;3;5;EXTRACT;0;
516.7188;1030;-43.92396;10.43782;3;15;EXTRACT;1;
518.5469;996;-17.80968;26.41578;3;4;EXTRACT;0;
518.6406;1030;-43.92396;10.43782;3;14;EXTRACT;1;
520.5781;996;-17.80968;26.41578;3;3;EXTRACT;0;
520.5781;1030;-43.92396;10.43782;3;13;EXTRACT;1;
522.5469;996;-17.80968;26.41578;3;2;EXTRACT;0;
522.5469;1030;-43.92396;10.43782;3;12;EXTRACT;1;
524.375;996;-17.80968;26.41578;3;1;EXTRACT;0;
524.5;1030;-43.92396;10.43782;3;11;EXTRACT;1;
526.3906;996;-17.80968;26.41578;3;0;EXTRACT;0;
526.3594;996;-17.80968;26.41578;3;0;DESTROYED;;
526.3906;1036;-42.95378;-31.62509;3;16;CREATED;;
526.5;1030;-43.92396;10.43782;3;10;EXTRACT;1;
528.4688;1030;-43.92396;10.43782;3;9;EXTRACT;1;
530.5313;1030;-43.92396;10.43782;3;8;EXTRACT;1;
532.4219;1030;-43.92396;10.43782;3;7;EXTRACT;1;
534.4219;1030;-43.92396;10.43782;3;6;EXTRACT;1;
536.0781;1019;-24.2388;14.43581;3;16;DISCOVER;2;
536.4063;1030;-43.92396;10.43782;3;5;EXTRACT;1;
538.4531;1030;-43.92396;10.43782;3;4;EXTRACT;1;
538.9219;1019;-24.2388;14.43581;3;15;EXTRACT;2;
540.4688;1030;-43.92396;10.43782;3;3;EXTRACT;1;
540.9375;1019;-24.2388;14.43581;3;14;EXTRACT;2;
542.4219;1030;-43.92396;10.43782;3;2;EXTRACT;1;
542.9531;1019;-24.2388;14.43581;3;13;EXTRACT;2;
544.0781;1030;-43.92396;10.43782;3;2;DISCOVER;0;
544.4375;1030;-43.92396;10.43782;3;1;EXTRACT;1;
544.9219;1019;-24.2388;14.43581;3;12;EXTRACT;2;
546.4375;1030;-43.92396;10.43782;3;0;EXTRACT;1;
546.4375;1030;-43.92396;10.43782;3;0;DESTROYED;;
546.4375;1037;18.0475;26.33796;3;16;CREATED;;
546.9219;1019;-24.2388;14.43581;3;11;EXTRACT;2;
548.9375;1019;-24.2388;14.43581;3;10;EXTRACT;2;
550.9375;1019;-24.2388;14.43581;3;9;EXTRACT;2;
552.9375;1019;-24.2388;14.43581;3;8;EXTRACT;2;
554.9531;1019;-24.2388;14.43581;3;7;EXTRACT;2;
554.9844;1024;-30.44336;9.698006;3;16;DISCOVER;0;
556.9531;1019;-24.2388;14.43581;3;6;EXTRACT;2;
558.0781;1024;-30.44336;9.698006;3;15;EXTRACT;0;
558.9219;1019;-24.2388;14.43581;3;5;EXTRACT;2;
560.0781;1024;-30.44336;9.698006;3;14;EXTRACT;0;
560.9219;1019;-24.2388;14.43581;3;4;EXTRACT;2;
562.0781;1024;-30.44336;9.698006;3;13;EXTRACT;0;
562.9219;1019;-24.2388;14.43581;3;3;EXTRACT;2;
564.0938;1024;-30.44336;9.698006;3;12;EXTRACT;0;
564.9375;1019;-24.2388;14.43581;3;2;EXTRACT;2;
566.0938;1024;-30.44336;9.698006;3;11;EXTRACT;0;
566.9375;1019;-24.2388;14.43581;3;1;EXTRACT;2;
568.0938;1024;-30.44336;9.698006;3;10;EXTRACT;0;
568.9375;1019;-24.2388;14.43581;3;0;EXTRACT;2;
568.9219;1019;-24.2388;14.43581;3;0;DESTROYED;;
568.9375;1038;5.144772;43.70433;3;16;CREATED;;
569.2188;1036;-42.95378;-31.62509;3;16;DISCOVER;1;
570.0625;1024;-30.44336;9.698006;3;9;EXTRACT;0;
570.4219;1032;-18.76734;-33.22186;3;16;DISCOVER;3;
572.0625;1024;-30.44336;9.698006;3;8;EXTRACT;0;
572.3125;1036;-42.95378;-31.62509;3;15;EXTRACT;1;
573.5625;1032;-18.76734;-33.22186;3;15;EXTRACT;3;
573.8438;1024;-30.44336;9.698006;3;8;DISCOVER;2;
574.0781;1024;-30.44336;9.698006;3;7;EXTRACT;0;
574.3125;1036;-42.95378;-31.62509;3;14;EXTRACT;1;
575.5625;1032;-18.76734;-33.22186;3;14;EXTRACT;3;
576.0781;1024;-30.44336;9.698006;3;6;EXTRACT;0;
576.3125;1036;-42.95378;-31.62509;3;13;EXTRACT;1;
576.5313;1024;-30.44336;9.698006;3;5;EXTRACT;2;
577.5781;1032;-18.76734;-33.22186;3;13;EXTRACT;3;
578.0938;1024;-30.44336;9.698006;3;4;EXTRACT;0;
578.3438;1036;-42.95378;-31.62509;3;12;EXTRACT;1;
578.5469;1024;-30.44336;9.698006;3;3;EXTRACT;2;
579.5781;1032;-18.76734;-33.22186;3;12;EXTRACT;3;
580.0625;1024;-30.44336;9.698006;3;2;EXTRACT;0;
580.2969;1036;-42.95378;-31.62509;3;11;EXTRACT;1;
580.5469;1024;-30.44336;9.698006;3;1;EXTRACT;2;
581.5938;1032;-18.76734;-33.22186;3;11;EXTRACT;3;
582.0625;1024;-30.44336;9.698006;3;0;EXTRACT;0;
582.0313;1024;-30.44336;9.698006;3;0;DESTROYED;;
582.0625;1039;-16.74794;-10.70686;3;16;CREATED;;
582.3125;1036;-42.95378;-31.62509;3;10;EXTRACT;1;
583.5938;1032;-18.76734;-33.22186;3;10;EXTRACT;3;
584.3125;1036;-42.95378;-31.62509;3;9;EXTRACT;1;
585.5625;1032;-18.76734;-33.22186;3;9;EXTRACT;3;
586.3281;1036;-42.95378;-31.62509;3;8;EXTRACT;1;
587.5625;1032;-18.76734;-33.22186;3;8;EXTRACT;3;
588.3281;1036;-42.95378;-31.62509;3;7;EXTRACT;1;
589.5781;1032;-18.76734;-33.22186;3;7;EXTRACT;3;
590.3281;1036;-42.95378;-31.62509;3;6;EXTRACT;1;
590.6094;1018;-19.12186;10.72832;3;16;DISCOVER;2;
591.5781;1032;-18.76734;-33.22186;3;6;EXTRACT;3;
592.2969;1036;-42.95378;-31.62509;3;5;EXTRACT;1;
593.2188;1018;-19.12186;10.72832;3;15;EXTRACT;2;
593.5781;1032;-18.76734;-33.22186;3;5;EXTRACT;3;
594.1875;1028;-39.15699;-8.89259;3;16;DISCOVER;0;
594.3125;1036;-42.95378;-31.62509;3;4;EXTRACT;1;
595.2188;1018;-19.12186;10.72832;3;14;EXTRACT;2;
595.5938;1032;-18.76734;-33.22186;3;4;EXTRACT;3;
596.3125;1036;-42.95378;-31.62509;3;3;EXTRACT;1;
597.2344;1018;-19.12186;10.72832;3;13;EXTRACT;2;
597.3438;1028;-39.15699;-8.89259;3;15;EXTRACT;0;
597.5938;1032;-18.76734;-33.22186;3;3;EXTRACT;3;
598.3125;1036;-42.95378;-31.62509;3;2;EXTRACT;1;
599.2344;1018;-19.12186;10.72832;3;12;EXTRACT;2;
599.3594;1028;-39.15699;-8.89259;3;14;EXTRACT;0;
599.5938;1032;-18.76734;-33.22186;3;2;EXTRACT;3;
600.3125;1036;-42.95378;-31.62509;3;1;EXTRACT;1;
601.2344;1018;-19.12186;10.72832;3;11;EXTRACT;2;
601.3594;1028;-39.15699;-8.89259;3;13;EXTRACT;0;
601.6094;1032;-18.76734;-33.22186;3;1;EXTRACT;3;
602.3281;1036;-42.95378;-31.62509;3;0;EXTRACT;1;
602.3125;1036;-42.95378;-31.62509;3;0;DESTROYED;;
602.3281;1040;11.51668;-34.88391;3;16;CREATED;;
603.25;1018;-19.12186;10.72832;3;10;EXTRACT;2;
603.3594;1028;-39.15699;-8.89259;3;12;EXTRACT;0;
603.6094;1032;-18.76734;-33.22186;3;0;EXTRACT;3;
603.5938;1032;-18.76734;-33.22186;3;0;DESTROYED;;
603.6094;1041;21.50381;18.8663;3;16;CREATED;;
605.25;1018;-19.12186;10.72832;3;9;EXTRACT;2;
605.375;1028;-39.15699;-8.89259;3;11;EXTRACT;0;
607.25;1018;-19.12186;10.72832;3;8;EXTRACT;2;
607.375;1028;-39.15699;-8.89259;3;10;EXTRACT;0;
609.2188;1018;-19.12186;10.72832;3;7;EXTRACT;2;
609.3906;1028;-39.15699;-8.89259;3;9;EXTRACT;0;
611.2344;1018;-19.12186;10.72832;3;6;EXTRACT;2;
611.3438;1028;-39.15699;-8.89259;3;8;EXTRACT;0;
613.2344;1018;-19.12186;10.72832;3;5;EXTRACT;2;
613.3594;1028;-39.15699;-8.89259;3;7;EXTRACT;0;
615.2344;1018;-19.12186;10.72832;3;4;EXTRACT;2;
615.3594;1028;-39.15699;-8.89259;3;6;EXTRACT;0;
615.7969;1039;-16.74794;-10.70686;3;16;DISCOVER;3;
617.25;1018;-19.12186;10.72832;3;3;EXTRACT;2;
617.375;1028;-39.15699;-8.89259;3;5;EXTRACT;0;
618.7656;1039;-16.74794;-10.70686;3;15;EXTRACT;3;
619.25;1018;-19.12186;10.72832;3;2;EXTRACT;2;
619.375;1028;-39.15699;-8.89259;3;4;EXTRACT;0;
620.7813;1039;-16.74794;-10.70686;3;14;EXTRACT;3;
621.25;1018;-19.12186;10.72832;3;1;EXTRACT;2;
621.375;1028;-39.15699;-8.89259;3;3;EXTRACT;0;
622.75;1039;-16.74794;-10.70686;3;13;EXTRACT;3;
623.2188;1018;-19.12186;10.72832;3;0;EXTRACT;2;
623.2031;1018;-19.12186;10.72832;3;0;DESTROYED;;
623.2188;1042;-9.039856;-39.6866;3;16;CREATED;;
623.3438;1028;-39.15699;-8.89259;3;2;EXTRACT;0;
624.75;1039;-16.74794;-10.70686;3;12;EXTRACT;3;
624.9531;1042;-9.039856;-39.6866;3;16;DISCOVER;1;
625.3438;1028;-39.15699;-8.89259;3;1;EXTRACT;0;
626.75;1039;-16.74794;-10.70686;3;11;EXTRACT;3;
627.3594;1028;-39.15699;-8.89259;3;0;EXTRACT;0;
627.3125;1028;-39.15699;-8.89259;3;0;DESTROYED;;
627.3594;1043;20.757;-4.402336;3;16;CREATED;;
627.9219;1042;-9.039856;-39.6866;3;15;EXTRACT;1;
628.7656;1039;-16.74794;-10.70686;3;10;EXTRACT;3;
629.9219;1042;-9.039856;-39.6866;3;14;EXTRACT;1;
630.7656;1039;-16.74794;-10.70686;3;9;EXTRACT;3;
631.8906;1042;-9.039856;-39.6866;3;13;EXTRACT;1;
632.7656;1039;-16.74794;-10.70686;3;8;EXTRACT;3;
633.8906;1042;-9.039856;-39.6866;3;12;EXTRACT;1;
634.7656;1039;-16.74794;-10.70686;3;7;EXTRACT;3;
635.2188;1039;-16.74794;-10.70686;3;7;DISCOVER;2;
635.8906;1042;-9.039856;-39.6866;3;11;EXTRACT;1;
636.7813;1039;-16.74794;-10.70686;3;6;EXTRACT;3;
637.8594;1039;-16.74794;-10.70686;3;5;EXTRACT;2;
637.9063;1042;-9.039856;-39.6866;3;10;EXTRACT;1;
638.75;1039;-16.74794;-10.70686;3;4;EXTRACT;3;
639.875;1039;-16.74794;-10.70686;3;3;EXTRACT;2;
639.9063;1042;-9.039856;-39.6866;3;9;EXTRACT;1;
640.75;1039;-16.74794;-10.70686;3;2;EXTRACT;3;
641.875;1039;-16.74794;-10.70686;3;1;EXTRACT;2;
641.9063;1042;-9.039856;-39.6866;3;8;EXTRACT;1;
642.75;1039;-16.74794;-10.70686;3;0;EXTRACT;3;
642.7188;1039;-16.74794;-10.70686;3;0;DESTROYED;;
642.75;1044;5.3242;18.69676;3;16;CREATED;;
643.9219;1042;-9.039856;-39.6866;3;7;EXTRACT;1;
645.9219;1042;-9.039856;-39.6866;3;6;EXTRACT;1;
647.9375;1042;-9.039856;-39.6866;3;5;EXTRACT;1;
649.9375;1042;-9.039856;-39.6866;3;4;EXTRACT;1;
651.9375;1042;-9.039856;-39.6866;3;3;EXTRACT;1;
653.9375;1042;-9.039856;-39.6866;3;2;EXTRACT;1;
654.5938;1042;-9.039856;-39.6866;3;2;DISCOVER;0;
655.5938;1031;-31.74838;-16.29649;3;16;DISCOVER;2;
655.9531;1042;-9.039856;-39.6866;3;1;EXTRACT;1;
657.6406;1042;-9.039856;-39.6866;3;0;EXTRACT;0;
657.5938;1042;-9.039856;-39.6866;3;0;DESTROYED;;
657.6406;1045;-31.36641;-43.23775;3;16;CREATED;;
658.5156;1031;-31.74838;-16.29649;3;15;EXTRACT;2;
660.5313;1031;-31.74838;-16.29649;3;14;EXTRACT;2;
662.5313;1031;-31.74838;-16.29649;3;13;EXTRACT;2;
664.5313;1031;-31.74838;-16.29649;3;12;EXTRACT;2;
666.5469;1031;-31.74838;-16.29649;3;11;EXTRACT;2;
668.5;1031;-31.74838;-16.29649;3;10;EXTRACT;2;
670.0625;1040;11.51668;-34.88391;3;16;DISCOVER;1;
670.5156;1031;-31.74838;-16.29649;3;9;EXTRACT;2;
672.5156;1031;-31.74838;-16.29649;3;8;EXTRACT;2;
673.6406;1040;11.51668;-34.88391;3;15;EXTRACT;1;
674.5156;1031;-31.74838;-16.29649;3;7;EXTRACT;2;
675.5625;1040;11.51668;-34.88391;3;15;DISCOVER;0;
675.6406;1040;11.51668;-34.88391;3;14;EXTRACT;1;
676.5313;1031;-31.74838;-16.29649;3;6;EXTRACT;2;
677.6406;1040;11.51668;-34.88391;3;13;EXTRACT;1;
678.5313;1031;-31.74838;-16.29649;3;5;EXTRACT;2;
678.8125;1040;11.51668;-34.88391;3;12;EXTRACT;0;
679.6563;1040;11.51668;-34.88391;3;11;EXTRACT;1;
680.5313;1031;-31.74838;-16.29649;3;4;EXTRACT;2;
680.8125;1040;11.51668;-34.88391;3;10;EXTRACT;0;
681.6563;1040;11.51668;-34.88391;3;9;EXTRACT;1;
682.5469;1031;-31.74838;-16.29649;3;3;EXTRACT;2;
682.7813;1040;11.51668;-34.88391;3;8;EXTRACT;0;
683.6719;1040;11.51668;-34.88391;3;7;EXTRACT;1;
684.5156;1031;-31.74838;-16.29649;3;2;EXTRACT;2;
684.7969;1040;11.51668;-34.88391;3;6;EXTRACT;0;
685.6406;1040;11.51668;-34.88391;3;5;EXTRACT;1;
686.5313;1031;-31.74838;-16.29649;3;1;EXTRACT;2;
686.8125;1040;11.51668;-34.88391;3;4;EXTRACT;0;
687.6563;1040;11.51668;-34.88391;3;3;EXTRACT;1;
688.5313;1031;-31.74838;-16.29649;3;0;EXTRACT;2;
688.5156;1031;-31.74838;-16.29649;3;0;DESTROYED;;
688.5313;1046;-1.432938;41.0834;3;16;CREATED;;
688.8125;1040;11.51668;-34.88391;3;2;EXTRACT;0;
689.6563;1040;11.51668;-34.88391;3;1;EXTRACT;1;
690.8125;1040;11.51668;-34.88391;3;0;EXTRACT;0;
690.7969;1040;11.51668;-34.88391;3;0;DESTROYED;;
690.8125;1047;-11.82333;38.22394;3;16;CREATED;;
698.8438;1034;-24.4972;-13.59663;3;16;DISCOVER;2;
701.7813;1034;-24.4972;-13.59663;3;15;EXTRACT;2;
703.7813;1034;-24.4972;-13.59663;3;14;EXTRACT;2;
705.7813;1034;-24.4972;-13.59663;3;13;EXTRACT;2;
707.7969;1034;-24.4972;-13.59663;3;12;EXTRACT;2;
709.7969;1034;-24.4972;-13.59663;3;11;EXTRACT;2;
711.8125;1034;-24.4972;-13.59663;3;10;EXTRACT;2;
713.8125;1034;-24.4972;-13.59663;3;9;EXTRACT;2;
715.7813;1034;-24.4972;-13.59663;3;8;EXTRACT;2;
717.7813;1034;-24.4972;-13.59663;3;7;EXTRACT;2;
719.7813;1034;-24.4972;-13.59663;3;6;EXTRACT;2;
