Time;PatchID;PositionX;PositionZ;Radius;CoinAmount;PatchEvent;TriggerPlayer;
0;41;13.42546;25.81283;3;48;CREATED;;
0;42;-8.848461;-1.778385;3;48;CREATED;;
0;43;-3.161201;5.060863;3;48;CREATED;;
0;44;-38.41851;9.023258;3;48;CREATED;;
0;45;23.35838;22.51411;3;48;CREATED;;
22.12;44;-38.41851;9.023258;3;48;DISCOVER;0;
25.32544;44;-38.41851;9.023258;3;47;EXTRACT;0;
27.32544;44;-38.41851;9.023258;3;46;EXTRACT;0;
29.32556;44;-38.41851;9.023258;3;45;EXTRACT;0;
31.32556;44;-38.41851;9.023258;3;44;EXTRACT;0;
33.32568;44;-38.41851;9.023258;3;43;EXTRACT;0;
35.32568;44;-38.41851;9.023258;3;42;EXTRACT;0;
37.32581;44;-38.41851;9.023258;3;41;EXTRACT;0;
39.32581;44;-38.41851;9.023258;3;40;EXTRACT;0;
41.32593;44;-38.41851;9.023258;3;39;EXTRACT;0;
43.32605;44;-38.41851;9.023258;3;38;EXTRACT;0;
45.32605;44;-38.41851;9.023258;3;37;EXTRACT;0;
47.32617;44;-38.41851;9.023258;3;36;EXTRACT;0;
49.32617;44;-38.41851;9.023258;3;35;EXTRACT;0;
51.32629;44;-38.41851;9.023258;3;34;EXTRACT;0;
53.32629;44;-38.41851;9.023258;3;33;EXTRACT;0;
55.32642;44;-38.41851;9.023258;3;32;EXTRACT;0;
57.32642;44;-38.41851;9.023258;3;31;EXTRACT;0;
59.32654;44;-38.41851;9.023258;3;30;EXTRACT;0;
61.32654;44;-38.41851;9.023258;3;29;EXTRACT;0;
63.32666;44;-38.41851;9.023258;3;28;EXTRACT;0;
65.32666;44;-38.41851;9.023258;3;27;EXTRACT;0;
67.32678;44;-38.41851;9.023258;3;26;EXTRACT;0;
69.32678;44;-38.41851;9.023258;3;25;EXTRACT;0;
71.3269;44;-38.41851;9.023258;3;24;EXTRACT;0;
73.3269;44;-38.41851;9.023258;3;23;EXTRACT;0;
75.32703;44;-38.41851;9.023258;3;22;EXTRACT;0;
77.32715;44;-38.41851;9.023258;3;21;EXTRACT;0;
79.32715;44;-38.41851;9.023258;3;20;EXTRACT;0;
81.32727;44;-38.41851;9.023258;3;19;EXTRACT;0;
83.32727;44;-38.41851;9.023258;3;18;EXTRACT;0;
85.32739;44;-38.41851;9.023258;3;17;EXTRACT;0;
87.32739;44;-38.41851;9.023258;3;16;EXTRACT;0;
89.32751;44;-38.41851;9.023258;3;15;EXTRACT;0;
91.32751;44;-38.41851;9.023258;3;14;EXTRACT;0;
93.32764;44;-38.41851;9.023258;3;13;EXTRACT;0;
95.32764;44;-38.41851;9.023258;3;12;EXTRACT;0;
97.32776;44;-38.41851;9.023258;3;11;EXTRACT;0;
99.32776;44;-38.41851;9.023258;3;10;EXTRACT;0;
101.3279;44;-38.41851;9.023258;3;9;EXTRACT;0;
103.328;44;-38.41851;9.023258;3;8;EXTRACT;0;
105.328;44;-38.41851;9.023258;3;7;EXTRACT;0;
107.3281;44;-38.41851;9.023258;3;6;EXTRACT;0;
109.3281;44;-38.41851;9.023258;3;5;EXTRACT;0;
111.3282;44;-38.41851;9.023258;3;4;EXTRACT;0;
113.3282;44;-38.41851;9.023258;3;3;EXTRACT;0;
115.3284;44;-38.41851;9.023258;3;2;EXTRACT;0;
117.3285;44;-38.41851;9.023258;3;1;EXTRACT;0;
119.3285;44;-38.41851;9.023258;3;0;EXTRACT;0;
119.3285;44;-38.41851;9.023258;3;0;DESTROYED;;
119.3452;46;-12.67915;-12.11366;3;48;CREATED;;
234.4399;45;23.35838;22.51411;3;48;DISCOVER;0;
238.6825;45;23.35838;22.51411;3;47;EXTRACT;0;
240.6825;45;23.35838;22.51411;3;46;EXTRACT;0;
242.6825;45;23.35838;22.51411;3;45;EXTRACT;0;
244.6826;45;23.35838;22.51411;3;44;EXTRACT;0;
246.6827;45;23.35838;22.51411;3;43;EXTRACT;0;
248.6827;45;23.35838;22.51411;3;42;EXTRACT;0;
250.6829;45;23.35838;22.51411;3;41;EXTRACT;0;
252.6829;45;23.35838;22.51411;3;40;EXTRACT;0;
254.683;45;23.35838;22.51411;3;39;EXTRACT;0;
256.683;45;23.35838;22.51411;3;38;EXTRACT;0;
258.6831;45;23.35838;22.51411;3;37;EXTRACT;0;
260.6832;45;23.35838;22.51411;3;36;EXTRACT;0;
262.6832;45;23.35838;22.51411;3;35;EXTRACT;0;
264.6833;45;23.35838;22.51411;3;34;EXTRACT;0;
266.6833;45;23.35838;22.51411;3;33;EXTRACT;0;
268.6835;45;23.35838;22.51411;3;32;EXTRACT;0;
270.6835;45;23.35838;22.51411;3;31;EXTRACT;0;
272.6836;45;23.35838;22.51411;3;30;EXTRACT;0;
274.6836;45;23.35838;22.51411;3;29;EXTRACT;0;
276.6837;45;23.35838;22.51411;3;28;EXTRACT;0;
278.6837;45;23.35838;22.51411;3;27;EXTRACT;0;
280.6838;45;23.35838;22.51411;3;26;EXTRACT;0;
282.6838;45;23.35838;22.51411;3;25;EXTRACT;0;
284.684;45;23.35838;22.51411;3;24;EXTRACT;0;
286.684;45;23.35838;22.51411;3;23;EXTRACT;0;
288.6841;45;23.35838;22.51411;3;22;EXTRACT;0;
290.6842;45;23.35838;22.51411;3;21;EXTRACT;0;
292.6842;45;23.35838;22.51411;3;20;EXTRACT;0;
294.6843;45;23.35838;22.51411;3;19;EXTRACT;0;
296.6843;45;23.35838;22.51411;3;18;EXTRACT;0;
298.6844;45;23.35838;22.51411;3;17;EXTRACT;0;
300.6844;45;23.35838;22.51411;3;16;EXTRACT;0;
302.6846;45;23.35838;22.51411;3;15;EXTRACT;0;
304.6846;45;23.35838;22.51411;3;14;EXTRACT;0;
306.6846;45;23.35838;22.51411;3;13;EXTRACT;0;
308.6848;45;23.35838;22.51411;3;12;EXTRACT;0;
310.6848;45;23.35838;22.51411;3;11;EXTRACT;0;
312.6848;45;23.35838;22.51411;3;10;EXTRACT;0;
314.6851;45;23.35838;22.51411;3;9;EXTRACT;0;
316.6851;45;23.35838;22.51411;3;8;EXTRACT;0;
318.6851;45;23.35838;22.51411;3;7;EXTRACT;0;
320.6851;45;23.35838;22.51411;3;6;EXTRACT;0;
322.6853;45;23.35838;22.51411;3;5;EXTRACT;0;
324.6853;45;23.35838;22.51411;3;4;EXTRACT;0;
326.6853;45;23.35838;22.51411;3;3;EXTRACT;0;
328.6853;45;23.35838;22.51411;3;2;EXTRACT;0;
330.6855;45;23.35838;22.51411;3;1;EXTRACT;0;
332.6855;45;23.35838;22.51411;3;0;EXTRACT;0;
332.6855;45;23.35838;22.51411;3;0;DESTROYED;;
332.7021;47;43.47108;19.24804;3;48;CREATED;;
397.0798;41;13.42546;25.81283;3;48;DISCOVER;0;
401.571;41;13.42546;25.81283;3;47;EXTRACT;0;
403.5713;41;13.42546;25.81283;3;46;EXTRACT;0;
405.5713;41;13.42546;25.81283;3;45;EXTRACT;0;
407.5713;41;13.42546;25.81283;3;44;EXTRACT;0;
409.5713;41;13.42546;25.81283;3;43;EXTRACT;0;
411.5715;41;13.42546;25.81283;3;42;EXTRACT;0;
413.5715;41;13.42546;25.81283;3;41;EXTRACT;0;
415.5715;41;13.42546;25.81283;3;40;EXTRACT;0;
417.5715;41;13.42546;25.81283;3;39;EXTRACT;0;
419.5718;41;13.42546;25.81283;3;38;EXTRACT;0;
421.5718;41;13.42546;25.81283;3;37;EXTRACT;0;
423.5718;41;13.42546;25.81283;3;36;EXTRACT;0;
425.5718;41;13.42546;25.81283;3;35;EXTRACT;0;
427.572;41;13.42546;25.81283;3;34;EXTRACT;0;
429.572;41;13.42546;25.81283;3;33;EXTRACT;0;
431.572;41;13.42546;25.81283;3;32;EXTRACT;0;
433.5889;41;13.42546;25.81283;3;31;EXTRACT;0;
435.5889;41;13.42546;25.81283;3;30;EXTRACT;0;
437.5889;41;13.42546;25.81283;3;29;EXTRACT;0;
439.5891;41;13.42546;25.81283;3;28;EXTRACT;0;
441.5891;41;13.42546;25.81283;3;27;EXTRACT;0;
443.5891;41;13.42546;25.81283;3;26;EXTRACT;0;
445.5894;41;13.42546;25.81283;3;25;EXTRACT;0;
447.5894;41;13.42546;25.81283;3;24;EXTRACT;0;
449.5894;41;13.42546;25.81283;3;23;EXTRACT;0;
451.5894;41;13.42546;25.81283;3;22;EXTRACT;0;
453.5896;41;13.42546;25.81283;3;21;EXTRACT;0;
455.5896;41;13.42546;25.81283;3;20;EXTRACT;0;
457.5896;41;13.42546;25.81283;3;19;EXTRACT;0;
459.5896;41;13.42546;25.81283;3;18;EXTRACT;0;
461.5898;41;13.42546;25.81283;3;17;EXTRACT;0;
463.5898;41;13.42546;25.81283;3;16;EXTRACT;0;
465.5898;41;13.42546;25.81283;3;15;EXTRACT;0;
467.5901;41;13.42546;25.81283;3;14;EXTRACT;0;
469.5901;41;13.42546;25.81283;3;13;EXTRACT;0;
471.5901;41;13.42546;25.81283;3;12;EXTRACT;0;
473.5901;41;13.42546;25.81283;3;11;EXTRACT;0;
475.5903;41;13.42546;25.81283;3;10;EXTRACT;0;
477.5903;41;13.42546;25.81283;3;9;EXTRACT;0;
479.5903;41;13.42546;25.81283;3;8;EXTRACT;0;
481.5903;41;13.42546;25.81283;3;7;EXTRACT;0;
483.5906;41;13.42546;25.81283;3;6;EXTRACT;0;
485.5906;41;13.42546;25.81283;3;5;EXTRACT;0;
487.5906;41;13.42546;25.81283;3;4;EXTRACT;0;
489.5906;41;13.42546;25.81283;3;3;EXTRACT;0;
491.5908;41;13.42546;25.81283;3;2;EXTRACT;0;
493.5908;41;13.42546;25.81283;3;1;EXTRACT;0;
495.5908;41;13.42546;25.81283;3;0;EXTRACT;0;
495.5908;41;13.42546;25.81283;3;0;DESTROYED;;
495.6243;48;-24.47634;22.74198;3;48;CREATED;;
558.3198;46;-12.67915;-12.11366;3;48;DISCOVER;0;
561.3264;46;-12.67915;-12.11366;3;47;EXTRACT;0;
563.3264;46;-12.67915;-12.11366;3;46;EXTRACT;0;
565.3264;46;-12.67915;-12.11366;3;45;EXTRACT;0;
567.3267;46;-12.67915;-12.11366;3;44;EXTRACT;0;
569.3267;46;-12.67915;-12.11366;3;43;EXTRACT;0;
571.3267;46;-12.67915;-12.11366;3;42;EXTRACT;0;
573.3269;46;-12.67915;-12.11366;3;41;EXTRACT;0;
575.3269;46;-12.67915;-12.11366;3;40;EXTRACT;0;
577.3269;46;-12.67915;-12.11366;3;39;EXTRACT;0;
579.3269;46;-12.67915;-12.11366;3;38;EXTRACT;0;
581.3271;46;-12.67915;-12.11366;3;37;EXTRACT;0;
583.3271;46;-12.67915;-12.11366;3;36;EXTRACT;0;
585.3271;46;-12.67915;-12.11366;3;35;EXTRACT;0;
587.3271;46;-12.67915;-12.11366;3;34;EXTRACT;0;
589.3274;46;-12.67915;-12.11366;3;33;EXTRACT;0;
591.3274;46;-12.67915;-12.11366;3;32;EXTRACT;0;
593.3274;46;-12.67915;-12.11366;3;31;EXTRACT;0;
595.3276;46;-12.67915;-12.11366;3;30;EXTRACT;0;
597.3276;46;-12.67915;-12.11366;3;29;EXTRACT;0;
599.3276;46;-12.67915;-12.11366;3;28;EXTRACT;0;
601.3276;46;-12.67915;-12.11366;3;27;EXTRACT;0;
603.3279;46;-12.67915;-12.11366;3;26;EXTRACT;0;
605.3279;46;-12.67915;-12.11366;3;25;EXTRACT;0;
607.3279;46;-12.67915;-12.11366;3;24;EXTRACT;0;
609.3279;46;-12.67915;-12.11366;3;23;EXTRACT;0;
611.3281;46;-12.67915;-12.11366;3;22;EXTRACT;0;
613.3281;46;-12.67915;-12.11366;3;21;EXTRACT;0;
615.3281;46;-12.67915;-12.11366;3;20;EXTRACT;0;
617.3281;46;-12.67915;-12.11366;3;19;EXTRACT;0;
619.3284;46;-12.67915;-12.11366;3;18;EXTRACT;0;
621.3284;46;-12.67915;-12.11366;3;17;EXTRACT;0;
623.3284;46;-12.67915;-12.11366;3;16;EXTRACT;0;
625.3286;46;-12.67915;-12.11366;3;15;EXTRACT;0;
627.3286;46;-12.67915;-12.11366;3;14;EXTRACT;0;
629.3286;46;-12.67915;-12.11366;3;13;EXTRACT;0;
631.3286;46;-12.67915;-12.11366;3;12;EXTRACT;0;
633.3289;46;-12.67915;-12.11366;3;11;EXTRACT;0;
635.3289;46;-12.67915;-12.11366;3;10;EXTRACT;0;
637.3289;46;-12.67915;-12.11366;3;9;EXTRACT;0;
639.3289;46;-12.67915;-12.11366;3;8;EXTRACT;0;
641.3291;46;-12.67915;-12.11366;3;7;EXTRACT;0;
643.3291;46;-12.67915;-12.11366;3;6;EXTRACT;0;
645.3291;46;-12.67915;-12.11366;3;5;EXTRACT;0;
647.3291;46;-12.67915;-12.11366;3;4;EXTRACT;0;
649.3293;46;-12.67915;-12.11366;3;3;EXTRACT;0;
651.3293;46;-12.67915;-12.11366;3;2;EXTRACT;0;
653.3293;46;-12.67915;-12.11366;3;1;EXTRACT;0;
655.3296;46;-12.67915;-12.11366;3;0;EXTRACT;0;
655.3296;46;-12.67915;-12.11366;3;0;DESTROYED;;
655.3462;49;0.8296242;42.46777;3;48;CREATED;;
662;42;-8.848461;-1.778385;3;48;DISCOVER;0;
664.9631;42;-8.848461;-1.778385;3;47;EXTRACT;0;
666.9631;42;-8.848461;-1.778385;3;46;EXTRACT;0;
668.9631;42;-8.848461;-1.778385;3;45;EXTRACT;0;
670.9634;42;-8.848461;-1.778385;3;44;EXTRACT;0;
672.9634;42;-8.848461;-1.778385;3;43;EXTRACT;0;
674.9634;42;-8.848461;-1.778385;3;42;EXTRACT;0;
676.9636;42;-8.848461;-1.778385;3;41;EXTRACT;0;
678.9636;42;-8.848461;-1.778385;3;40;EXTRACT;0;
680.9636;42;-8.848461;-1.778385;3;39;EXTRACT;0;
682.9636;42;-8.848461;-1.778385;3;38;EXTRACT;0;
684.9639;42;-8.848461;-1.778385;3;37;EXTRACT;0;
686.9639;42;-8.848461;-1.778385;3;36;EXTRACT;0;
688.9639;42;-8.848461;-1.778385;3;35;EXTRACT;0;
690.9641;42;-8.848461;-1.778385;3;34;EXTRACT;0;
692.9641;42;-8.848461;-1.778385;3;33;EXTRACT;0;
694.9641;42;-8.848461;-1.778385;3;32;EXTRACT;0;
696.9641;42;-8.848461;-1.778385;3;31;EXTRACT;0;
698.9644;42;-8.848461;-1.778385;3;30;EXTRACT;0;
700.9644;42;-8.848461;-1.778385;3;29;EXTRACT;0;
702.9644;42;-8.848461;-1.778385;3;28;EXTRACT;0;
704.9646;42;-8.848461;-1.778385;3;27;EXTRACT;0;
706.9646;42;-8.848461;-1.778385;3;26;EXTRACT;0;
708.9646;42;-8.848461;-1.778385;3;25;EXTRACT;0;
710.9646;42;-8.848461;-1.778385;3;24;EXTRACT;0;
712.9646;42;-8.848461;-1.778385;3;23;EXTRACT;0;
714.9648;42;-8.848461;-1.778385;3;22;EXTRACT;0;
716.9648;42;-8.848461;-1.778385;3;21;EXTRACT;0;
718.9648;42;-8.848461;-1.778385;3;20;EXTRACT;0;
