Time;PatchID;PositionX;PositionZ;Radius;CoinAmount;PatchEvent;TriggerPlayer;
0;115;-7.767509;-14.39189;3;16;CREATED;;
0;116;27.40582;-3.493153;3;16;CREATED;;
0;117;14.21233;-40.94659;3;16;CREATED;;
0;118;-2.001823;28.93123;3;16;CREATED;;
0;119;-26.28368;-17.42069;3;16;CREATED;;
0;120;9.738281;28.43044;3;16;CREATED;;
0;121;33.53758;-16.93596;3;16;CREATED;;
0;122;-3.948528;40.92475;3;16;CREATED;;
0;123;-43.81645;-34.90343;3;16;CREATED;;
0;124;0.7420235;-12.05473;3;16;CREATED;;
0;125;-4.724888;-22.71548;3;16;CREATED;;
0;126;-2.478848;21.24361;3;16;CREATED;;
0;127;-34.53369;-38.50541;3;16;CREATED;;
0;128;-5.378757;-29.62814;3;16;CREATED;;
0;129;29.4694;-11.07397;3;16;CREATED;;
8.84375;115;-7.767509;-14.39189;3;16;DISCOVER;0;
11.97656;115;-7.767509;-14.39189;3;15;EXTRACT;0;
13.97656;115;-7.767509;-14.39189;3;14;EXTRACT;0;
15.98438;115;-7.767509;-14.39189;3;13;EXTRACT;0;
17.99219;115;-7.767509;-14.39189;3;12;EXTRACT;0;
19.03906;115;-7.767509;-14.39189;3;12;DISCOVER;3;
19.95313;115;-7.767509;-14.39189;3;11;EXTRACT;0;
21.92188;115;-7.767509;-14.39189;3;10;EXTRACT;3;
21.96094;115;-7.767509;-14.39189;3;9;EXTRACT;0;
23.92188;115;-7.767509;-14.39189;3;8;EXTRACT;3;
23.96094;115;-7.767509;-14.39189;3;7;EXTRACT;0;
25.92969;115;-7.767509;-14.39189;3;6;EXTRACT;3;
25.96875;115;-7.767509;-14.39189;3;5;EXTRACT;0;
27.92969;115;-7.767509;-14.39189;3;4;EXTRACT;3;
27.96875;115;-7.767509;-14.39189;3;3;EXTRACT;0;
29.9375;115;-7.767509;-14.39189;3;2;EXTRACT;3;
29.97656;115;-7.767509;-14.39189;3;1;EXTRACT;0;
31.94531;115;-7.767509;-14.39189;3;0;EXTRACT;3;
31.92188;115;-7.767509;-14.39189;3;0;DESTROYED;;
31.94531;130;-40.57673;43.74785;3;16;CREATED;;
39.40625;125;-4.724888;-22.71548;3;16;DISCOVER;3;
42.32813;125;-4.724888;-22.71548;3;15;EXTRACT;3;
44.33594;125;-4.724888;-22.71548;3;14;EXTRACT;3;
46.33594;125;-4.724888;-22.71548;3;13;EXTRACT;3;
48.30469;125;-4.724888;-22.71548;3;12;EXTRACT;3;
50.30469;125;-4.724888;-22.71548;3;11;EXTRACT;3;
52.27344;125;-4.724888;-22.71548;3;11;DISCOVER;0;
52.3125;125;-4.724888;-22.71548;3;10;EXTRACT;3;
53.67969;125;-4.724888;-22.71548;3;10;DISCOVER;1;
54.32031;125;-4.724888;-22.71548;3;9;EXTRACT;3;
55.32813;125;-4.724888;-22.71548;3;8;EXTRACT;0;
56.32813;125;-4.724888;-22.71548;3;7;EXTRACT;3;
56.8125;125;-4.724888;-22.71548;3;6;EXTRACT;1;
57.32813;125;-4.724888;-22.71548;3;5;EXTRACT;0;
58.33594;125;-4.724888;-22.71548;3;4;EXTRACT;3;
58.8125;125;-4.724888;-22.71548;3;3;EXTRACT;1;
59.33594;125;-4.724888;-22.71548;3;2;EXTRACT;0;
60.33594;125;-4.724888;-22.71548;3;1;EXTRACT;3;
60.82031;125;-4.724888;-22.71548;3;0;EXTRACT;1;
60.80469;125;-4.724888;-22.71548;3;0;DESTROYED;;
60.82031;131;12.80069;-29.54667;3;16;CREATED;;
63.58594;123;-43.81645;-34.90343;3;16;DISCOVER;2;
66.60156;128;-5.378757;-29.62814;3;16;DISCOVER;3;
66.92188;123;-43.81645;-34.90343;3;15;EXTRACT;2;
68.92969;123;-43.81645;-34.90343;3;14;EXTRACT;2;
69.6875;128;-5.378757;-29.62814;3;15;EXTRACT;3;
70.9375;123;-43.81645;-34.90343;3;13;EXTRACT;2;
71.69531;128;-5.378757;-29.62814;3;14;EXTRACT;3;
72.9375;123;-43.81645;-34.90343;3;12;EXTRACT;2;
73.70313;128;-5.378757;-29.62814;3;13;EXTRACT;3;
74.94531;123;-43.81645;-34.90343;3;11;EXTRACT;2;
75.02344;128;-5.378757;-29.62814;3;13;DISCOVER;1;
75.70313;128;-5.378757;-29.62814;3;12;EXTRACT;3;
76.95313;123;-43.81645;-34.90343;3;10;EXTRACT;2;
77.71094;128;-5.378757;-29.62814;3;11;EXTRACT;3;
77.78906;128;-5.378757;-29.62814;3;10;EXTRACT;1;
78.95313;123;-43.81645;-34.90343;3;9;EXTRACT;2;
79.71875;128;-5.378757;-29.62814;3;9;EXTRACT;3;
79.79688;128;-5.378757;-29.62814;3;8;EXTRACT;1;
80.91406;123;-43.81645;-34.90343;3;8;EXTRACT;2;
81.71875;128;-5.378757;-29.62814;3;7;EXTRACT;3;
81.75781;128;-5.378757;-29.62814;3;6;EXTRACT;1;
82.92188;123;-43.81645;-34.90343;3;7;EXTRACT;2;
83.6875;128;-5.378757;-29.62814;3;5;EXTRACT;3;
83.76563;128;-5.378757;-29.62814;3;4;EXTRACT;1;
84.00781;127;-34.53369;-38.50541;3;16;DISCOVER;0;
84.92969;123;-43.81645;-34.90343;3;6;EXTRACT;2;
85.6875;128;-5.378757;-29.62814;3;3;EXTRACT;3;
85.77344;128;-5.378757;-29.62814;3;2;EXTRACT;1;
86.92969;123;-43.81645;-34.90343;3;5;EXTRACT;2;
87.375;127;-34.53369;-38.50541;3;15;EXTRACT;0;
87.69531;128;-5.378757;-29.62814;3;1;EXTRACT;3;
87.77344;128;-5.378757;-29.62814;3;0;EXTRACT;1;
87.75781;128;-5.378757;-29.62814;3;0;DESTROYED;;
87.77344;132;24.58752;8.682369;3;16;CREATED;;
88.9375;123;-43.81645;-34.90343;3;4;EXTRACT;2;
89.375;127;-34.53369;-38.50541;3;14;EXTRACT;0;
90.94531;123;-43.81645;-34.90343;3;3;EXTRACT;2;
91.34375;127;-34.53369;-38.50541;3;13;EXTRACT;0;
92.95313;123;-43.81645;-34.90343;3;2;EXTRACT;2;
93.35156;127;-34.53369;-38.50541;3;12;EXTRACT;0;
94.95313;123;-43.81645;-34.90343;3;1;EXTRACT;2;
95.35938;127;-34.53369;-38.50541;3;11;EXTRACT;0;
96.92188;123;-43.81645;-34.90343;3;0;EXTRACT;2;
96.92188;123;-43.81645;-34.90343;3;0;DESTROYED;;
96.92188;133;0.9461937;-36.3043;3;16;CREATED;;
97.36719;127;-34.53369;-38.50541;3;10;EXTRACT;0;
99.36719;127;-34.53369;-38.50541;3;9;EXTRACT;0;
101.3359;133;0.9461937;-36.3043;3;16;DISCOVER;3;
101.375;127;-34.53369;-38.50541;3;8;EXTRACT;0;
103.3828;127;-34.53369;-38.50541;3;7;EXTRACT;0;
104.5469;133;0.9461937;-36.3043;3;15;EXTRACT;3;
104.8281;127;-34.53369;-38.50541;3;7;DISCOVER;2;
105.3906;127;-34.53369;-38.50541;3;6;EXTRACT;0;
106.5547;133;0.9461937;-36.3043;3;14;EXTRACT;3;
107.3984;127;-34.53369;-38.50541;3;5;EXTRACT;0;
107.5156;127;-34.53369;-38.50541;3;4;EXTRACT;2;
108.5156;133;0.9461937;-36.3043;3;13;EXTRACT;3;
109.3672;127;-34.53369;-38.50541;3;3;EXTRACT;0;
109.5234;127;-34.53369;-38.50541;3;2;EXTRACT;2;
110.0859;133;0.9461937;-36.3043;3;13;DISCOVER;1;
110.5234;133;0.9461937;-36.3043;3;12;EXTRACT;3;
111.3672;127;-34.53369;-38.50541;3;1;EXTRACT;0;
111.4844;127;-34.53369;-38.50541;3;0;EXTRACT;2;
111.4844;127;-34.53369;-38.50541;3;0;DESTROYED;;
111.4844;134;-30.70489;-6.878242;3;16;CREATED;;
112.5313;133;0.9461937;-36.3043;3;11;EXTRACT;3;
112.9297;133;0.9461937;-36.3043;3;10;EXTRACT;1;
114.5313;133;0.9461937;-36.3043;3;9;EXTRACT;3;
114.8906;133;0.9461937;-36.3043;3;8;EXTRACT;1;
116.5391;133;0.9461937;-36.3043;3;7;EXTRACT;3;
116.8984;133;0.9461937;-36.3043;3;6;EXTRACT;1;
118.5391;133;0.9461937;-36.3043;3;5;EXTRACT;3;
118.9063;133;0.9461937;-36.3043;3;4;EXTRACT;1;
120.5469;133;0.9461937;-36.3043;3;3;EXTRACT;3;
120.9063;133;0.9461937;-36.3043;3;2;EXTRACT;1;
122.5469;133;0.9461937;-36.3043;3;1;EXTRACT;3;
122.9063;133;0.9461937;-36.3043;3;0;EXTRACT;1;
122.8828;133;0.9461937;-36.3043;3;0;DESTROYED;;
122.9063;135;-26.34834;-41.74012;3;16;CREATED;;
123.6719;135;-26.34834;-41.74012;3;16;DISCOVER;2;
126.6797;135;-26.34834;-41.74012;3;15;EXTRACT;2;
128.6797;135;-26.34834;-41.74012;3;14;EXTRACT;2;
130.6875;135;-26.34834;-41.74012;3;13;EXTRACT;2;
132.6875;135;-26.34834;-41.74012;3;12;EXTRACT;2;
133.3281;117;14.21233;-40.94659;3;16;DISCOVER;3;
134.6953;135;-26.34834;-41.74012;3;11;EXTRACT;2;
136.6563;117;14.21233;-40.94659;3;15;EXTRACT;3;
136.6953;135;-26.34834;-41.74012;3;10;EXTRACT;2;
138.5391;135;-26.34834;-41.74012;3;10;DISCOVER;0;
138.6641;117;14.21233;-40.94659;3;14;EXTRACT;3;
138.7031;135;-26.34834;-41.74012;3;9;EXTRACT;2;
140.6641;117;14.21233;-40.94659;3;13;EXTRACT;3;
140.7031;135;-26.34834;-41.74012;3;8;EXTRACT;2;
141.2656;135;-26.34834;-41.74012;3;7;EXTRACT;0;
142.6719;117;14.21233;-40.94659;3;12;EXTRACT;3;
142.6719;135;-26.34834;-41.74012;3;6;EXTRACT;2;
143.2734;135;-26.34834;-41.74012;3;5;EXTRACT;0;
144.6797;117;14.21233;-40.94659;3;11;EXTRACT;3;
144.6797;135;-26.34834;-41.74012;3;4;EXTRACT;2;
144.7969;135;-26.34834;-41.74012;3;4;DISCOVER;1;
145.2813;135;-26.34834;-41.74012;3;3;EXTRACT;0;
146.6797;117;14.21233;-40.94659;3;10;EXTRACT;3;
146.6797;135;-26.34834;-41.74012;3;2;EXTRACT;2;
147.2422;135;-26.34834;-41.74012;3;1;EXTRACT;0;
147.3672;135;-26.34834;-41.74012;3;0;EXTRACT;1;
147.3594;135;-26.34834;-41.74012;3;0;DESTROYED;;
147.3672;136;-12.77231;-37.76927;3;16;CREATED;;
148.6875;117;14.21233;-40.94659;3;9;EXTRACT;3;
150.6953;117;14.21233;-40.94659;3;8;EXTRACT;3;
152.6563;117;14.21233;-40.94659;3;7;EXTRACT;3;
154.6641;117;14.21233;-40.94659;3;6;EXTRACT;3;
156.6719;117;14.21233;-40.94659;3;5;EXTRACT;3;
158.6719;117;14.21233;-40.94659;3;4;EXTRACT;3;
160.6719;117;14.21233;-40.94659;3;3;EXTRACT;3;
162.6797;117;14.21233;-40.94659;3;2;EXTRACT;3;
164.6797;117;14.21233;-40.94659;3;1;EXTRACT;3;
166.6875;117;14.21233;-40.94659;3;0;EXTRACT;3;
166.6797;117;14.21233;-40.94659;3;0;DESTROYED;;
166.6875;137;2.811283;-25.6467;3;16;CREATED;;
167.4063;134;-30.70489;-6.878242;3;16;DISCOVER;0;
171.1797;134;-30.70489;-6.878242;3;15;EXTRACT;0;
173.1797;134;-30.70489;-6.878242;3;14;EXTRACT;0;
173.2188;134;-30.70489;-6.878242;3;14;DISCOVER;2;
174.2656;134;-30.70489;-6.878242;3;14;DISCOVER;1;
175.1484;134;-30.70489;-6.878242;3;13;EXTRACT;0;
175.8281;134;-30.70489;-6.878242;3;12;EXTRACT;2;
176.9922;134;-30.70489;-6.878242;3;11;EXTRACT;1;
177.1484;134;-30.70489;-6.878242;3;10;EXTRACT;0;
177.7891;134;-30.70489;-6.878242;3;9;EXTRACT;2;
178.9922;134;-30.70489;-6.878242;3;8;EXTRACT;1;
179.1484;134;-30.70489;-6.878242;3;7;EXTRACT;0;
179.7969;134;-30.70489;-6.878242;3;6;EXTRACT;2;
180.9922;134;-30.70489;-6.878242;3;5;EXTRACT;1;
181.1563;134;-30.70489;-6.878242;3;4;EXTRACT;0;
181.7969;134;-30.70489;-6.878242;3;3;EXTRACT;2;
183;134;-30.70489;-6.878242;3;2;EXTRACT;1;
183.1641;134;-30.70489;-6.878242;3;1;EXTRACT;0;
183.8047;134;-30.70489;-6.878242;3;0;EXTRACT;2;
183.8047;134;-30.70489;-6.878242;3;0;DESTROYED;;
183.8047;138;-21.90286;-1.168224;3;16;CREATED;;
200.1641;131;12.80069;-29.54667;3;16;DISCOVER;3;
203.4531;131;12.80069;-29.54667;3;15;EXTRACT;3;
205.4609;131;12.80069;-29.54667;3;14;EXTRACT;3;
207.4219;131;12.80069;-29.54667;3;13;EXTRACT;3;
209.4297;131;12.80069;-29.54667;3;12;EXTRACT;3;
211.4375;131;12.80069;-29.54667;3;11;EXTRACT;3;
213.4453;131;12.80069;-29.54667;3;10;EXTRACT;3;
215.4219;131;12.80069;-29.54667;3;9;EXTRACT;3;
215.625;131;12.80069;-29.54667;3;9;DISCOVER;2;
217.4297;131;12.80069;-29.54667;3;8;EXTRACT;3;
218.3906;131;12.80069;-29.54667;3;7;EXTRACT;2;
219.4375;131;12.80069;-29.54667;3;6;EXTRACT;3;
220.3984;131;12.80069;-29.54667;3;5;EXTRACT;2;
221.4375;131;12.80069;-29.54667;3;4;EXTRACT;3;
222.3984;131;12.80069;-29.54667;3;3;EXTRACT;2;
223.4375;131;12.80069;-29.54667;3;2;EXTRACT;3;
224.4063;131;12.80069;-29.54667;3;1;EXTRACT;2;
225.4453;131;12.80069;-29.54667;3;0;EXTRACT;3;
225.4453;131;12.80069;-29.54667;3;0;DESTROYED;;
225.4453;139;-8.682026;-31.84291;3;16;CREATED;;
230.5859;122;-3.948528;40.92475;3;16;DISCOVER;1;
233.5547;122;-3.948528;40.92475;3;15;EXTRACT;1;
235.5625;122;-3.948528;40.92475;3;14;EXTRACT;1;
237.5625;122;-3.948528;40.92475;3;13;EXTRACT;1;
239.5703;122;-3.948528;40.92475;3;12;EXTRACT;1;
241.5313;122;-3.948528;40.92475;3;11;EXTRACT;1;
243.5313;122;-3.948528;40.92475;3;10;EXTRACT;1;
245.5391;122;-3.948528;40.92475;3;9;EXTRACT;1;
247.3047;122;-3.948528;40.92475;3;9;DISCOVER;0;
247.5469;122;-3.948528;40.92475;3;8;EXTRACT;1;
249.5547;122;-3.948528;40.92475;3;7;EXTRACT;1;
250.1172;122;-3.948528;40.92475;3;6;EXTRACT;0;
251.5625;122;-3.948528;40.92475;3;5;EXTRACT;1;
252.0859;122;-3.948528;40.92475;3;4;EXTRACT;0;
253.5703;122;-3.948528;40.92475;3;3;EXTRACT;1;
254.0859;122;-3.948528;40.92475;3;2;EXTRACT;0;
254.4063;129;29.4694;-11.07397;3;16;DISCOVER;3;
255.5391;122;-3.948528;40.92475;3;1;EXTRACT;1;
256.0938;122;-3.948528;40.92475;3;0;EXTRACT;0;
256.0781;122;-3.948528;40.92475;3;0;DESTROYED;;
256.0938;140;-32.93511;-22.66315;3;16;CREATED;;
257.7813;129;29.4694;-11.07397;3;15;EXTRACT;3;
259.75;129;29.4694;-11.07397;3;14;EXTRACT;3;
261.75;129;29.4694;-11.07397;3;13;EXTRACT;3;
263.7578;129;29.4694;-11.07397;3;12;EXTRACT;3;
265.7656;129;29.4694;-11.07397;3;11;EXTRACT;3;
267.7734;129;29.4694;-11.07397;3;10;EXTRACT;3;
269.6641;129;29.4694;-11.07397;3;10;DISCOVER;2;
269.7813;129;29.4694;-11.07397;3;9;EXTRACT;3;
271.75;129;29.4694;-11.07397;3;8;EXTRACT;3;
272.3047;129;29.4694;-11.07397;3;7;EXTRACT;2;
273.75;129;29.4694;-11.07397;3;6;EXTRACT;3;
274.3125;129;29.4694;-11.07397;3;5;EXTRACT;2;
275.7578;129;29.4694;-11.07397;3;4;EXTRACT;3;
276.2734;129;29.4694;-11.07397;3;3;EXTRACT;2;
277.7578;129;29.4694;-11.07397;3;2;EXTRACT;3;
278.2813;129;29.4694;-11.07397;3;1;EXTRACT;2;
279.7656;129;29.4694;-11.07397;3;0;EXTRACT;3;
279.7578;129;29.4694;-11.07397;3;0;DESTROYED;;
279.7656;141;-12.55029;-27.11831;3;16;CREATED;;
297.0078;124;0.7420235;-12.05473;3;16;DISCOVER;3;
300.2188;124;0.7420235;-12.05473;3;15;EXTRACT;3;
302.1797;124;0.7420235;-12.05473;3;14;EXTRACT;3;
304.1875;124;0.7420235;-12.05473;3;13;EXTRACT;3;
306.1953;124;0.7420235;-12.05473;3;12;EXTRACT;3;
308.1953;124;0.7420235;-12.05473;3;11;EXTRACT;3;
308.6328;132;24.58752;8.682369;3;16;DISCOVER;1;
310.2031;124;0.7420235;-12.05473;3;10;EXTRACT;3;
311.8047;132;24.58752;8.682369;3;15;EXTRACT;1;
312.2031;124;0.7420235;-12.05473;3;9;EXTRACT;3;
313.8125;132;24.58752;8.682369;3;14;EXTRACT;1;
314.2109;124;0.7420235;-12.05473;3;8;EXTRACT;3;
315.8125;132;24.58752;8.682369;3;13;EXTRACT;1;
315.9766;126;-2.478848;21.24361;3;16;DISCOVER;0;
316.2109;124;0.7420235;-12.05473;3;7;EXTRACT;3;
317.4609;132;24.58752;8.682369;3;13;DISCOVER;2;
317.8203;132;24.58752;8.682369;3;12;EXTRACT;1;
318.1797;124;0.7420235;-12.05473;3;6;EXTRACT;3;
319.8203;132;24.58752;8.682369;3;11;EXTRACT;1;
320.1797;132;24.58752;8.682369;3;10;EXTRACT;2;
320.1797;124;0.7420235;-12.05473;3;5;EXTRACT;3;
320.8281;126;-2.478848;21.24361;3;15;EXTRACT;0;
321.8281;132;24.58752;8.682369;3;9;EXTRACT;1;
322.1875;132;24.58752;8.682369;3;8;EXTRACT;2;
322.1875;124;0.7420235;-12.05473;3;4;EXTRACT;3;
322.8281;126;-2.478848;21.24361;3;14;EXTRACT;0;
323.8281;132;24.58752;8.682369;3;7;EXTRACT;1;
324.1875;132;24.58752;8.682369;3;6;EXTRACT;2;
324.1875;124;0.7420235;-12.05473;3;3;EXTRACT;3;
324.8281;126;-2.478848;21.24361;3;13;EXTRACT;0;
325.8281;132;24.58752;8.682369;3;5;EXTRACT;1;
326.1953;132;24.58752;8.682369;3;4;EXTRACT;2;
326.1953;124;0.7420235;-12.05473;3;2;EXTRACT;3;
326.8359;126;-2.478848;21.24361;3;12;EXTRACT;0;
327.8359;132;24.58752;8.682369;3;3;EXTRACT;1;
328.1953;132;24.58752;8.682369;3;2;EXTRACT;2;
328.1953;124;0.7420235;-12.05473;3;1;EXTRACT;3;
328.8359;126;-2.478848;21.24361;3;11;EXTRACT;0;
329.7969;132;24.58752;8.682369;3;1;EXTRACT;1;
330.2031;132;24.58752;8.682369;3;0;EXTRACT;2;
330.2031;124;0.7420235;-12.05473;3;0;EXTRACT;3;
330.1641;132;24.58752;8.682369;3;0;DESTROYED;;
330.1641;124;0.7420235;-12.05473;3;0;DESTROYED;;
330.2031;142;21.17706;-22.72116;3;16;CREATED;;
330.2031;143;3.984211;3.935116;3;16;CREATED;;
330.8438;126;-2.478848;21.24361;3;10;EXTRACT;0;
332.8047;126;-2.478848;21.24361;3;9;EXTRACT;0;
334.8125;126;-2.478848;21.24361;3;8;EXTRACT;0;
336.8203;126;-2.478848;21.24361;3;7;EXTRACT;0;
338.8281;126;-2.478848;21.24361;3;6;EXTRACT;0;
340.8281;126;-2.478848;21.24361;3;5;EXTRACT;0;
342.8359;126;-2.478848;21.24361;3;4;EXTRACT;0;
344.8359;126;-2.478848;21.24361;3;3;EXTRACT;0;
346.8047;126;-2.478848;21.24361;3;2;EXTRACT;0;
348.8125;126;-2.478848;21.24361;3;1;EXTRACT;0;
350.8125;126;-2.478848;21.24361;3;0;EXTRACT;0;
350.8047;126;-2.478848;21.24361;3;0;DESTROYED;;
350.8125;144;-14.0018;41.16004;3;16;CREATED;;
361.8984;143;3.984211;3.935116;3;16;DISCOVER;1;
365.1016;143;3.984211;3.935116;3;15;EXTRACT;1;
367.1094;143;3.984211;3.935116;3;14;EXTRACT;1;
369.1172;143;3.984211;3.935116;3;13;EXTRACT;1;
371.1172;143;3.984211;3.935116;3;12;EXTRACT;1;
373.0859;143;3.984211;3.935116;3;11;EXTRACT;1;
375.0938;143;3.984211;3.935116;3;10;EXTRACT;1;
377.0938;143;3.984211;3.935116;3;9;EXTRACT;1;
379.1016;143;3.984211;3.935116;3;8;EXTRACT;1;
380.3047;143;3.984211;3.935116;3;8;DISCOVER;3;
381.1094;143;3.984211;3.935116;3;7;EXTRACT;1;
383.1094;143;3.984211;3.935116;3;6;EXTRACT;1;
383.4297;143;3.984211;3.935116;3;5;EXTRACT;3;
385.1172;143;3.984211;3.935116;3;4;EXTRACT;1;
385.4375;143;3.984211;3.935116;3;3;EXTRACT;3;
387.125;143;3.984211;3.935116;3;2;EXTRACT;1;
387.4453;143;3.984211;3.935116;3;1;EXTRACT;3;
387.5234;119;-26.28368;-17.42069;3;16;DISCOVER;0;
389.0859;143;3.984211;3.935116;3;0;EXTRACT;1;
389.0781;143;3.984211;3.935116;3;0;DESTROYED;;
389.0859;145;6.615654;-39.59836;3;16;CREATED;;
391.1406;119;-26.28368;-17.42069;3;15;EXTRACT;0;
393.1094;119;-26.28368;-17.42069;3;14;EXTRACT;0;
395.1094;119;-26.28368;-17.42069;3;13;EXTRACT;0;
397.1172;119;-26.28368;-17.42069;3;12;EXTRACT;0;
399.125;119;-26.28368;-17.42069;3;11;EXTRACT;0;
401.1328;119;-26.28368;-17.42069;3;10;EXTRACT;0;
403.1406;119;-26.28368;-17.42069;3;9;EXTRACT;0;
405.1484;119;-26.28368;-17.42069;3;8;EXTRACT;0;
407.1094;119;-26.28368;-17.42069;3;7;EXTRACT;0;
409.1172;119;-26.28368;-17.42069;3;6;EXTRACT;0;
409.1563;120;9.738281;28.43044;3;16;DISCOVER;2;
411.125;119;-26.28368;-17.42069;3;5;EXTRACT;0;
412.0469;120;9.738281;28.43044;3;15;EXTRACT;2;
413.1328;119;-26.28368;-17.42069;3;4;EXTRACT;0;
414.0156;120;9.738281;28.43044;3;14;EXTRACT;2;
415.1328;119;-26.28368;-17.42069;3;3;EXTRACT;0;
416.0156;120;9.738281;28.43044;3;13;EXTRACT;2;
417.1094;119;-26.28368;-17.42069;3;2;EXTRACT;0;
418.0313;120;9.738281;28.43044;3;12;EXTRACT;2;
419.1172;119;-26.28368;-17.42069;3;1;EXTRACT;0;
420.0391;120;9.738281;28.43044;3;11;EXTRACT;2;
421.125;119;-26.28368;-17.42069;3;0;EXTRACT;0;
421.0781;119;-26.28368;-17.42069;3;0;DESTROYED;;
421.125;146;20.00433;-16.47768;3;16;CREATED;;
422.0391;120;9.738281;28.43044;3;10;EXTRACT;2;
422.5625;116;27.40582;-3.493153;3;16;DISCOVER;3;
424.0469;120;9.738281;28.43044;3;9;EXTRACT;2;
425.5703;116;27.40582;-3.493153;3;15;EXTRACT;3;
426.0547;120;9.738281;28.43044;3;8;EXTRACT;2;
427.5781;116;27.40582;-3.493153;3;14;EXTRACT;3;
428.0156;120;9.738281;28.43044;3;7;EXTRACT;2;
429.5859;116;27.40582;-3.493153;3;13;EXTRACT;3;
430.0313;120;9.738281;28.43044;3;6;EXTRACT;2;
431.5938;116;27.40582;-3.493153;3;12;EXTRACT;3;
432.0313;120;9.738281;28.43044;3;5;EXTRACT;2;
433.0781;141;-12.55029;-27.11831;3;16;DISCOVER;0;
433.5938;116;27.40582;-3.493153;3;11;EXTRACT;3;
434.0391;120;9.738281;28.43044;3;4;EXTRACT;2;
435.6016;116;27.40582;-3.493153;3;10;EXTRACT;3;
436.0391;120;9.738281;28.43044;3;3;EXTRACT;2;
436.9609;141;-12.55029;-27.11831;3;15;EXTRACT;0;
437.6016;116;27.40582;-3.493153;3;9;EXTRACT;3;
437.6016;120;9.738281;28.43044;3;3;DISCOVER;1;
438.0469;120;9.738281;28.43044;3;2;EXTRACT;2;
438.9688;141;-12.55029;-27.11831;3;14;EXTRACT;0;
439.5625;116;27.40582;-3.493153;3;8;EXTRACT;3;
440.0469;120;9.738281;28.43044;3;1;EXTRACT;2;
440.25;120;9.738281;28.43044;3;0;EXTRACT;1;
440.2422;120;9.738281;28.43044;3;0;DESTROYED;;
440.25;147;16.88585;32.49726;3;16;CREATED;;
440.9688;141;-12.55029;-27.11831;3;13;EXTRACT;0;
441.5703;116;27.40582;-3.493153;3;7;EXTRACT;3;
442.9766;141;-12.55029;-27.11831;3;12;EXTRACT;0;
443.5781;116;27.40582;-3.493153;3;6;EXTRACT;3;
444.9766;141;-12.55029;-27.11831;3;11;EXTRACT;0;
445.5781;116;27.40582;-3.493153;3;5;EXTRACT;3;
446.9844;141;-12.55029;-27.11831;3;10;EXTRACT;0;
447.5859;116;27.40582;-3.493153;3;4;EXTRACT;3;
448.9922;141;-12.55029;-27.11831;3;9;EXTRACT;0;
449.5938;116;27.40582;-3.493153;3;3;EXTRACT;3;
450.9609;141;-12.55029;-27.11831;3;8;EXTRACT;0;
451.6016;116;27.40582;-3.493153;3;2;EXTRACT;3;
452.9609;141;-12.55029;-27.11831;3;7;EXTRACT;0;
453.6016;116;27.40582;-3.493153;3;1;EXTRACT;3;
454.4844;118;-2.001823;28.93123;3;16;DISCOVER;2;
454.9688;141;-12.55029;-27.11831;3;6;EXTRACT;0;
455.5703;116;27.40582;-3.493153;3;0;EXTRACT;3;
455.5625;116;27.40582;-3.493153;3;0;DESTROYED;;
455.5703;148;37.82292;25.08395;3;16;CREATED;;
456.9688;141;-12.55029;-27.11831;3;5;EXTRACT;0;
458.0547;118;-2.001823;28.93123;3;15;EXTRACT;2;
458.9766;141;-12.55029;-27.11831;3;4;EXTRACT;0;
460.0547;118;-2.001823;28.93123;3;14;EXTRACT;2;
460.9844;141;-12.55029;-27.11831;3;3;EXTRACT;0;
462.0625;118;-2.001823;28.93123;3;13;EXTRACT;2;
462.9844;141;-12.55029;-27.11831;3;2;EXTRACT;0;
464.0625;118;-2.001823;28.93123;3;12;EXTRACT;2;
464.9922;141;-12.55029;-27.11831;3;1;EXTRACT;0;
466.0703;118;-2.001823;28.93123;3;11;EXTRACT;2;
467;141;-12.55029;-27.11831;3;0;EXTRACT;0;
466.9609;141;-12.55029;-27.11831;3;0;DESTROYED;;
467;149;28.04961;-44.58788;3;16;CREATED;;
468.0781;118;-2.001823;28.93123;3;10;EXTRACT;2;
470.0781;118;-2.001823;28.93123;3;9;EXTRACT;2;
472.0859;118;-2.001823;28.93123;3;8;EXTRACT;2;
472.7266;139;-8.682026;-31.84291;3;16;DISCOVER;0;
474.0859;118;-2.001823;28.93123;3;7;EXTRACT;2;
476.0547;118;-2.001823;28.93123;3;6;EXTRACT;2;
476.0938;139;-8.682026;-31.84291;3;15;EXTRACT;0;
478.0625;118;-2.001823;28.93123;3;5;EXTRACT;2;
478.1016;139;-8.682026;-31.84291;3;14;EXTRACT;0;
480.0625;118;-2.001823;28.93123;3;4;EXTRACT;2;
480.1016;139;-8.682026;-31.84291;3;13;EXTRACT;0;
480.6641;138;-21.90286;-1.168224;3;16;DISCOVER;1;
481.4297;118;-2.001823;28.93123;3;4;DISCOVER;3;
482.0703;118;-2.001823;28.93123;3;3;EXTRACT;2;
482.1094;139;-8.682026;-31.84291;3;12;EXTRACT;0;
483.8359;138;-21.90286;-1.168224;3;15;EXTRACT;1;
484.0703;118;-2.001823;28.93123;3;2;EXTRACT;2;
484.1094;139;-8.682026;-31.84291;3;11;EXTRACT;0;
484.6406;118;-2.001823;28.93123;3;1;EXTRACT;3;
485.8438;138;-21.90286;-1.168224;3;14;EXTRACT;1;
486.0859;118;-2.001823;28.93123;3;0;EXTRACT;2;
486.0859;139;-8.682026;-31.84291;3;10;EXTRACT;0;
486.0781;118;-2.001823;28.93123;3;0;DESTROYED;;
486.0859;150;-28.92553;-11.83863;3;16;CREATED;;
487.8438;138;-21.90286;-1.168224;3;13;EXTRACT;1;
488.0859;139;-8.682026;-31.84291;3;9;EXTRACT;0;
489.8516;138;-21.90286;-1.168224;3;12;EXTRACT;1;
490.0938;139;-8.682026;-31.84291;3;8;EXTRACT;0;
491.8594;138;-21.90286;-1.168224;3;11;EXTRACT;1;
492.1016;139;-8.682026;-31.84291;3;7;EXTRACT;0;
493.8281;138;-21.90286;-1.168224;3;10;EXTRACT;1;
494.1016;139;-8.682026;-31.84291;3;6;EXTRACT;0;
495.8281;138;-21.90286;-1.168224;3;9;EXTRACT;1;
496.1094;139;-8.682026;-31.84291;3;5;EXTRACT;0;
496.5078;144;-14.0018;41.16004;3;16;DISCOVER;3;
497.8359;138;-21.90286;-1.168224;3;8;EXTRACT;1;
498.1094;139;-8.682026;-31.84291;3;4;EXTRACT;0;
499.4063;144;-14.0018;41.16004;3;15;EXTRACT;3;
499.8438;138;-21.90286;-1.168224;3;7;EXTRACT;1;
500.0859;139;-8.682026;-31.84291;3;3;EXTRACT;0;
501.4063;144;-14.0018;41.16004;3;14;EXTRACT;3;
501.8516;138;-21.90286;-1.168224;3;6;EXTRACT;1;
502.0938;139;-8.682026;-31.84291;3;2;EXTRACT;0;
503.4141;144;-14.0018;41.16004;3;13;EXTRACT;3;
503.8516;138;-21.90286;-1.168224;3;5;EXTRACT;1;
504.0938;139;-8.682026;-31.84291;3;1;EXTRACT;0;
505.4141;144;-14.0018;41.16004;3;12;EXTRACT;3;
505.8594;138;-21.90286;-1.168224;3;4;EXTRACT;1;
506.1016;139;-8.682026;-31.84291;3;0;EXTRACT;0;
506.0781;139;-8.682026;-31.84291;3;0;DESTROYED;;
506.1016;151;-9.917366;12.05199;3;16;CREATED;;
507.4219;144;-14.0018;41.16004;3;11;EXTRACT;3;
507.8672;138;-21.90286;-1.168224;3;3;EXTRACT;1;
509.4297;144;-14.0018;41.16004;3;10;EXTRACT;3;
509.7891;138;-21.90286;-1.168224;3;3;DISCOVER;2;
509.8672;138;-21.90286;-1.168224;3;2;EXTRACT;1;
511.3984;144;-14.0018;41.16004;3;9;EXTRACT;3;
511.8828;138;-21.90286;-1.168224;3;1;EXTRACT;1;
512.2031;138;-21.90286;-1.168224;3;0;EXTRACT;2;
512.2031;138;-21.90286;-1.168224;3;0;DESTROYED;;
512.2031;152;37.52872;-9.149448;3;16;CREATED;;
513.4063;144;-14.0018;41.16004;3;8;EXTRACT;3;
515.4141;144;-14.0018;41.16004;3;7;EXTRACT;3;
517.4219;144;-14.0018;41.16004;3;6;EXTRACT;3;
519.4297;144;-14.0018;41.16004;3;5;EXTRACT;3;
521.4375;144;-14.0018;41.16004;3;4;EXTRACT;3;
523.4375;144;-14.0018;41.16004;3;3;EXTRACT;3;
525.4063;144;-14.0018;41.16004;3;2;EXTRACT;3;
527.4141;144;-14.0018;41.16004;3;1;EXTRACT;3;
529.1797;150;-28.92553;-11.83863;3;16;DISCOVER;2;
529.4141;144;-14.0018;41.16004;3;0;EXTRACT;3;
529.3984;144;-14.0018;41.16004;3;0;DESTROYED;;
529.4141;153;-19.67162;-9.411491;3;16;CREATED;;
532.4219;150;-28.92553;-11.83863;3;15;EXTRACT;2;
534.4297;150;-28.92553;-11.83863;3;14;EXTRACT;2;
536.4375;150;-28.92553;-11.83863;3;13;EXTRACT;2;
538.4375;150;-28.92553;-11.83863;3;12;EXTRACT;2;
540.4453;150;-28.92553;-11.83863;3;11;EXTRACT;2;
542.4453;150;-28.92553;-11.83863;3;10;EXTRACT;2;
544.4531;150;-28.92553;-11.83863;3;9;EXTRACT;2;
546.4609;150;-28.92553;-11.83863;3;8;EXTRACT;2;
547.5;136;-12.77231;-37.76927;3;16;DISCOVER;0;
548.4219;150;-28.92553;-11.83863;3;7;EXTRACT;2;
550.3516;136;-12.77231;-37.76927;3;15;EXTRACT;0;
550.4297;150;-28.92553;-11.83863;3;6;EXTRACT;2;
552.3594;136;-12.77231;-37.76927;3;14;EXTRACT;0;
552.4375;150;-28.92553;-11.83863;3;5;EXTRACT;2;
554.3672;136;-12.77231;-37.76927;3;13;EXTRACT;0;
554.4063;150;-28.92553;-11.83863;3;5;DISCOVER;1;
554.4453;150;-28.92553;-11.83863;3;4;EXTRACT;2;
556.3672;136;-12.77231;-37.76927;3;12;EXTRACT;0;
556.4531;150;-28.92553;-11.83863;3;3;EXTRACT;2;
557.5703;150;-28.92553;-11.83863;3;2;EXTRACT;1;
558.375;136;-12.77231;-37.76927;3;11;EXTRACT;0;
558.4531;150;-28.92553;-11.83863;3;1;EXTRACT;2;
559.5781;150;-28.92553;-11.83863;3;0;EXTRACT;1;
559.5625;150;-28.92553;-11.83863;3;0;DESTROYED;;
559.5781;154;-30.54412;37.89295;3;16;CREATED;;
560.3828;136;-12.77231;-37.76927;3;10;EXTRACT;0;
562.3516;136;-12.77231;-37.76927;3;9;EXTRACT;0;
564.3516;136;-12.77231;-37.76927;3;8;EXTRACT;0;
565.4766;153;-19.67162;-9.411491;3;16;DISCOVER;1;
566.3594;136;-12.77231;-37.76927;3;7;EXTRACT;0;
568.3672;136;-12.77231;-37.76927;3;6;EXTRACT;0;
568.8438;153;-19.67162;-9.411491;3;15;EXTRACT;1;
570.3672;136;-12.77231;-37.76927;3;5;EXTRACT;0;
570.8516;153;-19.67162;-9.411491;3;14;EXTRACT;1;
572.375;136;-12.77231;-37.76927;3;4;EXTRACT;0;
572.8594;153;-19.67162;-9.411491;3;13;EXTRACT;1;
574.375;136;-12.77231;-37.76927;3;3;EXTRACT;0;
574.8594;153;-19.67162;-9.411491;3;12;EXTRACT;1;
575.625;147;16.88585;32.49726;3;16;DISCOVER;3;
576.3828;136;-12.77231;-37.76927;3;2;EXTRACT;0;
576.8672;153;-19.67162;-9.411491;3;11;EXTRACT;1;
578.3516;136;-12.77231;-37.76927;3;1;EXTRACT;0;
578.875;153;-19.67162;-9.411491;3;10;EXTRACT;1;
579.7578;147;16.88585;32.49726;3;15;EXTRACT;3;
580.0391;153;-19.67162;-9.411491;3;10;DISCOVER;2;
580.3594;136;-12.77231;-37.76927;3;0;EXTRACT;0;
580.3203;136;-12.77231;-37.76927;3;0;DESTROYED;;
580.3594;155;36.31657;7.664677;3;16;CREATED;;
580.8438;153;-19.67162;-9.411491;3;9;EXTRACT;1;
581.7656;147;16.88585;32.49726;3;14;EXTRACT;3;
582.5625;153;-19.67162;-9.411491;3;8;EXTRACT;2;
582.8828;153;-19.67162;-9.411491;3;7;EXTRACT;1;
583.8125;147;16.88585;32.49726;3;13;EXTRACT;3;
584.5703;153;-19.67162;-9.411491;3;6;EXTRACT;2;
584.8906;153;-19.67162;-9.411491;3;5;EXTRACT;1;
585.7734;147;16.88585;32.49726;3;12;EXTRACT;3;
586.5781;153;-19.67162;-9.411491;3;4;EXTRACT;2;
586.8594;153;-19.67162;-9.411491;3;3;EXTRACT;1;
587.7813;147;16.88585;32.49726;3;11;EXTRACT;3;
588.5859;153;-19.67162;-9.411491;3;2;EXTRACT;2;
588.8672;153;-19.67162;-9.411491;3;1;EXTRACT;1;
589.7813;147;16.88585;32.49726;3;10;EXTRACT;3;
590.5859;153;-19.67162;-9.411491;3;0;EXTRACT;2;
590.5625;153;-19.67162;-9.411491;3;0;DESTROYED;;
590.5859;156;18.88816;11.12333;3;16;CREATED;;
591.7891;147;16.88585;32.49726;3;9;EXTRACT;3;
593.3125;145;6.615654;-39.59836;3;16;DISCOVER;0;
593.7969;147;16.88585;32.49726;3;8;EXTRACT;3;
595.8047;147;16.88585;32.49726;3;7;EXTRACT;3;
596.5234;145;6.615654;-39.59836;3;15;EXTRACT;0;
597.8047;147;16.88585;32.49726;3;6;EXTRACT;3;
598.5313;145;6.615654;-39.59836;3;14;EXTRACT;0;
599.8203;147;16.88585;32.49726;3;5;EXTRACT;3;
600.5391;145;6.615654;-39.59836;3;13;EXTRACT;0;
601.8281;147;16.88585;32.49726;3;4;EXTRACT;3;
602.5469;145;6.615654;-39.59836;3;12;EXTRACT;0;
603.7891;147;16.88585;32.49726;3;3;EXTRACT;3;
604.5547;145;6.615654;-39.59836;3;11;EXTRACT;0;
605.7969;147;16.88585;32.49726;3;2;EXTRACT;3;
606.5156;145;6.615654;-39.59836;3;10;EXTRACT;0;
607.7969;147;16.88585;32.49726;3;1;EXTRACT;3;
608.5234;145;6.615654;-39.59836;3;9;EXTRACT;0;
609.8047;147;16.88585;32.49726;3;0;EXTRACT;3;
609.8047;147;16.88585;32.49726;3;0;DESTROYED;;
609.8047;157;35.17912;19.60163;3;16;CREATED;;
610.5313;145;6.615654;-39.59836;3;8;EXTRACT;0;
612.5391;145;6.615654;-39.59836;3;7;EXTRACT;0;
614.5469;145;6.615654;-39.59836;3;6;EXTRACT;0;
616.1094;151;-9.917366;12.05199;3;16;DISCOVER;1;
616.5547;145;6.615654;-39.59836;3;5;EXTRACT;0;
618.5547;145;6.615654;-39.59836;3;4;EXTRACT;0;
619.5547;151;-9.917366;12.05199;3;15;EXTRACT;1;
620.5234;145;6.615654;-39.59836;3;3;EXTRACT;0;
621.5703;151;-9.917366;12.05199;3;14;EXTRACT;1;
622.5313;145;6.615654;-39.59836;3;2;EXTRACT;0;
623.4141;151;-9.917366;12.05199;3;14;DISCOVER;2;
623.5703;151;-9.917366;12.05199;3;13;EXTRACT;1;
624.5313;145;6.615654;-39.59836;3;1;EXTRACT;0;
625.5781;151;-9.917366;12.05199;3;12;EXTRACT;1;
626.5391;145;6.615654;-39.59836;3;0;EXTRACT;0;
626.5234;145;6.615654;-39.59836;3;0;DESTROYED;;
626.5391;158;9.370861;9.352139;3;16;CREATED;;
626.5781;151;-9.917366;12.05199;3;11;EXTRACT;2;
627.5391;151;-9.917366;12.05199;3;10;EXTRACT;1;
628.5859;151;-9.917366;12.05199;3;9;EXTRACT;2;
629.5859;151;-9.917366;12.05199;3;8;EXTRACT;1;
630.5938;151;-9.917366;12.05199;3;7;EXTRACT;2;
631.5938;151;-9.917366;12.05199;3;6;EXTRACT;1;
632.5938;151;-9.917366;12.05199;3;5;EXTRACT;2;
633.6016;151;-9.917366;12.05199;3;4;EXTRACT;1;
634.5625;151;-9.917366;12.05199;3;3;EXTRACT;2;
635.5625;151;-9.917366;12.05199;3;2;EXTRACT;1;
636.5703;151;-9.917366;12.05199;3;1;EXTRACT;2;
637.5703;151;-9.917366;12.05199;3;0;EXTRACT;1;
637.5625;151;-9.917366;12.05199;3;0;DESTROYED;;
637.5703;159;-11.99115;-3.051437;3;16;CREATED;;
648.3594;158;9.370861;9.352139;3;16;DISCOVER;2;
650.4141;148;37.82292;25.08395;3;16;DISCOVER;3;
651.1406;158;9.370861;9.352139;3;15;EXTRACT;2;
653.1406;158;9.370861;9.352139;3;14;EXTRACT;2;
653.6641;148;37.82292;25.08395;3;15;EXTRACT;3;
654.7891;158;9.370861;9.352139;3;14;DISCOVER;1;
655.1484;158;9.370861;9.352139;3;13;EXTRACT;2;
655.6719;148;37.82292;25.08395;3;14;EXTRACT;3;
657.1563;158;9.370861;9.352139;3;12;EXTRACT;2;
657.6719;148;37.82292;25.08395;3;13;EXTRACT;3;
657.7969;158;9.370861;9.352139;3;11;EXTRACT;1;
659.1563;158;9.370861;9.352139;3;10;EXTRACT;2;
659.6797;148;37.82292;25.08395;3;12;EXTRACT;3;
659.8047;158;9.370861;9.352139;3;9;EXTRACT;1;
661.125;158;9.370861;9.352139;3;8;EXTRACT;2;
661.6875;148;37.82292;25.08395;3;11;EXTRACT;3;
661.8047;158;9.370861;9.352139;3;7;EXTRACT;1;
663.125;158;9.370861;9.352139;3;6;EXTRACT;2;
663.6875;148;37.82292;25.08395;3;10;EXTRACT;3;
663.8125;158;9.370861;9.352139;3;5;EXTRACT;1;
665.1328;158;9.370861;9.352139;3;4;EXTRACT;2;
665.6953;148;37.82292;25.08395;3;9;EXTRACT;3;
665.8125;158;9.370861;9.352139;3;3;EXTRACT;1;
667.1328;158;9.370861;9.352139;3;2;EXTRACT;2;
667.6953;148;37.82292;25.08395;3;8;EXTRACT;3;
667.7813;158;9.370861;9.352139;3;1;EXTRACT;1;
669.1406;158;9.370861;9.352139;3;0;EXTRACT;2;
669.125;158;9.370861;9.352139;3;0;DESTROYED;;
669.1406;160;-1.587711;-35.32115;3;16;CREATED;;
669.6641;148;37.82292;25.08395;3;7;EXTRACT;3;
671.6641;148;37.82292;25.08395;3;6;EXTRACT;3;
673.6719;148;37.82292;25.08395;3;5;EXTRACT;3;
673.7109;142;21.17706;-22.72116;3;16;DISCOVER;0;
675;156;18.88816;11.12333;3;16;DISCOVER;1;
675.6797;148;37.82292;25.08395;3;4;EXTRACT;3;
677.0391;142;21.17706;-22.72116;3;15;EXTRACT;0;
677.6797;148;37.82292;25.08395;3;3;EXTRACT;3;
679.0469;142;21.17706;-22.72116;3;14;EXTRACT;0;
679.4844;156;18.88816;11.12333;3;15;EXTRACT;1;
679.6875;148;37.82292;25.08395;3;2;EXTRACT;3;
681.0547;142;21.17706;-22.72116;3;13;EXTRACT;0;
681.4922;156;18.88816;11.12333;3;14;EXTRACT;1;
681.6953;148;37.82292;25.08395;3;1;EXTRACT;3;
683.0547;142;21.17706;-22.72116;3;12;EXTRACT;0;
683.5;156;18.88816;11.12333;3;13;EXTRACT;1;
683.6563;148;37.82292;25.08395;3;0;EXTRACT;3;
683.6406;148;37.82292;25.08395;3;0;DESTROYED;;
683.6563;161;29.07701;-22.43511;3;16;CREATED;;
685.0234;142;21.17706;-22.72116;3;11;EXTRACT;0;
685.4688;156;18.88816;11.12333;3;12;EXTRACT;1;
686.8672;146;20.00433;-16.47768;3;16;DISCOVER;2;
687.0313;142;21.17706;-22.72116;3;10;EXTRACT;0;
687.4766;156;18.88816;11.12333;3;11;EXTRACT;1;
689.0391;142;21.17706;-22.72116;3;9;EXTRACT;0;
689.4766;156;18.88816;11.12333;3;10;EXTRACT;1;
690.2031;146;20.00433;-16.47768;3;15;EXTRACT;2;
691.0391;142;21.17706;-22.72116;3;8;EXTRACT;0;
691.4844;156;18.88816;11.12333;3;9;EXTRACT;1;
692.2109;146;20.00433;-16.47768;3;14;EXTRACT;2;
693.0469;142;21.17706;-22.72116;3;7;EXTRACT;0;
693.3672;157;35.17912;19.60163;3;16;DISCOVER;3;
693.4922;156;18.88816;11.12333;3;8;EXTRACT;1;
694.2109;146;20.00433;-16.47768;3;13;EXTRACT;2;
695.0547;142;21.17706;-22.72116;3;6;EXTRACT;0;
695.4922;156;18.88816;11.12333;3;7;EXTRACT;1;
696.2109;146;20.00433;-16.47768;3;12;EXTRACT;2;
696.4141;157;35.17912;19.60163;3;15;EXTRACT;3;
697.0547;142;21.17706;-22.72116;3;5;EXTRACT;0;
697.4922;156;18.88816;11.12333;3;6;EXTRACT;1;
698.1797;146;20.00433;-16.47768;3;11;EXTRACT;2;
698.375;157;35.17912;19.60163;3;14;EXTRACT;3;
699.0156;142;21.17706;-22.72116;3;4;EXTRACT;0;
699.5;156;18.88816;11.12333;3;5;EXTRACT;1;
700.1797;146;20.00433;-16.47768;3;10;EXTRACT;2;
700.3828;157;35.17912;19.60163;3;13;EXTRACT;3;
701.0234;142;21.17706;-22.72116;3;3;EXTRACT;0;
701.4609;156;18.88816;11.12333;3;4;EXTRACT;1;
702.1875;146;20.00433;-16.47768;3;9;EXTRACT;2;
702.3828;157;35.17912;19.60163;3;12;EXTRACT;3;
703.0234;142;21.17706;-22.72116;3;2;EXTRACT;0;
703.4688;156;18.88816;11.12333;3;3;EXTRACT;1;
704.1875;146;20.00433;-16.47768;3;8;EXTRACT;2;
704.3906;157;35.17912;19.60163;3;11;EXTRACT;3;
705.0313;142;21.17706;-22.72116;3;1;EXTRACT;0;
705.4688;156;18.88816;11.12333;3;2;EXTRACT;1;
706.1953;146;20.00433;-16.47768;3;7;EXTRACT;2;
706.3906;157;35.17912;19.60163;3;10;EXTRACT;3;
707.0391;142;21.17706;-22.72116;3;0;EXTRACT;0;
706.9609;142;21.17706;-22.72116;3;0;DESTROYED;;
707.0391;162;-13.35844;38.63591;3;16;CREATED;;
707.5;156;18.88816;11.12333;3;1;EXTRACT;1;
708.1719;146;20.00433;-16.47768;3;6;EXTRACT;2;
708.3359;157;35.17912;19.60163;3;9;EXTRACT;3;
709.4375;156;18.88816;11.12333;3;0;EXTRACT;1;
709.3984;156;18.88816;11.12333;3;0;DESTROYED;;
709.4375;163;43.21977;-18.01296;3;16;CREATED;;
710.1563;146;20.00433;-16.47768;3;5;EXTRACT;2;
710.3516;157;35.17912;19.60163;3;8;EXTRACT;3;
711.4375;146;20.00433;-16.47768;3;5;DISCOVER;0;
712.1641;146;20.00433;-16.47768;3;4;EXTRACT;2;
712.3672;157;35.17912;19.60163;3;7;EXTRACT;3;
714.1719;146;20.00433;-16.47768;3;3;EXTRACT;2;
714.3281;146;20.00433;-16.47768;3;2;EXTRACT;0;
714.3672;157;35.17912;19.60163;3;6;EXTRACT;3;
716.1797;146;20.00433;-16.47768;3;1;EXTRACT;2;
716.3359;146;20.00433;-16.47768;3;0;EXTRACT;0;
716.3203;146;20.00433;-16.47768;3;0;DESTROYED;;
716.3359;164;39.64491;44.1301;3;16;CREATED;;
716.375;157;35.17912;19.60163;3;5;EXTRACT;3;
718.3438;157;35.17912;19.60163;3;4;EXTRACT;3;
