Time;PatchID;PositionX;PositionZ;Radius;CoinAmount;PatchEvent;TriggerPlayer;
0;428;-31.42434;-28.18264;3;16;CREATED;;
0;429;17.1031;38.0353;3;16;CREATED;;
0;430;42.37133;-44.66678;3;16;CREATED;;
0;431;43.27341;-13.74904;3;16;CREATED;;
0;432;-23.0886;22.17945;3;16;CREATED;;
0;433;-21.93009;-13.63617;3;16;CREATED;;
0;434;-35.5158;37.04822;3;16;CREATED;;
0;435;34.67373;-38.05333;3;16;CREATED;;
0;436;32.07569;-28.6478;3;16;CREATED;;
0;437;-23.88183;40.00441;3;16;CREATED;;
0;438;-0.4681244;11.72523;3;16;CREATED;;
0;439;-27.88004;-35.3911;3;16;CREATED;;
0;440;-1.022957;-13.56467;3;16;CREATED;;
0;441;-43.80321;5.729473;3;16;CREATED;;
0;442;-42.0883;-28.40719;3;16;CREATED;;
3.03125;433;-21.93009;-13.63617;3;16;DISCOVER;0;
4.125;439;-27.88004;-35.3911;3;16;DISCOVER;3;
5.296875;438;-0.4681244;11.72523;3;16;DISCOVER;2;
6.171875;433;-21.93009;-13.63617;3;15;EXTRACT;0;
7.21875;439;-27.88004;-35.3911;3;15;EXTRACT;3;
8.171875;433;-21.93009;-13.63617;3;14;EXTRACT;0;
8.5;438;-0.4681244;11.72523;3;15;EXTRACT;2;
9.21875;439;-27.88004;-35.3911;3;14;EXTRACT;3;
10.14063;433;-21.93009;-13.63617;3;13;EXTRACT;0;
10.5;438;-0.4681244;11.72523;3;14;EXTRACT;2;
11.1875;439;-27.88004;-35.3911;3;13;EXTRACT;3;
12.14063;433;-21.93009;-13.63617;3;12;EXTRACT;0;
12.5;438;-0.4681244;11.72523;3;13;EXTRACT;2;
13.1875;439;-27.88004;-35.3911;3;12;EXTRACT;3;
14.15625;433;-21.93009;-13.63617;3;11;EXTRACT;0;
14.46875;438;-0.4681244;11.72523;3;12;EXTRACT;2;
15.1875;439;-27.88004;-35.3911;3;11;EXTRACT;3;
16.15625;433;-21.93009;-13.63617;3;10;EXTRACT;0;
16.20313;441;-43.80321;5.729473;3;16;DISCOVER;1;
16.46875;438;-0.4681244;11.72523;3;11;EXTRACT;2;
17.23438;439;-27.88004;-35.3911;3;10;EXTRACT;3;
18.15625;433;-21.93009;-13.63617;3;9;EXTRACT;0;
18.48438;438;-0.4681244;11.72523;3;10;EXTRACT;2;
19.20313;439;-27.88004;-35.3911;3;9;EXTRACT;3;
19.35938;441;-43.80321;5.729473;3;15;EXTRACT;1;
20.15625;433;-21.93009;-13.63617;3;8;EXTRACT;0;
20.48438;438;-0.4681244;11.72523;3;9;EXTRACT;2;
21.20313;439;-27.88004;-35.3911;3;8;EXTRACT;3;
21.35938;441;-43.80321;5.729473;3;14;EXTRACT;1;
22.15625;433;-21.93009;-13.63617;3;7;EXTRACT;0;
22.48438;438;-0.4681244;11.72523;3;8;EXTRACT;2;
23.20313;439;-27.88004;-35.3911;3;7;EXTRACT;3;
23.32813;441;-43.80321;5.729473;3;13;EXTRACT;1;
24.17188;433;-21.93009;-13.63617;3;6;EXTRACT;0;
24.48438;438;-0.4681244;11.72523;3;7;EXTRACT;2;
25.20313;439;-27.88004;-35.3911;3;6;EXTRACT;3;
25.32813;441;-43.80321;5.729473;3;12;EXTRACT;1;
26.17188;433;-21.93009;-13.63617;3;5;EXTRACT;0;
26.48438;438;-0.4681244;11.72523;3;6;EXTRACT;2;
27.21875;439;-27.88004;-35.3911;3;5;EXTRACT;3;
27.32813;441;-43.80321;5.729473;3;11;EXTRACT;1;
28.17188;433;-21.93009;-13.63617;3;4;EXTRACT;0;
28.5;438;-0.4681244;11.72523;3;5;EXTRACT;2;
29.21875;439;-27.88004;-35.3911;3;4;EXTRACT;3;
29.34375;441;-43.80321;5.729473;3;10;EXTRACT;1;
30.17188;433;-21.93009;-13.63617;3;3;EXTRACT;0;
30.5;438;-0.4681244;11.72523;3;4;EXTRACT;2;
31.21875;439;-27.88004;-35.3911;3;3;EXTRACT;3;
31.34375;441;-43.80321;5.729473;3;9;EXTRACT;1;
32.14063;433;-21.93009;-13.63617;3;2;EXTRACT;0;
32.5;438;-0.4681244;11.72523;3;3;EXTRACT;2;
33.21875;439;-27.88004;-35.3911;3;2;EXTRACT;3;
33.34375;441;-43.80321;5.729473;3;8;EXTRACT;1;
34.14063;433;-21.93009;-13.63617;3;1;EXTRACT;0;
34.5;438;-0.4681244;11.72523;3;2;EXTRACT;2;
35.23438;439;-27.88004;-35.3911;3;1;EXTRACT;3;
35.34375;441;-43.80321;5.729473;3;7;EXTRACT;1;
36.15625;433;-21.93009;-13.63617;3;0;EXTRACT;0;
36.10938;433;-21.93009;-13.63617;3;0;DESTROYED;;
36.15625;443;-37.36821;-16.63072;3;16;CREATED;;
36.46875;438;-0.4681244;11.72523;3;1;EXTRACT;2;
37.23438;439;-27.88004;-35.3911;3;0;EXTRACT;3;
37.20313;439;-27.88004;-35.3911;3;0;DESTROYED;;
37.23438;444;34.64351;-17.30649;3;16;CREATED;;
37.34375;441;-43.80321;5.729473;3;6;EXTRACT;1;
38.46875;438;-0.4681244;11.72523;3;0;EXTRACT;2;
38.4375;438;-0.4681244;11.72523;3;0;DESTROYED;;
38.46875;445;-11.57888;-4.64011;3;16;CREATED;;
39.35938;441;-43.80321;5.729473;3;5;EXTRACT;1;
41.35938;441;-43.80321;5.729473;3;4;EXTRACT;1;
43.375;441;-43.80321;5.729473;3;3;EXTRACT;1;
45.375;441;-43.80321;5.729473;3;2;EXTRACT;1;
47.375;441;-43.80321;5.729473;3;1;EXTRACT;1;
49.375;441;-43.80321;5.729473;3;0;EXTRACT;1;
49.35938;441;-43.80321;5.729473;3;0;DESTROYED;;
49.375;446;31.23796;18.70815;3;16;CREATED;;
56.23438;442;-42.0883;-28.40719;3;16;DISCOVER;3;
59.25;442;-42.0883;-28.40719;3;15;EXTRACT;3;
61.21875;442;-42.0883;-28.40719;3;14;EXTRACT;3;
63.23438;442;-42.0883;-28.40719;3;13;EXTRACT;3;
65.23438;442;-42.0883;-28.40719;3;12;EXTRACT;3;
67.23438;442;-42.0883;-28.40719;3;11;EXTRACT;3;
69.25;442;-42.0883;-28.40719;3;10;EXTRACT;3;
71.25;442;-42.0883;-28.40719;3;9;EXTRACT;3;
73.25;442;-42.0883;-28.40719;3;8;EXTRACT;3;
74.98438;442;-42.0883;-28.40719;3;8;DISCOVER;0;
75.21875;442;-42.0883;-28.40719;3;7;EXTRACT;3;
77.21875;442;-42.0883;-28.40719;3;6;EXTRACT;3;
77.70313;442;-42.0883;-28.40719;3;5;EXTRACT;0;
79.23438;442;-42.0883;-28.40719;3;4;EXTRACT;3;
79.70313;442;-42.0883;-28.40719;3;3;EXTRACT;0;
81.23438;442;-42.0883;-28.40719;3;2;EXTRACT;3;
81.71875;442;-42.0883;-28.40719;3;1;EXTRACT;0;
83.23438;442;-42.0883;-28.40719;3;0;EXTRACT;3;
83.23438;442;-42.0883;-28.40719;3;0;DESTROYED;;
83.23438;447;20.02495;-10.03988;3;16;CREATED;;
91.26563;429;17.1031;38.0353;3;16;DISCOVER;2;
91.78125;443;-37.36821;-16.63072;3;16;DISCOVER;3;
94.46875;429;17.1031;38.0353;3;15;EXTRACT;2;
94.84375;443;-37.36821;-16.63072;3;15;EXTRACT;3;
96.4375;429;17.1031;38.0353;3;14;EXTRACT;2;
96.84375;443;-37.36821;-16.63072;3;14;EXTRACT;3;
98.45313;429;17.1031;38.0353;3;13;EXTRACT;2;
98.84375;443;-37.36821;-16.63072;3;13;EXTRACT;3;
100.4531;429;17.1031;38.0353;3;12;EXTRACT;2;
100.8594;443;-37.36821;-16.63072;3;12;EXTRACT;3;
101.3281;434;-35.5158;37.04822;3;16;DISCOVER;1;
102.4531;429;17.1031;38.0353;3;11;EXTRACT;2;
102.8594;443;-37.36821;-16.63072;3;11;EXTRACT;3;
104.0938;434;-35.5158;37.04822;3;15;EXTRACT;1;
104.4688;429;17.1031;38.0353;3;10;EXTRACT;2;
104.8594;443;-37.36821;-16.63072;3;10;EXTRACT;3;
106.1094;434;-35.5158;37.04822;3;14;EXTRACT;1;
106.4688;429;17.1031;38.0353;3;9;EXTRACT;2;
106.8594;443;-37.36821;-16.63072;3;9;EXTRACT;3;
108.1094;434;-35.5158;37.04822;3;13;EXTRACT;1;
108.4688;429;17.1031;38.0353;3;8;EXTRACT;2;
108.875;443;-37.36821;-16.63072;3;8;EXTRACT;3;
110.1094;434;-35.5158;37.04822;3;12;EXTRACT;1;
110.4688;429;17.1031;38.0353;3;7;EXTRACT;2;
110.8438;443;-37.36821;-16.63072;3;7;EXTRACT;3;
112.0781;434;-35.5158;37.04822;3;11;EXTRACT;1;
112.4375;429;17.1031;38.0353;3;6;EXTRACT;2;
112.8438;443;-37.36821;-16.63072;3;6;EXTRACT;3;
114.0938;434;-35.5158;37.04822;3;10;EXTRACT;1;
114.4531;429;17.1031;38.0353;3;5;EXTRACT;2;
114.8438;443;-37.36821;-16.63072;3;5;EXTRACT;3;
116.0938;434;-35.5158;37.04822;3;9;EXTRACT;1;
116.4531;429;17.1031;38.0353;3;4;EXTRACT;2;
116.8594;443;-37.36821;-16.63072;3;4;EXTRACT;3;
118.0938;434;-35.5158;37.04822;3;8;EXTRACT;1;
118.4531;429;17.1031;38.0353;3;3;EXTRACT;2;
118.8594;443;-37.36821;-16.63072;3;3;EXTRACT;3;
120.1094;434;-35.5158;37.04822;3;7;EXTRACT;1;
120.4688;429;17.1031;38.0353;3;2;EXTRACT;2;
120.875;443;-37.36821;-16.63072;3;2;EXTRACT;3;
122.1094;434;-35.5158;37.04822;3;6;EXTRACT;1;
122.4688;429;17.1031;38.0353;3;1;EXTRACT;2;
122.8281;443;-37.36821;-16.63072;3;1;EXTRACT;3;
124.125;434;-35.5158;37.04822;3;5;EXTRACT;1;
124.4375;429;17.1031;38.0353;3;0;EXTRACT;2;
124.4375;429;17.1031;38.0353;3;0;DESTROYED;;
124.4375;448;-17.54622;39.35387;3;16;CREATED;;
124.8438;443;-37.36821;-16.63072;3;0;EXTRACT;3;
124.8438;443;-37.36821;-16.63072;3;0;DESTROYED;;
124.8438;449;16.21767;-0.6417732;3;16;CREATED;;
126.125;434;-35.5158;37.04822;3;4;EXTRACT;1;
128.1406;434;-35.5158;37.04822;3;3;EXTRACT;1;
129.3438;436;32.07569;-28.6478;3;16;DISCOVER;0;
130.0938;434;-35.5158;37.04822;3;2;EXTRACT;1;
132.1094;434;-35.5158;37.04822;3;1;EXTRACT;1;
132.1875;436;32.07569;-28.6478;3;15;EXTRACT;0;
134.1094;434;-35.5158;37.04822;3;0;EXTRACT;1;
134.0781;434;-35.5158;37.04822;3;0;DESTROYED;;
134.1094;450;10.22918;13.49842;3;16;CREATED;;
134.1875;436;32.07569;-28.6478;3;14;EXTRACT;0;
136.1875;436;32.07569;-28.6478;3;13;EXTRACT;0;
138.2031;436;32.07569;-28.6478;3;12;EXTRACT;0;
140.1719;436;32.07569;-28.6478;3;11;EXTRACT;0;
142.1719;436;32.07569;-28.6478;3;10;EXTRACT;0;
144.1719;436;32.07569;-28.6478;3;9;EXTRACT;0;
146.1875;436;32.07569;-28.6478;3;8;EXTRACT;0;
148.1875;436;32.07569;-28.6478;3;7;EXTRACT;0;
150.2031;436;32.07569;-28.6478;3;6;EXTRACT;0;
152.1719;436;32.07569;-28.6478;3;5;EXTRACT;0;
152.7656;445;-11.57888;-4.64011;3;16;DISCOVER;3;
154.1719;436;32.07569;-28.6478;3;4;EXTRACT;0;
155.7344;445;-11.57888;-4.64011;3;15;EXTRACT;3;
156.1719;436;32.07569;-28.6478;3;3;EXTRACT;0;
157.75;445;-11.57888;-4.64011;3;14;EXTRACT;3;
158.1094;446;31.23796;18.70815;3;16;DISCOVER;2;
158.1875;436;32.07569;-28.6478;3;2;EXTRACT;0;
159.75;445;-11.57888;-4.64011;3;13;EXTRACT;3;
160.1875;436;32.07569;-28.6478;3;1;EXTRACT;0;
161.75;445;-11.57888;-4.64011;3;12;EXTRACT;3;
162.0781;446;31.23796;18.70815;3;15;EXTRACT;2;
162.2031;436;32.07569;-28.6478;3;0;EXTRACT;0;
162.1563;436;32.07569;-28.6478;3;0;DESTROYED;;
162.2031;451;2.54409;26.50966;3;16;CREATED;;
163.7656;445;-11.57888;-4.64011;3;11;EXTRACT;3;
164.0781;446;31.23796;18.70815;3;14;EXTRACT;2;
165.0781;437;-23.88183;40.00441;3;16;DISCOVER;1;
165.7656;445;-11.57888;-4.64011;3;10;EXTRACT;3;
166.0938;446;31.23796;18.70815;3;13;EXTRACT;2;
167.7656;445;-11.57888;-4.64011;3;9;EXTRACT;3;
167.8906;437;-23.88183;40.00441;3;15;EXTRACT;1;
168.0938;446;31.23796;18.70815;3;12;EXTRACT;2;
169.7344;445;-11.57888;-4.64011;3;8;EXTRACT;3;
169.9063;437;-23.88183;40.00441;3;14;EXTRACT;1;
170.0938;446;31.23796;18.70815;3;11;EXTRACT;2;
171.75;445;-11.57888;-4.64011;3;7;EXTRACT;3;
171.9063;437;-23.88183;40.00441;3;13;EXTRACT;1;
172.1094;446;31.23796;18.70815;3;10;EXTRACT;2;
173.75;445;-11.57888;-4.64011;3;6;EXTRACT;3;
173.9063;437;-23.88183;40.00441;3;12;EXTRACT;1;
174.1094;446;31.23796;18.70815;3;9;EXTRACT;2;
175.75;445;-11.57888;-4.64011;3;5;EXTRACT;3;
175.9219;437;-23.88183;40.00441;3;11;EXTRACT;1;
176.0781;446;31.23796;18.70815;3;8;EXTRACT;2;
177.7656;445;-11.57888;-4.64011;3;4;EXTRACT;3;
177.875;437;-23.88183;40.00441;3;10;EXTRACT;1;
178.0781;446;31.23796;18.70815;3;7;EXTRACT;2;
179.7656;445;-11.57888;-4.64011;3;3;EXTRACT;3;
179.8906;437;-23.88183;40.00441;3;9;EXTRACT;1;
180.0938;446;31.23796;18.70815;3;6;EXTRACT;2;
181.7656;445;-11.57888;-4.64011;3;2;EXTRACT;3;
181.8906;437;-23.88183;40.00441;3;8;EXTRACT;1;
182.0938;446;31.23796;18.70815;3;5;EXTRACT;2;
183.7813;445;-11.57888;-4.64011;3;1;EXTRACT;3;
183.8906;437;-23.88183;40.00441;3;7;EXTRACT;1;
184.0938;446;31.23796;18.70815;3;4;EXTRACT;2;
185.75;445;-11.57888;-4.64011;3;0;EXTRACT;3;
185.7188;445;-11.57888;-4.64011;3;0;DESTROYED;;
185.75;452;25.7979;7.609455;3;16;CREATED;;
185.9063;437;-23.88183;40.00441;3;6;EXTRACT;1;
186.1094;446;31.23796;18.70815;3;3;EXTRACT;2;
187.9063;437;-23.88183;40.00441;3;5;EXTRACT;1;
187.9063;446;31.23796;18.70815;3;3;DISCOVER;0;
188.1094;446;31.23796;18.70815;3;2;EXTRACT;2;
189.9063;437;-23.88183;40.00441;3;4;EXTRACT;1;
190.1094;446;31.23796;18.70815;3;1;EXTRACT;2;
191.1094;446;31.23796;18.70815;3;0;EXTRACT;0;
191.0781;446;31.23796;18.70815;3;0;DESTROYED;;
191.1094;453;14.60861;-26.05955;3;16;CREATED;;
191.9219;437;-23.88183;40.00441;3;3;EXTRACT;1;
193.9219;437;-23.88183;40.00441;3;2;EXTRACT;1;
195.9375;437;-23.88183;40.00441;3;1;EXTRACT;1;
197.9375;437;-23.88183;40.00441;3;0;EXTRACT;1;
197.9219;437;-23.88183;40.00441;3;0;DESTROYED;;
197.9375;454;30.56735;-0.8359871;3;16;CREATED;;
205.6875;448;-17.54622;39.35387;3;16;DISCOVER;1;
208.5313;448;-17.54622;39.35387;3;15;EXTRACT;1;
209.6875;451;2.54409;26.50966;3;16;DISCOVER;0;
210.5313;448;-17.54622;39.35387;3;14;EXTRACT;1;
212.5469;448;-17.54622;39.35387;3;13;EXTRACT;1;
212.9844;451;2.54409;26.50966;3;15;EXTRACT;0;
214.5469;448;-17.54622;39.35387;3;12;EXTRACT;1;
214.9844;451;2.54409;26.50966;3;14;EXTRACT;0;
216.5156;449;16.21767;-0.6417732;3;16;DISCOVER;2;
216.5625;448;-17.54622;39.35387;3;11;EXTRACT;1;
217;451;2.54409;26.50966;3;13;EXTRACT;0;
218.5625;448;-17.54622;39.35387;3;10;EXTRACT;1;
219;451;2.54409;26.50966;3;12;EXTRACT;0;
219.5313;449;16.21767;-0.6417732;3;15;EXTRACT;2;
220.5781;448;-17.54622;39.35387;3;9;EXTRACT;1;
221.0156;451;2.54409;26.50966;3;11;EXTRACT;0;
221.5313;449;16.21767;-0.6417732;3;14;EXTRACT;2;
222.5313;448;-17.54622;39.35387;3;8;EXTRACT;1;
223.0156;451;2.54409;26.50966;3;10;EXTRACT;0;
223.5;449;16.21767;-0.6417732;3;13;EXTRACT;2;
224.5313;448;-17.54622;39.35387;3;7;EXTRACT;1;
225.0156;451;2.54409;26.50966;3;9;EXTRACT;0;
225.5;449;16.21767;-0.6417732;3;12;EXTRACT;2;
226.5469;448;-17.54622;39.35387;3;6;EXTRACT;1;
226.9063;451;2.54409;26.50966;3;9;DISCOVER;3;
226.9844;451;2.54409;26.50966;3;8;EXTRACT;0;
227.5;449;16.21767;-0.6417732;3;11;EXTRACT;2;
228.5469;448;-17.54622;39.35387;3;5;EXTRACT;1;
228.9844;451;2.54409;26.50966;3;7;EXTRACT;0;
229.5156;449;16.21767;-0.6417732;3;10;EXTRACT;2;
229.5938;451;2.54409;26.50966;3;6;EXTRACT;3;
230.5469;448;-17.54622;39.35387;3;4;EXTRACT;1;
231;451;2.54409;26.50966;3;5;EXTRACT;0;
231.5156;449;16.21767;-0.6417732;3;9;EXTRACT;2;
231.5938;451;2.54409;26.50966;3;4;EXTRACT;3;
232.5469;448;-17.54622;39.35387;3;3;EXTRACT;1;
233;451;2.54409;26.50966;3;3;EXTRACT;0;
233.5156;449;16.21767;-0.6417732;3;8;EXTRACT;2;
233.5625;451;2.54409;26.50966;3;2;EXTRACT;3;
234.5625;448;-17.54622;39.35387;3;2;EXTRACT;1;
235;451;2.54409;26.50966;3;1;EXTRACT;0;
235.5156;449;16.21767;-0.6417732;3;7;EXTRACT;2;
235.5625;451;2.54409;26.50966;3;0;EXTRACT;3;
235.5625;451;2.54409;26.50966;3;0;DESTROYED;;
235.5625;455;-38.78006;-43.14487;3;16;CREATED;;
236.5625;448;-17.54622;39.35387;3;1;EXTRACT;1;
237.5313;449;16.21767;-0.6417732;3;6;EXTRACT;2;
238.5625;448;-17.54622;39.35387;3;0;EXTRACT;1;
238.5625;448;-17.54622;39.35387;3;0;DESTROYED;;
238.5625;456;-13.5684;3.683506;3;16;CREATED;;
239.5313;449;16.21767;-0.6417732;3;5;EXTRACT;2;
241.5;449;16.21767;-0.6417732;3;4;EXTRACT;2;
243.5;449;16.21767;-0.6417732;3;3;EXTRACT;2;
245.5156;449;16.21767;-0.6417732;3;2;EXTRACT;2;
247.5156;449;16.21767;-0.6417732;3;1;EXTRACT;2;
249.5156;449;16.21767;-0.6417732;3;0;EXTRACT;2;
249.5156;449;16.21767;-0.6417732;3;0;DESTROYED;;
249.5156;457;-32.54963;-14.55616;3;16;CREATED;;
265.3125;450;10.22918;13.49842;3;16;DISCOVER;2;
268.125;450;10.22918;13.49842;3;15;EXTRACT;2;
270.125;450;10.22918;13.49842;3;14;EXTRACT;2;
270.5781;444;34.64351;-17.30649;3;16;DISCOVER;3;
272.1406;450;10.22918;13.49842;3;13;EXTRACT;2;
273.1406;444;34.64351;-17.30649;3;15;EXTRACT;3;
274.1406;450;10.22918;13.49842;3;12;EXTRACT;2;
275.1406;444;34.64351;-17.30649;3;14;EXTRACT;3;
276.1406;450;10.22918;13.49842;3;11;EXTRACT;2;
277.1563;444;34.64351;-17.30649;3;13;EXTRACT;3;
278.0313;450;10.22918;13.49842;3;11;DISCOVER;1;
278.1094;450;10.22918;13.49842;3;10;EXTRACT;2;
279.1563;444;34.64351;-17.30649;3;12;EXTRACT;3;
280.125;450;10.22918;13.49842;3;9;EXTRACT;2;
280.4375;450;10.22918;13.49842;3;8;EXTRACT;1;
281.1563;444;34.64351;-17.30649;3;11;EXTRACT;3;
282.125;450;10.22918;13.49842;3;7;EXTRACT;2;
282.4531;450;10.22918;13.49842;3;6;EXTRACT;1;
283.125;444;34.64351;-17.30649;3;10;EXTRACT;3;
284.125;450;10.22918;13.49842;3;5;EXTRACT;2;
284.4531;450;10.22918;13.49842;3;4;EXTRACT;1;
285.1406;444;34.64351;-17.30649;3;9;EXTRACT;3;
286.1406;450;10.22918;13.49842;3;3;EXTRACT;2;
286.4531;450;10.22918;13.49842;3;2;EXTRACT;1;
287.1406;444;34.64351;-17.30649;3;8;EXTRACT;3;
288.1406;450;10.22918;13.49842;3;1;EXTRACT;2;
288.4688;450;10.22918;13.49842;3;0;EXTRACT;1;
288.4375;450;10.22918;13.49842;3;0;DESTROYED;;
288.4688;458;15.28477;37.33323;3;16;CREATED;;
289.1406;444;34.64351;-17.30649;3;7;EXTRACT;3;
291.1563;444;34.64351;-17.30649;3;6;EXTRACT;3;
293.1563;444;34.64351;-17.30649;3;5;EXTRACT;3;
295.1563;444;34.64351;-17.30649;3;4;EXTRACT;3;
297.1719;444;34.64351;-17.30649;3;3;EXTRACT;3;
299.125;444;34.64351;-17.30649;3;2;EXTRACT;3;
301.125;444;34.64351;-17.30649;3;1;EXTRACT;3;
303.1719;444;34.64351;-17.30649;3;0;EXTRACT;3;
303.1563;444;34.64351;-17.30649;3;0;DESTROYED;;
303.1719;459;9.741833;3.738899;3;16;CREATED;;
308.875;458;15.28477;37.33323;3;16;DISCOVER;1;
311.6406;458;15.28477;37.33323;3;15;EXTRACT;1;
313.6563;458;15.28477;37.33323;3;14;EXTRACT;1;
315.25;456;-13.5684;3.683506;3;16;DISCOVER;2;
315.6563;458;15.28477;37.33323;3;13;EXTRACT;1;
317.6563;458;15.28477;37.33323;3;12;EXTRACT;1;
318.9375;456;-13.5684;3.683506;3;15;EXTRACT;2;
319.6563;458;15.28477;37.33323;3;11;EXTRACT;1;
320.1406;457;-32.54963;-14.55616;3;16;DISCOVER;0;
320.9375;456;-13.5684;3.683506;3;14;EXTRACT;2;
321.6719;458;15.28477;37.33323;3;10;EXTRACT;1;
322.9063;457;-32.54963;-14.55616;3;15;EXTRACT;0;
322.9531;456;-13.5684;3.683506;3;13;EXTRACT;2;
323.6719;458;15.28477;37.33323;3;9;EXTRACT;1;
324.9219;457;-32.54963;-14.55616;3;14;EXTRACT;0;
324.9531;456;-13.5684;3.683506;3;12;EXTRACT;2;
325.6406;458;15.28477;37.33323;3;8;EXTRACT;1;
326.9219;457;-32.54963;-14.55616;3;13;EXTRACT;0;
326.9531;456;-13.5684;3.683506;3;11;EXTRACT;2;
327.6406;458;15.28477;37.33323;3;7;EXTRACT;1;
328.9219;457;-32.54963;-14.55616;3;12;EXTRACT;0;
328.9688;456;-13.5684;3.683506;3;10;EXTRACT;2;
329.6406;458;15.28477;37.33323;3;6;EXTRACT;1;
330.8906;457;-32.54963;-14.55616;3;11;EXTRACT;0;
330.9688;456;-13.5684;3.683506;3;9;EXTRACT;2;
331.6563;458;15.28477;37.33323;3;5;EXTRACT;1;
332.8906;457;-32.54963;-14.55616;3;10;EXTRACT;0;
332.9375;456;-13.5684;3.683506;3;8;EXTRACT;2;
333.6563;458;15.28477;37.33323;3;4;EXTRACT;1;
334.8906;457;-32.54963;-14.55616;3;9;EXTRACT;0;
334.9375;456;-13.5684;3.683506;3;7;EXTRACT;2;
335.6563;458;15.28477;37.33323;3;3;EXTRACT;1;
336.9063;457;-32.54963;-14.55616;3;8;EXTRACT;0;
336.9375;456;-13.5684;3.683506;3;6;EXTRACT;2;
337.6719;458;15.28477;37.33323;3;2;EXTRACT;1;
338.9063;457;-32.54963;-14.55616;3;7;EXTRACT;0;
338.9531;456;-13.5684;3.683506;3;5;EXTRACT;2;
339.6719;458;15.28477;37.33323;3;1;EXTRACT;1;
340.9219;457;-32.54963;-14.55616;3;6;EXTRACT;0;
340.9531;456;-13.5684;3.683506;3;4;EXTRACT;2;
341.6406;458;15.28477;37.33323;3;0;EXTRACT;1;
341.6406;458;15.28477;37.33323;3;0;DESTROYED;;
341.6406;460;-41.99125;-15.77894;3;16;CREATED;;
342.9219;457;-32.54963;-14.55616;3;5;EXTRACT;0;
342.9688;456;-13.5684;3.683506;3;3;EXTRACT;2;
342.9688;440;-1.022957;-13.56467;3;16;DISCOVER;3;
344.8906;457;-32.54963;-14.55616;3;4;EXTRACT;0;
344.9688;456;-13.5684;3.683506;3;2;EXTRACT;2;
345.8125;440;-1.022957;-13.56467;3;15;EXTRACT;3;
346.8906;457;-32.54963;-14.55616;3;3;EXTRACT;0;
346.9375;456;-13.5684;3.683506;3;1;EXTRACT;2;
347.8125;440;-1.022957;-13.56467;3;14;EXTRACT;3;
348.8906;457;-32.54963;-14.55616;3;2;EXTRACT;0;
348.9375;456;-13.5684;3.683506;3;0;EXTRACT;2;
348.9219;456;-13.5684;3.683506;3;0;DESTROYED;;
348.9375;461;28.42588;40.23809;3;16;CREATED;;
349.7813;440;-1.022957;-13.56467;3;13;EXTRACT;3;
350.9063;457;-32.54963;-14.55616;3;1;EXTRACT;0;
351.7813;440;-1.022957;-13.56467;3;12;EXTRACT;3;
352.9063;457;-32.54963;-14.55616;3;0;EXTRACT;0;
352.875;457;-32.54963;-14.55616;3;0;DESTROYED;;
352.9063;462;31.59824;26.52636;3;16;CREATED;;
353.7969;440;-1.022957;-13.56467;3;11;EXTRACT;3;
355.7969;440;-1.022957;-13.56467;3;10;EXTRACT;3;
357.7969;440;-1.022957;-13.56467;3;9;EXTRACT;3;
359.8125;440;-1.022957;-13.56467;3;8;EXTRACT;3;
361.7813;440;-1.022957;-13.56467;3;7;EXTRACT;3;
363.7813;440;-1.022957;-13.56467;3;6;EXTRACT;3;
365.7969;440;-1.022957;-13.56467;3;5;EXTRACT;3;
367.7969;440;-1.022957;-13.56467;3;4;EXTRACT;3;
369.7969;440;-1.022957;-13.56467;3;3;EXTRACT;3;
371.8125;440;-1.022957;-13.56467;3;2;EXTRACT;3;
372.25;440;-1.022957;-13.56467;3;2;DISCOVER;2;
373.8125;440;-1.022957;-13.56467;3;1;EXTRACT;3;
375.625;440;-1.022957;-13.56467;3;0;EXTRACT;2;
375.5938;440;-1.022957;-13.56467;3;0;DESTROYED;;
375.625;463;31.69609;-23.98552;3;16;CREATED;;
377.9844;452;25.7979;7.609455;3;16;DISCOVER;1;
381.0313;452;25.7979;7.609455;3;15;EXTRACT;1;
383.0156;452;25.7979;7.609455;3;14;EXTRACT;1;
385.0625;452;25.7979;7.609455;3;13;EXTRACT;1;
387.0313;452;25.7979;7.609455;3;12;EXTRACT;1;
389.0313;452;25.7979;7.609455;3;11;EXTRACT;1;
391.0469;452;25.7979;7.609455;3;10;EXTRACT;1;
393.0469;452;25.7979;7.609455;3;9;EXTRACT;1;
395.0625;452;25.7979;7.609455;3;8;EXTRACT;1;
397.0625;452;25.7979;7.609455;3;7;EXTRACT;1;
398.8281;463;31.69609;-23.98552;3;16;DISCOVER;0;
399.0781;452;25.7979;7.609455;3;6;EXTRACT;1;
401.0781;452;25.7979;7.609455;3;5;EXTRACT;1;
401.6875;463;31.69609;-23.98552;3;15;EXTRACT;0;
403.0781;452;25.7979;7.609455;3;4;EXTRACT;1;
403.6875;463;31.69609;-23.98552;3;14;EXTRACT;0;
405.0938;452;25.7979;7.609455;3;3;EXTRACT;1;
405.6875;463;31.69609;-23.98552;3;13;EXTRACT;0;
406.6563;453;14.60861;-26.05955;3;16;DISCOVER;2;
407.0469;452;25.7979;7.609455;3;2;EXTRACT;1;
407.7031;463;31.69609;-23.98552;3;12;EXTRACT;0;
409.0625;452;25.7979;7.609455;3;1;EXTRACT;1;
409.7031;463;31.69609;-23.98552;3;11;EXTRACT;0;
410.3438;453;14.60861;-26.05955;3;15;EXTRACT;2;
411.0625;452;25.7979;7.609455;3;0;EXTRACT;1;
411.0313;452;25.7979;7.609455;3;0;DESTROYED;;
411.0625;464;-15.49835;9.765629;3;16;CREATED;;
411.7031;463;31.69609;-23.98552;3;10;EXTRACT;0;
412.3594;453;14.60861;-26.05955;3;14;EXTRACT;2;
413.6719;463;31.69609;-23.98552;3;9;EXTRACT;0;
414.3594;453;14.60861;-26.05955;3;13;EXTRACT;2;
415.6875;463;31.69609;-23.98552;3;8;EXTRACT;0;
416.3594;453;14.60861;-26.05955;3;12;EXTRACT;2;
417.6875;463;31.69609;-23.98552;3;7;EXTRACT;0;
418.375;453;14.60861;-26.05955;3;11;EXTRACT;2;
419.6875;463;31.69609;-23.98552;3;6;EXTRACT;0;
420.3281;453;14.60861;-26.05955;3;10;EXTRACT;2;
421.7031;463;31.69609;-23.98552;3;5;EXTRACT;0;
422.3438;453;14.60861;-26.05955;3;9;EXTRACT;2;
423.7031;463;31.69609;-23.98552;3;4;EXTRACT;0;
423.7813;461;28.42588;40.23809;3;16;DISCOVER;3;
424.3438;453;14.60861;-26.05955;3;8;EXTRACT;2;
425.7188;463;31.69609;-23.98552;3;3;EXTRACT;0;
426.3594;453;14.60861;-26.05955;3;7;EXTRACT;2;
427.0313;461;28.42588;40.23809;3;15;EXTRACT;3;
427.7188;463;31.69609;-23.98552;3;2;EXTRACT;0;
428.3594;453;14.60861;-26.05955;3;6;EXTRACT;2;
429.0469;461;28.42588;40.23809;3;14;EXTRACT;3;
429.7344;463;31.69609;-23.98552;3;1;EXTRACT;0;
430.375;453;14.60861;-26.05955;3;5;EXTRACT;2;
430.7344;461;28.42588;40.23809;3;14;DISCOVER;1;
431.0469;461;28.42588;40.23809;3;13;EXTRACT;3;
431.7031;463;31.69609;-23.98552;3;0;EXTRACT;0;
431.6719;463;31.69609;-23.98552;3;0;DESTROYED;;
431.7031;465;-40.62854;18.49019;3;16;CREATED;;
432.3438;453;14.60861;-26.05955;3;4;EXTRACT;2;
433.0625;461;28.42588;40.23809;3;12;EXTRACT;3;
433.6563;461;28.42588;40.23809;3;11;EXTRACT;1;
434.3438;453;14.60861;-26.05955;3;3;EXTRACT;2;
435.0625;461;28.42588;40.23809;3;10;EXTRACT;3;
435.6563;461;28.42588;40.23809;3;9;EXTRACT;1;
436.3438;453;14.60861;-26.05955;3;2;EXTRACT;2;
437.0625;461;28.42588;40.23809;3;8;EXTRACT;3;
437.6719;461;28.42588;40.23809;3;7;EXTRACT;1;
438.3438;453;14.60861;-26.05955;3;1;EXTRACT;2;
439.0781;461;28.42588;40.23809;3;6;EXTRACT;3;
439.6719;461;28.42588;40.23809;3;5;EXTRACT;1;
440.3594;453;14.60861;-26.05955;3;0;EXTRACT;2;
440.3125;453;14.60861;-26.05955;3;0;DESTROYED;;
440.3594;466;44.24828;26.47585;3;16;CREATED;;
441.0313;461;28.42588;40.23809;3;4;EXTRACT;3;
441.6719;461;28.42588;40.23809;3;3;EXTRACT;1;
443.0313;461;28.42588;40.23809;3;2;EXTRACT;3;
443.6875;461;28.42588;40.23809;3;1;EXTRACT;1;
445.0469;461;28.42588;40.23809;3;0;EXTRACT;3;
445.0313;461;28.42588;40.23809;3;0;DESTROYED;;
445.0469;467;8.768448;21.17711;3;16;CREATED;;
460.2031;454;30.56735;-0.8359871;3;16;DISCOVER;0;
463.4531;454;30.56735;-0.8359871;3;15;EXTRACT;0;
465.4688;454;30.56735;-0.8359871;3;14;EXTRACT;0;
467.4688;454;30.56735;-0.8359871;3;13;EXTRACT;0;
469.4688;454;30.56735;-0.8359871;3;12;EXTRACT;0;
469.5156;454;30.56735;-0.8359871;3;12;DISCOVER;3;
471.4844;454;30.56735;-0.8359871;3;11;EXTRACT;0;
472.125;454;30.56735;-0.8359871;3;10;EXTRACT;3;
473.4375;454;30.56735;-0.8359871;3;9;EXTRACT;0;
474.0781;454;30.56735;-0.8359871;3;8;EXTRACT;3;
475.4531;454;30.56735;-0.8359871;3;7;EXTRACT;0;
476.0938;454;30.56735;-0.8359871;3;6;EXTRACT;3;
477.4531;454;30.56735;-0.8359871;3;5;EXTRACT;0;
478.0938;454;30.56735;-0.8359871;3;4;EXTRACT;3;
479.4688;454;30.56735;-0.8359871;3;3;EXTRACT;0;
480.1094;454;30.56735;-0.8359871;3;2;EXTRACT;3;
481.4688;454;30.56735;-0.8359871;3;1;EXTRACT;0;
482.1094;454;30.56735;-0.8359871;3;0;EXTRACT;3;
482.0781;454;30.56735;-0.8359871;3;0;DESTROYED;;
482.1094;468;41.5322;-25.64237;3;16;CREATED;;
507.0313;432;-23.0886;22.17945;3;16;DISCOVER;1;
509.7656;432;-23.0886;22.17945;3;15;EXTRACT;1;
511.7656;432;-23.0886;22.17945;3;14;EXTRACT;1;
513.7813;432;-23.0886;22.17945;3;13;EXTRACT;1;
515.75;432;-23.0886;22.17945;3;12;EXTRACT;1;
517.1875;432;-23.0886;22.17945;3;12;DISCOVER;0;
517.75;432;-23.0886;22.17945;3;11;EXTRACT;1;
519.7656;432;-23.0886;22.17945;3;10;EXTRACT;1;
519.875;432;-23.0886;22.17945;3;9;EXTRACT;0;
521.7344;432;-23.0886;22.17945;3;9;DISCOVER;2;
521.7656;432;-23.0886;22.17945;3;8;EXTRACT;1;
521.8906;432;-23.0886;22.17945;3;7;EXTRACT;0;
523.7813;432;-23.0886;22.17945;3;6;EXTRACT;1;
523.8906;432;-23.0886;22.17945;3;5;EXTRACT;0;
524.8594;432;-23.0886;22.17945;3;4;EXTRACT;2;
525.75;432;-23.0886;22.17945;3;3;EXTRACT;1;
525.9063;432;-23.0886;22.17945;3;2;EXTRACT;0;
526.8594;432;-23.0886;22.17945;3;1;EXTRACT;2;
527.7969;432;-23.0886;22.17945;3;0;EXTRACT;1;
527.75;432;-23.0886;22.17945;3;0;DESTROYED;;
527.7969;469;-13.09671;29.72805;3;16;CREATED;;
542.4375;465;-40.62854;18.49019;3;16;DISCOVER;1;
542.9219;464;-15.49835;9.765629;3;16;DISCOVER;0;
545.8125;465;-40.62854;18.49019;3;15;EXTRACT;1;
545.9688;464;-15.49835;9.765629;3;15;EXTRACT;0;
547.8125;465;-40.62854;18.49019;3;14;EXTRACT;1;
547.9688;464;-15.49835;9.765629;3;14;EXTRACT;0;
548.8594;464;-15.49835;9.765629;3;14;DISCOVER;2;
549.7813;465;-40.62854;18.49019;3;13;EXTRACT;1;
549.9844;464;-15.49835;9.765629;3;13;EXTRACT;0;
551.5;464;-15.49835;9.765629;3;12;EXTRACT;2;
551.7813;465;-40.62854;18.49019;3;12;EXTRACT;1;
551.9844;464;-15.49835;9.765629;3;11;EXTRACT;0;
553.5;464;-15.49835;9.765629;3;10;EXTRACT;2;
553.7969;465;-40.62854;18.49019;3;11;EXTRACT;1;
553.9531;464;-15.49835;9.765629;3;9;EXTRACT;0;
554.5938;435;34.67373;-38.05333;3;16;DISCOVER;3;
555.4688;464;-15.49835;9.765629;3;8;EXTRACT;2;
555.7969;465;-40.62854;18.49019;3;10;EXTRACT;1;
555.9531;464;-15.49835;9.765629;3;7;EXTRACT;0;
557.4688;464;-15.49835;9.765629;3;6;EXTRACT;2;
557.5625;435;34.67373;-38.05333;3;15;EXTRACT;3;
557.7969;465;-40.62854;18.49019;3;9;EXTRACT;1;
557.9531;464;-15.49835;9.765629;3;5;EXTRACT;0;
559.4844;464;-15.49835;9.765629;3;4;EXTRACT;2;
559.5625;435;34.67373;-38.05333;3;14;EXTRACT;3;
559.7969;465;-40.62854;18.49019;3;8;EXTRACT;1;
559.9688;464;-15.49835;9.765629;3;3;EXTRACT;0;
561.4844;464;-15.49835;9.765629;3;2;EXTRACT;2;
561.5625;435;34.67373;-38.05333;3;13;EXTRACT;3;
561.7969;465;-40.62854;18.49019;3;7;EXTRACT;1;
561.9688;464;-15.49835;9.765629;3;1;EXTRACT;0;
563.4844;464;-15.49835;9.765629;3;0;EXTRACT;2;
563.4844;464;-15.49835;9.765629;3;0;DESTROYED;;
563.4844;470;40.78374;15.71419;3;16;CREATED;;
563.5625;435;34.67373;-38.05333;3;12;EXTRACT;3;
563.8125;465;-40.62854;18.49019;3;6;EXTRACT;1;
565.5781;435;34.67373;-38.05333;3;11;EXTRACT;3;
565.8125;465;-40.62854;18.49019;3;5;EXTRACT;1;
567.5313;435;34.67373;-38.05333;3;10;EXTRACT;3;
567.7813;465;-40.62854;18.49019;3;4;EXTRACT;1;
569.5469;435;34.67373;-38.05333;3;9;EXTRACT;3;
569.7813;465;-40.62854;18.49019;3;3;EXTRACT;1;
571.5469;435;34.67373;-38.05333;3;8;EXTRACT;3;
571.7969;465;-40.62854;18.49019;3;2;EXTRACT;1;
573.5469;435;34.67373;-38.05333;3;7;EXTRACT;3;
573.7969;465;-40.62854;18.49019;3;1;EXTRACT;1;
575.5625;435;34.67373;-38.05333;3;6;EXTRACT;3;
575.7969;465;-40.62854;18.49019;3;0;EXTRACT;1;
575.7969;465;-40.62854;18.49019;3;0;DESTROYED;;
575.7969;471;-6.829254;-37.70392;3;16;CREATED;;
577.5625;435;34.67373;-38.05333;3;5;EXTRACT;3;
579.5781;435;34.67373;-38.05333;3;4;EXTRACT;3;
581.5469;435;34.67373;-38.05333;3;3;EXTRACT;3;
583.5469;435;34.67373;-38.05333;3;2;EXTRACT;3;
585.5469;435;34.67373;-38.05333;3;1;EXTRACT;3;
587.5469;435;34.67373;-38.05333;3;0;EXTRACT;3;
587.5156;435;34.67373;-38.05333;3;0;DESTROYED;;
587.5469;472;1.147755;-29.46912;3;16;CREATED;;
604.4844;468;41.5322;-25.64237;3;16;DISCOVER;3;
607.4063;468;41.5322;-25.64237;3;15;EXTRACT;3;
609.4219;468;41.5322;-25.64237;3;14;EXTRACT;3;
610.8125;472;1.147755;-29.46912;3;16;DISCOVER;0;
611.4219;468;41.5322;-25.64237;3;13;EXTRACT;3;
613.4219;468;41.5322;-25.64237;3;12;EXTRACT;3;
613.7969;472;1.147755;-29.46912;3;15;EXTRACT;0;
615.4375;468;41.5322;-25.64237;3;11;EXTRACT;3;
615.7969;472;1.147755;-29.46912;3;14;EXTRACT;0;
617.4375;468;41.5322;-25.64237;3;10;EXTRACT;3;
617.7969;472;1.147755;-29.46912;3;13;EXTRACT;0;
619.4063;468;41.5322;-25.64237;3;9;EXTRACT;3;
619.7656;472;1.147755;-29.46912;3;12;EXTRACT;0;
621.4219;468;41.5322;-25.64237;3;8;EXTRACT;3;
621.7813;472;1.147755;-29.46912;3;11;EXTRACT;0;
623.4219;468;41.5322;-25.64237;3;7;EXTRACT;3;
623.4688;467;8.768448;21.17711;3;16;DISCOVER;1;
623.7813;472;1.147755;-29.46912;3;10;EXTRACT;0;
625.4219;468;41.5322;-25.64237;3;6;EXTRACT;3;
625.7813;472;1.147755;-29.46912;3;9;EXTRACT;0;
626.2344;467;8.768448;21.17711;3;15;EXTRACT;1;
627.4375;468;41.5322;-25.64237;3;5;EXTRACT;3;
627.7969;472;1.147755;-29.46912;3;8;EXTRACT;0;
628.2344;467;8.768448;21.17711;3;14;EXTRACT;1;
629.4375;468;41.5322;-25.64237;3;4;EXTRACT;3;
629.7969;472;1.147755;-29.46912;3;7;EXTRACT;0;
630.2031;467;8.768448;21.17711;3;13;EXTRACT;1;
631.4375;468;41.5322;-25.64237;3;3;EXTRACT;3;
631.7969;472;1.147755;-29.46912;3;6;EXTRACT;0;
632.2031;467;8.768448;21.17711;3;12;EXTRACT;1;
633.4063;468;41.5322;-25.64237;3;2;EXTRACT;3;
633.7344;468;41.5322;-25.64237;3;2;DISCOVER;2;
633.7656;472;1.147755;-29.46912;3;5;EXTRACT;0;
634.2031;467;8.768448;21.17711;3;11;EXTRACT;1;
635.4063;468;41.5322;-25.64237;3;1;EXTRACT;3;
635.7656;472;1.147755;-29.46912;3;4;EXTRACT;0;
636.2188;467;8.768448;21.17711;3;10;EXTRACT;1;
636.6094;468;41.5322;-25.64237;3;0;EXTRACT;2;
636.5938;468;41.5322;-25.64237;3;0;DESTROYED;;
636.6094;473;-28.14999;33.34087;3;16;CREATED;;
637.7656;472;1.147755;-29.46912;3;3;EXTRACT;0;
638.2188;467;8.768448;21.17711;3;9;EXTRACT;1;
639.7813;472;1.147755;-29.46912;3;2;EXTRACT;0;
640.2188;467;8.768448;21.17711;3;8;EXTRACT;1;
641.7813;472;1.147755;-29.46912;3;1;EXTRACT;0;
642.2188;467;8.768448;21.17711;3;7;EXTRACT;1;
643.7813;472;1.147755;-29.46912;3;0;EXTRACT;0;
643.75;472;1.147755;-29.46912;3;0;DESTROYED;;
643.7813;474;-5.584064;37.47164;3;16;CREATED;;
644.2344;467;8.768448;21.17711;3;6;EXTRACT;1;
646.2031;467;8.768448;21.17711;3;5;EXTRACT;1;
648.2031;467;8.768448;21.17711;3;4;EXTRACT;1;
650.2188;467;8.768448;21.17711;3;3;EXTRACT;1;
652.2188;467;8.768448;21.17711;3;2;EXTRACT;1;
654.2344;467;8.768448;21.17711;3;1;EXTRACT;1;
656.2031;467;8.768448;21.17711;3;0;EXTRACT;1;
656.2031;467;8.768448;21.17711;3;0;DESTROYED;;
656.2031;475;9.979259;16.66203;3;16;CREATED;;
662.75;447;20.02495;-10.03988;3;16;DISCOVER;0;
662.9063;470;40.78374;15.71419;3;16;DISCOVER;2;
665.7188;447;20.02495;-10.03988;3;15;EXTRACT;0;
667.2031;470;40.78374;15.71419;3;15;EXTRACT;2;
667.7344;447;20.02495;-10.03988;3;14;EXTRACT;0;
669.0469;475;9.979259;16.66203;3;16;DISCOVER;3;
669.2188;470;40.78374;15.71419;3;14;EXTRACT;2;
669.7344;447;20.02495;-10.03988;3;13;EXTRACT;0;
671.1719;470;40.78374;15.71419;3;13;EXTRACT;2;
671.7344;447;20.02495;-10.03988;3;12;EXTRACT;0;
672.0156;475;9.979259;16.66203;3;15;EXTRACT;3;
673.1875;470;40.78374;15.71419;3;12;EXTRACT;2;
673.7031;447;20.02495;-10.03988;3;11;EXTRACT;0;
674.0313;475;9.979259;16.66203;3;14;EXTRACT;3;
675.1875;470;40.78374;15.71419;3;11;EXTRACT;2;
675.75;447;20.02495;-10.03988;3;10;EXTRACT;0;
676;475;9.979259;16.66203;3;13;EXTRACT;3;
677.2031;470;40.78374;15.71419;3;10;EXTRACT;2;
677.7188;447;20.02495;-10.03988;3;9;EXTRACT;0;
678;475;9.979259;16.66203;3;12;EXTRACT;3;
678.7656;470;40.78374;15.71419;3;10;DISCOVER;1;
679.2031;470;40.78374;15.71419;3;9;EXTRACT;2;
679.7188;447;20.02495;-10.03988;3;8;EXTRACT;0;
680;475;9.979259;16.66203;3;11;EXTRACT;3;
681.2031;470;40.78374;15.71419;3;8;EXTRACT;2;
681.5313;470;40.78374;15.71419;3;7;EXTRACT;1;
681.7344;447;20.02495;-10.03988;3;7;EXTRACT;0;
682.0156;475;9.979259;16.66203;3;10;EXTRACT;3;
683.2188;470;40.78374;15.71419;3;6;EXTRACT;2;
683.5313;470;40.78374;15.71419;3;5;EXTRACT;1;
683.7344;447;20.02495;-10.03988;3;6;EXTRACT;0;
684.0156;475;9.979259;16.66203;3;9;EXTRACT;3;
685.2188;470;40.78374;15.71419;3;4;EXTRACT;2;
685.5313;470;40.78374;15.71419;3;3;EXTRACT;1;
685.7344;447;20.02495;-10.03988;3;5;EXTRACT;0;
686.0156;475;9.979259;16.66203;3;8;EXTRACT;3;
687.1719;470;40.78374;15.71419;3;2;EXTRACT;2;
687.5469;470;40.78374;15.71419;3;1;EXTRACT;1;
687.7344;447;20.02495;-10.03988;3;4;EXTRACT;0;
688.0156;475;9.979259;16.66203;3;7;EXTRACT;3;
689.1875;470;40.78374;15.71419;3;0;EXTRACT;2;
689.1563;470;40.78374;15.71419;3;0;DESTROYED;;
689.1875;476;-30.73582;-10.75443;3;16;CREATED;;
689.75;447;20.02495;-10.03988;3;3;EXTRACT;0;
690.0313;475;9.979259;16.66203;3;6;EXTRACT;3;
691.75;447;20.02495;-10.03988;3;2;EXTRACT;0;
691.9844;475;9.979259;16.66203;3;5;EXTRACT;3;
693.75;447;20.02495;-10.03988;3;1;EXTRACT;0;
694;475;9.979259;16.66203;3;4;EXTRACT;3;
695.4063;466;44.24828;26.47585;3;16;DISCOVER;1;
695.7188;447;20.02495;-10.03988;3;0;EXTRACT;0;
695.7188;447;20.02495;-10.03988;3;0;DESTROYED;;
695.7188;477;-1.483673;12.80722;3;16;CREATED;;
696;475;9.979259;16.66203;3;3;EXTRACT;3;
698.0156;475;9.979259;16.66203;3;2;EXTRACT;3;
698.0156;466;44.24828;26.47585;3;15;EXTRACT;1;
700.0156;475;9.979259;16.66203;3;1;EXTRACT;3;
700.0156;466;44.24828;26.47585;3;14;EXTRACT;1;
702.0313;475;9.979259;16.66203;3;0;EXTRACT;3;
702.0313;466;44.24828;26.47585;3;13;EXTRACT;1;
702;475;9.979259;16.66203;3;0;DESTROYED;;
702.0313;478;-7.518482;-10.89837;3;16;CREATED;;
704.0313;466;44.24828;26.47585;3;12;EXTRACT;1;
706.0313;466;44.24828;26.47585;3;11;EXTRACT;1;
708.0469;466;44.24828;26.47585;3;10;EXTRACT;1;
710.0469;466;44.24828;26.47585;3;9;EXTRACT;1;
712.0469;466;44.24828;26.47585;3;8;EXTRACT;1;
712.0469;462;31.59824;26.52636;3;16;DISCOVER;2;
714.0156;466;44.24828;26.47585;3;7;EXTRACT;1;
715.0938;462;31.59824;26.52636;3;15;EXTRACT;2;
716.0313;466;44.24828;26.47585;3;6;EXTRACT;1;
717.1094;462;31.59824;26.52636;3;14;EXTRACT;2;
718.0313;466;44.24828;26.47585;3;5;EXTRACT;1;
719.1094;462;31.59824;26.52636;3;13;EXTRACT;2;
720.0313;466;44.24828;26.47585;3;4;EXTRACT;1;
