Time;PatchID;PositionX;PositionZ;Radius;CoinAmount;PatchEvent;TriggerPlayer;
0;34;-8.56403;-28.57643;3;16;CREATED;;
0;35;-38.34507;30.26517;3;16;CREATED;;
0;36;-14.0537;27.53413;3;16;CREATED;;
0;37;25.73729;-19.6474;3;16;CREATED;;
0;38;-22.42333;28.45229;3;16;CREATED;;
0;39;-33.34154;44.34969;3;16;CREATED;;
0;40;-12.16834;41.71593;3;16;CREATED;;
0;41;3.028736;30.87549;3;16;CREATED;;
0;42;-20.87313;-3.747738;3;16;CREATED;;
0;43;-5.552917;-22.79694;3;16;CREATED;;
0;44;-22.57799;17.48292;3;16;CREATED;;
0;45;-10.00106;-37.38108;3;16;CREATED;;
0;46;-32.7337;-19.55155;3;16;CREATED;;
0;47;33.15516;27.05585;3;16;CREATED;;
0;48;24.48908;25.51633;3;16;CREATED;;
31.43994;47;33.15516;27.05585;3;16;DISCOVER;0;
35.26245;47;33.15516;27.05585;3;15;EXTRACT;0;
37.26257;47;33.15516;27.05585;3;14;EXTRACT;0;
39.26257;47;33.15516;27.05585;3;13;EXTRACT;0;
41.2627;47;33.15516;27.05585;3;12;EXTRACT;0;
43.2627;47;33.15516;27.05585;3;11;EXTRACT;0;
45.26282;47;33.15516;27.05585;3;10;EXTRACT;0;
47.26282;47;33.15516;27.05585;3;9;EXTRACT;0;
49.26294;47;33.15516;27.05585;3;8;EXTRACT;0;
51.26306;47;33.15516;27.05585;3;7;EXTRACT;0;
53.26306;47;33.15516;27.05585;3;6;EXTRACT;0;
55.26306;47;33.15516;27.05585;3;5;EXTRACT;0;
57.26318;47;33.15516;27.05585;3;4;EXTRACT;0;
59.26331;47;33.15516;27.05585;3;3;EXTRACT;0;
61.26331;47;33.15516;27.05585;3;2;EXTRACT;0;
63.26343;47;33.15516;27.05585;3;1;EXTRACT;0;
65.26343;47;33.15516;27.05585;3;0;EXTRACT;0;
65.26343;47;33.15516;27.05585;3;0;DESTROYED;;
65.29675;49;-41.56435;-6.77948;3;16;CREATED;;
71;48;24.48908;25.51633;3;16;DISCOVER;0;
74.68042;48;24.48908;25.51633;3;15;EXTRACT;0;
76.68054;48;24.48908;25.51633;3;14;EXTRACT;0;
78.68054;48;24.48908;25.51633;3;13;EXTRACT;0;
80.68066;48;24.48908;25.51633;3;12;EXTRACT;0;
82.68066;48;24.48908;25.51633;3;11;EXTRACT;0;
84.68079;48;24.48908;25.51633;3;10;EXTRACT;0;
86.68079;48;24.48908;25.51633;3;9;EXTRACT;0;
88.68091;48;24.48908;25.51633;3;8;EXTRACT;0;
90.68091;48;24.48908;25.51633;3;7;EXTRACT;0;
92.68103;48;24.48908;25.51633;3;6;EXTRACT;0;
94.68103;48;24.48908;25.51633;3;5;EXTRACT;0;
96.68115;48;24.48908;25.51633;3;4;EXTRACT;0;
98.68115;48;24.48908;25.51633;3;3;EXTRACT;0;
100.6813;48;24.48908;25.51633;3;2;EXTRACT;0;
102.6813;48;24.48908;25.51633;3;1;EXTRACT;0;
104.6814;48;24.48908;25.51633;3;0;EXTRACT;0;
104.6814;48;24.48908;25.51633;3;0;DESTROYED;;
104.6981;50;12.17847;34.34278;3;16;CREATED;;
127.6;36;-14.0537;27.53413;3;16;DISCOVER;0;
131.4323;36;-14.0537;27.53413;3;15;EXTRACT;0;
133.4324;36;-14.0537;27.53413;3;14;EXTRACT;0;
135.4324;36;-14.0537;27.53413;3;13;EXTRACT;0;
137.4325;36;-14.0537;27.53413;3;12;EXTRACT;0;
139.4325;36;-14.0537;27.53413;3;11;EXTRACT;0;
141.4325;36;-14.0537;27.53413;3;10;EXTRACT;0;
143.4326;36;-14.0537;27.53413;3;9;EXTRACT;0;
145.4327;36;-14.0537;27.53413;3;8;EXTRACT;0;
147.4327;36;-14.0537;27.53413;3;7;EXTRACT;0;
149.4329;36;-14.0537;27.53413;3;6;EXTRACT;0;
151.433;36;-14.0537;27.53413;3;5;EXTRACT;0;
153.433;36;-14.0537;27.53413;3;4;EXTRACT;0;
155.433;36;-14.0537;27.53413;3;3;EXTRACT;0;
157.4331;36;-14.0537;27.53413;3;2;EXTRACT;0;
159.4331;36;-14.0537;27.53413;3;1;EXTRACT;0;
161.4332;36;-14.0537;27.53413;3;0;EXTRACT;0;
161.4332;36;-14.0537;27.53413;3;0;DESTROYED;;
161.45;51;39.99502;-0.6211739;3;16;CREATED;;
168.4399;38;-22.42333;28.45229;3;16;DISCOVER;0;
171.9669;38;-22.42333;28.45229;3;15;EXTRACT;0;
173.9836;38;-22.42333;28.45229;3;14;EXTRACT;0;
175.9838;38;-22.42333;28.45229;3;13;EXTRACT;0;
177.9838;38;-22.42333;28.45229;3;12;EXTRACT;0;
179.9839;38;-22.42333;28.45229;3;11;EXTRACT;0;
181.9839;38;-22.42333;28.45229;3;10;EXTRACT;0;
183.984;38;-22.42333;28.45229;3;9;EXTRACT;0;
185.984;38;-22.42333;28.45229;3;8;EXTRACT;0;
187.9841;38;-22.42333;28.45229;3;7;EXTRACT;0;
190.0007;38;-22.42333;28.45229;3;6;EXTRACT;0;
192.001;38;-22.42333;28.45229;3;5;EXTRACT;0;
194.001;38;-22.42333;28.45229;3;4;EXTRACT;0;
196.001;38;-22.42333;28.45229;3;3;EXTRACT;0;
198.0011;38;-22.42333;28.45229;3;2;EXTRACT;0;
200.0011;38;-22.42333;28.45229;3;1;EXTRACT;0;
202.0012;38;-22.42333;28.45229;3;0;EXTRACT;0;
202.0012;38;-22.42333;28.45229;3;0;DESTROYED;;
202.0178;52;20.21422;20.90118;3;16;CREATED;;
225.84;44;-22.57799;17.48292;3;16;DISCOVER;0;
229.5021;44;-22.57799;17.48292;3;15;EXTRACT;0;
231.5022;44;-22.57799;17.48292;3;14;EXTRACT;0;
233.5022;44;-22.57799;17.48292;3;13;EXTRACT;0;
235.5023;44;-22.57799;17.48292;3;12;EXTRACT;0;
237.519;44;-22.57799;17.48292;3;11;EXTRACT;0;
239.519;44;-22.57799;17.48292;3;10;EXTRACT;0;
241.5192;44;-22.57799;17.48292;3;9;EXTRACT;0;
243.5192;44;-22.57799;17.48292;3;8;EXTRACT;0;
245.5193;44;-22.57799;17.48292;3;7;EXTRACT;0;
247.5193;44;-22.57799;17.48292;3;6;EXTRACT;0;
249.5194;44;-22.57799;17.48292;3;5;EXTRACT;0;
251.5195;44;-22.57799;17.48292;3;4;EXTRACT;0;
253.5195;44;-22.57799;17.48292;3;3;EXTRACT;0;
255.5197;44;-22.57799;17.48292;3;2;EXTRACT;0;
257.5197;44;-22.57799;17.48292;3;1;EXTRACT;0;
259.5198;44;-22.57799;17.48292;3;0;EXTRACT;0;
259.5198;44;-22.57799;17.48292;3;0;DESTROYED;;
259.5364;53;-23.44035;-14.19654;3;16;CREATED;;
353.2;42;-20.87313;-3.747738;3;16;DISCOVER;0;
356.8063;42;-20.87313;-3.747738;3;15;EXTRACT;0;
358.8063;42;-20.87313;-3.747738;3;14;EXTRACT;0;
360.8063;42;-20.87313;-3.747738;3;13;EXTRACT;0;
362.8064;42;-20.87313;-3.747738;3;12;EXTRACT;0;
364.8065;42;-20.87313;-3.747738;3;11;EXTRACT;0;
366.8065;42;-20.87313;-3.747738;3;10;EXTRACT;0;
368.8066;42;-20.87313;-3.747738;3;9;EXTRACT;0;
370.8066;42;-20.87313;-3.747738;3;8;EXTRACT;0;
372.8068;42;-20.87313;-3.747738;3;7;EXTRACT;0;
374.8068;42;-20.87313;-3.747738;3;6;EXTRACT;0;
376.8069;42;-20.87313;-3.747738;3;5;EXTRACT;0;
378.8069;42;-20.87313;-3.747738;3;4;EXTRACT;0;
380.807;42;-20.87313;-3.747738;3;3;EXTRACT;0;
382.8071;42;-20.87313;-3.747738;3;2;EXTRACT;0;
384.8071;42;-20.87313;-3.747738;3;1;EXTRACT;0;
386.8071;42;-20.87313;-3.747738;3;0;EXTRACT;0;
386.8071;42;-20.87313;-3.747738;3;0;DESTROYED;;
386.8572;54;32.84482;-24.37821;3;16;CREATED;;
471.76;53;-23.44035;-14.19654;3;16;DISCOVER;0;
475.4934;53;-23.44035;-14.19654;3;15;EXTRACT;0;
477.4934;53;-23.44035;-14.19654;3;14;EXTRACT;0;
479.4935;53;-23.44035;-14.19654;3;13;EXTRACT;0;
481.4935;53;-23.44035;-14.19654;3;12;EXTRACT;0;
483.4937;53;-23.44035;-14.19654;3;11;EXTRACT;0;
485.4937;53;-23.44035;-14.19654;3;10;EXTRACT;0;
487.4938;53;-23.44035;-14.19654;3;9;EXTRACT;0;
489.4939;53;-23.44035;-14.19654;3;8;EXTRACT;0;
491.4939;53;-23.44035;-14.19654;3;7;EXTRACT;0;
493.494;53;-23.44035;-14.19654;3;6;EXTRACT;0;
495.494;53;-23.44035;-14.19654;3;5;EXTRACT;0;
497.4941;53;-23.44035;-14.19654;3;4;EXTRACT;0;
499.4941;53;-23.44035;-14.19654;3;3;EXTRACT;0;
501.4943;53;-23.44035;-14.19654;3;2;EXTRACT;0;
503.4943;53;-23.44035;-14.19654;3;1;EXTRACT;0;
505.4943;53;-23.44035;-14.19654;3;0;EXTRACT;0;
505.4943;53;-23.44035;-14.19654;3;0;DESTROYED;;
505.5276;55;25.84182;-30.7102;3;16;CREATED;;
547.9199;37;25.73729;-19.6474;3;16;DISCOVER;0;
551.4958;37;25.73729;-19.6474;3;15;EXTRACT;0;
553.4958;37;25.73729;-19.6474;3;14;EXTRACT;0;
555.496;37;25.73729;-19.6474;3;13;EXTRACT;0;
557.496;37;25.73729;-19.6474;3;12;EXTRACT;0;
559.4961;37;25.73729;-19.6474;3;11;EXTRACT;0;
561.4962;37;25.73729;-19.6474;3;10;EXTRACT;0;
563.4962;37;25.73729;-19.6474;3;9;EXTRACT;0;
565.4962;37;25.73729;-19.6474;3;8;EXTRACT;0;
567.4963;37;25.73729;-19.6474;3;7;EXTRACT;0;
569.4965;37;25.73729;-19.6474;3;6;EXTRACT;0;
571.4965;37;25.73729;-19.6474;3;5;EXTRACT;0;
573.4965;37;25.73729;-19.6474;3;4;EXTRACT;0;
575.4966;37;25.73729;-19.6474;3;3;EXTRACT;0;
577.4967;37;25.73729;-19.6474;3;2;EXTRACT;0;
579.4967;37;25.73729;-19.6474;3;1;EXTRACT;0;
581.4968;37;25.73729;-19.6474;3;0;EXTRACT;0;
581.4968;37;25.73729;-19.6474;3;0;DESTROYED;;
581.5302;56;-29.43207;-3.905365;3;16;CREATED;;
600.48;43;-5.552917;-22.79694;3;16;DISCOVER;0;
604.7976;43;-5.552917;-22.79694;3;15;EXTRACT;0;
606.7976;43;-5.552917;-22.79694;3;14;EXTRACT;0;
608.7976;43;-5.552917;-22.79694;3;13;EXTRACT;0;
610.7977;43;-5.552917;-22.79694;3;12;EXTRACT;0;
612.7977;43;-5.552917;-22.79694;3;11;EXTRACT;0;
614.7979;43;-5.552917;-22.79694;3;10;EXTRACT;0;
616.7979;43;-5.552917;-22.79694;3;9;EXTRACT;0;
618.798;43;-5.552917;-22.79694;3;8;EXTRACT;0;
620.7981;43;-5.552917;-22.79694;3;7;EXTRACT;0;
622.7981;43;-5.552917;-22.79694;3;6;EXTRACT;0;
624.7982;43;-5.552917;-22.79694;3;5;EXTRACT;0;
626.7983;43;-5.552917;-22.79694;3;4;EXTRACT;0;
628.7983;43;-5.552917;-22.79694;3;3;EXTRACT;0;
630.7983;43;-5.552917;-22.79694;3;2;EXTRACT;0;
632.7985;43;-5.552917;-22.79694;3;1;EXTRACT;0;
634.7986;43;-5.552917;-22.79694;3;0;EXTRACT;0;
634.7986;43;-5.552917;-22.79694;3;0;DESTROYED;;
634.8152;57;-28.61656;-34.22255;3;16;CREATED;;
671.76;45;-10.00106;-37.38108;3;16;DISCOVER;0;
675.4165;45;-10.00106;-37.38108;3;15;EXTRACT;0;
677.4165;45;-10.00106;-37.38108;3;14;EXTRACT;0;
679.4166;45;-10.00106;-37.38108;3;13;EXTRACT;0;
681.4167;45;-10.00106;-37.38108;3;12;EXTRACT;0;
683.4167;45;-10.00106;-37.38108;3;11;EXTRACT;0;
685.4169;45;-10.00106;-37.38108;3;10;EXTRACT;0;
687.4169;45;-10.00106;-37.38108;3;9;EXTRACT;0;
689.417;45;-10.00106;-37.38108;3;8;EXTRACT;0;
691.417;45;-10.00106;-37.38108;3;7;EXTRACT;0;
693.4171;45;-10.00106;-37.38108;3;6;EXTRACT;0;
695.4171;45;-10.00106;-37.38108;3;5;EXTRACT;0;
697.4172;45;-10.00106;-37.38108;3;4;EXTRACT;0;
699.4174;45;-10.00106;-37.38108;3;3;EXTRACT;0;
701.4174;45;-10.00106;-37.38108;3;2;EXTRACT;0;
703.4175;45;-10.00106;-37.38108;3;1;EXTRACT;0;
705.4175;45;-10.00106;-37.38108;3;0;EXTRACT;0;
705.4175;45;-10.00106;-37.38108;3;0;DESTROYED;;
705.4508;58;44.53873;43.06863;3;16;CREATED;;
