Time;PatchID;PositionX;PositionZ;Radius;CoinAmount;PatchEvent;TriggerPlayer;
0;79;12.80531;7.674759;3;48;CREATED;;
0;80;-14.34033;-26.71953;3;48;CREATED;;
0;81;-29.49037;-42.02425;3;48;CREATED;;
0;82;-3.639549;-6.007328;3;48;CREATED;;
0;83;14.82183;33.00182;3;48;CREATED;;
14.6001;81;-29.49037;-42.02425;3;48;DISCOVER;0;
17.97827;81;-29.49037;-42.02425;3;47;EXTRACT;0;
19.97852;81;-29.49037;-42.02425;3;46;EXTRACT;0;
21.97852;81;-29.49037;-42.02425;3;45;EXTRACT;0;
23.97852;81;-29.49037;-42.02425;3;44;EXTRACT;0;
25.97876;81;-29.49037;-42.02425;3;43;EXTRACT;0;
27.97876;81;-29.49037;-42.02425;3;42;EXTRACT;0;
29.97876;81;-29.49037;-42.02425;3;41;EXTRACT;0;
31.97876;81;-29.49037;-42.02425;3;40;EXTRACT;0;
33.979;81;-29.49037;-42.02425;3;39;EXTRACT;0;
35.979;81;-29.49037;-42.02425;3;38;EXTRACT;0;
37.979;81;-29.49037;-42.02425;3;37;EXTRACT;0;
39.979;81;-29.49037;-42.02425;3;36;EXTRACT;0;
41.97925;81;-29.49037;-42.02425;3;35;EXTRACT;0;
43.97925;81;-29.49037;-42.02425;3;34;EXTRACT;0;
45.97925;81;-29.49037;-42.02425;3;33;EXTRACT;0;
47.97925;81;-29.49037;-42.02425;3;32;EXTRACT;0;
49.97949;81;-29.49037;-42.02425;3;31;EXTRACT;0;
51.97949;81;-29.49037;-42.02425;3;30;EXTRACT;0;
53.97949;81;-29.49037;-42.02425;3;29;EXTRACT;0;
55.97949;81;-29.49037;-42.02425;3;28;EXTRACT;0;
57.97974;81;-29.49037;-42.02425;3;27;EXTRACT;0;
59.97974;81;-29.49037;-42.02425;3;26;EXTRACT;0;
61.97974;81;-29.49037;-42.02425;3;25;EXTRACT;0;
63.97998;81;-29.49037;-42.02425;3;24;EXTRACT;0;
65.97998;81;-29.49037;-42.02425;3;23;EXTRACT;0;
67.97998;81;-29.49037;-42.02425;3;22;EXTRACT;0;
69.97998;81;-29.49037;-42.02425;3;21;EXTRACT;0;
71.98022;81;-29.49037;-42.02425;3;20;EXTRACT;0;
73.98022;81;-29.49037;-42.02425;3;19;EXTRACT;0;
75.98022;81;-29.49037;-42.02425;3;18;EXTRACT;0;
77.98047;81;-29.49037;-42.02425;3;17;EXTRACT;0;
79.98047;81;-29.49037;-42.02425;3;16;EXTRACT;0;
81.98047;81;-29.49037;-42.02425;3;15;EXTRACT;0;
83.98047;81;-29.49037;-42.02425;3;14;EXTRACT;0;
85.98071;81;-29.49037;-42.02425;3;13;EXTRACT;0;
87.98071;81;-29.49037;-42.02425;3;12;EXTRACT;0;
89.98071;81;-29.49037;-42.02425;3;11;EXTRACT;0;
91.98071;81;-29.49037;-42.02425;3;10;EXTRACT;0;
93.98096;81;-29.49037;-42.02425;3;9;EXTRACT;0;
95.98096;81;-29.49037;-42.02425;3;8;EXTRACT;0;
97.98096;81;-29.49037;-42.02425;3;7;EXTRACT;0;
99.98096;81;-29.49037;-42.02425;3;6;EXTRACT;0;
101.9812;81;-29.49037;-42.02425;3;5;EXTRACT;0;
103.9812;81;-29.49037;-42.02425;3;4;EXTRACT;0;
105.9812;81;-29.49037;-42.02425;3;3;EXTRACT;0;
107.9814;81;-29.49037;-42.02425;3;2;EXTRACT;0;
109.9814;81;-29.49037;-42.02425;3;1;EXTRACT;0;
111.9814;81;-29.49037;-42.02425;3;0;EXTRACT;0;
111.9814;81;-29.49037;-42.02425;3;0;DESTROYED;;
111.998;84;-36.37898;22.26735;3;48;CREATED;;
212.4399;80;-14.34033;-26.71953;3;48;DISCOVER;0;
215.5684;80;-14.34033;-26.71953;3;47;EXTRACT;0;
217.5684;80;-14.34033;-26.71953;3;46;EXTRACT;0;
219.5684;80;-14.34033;-26.71953;3;45;EXTRACT;0;
221.5684;80;-14.34033;-26.71953;3;44;EXTRACT;0;
223.5686;80;-14.34033;-26.71953;3;43;EXTRACT;0;
225.5686;80;-14.34033;-26.71953;3;42;EXTRACT;0;
227.5686;80;-14.34033;-26.71953;3;41;EXTRACT;0;
229.5688;80;-14.34033;-26.71953;3;40;EXTRACT;0;
231.5688;80;-14.34033;-26.71953;3;39;EXTRACT;0;
233.5688;80;-14.34033;-26.71953;3;38;EXTRACT;0;
235.5688;80;-14.34033;-26.71953;3;37;EXTRACT;0;
237.5691;80;-14.34033;-26.71953;3;36;EXTRACT;0;
239.5691;80;-14.34033;-26.71953;3;35;EXTRACT;0;
241.5691;80;-14.34033;-26.71953;3;34;EXTRACT;0;
243.5691;80;-14.34033;-26.71953;3;33;EXTRACT;0;
245.5693;80;-14.34033;-26.71953;3;32;EXTRACT;0;
247.5693;80;-14.34033;-26.71953;3;31;EXTRACT;0;
249.5693;80;-14.34033;-26.71953;3;30;EXTRACT;0;
251.5696;80;-14.34033;-26.71953;3;29;EXTRACT;0;
253.5696;80;-14.34033;-26.71953;3;28;EXTRACT;0;
255.5696;80;-14.34033;-26.71953;3;27;EXTRACT;0;
257.5696;80;-14.34033;-26.71953;3;26;EXTRACT;0;
259.5698;80;-14.34033;-26.71953;3;25;EXTRACT;0;
261.5698;80;-14.34033;-26.71953;3;24;EXTRACT;0;
263.5698;80;-14.34033;-26.71953;3;23;EXTRACT;0;
265.5701;80;-14.34033;-26.71953;3;22;EXTRACT;0;
267.5701;80;-14.34033;-26.71953;3;21;EXTRACT;0;
269.5701;80;-14.34033;-26.71953;3;20;EXTRACT;0;
271.5701;80;-14.34033;-26.71953;3;19;EXTRACT;0;
273.5703;80;-14.34033;-26.71953;3;18;EXTRACT;0;
275.5703;80;-14.34033;-26.71953;3;17;EXTRACT;0;
277.5703;80;-14.34033;-26.71953;3;16;EXTRACT;0;
279.5703;80;-14.34033;-26.71953;3;15;EXTRACT;0;
281.5706;80;-14.34033;-26.71953;3;14;EXTRACT;0;
283.5706;80;-14.34033;-26.71953;3;13;EXTRACT;0;
285.5706;80;-14.34033;-26.71953;3;12;EXTRACT;0;
287.5706;80;-14.34033;-26.71953;3;11;EXTRACT;0;
289.5708;80;-14.34033;-26.71953;3;10;EXTRACT;0;
291.5708;80;-14.34033;-26.71953;3;9;EXTRACT;0;
293.5708;80;-14.34033;-26.71953;3;8;EXTRACT;0;
295.571;80;-14.34033;-26.71953;3;7;EXTRACT;0;
297.571;80;-14.34033;-26.71953;3;6;EXTRACT;0;
299.571;80;-14.34033;-26.71953;3;5;EXTRACT;0;
301.571;80;-14.34033;-26.71953;3;4;EXTRACT;0;
303.5713;80;-14.34033;-26.71953;3;3;EXTRACT;0;
305.5713;80;-14.34033;-26.71953;3;2;EXTRACT;0;
307.5713;80;-14.34033;-26.71953;3;1;EXTRACT;0;
309.5713;80;-14.34033;-26.71953;3;0;EXTRACT;0;
309.5713;80;-14.34033;-26.71953;3;0;DESTROYED;;
309.6047;85;-42.85787;3.230801;3;48;CREATED;;
415.76;82;-3.639549;-6.007328;3;48;DISCOVER;0;
419.4084;82;-3.639549;-6.007328;3;47;EXTRACT;0;
421.4084;82;-3.639549;-6.007328;3;46;EXTRACT;0;
423.4084;82;-3.639549;-6.007328;3;45;EXTRACT;0;
425.4084;82;-3.639549;-6.007328;3;44;EXTRACT;0;
427.4087;82;-3.639549;-6.007328;3;43;EXTRACT;0;
429.4087;82;-3.639549;-6.007328;3;42;EXTRACT;0;
431.4087;82;-3.639549;-6.007328;3;41;EXTRACT;0;
433.4089;82;-3.639549;-6.007328;3;40;EXTRACT;0;
435.4089;82;-3.639549;-6.007328;3;39;EXTRACT;0;
437.4089;82;-3.639549;-6.007328;3;38;EXTRACT;0;
439.4092;82;-3.639549;-6.007328;3;37;EXTRACT;0;
441.4092;82;-3.639549;-6.007328;3;36;EXTRACT;0;
443.4092;82;-3.639549;-6.007328;3;35;EXTRACT;0;
445.4092;82;-3.639549;-6.007328;3;34;EXTRACT;0;
447.4094;82;-3.639549;-6.007328;3;33;EXTRACT;0;
449.4094;82;-3.639549;-6.007328;3;32;EXTRACT;0;
451.4094;82;-3.639549;-6.007328;3;31;EXTRACT;0;
453.4094;82;-3.639549;-6.007328;3;30;EXTRACT;0;
455.4097;82;-3.639549;-6.007328;3;29;EXTRACT;0;
457.4097;82;-3.639549;-6.007328;3;28;EXTRACT;0;
459.4097;82;-3.639549;-6.007328;3;27;EXTRACT;0;
461.4099;82;-3.639549;-6.007328;3;26;EXTRACT;0;
463.4099;82;-3.639549;-6.007328;3;25;EXTRACT;0;
465.4099;82;-3.639549;-6.007328;3;24;EXTRACT;0;
467.4099;82;-3.639549;-6.007328;3;23;EXTRACT;0;
469.4102;82;-3.639549;-6.007328;3;22;EXTRACT;0;
471.4102;82;-3.639549;-6.007328;3;21;EXTRACT;0;
473.4102;82;-3.639549;-6.007328;3;20;EXTRACT;0;
475.4104;82;-3.639549;-6.007328;3;19;EXTRACT;0;
477.4104;82;-3.639549;-6.007328;3;18;EXTRACT;0;
479.4104;82;-3.639549;-6.007328;3;17;EXTRACT;0;
481.4104;82;-3.639549;-6.007328;3;16;EXTRACT;0;
483.4106;82;-3.639549;-6.007328;3;15;EXTRACT;0;
485.4106;82;-3.639549;-6.007328;3;14;EXTRACT;0;
487.4106;82;-3.639549;-6.007328;3;13;EXTRACT;0;
489.4106;82;-3.639549;-6.007328;3;12;EXTRACT;0;
491.4109;82;-3.639549;-6.007328;3;11;EXTRACT;0;
493.4109;82;-3.639549;-6.007328;3;10;EXTRACT;0;
495.4109;82;-3.639549;-6.007328;3;9;EXTRACT;0;
497.4109;82;-3.639549;-6.007328;3;8;EXTRACT;0;
499.4111;82;-3.639549;-6.007328;3;7;EXTRACT;0;
501.4111;82;-3.639549;-6.007328;3;6;EXTRACT;0;
503.4111;82;-3.639549;-6.007328;3;5;EXTRACT;0;
505.4114;82;-3.639549;-6.007328;3;4;EXTRACT;0;
507.4114;82;-3.639549;-6.007328;3;3;EXTRACT;0;
509.4114;82;-3.639549;-6.007328;3;2;EXTRACT;0;
511.4114;82;-3.639549;-6.007328;3;1;EXTRACT;0;
513.4116;82;-3.639549;-6.007328;3;0;EXTRACT;0;
513.4116;82;-3.639549;-6.007328;3;0;DESTROYED;;
513.4448;86;10.8194;-5.189339;3;48;CREATED;;
523;86;10.8194;-5.189339;3;48;DISCOVER;0;
526.1287;86;10.8194;-5.189339;3;47;EXTRACT;0;
528.1287;86;10.8194;-5.189339;3;46;EXTRACT;0;
530.1287;86;10.8194;-5.189339;3;45;EXTRACT;0;
532.1289;86;10.8194;-5.189339;3;44;EXTRACT;0;
534.1289;86;10.8194;-5.189339;3;43;EXTRACT;0;
536.1289;86;10.8194;-5.189339;3;42;EXTRACT;0;
538.1292;86;10.8194;-5.189339;3;41;EXTRACT;0;
540.1292;86;10.8194;-5.189339;3;40;EXTRACT;0;
542.1292;86;10.8194;-5.189339;3;39;EXTRACT;0;
544.1292;86;10.8194;-5.189339;3;38;EXTRACT;0;
546.1292;86;10.8194;-5.189339;3;37;EXTRACT;0;
548.1294;86;10.8194;-5.189339;3;36;EXTRACT;0;
550.1294;86;10.8194;-5.189339;3;35;EXTRACT;0;
552.1294;86;10.8194;-5.189339;3;34;EXTRACT;0;
554.1296;86;10.8194;-5.189339;3;33;EXTRACT;0;
556.1296;86;10.8194;-5.189339;3;32;EXTRACT;0;
558.1296;86;10.8194;-5.189339;3;31;EXTRACT;0;
560.1299;86;10.8194;-5.189339;3;30;EXTRACT;0;
562.1299;86;10.8194;-5.189339;3;29;EXTRACT;0;
564.1299;86;10.8194;-5.189339;3;28;EXTRACT;0;
566.1299;86;10.8194;-5.189339;3;27;EXTRACT;0;
568.1301;86;10.8194;-5.189339;3;26;EXTRACT;0;
570.1301;86;10.8194;-5.189339;3;25;EXTRACT;0;
572.1301;86;10.8194;-5.189339;3;24;EXTRACT;0;
574.1301;86;10.8194;-5.189339;3;23;EXTRACT;0;
576.1304;86;10.8194;-5.189339;3;22;EXTRACT;0;
578.1304;86;10.8194;-5.189339;3;21;EXTRACT;0;
580.1304;86;10.8194;-5.189339;3;20;EXTRACT;0;
582.1306;86;10.8194;-5.189339;3;19;EXTRACT;0;
584.1306;86;10.8194;-5.189339;3;18;EXTRACT;0;
586.1306;86;10.8194;-5.189339;3;17;EXTRACT;0;
588.1306;86;10.8194;-5.189339;3;16;EXTRACT;0;
590.1309;86;10.8194;-5.189339;3;15;EXTRACT;0;
592.1309;86;10.8194;-5.189339;3;14;EXTRACT;0;
594.1309;86;10.8194;-5.189339;3;13;EXTRACT;0;
596.1309;86;10.8194;-5.189339;3;12;EXTRACT;0;
598.1311;86;10.8194;-5.189339;3;11;EXTRACT;0;
600.1311;86;10.8194;-5.189339;3;10;EXTRACT;0;
602.1311;86;10.8194;-5.189339;3;9;EXTRACT;0;
604.1313;86;10.8194;-5.189339;3;8;EXTRACT;0;
606.1313;86;10.8194;-5.189339;3;7;EXTRACT;0;
608.1313;86;10.8194;-5.189339;3;6;EXTRACT;0;
610.1313;86;10.8194;-5.189339;3;5;EXTRACT;0;
612.1316;86;10.8194;-5.189339;3;4;EXTRACT;0;
614.1316;86;10.8194;-5.189339;3;3;EXTRACT;0;
616.1316;86;10.8194;-5.189339;3;2;EXTRACT;0;
618.1316;86;10.8194;-5.189339;3;1;EXTRACT;0;
620.1318;86;10.8194;-5.189339;3;0;EXTRACT;0;
620.1318;86;10.8194;-5.189339;3;0;DESTROYED;;
620.1484;87;-42.86422;41.59543;3;48;CREATED;;
685.1599;85;-42.85787;3.230801;3;48;DISCOVER;0;
688.2842;85;-42.85787;3.230801;3;47;EXTRACT;0;
690.2842;85;-42.85787;3.230801;3;46;EXTRACT;0;
692.2842;85;-42.85787;3.230801;3;45;EXTRACT;0;
694.2842;85;-42.85787;3.230801;3;44;EXTRACT;0;
696.2844;85;-42.85787;3.230801;3;43;EXTRACT;0;
698.2844;85;-42.85787;3.230801;3;42;EXTRACT;0;
700.2844;85;-42.85787;3.230801;3;41;EXTRACT;0;
702.2844;85;-42.85787;3.230801;3;40;EXTRACT;0;
704.2847;85;-42.85787;3.230801;3;39;EXTRACT;0;
706.2847;85;-42.85787;3.230801;3;38;EXTRACT;0;
708.2847;85;-42.85787;3.230801;3;37;EXTRACT;0;
710.2847;85;-42.85787;3.230801;3;36;EXTRACT;0;
712.2849;85;-42.85787;3.230801;3;35;EXTRACT;0;
714.2849;85;-42.85787;3.230801;3;34;EXTRACT;0;
716.2849;85;-42.85787;3.230801;3;33;EXTRACT;0;
718.2849;85;-42.85787;3.230801;3;32;EXTRACT;0;
