Time;PatchID;PositionX;PositionZ;Radius;CoinAmount;PatchEvent;TriggerPlayer;
0;0;-37.69809;29.74358;3;16;CREATED;;
0;1;-34.97119;-41.77599;3;16;CREATED;;
0;2;-6.505566;39.37942;3;16;CREATED;;
0;3;5.882992;-6.446503;3;16;CREATED;;
0;4;-32.29326;-8.309929;3;16;CREATED;;
0;5;27.2012;-20.8765;3;16;CREATED;;
0;6;-4.692734;-39.92717;3;16;CREATED;;
0;7;-42.02899;-8.117947;3;16;CREATED;;
0;8;-1.141972;-13.45139;3;16;CREATED;;
0;9;4.971886;-25.55161;3;16;CREATED;;
0;10;-29.03109;9.031979;3;16;CREATED;;
0;11;25.05818;29.06719;3;16;CREATED;;
0;12;-6.936359;-1.078812;3;16;CREATED;;
0;13;13.25473;43.11181;3;16;CREATED;;
0;14;36.31761;2.760834;3;16;CREATED;;
36.76001;7;-42.02899;-8.117947;3;16;DISCOVER;0;
40.60834;7;-42.02899;-8.117947;3;15;EXTRACT;0;
42.6084;7;-42.02899;-8.117947;3;14;EXTRACT;0;
44.60849;7;-42.02899;-8.117947;3;13;EXTRACT;0;
46.60855;7;-42.02899;-8.117947;3;12;EXTRACT;0;
48.60863;7;-42.02899;-8.117947;3;11;EXTRACT;0;
50.60867;7;-42.02899;-8.117947;3;10;EXTRACT;0;
52.60872;7;-42.02899;-8.117947;3;9;EXTRACT;0;
54.60881;7;-42.02899;-8.117947;3;8;EXTRACT;0;
56.60889;7;-42.02899;-8.117947;3;7;EXTRACT;0;
58.60895;7;-42.02899;-8.117947;3;6;EXTRACT;0;
60.60902;7;-42.02899;-8.117947;3;5;EXTRACT;0;
62.60907;7;-42.02899;-8.117947;3;4;EXTRACT;0;
64.60916;7;-42.02899;-8.117947;3;3;EXTRACT;0;
66.60916;7;-42.02899;-8.117947;3;2;EXTRACT;0;
68.60928;7;-42.02899;-8.117947;3;1;EXTRACT;0;
70.60931;7;-42.02899;-8.117947;3;0;EXTRACT;0;
70.60931;7;-42.02899;-8.117947;3;0;DESTROYED;;
70.65935;15;44.72508;33.73392;3;16;CREATED;;
132.24;0;-37.69809;29.74358;3;16;DISCOVER;0;
135.7949;0;-37.69809;29.74358;3;15;EXTRACT;0;
137.795;0;-37.69809;29.74358;3;14;EXTRACT;0;
139.795;0;-37.69809;29.74358;3;13;EXTRACT;0;
141.7951;0;-37.69809;29.74358;3;12;EXTRACT;0;
143.7951;0;-37.69809;29.74358;3;11;EXTRACT;0;
145.7952;0;-37.69809;29.74358;3;10;EXTRACT;0;
147.7953;0;-37.69809;29.74358;3;9;EXTRACT;0;
149.7953;0;-37.69809;29.74358;3;8;EXTRACT;0;
151.7954;0;-37.69809;29.74358;3;7;EXTRACT;0;
153.7955;0;-37.69809;29.74358;3;6;EXTRACT;0;
155.7955;0;-37.69809;29.74358;3;5;EXTRACT;0;
157.7956;0;-37.69809;29.74358;3;4;EXTRACT;0;
159.7956;0;-37.69809;29.74358;3;3;EXTRACT;0;
161.7957;0;-37.69809;29.74358;3;2;EXTRACT;0;
163.7958;0;-37.69809;29.74358;3;1;EXTRACT;0;
165.7958;0;-37.69809;29.74358;3;0;EXTRACT;0;
165.7958;0;-37.69809;29.74358;3;0;DESTROYED;;
165.8125;16;-19.17079;11.89053;3;16;CREATED;;
195.08;10;-29.03109;9.031979;3;16;DISCOVER;0;
198.5636;10;-29.03109;9.031979;3;15;EXTRACT;0;
200.5637;10;-29.03109;9.031979;3;14;EXTRACT;0;
202.5638;10;-29.03109;9.031979;3;13;EXTRACT;0;
204.5639;10;-29.03109;9.031979;3;12;EXTRACT;0;
206.5639;10;-29.03109;9.031979;3;11;EXTRACT;0;
208.564;10;-29.03109;9.031979;3;10;EXTRACT;0;
210.564;10;-29.03109;9.031979;3;9;EXTRACT;0;
212.5641;10;-29.03109;9.031979;3;8;EXTRACT;0;
214.5642;10;-29.03109;9.031979;3;7;EXTRACT;0;
216.5642;10;-29.03109;9.031979;3;6;EXTRACT;0;
218.5643;10;-29.03109;9.031979;3;5;EXTRACT;0;
220.5643;10;-29.03109;9.031979;3;4;EXTRACT;0;
222.5644;10;-29.03109;9.031979;3;3;EXTRACT;0;
224.5646;10;-29.03109;9.031979;3;2;EXTRACT;0;
226.5646;10;-29.03109;9.031979;3;1;EXTRACT;0;
228.5646;10;-29.03109;9.031979;3;0;EXTRACT;0;
228.5646;10;-29.03109;9.031979;3;0;DESTROYED;;
228.5813;17;-16.16593;1.087791;3;16;CREATED;;
287;16;-19.17079;11.89053;3;16;DISCOVER;0;
290.3167;16;-19.17079;11.89053;3;15;EXTRACT;0;
292.3168;16;-19.17079;11.89053;3;14;EXTRACT;0;
294.3169;16;-19.17079;11.89053;3;13;EXTRACT;0;
296.3169;16;-19.17079;11.89053;3;12;EXTRACT;0;
298.317;16;-19.17079;11.89053;3;11;EXTRACT;0;
300.3171;16;-19.17079;11.89053;3;10;EXTRACT;0;
302.3171;16;-19.17079;11.89053;3;9;EXTRACT;0;
304.3172;16;-19.17079;11.89053;3;8;EXTRACT;0;
306.3173;16;-19.17079;11.89053;3;7;EXTRACT;0;
308.3173;16;-19.17079;11.89053;3;6;EXTRACT;0;
310.3174;16;-19.17079;11.89053;3;5;EXTRACT;0;
312.3175;16;-19.17079;11.89053;3;4;EXTRACT;0;
314.3175;16;-19.17079;11.89053;3;3;EXTRACT;0;
316.3176;16;-19.17079;11.89053;3;2;EXTRACT;0;
318.3177;16;-19.17079;11.89053;3;1;EXTRACT;0;
320.3177;16;-19.17079;11.89053;3;0;EXTRACT;0;
320.3177;16;-19.17079;11.89053;3;0;DESTROYED;;
320.3344;18;-42.20829;17.42631;3;16;CREATED;;
361.76;17;-16.16593;1.087791;3;16;DISCOVER;0;
365.4692;17;-16.16593;1.087791;3;15;EXTRACT;0;
367.4693;17;-16.16593;1.087791;3;14;EXTRACT;0;
369.4694;17;-16.16593;1.087791;3;13;EXTRACT;0;
371.4694;17;-16.16593;1.087791;3;12;EXTRACT;0;
373.4695;17;-16.16593;1.087791;3;11;EXTRACT;0;
375.4696;17;-16.16593;1.087791;3;10;EXTRACT;0;
377.4696;17;-16.16593;1.087791;3;9;EXTRACT;0;
379.4697;17;-16.16593;1.087791;3;8;EXTRACT;0;
381.4698;17;-16.16593;1.087791;3;7;EXTRACT;0;
383.4698;17;-16.16593;1.087791;3;6;EXTRACT;0;
385.4698;17;-16.16593;1.087791;3;5;EXTRACT;0;
387.47;17;-16.16593;1.087791;3;4;EXTRACT;0;
389.47;17;-16.16593;1.087791;3;3;EXTRACT;0;
391.4701;17;-16.16593;1.087791;3;2;EXTRACT;0;
393.4702;17;-16.16593;1.087791;3;1;EXTRACT;0;
395.4702;17;-16.16593;1.087791;3;0;EXTRACT;0;
395.4702;17;-16.16593;1.087791;3;0;DESTROYED;;
395.5035;19;-23.40397;31.47186;3;16;CREATED;;
463.16;2;-6.505566;39.37942;3;16;DISCOVER;0;
466.8559;2;-6.505566;39.37942;3;15;EXTRACT;0;
468.856;2;-6.505566;39.37942;3;14;EXTRACT;0;
470.856;2;-6.505566;39.37942;3;13;EXTRACT;0;
472.8561;2;-6.505566;39.37942;3;12;EXTRACT;0;
474.8562;2;-6.505566;39.37942;3;11;EXTRACT;0;
476.8563;2;-6.505566;39.37942;3;10;EXTRACT;0;
478.8564;2;-6.505566;39.37942;3;9;EXTRACT;0;
480.8564;2;-6.505566;39.37942;3;8;EXTRACT;0;
482.8564;2;-6.505566;39.37942;3;7;EXTRACT;0;
484.8566;2;-6.505566;39.37942;3;6;EXTRACT;0;
486.8566;2;-6.505566;39.37942;3;5;EXTRACT;0;
488.8567;2;-6.505566;39.37942;3;4;EXTRACT;0;
490.8567;2;-6.505566;39.37942;3;3;EXTRACT;0;
492.8568;2;-6.505566;39.37942;3;2;EXTRACT;0;
494.8569;2;-6.505566;39.37942;3;1;EXTRACT;0;
496.8569;2;-6.505566;39.37942;3;0;EXTRACT;0;
496.8569;2;-6.505566;39.37942;3;0;DESTROYED;;
496.8903;20;15.82293;13.26036;3;16;CREATED;;
532.28;8;-1.141972;-13.45139;3;16;DISCOVER;0;
535.7416;8;-1.141972;-13.45139;3;15;EXTRACT;0;
537.7416;8;-1.141972;-13.45139;3;14;EXTRACT;0;
539.7417;8;-1.141972;-13.45139;3;13;EXTRACT;0;
541.7418;8;-1.141972;-13.45139;3;12;EXTRACT;0;
543.7419;8;-1.141972;-13.45139;3;11;EXTRACT;0;
545.7419;8;-1.141972;-13.45139;3;10;EXTRACT;0;
547.742;8;-1.141972;-13.45139;3;9;EXTRACT;0;
549.7421;8;-1.141972;-13.45139;3;8;EXTRACT;0;
551.7421;8;-1.141972;-13.45139;3;7;EXTRACT;0;
553.7422;8;-1.141972;-13.45139;3;6;EXTRACT;0;
555.7422;8;-1.141972;-13.45139;3;5;EXTRACT;0;
557.7423;8;-1.141972;-13.45139;3;4;EXTRACT;0;
559.7424;8;-1.141972;-13.45139;3;3;EXTRACT;0;
561.7425;8;-1.141972;-13.45139;3;2;EXTRACT;0;
563.7425;8;-1.141972;-13.45139;3;1;EXTRACT;0;
565.7426;8;-1.141972;-13.45139;3;0;EXTRACT;0;
565.7426;8;-1.141972;-13.45139;3;0;DESTROYED;;
565.7759;21;-2.477421;-7.322533;3;16;CREATED;;
594.92;9;4.971886;-25.55161;3;16;DISCOVER;0;
598.0437;9;4.971886;-25.55161;3;15;EXTRACT;0;
600.0438;9;4.971886;-25.55161;3;14;EXTRACT;0;
602.0438;9;4.971886;-25.55161;3;13;EXTRACT;0;
604.0439;9;4.971886;-25.55161;3;12;EXTRACT;0;
606.0439;9;4.971886;-25.55161;3;11;EXTRACT;0;
608.044;9;4.971886;-25.55161;3;10;EXTRACT;0;
610.044;9;4.971886;-25.55161;3;9;EXTRACT;0;
612.0441;9;4.971886;-25.55161;3;8;EXTRACT;0;
614.0442;9;4.971886;-25.55161;3;7;EXTRACT;0;
616.0443;9;4.971886;-25.55161;3;6;EXTRACT;0;
618.0443;9;4.971886;-25.55161;3;5;EXTRACT;0;
620.0444;9;4.971886;-25.55161;3;4;EXTRACT;0;
622.0444;9;4.971886;-25.55161;3;3;EXTRACT;0;
624.0445;9;4.971886;-25.55161;3;2;EXTRACT;0;
626.0446;9;4.971886;-25.55161;3;1;EXTRACT;0;
628.0446;9;4.971886;-25.55161;3;0;EXTRACT;0;
628.0446;9;4.971886;-25.55161;3;0;DESTROYED;;
628.0613;22;7.160923;29.94113;3;16;CREATED;;
639.56;3;5.882992;-6.446503;3;16;DISCOVER;0;
642.9118;3;5.882992;-6.446503;3;15;EXTRACT;0;
644.9119;3;5.882992;-6.446503;3;14;EXTRACT;0;
646.9119;3;5.882992;-6.446503;3;13;EXTRACT;0;
648.912;3;5.882992;-6.446503;3;12;EXTRACT;0;
650.9121;3;5.882992;-6.446503;3;11;EXTRACT;0;
652.9121;3;5.882992;-6.446503;3;10;EXTRACT;0;
654.9122;3;5.882992;-6.446503;3;9;EXTRACT;0;
656.9123;3;5.882992;-6.446503;3;8;EXTRACT;0;
658.9124;3;5.882992;-6.446503;3;7;EXTRACT;0;
660.9124;3;5.882992;-6.446503;3;6;EXTRACT;0;
662.9125;3;5.882992;-6.446503;3;5;EXTRACT;0;
664.9125;3;5.882992;-6.446503;3;4;EXTRACT;0;
666.9127;3;5.882992;-6.446503;3;3;EXTRACT;0;
668.9127;3;5.882992;-6.446503;3;2;EXTRACT;0;
670.9128;3;5.882992;-6.446503;3;1;EXTRACT;0;
672.9128;3;5.882992;-6.446503;3;0;EXTRACT;0;
672.9128;3;5.882992;-6.446503;3;0;DESTROYED;;
672.9295;23;6.168015;-0.9566841;3;16;CREATED;;
677.8799;23;6.168015;-0.9566841;3;16;DISCOVER;0;
680.9964;23;6.168015;-0.9566841;3;15;EXTRACT;0;
682.9965;23;6.168015;-0.9566841;3;14;EXTRACT;0;
684.9966;23;6.168015;-0.9566841;3;13;EXTRACT;0;
686.9966;23;6.168015;-0.9566841;3;12;EXTRACT;0;
688.9967;23;6.168015;-0.9566841;3;11;EXTRACT;0;
690.9968;23;6.168015;-0.9566841;3;10;EXTRACT;0;
692.9968;23;6.168015;-0.9566841;3;9;EXTRACT;0;
694.9969;23;6.168015;-0.9566841;3;8;EXTRACT;0;
696.9969;23;6.168015;-0.9566841;3;7;EXTRACT;0;
698.997;23;6.168015;-0.9566841;3;6;EXTRACT;0;
700.9971;23;6.168015;-0.9566841;3;5;EXTRACT;0;
702.9971;23;6.168015;-0.9566841;3;4;EXTRACT;0;
704.9973;23;6.168015;-0.9566841;3;3;EXTRACT;0;
706.9973;23;6.168015;-0.9566841;3;2;EXTRACT;0;
708.9974;23;6.168015;-0.9566841;3;1;EXTRACT;0;
710.9974;23;6.168015;-0.9566841;3;0;EXTRACT;0;
710.9974;23;6.168015;-0.9566841;3;0;DESTROYED;;
711.014;24;3.958839;-34.30275;3;16;CREATED;;
