Time;PatchID;PositionX;PositionZ;Radius;CoinAmount;PatchEvent;TriggerPlayer;
0;665;-0.4706993;9.847179;3;48;CREATED;;
0;666;-15.52989;-17.65122;3;48;CREATED;;
0;667;-25.4503;-21.51053;3;48;CREATED;;
0;668;28.15;-11.97293;3;48;CREATED;;
0;669;22.12722;-33.4759;3;48;CREATED;;
36.23438;668;28.15;-11.97293;3;48;DISCOVER;3;
39.01563;668;28.15;-11.97293;3;47;EXTRACT;3;
41.01563;668;28.15;-11.97293;3;46;EXTRACT;3;
43.01563;668;28.15;-11.97293;3;45;EXTRACT;3;
44.42188;668;28.15;-11.97293;3;45;DISCOVER;2;
45.03125;668;28.15;-11.97293;3;44;EXTRACT;3;
47.03125;668;28.15;-11.97293;3;43;EXTRACT;3;
47.1875;668;28.15;-11.97293;3;42;EXTRACT;2;
49.03125;668;28.15;-11.97293;3;41;EXTRACT;3;
49.20313;668;28.15;-11.97293;3;40;EXTRACT;2;
51;668;28.15;-11.97293;3;39;EXTRACT;3;
51.20313;668;28.15;-11.97293;3;38;EXTRACT;2;
53;668;28.15;-11.97293;3;37;EXTRACT;3;
53.20313;668;28.15;-11.97293;3;36;EXTRACT;2;
55.01563;668;28.15;-11.97293;3;35;EXTRACT;3;
55.20313;668;28.15;-11.97293;3;34;EXTRACT;2;
57.01563;668;28.15;-11.97293;3;33;EXTRACT;3;
57.17188;668;28.15;-11.97293;3;32;EXTRACT;2;
59.03125;668;28.15;-11.97293;3;31;EXTRACT;3;
59.1875;668;28.15;-11.97293;3;30;EXTRACT;2;
59.35938;668;28.15;-11.97293;3;30;DISCOVER;1;
61.03125;668;28.15;-11.97293;3;29;EXTRACT;3;
61.21875;668;28.15;-11.97293;3;28;EXTRACT;2;
62.40625;668;28.15;-11.97293;3;27;EXTRACT;1;
63.01563;668;28.15;-11.97293;3;26;EXTRACT;3;
63.17188;668;28.15;-11.97293;3;25;EXTRACT;2;
63.9375;666;-15.52989;-17.65122;3;48;DISCOVER;0;
64.42188;668;28.15;-11.97293;3;24;EXTRACT;1;
65.01563;668;28.15;-11.97293;3;23;EXTRACT;3;
65.17188;668;28.15;-11.97293;3;22;EXTRACT;2;
66.4375;668;28.15;-11.97293;3;21;EXTRACT;1;
67.03125;668;28.15;-11.97293;3;20;EXTRACT;3;
67.20313;668;28.15;-11.97293;3;19;EXTRACT;2;
67.46875;666;-15.52989;-17.65122;3;47;EXTRACT;0;
68.4375;668;28.15;-11.97293;3;18;EXTRACT;1;
69.03125;668;28.15;-11.97293;3;17;EXTRACT;3;
69.20313;668;28.15;-11.97293;3;16;EXTRACT;2;
69.48438;666;-15.52989;-17.65122;3;46;EXTRACT;0;
70.4375;668;28.15;-11.97293;3;15;EXTRACT;1;
71.03125;668;28.15;-11.97293;3;14;EXTRACT;3;
71.20313;668;28.15;-11.97293;3;13;EXTRACT;2;
71.48438;666;-15.52989;-17.65122;3;45;EXTRACT;0;
72.4375;668;28.15;-11.97293;3;12;EXTRACT;1;
73;668;28.15;-11.97293;3;11;EXTRACT;3;
73.20313;668;28.15;-11.97293;3;10;EXTRACT;2;
73.48438;666;-15.52989;-17.65122;3;44;EXTRACT;0;
74.40625;668;28.15;-11.97293;3;9;EXTRACT;1;
75;668;28.15;-11.97293;3;8;EXTRACT;3;
75.20313;668;28.15;-11.97293;3;7;EXTRACT;2;
75.48438;666;-15.52989;-17.65122;3;43;EXTRACT;0;
76.40625;668;28.15;-11.97293;3;6;EXTRACT;1;
77.01563;668;28.15;-11.97293;3;5;EXTRACT;3;
77.17188;668;28.15;-11.97293;3;4;EXTRACT;2;
77.45313;666;-15.52989;-17.65122;3;42;EXTRACT;0;
78.42188;668;28.15;-11.97293;3;3;EXTRACT;1;
79.01563;668;28.15;-11.97293;3;2;EXTRACT;3;
79.17188;668;28.15;-11.97293;3;1;EXTRACT;2;
79.45313;666;-15.52989;-17.65122;3;41;EXTRACT;0;
80.42188;668;28.15;-11.97293;3;0;EXTRACT;1;
80.39063;668;28.15;-11.97293;3;0;DESTROYED;;
80.42188;670;41.21854;-19.48087;3;48;CREATED;;
81.46875;666;-15.52989;-17.65122;3;40;EXTRACT;0;
83.46875;666;-15.52989;-17.65122;3;39;EXTRACT;0;
85.46875;666;-15.52989;-17.65122;3;38;EXTRACT;0;
87.48438;666;-15.52989;-17.65122;3;37;EXTRACT;0;
89.48438;666;-15.52989;-17.65122;3;36;EXTRACT;0;
91.48438;666;-15.52989;-17.65122;3;35;EXTRACT;0;
93.45313;666;-15.52989;-17.65122;3;34;EXTRACT;0;
95.5;666;-15.52989;-17.65122;3;33;EXTRACT;0;
97.46875;666;-15.52989;-17.65122;3;32;EXTRACT;0;
99.48438;666;-15.52989;-17.65122;3;31;EXTRACT;0;
101.4844;666;-15.52989;-17.65122;3;30;EXTRACT;0;
103.4844;666;-15.52989;-17.65122;3;29;EXTRACT;0;
105.5;666;-15.52989;-17.65122;3;28;EXTRACT;0;
105.5313;666;-15.52989;-17.65122;3;28;DISCOVER;1;
107.5;666;-15.52989;-17.65122;3;27;EXTRACT;0;
108.3906;666;-15.52989;-17.65122;3;26;EXTRACT;1;
109.5;666;-15.52989;-17.65122;3;25;EXTRACT;0;
110.3438;666;-15.52989;-17.65122;3;25;DISCOVER;2;
110.3906;666;-15.52989;-17.65122;3;24;EXTRACT;1;
111.5156;666;-15.52989;-17.65122;3;23;EXTRACT;0;
112.3906;666;-15.52989;-17.65122;3;22;EXTRACT;1;
113.2344;666;-15.52989;-17.65122;3;21;EXTRACT;2;
113.4688;666;-15.52989;-17.65122;3;20;EXTRACT;0;
114.0781;666;-15.52989;-17.65122;3;20;DISCOVER;3;
114.3906;666;-15.52989;-17.65122;3;19;EXTRACT;1;
115.2344;666;-15.52989;-17.65122;3;18;EXTRACT;2;
115.4688;666;-15.52989;-17.65122;3;17;EXTRACT;0;
116.3906;666;-15.52989;-17.65122;3;16;EXTRACT;1;
116.5156;666;-15.52989;-17.65122;3;15;EXTRACT;3;
117.2344;666;-15.52989;-17.65122;3;14;EXTRACT;2;
117.4844;666;-15.52989;-17.65122;3;13;EXTRACT;0;
118.4063;666;-15.52989;-17.65122;3;12;EXTRACT;1;
118.5156;666;-15.52989;-17.65122;3;11;EXTRACT;3;
119.2344;666;-15.52989;-17.65122;3;10;EXTRACT;2;
119.4844;666;-15.52989;-17.65122;3;9;EXTRACT;0;
120.4063;666;-15.52989;-17.65122;3;8;EXTRACT;1;
120.5156;666;-15.52989;-17.65122;3;7;EXTRACT;3;
121.25;666;-15.52989;-17.65122;3;6;EXTRACT;2;
121.4844;666;-15.52989;-17.65122;3;5;EXTRACT;0;
122.4063;666;-15.52989;-17.65122;3;4;EXTRACT;1;
122.5313;666;-15.52989;-17.65122;3;3;EXTRACT;3;
123.25;666;-15.52989;-17.65122;3;2;EXTRACT;2;
123.4844;666;-15.52989;-17.65122;3;1;EXTRACT;0;
124.375;666;-15.52989;-17.65122;3;0;EXTRACT;1;
124.3594;666;-15.52989;-17.65122;3;0;DESTROYED;;
124.375;671;-39.64827;25.01637;3;48;CREATED;;
152.4844;671;-39.64827;25.01637;3;48;DISCOVER;0;
155.5469;671;-39.64827;25.01637;3;47;EXTRACT;0;
157.5;671;-39.64827;25.01637;3;46;EXTRACT;0;
159.3281;671;-39.64827;25.01637;3;46;DISCOVER;2;
159.5156;671;-39.64827;25.01637;3;45;EXTRACT;0;
161.5;671;-39.64827;25.01637;3;44;EXTRACT;0;
161.8281;671;-39.64827;25.01637;3;43;EXTRACT;2;
163.5;671;-39.64827;25.01637;3;42;EXTRACT;0;
163.8281;671;-39.64827;25.01637;3;41;EXTRACT;2;
165.4375;671;-39.64827;25.01637;3;41;DISCOVER;1;
165.5313;671;-39.64827;25.01637;3;40;EXTRACT;0;
165.8438;671;-39.64827;25.01637;3;39;EXTRACT;2;
167.5313;671;-39.64827;25.01637;3;38;EXTRACT;0;
167.8438;671;-39.64827;25.01637;3;37;EXTRACT;2;
167.9688;671;-39.64827;25.01637;3;36;EXTRACT;1;
169.5;671;-39.64827;25.01637;3;35;EXTRACT;0;
169.8125;671;-39.64827;25.01637;3;34;EXTRACT;2;
169.9844;671;-39.64827;25.01637;3;33;EXTRACT;1;
171.5;671;-39.64827;25.01637;3;32;EXTRACT;0;
171.8281;671;-39.64827;25.01637;3;31;EXTRACT;2;
171.9844;671;-39.64827;25.01637;3;30;EXTRACT;1;
173.5;671;-39.64827;25.01637;3;29;EXTRACT;0;
173.8281;671;-39.64827;25.01637;3;28;EXTRACT;2;
173.9844;671;-39.64827;25.01637;3;27;EXTRACT;1;
175.5;671;-39.64827;25.01637;3;26;EXTRACT;0;
175.8281;671;-39.64827;25.01637;3;25;EXTRACT;2;
175.9844;671;-39.64827;25.01637;3;24;EXTRACT;1;
177.5156;671;-39.64827;25.01637;3;23;EXTRACT;0;
177.8438;671;-39.64827;25.01637;3;22;EXTRACT;2;
177.9531;671;-39.64827;25.01637;3;21;EXTRACT;1;
179.5313;671;-39.64827;25.01637;3;20;EXTRACT;0;
179.8438;671;-39.64827;25.01637;3;19;EXTRACT;2;
179.9688;671;-39.64827;25.01637;3;18;EXTRACT;1;
181.5156;671;-39.64827;25.01637;3;17;EXTRACT;0;
181.8281;671;-39.64827;25.01637;3;16;EXTRACT;2;
181.9844;671;-39.64827;25.01637;3;15;EXTRACT;1;
183.5156;671;-39.64827;25.01637;3;14;EXTRACT;0;
183.8438;671;-39.64827;25.01637;3;13;EXTRACT;2;
184;671;-39.64827;25.01637;3;12;EXTRACT;1;
185.5156;671;-39.64827;25.01637;3;11;EXTRACT;0;
185.8438;671;-39.64827;25.01637;3;10;EXTRACT;2;
185.9688;671;-39.64827;25.01637;3;9;EXTRACT;1;
187.5313;671;-39.64827;25.01637;3;8;EXTRACT;0;
187.8438;671;-39.64827;25.01637;3;7;EXTRACT;2;
187.9688;671;-39.64827;25.01637;3;6;EXTRACT;1;
189.5156;671;-39.64827;25.01637;3;5;EXTRACT;0;
189.8281;671;-39.64827;25.01637;3;4;EXTRACT;2;
190;671;-39.64827;25.01637;3;3;EXTRACT;1;
190.0781;671;-39.64827;25.01637;3;3;DISCOVER;3;
191.5313;671;-39.64827;25.01637;3;2;EXTRACT;0;
191.8438;671;-39.64827;25.01637;3;1;EXTRACT;2;
191.9688;671;-39.64827;25.01637;3;0;EXTRACT;1;
191.9531;671;-39.64827;25.01637;3;0;DESTROYED;;
191.9688;672;-28.696;20.63337;3;48;CREATED;;
270.7656;670;41.21854;-19.48087;3;48;DISCOVER;0;
274.125;670;41.21854;-19.48087;3;47;EXTRACT;0;
276.1406;670;41.21854;-19.48087;3;46;EXTRACT;0;
278.1094;670;41.21854;-19.48087;3;45;EXTRACT;0;
278.1406;670;41.21854;-19.48087;3;45;DISCOVER;1;
278.1875;670;41.21854;-19.48087;3;45;DISCOVER;3;
279.6094;670;41.21854;-19.48087;3;45;DISCOVER;2;
280.1406;670;41.21854;-19.48087;3;44;EXTRACT;0;
281.0156;670;41.21854;-19.48087;3;43;EXTRACT;3;
281.0625;670;41.21854;-19.48087;3;42;EXTRACT;1;
282.1094;670;41.21854;-19.48087;3;41;EXTRACT;0;
282.625;670;41.21854;-19.48087;3;40;EXTRACT;2;
283.0313;670;41.21854;-19.48087;3;39;EXTRACT;3;
283.0625;670;41.21854;-19.48087;3;38;EXTRACT;1;
284.125;670;41.21854;-19.48087;3;37;EXTRACT;0;
284.6406;670;41.21854;-19.48087;3;36;EXTRACT;2;
285.0469;670;41.21854;-19.48087;3;35;EXTRACT;3;
285.0781;670;41.21854;-19.48087;3;34;EXTRACT;1;
286.125;670;41.21854;-19.48087;3;33;EXTRACT;0;
286.6094;670;41.21854;-19.48087;3;32;EXTRACT;2;
287.0469;670;41.21854;-19.48087;3;31;EXTRACT;3;
287.0781;670;41.21854;-19.48087;3;30;EXTRACT;1;
288.125;670;41.21854;-19.48087;3;29;EXTRACT;0;
288.6094;670;41.21854;-19.48087;3;28;EXTRACT;2;
289.0469;670;41.21854;-19.48087;3;27;EXTRACT;3;
289.0781;670;41.21854;-19.48087;3;26;EXTRACT;1;
290.125;670;41.21854;-19.48087;3;25;EXTRACT;0;
290.6094;670;41.21854;-19.48087;3;24;EXTRACT;2;
291.0469;670;41.21854;-19.48087;3;23;EXTRACT;3;
291.0469;670;41.21854;-19.48087;3;22;EXTRACT;1;
292.1406;670;41.21854;-19.48087;3;21;EXTRACT;0;
292.6094;670;41.21854;-19.48087;3;20;EXTRACT;2;
293.0469;670;41.21854;-19.48087;3;19;EXTRACT;3;
293.0938;670;41.21854;-19.48087;3;18;EXTRACT;1;
294.1406;670;41.21854;-19.48087;3;17;EXTRACT;0;
294.625;670;41.21854;-19.48087;3;16;EXTRACT;2;
295.0625;670;41.21854;-19.48087;3;15;EXTRACT;3;
295.0938;670;41.21854;-19.48087;3;14;EXTRACT;1;
296.1094;670;41.21854;-19.48087;3;13;EXTRACT;0;
296.625;670;41.21854;-19.48087;3;12;EXTRACT;2;
297.0625;670;41.21854;-19.48087;3;11;EXTRACT;3;
297.0625;670;41.21854;-19.48087;3;10;EXTRACT;1;
298.1094;670;41.21854;-19.48087;3;9;EXTRACT;0;
298.625;670;41.21854;-19.48087;3;8;EXTRACT;2;
299.0625;670;41.21854;-19.48087;3;7;EXTRACT;3;
299.0625;670;41.21854;-19.48087;3;6;EXTRACT;1;
300.1094;670;41.21854;-19.48087;3;5;EXTRACT;0;
300.625;670;41.21854;-19.48087;3;4;EXTRACT;2;
301.0313;670;41.21854;-19.48087;3;3;EXTRACT;3;
301.0781;670;41.21854;-19.48087;3;2;EXTRACT;1;
302.2031;670;41.21854;-19.48087;3;1;EXTRACT;0;
302.6875;670;41.21854;-19.48087;3;0;EXTRACT;2;
302.5938;670;41.21854;-19.48087;3;0;DESTROYED;;
302.6875;673;-16.04176;-7.000347;3;48;CREATED;;
358.3594;673;-16.04176;-7.000347;3;48;DISCOVER;3;
359.5625;667;-25.4503;-21.51053;3;48;DISCOVER;2;
362.0938;673;-16.04176;-7.000347;3;47;EXTRACT;3;
362.2188;667;-25.4503;-21.51053;3;47;EXTRACT;2;
364.0938;673;-16.04176;-7.000347;3;46;EXTRACT;3;
364.2188;667;-25.4503;-21.51053;3;46;EXTRACT;2;
366.1094;673;-16.04176;-7.000347;3;45;EXTRACT;3;
366.2188;667;-25.4503;-21.51053;3;45;EXTRACT;2;
368.1094;673;-16.04176;-7.000347;3;44;EXTRACT;3;
368.2344;667;-25.4503;-21.51053;3;44;EXTRACT;2;
370.125;673;-16.04176;-7.000347;3;43;EXTRACT;3;
370.2344;667;-25.4503;-21.51053;3;43;EXTRACT;2;
372.0938;673;-16.04176;-7.000347;3;42;EXTRACT;3;
372.2031;667;-25.4503;-21.51053;3;42;EXTRACT;2;
373.2969;667;-25.4503;-21.51053;3;42;DISCOVER;1;
374.0938;673;-16.04176;-7.000347;3;41;EXTRACT;3;
374.2188;667;-25.4503;-21.51053;3;41;EXTRACT;2;
376.0938;673;-16.04176;-7.000347;3;40;EXTRACT;3;
376.2188;667;-25.4503;-21.51053;3;40;EXTRACT;2;
376.375;667;-25.4503;-21.51053;3;39;EXTRACT;1;
378.1094;673;-16.04176;-7.000347;3;39;EXTRACT;3;
378.2188;667;-25.4503;-21.51053;3;38;EXTRACT;2;
378.3906;667;-25.4503;-21.51053;3;37;EXTRACT;1;
380.1094;673;-16.04176;-7.000347;3;38;EXTRACT;3;
380.2344;667;-25.4503;-21.51053;3;36;EXTRACT;2;
380.3906;667;-25.4503;-21.51053;3;35;EXTRACT;1;
382.125;673;-16.04176;-7.000347;3;37;EXTRACT;3;
382.2344;667;-25.4503;-21.51053;3;34;EXTRACT;2;
382.4063;667;-25.4503;-21.51053;3;33;EXTRACT;1;
384.0938;673;-16.04176;-7.000347;3;36;EXTRACT;3;
384.2031;667;-25.4503;-21.51053;3;32;EXTRACT;2;
384.375;667;-25.4503;-21.51053;3;31;EXTRACT;1;
386.0938;673;-16.04176;-7.000347;3;35;EXTRACT;3;
386.2188;667;-25.4503;-21.51053;3;30;EXTRACT;2;
386.375;667;-25.4503;-21.51053;3;29;EXTRACT;1;
388.1094;673;-16.04176;-7.000347;3;34;EXTRACT;3;
388.2344;667;-25.4503;-21.51053;3;28;EXTRACT;2;
388.3125;673;-16.04176;-7.000347;3;34;DISCOVER;0;
388.3906;667;-25.4503;-21.51053;3;27;EXTRACT;1;
390.1094;673;-16.04176;-7.000347;3;33;EXTRACT;3;
390.2188;667;-25.4503;-21.51053;3;26;EXTRACT;2;
390.375;667;-25.4503;-21.51053;3;25;EXTRACT;1;
391.5156;673;-16.04176;-7.000347;3;32;EXTRACT;0;
392.0938;673;-16.04176;-7.000347;3;31;EXTRACT;3;
392.2188;667;-25.4503;-21.51053;3;24;EXTRACT;2;
392.3906;667;-25.4503;-21.51053;3;23;EXTRACT;1;
393.5156;673;-16.04176;-7.000347;3;30;EXTRACT;0;
394.1094;673;-16.04176;-7.000347;3;29;EXTRACT;3;
394.2344;667;-25.4503;-21.51053;3;22;EXTRACT;2;
394.375;667;-25.4503;-21.51053;3;21;EXTRACT;1;
395.5;673;-16.04176;-7.000347;3;28;EXTRACT;0;
396.1094;673;-16.04176;-7.000347;3;27;EXTRACT;3;
396.25;667;-25.4503;-21.51053;3;20;EXTRACT;2;
396.3906;667;-25.4503;-21.51053;3;19;EXTRACT;1;
397.5156;673;-16.04176;-7.000347;3;26;EXTRACT;0;
398.125;673;-16.04176;-7.000347;3;25;EXTRACT;3;
398.25;667;-25.4503;-21.51053;3;18;EXTRACT;2;
398.3594;667;-25.4503;-21.51053;3;17;EXTRACT;1;
399.5313;673;-16.04176;-7.000347;3;24;EXTRACT;0;
400.0938;673;-16.04176;-7.000347;3;23;EXTRACT;3;
400.2188;667;-25.4503;-21.51053;3;16;EXTRACT;2;
400.375;667;-25.4503;-21.51053;3;15;EXTRACT;1;
401.5313;673;-16.04176;-7.000347;3;22;EXTRACT;0;
402.0938;673;-16.04176;-7.000347;3;21;EXTRACT;3;
402.2188;667;-25.4503;-21.51053;3;14;EXTRACT;2;
402.375;667;-25.4503;-21.51053;3;13;EXTRACT;1;
403.5313;673;-16.04176;-7.000347;3;20;EXTRACT;0;
404.0938;673;-16.04176;-7.000347;3;19;EXTRACT;3;
404.2188;667;-25.4503;-21.51053;3;12;EXTRACT;2;
404.375;667;-25.4503;-21.51053;3;11;EXTRACT;1;
405.5313;673;-16.04176;-7.000347;3;18;EXTRACT;0;
406.0938;673;-16.04176;-7.000347;3;17;EXTRACT;3;
406.2031;667;-25.4503;-21.51053;3;10;EXTRACT;2;
406.375;667;-25.4503;-21.51053;3;9;EXTRACT;1;
407.5;673;-16.04176;-7.000347;3;16;EXTRACT;0;
408.1094;673;-16.04176;-7.000347;3;15;EXTRACT;3;
408.25;667;-25.4503;-21.51053;3;8;EXTRACT;2;
408.3906;667;-25.4503;-21.51053;3;7;EXTRACT;1;
409.5156;673;-16.04176;-7.000347;3;14;EXTRACT;0;
410.1094;673;-16.04176;-7.000347;3;13;EXTRACT;3;
410.2344;667;-25.4503;-21.51053;3;6;EXTRACT;2;
410.3906;667;-25.4503;-21.51053;3;5;EXTRACT;1;
411.5156;673;-16.04176;-7.000347;3;12;EXTRACT;0;
412.125;673;-16.04176;-7.000347;3;11;EXTRACT;3;
412.2344;667;-25.4503;-21.51053;3;4;EXTRACT;2;
412.4063;667;-25.4503;-21.51053;3;3;EXTRACT;1;
413.5156;673;-16.04176;-7.000347;3;10;EXTRACT;0;
414.125;673;-16.04176;-7.000347;3;9;EXTRACT;3;
414.25;667;-25.4503;-21.51053;3;2;EXTRACT;2;
414.4063;667;-25.4503;-21.51053;3;1;EXTRACT;1;
415.5156;673;-16.04176;-7.000347;3;8;EXTRACT;0;
416.0781;673;-16.04176;-7.000347;3;7;EXTRACT;3;
416.25;667;-25.4503;-21.51053;3;0;EXTRACT;2;
416.2344;667;-25.4503;-21.51053;3;0;DESTROYED;;
416.25;674;-11.95908;19.1037;3;48;CREATED;;
417.5313;673;-16.04176;-7.000347;3;6;EXTRACT;0;
418.0938;673;-16.04176;-7.000347;3;5;EXTRACT;3;
419.5313;673;-16.04176;-7.000347;3;4;EXTRACT;0;
420.0938;673;-16.04176;-7.000347;3;3;EXTRACT;3;
421.5313;673;-16.04176;-7.000347;3;2;EXTRACT;0;
422.0938;673;-16.04176;-7.000347;3;1;EXTRACT;3;
423.5469;673;-16.04176;-7.000347;3;0;EXTRACT;0;
423.5156;673;-16.04176;-7.000347;3;0;DESTROYED;;
423.5469;675;16.28726;0.1847458;3;48;CREATED;;
454.7813;674;-11.95908;19.1037;3;48;DISCOVER;2;
457.5;674;-11.95908;19.1037;3;47;EXTRACT;2;
459.4375;674;-11.95908;19.1037;3;46;EXTRACT;2;
461.5156;674;-11.95908;19.1037;3;45;EXTRACT;2;
463.4375;674;-11.95908;19.1037;3;44;EXTRACT;2;
465.3906;674;-11.95908;19.1037;3;43;EXTRACT;2;
467.375;674;-11.95908;19.1037;3;42;EXTRACT;2;
469.375;674;-11.95908;19.1037;3;41;EXTRACT;2;
471.375;674;-11.95908;19.1037;3;40;EXTRACT;2;
473.375;674;-11.95908;19.1037;3;39;EXTRACT;2;
473.625;674;-11.95908;19.1037;3;39;DISCOVER;3;
475.3906;674;-11.95908;19.1037;3;38;EXTRACT;2;
476.1563;674;-11.95908;19.1037;3;37;EXTRACT;3;
477.3906;674;-11.95908;19.1037;3;36;EXTRACT;2;
478.2344;674;-11.95908;19.1037;3;35;EXTRACT;3;
479.3594;674;-11.95908;19.1037;3;34;EXTRACT;2;
480.0625;674;-11.95908;19.1037;3;33;EXTRACT;3;
481.1406;674;-11.95908;19.1037;3;32;EXTRACT;2;
481.8594;674;-11.95908;19.1037;3;31;EXTRACT;3;
482.7969;674;-11.95908;19.1037;3;31;DISCOVER;1;
483.0938;674;-11.95908;19.1037;3;30;EXTRACT;2;
483.875;674;-11.95908;19.1037;3;29;EXTRACT;3;
485.0938;674;-11.95908;19.1037;3;28;EXTRACT;2;
485.3594;674;-11.95908;19.1037;3;27;EXTRACT;1;
485.7969;674;-11.95908;19.1037;3;26;EXTRACT;3;
486.9844;674;-11.95908;19.1037;3;25;EXTRACT;2;
487.2031;674;-11.95908;19.1037;3;24;EXTRACT;1;
487.7188;674;-11.95908;19.1037;3;23;EXTRACT;3;
488.9688;674;-11.95908;19.1037;3;22;EXTRACT;2;
489.3125;674;-11.95908;19.1037;3;21;EXTRACT;1;
489.7344;674;-11.95908;19.1037;3;20;EXTRACT;3;
490.9688;674;-11.95908;19.1037;3;19;EXTRACT;2;
491.2188;674;-11.95908;19.1037;3;18;EXTRACT;1;
491.7188;674;-11.95908;19.1037;3;17;EXTRACT;3;
492.9688;674;-11.95908;19.1037;3;16;EXTRACT;2;
493.2188;674;-11.95908;19.1037;3;15;EXTRACT;1;
493.7344;674;-11.95908;19.1037;3;14;EXTRACT;3;
494.9688;674;-11.95908;19.1037;3;13;EXTRACT;2;
495.2188;674;-11.95908;19.1037;3;12;EXTRACT;1;
495.7344;674;-11.95908;19.1037;3;11;EXTRACT;3;
496.9375;674;-11.95908;19.1037;3;10;EXTRACT;2;
497.2188;674;-11.95908;19.1037;3;9;EXTRACT;1;
497.7031;674;-11.95908;19.1037;3;8;EXTRACT;3;
498.9531;674;-11.95908;19.1037;3;7;EXTRACT;2;
499.2344;674;-11.95908;19.1037;3;6;EXTRACT;1;
499.7031;674;-11.95908;19.1037;3;5;EXTRACT;3;
500.9531;674;-11.95908;19.1037;3;4;EXTRACT;2;
501.2344;674;-11.95908;19.1037;3;3;EXTRACT;1;
501.7031;674;-11.95908;19.1037;3;2;EXTRACT;3;
502.9531;674;-11.95908;19.1037;3;1;EXTRACT;2;
503.2344;674;-11.95908;19.1037;3;0;EXTRACT;1;
503.2031;674;-11.95908;19.1037;3;0;DESTROYED;;
503.2344;676;-8.943607;3.788734;3;48;CREATED;;
515.2031;665;-0.4706993;9.847179;3;48;DISCOVER;3;
518.125;665;-0.4706993;9.847179;3;47;EXTRACT;3;
518.7188;665;-0.4706993;9.847179;3;47;DISCOVER;2;
520.1094;665;-0.4706993;9.847179;3;46;EXTRACT;3;
521.2188;665;-0.4706993;9.847179;3;45;EXTRACT;2;
522.1094;665;-0.4706993;9.847179;3;44;EXTRACT;3;
523.2344;665;-0.4706993;9.847179;3;43;EXTRACT;2;
524.1094;665;-0.4706993;9.847179;3;42;EXTRACT;3;
524.8281;665;-0.4706993;9.847179;3;42;DISCOVER;0;
525.2344;665;-0.4706993;9.847179;3;41;EXTRACT;2;
526.1094;665;-0.4706993;9.847179;3;40;EXTRACT;3;
527.2344;665;-0.4706993;9.847179;3;39;EXTRACT;2;
527.8281;665;-0.4706993;9.847179;3;38;EXTRACT;0;
528.1094;665;-0.4706993;9.847179;3;37;EXTRACT;3;
529.1875;665;-0.4706993;9.847179;3;36;EXTRACT;2;
529.8281;665;-0.4706993;9.847179;3;35;EXTRACT;0;
530.1094;665;-0.4706993;9.847179;3;34;EXTRACT;3;
531.2031;665;-0.4706993;9.847179;3;33;EXTRACT;2;
531.8438;665;-0.4706993;9.847179;3;32;EXTRACT;0;
532.125;665;-0.4706993;9.847179;3;31;EXTRACT;3;
533.2031;665;-0.4706993;9.847179;3;30;EXTRACT;2;
533.8438;665;-0.4706993;9.847179;3;29;EXTRACT;0;
534.125;665;-0.4706993;9.847179;3;28;EXTRACT;3;
535.2031;665;-0.4706993;9.847179;3;27;EXTRACT;2;
535.8438;665;-0.4706993;9.847179;3;26;EXTRACT;0;
536.125;665;-0.4706993;9.847179;3;25;EXTRACT;3;
537.2031;665;-0.4706993;9.847179;3;24;EXTRACT;2;
537.8594;665;-0.4706993;9.847179;3;23;EXTRACT;0;
538.0938;665;-0.4706993;9.847179;3;22;EXTRACT;3;
539.2188;665;-0.4706993;9.847179;3;21;EXTRACT;2;
539.8594;665;-0.4706993;9.847179;3;20;EXTRACT;0;
540.0938;665;-0.4706993;9.847179;3;19;EXTRACT;3;
541.2188;665;-0.4706993;9.847179;3;18;EXTRACT;2;
541.8594;665;-0.4706993;9.847179;3;17;EXTRACT;0;
542.1094;665;-0.4706993;9.847179;3;16;EXTRACT;3;
543.2344;665;-0.4706993;9.847179;3;15;EXTRACT;2;
543.8281;665;-0.4706993;9.847179;3;14;EXTRACT;0;
544.1094;665;-0.4706993;9.847179;3;13;EXTRACT;3;
545.2344;665;-0.4706993;9.847179;3;12;EXTRACT;2;
545.8281;665;-0.4706993;9.847179;3;11;EXTRACT;0;
546.1094;665;-0.4706993;9.847179;3;10;EXTRACT;3;
547.2031;665;-0.4706993;9.847179;3;9;EXTRACT;2;
547.8438;665;-0.4706993;9.847179;3;8;EXTRACT;0;
548.125;665;-0.4706993;9.847179;3;7;EXTRACT;3;
549.2031;665;-0.4706993;9.847179;3;6;EXTRACT;2;
549.8438;665;-0.4706993;9.847179;3;5;EXTRACT;0;
550.125;665;-0.4706993;9.847179;3;4;EXTRACT;3;
551.2031;665;-0.4706993;9.847179;3;3;EXTRACT;2;
551.8438;665;-0.4706993;9.847179;3;2;EXTRACT;0;
552.125;665;-0.4706993;9.847179;3;1;EXTRACT;3;
553.2031;665;-0.4706993;9.847179;3;0;EXTRACT;2;
553.2031;665;-0.4706993;9.847179;3;0;DESTROYED;;
553.2031;677;-37.06891;17.42009;3;48;CREATED;;
657.7031;676;-8.943607;3.788734;3;48;DISCOVER;1;
660.8281;676;-8.943607;3.788734;3;47;EXTRACT;1;
662.8594;676;-8.943607;3.788734;3;46;EXTRACT;1;
663.9688;676;-8.943607;3.788734;3;46;DISCOVER;0;
664.8438;676;-8.943607;3.788734;3;45;EXTRACT;1;
666.8438;676;-8.943607;3.788734;3;44;EXTRACT;1;
666.8906;676;-8.943607;3.788734;3;43;EXTRACT;0;
668.8281;676;-8.943607;3.788734;3;42;EXTRACT;1;
668.875;676;-8.943607;3.788734;3;41;EXTRACT;0;
670.8281;676;-8.943607;3.788734;3;40;EXTRACT;1;
670.875;676;-8.943607;3.788734;3;39;EXTRACT;0;
672.8281;676;-8.943607;3.788734;3;38;EXTRACT;1;
672.875;676;-8.943607;3.788734;3;37;EXTRACT;0;
674.8281;676;-8.943607;3.788734;3;36;EXTRACT;1;
674.875;676;-8.943607;3.788734;3;35;EXTRACT;0;
676.8438;676;-8.943607;3.788734;3;34;EXTRACT;1;
676.8906;676;-8.943607;3.788734;3;33;EXTRACT;0;
678.8594;676;-8.943607;3.788734;3;32;EXTRACT;1;
678.9063;676;-8.943607;3.788734;3;31;EXTRACT;0;
679.5781;676;-8.943607;3.788734;3;31;DISCOVER;3;
680.2188;676;-8.943607;3.788734;3;31;DISCOVER;2;
680.8281;676;-8.943607;3.788734;3;30;EXTRACT;1;
680.9063;676;-8.943607;3.788734;3;29;EXTRACT;0;
682.1875;676;-8.943607;3.788734;3;28;EXTRACT;3;
682.8281;676;-8.943607;3.788734;3;27;EXTRACT;1;
682.875;676;-8.943607;3.788734;3;26;EXTRACT;0;
683.0781;676;-8.943607;3.788734;3;25;EXTRACT;2;
684.1875;676;-8.943607;3.788734;3;24;EXTRACT;3;
684.8438;676;-8.943607;3.788734;3;23;EXTRACT;1;
684.875;676;-8.943607;3.788734;3;22;EXTRACT;0;
685.0781;676;-8.943607;3.788734;3;21;EXTRACT;2;
686.2031;676;-8.943607;3.788734;3;20;EXTRACT;3;
686.8438;676;-8.943607;3.788734;3;19;EXTRACT;1;
686.8906;676;-8.943607;3.788734;3;18;EXTRACT;0;
687.0781;676;-8.943607;3.788734;3;17;EXTRACT;2;
688.2031;676;-8.943607;3.788734;3;16;EXTRACT;3;
688.8438;676;-8.943607;3.788734;3;15;EXTRACT;1;
688.8906;676;-8.943607;3.788734;3;14;EXTRACT;0;
689.0938;676;-8.943607;3.788734;3;13;EXTRACT;2;
690.2188;676;-8.943607;3.788734;3;12;EXTRACT;3;
690.8594;676;-8.943607;3.788734;3;11;EXTRACT;1;
690.8906;676;-8.943607;3.788734;3;10;EXTRACT;0;
691.0938;676;-8.943607;3.788734;3;9;EXTRACT;2;
692.2188;676;-8.943607;3.788734;3;8;EXTRACT;3;
692.8594;676;-8.943607;3.788734;3;7;EXTRACT;1;
692.9063;676;-8.943607;3.788734;3;6;EXTRACT;0;
693.0938;676;-8.943607;3.788734;3;5;EXTRACT;2;
694.1875;676;-8.943607;3.788734;3;4;EXTRACT;3;
694.8594;676;-8.943607;3.788734;3;3;EXTRACT;1;
694.9063;676;-8.943607;3.788734;3;2;EXTRACT;0;
695.1094;676;-8.943607;3.788734;3;1;EXTRACT;2;
696.1875;676;-8.943607;3.788734;3;0;EXTRACT;3;
696.1563;676;-8.943607;3.788734;3;0;DESTROYED;;
696.1875;678;36.75624;10.56459;3;48;CREATED;;
