Time;PatchID;PositionX;PositionZ;Radius;CoinAmount;PatchEvent;TriggerPlayer;
0;704;2.941444;37.49594;3;16;CREATED;;
0;705;12.31548;20.66985;3;16;CREATED;;
0;706;-10.60302;-13.67951;3;16;CREATED;;
0;707;-33.63977;-33.44886;3;16;CREATED;;
0;708;-0.9760284;-22.87742;3;16;CREATED;;
0;709;-34.42258;1.162571;3;16;CREATED;;
0;710;-24.64585;28.18521;3;16;CREATED;;
0;711;-20.9594;-43.40022;3;16;CREATED;;
0;712;-2.184086;-8.169048;3;16;CREATED;;
0;713;-31.89862;40.04469;3;16;CREATED;;
0;714;42.10155;11.46577;3;16;CREATED;;
0;715;37.55933;-1.450447;3;16;CREATED;;
0;716;31.49896;-16.68189;3;16;CREATED;;
0;717;-14.33986;-20.42648;3;16;CREATED;;
0;718;20.67271;-32.05222;3;16;CREATED;;
11.57813;705;12.31548;20.66985;3;16;DISCOVER;1;
14.46875;705;12.31548;20.66985;3;15;EXTRACT;1;
16.46875;705;12.31548;20.66985;3;14;EXTRACT;1;
17.79688;709;-34.42258;1.162571;3;16;DISCOVER;0;
18.48438;705;12.31548;20.66985;3;13;EXTRACT;1;
20.34375;705;12.31548;20.66985;3;12;EXTRACT;1;
20.79688;709;-34.42258;1.162571;3;15;EXTRACT;0;
21.07813;717;-14.33986;-20.42648;3;16;DISCOVER;2;
22.28125;705;12.31548;20.66985;3;11;EXTRACT;1;
22.79688;709;-34.42258;1.162571;3;14;EXTRACT;0;
23.71875;706;-10.60302;-13.67951;3;16;DISCOVER;3;
23.76563;717;-14.33986;-20.42648;3;15;EXTRACT;2;
24.25;705;12.31548;20.66985;3;10;EXTRACT;1;
24.76563;709;-34.42258;1.162571;3;13;EXTRACT;0;
25.84375;717;-14.33986;-20.42648;3;14;EXTRACT;2;
26.20313;706;-10.60302;-13.67951;3;15;EXTRACT;3;
26.23438;705;12.31548;20.66985;3;9;EXTRACT;1;
26.76563;709;-34.42258;1.162571;3;12;EXTRACT;0;
27.76563;717;-14.33986;-20.42648;3;13;EXTRACT;2;
28.20313;706;-10.60302;-13.67951;3;14;EXTRACT;3;
28.25;705;12.31548;20.66985;3;8;EXTRACT;1;
28.78125;709;-34.42258;1.162571;3;11;EXTRACT;0;
29.78125;717;-14.33986;-20.42648;3;12;EXTRACT;2;
30.21875;706;-10.60302;-13.67951;3;13;EXTRACT;3;
30.21875;705;12.31548;20.66985;3;7;EXTRACT;1;
30.78125;709;-34.42258;1.162571;3;10;EXTRACT;0;
31.73438;717;-14.33986;-20.42648;3;11;EXTRACT;2;
32.21875;706;-10.60302;-13.67951;3;12;EXTRACT;3;
32.21875;705;12.31548;20.66985;3;6;EXTRACT;1;
32.78125;709;-34.42258;1.162571;3;9;EXTRACT;0;
33.75;717;-14.33986;-20.42648;3;10;EXTRACT;2;
34.21875;706;-10.60302;-13.67951;3;11;EXTRACT;3;
34.21875;705;12.31548;20.66985;3;5;EXTRACT;1;
34.78125;709;-34.42258;1.162571;3;8;EXTRACT;0;
35.75;717;-14.33986;-20.42648;3;9;EXTRACT;2;
36.1875;706;-10.60302;-13.67951;3;10;EXTRACT;3;
36.23438;705;12.31548;20.66985;3;4;EXTRACT;1;
36.78125;709;-34.42258;1.162571;3;7;EXTRACT;0;
37.75;717;-14.33986;-20.42648;3;8;EXTRACT;2;
38.1875;706;-10.60302;-13.67951;3;9;EXTRACT;3;
38.26563;705;12.31548;20.66985;3;3;EXTRACT;1;
38.79688;709;-34.42258;1.162571;3;6;EXTRACT;0;
39.75;717;-14.33986;-20.42648;3;7;EXTRACT;2;
40.1875;706;-10.60302;-13.67951;3;8;EXTRACT;3;
40.23438;705;12.31548;20.66985;3;2;EXTRACT;1;
40.79688;709;-34.42258;1.162571;3;5;EXTRACT;0;
41.75;717;-14.33986;-20.42648;3;6;EXTRACT;2;
42.1875;706;-10.60302;-13.67951;3;7;EXTRACT;3;
42.23438;705;12.31548;20.66985;3;1;EXTRACT;1;
42.79688;709;-34.42258;1.162571;3;4;EXTRACT;0;
43.75;717;-14.33986;-20.42648;3;5;EXTRACT;2;
44.20313;706;-10.60302;-13.67951;3;6;EXTRACT;3;
44.23438;705;12.31548;20.66985;3;0;EXTRACT;1;
44.20313;705;12.31548;20.66985;3;0;DESTROYED;;
44.23438;719;18.42761;3.785847;3;16;CREATED;;
44.76563;709;-34.42258;1.162571;3;3;EXTRACT;0;
45.76563;717;-14.33986;-20.42648;3;4;EXTRACT;2;
46.20313;706;-10.60302;-13.67951;3;5;EXTRACT;3;
46.76563;709;-34.42258;1.162571;3;2;EXTRACT;0;
47.76563;717;-14.33986;-20.42648;3;3;EXTRACT;2;
48.20313;706;-10.60302;-13.67951;3;4;EXTRACT;3;
48.76563;709;-34.42258;1.162571;3;1;EXTRACT;0;
49.78125;717;-14.33986;-20.42648;3;2;EXTRACT;2;
50.21875;706;-10.60302;-13.67951;3;3;EXTRACT;3;
50.78125;709;-34.42258;1.162571;3;0;EXTRACT;0;
50.76563;709;-34.42258;1.162571;3;0;DESTROYED;;
50.78125;720;30.43738;-40.87537;3;16;CREATED;;
51.75;717;-14.33986;-20.42648;3;1;EXTRACT;2;
52.21875;706;-10.60302;-13.67951;3;2;EXTRACT;3;
53.76563;717;-14.33986;-20.42648;3;0;EXTRACT;2;
53.76563;717;-14.33986;-20.42648;3;0;DESTROYED;;
53.76563;721;-21.24739;36.16163;3;16;CREATED;;
54.20313;706;-10.60302;-13.67951;3;1;EXTRACT;3;
56.20313;706;-10.60302;-13.67951;3;0;EXTRACT;3;
56.20313;706;-10.60302;-13.67951;3;0;DESTROYED;;
56.20313;722;25.84367;26.87315;3;16;CREATED;;
76.3125;708;-0.9760284;-22.87742;3;16;DISCOVER;0;
79.375;708;-0.9760284;-22.87742;3;15;EXTRACT;0;
81.375;708;-0.9760284;-22.87742;3;14;EXTRACT;0;
83.34375;708;-0.9760284;-22.87742;3;13;EXTRACT;0;
83.59375;710;-24.64585;28.18521;3;16;DISCOVER;2;
85.35938;708;-0.9760284;-22.87742;3;12;EXTRACT;0;
86.20313;710;-24.64585;28.18521;3;15;EXTRACT;2;
87.35938;708;-0.9760284;-22.87742;3;11;EXTRACT;0;
88.20313;710;-24.64585;28.18521;3;14;EXTRACT;2;
89.375;708;-0.9760284;-22.87742;3;10;EXTRACT;0;
90.21875;710;-24.64585;28.18521;3;13;EXTRACT;2;
91.375;708;-0.9760284;-22.87742;3;9;EXTRACT;0;
92.21875;710;-24.64585;28.18521;3;12;EXTRACT;2;
93.375;708;-0.9760284;-22.87742;3;8;EXTRACT;0;
94.21875;710;-24.64585;28.18521;3;11;EXTRACT;2;
95.34375;708;-0.9760284;-22.87742;3;7;EXTRACT;0;
96.23438;710;-24.64585;28.18521;3;10;EXTRACT;2;
97.35938;708;-0.9760284;-22.87742;3;6;EXTRACT;0;
98.1875;710;-24.64585;28.18521;3;9;EXTRACT;2;
99.35938;708;-0.9760284;-22.87742;3;5;EXTRACT;0;
100.2031;710;-24.64585;28.18521;3;8;EXTRACT;2;
100.3594;712;-2.184086;-8.169048;3;16;DISCOVER;3;
101.3594;708;-0.9760284;-22.87742;3;4;EXTRACT;0;
102.2031;710;-24.64585;28.18521;3;7;EXTRACT;2;
103.2969;712;-2.184086;-8.169048;3;15;EXTRACT;3;
103.375;708;-0.9760284;-22.87742;3;3;EXTRACT;0;
104.2188;710;-24.64585;28.18521;3;6;EXTRACT;2;
105.2969;712;-2.184086;-8.169048;3;14;EXTRACT;3;
105.375;708;-0.9760284;-22.87742;3;2;EXTRACT;0;
106.2188;710;-24.64585;28.18521;3;5;EXTRACT;2;
107.3125;712;-2.184086;-8.169048;3;13;EXTRACT;3;
107.3438;708;-0.9760284;-22.87742;3;1;EXTRACT;0;
108.2344;710;-24.64585;28.18521;3;4;EXTRACT;2;
109.2656;712;-2.184086;-8.169048;3;12;EXTRACT;3;
109.3594;708;-0.9760284;-22.87742;3;0;EXTRACT;0;
109.3125;708;-0.9760284;-22.87742;3;0;DESTROYED;;
109.3594;723;-27.1578;-29.9723;3;16;CREATED;;
110.2031;710;-24.64585;28.18521;3;3;EXTRACT;2;
111.2813;712;-2.184086;-8.169048;3;11;EXTRACT;3;
112.2031;710;-24.64585;28.18521;3;2;EXTRACT;2;
113.2813;712;-2.184086;-8.169048;3;10;EXTRACT;3;
114.2188;710;-24.64585;28.18521;3;1;EXTRACT;2;
115.2969;712;-2.184086;-8.169048;3;9;EXTRACT;3;
116.2188;710;-24.64585;28.18521;3;0;EXTRACT;2;
116.2031;710;-24.64585;28.18521;3;0;DESTROYED;;
116.2188;724;42.04035;-21.84514;3;16;CREATED;;
117.2969;712;-2.184086;-8.169048;3;8;EXTRACT;3;
119.3125;712;-2.184086;-8.169048;3;7;EXTRACT;3;
121.2813;712;-2.184086;-8.169048;3;6;EXTRACT;3;
123.2813;712;-2.184086;-8.169048;3;5;EXTRACT;3;
125.2969;712;-2.184086;-8.169048;3;4;EXTRACT;3;
127.2969;712;-2.184086;-8.169048;3;3;EXTRACT;3;
129.2969;712;-2.184086;-8.169048;3;2;EXTRACT;3;
131.2969;712;-2.184086;-8.169048;3;1;EXTRACT;3;
133.3125;712;-2.184086;-8.169048;3;0;EXTRACT;3;
133.2813;712;-2.184086;-8.169048;3;0;DESTROYED;;
133.3125;725;-22.34031;-5.085506;3;16;CREATED;;
140.1563;720;30.43738;-40.87537;3;16;DISCOVER;0;
141.7969;718;20.67271;-32.05222;3;16;DISCOVER;1;
143.4531;720;30.43738;-40.87537;3;15;EXTRACT;0;
145.0938;718;20.67271;-32.05222;3;15;EXTRACT;1;
145.4531;720;30.43738;-40.87537;3;14;EXTRACT;0;
147.0625;718;20.67271;-32.05222;3;14;EXTRACT;1;
147.4531;720;30.43738;-40.87537;3;13;EXTRACT;0;
149.0625;718;20.67271;-32.05222;3;13;EXTRACT;1;
149.4688;720;30.43738;-40.87537;3;12;EXTRACT;0;
151.0781;718;20.67271;-32.05222;3;12;EXTRACT;1;
151.4375;720;30.43738;-40.87537;3;11;EXTRACT;0;
153.0781;718;20.67271;-32.05222;3;11;EXTRACT;1;
153.4375;720;30.43738;-40.87537;3;10;EXTRACT;0;
155.0781;718;20.67271;-32.05222;3;10;EXTRACT;1;
155.4531;720;30.43738;-40.87537;3;9;EXTRACT;0;
157.0469;718;20.67271;-32.05222;3;9;EXTRACT;1;
157.4531;720;30.43738;-40.87537;3;8;EXTRACT;0;
159.0625;718;20.67271;-32.05222;3;8;EXTRACT;1;
159.4688;720;30.43738;-40.87537;3;7;EXTRACT;0;
161.0625;718;20.67271;-32.05222;3;7;EXTRACT;1;
161.4375;720;30.43738;-40.87537;3;6;EXTRACT;0;
163.0781;718;20.67271;-32.05222;3;6;EXTRACT;1;
163.4375;720;30.43738;-40.87537;3;5;EXTRACT;0;
163.7656;715;37.55933;-1.450447;3;16;DISCOVER;3;
165.0781;718;20.67271;-32.05222;3;5;EXTRACT;1;
165.4531;720;30.43738;-40.87537;3;4;EXTRACT;0;
166.4531;715;37.55933;-1.450447;3;15;EXTRACT;3;
167.0938;718;20.67271;-32.05222;3;4;EXTRACT;1;
167.4531;720;30.43738;-40.87537;3;3;EXTRACT;0;
168.4531;715;37.55933;-1.450447;3;14;EXTRACT;3;
169.0625;718;20.67271;-32.05222;3;3;EXTRACT;1;
169.4531;720;30.43738;-40.87537;3;2;EXTRACT;0;
170.4531;715;37.55933;-1.450447;3;13;EXTRACT;3;
171.0625;718;20.67271;-32.05222;3;2;EXTRACT;1;
171.4375;720;30.43738;-40.87537;3;1;EXTRACT;0;
172.4688;715;37.55933;-1.450447;3;12;EXTRACT;3;
173.0781;718;20.67271;-32.05222;3;1;EXTRACT;1;
173.4375;720;30.43738;-40.87537;3;0;EXTRACT;0;
173.4375;720;30.43738;-40.87537;3;0;DESTROYED;;
173.4375;726;-31.02714;26.72739;3;16;CREATED;;
174.4375;715;37.55933;-1.450447;3;11;EXTRACT;3;
175.0938;718;20.67271;-32.05222;3;0;EXTRACT;1;
175.0469;718;20.67271;-32.05222;3;0;DESTROYED;;
175.0938;727;-11.3234;-1.579678;3;16;CREATED;;
176.4375;715;37.55933;-1.450447;3;10;EXTRACT;3;
178.4531;715;37.55933;-1.450447;3;9;EXTRACT;3;
180.4375;715;37.55933;-1.450447;3;8;EXTRACT;3;
182.4531;715;37.55933;-1.450447;3;7;EXTRACT;3;
184.4531;715;37.55933;-1.450447;3;6;EXTRACT;3;
186.4531;715;37.55933;-1.450447;3;5;EXTRACT;3;
188.3906;716;31.49896;-16.68189;3;16;DISCOVER;1;
188.4688;715;37.55933;-1.450447;3;4;EXTRACT;3;
190.4375;715;37.55933;-1.450447;3;3;EXTRACT;3;
191.2656;716;31.49896;-16.68189;3;15;EXTRACT;1;
192.4375;715;37.55933;-1.450447;3;2;EXTRACT;3;
192.7656;715;37.55933;-1.450447;3;2;DISCOVER;2;
193.2813;716;31.49896;-16.68189;3;14;EXTRACT;1;
194.4375;715;37.55933;-1.450447;3;1;EXTRACT;3;
195.2813;716;31.49896;-16.68189;3;13;EXTRACT;1;
195.3594;715;37.55933;-1.450447;3;0;EXTRACT;2;
195.3594;715;37.55933;-1.450447;3;0;DESTROYED;;
195.3594;728;-40.41366;-20.14651;3;16;CREATED;;
197.25;716;31.49896;-16.68189;3;12;EXTRACT;1;
199.2656;716;31.49896;-16.68189;3;11;EXTRACT;1;
201.2656;716;31.49896;-16.68189;3;10;EXTRACT;1;
203.2813;716;31.49896;-16.68189;3;9;EXTRACT;1;
205.2813;716;31.49896;-16.68189;3;8;EXTRACT;1;
207.2969;716;31.49896;-16.68189;3;7;EXTRACT;1;
209.25;716;31.49896;-16.68189;3;6;EXTRACT;1;
211.2656;716;31.49896;-16.68189;3;5;EXTRACT;1;
213.2656;716;31.49896;-16.68189;3;4;EXTRACT;1;
215.2813;716;31.49896;-16.68189;3;3;EXTRACT;1;
217.2813;716;31.49896;-16.68189;3;2;EXTRACT;1;
219.2813;716;31.49896;-16.68189;3;1;EXTRACT;1;
220.7344;727;-11.3234;-1.579678;3;16;DISCOVER;3;
221.2969;716;31.49896;-16.68189;3;0;EXTRACT;1;
221.2813;716;31.49896;-16.68189;3;0;DESTROYED;;
221.2969;729;-37.2599;-41.31387;3;16;CREATED;;
222.9844;728;-40.41366;-20.14651;3;16;DISCOVER;0;
223.3438;727;-11.3234;-1.579678;3;15;EXTRACT;3;
225.3438;727;-11.3234;-1.579678;3;14;EXTRACT;3;
225.9531;728;-40.41366;-20.14651;3;15;EXTRACT;0;
227.3594;727;-11.3234;-1.579678;3;13;EXTRACT;3;
227.9531;728;-40.41366;-20.14651;3;14;EXTRACT;0;
229.3594;727;-11.3234;-1.579678;3;12;EXTRACT;3;
229.9219;728;-40.41366;-20.14651;3;13;EXTRACT;0;
231.3594;727;-11.3234;-1.579678;3;11;EXTRACT;3;
231.9219;728;-40.41366;-20.14651;3;12;EXTRACT;0;
233.375;727;-11.3234;-1.579678;3;10;EXTRACT;3;
233.9219;728;-40.41366;-20.14651;3;11;EXTRACT;0;
235.375;727;-11.3234;-1.579678;3;9;EXTRACT;3;
235.9219;728;-40.41366;-20.14651;3;10;EXTRACT;0;
237.375;727;-11.3234;-1.579678;3;8;EXTRACT;3;
237.7656;726;-31.02714;26.72739;3;16;DISCOVER;2;
237.9375;728;-40.41366;-20.14651;3;9;EXTRACT;0;
239.375;727;-11.3234;-1.579678;3;7;EXTRACT;3;
239.9375;728;-40.41366;-20.14651;3;8;EXTRACT;0;
240.4531;726;-31.02714;26.72739;3;15;EXTRACT;2;
241.375;727;-11.3234;-1.579678;3;6;EXTRACT;3;
241.9375;728;-40.41366;-20.14651;3;7;EXTRACT;0;
242.4531;726;-31.02714;26.72739;3;14;EXTRACT;2;
243.375;727;-11.3234;-1.579678;3;5;EXTRACT;3;
243.9375;728;-40.41366;-20.14651;3;6;EXTRACT;0;
244.4688;726;-31.02714;26.72739;3;13;EXTRACT;2;
245.375;727;-11.3234;-1.579678;3;4;EXTRACT;3;
245.9375;728;-40.41366;-20.14651;3;5;EXTRACT;0;
246.4688;726;-31.02714;26.72739;3;12;EXTRACT;2;
247.3438;727;-11.3234;-1.579678;3;3;EXTRACT;3;
247.9375;728;-40.41366;-20.14651;3;4;EXTRACT;0;
248.4688;726;-31.02714;26.72739;3;11;EXTRACT;2;
249.3438;727;-11.3234;-1.579678;3;2;EXTRACT;3;
249.9531;728;-40.41366;-20.14651;3;3;EXTRACT;0;
250.4688;726;-31.02714;26.72739;3;10;EXTRACT;2;
250.7969;727;-11.3234;-1.579678;3;2;DISCOVER;1;
251.3438;727;-11.3234;-1.579678;3;1;EXTRACT;3;
251.9531;728;-40.41366;-20.14651;3;2;EXTRACT;0;
252.4688;726;-31.02714;26.72739;3;9;EXTRACT;2;
253.3594;727;-11.3234;-1.579678;3;0;EXTRACT;3;
253.3125;727;-11.3234;-1.579678;3;0;DESTROYED;;
253.3594;730;-33.23751;-2.062805;3;16;CREATED;;
253.9531;728;-40.41366;-20.14651;3;1;EXTRACT;0;
254.4688;726;-31.02714;26.72739;3;8;EXTRACT;2;
255.9531;728;-40.41366;-20.14651;3;0;EXTRACT;0;
255.9219;728;-40.41366;-20.14651;3;0;DESTROYED;;
255.9531;731;-44.52013;-28.28416;3;16;CREATED;;
256.4844;726;-31.02714;26.72739;3;7;EXTRACT;2;
258.4844;726;-31.02714;26.72739;3;6;EXTRACT;2;
260.4844;726;-31.02714;26.72739;3;5;EXTRACT;2;
262.4844;726;-31.02714;26.72739;3;4;EXTRACT;2;
264.4531;726;-31.02714;26.72739;3;3;EXTRACT;2;
266.4531;726;-31.02714;26.72739;3;2;EXTRACT;2;
268.4531;726;-31.02714;26.72739;3;1;EXTRACT;2;
270.4688;726;-31.02714;26.72739;3;0;EXTRACT;2;
270.4375;726;-31.02714;26.72739;3;0;DESTROYED;;
270.4688;732;-22.06078;9.505177;3;16;CREATED;;
275.0313;719;18.42761;3.785847;3;16;DISCOVER;1;
278.3281;719;18.42761;3.785847;3;15;EXTRACT;1;
278.6406;721;-21.24739;36.16163;3;16;DISCOVER;2;
280.3281;719;18.42761;3.785847;3;14;EXTRACT;1;
281.2969;721;-21.24739;36.16163;3;15;EXTRACT;2;
282.3125;719;18.42761;3.785847;3;13;EXTRACT;1;
283.3125;721;-21.24739;36.16163;3;14;EXTRACT;2;
284.3125;719;18.42761;3.785847;3;12;EXTRACT;1;
285.3125;721;-21.24739;36.16163;3;13;EXTRACT;2;
286.3281;719;18.42761;3.785847;3;11;EXTRACT;1;
287.2969;721;-21.24739;36.16163;3;12;EXTRACT;2;
288.3438;719;18.42761;3.785847;3;10;EXTRACT;1;
289.3125;721;-21.24739;36.16163;3;11;EXTRACT;2;
290.3125;719;18.42761;3.785847;3;9;EXTRACT;1;
291.3125;721;-21.24739;36.16163;3;10;EXTRACT;2;
292.3125;719;18.42761;3.785847;3;8;EXTRACT;1;
293.3125;721;-21.24739;36.16163;3;9;EXTRACT;2;
294.3125;719;18.42761;3.785847;3;7;EXTRACT;1;
295.3125;721;-21.24739;36.16163;3;8;EXTRACT;2;
296.3281;719;18.42761;3.785847;3;6;EXTRACT;1;
297.2813;721;-21.24739;36.16163;3;7;EXTRACT;2;
298.3281;719;18.42761;3.785847;3;5;EXTRACT;1;
299.2969;721;-21.24739;36.16163;3;6;EXTRACT;2;
300.3281;719;18.42761;3.785847;3;4;EXTRACT;1;
301.2969;721;-21.24739;36.16163;3;5;EXTRACT;2;
302.0156;721;-21.24739;36.16163;3;5;DISCOVER;0;
302.3438;719;18.42761;3.785847;3;3;EXTRACT;1;
303.2969;721;-21.24739;36.16163;3;4;EXTRACT;2;
304.3125;719;18.42761;3.785847;3;2;EXTRACT;1;
304.875;721;-21.24739;36.16163;3;3;EXTRACT;0;
305.2344;719;18.42761;3.785847;3;2;DISCOVER;3;
305.3125;721;-21.24739;36.16163;3;2;EXTRACT;2;
306.3125;719;18.42761;3.785847;3;1;EXTRACT;1;
306.875;721;-21.24739;36.16163;3;1;EXTRACT;0;
307.3125;721;-21.24739;36.16163;3;0;EXTRACT;2;
307.2813;721;-21.24739;36.16163;3;0;DESTROYED;;
307.3125;733;-29.58129;10.41629;3;16;CREATED;;
307.9219;719;18.42761;3.785847;3;0;EXTRACT;3;
307.9219;719;18.42761;3.785847;3;0;DESTROYED;;
307.9219;734;31.927;38.69693;3;16;CREATED;;
322.7656;722;25.84367;26.87315;3;16;DISCOVER;1;
325.375;714;42.10155;11.46577;3;16;DISCOVER;3;
325.7344;722;25.84367;26.87315;3;15;EXTRACT;1;
327.75;722;25.84367;26.87315;3;14;EXTRACT;1;
328.0469;714;42.10155;11.46577;3;15;EXTRACT;3;
329.75;722;25.84367;26.87315;3;13;EXTRACT;1;
330.0625;714;42.10155;11.46577;3;14;EXTRACT;3;
331.75;722;25.84367;26.87315;3;12;EXTRACT;1;
332.0625;714;42.10155;11.46577;3;13;EXTRACT;3;
333.3125;722;25.84367;26.87315;3;12;DISCOVER;2;
333.75;722;25.84367;26.87315;3;11;EXTRACT;1;
334.0625;714;42.10155;11.46577;3;12;EXTRACT;3;
335.75;722;25.84367;26.87315;3;10;EXTRACT;1;
335.7969;722;25.84367;26.87315;3;9;EXTRACT;2;
336.0781;714;42.10155;11.46577;3;11;EXTRACT;3;
337.75;722;25.84367;26.87315;3;8;EXTRACT;1;
337.7969;722;25.84367;26.87315;3;7;EXTRACT;2;
338.0781;714;42.10155;11.46577;3;10;EXTRACT;3;
339.7656;722;25.84367;26.87315;3;6;EXTRACT;1;
339.7969;722;25.84367;26.87315;3;5;EXTRACT;2;
340.0781;714;42.10155;11.46577;3;9;EXTRACT;3;
341.7656;722;25.84367;26.87315;3;4;EXTRACT;1;
341.7656;722;25.84367;26.87315;3;3;EXTRACT;2;
342.0469;714;42.10155;11.46577;3;8;EXTRACT;3;
343.7344;722;25.84367;26.87315;3;2;EXTRACT;1;
343.7813;722;25.84367;26.87315;3;1;EXTRACT;2;
344.0625;714;42.10155;11.46577;3;7;EXTRACT;3;
345.75;722;25.84367;26.87315;3;0;EXTRACT;1;
345.7188;722;25.84367;26.87315;3;0;DESTROYED;;
345.75;735;-15.98797;-14.08769;3;16;CREATED;;
346.0469;714;42.10155;11.46577;3;6;EXTRACT;3;
347.9844;714;42.10155;11.46577;3;5;EXTRACT;3;
349.9844;714;42.10155;11.46577;3;4;EXTRACT;3;
351.9688;714;42.10155;11.46577;3;3;EXTRACT;3;
353.9688;714;42.10155;11.46577;3;2;EXTRACT;3;
355.9531;714;42.10155;11.46577;3;1;EXTRACT;3;
357.9375;714;42.10155;11.46577;3;0;EXTRACT;3;
357.9219;714;42.10155;11.46577;3;0;DESTROYED;;
357.9375;736;-6.874325;21.03147;3;16;CREATED;;
389.0156;713;-31.89862;40.04469;3;16;DISCOVER;1;
389.2656;735;-15.98797;-14.08769;3;16;DISCOVER;0;
391.9844;713;-31.89862;40.04469;3;15;EXTRACT;1;
393.1875;735;-15.98797;-14.08769;3;15;EXTRACT;0;
394.0313;713;-31.89862;40.04469;3;14;EXTRACT;1;
395.2031;735;-15.98797;-14.08769;3;14;EXTRACT;0;
396;713;-31.89862;40.04469;3;13;EXTRACT;1;
397.2031;735;-15.98797;-14.08769;3;13;EXTRACT;0;
398.0156;713;-31.89862;40.04469;3;12;EXTRACT;1;
399.2188;735;-15.98797;-14.08769;3;12;EXTRACT;0;
399.2969;735;-15.98797;-14.08769;3;12;DISCOVER;2;
400.0625;713;-31.89862;40.04469;3;11;EXTRACT;1;
401.2188;735;-15.98797;-14.08769;3;11;EXTRACT;0;
401.7813;735;-15.98797;-14.08769;3;10;EXTRACT;2;
402.0156;713;-31.89862;40.04469;3;10;EXTRACT;1;
403.1875;735;-15.98797;-14.08769;3;9;EXTRACT;0;
403.7813;735;-15.98797;-14.08769;3;8;EXTRACT;2;
404.0313;713;-31.89862;40.04469;3;9;EXTRACT;1;
405.2031;735;-15.98797;-14.08769;3;7;EXTRACT;0;
405.7969;735;-15.98797;-14.08769;3;6;EXTRACT;2;
406.0469;713;-31.89862;40.04469;3;8;EXTRACT;1;
407.2031;735;-15.98797;-14.08769;3;5;EXTRACT;0;
407.7656;735;-15.98797;-14.08769;3;4;EXTRACT;2;
408.0469;713;-31.89862;40.04469;3;7;EXTRACT;1;
409.2188;735;-15.98797;-14.08769;3;3;EXTRACT;0;
409.7656;735;-15.98797;-14.08769;3;2;EXTRACT;2;
410.0469;713;-31.89862;40.04469;3;6;EXTRACT;1;
411.2188;735;-15.98797;-14.08769;3;1;EXTRACT;0;
411.7813;735;-15.98797;-14.08769;3;0;EXTRACT;2;
411.7656;735;-15.98797;-14.08769;3;0;DESTROYED;;
411.7813;737;22.59158;-19.01003;3;16;CREATED;;
412.0156;713;-31.89862;40.04469;3;5;EXTRACT;1;
414.0313;713;-31.89862;40.04469;3;4;EXTRACT;1;
416.0313;713;-31.89862;40.04469;3;3;EXTRACT;1;
418.0469;713;-31.89862;40.04469;3;2;EXTRACT;1;
420.0469;713;-31.89862;40.04469;3;1;EXTRACT;1;
422.0469;713;-31.89862;40.04469;3;0;EXTRACT;1;
422.0469;713;-31.89862;40.04469;3;0;DESTROYED;;
422.0469;738;21.55508;4.411522;3;16;CREATED;;
423.1719;725;-22.34031;-5.085506;3;16;DISCOVER;2;
425.7344;723;-27.1578;-29.9723;3;16;DISCOVER;0;
426.0625;725;-22.34031;-5.085506;3;15;EXTRACT;2;
428.0625;725;-22.34031;-5.085506;3;14;EXTRACT;2;
429.2656;723;-27.1578;-29.9723;3;15;EXTRACT;0;
430.0781;725;-22.34031;-5.085506;3;13;EXTRACT;2;
431.2813;723;-27.1578;-29.9723;3;14;EXTRACT;0;
432.0781;725;-22.34031;-5.085506;3;12;EXTRACT;2;
433.2813;723;-27.1578;-29.9723;3;13;EXTRACT;0;
434.0781;725;-22.34031;-5.085506;3;11;EXTRACT;2;
435.2813;723;-27.1578;-29.9723;3;12;EXTRACT;0;
436.0781;725;-22.34031;-5.085506;3;10;EXTRACT;2;
437.2813;723;-27.1578;-29.9723;3;11;EXTRACT;0;
438.0469;725;-22.34031;-5.085506;3;9;EXTRACT;2;
439.25;723;-27.1578;-29.9723;3;10;EXTRACT;0;
440.0625;725;-22.34031;-5.085506;3;8;EXTRACT;2;
441.25;723;-27.1578;-29.9723;3;9;EXTRACT;0;
442.0625;725;-22.34031;-5.085506;3;7;EXTRACT;2;
443.2656;723;-27.1578;-29.9723;3;8;EXTRACT;0;
444.0625;725;-22.34031;-5.085506;3;6;EXTRACT;2;
445.2656;723;-27.1578;-29.9723;3;7;EXTRACT;0;
445.3438;733;-29.58129;10.41629;3;16;DISCOVER;1;
446.0625;725;-22.34031;-5.085506;3;5;EXTRACT;2;
447.2656;723;-27.1578;-29.9723;3;6;EXTRACT;0;
448.0781;725;-22.34031;-5.085506;3;4;EXTRACT;2;
448.2813;733;-29.58129;10.41629;3;15;EXTRACT;1;
449.2813;723;-27.1578;-29.9723;3;5;EXTRACT;0;
450.0781;725;-22.34031;-5.085506;3;3;EXTRACT;2;
450.25;733;-29.58129;10.41629;3;14;EXTRACT;1;
451.2813;723;-27.1578;-29.9723;3;4;EXTRACT;0;
452.0469;725;-22.34031;-5.085506;3;2;EXTRACT;2;
452.2969;733;-29.58129;10.41629;3;13;EXTRACT;1;
453.25;723;-27.1578;-29.9723;3;3;EXTRACT;0;
454.0625;725;-22.34031;-5.085506;3;1;EXTRACT;2;
454.25;733;-29.58129;10.41629;3;12;EXTRACT;1;
455.2656;723;-27.1578;-29.9723;3;2;EXTRACT;0;
456.0625;725;-22.34031;-5.085506;3;0;EXTRACT;2;
456.0469;725;-22.34031;-5.085506;3;0;DESTROYED;;
456.0625;739;9.986332;1.77626;3;16;CREATED;;
456.2656;733;-29.58129;10.41629;3;11;EXTRACT;1;
457.2656;723;-27.1578;-29.9723;3;1;EXTRACT;0;
458.2656;733;-29.58129;10.41629;3;10;EXTRACT;1;
459.2656;723;-27.1578;-29.9723;3;0;EXTRACT;0;
459.2344;723;-27.1578;-29.9723;3;0;DESTROYED;;
459.2656;740;29.11857;-25.22458;3;16;CREATED;;
460.2656;733;-29.58129;10.41629;3;9;EXTRACT;1;
462.2813;733;-29.58129;10.41629;3;8;EXTRACT;1;
464.2969;733;-29.58129;10.41629;3;7;EXTRACT;1;
465.8906;733;-29.58129;10.41629;3;7;DISCOVER;2;
466.2813;733;-29.58129;10.41629;3;6;EXTRACT;1;
468.2344;729;-37.2599;-41.31387;3;16;DISCOVER;0;
468.2813;733;-29.58129;10.41629;3;5;EXTRACT;1;
468.4063;733;-29.58129;10.41629;3;4;EXTRACT;2;
470.2969;733;-29.58129;10.41629;3;3;EXTRACT;1;
470.375;733;-29.58129;10.41629;3;2;EXTRACT;2;
471.5;729;-37.2599;-41.31387;3;15;EXTRACT;0;
472.2656;733;-29.58129;10.41629;3;1;EXTRACT;1;
472.375;733;-29.58129;10.41629;3;0;EXTRACT;2;
472.3594;733;-29.58129;10.41629;3;0;DESTROYED;;
472.375;741;32.72402;1.998047;3;16;CREATED;;
473.5;729;-37.2599;-41.31387;3;14;EXTRACT;0;
475.5156;729;-37.2599;-41.31387;3;13;EXTRACT;0;
477.1563;732;-22.06078;9.505177;3;16;DISCOVER;2;
477.2813;736;-6.874325;21.03147;3;16;DISCOVER;3;
477.4844;729;-37.2599;-41.31387;3;12;EXTRACT;0;
479.4844;729;-37.2599;-41.31387;3;11;EXTRACT;0;
479.9688;732;-22.06078;9.505177;3;15;EXTRACT;2;
480.4063;736;-6.874325;21.03147;3;15;EXTRACT;3;
481.0469;732;-22.06078;9.505177;3;15;DISCOVER;1;
481.5;729;-37.2599;-41.31387;3;10;EXTRACT;0;
481.9688;732;-22.06078;9.505177;3;14;EXTRACT;2;
482.4063;736;-6.874325;21.03147;3;14;EXTRACT;3;
483.5;729;-37.2599;-41.31387;3;9;EXTRACT;0;
483.8125;732;-22.06078;9.505177;3;13;EXTRACT;1;
483.9688;732;-22.06078;9.505177;3;12;EXTRACT;2;
484.4219;736;-6.874325;21.03147;3;13;EXTRACT;3;
485.5;729;-37.2599;-41.31387;3;8;EXTRACT;0;
485.8125;732;-22.06078;9.505177;3;11;EXTRACT;1;
485.9844;732;-22.06078;9.505177;3;10;EXTRACT;2;
486.4219;736;-6.874325;21.03147;3;12;EXTRACT;3;
487.5;729;-37.2599;-41.31387;3;7;EXTRACT;0;
487.8281;732;-22.06078;9.505177;3;9;EXTRACT;1;
487.9844;732;-22.06078;9.505177;3;8;EXTRACT;2;
488.4219;736;-6.874325;21.03147;3;11;EXTRACT;3;
489.5156;729;-37.2599;-41.31387;3;6;EXTRACT;0;
489.8281;732;-22.06078;9.505177;3;7;EXTRACT;1;
489.9844;732;-22.06078;9.505177;3;6;EXTRACT;2;
490.4219;736;-6.874325;21.03147;3;10;EXTRACT;3;
491.5156;729;-37.2599;-41.31387;3;5;EXTRACT;0;
491.8281;732;-22.06078;9.505177;3;5;EXTRACT;1;
491.9531;732;-22.06078;9.505177;3;4;EXTRACT;2;
492.4375;736;-6.874325;21.03147;3;9;EXTRACT;3;
493.4844;729;-37.2599;-41.31387;3;4;EXTRACT;0;
493.8438;732;-22.06078;9.505177;3;3;EXTRACT;1;
493.9531;732;-22.06078;9.505177;3;2;EXTRACT;2;
494.4063;736;-6.874325;21.03147;3;8;EXTRACT;3;
495.4844;729;-37.2599;-41.31387;3;3;EXTRACT;0;
495.8438;732;-22.06078;9.505177;3;1;EXTRACT;1;
495.9688;732;-22.06078;9.505177;3;0;EXTRACT;2;
495.9531;732;-22.06078;9.505177;3;0;DESTROYED;;
495.9688;742;-16.59579;12.87511;3;16;CREATED;;
496.4063;736;-6.874325;21.03147;3;7;EXTRACT;3;
497.4844;729;-37.2599;-41.31387;3;2;EXTRACT;0;
498.4063;736;-6.874325;21.03147;3;6;EXTRACT;3;
499.5;729;-37.2599;-41.31387;3;1;EXTRACT;0;
500.4219;736;-6.874325;21.03147;3;5;EXTRACT;3;
501.1406;742;-16.59579;12.87511;3;16;DISCOVER;2;
501.5;729;-37.2599;-41.31387;3;0;EXTRACT;0;
501.4844;729;-37.2599;-41.31387;3;0;DESTROYED;;
501.5;743;-0.3676491;-11.65431;3;16;CREATED;;
502.4219;736;-6.874325;21.03147;3;4;EXTRACT;3;
504.0625;742;-16.59579;12.87511;3;15;EXTRACT;2;
504.4375;736;-6.874325;21.03147;3;3;EXTRACT;3;
506.0781;742;-16.59579;12.87511;3;14;EXTRACT;2;
506.4375;736;-6.874325;21.03147;3;2;EXTRACT;3;
508.0781;742;-16.59579;12.87511;3;13;EXTRACT;2;
508.2813;742;-16.59579;12.87511;3;13;DISCOVER;1;
508.4063;736;-6.874325;21.03147;3;1;EXTRACT;3;
510.0938;742;-16.59579;12.87511;3;12;EXTRACT;2;
510.4063;736;-6.874325;21.03147;3;0;EXTRACT;3;
510.4063;736;-6.874325;21.03147;3;0;DESTROYED;;
510.4063;744;17.40667;-9.243618;3;16;CREATED;;
510.7344;742;-16.59579;12.87511;3;11;EXTRACT;1;
512.0938;742;-16.59579;12.87511;3;10;EXTRACT;2;
512.7344;742;-16.59579;12.87511;3;9;EXTRACT;1;
514.1094;742;-16.59579;12.87511;3;8;EXTRACT;2;
514.1875;707;-33.63977;-33.44886;3;16;DISCOVER;0;
514.7188;742;-16.59579;12.87511;3;7;EXTRACT;1;
516.0781;742;-16.59579;12.87511;3;6;EXTRACT;2;
516.7344;742;-16.59579;12.87511;3;5;EXTRACT;1;
517.1094;707;-33.63977;-33.44886;3;15;EXTRACT;0;
518.1094;742;-16.59579;12.87511;3;4;EXTRACT;2;
518.3438;742;-16.59579;12.87511;3;4;DISCOVER;3;
518.75;742;-16.59579;12.87511;3;3;EXTRACT;1;
519.1406;707;-33.63977;-33.44886;3;14;EXTRACT;0;
520.0938;742;-16.59579;12.87511;3;2;EXTRACT;2;
520.75;742;-16.59579;12.87511;3;1;EXTRACT;1;
520.8906;742;-16.59579;12.87511;3;0;EXTRACT;3;
520.8438;742;-16.59579;12.87511;3;0;DESTROYED;;
520.8906;745;-21.86871;42.22205;3;16;CREATED;;
521.125;707;-33.63977;-33.44886;3;13;EXTRACT;0;
523.1094;707;-33.63977;-33.44886;3;12;EXTRACT;0;
525.125;707;-33.63977;-33.44886;3;11;EXTRACT;0;
527.0781;707;-33.63977;-33.44886;3;10;EXTRACT;0;
529.0938;707;-33.63977;-33.44886;3;9;EXTRACT;0;
531.0625;707;-33.63977;-33.44886;3;8;EXTRACT;0;
533.0625;707;-33.63977;-33.44886;3;7;EXTRACT;0;
535.0625;707;-33.63977;-33.44886;3;6;EXTRACT;0;
537.0781;707;-33.63977;-33.44886;3;5;EXTRACT;0;
539.0781;707;-33.63977;-33.44886;3;4;EXTRACT;0;
541.0938;707;-33.63977;-33.44886;3;3;EXTRACT;0;
543.0625;707;-33.63977;-33.44886;3;2;EXTRACT;0;
545.0625;707;-33.63977;-33.44886;3;1;EXTRACT;0;
546.9531;743;-0.3676491;-11.65431;3;16;DISCOVER;2;
547.0781;707;-33.63977;-33.44886;3;0;EXTRACT;0;
547.0469;707;-33.63977;-33.44886;3;0;DESTROYED;;
547.0781;746;35.22035;19.08963;3;16;CREATED;;
549.6875;743;-0.3676491;-11.65431;3;15;EXTRACT;2;
551.6875;743;-0.3676491;-11.65431;3;14;EXTRACT;2;
553.7031;743;-0.3676491;-11.65431;3;13;EXTRACT;2;
555.7031;743;-0.3676491;-11.65431;3;12;EXTRACT;2;
557.7188;743;-0.3676491;-11.65431;3;11;EXTRACT;2;
559.7188;743;-0.3676491;-11.65431;3;10;EXTRACT;2;
561.6875;743;-0.3676491;-11.65431;3;9;EXTRACT;2;
562.7656;743;-0.3676491;-11.65431;3;9;DISCOVER;1;
563.6875;743;-0.3676491;-11.65431;3;8;EXTRACT;2;
565.3281;743;-0.3676491;-11.65431;3;7;EXTRACT;1;
565.7031;743;-0.3676491;-11.65431;3;6;EXTRACT;2;
567.3438;743;-0.3676491;-11.65431;3;5;EXTRACT;1;
567.7031;743;-0.3676491;-11.65431;3;4;EXTRACT;2;
569.3594;743;-0.3676491;-11.65431;3;3;EXTRACT;1;
569.7031;743;-0.3676491;-11.65431;3;2;EXTRACT;2;
571.3594;743;-0.3676491;-11.65431;3;1;EXTRACT;1;
571.7188;743;-0.3676491;-11.65431;3;0;EXTRACT;2;
571.6719;743;-0.3676491;-11.65431;3;0;DESTROYED;;
571.7188;747;39.09233;-0.6428986;3;16;CREATED;;
578.9375;746;35.22035;19.08963;3;16;DISCOVER;3;
582.1094;746;35.22035;19.08963;3;15;EXTRACT;3;
582.4375;744;17.40667;-9.243618;3;16;DISCOVER;2;
582.875;737;22.59158;-19.01003;3;16;DISCOVER;0;
584.125;746;35.22035;19.08963;3;14;EXTRACT;3;
585.1719;744;17.40667;-9.243618;3;15;EXTRACT;2;
585.8125;737;22.59158;-19.01003;3;15;EXTRACT;0;
586.125;746;35.22035;19.08963;3;13;EXTRACT;3;
587.1719;744;17.40667;-9.243618;3;14;EXTRACT;2;
587.8125;737;22.59158;-19.01003;3;14;EXTRACT;0;
588.0938;746;35.22035;19.08963;3;12;EXTRACT;3;
589.1719;744;17.40667;-9.243618;3;13;EXTRACT;2;
589.8125;737;22.59158;-19.01003;3;13;EXTRACT;0;
590.0938;746;35.22035;19.08963;3;11;EXTRACT;3;
591.1875;744;17.40667;-9.243618;3;12;EXTRACT;2;
591.8281;737;22.59158;-19.01003;3;12;EXTRACT;0;
592.1094;746;35.22035;19.08963;3;10;EXTRACT;3;
593.1875;744;17.40667;-9.243618;3;11;EXTRACT;2;
593.7969;737;22.59158;-19.01003;3;11;EXTRACT;0;
594.1094;746;35.22035;19.08963;3;9;EXTRACT;3;
595.1875;744;17.40667;-9.243618;3;10;EXTRACT;2;
595.7969;737;22.59158;-19.01003;3;10;EXTRACT;0;
596.1094;746;35.22035;19.08963;3;8;EXTRACT;3;
597.2031;744;17.40667;-9.243618;3;9;EXTRACT;2;
597.7969;737;22.59158;-19.01003;3;9;EXTRACT;0;
598.125;746;35.22035;19.08963;3;7;EXTRACT;3;
599.1719;744;17.40667;-9.243618;3;8;EXTRACT;2;
599.8125;737;22.59158;-19.01003;3;8;EXTRACT;0;
600.125;746;35.22035;19.08963;3;6;EXTRACT;3;
601.1719;744;17.40667;-9.243618;3;7;EXTRACT;2;
601.8125;737;22.59158;-19.01003;3;7;EXTRACT;0;
602.0938;746;35.22035;19.08963;3;5;EXTRACT;3;
603.1719;744;17.40667;-9.243618;3;6;EXTRACT;2;
603.8125;737;22.59158;-19.01003;3;6;EXTRACT;0;
604.0938;746;35.22035;19.08963;3;4;EXTRACT;3;
605.1875;744;17.40667;-9.243618;3;5;EXTRACT;2;
605.8281;737;22.59158;-19.01003;3;5;EXTRACT;0;
606.1094;746;35.22035;19.08963;3;3;EXTRACT;3;
607.1875;744;17.40667;-9.243618;3;4;EXTRACT;2;
607.7969;737;22.59158;-19.01003;3;4;EXTRACT;0;
608.1094;746;35.22035;19.08963;3;2;EXTRACT;3;
609.1875;744;17.40667;-9.243618;3;3;EXTRACT;2;
609.7969;737;22.59158;-19.01003;3;3;EXTRACT;0;
610.1094;746;35.22035;19.08963;3;1;EXTRACT;3;
611.2031;744;17.40667;-9.243618;3;2;EXTRACT;2;
611.7656;711;-20.9594;-43.40022;3;16;DISCOVER;1;
611.7969;737;22.59158;-19.01003;3;2;EXTRACT;0;
612.125;746;35.22035;19.08963;3;0;EXTRACT;3;
612.125;746;35.22035;19.08963;3;0;DESTROYED;;
612.125;748;-35.19767;-27.61227;3;16;CREATED;;
613.1719;744;17.40667;-9.243618;3;1;EXTRACT;2;
613.8125;737;22.59158;-19.01003;3;1;EXTRACT;0;
614.7656;711;-20.9594;-43.40022;3;15;EXTRACT;1;
615.1719;744;17.40667;-9.243618;3;0;EXTRACT;2;
615.1563;744;17.40667;-9.243618;3;0;DESTROYED;;
615.1719;749;-24.85468;-19.84574;3;16;CREATED;;
615.8125;737;22.59158;-19.01003;3;0;EXTRACT;0;
615.7969;737;22.59158;-19.01003;3;0;DESTROYED;;
615.8125;750;30.92812;-9.505775;3;16;CREATED;;
616.7344;711;-20.9594;-43.40022;3;14;EXTRACT;1;
618.6406;711;-20.9594;-43.40022;3;13;EXTRACT;1;
620.6406;711;-20.9594;-43.40022;3;12;EXTRACT;1;
622.6094;711;-20.9594;-43.40022;3;11;EXTRACT;1;
624.0938;750;30.92812;-9.505775;3;16;DISCOVER;2;
624.5781;711;-20.9594;-43.40022;3;10;EXTRACT;1;
626.625;711;-20.9594;-43.40022;3;9;EXTRACT;1;
626.8594;750;30.92812;-9.505775;3;15;EXTRACT;2;
628.6094;711;-20.9594;-43.40022;3;8;EXTRACT;1;
628.8438;750;30.92812;-9.505775;3;14;EXTRACT;2;
630.5938;711;-20.9594;-43.40022;3;7;EXTRACT;1;
630.875;750;30.92812;-9.505775;3;13;EXTRACT;2;
631.75;750;30.92812;-9.505775;3;13;DISCOVER;0;
632.5625;711;-20.9594;-43.40022;3;6;EXTRACT;1;
632.8438;750;30.92812;-9.505775;3;12;EXTRACT;2;
634.5625;750;30.92812;-9.505775;3;11;EXTRACT;0;
634.5625;711;-20.9594;-43.40022;3;5;EXTRACT;1;
634.8438;750;30.92812;-9.505775;3;10;EXTRACT;2;
636.5313;750;30.92812;-9.505775;3;9;EXTRACT;0;
636.5781;711;-20.9594;-43.40022;3;4;EXTRACT;1;
636.8594;750;30.92812;-9.505775;3;8;EXTRACT;2;
638.5313;750;30.92812;-9.505775;3;7;EXTRACT;0;
638.5781;711;-20.9594;-43.40022;3;3;EXTRACT;1;
638.8281;750;30.92812;-9.505775;3;6;EXTRACT;2;
640.5469;750;30.92812;-9.505775;3;5;EXTRACT;0;
640.5938;711;-20.9594;-43.40022;3;2;EXTRACT;1;
640.8281;750;30.92812;-9.505775;3;4;EXTRACT;2;
642.5625;750;30.92812;-9.505775;3;3;EXTRACT;0;
642.5938;711;-20.9594;-43.40022;3;1;EXTRACT;1;
642.8438;750;30.92812;-9.505775;3;2;EXTRACT;2;
644.5625;750;30.92812;-9.505775;3;1;EXTRACT;0;
644.6094;711;-20.9594;-43.40022;3;0;EXTRACT;1;
644.5938;711;-20.9594;-43.40022;3;0;DESTROYED;;
644.6094;751;-30.61086;21.91724;3;16;CREATED;;
644.8438;750;30.92812;-9.505775;3;0;EXTRACT;2;
644.8438;750;30.92812;-9.505775;3;0;DESTROYED;;
644.8438;752;-39.0648;23.93388;3;16;CREATED;;
658.5781;751;-30.61086;21.91724;3;16;DISCOVER;3;
662.2656;751;-30.61086;21.91724;3;15;EXTRACT;3;
664.2656;751;-30.61086;21.91724;3;14;EXTRACT;3;
664.9531;749;-24.85468;-19.84574;3;16;DISCOVER;1;
666.2656;751;-30.61086;21.91724;3;13;EXTRACT;3;
667.7813;749;-24.85468;-19.84574;3;15;EXTRACT;1;
668.2656;751;-30.61086;21.91724;3;12;EXTRACT;3;
669.8281;749;-24.85468;-19.84574;3;14;EXTRACT;1;
670.2656;751;-30.61086;21.91724;3;11;EXTRACT;3;
671.8281;749;-24.85468;-19.84574;3;13;EXTRACT;1;
672.2813;751;-30.61086;21.91724;3;10;EXTRACT;3;
673.8438;749;-24.85468;-19.84574;3;12;EXTRACT;1;
674.2813;751;-30.61086;21.91724;3;9;EXTRACT;3;
675.8438;749;-24.85468;-19.84574;3;11;EXTRACT;1;
676.2813;751;-30.61086;21.91724;3;8;EXTRACT;3;
677.8438;749;-24.85468;-19.84574;3;10;EXTRACT;1;
678.2969;751;-30.61086;21.91724;3;7;EXTRACT;3;
679.375;749;-24.85468;-19.84574;3;10;DISCOVER;2;
679.8594;749;-24.85468;-19.84574;3;9;EXTRACT;1;
680.2969;751;-30.61086;21.91724;3;6;EXTRACT;3;
681.8594;749;-24.85468;-19.84574;3;8;EXTRACT;1;
682.0156;749;-24.85468;-19.84574;3;7;EXTRACT;2;
682.2656;751;-30.61086;21.91724;3;5;EXTRACT;3;
683.8594;749;-24.85468;-19.84574;3;6;EXTRACT;1;
684.0313;749;-24.85468;-19.84574;3;5;EXTRACT;2;
684.2656;751;-30.61086;21.91724;3;4;EXTRACT;3;
685.8594;749;-24.85468;-19.84574;3;4;EXTRACT;1;
686.0313;749;-24.85468;-19.84574;3;3;EXTRACT;2;
686.2813;751;-30.61086;21.91724;3;3;EXTRACT;3;
687.875;749;-24.85468;-19.84574;3;2;EXTRACT;1;
688;749;-24.85468;-19.84574;3;1;EXTRACT;2;
688.2813;751;-30.61086;21.91724;3;2;EXTRACT;3;
689.8594;749;-24.85468;-19.84574;3;0;EXTRACT;1;
689.8438;749;-24.85468;-19.84574;3;0;DESTROYED;;
689.8594;753;-31.99573;-11.4299;3;16;CREATED;;
690.2969;751;-30.61086;21.91724;3;1;EXTRACT;3;
692.25;751;-30.61086;21.91724;3;0;EXTRACT;3;
692.2344;751;-30.61086;21.91724;3;0;DESTROYED;;
692.25;754;-28.92025;43.37602;3;16;CREATED;;
698.4219;752;-39.0648;23.93388;3;16;DISCOVER;3;
701.2344;752;-39.0648;23.93388;3;15;EXTRACT;3;
703.2031;752;-39.0648;23.93388;3;14;EXTRACT;3;
705.2031;752;-39.0648;23.93388;3;13;EXTRACT;3;
707.2188;752;-39.0648;23.93388;3;12;EXTRACT;3;
709.2188;752;-39.0648;23.93388;3;11;EXTRACT;3;
711.2344;752;-39.0648;23.93388;3;10;EXTRACT;3;
713.2031;752;-39.0648;23.93388;3;9;EXTRACT;3;
715;752;-39.0648;23.93388;3;9;DISCOVER;2;
715.2031;752;-39.0648;23.93388;3;8;EXTRACT;3;
717.2031;752;-39.0648;23.93388;3;7;EXTRACT;3;
717.7344;752;-39.0648;23.93388;3;6;EXTRACT;2;
719.2188;752;-39.0648;23.93388;3;5;EXTRACT;3;
719.7344;752;-39.0648;23.93388;3;4;EXTRACT;2;
