Time;PatchID;PositionX;PositionZ;Radius;CoinAmount;PatchEvent;TriggerPlayer;
0;259;35.27705;-37.59813;3;16;CREATED;;
0;260;-44.68005;-37.39953;3;16;CREATED;;
0;261;-14.37184;-43.14507;3;16;CREATED;;
0;262;13.07885;3.402496;3;16;CREATED;;
0;263;38.2525;11.40276;3;16;CREATED;;
0;264;-44.76319;28.91544;3;16;CREATED;;
0;265;5.829327;3.851959;3;16;CREATED;;
0;266;18.88192;-9.46859;3;16;CREATED;;
0;267;-9.918427;-5.871769;3;16;CREATED;;
0;268;42.14229;35.98316;3;16;CREATED;;
0;269;-26.94487;0.442955;3;16;CREATED;;
0;270;-4.529625;25.4006;3;16;CREATED;;
0;271;44.34596;9.358532;3;16;CREATED;;
0;272;9.505249;9.392834;3;16;CREATED;;
0;273;32.88438;23.27198;3;16;CREATED;;
16.6582;260;-44.68005;-37.39953;3;16;DISCOVER;0;
19.86523;260;-44.68005;-37.39953;3;15;EXTRACT;0;
20.14453;264;-44.76319;28.91544;3;16;DISCOVER;2;
20.18555;259;35.27705;-37.59813;3;16;DISCOVER;3;
21.86914;260;-44.68005;-37.39953;3;14;EXTRACT;0;
23.07227;264;-44.76319;28.91544;3;15;EXTRACT;2;
23.39258;259;35.27705;-37.59813;3;15;EXTRACT;3;
23.875;260;-44.68005;-37.39953;3;13;EXTRACT;0;
25.07813;264;-44.76319;28.91544;3;14;EXTRACT;2;
25.40234;259;35.27705;-37.59813;3;14;EXTRACT;3;
25.8418;260;-44.68005;-37.39953;3;12;EXTRACT;0;
27.08594;264;-44.76319;28.91544;3;13;EXTRACT;2;
27.40625;259;35.27705;-37.59813;3;13;EXTRACT;3;
27.8457;260;-44.68005;-37.39953;3;11;EXTRACT;0;
29.08789;264;-44.76319;28.91544;3;12;EXTRACT;2;
29.41016;259;35.27705;-37.59813;3;12;EXTRACT;3;
29.85156;260;-44.68005;-37.39953;3;10;EXTRACT;0;
31.05469;264;-44.76319;28.91544;3;11;EXTRACT;2;
31.41797;259;35.27705;-37.59813;3;11;EXTRACT;3;
31.85742;260;-44.68005;-37.39953;3;9;EXTRACT;0;
33.05859;264;-44.76319;28.91544;3;10;EXTRACT;2;
33.41992;259;35.27705;-37.59813;3;10;EXTRACT;3;
33.85938;260;-44.68005;-37.39953;3;8;EXTRACT;0;
35.0625;264;-44.76319;28.91544;3;9;EXTRACT;2;
35.42383;259;35.27705;-37.59813;3;9;EXTRACT;3;
35.86328;260;-44.68005;-37.39953;3;7;EXTRACT;0;
37.06641;264;-44.76319;28.91544;3;8;EXTRACT;2;
37.39063;259;35.27705;-37.59813;3;8;EXTRACT;3;
37.87109;260;-44.68005;-37.39953;3;6;EXTRACT;0;
39.07227;264;-44.76319;28.91544;3;7;EXTRACT;2;
39.39453;259;35.27705;-37.59813;3;7;EXTRACT;3;
39.87305;260;-44.68005;-37.39953;3;5;EXTRACT;0;
41.07617;264;-44.76319;28.91544;3;6;EXTRACT;2;
41.39648;259;35.27705;-37.59813;3;6;EXTRACT;3;
41.83789;260;-44.68005;-37.39953;3;5;DISCOVER;1;
41.87891;260;-44.68005;-37.39953;3;4;EXTRACT;0;
43.08008;264;-44.76319;28.91544;3;5;EXTRACT;2;
43.40039;259;35.27705;-37.59813;3;5;EXTRACT;3;
43.83984;260;-44.68005;-37.39953;3;3;EXTRACT;0;
44.64258;260;-44.68005;-37.39953;3;2;EXTRACT;1;
45.08203;264;-44.76319;28.91544;3;4;EXTRACT;2;
45.40234;259;35.27705;-37.59813;3;4;EXTRACT;3;
45.84375;260;-44.68005;-37.39953;3;1;EXTRACT;0;
46.64453;260;-44.68005;-37.39953;3;0;EXTRACT;1;
46.64063;260;-44.68005;-37.39953;3;0;DESTROYED;;
46.64453;274;44.84555;-14.44089;3;16;CREATED;;
47.08398;264;-44.76319;28.91544;3;3;EXTRACT;2;
47.4043;259;35.27705;-37.59813;3;3;EXTRACT;3;
49.08984;264;-44.76319;28.91544;3;2;EXTRACT;2;
49.41016;259;35.27705;-37.59813;3;2;EXTRACT;3;
51.05469;264;-44.76319;28.91544;3;1;EXTRACT;2;
51.41602;259;35.27705;-37.59813;3;1;EXTRACT;3;
53.10156;264;-44.76319;28.91544;3;0;EXTRACT;2;
53.08008;264;-44.76319;28.91544;3;0;DESTROYED;;
53.10156;275;7.409821;42.15042;3;16;CREATED;;
53.42188;259;35.27705;-37.59813;3;0;EXTRACT;3;
53.40039;259;35.27705;-37.59813;3;0;DESTROYED;;
53.42188;276;7.716484;-15.5817;3;16;CREATED;;
65.88086;261;-14.37184;-43.14507;3;16;DISCOVER;0;
68.91406;261;-14.37184;-43.14507;3;15;EXTRACT;0;
70.92188;261;-14.37184;-43.14507;3;14;EXTRACT;0;
72.92969;261;-14.37184;-43.14507;3;13;EXTRACT;0;
74.93359;261;-14.37184;-43.14507;3;12;EXTRACT;0;
76.9082;261;-14.37184;-43.14507;3;11;EXTRACT;0;
78.91406;261;-14.37184;-43.14507;3;10;EXTRACT;0;
80.91992;261;-14.37184;-43.14507;3;9;EXTRACT;0;
81.16406;261;-14.37184;-43.14507;3;9;DISCOVER;1;
82.92773;261;-14.37184;-43.14507;3;8;EXTRACT;0;
83.60938;261;-14.37184;-43.14507;3;8;DISCOVER;3;
84.16992;261;-14.37184;-43.14507;3;7;EXTRACT;1;
84.93164;261;-14.37184;-43.14507;3;6;EXTRACT;0;
86.13477;261;-14.37184;-43.14507;3;5;EXTRACT;3;
86.17383;261;-14.37184;-43.14507;3;4;EXTRACT;1;
86.93555;261;-14.37184;-43.14507;3;3;EXTRACT;0;
88.14063;261;-14.37184;-43.14507;3;2;EXTRACT;3;
88.18164;261;-14.37184;-43.14507;3;1;EXTRACT;1;
88.94531;261;-14.37184;-43.14507;3;0;EXTRACT;0;
88.91992;261;-14.37184;-43.14507;3;0;DESTROYED;;
88.94531;277;-42.56326;-25.29975;3;16;CREATED;;
97.77344;268;42.14229;35.98316;3;16;DISCOVER;2;
100.8203;268;42.14229;35.98316;3;15;EXTRACT;2;
102.8242;268;42.14229;35.98316;3;14;EXTRACT;2;
104.791;268;42.14229;35.98316;3;13;EXTRACT;2;
106.7949;268;42.14229;35.98316;3;12;EXTRACT;2;
108.7969;268;42.14229;35.98316;3;11;EXTRACT;2;
110.8027;268;42.14229;35.98316;3;10;EXTRACT;2;
112.8086;268;42.14229;35.98316;3;9;EXTRACT;2;
114.8105;268;42.14229;35.98316;3;8;EXTRACT;2;
116.8164;268;42.14229;35.98316;3;7;EXTRACT;2;
118.8242;268;42.14229;35.98316;3;6;EXTRACT;2;
120.791;268;42.14229;35.98316;3;5;EXTRACT;2;
122.7988;268;42.14229;35.98316;3;4;EXTRACT;2;
124.8066;268;42.14229;35.98316;3;3;EXTRACT;2;
126.8145;268;42.14229;35.98316;3;2;EXTRACT;2;
128.8223;268;42.14229;35.98316;3;1;EXTRACT;2;
130.8262;268;42.14229;35.98316;3;0;EXTRACT;2;
130.8008;268;42.14229;35.98316;3;0;DESTROYED;;
130.8262;278;-31.98186;25.1507;3;16;CREATED;;
147.5508;271;44.34596;9.358532;3;16;DISCOVER;0;
150.5605;271;44.34596;9.358532;3;15;EXTRACT;0;
152.5664;271;44.34596;9.358532;3;14;EXTRACT;0;
154.5313;271;44.34596;9.358532;3;13;EXTRACT;0;
156.5371;271;44.34596;9.358532;3;12;EXTRACT;0;
158.543;271;44.34596;9.358532;3;11;EXTRACT;0;
160.5508;271;44.34596;9.358532;3;10;EXTRACT;0;
162.5547;271;44.34596;9.358532;3;9;EXTRACT;0;
164.5586;271;44.34596;9.358532;3;8;EXTRACT;0;
164.998;263;38.2525;11.40276;3;16;DISCOVER;2;
166.5645;271;44.34596;9.358532;3;7;EXTRACT;0;
167.8047;263;38.2525;11.40276;3;15;EXTRACT;2;
168.5664;271;44.34596;9.358532;3;6;EXTRACT;0;
168.9277;275;7.409821;42.15042;3;16;DISCOVER;3;
169.8086;263;38.2525;11.40276;3;14;EXTRACT;2;
170.5313;271;44.34596;9.358532;3;5;EXTRACT;0;
171.7344;275;7.409821;42.15042;3;15;EXTRACT;3;
171.7734;263;38.2525;11.40276;3;13;EXTRACT;2;
172.5352;271;44.34596;9.358532;3;4;EXTRACT;0;
173.7383;275;7.409821;42.15042;3;14;EXTRACT;3;
173.7773;263;38.2525;11.40276;3;12;EXTRACT;2;
174.5391;271;44.34596;9.358532;3;3;EXTRACT;0;
175.7402;275;7.409821;42.15042;3;13;EXTRACT;3;
175.7813;263;38.2525;11.40276;3;11;EXTRACT;2;
176.543;271;44.34596;9.358532;3;2;EXTRACT;0;
177.748;275;7.409821;42.15042;3;12;EXTRACT;3;
177.7871;263;38.2525;11.40276;3;10;EXTRACT;2;
178.5488;271;44.34596;9.358532;3;1;EXTRACT;0;
179.75;275;7.409821;42.15042;3;11;EXTRACT;3;
179.791;263;38.2525;11.40276;3;9;EXTRACT;2;
180.5527;271;44.34596;9.358532;3;0;EXTRACT;0;
180.5195;271;44.34596;9.358532;3;0;DESTROYED;;
180.5527;279;9.502537;31.33264;3;16;CREATED;;
181.7559;275;7.409821;42.15042;3;10;EXTRACT;3;
181.7949;263;38.2525;11.40276;3;8;EXTRACT;2;
183.7305;275;7.409821;42.15042;3;9;EXTRACT;3;
183.8105;263;38.2525;11.40276;3;7;EXTRACT;2;
185.7051;275;7.409821;42.15042;3;9;DISCOVER;1;
185.7461;275;7.409821;42.15042;3;8;EXTRACT;3;
185.7852;263;38.2525;11.40276;3;6;EXTRACT;2;
187.75;275;7.409821;42.15042;3;7;EXTRACT;3;
187.791;263;38.2525;11.40276;3;5;EXTRACT;2;
188.4707;275;7.409821;42.15042;3;6;EXTRACT;1;
189.7539;275;7.409821;42.15042;3;5;EXTRACT;3;
189.7949;263;38.2525;11.40276;3;4;EXTRACT;2;
190.4766;275;7.409821;42.15042;3;4;EXTRACT;1;
191.7598;275;7.409821;42.15042;3;3;EXTRACT;3;
191.8008;263;38.2525;11.40276;3;3;EXTRACT;2;
192.4824;275;7.409821;42.15042;3;2;EXTRACT;1;
193.7246;275;7.409821;42.15042;3;1;EXTRACT;3;
193.8047;263;38.2525;11.40276;3;2;EXTRACT;2;
194.4863;275;7.409821;42.15042;3;0;EXTRACT;1;
194.4805;275;7.409821;42.15042;3;0;DESTROYED;;
194.4863;280;-42.88495;10.33421;3;16;CREATED;;
195.8086;263;38.2525;11.40276;3;1;EXTRACT;2;
197.7754;263;38.2525;11.40276;3;0;EXTRACT;2;
197.7598;263;38.2525;11.40276;3;0;DESTROYED;;
197.7754;281;43.45313;-23.08424;3;16;CREATED;;
201.1055;279;9.502537;31.33264;3;16;DISCOVER;1;
204.2363;279;9.502537;31.33264;3;15;EXTRACT;1;
206.2031;279;9.502537;31.33264;3;15;DISCOVER;3;
206.2422;279;9.502537;31.33264;3;14;EXTRACT;1;
208.2461;279;9.502537;31.33264;3;13;EXTRACT;1;
208.8496;279;9.502537;31.33264;3;12;EXTRACT;3;
210.2129;279;9.502537;31.33264;3;11;EXTRACT;1;
210.8535;279;9.502537;31.33264;3;10;EXTRACT;3;
212.2168;279;9.502537;31.33264;3;9;EXTRACT;1;
212.8594;279;9.502537;31.33264;3;8;EXTRACT;3;
214.2246;279;9.502537;31.33264;3;7;EXTRACT;1;
214.8652;279;9.502537;31.33264;3;6;EXTRACT;3;
216.2266;279;9.502537;31.33264;3;5;EXTRACT;1;
216.8672;279;9.502537;31.33264;3;4;EXTRACT;3;
218.2324;279;9.502537;31.33264;3;3;EXTRACT;1;
218.873;279;9.502537;31.33264;3;2;EXTRACT;3;
220.2383;279;9.502537;31.33264;3;1;EXTRACT;1;
220.8809;279;9.502537;31.33264;3;0;EXTRACT;3;
220.8398;279;9.502537;31.33264;3;0;DESTROYED;;
220.8809;282;25.13365;-1.561287;3;16;CREATED;;
234.1621;272;9.505249;9.392834;3;16;DISCOVER;3;
237.1289;272;9.505249;9.392834;3;15;EXTRACT;3;
237.4082;272;9.505249;9.392834;3;15;DISCOVER;1;
239.0938;272;9.505249;9.392834;3;14;EXTRACT;3;
240.0156;272;9.505249;9.392834;3;13;EXTRACT;1;
241.0996;272;9.505249;9.392834;3;12;EXTRACT;3;
242.0215;272;9.505249;9.392834;3;11;EXTRACT;1;
243.1055;272;9.505249;9.392834;3;10;EXTRACT;3;
244.0293;272;9.505249;9.392834;3;9;EXTRACT;1;
245.1133;272;9.505249;9.392834;3;8;EXTRACT;3;
246.0391;272;9.505249;9.392834;3;7;EXTRACT;1;
247.1211;272;9.505249;9.392834;3;6;EXTRACT;3;
248.043;272;9.505249;9.392834;3;5;EXTRACT;1;
249.127;272;9.505249;9.392834;3;4;EXTRACT;3;
250.0469;272;9.505249;9.392834;3;3;EXTRACT;1;
251.1309;272;9.505249;9.392834;3;2;EXTRACT;3;
252.0527;272;9.505249;9.392834;3;1;EXTRACT;1;
253.0957;272;9.505249;9.392834;3;0;EXTRACT;3;
253.0801;272;9.505249;9.392834;3;0;DESTROYED;;
253.0957;283;18.24205;-41.94242;3;16;CREATED;;
253.9395;274;44.84555;-14.44089;3;16;DISCOVER;2;
256.748;274;44.84555;-14.44089;3;15;EXTRACT;2;
258.0313;262;13.07885;3.402496;3;16;DISCOVER;1;
258.7539;274;44.84555;-14.44089;3;14;EXTRACT;2;
258.9961;265;5.829327;3.851959;3;16;DISCOVER;3;
260.7637;274;44.84555;-14.44089;3;13;EXTRACT;2;
260.9258;262;13.07885;3.402496;3;15;EXTRACT;1;
261.6465;265;5.829327;3.851959;3;15;EXTRACT;3;
262.7285;274;44.84555;-14.44089;3;12;EXTRACT;2;
262.9277;262;13.07885;3.402496;3;14;EXTRACT;1;
263.6523;265;5.829327;3.851959;3;14;EXTRACT;3;
264.7344;274;44.84555;-14.44089;3;11;EXTRACT;2;
264.8945;262;13.07885;3.402496;3;13;EXTRACT;1;
265.6563;265;5.829327;3.851959;3;13;EXTRACT;3;
266.7344;274;44.84555;-14.44089;3;10;EXTRACT;2;
266.8945;262;13.07885;3.402496;3;12;EXTRACT;1;
267.6563;265;5.829327;3.851959;3;12;EXTRACT;3;
268.7363;274;44.84555;-14.44089;3;9;EXTRACT;2;
268.8965;262;13.07885;3.402496;3;11;EXTRACT;1;
269.6602;265;5.829327;3.851959;3;11;EXTRACT;3;
270.7441;274;44.84555;-14.44089;3;8;EXTRACT;2;
270.9063;262;13.07885;3.402496;3;10;EXTRACT;1;
271.668;265;5.829327;3.851959;3;10;EXTRACT;3;
272.752;274;44.84555;-14.44089;3;7;EXTRACT;2;
272.9121;262;13.07885;3.402496;3;9;EXTRACT;1;
273.6758;265;5.829327;3.851959;3;9;EXTRACT;3;
274.7578;274;44.84555;-14.44089;3;6;EXTRACT;2;
274.918;262;13.07885;3.402496;3;8;EXTRACT;1;
275.6816;265;5.829327;3.851959;3;8;EXTRACT;3;
276.7637;274;44.84555;-14.44089;3;5;EXTRACT;2;
276.9238;262;13.07885;3.402496;3;7;EXTRACT;1;
277.6465;265;5.829327;3.851959;3;7;EXTRACT;3;
278.7285;274;44.84555;-14.44089;3;4;EXTRACT;2;
278.9297;262;13.07885;3.402496;3;6;EXTRACT;1;
279.6504;265;5.829327;3.851959;3;6;EXTRACT;3;
280.7754;274;44.84555;-14.44089;3;3;EXTRACT;2;
280.8965;262;13.07885;3.402496;3;5;EXTRACT;1;
281.6582;265;5.829327;3.851959;3;5;EXTRACT;3;
282.7793;274;44.84555;-14.44089;3;2;EXTRACT;2;
282.9004;262;13.07885;3.402496;3;4;EXTRACT;1;
283.6621;265;5.829327;3.851959;3;4;EXTRACT;3;
284.7441;274;44.84555;-14.44089;3;1;EXTRACT;2;
284.9043;262;13.07885;3.402496;3;3;EXTRACT;1;
285.668;265;5.829327;3.851959;3;3;EXTRACT;3;
286.752;274;44.84555;-14.44089;3;0;EXTRACT;2;
286.7207;274;44.84555;-14.44089;3;0;DESTROYED;;
286.752;284;-42.25672;27.30977;3;16;CREATED;;
286.9141;262;13.07885;3.402496;3;2;EXTRACT;1;
287.6758;265;5.829327;3.851959;3;2;EXTRACT;3;
288.916;262;13.07885;3.402496;3;1;EXTRACT;1;
289.6777;265;5.829327;3.851959;3;1;EXTRACT;3;
290.9219;262;13.07885;3.402496;3;0;EXTRACT;1;
290.9199;262;13.07885;3.402496;3;0;DESTROYED;;
290.9219;285;-39.28169;-37.6357;3;16;CREATED;;
291.6445;265;5.829327;3.851959;3;0;EXTRACT;3;
291.6406;265;5.829327;3.851959;3;0;DESTROYED;;
291.6445;286;7.967648;-5.653191;3;16;CREATED;;
298.5137;286;7.967648;-5.653191;3;16;DISCOVER;3;
301.2871;286;7.967648;-5.653191;3;15;EXTRACT;3;
303.2949;286;7.967648;-5.653191;3;14;EXTRACT;3;
305.3027;286;7.967648;-5.653191;3;13;EXTRACT;3;
306.5059;286;7.967648;-5.653191;3;13;DISCOVER;1;
307.3105;286;7.967648;-5.653191;3;12;EXTRACT;3;
309.1113;286;7.967648;-5.653191;3;11;EXTRACT;1;
309.3125;286;7.967648;-5.653191;3;10;EXTRACT;3;
310.4355;281;43.45313;-23.08424;3;16;DISCOVER;2;
311.1172;286;7.967648;-5.653191;3;9;EXTRACT;1;
311.3184;286;7.967648;-5.653191;3;8;EXTRACT;3;
313.123;286;7.967648;-5.653191;3;7;EXTRACT;1;
313.123;281;43.45313;-23.08424;3;15;EXTRACT;2;
313.2813;286;7.967648;-5.653191;3;6;EXTRACT;3;
315.125;286;7.967648;-5.653191;3;5;EXTRACT;1;
315.125;281;43.45313;-23.08424;3;14;EXTRACT;2;
315.2852;286;7.967648;-5.653191;3;4;EXTRACT;3;
317.1289;286;7.967648;-5.653191;3;3;EXTRACT;1;
317.1289;281;43.45313;-23.08424;3;13;EXTRACT;2;
317.291;286;7.967648;-5.653191;3;2;EXTRACT;3;
319.1348;286;7.967648;-5.653191;3;1;EXTRACT;1;
319.1348;281;43.45313;-23.08424;3;12;EXTRACT;2;
319.2949;286;7.967648;-5.653191;3;0;EXTRACT;3;
319.2793;286;7.967648;-5.653191;3;0;DESTROYED;;
319.2949;287;9.08511;-29.18439;3;16;CREATED;;
321.1445;281;43.45313;-23.08424;3;11;EXTRACT;2;
323.1484;281;43.45313;-23.08424;3;10;EXTRACT;2;
325.1152;281;43.45313;-23.08424;3;9;EXTRACT;2;
327.123;281;43.45313;-23.08424;3;8;EXTRACT;2;
329.1289;281;43.45313;-23.08424;3;7;EXTRACT;2;
331.1328;281;43.45313;-23.08424;3;6;EXTRACT;2;
333.1387;281;43.45313;-23.08424;3;5;EXTRACT;2;
335.1445;281;43.45313;-23.08424;3;4;EXTRACT;2;
337.0664;267;-9.918427;-5.871769;3;16;DISCOVER;3;
337.1465;281;43.45313;-23.08424;3;3;EXTRACT;2;
339.1133;281;43.45313;-23.08424;3;2;EXTRACT;2;
339.916;267;-9.918427;-5.871769;3;15;EXTRACT;3;
341.1172;281;43.45313;-23.08424;3;1;EXTRACT;2;
341.9258;267;-9.918427;-5.871769;3;14;EXTRACT;3;
343.1289;281;43.45313;-23.08424;3;0;EXTRACT;2;
343.1191;281;43.45313;-23.08424;3;0;DESTROYED;;
343.1289;288;29.55087;-40.44909;3;16;CREATED;;
343.9297;267;-9.918427;-5.871769;3;13;EXTRACT;3;
345.9336;267;-9.918427;-5.871769;3;12;EXTRACT;3;
347.8223;283;18.24205;-41.94242;3;16;DISCOVER;0;
347.9414;267;-9.918427;-5.871769;3;11;EXTRACT;3;
349.9473;267;-9.918427;-5.871769;3;10;EXTRACT;3;
351.1523;283;18.24205;-41.94242;3;15;EXTRACT;0;
351.916;267;-9.918427;-5.871769;3;9;EXTRACT;3;
353.1621;283;18.24205;-41.94242;3;14;EXTRACT;0;
353.9238;267;-9.918427;-5.871769;3;8;EXTRACT;3;
354.7266;288;29.55087;-40.44909;3;16;DISCOVER;1;
355.168;283;18.24205;-41.94242;3;13;EXTRACT;0;
355.9297;267;-9.918427;-5.871769;3;7;EXTRACT;3;
357.1738;283;18.24205;-41.94242;3;12;EXTRACT;0;
357.9375;267;-9.918427;-5.871769;3;6;EXTRACT;3;
358.0176;288;29.55087;-40.44909;3;15;EXTRACT;1;
359.1426;283;18.24205;-41.94242;3;11;EXTRACT;0;
359.9453;267;-9.918427;-5.871769;3;5;EXTRACT;3;
359.9863;288;29.55087;-40.44909;3;14;EXTRACT;1;
361.1504;283;18.24205;-41.94242;3;10;EXTRACT;0;
361.9531;267;-9.918427;-5.871769;3;4;EXTRACT;3;
361.9922;288;29.55087;-40.44909;3;13;EXTRACT;1;
363.1543;283;18.24205;-41.94242;3;9;EXTRACT;0;
363.9199;267;-9.918427;-5.871769;3;3;EXTRACT;3;
364;288;29.55087;-40.44909;3;12;EXTRACT;1;
365.1523;283;18.24205;-41.94242;3;8;EXTRACT;0;
365.9219;267;-9.918427;-5.871769;3;2;EXTRACT;3;
366.0527;288;29.55087;-40.44909;3;11;EXTRACT;1;
367.1934;283;18.24205;-41.94242;3;7;EXTRACT;0;
367.9316;267;-9.918427;-5.871769;3;1;EXTRACT;3;
368.0117;288;29.55087;-40.44909;3;10;EXTRACT;1;
369.1348;283;18.24205;-41.94242;3;6;EXTRACT;0;
369.9355;267;-9.918427;-5.871769;3;0;EXTRACT;3;
369.9199;267;-9.918427;-5.871769;3;0;DESTROYED;;
369.9355;289;-20.55153;25.34874;3;16;CREATED;;
369.9766;288;29.55087;-40.44909;3;9;EXTRACT;1;
371.1406;283;18.24205;-41.94242;3;5;EXTRACT;0;
371.9824;288;29.55087;-40.44909;3;8;EXTRACT;1;
373.1445;283;18.24205;-41.94242;3;4;EXTRACT;0;
373.9883;288;29.55087;-40.44909;3;7;EXTRACT;1;
375.1504;283;18.24205;-41.94242;3;3;EXTRACT;0;
375.9902;288;29.55087;-40.44909;3;6;EXTRACT;1;
377.1523;283;18.24205;-41.94242;3;2;EXTRACT;0;
377.9961;288;29.55087;-40.44909;3;5;EXTRACT;1;
379.1602;283;18.24205;-41.94242;3;1;EXTRACT;0;
380.0039;288;29.55087;-40.44909;3;4;EXTRACT;1;
381.1309;283;18.24205;-41.94242;3;0;EXTRACT;0;
381.1191;283;18.24205;-41.94242;3;0;DESTROYED;;
381.1309;290;21.35764;-44.33263;3;16;CREATED;;
381.9727;288;29.55087;-40.44909;3;3;EXTRACT;1;
383.9863;288;29.55087;-40.44909;3;2;EXTRACT;1;
385.1484;290;21.35764;-44.33263;3;16;DISCOVER;2;
385.9902;288;29.55087;-40.44909;3;1;EXTRACT;1;
388;288;29.55087;-40.44909;3;0;EXTRACT;1;
387.9609;288;29.55087;-40.44909;3;0;DESTROYED;;
388;291;-26.35749;-36.76719;3;16;CREATED;;
388.1582;290;21.35764;-44.33263;3;15;EXTRACT;2;
390.1426;290;21.35764;-44.33263;3;14;EXTRACT;2;
392.1465;290;21.35764;-44.33263;3;13;EXTRACT;2;
394.1543;290;21.35764;-44.33263;3;12;EXTRACT;2;
394.5938;290;21.35764;-44.33263;3;12;DISCOVER;1;
396.1563;290;21.35764;-44.33263;3;11;EXTRACT;2;
397.3574;290;21.35764;-44.33263;3;10;EXTRACT;1;
398.1582;290;21.35764;-44.33263;3;9;EXTRACT;2;
399.3652;290;21.35764;-44.33263;3;8;EXTRACT;1;
400.168;290;21.35764;-44.33263;3;7;EXTRACT;2;
401.3711;290;21.35764;-44.33263;3;6;EXTRACT;1;
402.1719;290;21.35764;-44.33263;3;5;EXTRACT;2;
403.375;290;21.35764;-44.33263;3;4;EXTRACT;1;
404.1777;290;21.35764;-44.33263;3;3;EXTRACT;2;
405.3398;290;21.35764;-44.33263;3;2;EXTRACT;1;
406.1836;290;21.35764;-44.33263;3;1;EXTRACT;2;
407.3457;290;21.35764;-44.33263;3;0;EXTRACT;1;
407.3203;290;21.35764;-44.33263;3;0;DESTROYED;;
407.3457;292;-41.24314;-17.83777;3;16;CREATED;;
420.3125;287;9.08511;-29.18439;3;16;DISCOVER;1;
423.1621;287;9.08511;-29.18439;3;15;EXTRACT;1;
425.1699;287;9.08511;-29.18439;3;14;EXTRACT;1;
425.6113;282;25.13365;-1.561287;3;16;DISCOVER;0;
427.1738;287;9.08511;-29.18439;3;13;EXTRACT;1;
429.1777;287;9.08511;-29.18439;3;12;EXTRACT;1;
429.2578;282;25.13365;-1.561287;3;15;EXTRACT;0;
431.1816;287;9.08511;-29.18439;3;11;EXTRACT;1;
431.2617;282;25.13365;-1.561287;3;14;EXTRACT;0;
433.1895;287;9.08511;-29.18439;3;10;EXTRACT;1;
433.2695;282;25.13365;-1.561287;3;13;EXTRACT;0;
435.1973;287;9.08511;-29.18439;3;9;EXTRACT;1;
435.2773;282;25.13365;-1.561287;3;12;EXTRACT;0;
437.1582;287;9.08511;-29.18439;3;8;EXTRACT;1;
437.2793;282;25.13365;-1.561287;3;11;EXTRACT;0;
439.1641;287;9.08511;-29.18439;3;7;EXTRACT;1;
439.2832;282;25.13365;-1.561287;3;10;EXTRACT;0;
441.1797;287;9.08511;-29.18439;3;6;EXTRACT;1;
441.2598;282;25.13365;-1.561287;3;9;EXTRACT;0;
443.1836;287;9.08511;-29.18439;3;5;EXTRACT;1;
443.2637;282;25.13365;-1.561287;3;8;EXTRACT;0;
445.1875;287;9.08511;-29.18439;3;4;EXTRACT;1;
445.2676;282;25.13365;-1.561287;3;7;EXTRACT;0;
446.1523;285;-39.28169;-37.6357;3;16;DISCOVER;2;
447.1953;287;9.08511;-29.18439;3;3;EXTRACT;1;
447.2754;282;25.13365;-1.561287;3;6;EXTRACT;0;
448.9238;285;-39.28169;-37.6357;3;15;EXTRACT;2;
449.1641;287;9.08511;-29.18439;3;2;EXTRACT;1;
449.2832;282;25.13365;-1.561287;3;5;EXTRACT;0;
450.9258;285;-39.28169;-37.6357;3;14;EXTRACT;2;
451.168;287;9.08511;-29.18439;3;1;EXTRACT;1;
451.2539;282;25.13365;-1.561287;3;4;EXTRACT;0;
452.8984;285;-39.28169;-37.6357;3;13;EXTRACT;2;
453.1797;287;9.08511;-29.18439;3;0;EXTRACT;1;
453.1602;287;9.08511;-29.18439;3;0;DESTROYED;;
453.1797;293;-13.0139;-34.31972;3;16;CREATED;;
453.2598;282;25.13365;-1.561287;3;3;EXTRACT;0;
454.9023;285;-39.28169;-37.6357;3;12;EXTRACT;2;
455.2637;282;25.13365;-1.561287;3;2;EXTRACT;0;
456.9063;285;-39.28169;-37.6357;3;11;EXTRACT;2;
457.2656;282;25.13365;-1.561287;3;1;EXTRACT;0;
458.9082;285;-39.28169;-37.6357;3;10;EXTRACT;2;
459.2695;282;25.13365;-1.561287;3;0;EXTRACT;0;
459.2402;282;25.13365;-1.561287;3;0;DESTROYED;;
459.2695;294;-5.115589;-37.95196;3;16;CREATED;;
460.916;285;-39.28169;-37.6357;3;9;EXTRACT;2;
462.9238;285;-39.28169;-37.6357;3;8;EXTRACT;2;
464.9277;285;-39.28169;-37.6357;3;7;EXTRACT;2;
466.8926;285;-39.28169;-37.6357;3;6;EXTRACT;2;
468.9004;285;-39.28169;-37.6357;3;5;EXTRACT;2;
470.9082;285;-39.28169;-37.6357;3;4;EXTRACT;2;
472.9199;285;-39.28169;-37.6357;3;3;EXTRACT;2;
474.9238;285;-39.28169;-37.6357;3;2;EXTRACT;2;
476.9277;285;-39.28169;-37.6357;3;1;EXTRACT;2;
478.8965;285;-39.28169;-37.6357;3;0;EXTRACT;2;
478.8809;285;-39.28169;-37.6357;3;0;DESTROYED;;
478.8965;295;-7.906193;5.807289;3;16;CREATED;;
487.4551;291;-26.35749;-36.76719;3;16;DISCOVER;2;
490.1797;291;-26.35749;-36.76719;3;15;EXTRACT;2;
490.7031;270;-4.529625;25.4006;3;16;DISCOVER;0;
492.1445;291;-26.35749;-36.76719;3;14;EXTRACT;2;
494.0703;270;-4.529625;25.4006;3;15;EXTRACT;0;
494.1504;291;-26.35749;-36.76719;3;13;EXTRACT;2;
496.0742;270;-4.529625;25.4006;3;14;EXTRACT;0;
496.1582;291;-26.35749;-36.76719;3;12;EXTRACT;2;
498.0352;270;-4.529625;25.4006;3;13;EXTRACT;0;
498.1563;291;-26.35749;-36.76719;3;11;EXTRACT;2;
499.3203;291;-26.35749;-36.76719;3;11;DISCOVER;1;
500.043;270;-4.529625;25.4006;3;12;EXTRACT;0;
500.1621;291;-26.35749;-36.76719;3;10;EXTRACT;2;
502.0488;270;-4.529625;25.4006;3;11;EXTRACT;0;
502.168;291;-26.35749;-36.76719;3;9;EXTRACT;2;
502.4902;291;-26.35749;-36.76719;3;8;EXTRACT;1;
504.0527;270;-4.529625;25.4006;3;10;EXTRACT;0;
504.1738;291;-26.35749;-36.76719;3;7;EXTRACT;2;
504.4941;291;-26.35749;-36.76719;3;6;EXTRACT;1;
506.0586;270;-4.529625;25.4006;3;9;EXTRACT;0;
506.1777;291;-26.35749;-36.76719;3;5;EXTRACT;2;
506.498;291;-26.35749;-36.76719;3;4;EXTRACT;1;
508.0625;270;-4.529625;25.4006;3;8;EXTRACT;0;
508.1426;291;-26.35749;-36.76719;3;3;EXTRACT;2;
508.5039;291;-26.35749;-36.76719;3;2;EXTRACT;1;
510.0664;270;-4.529625;25.4006;3;7;EXTRACT;0;
510.1465;291;-26.35749;-36.76719;3;1;EXTRACT;2;
510.5078;291;-26.35749;-36.76719;3;0;EXTRACT;1;
510.4805;291;-26.35749;-36.76719;3;0;DESTROYED;;
510.5078;296;35.09141;-7.330956;3;16;CREATED;;
512.0703;270;-4.529625;25.4006;3;6;EXTRACT;0;
514.0371;270;-4.529625;25.4006;3;5;EXTRACT;0;
516.041;270;-4.529625;25.4006;3;4;EXTRACT;0;
518.0449;270;-4.529625;25.4006;3;3;EXTRACT;0;
518.8066;293;-13.0139;-34.31972;3;16;DISCOVER;1;
520.0527;270;-4.529625;25.4006;3;2;EXTRACT;0;
521.7363;293;-13.0139;-34.31972;3;15;EXTRACT;1;
521.9766;294;-5.115589;-37.95196;3;16;DISCOVER;2;
522.0566;270;-4.529625;25.4006;3;1;EXTRACT;0;
523.7402;293;-13.0139;-34.31972;3;14;EXTRACT;1;
524.0605;270;-4.529625;25.4006;3;0;EXTRACT;0;
524.041;270;-4.529625;25.4006;3;0;DESTROYED;;
524.0605;297;-12.51649;-23.92864;3;16;CREATED;;
524.6602;294;-5.115589;-37.95196;3;15;EXTRACT;2;
525.7441;293;-13.0139;-34.31972;3;13;EXTRACT;1;
526.627;294;-5.115589;-37.95196;3;14;EXTRACT;2;
527.752;293;-13.0139;-34.31972;3;12;EXTRACT;1;
528.6328;294;-5.115589;-37.95196;3;13;EXTRACT;2;
529.7578;293;-13.0139;-34.31972;3;11;EXTRACT;1;
530.6387;294;-5.115589;-37.95196;3;12;EXTRACT;2;
531.7598;293;-13.0139;-34.31972;3;10;EXTRACT;1;
532.6406;294;-5.115589;-37.95196;3;11;EXTRACT;2;
533.7656;293;-13.0139;-34.31972;3;9;EXTRACT;1;
534.6484;294;-5.115589;-37.95196;3;10;EXTRACT;2;
535.7305;293;-13.0139;-34.31972;3;8;EXTRACT;1;
536.6543;294;-5.115589;-37.95196;3;9;EXTRACT;2;
536.8145;276;7.716484;-15.5817;3;16;DISCOVER;3;
537.7363;293;-13.0139;-34.31972;3;7;EXTRACT;1;
538.6602;294;-5.115589;-37.95196;3;8;EXTRACT;2;
539.7441;293;-13.0139;-34.31972;3;6;EXTRACT;1;
540.5469;276;7.716484;-15.5817;3;15;EXTRACT;3;
540.666;294;-5.115589;-37.95196;3;7;EXTRACT;2;
541.75;293;-13.0139;-34.31972;3;5;EXTRACT;1;
542.5176;276;7.716484;-15.5817;3;14;EXTRACT;3;
542.6367;294;-5.115589;-37.95196;3;6;EXTRACT;2;
543.7598;293;-13.0139;-34.31972;3;4;EXTRACT;1;
544.5215;276;7.716484;-15.5817;3;13;EXTRACT;3;
544.6426;294;-5.115589;-37.95196;3;5;EXTRACT;2;
545.7656;293;-13.0139;-34.31972;3;3;EXTRACT;1;
546.5313;276;7.716484;-15.5817;3;12;EXTRACT;3;
546.6504;294;-5.115589;-37.95196;3;4;EXTRACT;2;
547.7324;293;-13.0139;-34.31972;3;2;EXTRACT;1;
548.5352;276;7.716484;-15.5817;3;11;EXTRACT;3;
548.6563;294;-5.115589;-37.95196;3;3;EXTRACT;2;
549.7383;293;-13.0139;-34.31972;3;1;EXTRACT;1;
550.541;276;7.716484;-15.5817;3;10;EXTRACT;3;
550.6602;294;-5.115589;-37.95196;3;2;EXTRACT;2;
551.7402;293;-13.0139;-34.31972;3;0;EXTRACT;1;
551.7207;293;-13.0139;-34.31972;3;0;DESTROYED;;
551.7402;298;-8.974869;-10.85805;3;16;CREATED;;
552.5449;276;7.716484;-15.5817;3;9;EXTRACT;3;
552.6641;294;-5.115589;-37.95196;3;1;EXTRACT;2;
554.5508;276;7.716484;-15.5817;3;8;EXTRACT;3;
554.6309;294;-5.115589;-37.95196;3;0;EXTRACT;2;
554.5996;294;-5.115589;-37.95196;3;0;DESTROYED;;
554.6309;299;-13.6347;-16.4872;3;16;CREATED;;
556.5156;276;7.716484;-15.5817;3;7;EXTRACT;3;
558.5195;276;7.716484;-15.5817;3;6;EXTRACT;3;
560.5254;276;7.716484;-15.5817;3;5;EXTRACT;3;
562.5293;276;7.716484;-15.5817;3;4;EXTRACT;3;
564.5313;276;7.716484;-15.5817;3;3;EXTRACT;3;
566.5449;276;7.716484;-15.5817;3;2;EXTRACT;3;
568.5488;276;7.716484;-15.5817;3;1;EXTRACT;3;
570.5156;276;7.716484;-15.5817;3;0;EXTRACT;3;
570.4805;276;7.716484;-15.5817;3;0;DESTROYED;;
570.5156;300;-8.28788;-44.3993;3;16;CREATED;;
589.7324;295;-7.906193;5.807289;3;16;DISCOVER;1;
593.1035;295;-7.906193;5.807289;3;15;EXTRACT;1;
595.0703;295;-7.906193;5.807289;3;14;EXTRACT;1;
597.0781;295;-7.906193;5.807289;3;13;EXTRACT;1;
599.082;295;-7.906193;5.807289;3;12;EXTRACT;1;
601.0918;295;-7.906193;5.807289;3;11;EXTRACT;1;
603.1016;295;-7.906193;5.807289;3;10;EXTRACT;1;
603.582;295;-7.906193;5.807289;3;10;DISCOVER;0;
605.1035;295;-7.906193;5.807289;3;9;EXTRACT;1;
606.4688;295;-7.906193;5.807289;3;8;EXTRACT;0;
607.0762;295;-7.906193;5.807289;3;7;EXTRACT;1;
608.4785;295;-7.906193;5.807289;3;6;EXTRACT;0;
609.0781;295;-7.906193;5.807289;3;5;EXTRACT;1;
610.4824;295;-7.906193;5.807289;3;4;EXTRACT;0;
611.082;295;-7.906193;5.807289;3;3;EXTRACT;1;
612.4883;295;-7.906193;5.807289;3;2;EXTRACT;0;
613.0898;295;-7.906193;5.807289;3;1;EXTRACT;1;
614.502;295;-7.906193;5.807289;3;0;EXTRACT;0;
614.4805;295;-7.906193;5.807289;3;0;DESTROYED;;
614.502;301;4.379559;-8.170391;3;16;CREATED;;
626.6895;301;4.379559;-8.170391;3;16;DISCOVER;0;
629.6172;277;-42.56326;-25.29975;3;16;DISCOVER;2;
629.9785;301;4.379559;-8.170391;3;15;EXTRACT;0;
631.9824;301;4.379559;-8.170391;3;14;EXTRACT;0;
632.5039;277;-42.56326;-25.29975;3;15;EXTRACT;2;
633.9863;301;4.379559;-8.170391;3;13;EXTRACT;0;
634.5078;277;-42.56326;-25.29975;3;14;EXTRACT;2;
635.9922;301;4.379559;-8.170391;3;12;EXTRACT;0;
636.5137;277;-42.56326;-25.29975;3;13;EXTRACT;2;
638;301;4.379559;-8.170391;3;11;EXTRACT;0;
638.5215;277;-42.56326;-25.29975;3;12;EXTRACT;2;
639.8867;266;18.88192;-9.46859;3;16;DISCOVER;3;
640.0059;301;4.379559;-8.170391;3;10;EXTRACT;0;
640.5293;277;-42.56326;-25.29975;3;11;EXTRACT;2;
641.3691;289;-20.55153;25.34874;3;16;DISCOVER;1;
642.0117;301;4.379559;-8.170391;3;9;EXTRACT;0;
642.5332;277;-42.56326;-25.29975;3;10;EXTRACT;2;
643.3359;266;18.88192;-9.46859;3;15;EXTRACT;3;
643.9766;301;4.379559;-8.170391;3;8;EXTRACT;0;
644.1367;289;-20.55153;25.34874;3;15;EXTRACT;1;
644.5371;277;-42.56326;-25.29975;3;9;EXTRACT;2;
645.3359;266;18.88192;-9.46859;3;14;EXTRACT;3;
645.9785;301;4.379559;-8.170391;3;7;EXTRACT;0;
646.1387;289;-20.55153;25.34874;3;14;EXTRACT;1;
646.5;277;-42.56326;-25.29975;3;8;EXTRACT;2;
647.3418;266;18.88192;-9.46859;3;13;EXTRACT;3;
647.9824;301;4.379559;-8.170391;3;6;EXTRACT;0;
648.1836;289;-20.55153;25.34874;3;13;EXTRACT;1;
648.5039;277;-42.56326;-25.29975;3;7;EXTRACT;2;
649.3438;266;18.88192;-9.46859;3;12;EXTRACT;3;
649.9863;301;4.379559;-8.170391;3;5;EXTRACT;0;
650.1855;289;-20.55153;25.34874;3;12;EXTRACT;1;
650.5078;277;-42.56326;-25.29975;3;6;EXTRACT;2;
651.3496;266;18.88192;-9.46859;3;11;EXTRACT;3;
651.9902;301;4.379559;-8.170391;3;4;EXTRACT;0;
652.1504;289;-20.55153;25.34874;3;11;EXTRACT;1;
652.5117;277;-42.56326;-25.29975;3;5;EXTRACT;2;
653.3516;266;18.88192;-9.46859;3;10;EXTRACT;3;
653.9941;301;4.379559;-8.170391;3;3;EXTRACT;0;
654.1543;289;-20.55153;25.34874;3;10;EXTRACT;1;
654.5137;277;-42.56326;-25.29975;3;4;EXTRACT;2;
655.3555;266;18.88192;-9.46859;3;9;EXTRACT;3;
655.9961;301;4.379559;-8.170391;3;2;EXTRACT;0;
656.1582;289;-20.55153;25.34874;3;9;EXTRACT;1;
656.5176;277;-42.56326;-25.29975;3;3;EXTRACT;2;
657.3203;266;18.88192;-9.46859;3;8;EXTRACT;3;
658.002;301;4.379559;-8.170391;3;1;EXTRACT;0;
658.1621;289;-20.55153;25.34874;3;8;EXTRACT;1;
658.5215;277;-42.56326;-25.29975;3;2;EXTRACT;2;
659.3242;266;18.88192;-9.46859;3;7;EXTRACT;3;
660.0059;301;4.379559;-8.170391;3;0;EXTRACT;0;
660;301;4.379559;-8.170391;3;0;DESTROYED;;
660.0059;302;-16.47605;-10.77635;3;16;CREATED;;
660.166;289;-20.55153;25.34874;3;7;EXTRACT;1;
660.5273;277;-42.56326;-25.29975;3;1;EXTRACT;2;
661.3281;266;18.88192;-9.46859;3;6;EXTRACT;3;
662.1738;289;-20.55153;25.34874;3;6;EXTRACT;1;
662.5352;277;-42.56326;-25.29975;3;0;EXTRACT;2;
662.5195;277;-42.56326;-25.29975;3;0;DESTROYED;;
662.5352;303;31.57441;-1.663403;3;16;CREATED;;
663.3398;266;18.88192;-9.46859;3;5;EXTRACT;3;
664.1836;289;-20.55153;25.34874;3;5;EXTRACT;1;
665.3477;266;18.88192;-9.46859;3;4;EXTRACT;3;
666.1582;289;-20.55153;25.34874;3;4;EXTRACT;1;
667.3457;266;18.88192;-9.46859;3;3;EXTRACT;3;
668.2461;289;-20.55153;25.34874;3;3;EXTRACT;1;
669.3574;266;18.88192;-9.46859;3;2;EXTRACT;3;
670.1582;289;-20.55153;25.34874;3;2;EXTRACT;1;
671.3242;266;18.88192;-9.46859;3;1;EXTRACT;3;
671.4043;266;18.88192;-9.46859;3;1;DISCOVER;0;
672.166;289;-20.55153;25.34874;3;1;EXTRACT;1;
673.3281;266;18.88192;-9.46859;3;0;EXTRACT;3;
673.3203;266;18.88192;-9.46859;3;0;DESTROYED;;
673.3281;304;-36.4777;0.2985878;3;16;CREATED;;
674.1699;289;-20.55153;25.34874;3;0;EXTRACT;1;
674.1602;289;-20.55153;25.34874;3;0;DESTROYED;;
674.1699;305;-22.30703;17.67635;3;16;CREATED;;
679.2637;297;-12.51649;-23.92864;3;16;DISCOVER;2;
679.5449;305;-22.30703;17.67635;3;16;DISCOVER;1;
682.5215;297;-12.51649;-23.92864;3;15;EXTRACT;2;
682.6035;305;-22.30703;17.67635;3;15;EXTRACT;1;
684.5313;297;-12.51649;-23.92864;3;14;EXTRACT;2;
684.5723;305;-22.30703;17.67635;3;14;EXTRACT;1;
686.5352;297;-12.51649;-23.92864;3;13;EXTRACT;2;
686.5762;305;-22.30703;17.67635;3;13;EXTRACT;1;
688.5449;297;-12.51649;-23.92864;3;12;EXTRACT;2;
688.584;305;-22.30703;17.67635;3;12;EXTRACT;1;
690.5547;297;-12.51649;-23.92864;3;11;EXTRACT;2;
690.5938;305;-22.30703;17.67635;3;11;EXTRACT;1;
692.5195;297;-12.51649;-23.92864;3;10;EXTRACT;2;
692.5996;305;-22.30703;17.67635;3;10;EXTRACT;1;
694.5313;297;-12.51649;-23.92864;3;9;EXTRACT;2;
694.6113;305;-22.30703;17.67635;3;9;EXTRACT;1;
696.5371;297;-12.51649;-23.92864;3;8;EXTRACT;2;
696.6172;305;-22.30703;17.67635;3;8;EXTRACT;1;
698.541;297;-12.51649;-23.92864;3;7;EXTRACT;2;
698.6211;305;-22.30703;17.67635;3;7;EXTRACT;1;
700.5488;297;-12.51649;-23.92864;3;6;EXTRACT;2;
700.5898;305;-22.30703;17.67635;3;6;EXTRACT;1;
702.5547;297;-12.51649;-23.92864;3;5;EXTRACT;2;
702.5957;305;-22.30703;17.67635;3;5;EXTRACT;1;
704.5195;297;-12.51649;-23.92864;3;4;EXTRACT;2;
704.5977;305;-22.30703;17.67635;3;4;EXTRACT;1;
706.5254;297;-12.51649;-23.92864;3;3;EXTRACT;2;
706.6055;305;-22.30703;17.67635;3;3;EXTRACT;1;
708.5332;297;-12.51649;-23.92864;3;2;EXTRACT;2;
708.6152;305;-22.30703;17.67635;3;2;EXTRACT;1;
710.543;297;-12.51649;-23.92864;3;1;EXTRACT;2;
710.623;305;-22.30703;17.67635;3;1;EXTRACT;1;
712.5469;297;-12.51649;-23.92864;3;0;EXTRACT;2;
712.5195;297;-12.51649;-23.92864;3;0;DESTROYED;;
712.5469;306;29.7411;41.94102;3;16;CREATED;;
712.5879;305;-22.30703;17.67635;3;0;EXTRACT;1;
712.5605;305;-22.30703;17.67635;3;0;DESTROYED;;
712.5879;307;35.45584;5.991867;3;16;CREATED;;
