Time;PatchID;PositionX;PositionZ;Radius;CoinAmount;PatchEvent;TriggerPlayer;
0;217;19.88687;-32.2684;3;48;CREATED;;
0;218;43.0168;13.52188;3;48;CREATED;;
0;219;-6.127468;-7.737587;3;48;CREATED;;
0;220;-27.9548;-26.8067;3;48;CREATED;;
0;221;-9.766861;35.90284;3;48;CREATED;;
23.25781;219;-6.127468;-7.737587;3;48;DISCOVER;1;
26.14648;220;-27.9548;-26.8067;3;48;DISCOVER;0;
26.62695;219;-6.127468;-7.737587;3;47;EXTRACT;1;
28.63477;219;-6.127468;-7.737587;3;46;EXTRACT;1;
29.19531;220;-27.9548;-26.8067;3;47;EXTRACT;0;
30.64063;219;-6.127468;-7.737587;3;45;EXTRACT;1;
31.20117;220;-27.9548;-26.8067;3;46;EXTRACT;0;
32.61133;219;-6.127468;-7.737587;3;44;EXTRACT;1;
33.17188;220;-27.9548;-26.8067;3;45;EXTRACT;0;
34.61719;219;-6.127468;-7.737587;3;43;EXTRACT;1;
35.17773;220;-27.9548;-26.8067;3;44;EXTRACT;0;
36.62109;219;-6.127468;-7.737587;3;42;EXTRACT;1;
37.18359;220;-27.9548;-26.8067;3;43;EXTRACT;0;
38.62695;219;-6.127468;-7.737587;3;41;EXTRACT;1;
39.18945;220;-27.9548;-26.8067;3;42;EXTRACT;0;
40.63086;219;-6.127468;-7.737587;3;40;EXTRACT;1;
41.19336;220;-27.9548;-26.8067;3;41;EXTRACT;0;
42.63672;219;-6.127468;-7.737587;3;39;EXTRACT;1;
43.19727;220;-27.9548;-26.8067;3;40;EXTRACT;0;
44.64063;219;-6.127468;-7.737587;3;38;EXTRACT;1;
45.20313;220;-27.9548;-26.8067;3;39;EXTRACT;0;
46.60742;219;-6.127468;-7.737587;3;37;EXTRACT;1;
47.16797;220;-27.9548;-26.8067;3;38;EXTRACT;0;
48.65234;219;-6.127468;-7.737587;3;36;EXTRACT;1;
48.77344;218;43.0168;13.52188;3;48;DISCOVER;3;
49.17383;220;-27.9548;-26.8067;3;37;EXTRACT;0;
50.65625;219;-6.127468;-7.737587;3;35;EXTRACT;1;
51.17773;220;-27.9548;-26.8067;3;36;EXTRACT;0;
51.29883;218;43.0168;13.52188;3;47;EXTRACT;3;
52.61914;219;-6.127468;-7.737587;3;34;EXTRACT;1;
53.18164;220;-27.9548;-26.8067;3;35;EXTRACT;0;
53.30273;218;43.0168;13.52188;3;46;EXTRACT;3;
54.62695;219;-6.127468;-7.737587;3;33;EXTRACT;1;
55.18945;220;-27.9548;-26.8067;3;34;EXTRACT;0;
55.31055;218;43.0168;13.52188;3;45;EXTRACT;3;
56.63281;219;-6.127468;-7.737587;3;32;EXTRACT;1;
57.19141;220;-27.9548;-26.8067;3;33;EXTRACT;0;
57.3125;218;43.0168;13.52188;3;44;EXTRACT;3;
58.63477;219;-6.127468;-7.737587;3;31;EXTRACT;1;
59.19727;220;-27.9548;-26.8067;3;32;EXTRACT;0;
59.31836;218;43.0168;13.52188;3;43;EXTRACT;3;
60.64063;219;-6.127468;-7.737587;3;30;EXTRACT;1;
61.20313;220;-27.9548;-26.8067;3;31;EXTRACT;0;
61.2832;218;43.0168;13.52188;3;42;EXTRACT;3;
62.64453;219;-6.127468;-7.737587;3;29;EXTRACT;1;
63.20508;220;-27.9548;-26.8067;3;30;EXTRACT;0;
63.28711;218;43.0168;13.52188;3;41;EXTRACT;3;
64.65234;219;-6.127468;-7.737587;3;28;EXTRACT;1;
65.17383;220;-27.9548;-26.8067;3;29;EXTRACT;0;
65.33398;218;43.0168;13.52188;3;40;EXTRACT;3;
66.6582;219;-6.127468;-7.737587;3;27;EXTRACT;1;
67.18164;220;-27.9548;-26.8067;3;28;EXTRACT;0;
67.30273;218;43.0168;13.52188;3;39;EXTRACT;3;
68.62695;219;-6.127468;-7.737587;3;26;EXTRACT;1;
69.19336;220;-27.9548;-26.8067;3;27;EXTRACT;0;
69.31445;218;43.0168;13.52188;3;38;EXTRACT;3;
70.63672;219;-6.127468;-7.737587;3;25;EXTRACT;1;
71.19922;220;-27.9548;-26.8067;3;26;EXTRACT;0;
71.32031;218;43.0168;13.52188;3;37;EXTRACT;3;
72.64648;219;-6.127468;-7.737587;3;24;EXTRACT;1;
73.20703;220;-27.9548;-26.8067;3;25;EXTRACT;0;
73.32617;218;43.0168;13.52188;3;36;EXTRACT;3;
74.65039;219;-6.127468;-7.737587;3;23;EXTRACT;1;
75.17383;220;-27.9548;-26.8067;3;24;EXTRACT;0;
75.33203;218;43.0168;13.52188;3;35;EXTRACT;3;
75.49414;219;-6.127468;-7.737587;3;23;DISCOVER;2;
76.65625;219;-6.127468;-7.737587;3;22;EXTRACT;1;
77.17773;220;-27.9548;-26.8067;3;23;EXTRACT;0;
77.33789;218;43.0168;13.52188;3;34;EXTRACT;3;
78.58008;219;-6.127468;-7.737587;3;21;EXTRACT;2;
78.66016;219;-6.127468;-7.737587;3;20;EXTRACT;1;
79.18164;220;-27.9548;-26.8067;3;22;EXTRACT;0;
79.3418;218;43.0168;13.52188;3;33;EXTRACT;3;
80.58203;219;-6.127468;-7.737587;3;19;EXTRACT;2;
80.62305;219;-6.127468;-7.737587;3;18;EXTRACT;1;
81.18164;220;-27.9548;-26.8067;3;21;EXTRACT;0;
81.3418;218;43.0168;13.52188;3;32;EXTRACT;3;
82.58398;219;-6.127468;-7.737587;3;17;EXTRACT;2;
82.66406;219;-6.127468;-7.737587;3;16;EXTRACT;1;
83.18555;220;-27.9548;-26.8067;3;20;EXTRACT;0;
83.3457;218;43.0168;13.52188;3;31;EXTRACT;3;
84.58594;219;-6.127468;-7.737587;3;15;EXTRACT;2;
84.66602;219;-6.127468;-7.737587;3;14;EXTRACT;1;
85.1875;220;-27.9548;-26.8067;3;19;EXTRACT;0;
85.34961;218;43.0168;13.52188;3;30;EXTRACT;3;
86.58984;219;-6.127468;-7.737587;3;13;EXTRACT;2;
86.66992;219;-6.127468;-7.737587;3;12;EXTRACT;1;
87.19141;220;-27.9548;-26.8067;3;18;EXTRACT;0;
87.35156;218;43.0168;13.52188;3;29;EXTRACT;3;
88.59375;219;-6.127468;-7.737587;3;11;EXTRACT;2;
88.67383;219;-6.127468;-7.737587;3;10;EXTRACT;1;
89.19531;220;-27.9548;-26.8067;3;17;EXTRACT;0;
89.35352;218;43.0168;13.52188;3;28;EXTRACT;3;
90.5957;219;-6.127468;-7.737587;3;9;EXTRACT;2;
90.67578;219;-6.127468;-7.737587;3;8;EXTRACT;1;
91.19727;220;-27.9548;-26.8067;3;16;EXTRACT;0;
91.31641;218;43.0168;13.52188;3;27;EXTRACT;3;
92.59961;219;-6.127468;-7.737587;3;7;EXTRACT;2;
92.64063;219;-6.127468;-7.737587;3;6;EXTRACT;1;
93.20117;220;-27.9548;-26.8067;3;15;EXTRACT;0;
93.32031;218;43.0168;13.52188;3;26;EXTRACT;3;
94.60156;219;-6.127468;-7.737587;3;5;EXTRACT;2;
94.64258;219;-6.127468;-7.737587;3;4;EXTRACT;1;
95.20313;220;-27.9548;-26.8067;3;14;EXTRACT;0;
95.32422;218;43.0168;13.52188;3;25;EXTRACT;3;
96.56641;219;-6.127468;-7.737587;3;3;EXTRACT;2;
96.64648;219;-6.127468;-7.737587;3;2;EXTRACT;1;
97.20703;220;-27.9548;-26.8067;3;13;EXTRACT;0;
97.32813;218;43.0168;13.52188;3;24;EXTRACT;3;
98.57031;219;-6.127468;-7.737587;3;1;EXTRACT;2;
98.65039;219;-6.127468;-7.737587;3;0;EXTRACT;1;
98.64063;219;-6.127468;-7.737587;3;0;DESTROYED;;
98.65039;222;21.87663;27.04636;3;48;CREATED;;
99.17188;220;-27.9548;-26.8067;3;12;EXTRACT;0;
99.33203;218;43.0168;13.52188;3;23;EXTRACT;3;
101.1738;220;-27.9548;-26.8067;3;11;EXTRACT;0;
101.334;218;43.0168;13.52188;3;22;EXTRACT;3;
103.1777;220;-27.9548;-26.8067;3;10;EXTRACT;0;
103.3379;218;43.0168;13.52188;3;21;EXTRACT;3;
105.1816;220;-27.9548;-26.8067;3;9;EXTRACT;0;
105.3418;218;43.0168;13.52188;3;20;EXTRACT;3;
107.1855;220;-27.9548;-26.8067;3;8;EXTRACT;0;
107.3438;218;43.0168;13.52188;3;19;EXTRACT;3;
109.1895;220;-27.9548;-26.8067;3;7;EXTRACT;0;
109.3496;218;43.0168;13.52188;3;18;EXTRACT;3;
111.1914;220;-27.9548;-26.8067;3;6;EXTRACT;0;
111.3516;218;43.0168;13.52188;3;17;EXTRACT;3;
113.1973;220;-27.9548;-26.8067;3;5;EXTRACT;0;
113.3574;218;43.0168;13.52188;3;16;EXTRACT;3;
115.2012;220;-27.9548;-26.8067;3;4;EXTRACT;0;
115.3203;218;43.0168;13.52188;3;15;EXTRACT;3;
116.4844;220;-27.9548;-26.8067;3;4;DISCOVER;1;
117.207;220;-27.9548;-26.8067;3;3;EXTRACT;0;
117.3262;218;43.0168;13.52188;3;14;EXTRACT;3;
119.1699;220;-27.9548;-26.8067;3;2;EXTRACT;0;
119.2109;220;-27.9548;-26.8067;3;1;EXTRACT;1;
119.3301;218;43.0168;13.52188;3;13;EXTRACT;3;
121.1738;220;-27.9548;-26.8067;3;0;EXTRACT;0;
121.1602;220;-27.9548;-26.8067;3;0;DESTROYED;;
121.1738;223;21.8486;35.56367;3;48;CREATED;;
121.334;218;43.0168;13.52188;3;12;EXTRACT;3;
123.3359;218;43.0168;13.52188;3;11;EXTRACT;3;
125.3418;218;43.0168;13.52188;3;10;EXTRACT;3;
127.3516;218;43.0168;13.52188;3;9;EXTRACT;3;
129.3203;218;43.0168;13.52188;3;8;EXTRACT;3;
131.3281;218;43.0168;13.52188;3;7;EXTRACT;3;
133.332;218;43.0168;13.52188;3;6;EXTRACT;3;
135.3359;218;43.0168;13.52188;3;5;EXTRACT;3;
137.3398;218;43.0168;13.52188;3;4;EXTRACT;3;
139.3496;218;43.0168;13.52188;3;3;EXTRACT;3;
141.3535;218;43.0168;13.52188;3;2;EXTRACT;3;
143.3184;218;43.0168;13.52188;3;1;EXTRACT;3;
145.3262;218;43.0168;13.52188;3;0;EXTRACT;3;
145.3203;218;43.0168;13.52188;3;0;DESTROYED;;
145.3262;224;-44.95469;24.60473;3;48;CREATED;;
189.377;221;-9.766861;35.90284;3;48;DISCOVER;3;
192.3086;221;-9.766861;35.90284;3;47;EXTRACT;3;
194.3184;221;-9.766861;35.90284;3;46;EXTRACT;3;
196.4199;221;-9.766861;35.90284;3;45;EXTRACT;3;
198.3008;221;-9.766861;35.90284;3;44;EXTRACT;3;
200.3066;221;-9.766861;35.90284;3;43;EXTRACT;3;
202.2734;221;-9.766861;35.90284;3;42;EXTRACT;3;
204.2793;221;-9.766861;35.90284;3;41;EXTRACT;3;
204.5605;221;-9.766861;35.90284;3;41;DISCOVER;1;
206.2832;221;-9.766861;35.90284;3;40;EXTRACT;3;
207.2051;221;-9.766861;35.90284;3;39;EXTRACT;1;
208.2891;221;-9.766861;35.90284;3;38;EXTRACT;3;
209.1738;221;-9.766861;35.90284;3;37;EXTRACT;1;
210.2969;221;-9.766861;35.90284;3;36;EXTRACT;3;
211.1777;221;-9.766861;35.90284;3;35;EXTRACT;1;
212.3008;221;-9.766861;35.90284;3;34;EXTRACT;3;
213.1836;221;-9.766861;35.90284;3;33;EXTRACT;1;
214.2676;221;-9.766861;35.90284;3;32;EXTRACT;3;
215.1895;221;-9.766861;35.90284;3;31;EXTRACT;1;
216.2734;221;-9.766861;35.90284;3;30;EXTRACT;3;
217.1992;221;-9.766861;35.90284;3;29;EXTRACT;1;
218.2793;221;-9.766861;35.90284;3;28;EXTRACT;3;
219.2012;221;-9.766861;35.90284;3;27;EXTRACT;1;
220.2832;221;-9.766861;35.90284;3;26;EXTRACT;3;
221.207;221;-9.766861;35.90284;3;25;EXTRACT;1;
222.291;221;-9.766861;35.90284;3;24;EXTRACT;3;
223.1719;221;-9.766861;35.90284;3;23;EXTRACT;1;
224.2949;221;-9.766861;35.90284;3;22;EXTRACT;3;
225.1777;221;-9.766861;35.90284;3;21;EXTRACT;1;
226.2988;221;-9.766861;35.90284;3;20;EXTRACT;3;
227.1816;221;-9.766861;35.90284;3;19;EXTRACT;1;
228.3047;221;-9.766861;35.90284;3;18;EXTRACT;3;
229.1875;221;-9.766861;35.90284;3;17;EXTRACT;1;
230.2695;221;-9.766861;35.90284;3;16;EXTRACT;3;
231.1914;221;-9.766861;35.90284;3;15;EXTRACT;1;
232.2754;221;-9.766861;35.90284;3;14;EXTRACT;3;
233.1973;221;-9.766861;35.90284;3;13;EXTRACT;1;
234.2793;221;-9.766861;35.90284;3;12;EXTRACT;3;
235.2012;221;-9.766861;35.90284;3;11;EXTRACT;1;
236.2832;221;-9.766861;35.90284;3;10;EXTRACT;3;
237.207;221;-9.766861;35.90284;3;9;EXTRACT;1;
238.2891;221;-9.766861;35.90284;3;8;EXTRACT;3;
239.1719;221;-9.766861;35.90284;3;7;EXTRACT;1;
240.2949;221;-9.766861;35.90284;3;6;EXTRACT;3;
241.1777;221;-9.766861;35.90284;3;5;EXTRACT;1;
242.3008;221;-9.766861;35.90284;3;4;EXTRACT;3;
243.1836;221;-9.766861;35.90284;3;3;EXTRACT;1;
244.3066;221;-9.766861;35.90284;3;2;EXTRACT;3;
245.1895;221;-9.766861;35.90284;3;1;EXTRACT;1;
246.2734;221;-9.766861;35.90284;3;0;EXTRACT;3;
246.2402;221;-9.766861;35.90284;3;0;DESTROYED;;
246.2734;225;44.73184;27.03667;3;48;CREATED;;
256.5391;225;44.73184;27.03667;3;48;DISCOVER;2;
259.3047;225;44.73184;27.03667;3;47;EXTRACT;2;
261.3145;225;44.73184;27.03667;3;46;EXTRACT;2;
263.0801;217;19.88687;-32.2684;3;48;DISCOVER;0;
263.3203;225;44.73184;27.03667;3;45;EXTRACT;2;
265.3262;225;44.73184;27.03667;3;44;EXTRACT;2;
266.25;217;19.88687;-32.2684;3;47;EXTRACT;0;
267.0117;223;21.8486;35.56367;3;48;DISCOVER;1;
267.334;225;44.73184;27.03667;3;43;EXTRACT;2;
268.2578;217;19.88687;-32.2684;3;46;EXTRACT;0;
269.3027;225;44.73184;27.03667;3;42;EXTRACT;2;
269.9043;223;21.8486;35.56367;3;47;EXTRACT;1;
270.2246;217;19.88687;-32.2684;3;45;EXTRACT;0;
271.3066;225;44.73184;27.03667;3;41;EXTRACT;2;
271.9082;223;21.8486;35.56367;3;46;EXTRACT;1;
272.2285;217;19.88687;-32.2684;3;44;EXTRACT;0;
273.3105;225;44.73184;27.03667;3;40;EXTRACT;2;
273.6719;223;21.8486;35.56367;3;46;DISCOVER;3;
273.9121;223;21.8486;35.56367;3;45;EXTRACT;1;
274.2324;217;19.88687;-32.2684;3;43;EXTRACT;0;
275.3145;225;44.73184;27.03667;3;39;EXTRACT;2;
275.875;223;21.8486;35.56367;3;44;EXTRACT;1;
276.0742;223;21.8486;35.56367;3;43;EXTRACT;3;
276.2344;217;19.88687;-32.2684;3;42;EXTRACT;0;
277.3164;225;44.73184;27.03667;3;38;EXTRACT;2;
277.877;223;21.8486;35.56367;3;42;EXTRACT;1;
278.0762;223;21.8486;35.56367;3;41;EXTRACT;3;
278.2383;217;19.88687;-32.2684;3;41;EXTRACT;0;
279.3184;225;44.73184;27.03667;3;37;EXTRACT;2;
279.8789;223;21.8486;35.56367;3;40;EXTRACT;1;
280.0781;223;21.8486;35.56367;3;39;EXTRACT;3;
280.2383;217;19.88687;-32.2684;3;40;EXTRACT;0;
281.3203;225;44.73184;27.03667;3;36;EXTRACT;2;
281.8809;223;21.8486;35.56367;3;38;EXTRACT;1;
282.0801;223;21.8486;35.56367;3;37;EXTRACT;3;
282.2422;217;19.88687;-32.2684;3;39;EXTRACT;0;
283.3242;225;44.73184;27.03667;3;35;EXTRACT;2;
283.8848;223;21.8486;35.56367;3;36;EXTRACT;1;
284.0859;223;21.8486;35.56367;3;35;EXTRACT;3;
284.2461;217;19.88687;-32.2684;3;38;EXTRACT;0;
285.3281;225;44.73184;27.03667;3;34;EXTRACT;2;
285.8906;223;21.8486;35.56367;3;34;EXTRACT;1;
286.0898;223;21.8486;35.56367;3;33;EXTRACT;3;
286.25;217;19.88687;-32.2684;3;37;EXTRACT;0;
287.332;225;44.73184;27.03667;3;33;EXTRACT;2;
287.8945;223;21.8486;35.56367;3;32;EXTRACT;1;
288.0547;223;21.8486;35.56367;3;31;EXTRACT;3;
288.2539;217;19.88687;-32.2684;3;36;EXTRACT;0;
289.3359;225;44.73184;27.03667;3;32;EXTRACT;2;
289.8965;223;21.8486;35.56367;3;30;EXTRACT;1;
290.0566;223;21.8486;35.56367;3;29;EXTRACT;3;
290.2559;217;19.88687;-32.2684;3;35;EXTRACT;0;
291.3359;225;44.73184;27.03667;3;31;EXTRACT;2;
291.8965;223;21.8486;35.56367;3;28;EXTRACT;1;
292.0566;223;21.8486;35.56367;3;27;EXTRACT;3;
292.2578;217;19.88687;-32.2684;3;34;EXTRACT;0;
293.3398;225;44.73184;27.03667;3;30;EXTRACT;2;
293.9023;223;21.8486;35.56367;3;26;EXTRACT;1;
294.0625;223;21.8486;35.56367;3;25;EXTRACT;3;
294.2617;217;19.88687;-32.2684;3;33;EXTRACT;0;
295.3418;225;44.73184;27.03667;3;29;EXTRACT;2;
295.9023;223;21.8486;35.56367;3;24;EXTRACT;1;
296.0625;223;21.8486;35.56367;3;23;EXTRACT;3;
296.2246;217;19.88687;-32.2684;3;32;EXTRACT;0;
297.3047;225;44.73184;27.03667;3;28;EXTRACT;2;
297.9063;223;21.8486;35.56367;3;22;EXTRACT;1;
298.0664;223;21.8486;35.56367;3;21;EXTRACT;3;
298.2266;217;19.88687;-32.2684;3;31;EXTRACT;0;
299.3105;225;44.73184;27.03667;3;27;EXTRACT;2;
299.9102;223;21.8486;35.56367;3;20;EXTRACT;1;
300.0703;223;21.8486;35.56367;3;19;EXTRACT;3;
300.2305;217;19.88687;-32.2684;3;30;EXTRACT;0;
301.3125;225;44.73184;27.03667;3;26;EXTRACT;2;
301.9141;223;21.8486;35.56367;3;18;EXTRACT;1;
302.0742;223;21.8486;35.56367;3;17;EXTRACT;3;
302.2344;217;19.88687;-32.2684;3;29;EXTRACT;0;
303.3145;225;44.73184;27.03667;3;25;EXTRACT;2;
303.877;223;21.8486;35.56367;3;16;EXTRACT;1;
304.0762;223;21.8486;35.56367;3;15;EXTRACT;3;
304.2363;217;19.88687;-32.2684;3;28;EXTRACT;0;
305.3184;225;44.73184;27.03667;3;24;EXTRACT;2;
305.9297;223;21.8486;35.56367;3;14;EXTRACT;1;
306.0801;223;21.8486;35.56367;3;13;EXTRACT;3;
306.2402;217;19.88687;-32.2684;3;27;EXTRACT;0;
307.3223;225;44.73184;27.03667;3;23;EXTRACT;2;
307.9219;223;21.8486;35.56367;3;12;EXTRACT;1;
308.084;223;21.8486;35.56367;3;11;EXTRACT;3;
308.2422;217;19.88687;-32.2684;3;26;EXTRACT;0;
309.3242;225;44.73184;27.03667;3;22;EXTRACT;2;
309.9277;223;21.8486;35.56367;3;10;EXTRACT;1;
310.0879;223;21.8486;35.56367;3;9;EXTRACT;3;
310.248;217;19.88687;-32.2684;3;25;EXTRACT;0;
311.3281;225;44.73184;27.03667;3;21;EXTRACT;2;
311.9297;223;21.8486;35.56367;3;8;EXTRACT;1;
312.0898;223;21.8486;35.56367;3;7;EXTRACT;3;
312.25;217;19.88687;-32.2684;3;24;EXTRACT;0;
313.3359;225;44.73184;27.03667;3;20;EXTRACT;2;
313.9375;223;21.8486;35.56367;3;6;EXTRACT;1;
314.0586;223;21.8486;35.56367;3;5;EXTRACT;3;
314.2578;217;19.88687;-32.2684;3;23;EXTRACT;0;
315.3398;225;44.73184;27.03667;3;19;EXTRACT;2;
315.9414;223;21.8486;35.56367;3;4;EXTRACT;1;
316.0605;223;21.8486;35.56367;3;3;EXTRACT;3;
316.2617;217;19.88687;-32.2684;3;22;EXTRACT;0;
317.3438;225;44.73184;27.03667;3;18;EXTRACT;2;
317.9434;223;21.8486;35.56367;3;2;EXTRACT;1;
318.0645;223;21.8486;35.56367;3;1;EXTRACT;3;
318.2637;217;19.88687;-32.2684;3;21;EXTRACT;0;
319.3438;225;44.73184;27.03667;3;17;EXTRACT;2;
319.9453;223;21.8486;35.56367;3;0;EXTRACT;1;
319.9199;223;21.8486;35.56367;3;0;DESTROYED;;
319.9453;226;20.10665;0.04841232;3;48;CREATED;;
320.2246;217;19.88687;-32.2684;3;20;EXTRACT;0;
321.3047;225;44.73184;27.03667;3;16;EXTRACT;2;
322.2285;217;19.88687;-32.2684;3;19;EXTRACT;0;
323.3105;225;44.73184;27.03667;3;15;EXTRACT;2;
324.2344;217;19.88687;-32.2684;3;18;EXTRACT;0;
325.3164;225;44.73184;27.03667;3;14;EXTRACT;2;
326.2402;217;19.88687;-32.2684;3;17;EXTRACT;0;
327.3242;225;44.73184;27.03667;3;13;EXTRACT;2;
328.252;217;19.88687;-32.2684;3;16;EXTRACT;0;
329.334;225;44.73184;27.03667;3;12;EXTRACT;2;
330.2578;217;19.88687;-32.2684;3;15;EXTRACT;0;
331.3398;225;44.73184;27.03667;3;11;EXTRACT;2;
332.2637;217;19.88687;-32.2684;3;14;EXTRACT;0;
333.3086;225;44.73184;27.03667;3;10;EXTRACT;2;
333.5078;225;44.73184;27.03667;3;10;DISCOVER;3;
334.2305;217;19.88687;-32.2684;3;13;EXTRACT;0;
335.3145;225;44.73184;27.03667;3;9;EXTRACT;2;
335.7949;225;44.73184;27.03667;3;9;DISCOVER;1;
335.9961;225;44.73184;27.03667;3;8;EXTRACT;3;
336.2363;217;19.88687;-32.2684;3;12;EXTRACT;0;
337.3203;225;44.73184;27.03667;3;7;EXTRACT;2;
337.9609;225;44.73184;27.03667;3;6;EXTRACT;3;
338.2402;217;19.88687;-32.2684;3;11;EXTRACT;0;
338.6816;225;44.73184;27.03667;3;5;EXTRACT;1;
339.3203;225;44.73184;27.03667;3;4;EXTRACT;2;
339.9688;225;44.73184;27.03667;3;3;EXTRACT;3;
340.248;217;19.88687;-32.2684;3;10;EXTRACT;0;
340.6875;225;44.73184;27.03667;3;2;EXTRACT;1;
341.3281;225;44.73184;27.03667;3;1;EXTRACT;2;
341.9688;225;44.73184;27.03667;3;0;EXTRACT;3;
341.9609;225;44.73184;27.03667;3;0;DESTROYED;;
341.9688;227;44.24439;-8.856873;3;48;CREATED;;
342.25;217;19.88687;-32.2684;3;9;EXTRACT;0;
344.252;217;19.88687;-32.2684;3;8;EXTRACT;0;
346.2578;217;19.88687;-32.2684;3;7;EXTRACT;0;
348.2637;217;19.88687;-32.2684;3;6;EXTRACT;0;
350.2285;217;19.88687;-32.2684;3;5;EXTRACT;0;
352.2305;217;19.88687;-32.2684;3;4;EXTRACT;0;
354.2363;217;19.88687;-32.2684;3;3;EXTRACT;0;
356.2402;217;19.88687;-32.2684;3;2;EXTRACT;0;
358.25;217;19.88687;-32.2684;3;1;EXTRACT;0;
360.2559;217;19.88687;-32.2684;3;0;EXTRACT;0;
360.2402;217;19.88687;-32.2684;3;0;DESTROYED;;
360.2559;228;33.9071;-34.51822;3;48;CREATED;;
364.2305;226;20.10665;0.04841232;3;48;DISCOVER;3;
367.3613;226;20.10665;0.04841232;3;47;EXTRACT;3;
369.3281;226;20.10665;0.04841232;3;46;EXTRACT;3;
371.3379;226;20.10665;0.04841232;3;45;EXTRACT;3;
371.7773;228;33.9071;-34.51822;3;48;DISCOVER;0;
373.3418;226;20.10665;0.04841232;3;44;EXTRACT;3;
374.9453;228;33.9071;-34.51822;3;47;EXTRACT;0;
375.3457;226;20.10665;0.04841232;3;43;EXTRACT;3;
376.9531;228;33.9071;-34.51822;3;46;EXTRACT;0;
377.3535;226;20.10665;0.04841232;3;42;EXTRACT;3;
377.9941;228;33.9071;-34.51822;3;46;DISCOVER;1;
378.9551;228;33.9071;-34.51822;3;45;EXTRACT;0;
379.3555;226;20.10665;0.04841232;3;41;EXTRACT;3;
380.5977;228;33.9071;-34.51822;3;44;EXTRACT;1;
380.959;228;33.9071;-34.51822;3;43;EXTRACT;0;
381.3594;226;20.10665;0.04841232;3;40;EXTRACT;3;
382.6016;228;33.9071;-34.51822;3;42;EXTRACT;1;
382.9648;228;33.9071;-34.51822;3;41;EXTRACT;0;
383.3242;226;20.10665;0.04841232;3;39;EXTRACT;3;
384.6074;228;33.9071;-34.51822;3;40;EXTRACT;1;
384.9277;228;33.9071;-34.51822;3;39;EXTRACT;0;
385.3281;226;20.10665;0.04841232;3;38;EXTRACT;3;
386.4102;226;20.10665;0.04841232;3;38;DISCOVER;2;
386.6113;228;33.9071;-34.51822;3;38;EXTRACT;1;
386.9316;228;33.9071;-34.51822;3;37;EXTRACT;0;
387.334;226;20.10665;0.04841232;3;37;EXTRACT;3;
388.5781;228;33.9071;-34.51822;3;36;EXTRACT;1;
388.9375;228;33.9071;-34.51822;3;35;EXTRACT;0;
389.2188;226;20.10665;0.04841232;3;36;EXTRACT;2;
389.3379;226;20.10665;0.04841232;3;35;EXTRACT;3;
390.5801;228;33.9071;-34.51822;3;34;EXTRACT;1;
390.9395;228;33.9071;-34.51822;3;33;EXTRACT;0;
391.2207;226;20.10665;0.04841232;3;34;EXTRACT;2;
391.3398;226;20.10665;0.04841232;3;33;EXTRACT;3;
392.582;228;33.9071;-34.51822;3;32;EXTRACT;1;
392.9414;228;33.9071;-34.51822;3;31;EXTRACT;0;
393.2227;226;20.10665;0.04841232;3;32;EXTRACT;2;
393.3418;226;20.10665;0.04841232;3;31;EXTRACT;3;
394.5859;228;33.9071;-34.51822;3;30;EXTRACT;1;
394.9453;228;33.9071;-34.51822;3;29;EXTRACT;0;
395.2266;226;20.10665;0.04841232;3;30;EXTRACT;2;
395.3457;226;20.10665;0.04841232;3;29;EXTRACT;3;
396.5879;228;33.9071;-34.51822;3;28;EXTRACT;1;
396.9473;228;33.9071;-34.51822;3;27;EXTRACT;0;
397.2285;226;20.10665;0.04841232;3;28;EXTRACT;2;
397.3477;226;20.10665;0.04841232;3;27;EXTRACT;3;
398.5898;228;33.9071;-34.51822;3;26;EXTRACT;1;
398.9492;228;33.9071;-34.51822;3;25;EXTRACT;0;
399.2305;226;20.10665;0.04841232;3;26;EXTRACT;2;
399.3496;226;20.10665;0.04841232;3;25;EXTRACT;3;
400.5918;228;33.9071;-34.51822;3;24;EXTRACT;1;
400.9531;228;33.9071;-34.51822;3;23;EXTRACT;0;
401.2324;226;20.10665;0.04841232;3;24;EXTRACT;2;
401.3535;226;20.10665;0.04841232;3;23;EXTRACT;3;
402.5977;228;33.9071;-34.51822;3;22;EXTRACT;1;
402.957;228;33.9071;-34.51822;3;21;EXTRACT;0;
403.2363;226;20.10665;0.04841232;3;22;EXTRACT;2;
403.3574;226;20.10665;0.04841232;3;21;EXTRACT;3;
404.5996;228;33.9071;-34.51822;3;20;EXTRACT;1;
404.959;228;33.9071;-34.51822;3;19;EXTRACT;0;
405.2383;226;20.10665;0.04841232;3;20;EXTRACT;2;
405.3594;226;20.10665;0.04841232;3;19;EXTRACT;3;
406.6016;228;33.9071;-34.51822;3;18;EXTRACT;1;
406.9609;228;33.9071;-34.51822;3;17;EXTRACT;0;
407.2402;226;20.10665;0.04841232;3;18;EXTRACT;2;
407.3613;226;20.10665;0.04841232;3;17;EXTRACT;3;
408.6035;228;33.9071;-34.51822;3;16;EXTRACT;1;
408.9629;228;33.9071;-34.51822;3;15;EXTRACT;0;
409.2441;226;20.10665;0.04841232;3;16;EXTRACT;2;
409.3652;226;20.10665;0.04841232;3;15;EXTRACT;3;
410.6055;228;33.9071;-34.51822;3;14;EXTRACT;1;
410.9668;228;33.9071;-34.51822;3;13;EXTRACT;0;
411.2461;226;20.10665;0.04841232;3;14;EXTRACT;2;
411.3672;226;20.10665;0.04841232;3;13;EXTRACT;3;
412.6094;228;33.9071;-34.51822;3;12;EXTRACT;1;
412.9297;228;33.9071;-34.51822;3;11;EXTRACT;0;
413.209;226;20.10665;0.04841232;3;12;EXTRACT;2;
413.3691;226;20.10665;0.04841232;3;11;EXTRACT;3;
414.6113;228;33.9071;-34.51822;3;10;EXTRACT;1;
414.9316;228;33.9071;-34.51822;3;9;EXTRACT;0;
415.2129;226;20.10665;0.04841232;3;10;EXTRACT;2;
415.375;226;20.10665;0.04841232;3;9;EXTRACT;3;
416.6152;228;33.9071;-34.51822;3;8;EXTRACT;1;
416.9355;228;33.9071;-34.51822;3;7;EXTRACT;0;
417.2168;226;20.10665;0.04841232;3;8;EXTRACT;2;
417.377;226;20.10665;0.04841232;3;7;EXTRACT;3;
418.6191;228;33.9071;-34.51822;3;6;EXTRACT;1;
418.9395;228;33.9071;-34.51822;3;5;EXTRACT;0;
419.2188;226;20.10665;0.04841232;3;6;EXTRACT;2;
419.3789;226;20.10665;0.04841232;3;5;EXTRACT;3;
420.6211;228;33.9071;-34.51822;3;4;EXTRACT;1;
420.9414;228;33.9071;-34.51822;3;3;EXTRACT;0;
421.2227;226;20.10665;0.04841232;3;4;EXTRACT;2;
421.3828;226;20.10665;0.04841232;3;3;EXTRACT;3;
422.623;228;33.9071;-34.51822;3;2;EXTRACT;1;
422.9434;228;33.9071;-34.51822;3;1;EXTRACT;0;
423.2246;226;20.10665;0.04841232;3;2;EXTRACT;2;
423.3457;226;20.10665;0.04841232;3;1;EXTRACT;3;
424.627;228;33.9071;-34.51822;3;0;EXTRACT;1;
424.5996;228;33.9071;-34.51822;3;0;DESTROYED;;
424.627;229;-32.61304;39.23316;3;48;CREATED;;
425.2285;226;20.10665;0.04841232;3;0;EXTRACT;2;
425.2012;226;20.10665;0.04841232;3;0;DESTROYED;;
425.2285;230;10.25394;21.11009;3;48;CREATED;;
523.7793;229;-32.61304;39.23316;3;48;DISCOVER;3;
526.9453;229;-32.61304;39.23316;3;47;EXTRACT;3;
528.9512;229;-32.61304;39.23316;3;46;EXTRACT;3;
530.9141;229;-32.61304;39.23316;3;45;EXTRACT;3;
531.3145;229;-32.61304;39.23316;3;45;DISCOVER;0;
532.9238;229;-32.61304;39.23316;3;44;EXTRACT;3;
534.084;229;-32.61304;39.23316;3;43;EXTRACT;0;
534.9277;229;-32.61304;39.23316;3;42;EXTRACT;3;
536.0879;229;-32.61304;39.23316;3;41;EXTRACT;0;
536.9297;229;-32.61304;39.23316;3;40;EXTRACT;3;
538.0918;229;-32.61304;39.23316;3;39;EXTRACT;0;
538.9336;229;-32.61304;39.23316;3;38;EXTRACT;3;
540.0957;229;-32.61304;39.23316;3;37;EXTRACT;0;
540.9375;229;-32.61304;39.23316;3;36;EXTRACT;3;
542.1035;229;-32.61304;39.23316;3;35;EXTRACT;0;
542.9453;229;-32.61304;39.23316;3;34;EXTRACT;3;
544.0762;229;-32.61304;39.23316;3;33;EXTRACT;0;
544.6758;229;-32.61304;39.23316;3;33;DISCOVER;2;
544.918;229;-32.61304;39.23316;3;32;EXTRACT;3;
546.0801;229;-32.61304;39.23316;3;31;EXTRACT;0;
546.9199;229;-32.61304;39.23316;3;30;EXTRACT;3;
548.0859;229;-32.61304;39.23316;3;29;EXTRACT;0;
548.3672;229;-32.61304;39.23316;3;28;EXTRACT;2;
548.9277;229;-32.61304;39.23316;3;27;EXTRACT;3;
550.0938;229;-32.61304;39.23316;3;26;EXTRACT;0;
550.334;229;-32.61304;39.23316;3;25;EXTRACT;2;
550.9336;229;-32.61304;39.23316;3;24;EXTRACT;3;
552.0977;229;-32.61304;39.23316;3;23;EXTRACT;0;
552.3379;229;-32.61304;39.23316;3;22;EXTRACT;2;
552.9395;229;-32.61304;39.23316;3;21;EXTRACT;3;
554.0996;229;-32.61304;39.23316;3;20;EXTRACT;0;
554.3418;229;-32.61304;39.23316;3;19;EXTRACT;2;
554.9414;229;-32.61304;39.23316;3;18;EXTRACT;3;
556.1035;229;-32.61304;39.23316;3;17;EXTRACT;0;
556.3438;229;-32.61304;39.23316;3;16;EXTRACT;2;
556.9453;229;-32.61304;39.23316;3;15;EXTRACT;3;
558.0684;229;-32.61304;39.23316;3;14;EXTRACT;0;
558.3496;229;-32.61304;39.23316;3;13;EXTRACT;2;
558.9512;229;-32.61304;39.23316;3;12;EXTRACT;3;
560.0703;229;-32.61304;39.23316;3;11;EXTRACT;0;
560.3516;229;-32.61304;39.23316;3;10;EXTRACT;2;
560.9531;229;-32.61304;39.23316;3;9;EXTRACT;3;
562.0781;229;-32.61304;39.23316;3;8;EXTRACT;0;
562.3594;229;-32.61304;39.23316;3;7;EXTRACT;2;
562.9199;229;-32.61304;39.23316;3;6;EXTRACT;3;
564.0859;229;-32.61304;39.23316;3;5;EXTRACT;0;
564.3672;229;-32.61304;39.23316;3;4;EXTRACT;2;
564.9277;229;-32.61304;39.23316;3;3;EXTRACT;3;
566.0898;229;-32.61304;39.23316;3;2;EXTRACT;0;
566.3301;229;-32.61304;39.23316;3;1;EXTRACT;2;
566.9316;229;-32.61304;39.23316;3;0;EXTRACT;3;
566.9199;229;-32.61304;39.23316;3;0;DESTROYED;;
566.9316;231;5.484253;-13.15194;3;48;CREATED;;
572.4355;230;10.25394;21.11009;3;48;DISCOVER;1;
575.7637;230;10.25394;21.11009;3;47;EXTRACT;1;
577.7695;230;10.25394;21.11009;3;46;EXTRACT;1;
579.7734;230;10.25394;21.11009;3;45;EXTRACT;1;
581.7793;230;10.25394;21.11009;3;44;EXTRACT;1;
583.7832;230;10.25394;21.11009;3;43;EXTRACT;1;
585.7852;230;10.25394;21.11009;3;42;EXTRACT;1;
587.752;230;10.25394;21.11009;3;41;EXTRACT;1;
589.7578;230;10.25394;21.11009;3;40;EXTRACT;1;
591.7617;230;10.25394;21.11009;3;39;EXTRACT;1;
593.7656;230;10.25394;21.11009;3;38;EXTRACT;1;
594.5684;230;10.25394;21.11009;3;38;DISCOVER;3;
595.7715;230;10.25394;21.11009;3;37;EXTRACT;1;
597.1348;230;10.25394;21.11009;3;36;EXTRACT;3;
597.7773;230;10.25394;21.11009;3;35;EXTRACT;1;
599.1406;230;10.25394;21.11009;3;34;EXTRACT;3;
599.7813;230;10.25394;21.11009;3;33;EXTRACT;1;
600.3027;230;10.25394;21.11009;3;33;DISCOVER;2;
601.1426;230;10.25394;21.11009;3;32;EXTRACT;3;
601.7852;230;10.25394;21.11009;3;31;EXTRACT;1;
603.1484;230;10.25394;21.11009;3;30;EXTRACT;3;
603.752;230;10.25394;21.11009;3;29;EXTRACT;2;
603.791;230;10.25394;21.11009;3;28;EXTRACT;1;
605.1563;230;10.25394;21.11009;3;27;EXTRACT;3;
605.7598;230;10.25394;21.11009;3;26;EXTRACT;2;
605.7988;230;10.25394;21.11009;3;25;EXTRACT;1;
607.1621;230;10.25394;21.11009;3;24;EXTRACT;3;
607.7676;230;10.25394;21.11009;3;23;EXTRACT;2;
607.8066;230;10.25394;21.11009;3;22;EXTRACT;1;
609.1719;230;10.25394;21.11009;3;21;EXTRACT;3;
609.7734;230;10.25394;21.11009;3;20;EXTRACT;2;
609.7734;230;10.25394;21.11009;3;19;EXTRACT;1;
611.1367;230;10.25394;21.11009;3;18;EXTRACT;3;
611.7773;230;10.25394;21.11009;3;17;EXTRACT;2;
611.7773;230;10.25394;21.11009;3;16;EXTRACT;1;
613.1387;230;10.25394;21.11009;3;15;EXTRACT;3;
613.7813;230;10.25394;21.11009;3;14;EXTRACT;2;
613.7813;230;10.25394;21.11009;3;13;EXTRACT;1;
615.1836;230;10.25394;21.11009;3;12;EXTRACT;3;
615.7871;230;10.25394;21.11009;3;11;EXTRACT;2;
615.7871;230;10.25394;21.11009;3;10;EXTRACT;1;
617.1914;230;10.25394;21.11009;3;9;EXTRACT;3;
617.752;230;10.25394;21.11009;3;8;EXTRACT;2;
617.793;230;10.25394;21.11009;3;7;EXTRACT;1;
619.1563;230;10.25394;21.11009;3;6;EXTRACT;3;
619.7559;230;10.25394;21.11009;3;5;EXTRACT;2;
619.7949;230;10.25394;21.11009;3;4;EXTRACT;1;
621.1602;230;10.25394;21.11009;3;3;EXTRACT;3;
621.7637;230;10.25394;21.11009;3;2;EXTRACT;2;
621.8027;230;10.25394;21.11009;3;1;EXTRACT;1;
623.168;230;10.25394;21.11009;3;0;EXTRACT;3;
623.1602;230;10.25394;21.11009;3;0;DESTROYED;;
623.168;232;12.97346;-42.12834;3;48;CREATED;;
629.9043;222;21.87663;27.04636;3;48;DISCOVER;2;
633.5156;222;21.87663;27.04636;3;47;EXTRACT;2;
634.7988;222;21.87663;27.04636;3;47;DISCOVER;3;
635.5215;222;21.87663;27.04636;3;46;EXTRACT;2;
635.9219;222;21.87663;27.04636;3;46;DISCOVER;1;
637.2871;222;21.87663;27.04636;3;45;EXTRACT;3;
637.4883;222;21.87663;27.04636;3;44;EXTRACT;2;
638.7695;222;21.87663;27.04636;3;43;EXTRACT;1;
639.291;222;21.87663;27.04636;3;42;EXTRACT;3;
639.4902;222;21.87663;27.04636;3;41;EXTRACT;2;
640.7734;222;21.87663;27.04636;3;40;EXTRACT;1;
641.2949;222;21.87663;27.04636;3;39;EXTRACT;3;
641.4961;222;21.87663;27.04636;3;38;EXTRACT;2;
642.7383;222;21.87663;27.04636;3;37;EXTRACT;1;
643.2988;222;21.87663;27.04636;3;36;EXTRACT;3;
643.5;222;21.87663;27.04636;3;35;EXTRACT;2;
644.7422;222;21.87663;27.04636;3;34;EXTRACT;1;
645.3027;222;21.87663;27.04636;3;33;EXTRACT;3;
645.502;222;21.87663;27.04636;3;32;EXTRACT;2;
646.7461;222;21.87663;27.04636;3;31;EXTRACT;1;
647.3066;222;21.87663;27.04636;3;30;EXTRACT;3;
647.5078;222;21.87663;27.04636;3;29;EXTRACT;2;
648.75;222;21.87663;27.04636;3;28;EXTRACT;1;
649.3125;222;21.87663;27.04636;3;27;EXTRACT;3;
649.5117;222;21.87663;27.04636;3;26;EXTRACT;2;
650.7578;222;21.87663;27.04636;3;25;EXTRACT;1;
651.3184;222;21.87663;27.04636;3;24;EXTRACT;3;
651.5195;222;21.87663;27.04636;3;23;EXTRACT;2;
652.7617;222;21.87663;27.04636;3;22;EXTRACT;1;
653.3203;222;21.87663;27.04636;3;21;EXTRACT;3;
653.5215;222;21.87663;27.04636;3;20;EXTRACT;2;
654.7617;222;21.87663;27.04636;3;19;EXTRACT;1;
655.3223;222;21.87663;27.04636;3;18;EXTRACT;3;
655.5234;222;21.87663;27.04636;3;17;EXTRACT;2;
656.7656;222;21.87663;27.04636;3;16;EXTRACT;1;
657.2871;222;21.87663;27.04636;3;15;EXTRACT;3;
657.5273;222;21.87663;27.04636;3;14;EXTRACT;2;
658.7695;222;21.87663;27.04636;3;13;EXTRACT;1;
659.291;222;21.87663;27.04636;3;12;EXTRACT;3;
659.5313;222;21.87663;27.04636;3;11;EXTRACT;2;
660.7734;222;21.87663;27.04636;3;10;EXTRACT;1;
661.2949;222;21.87663;27.04636;3;9;EXTRACT;3;
661.5352;222;21.87663;27.04636;3;8;EXTRACT;2;
662.7773;222;21.87663;27.04636;3;7;EXTRACT;1;
663.2969;222;21.87663;27.04636;3;6;EXTRACT;3;
663.5391;222;21.87663;27.04636;3;5;EXTRACT;2;
664.7422;222;21.87663;27.04636;3;4;EXTRACT;1;
665.3027;222;21.87663;27.04636;3;3;EXTRACT;3;
665.502;222;21.87663;27.04636;3;2;EXTRACT;2;
666.748;222;21.87663;27.04636;3;1;EXTRACT;1;
667.3066;222;21.87663;27.04636;3;0;EXTRACT;3;
667.2813;222;21.87663;27.04636;3;0;DESTROYED;;
667.3066;233;-14.1092;44.63668;3;48;CREATED;;
678.9473;231;5.484253;-13.15194;3;48;DISCOVER;0;
682.6777;231;5.484253;-13.15194;3;47;EXTRACT;0;
684.6816;231;5.484253;-13.15194;3;46;EXTRACT;0;
686.6895;231;5.484253;-13.15194;3;45;EXTRACT;0;
688.6914;231;5.484253;-13.15194;3;44;EXTRACT;0;
690.6953;231;5.484253;-13.15194;3;43;EXTRACT;0;
692.7031;231;5.484253;-13.15194;3;42;EXTRACT;0;
694.707;231;5.484253;-13.15194;3;41;EXTRACT;0;
696.7148;231;5.484253;-13.15194;3;40;EXTRACT;0;
698.6816;231;5.484253;-13.15194;3;39;EXTRACT;0;
700.6855;231;5.484253;-13.15194;3;38;EXTRACT;0;
701.5684;231;5.484253;-13.15194;3;38;DISCOVER;1;
702.6914;231;5.484253;-13.15194;3;37;EXTRACT;0;
703.4141;231;5.484253;-13.15194;3;37;DISCOVER;2;
704.1758;231;5.484253;-13.15194;3;36;EXTRACT;1;
704.6973;231;5.484253;-13.15194;3;35;EXTRACT;0;
706.1406;231;5.484253;-13.15194;3;34;EXTRACT;1;
706.2207;231;5.484253;-13.15194;3;33;EXTRACT;2;
706.7012;231;5.484253;-13.15194;3;32;EXTRACT;0;
707.1016;231;5.484253;-13.15194;3;32;DISCOVER;3;
708.1445;231;5.484253;-13.15194;3;31;EXTRACT;1;
708.2246;231;5.484253;-13.15194;3;30;EXTRACT;2;
708.7051;231;5.484253;-13.15194;3;29;EXTRACT;0;
709.877;231;5.484253;-13.15194;3;28;EXTRACT;3;
710.1484;231;5.484253;-13.15194;3;27;EXTRACT;1;
710.1895;231;5.484253;-13.15194;3;26;EXTRACT;2;
710.709;231;5.484253;-13.15194;3;25;EXTRACT;0;
711.873;231;5.484253;-13.15194;3;24;EXTRACT;3;
712.1523;231;5.484253;-13.15194;3;23;EXTRACT;1;
712.1934;231;5.484253;-13.15194;3;22;EXTRACT;2;
712.7129;231;5.484253;-13.15194;3;21;EXTRACT;0;
713.875;231;5.484253;-13.15194;3;20;EXTRACT;3;
714.1563;231;5.484253;-13.15194;3;19;EXTRACT;1;
714.1953;231;5.484253;-13.15194;3;18;EXTRACT;2;
714.6758;231;5.484253;-13.15194;3;17;EXTRACT;0;
715.877;231;5.484253;-13.15194;3;16;EXTRACT;3;
716.1582;231;5.484253;-13.15194;3;15;EXTRACT;1;
716.1992;231;5.484253;-13.15194;3;14;EXTRACT;2;
716.6797;231;5.484253;-13.15194;3;13;EXTRACT;0;
717.8398;231;5.484253;-13.15194;3;12;EXTRACT;3;
718.1602;231;5.484253;-13.15194;3;11;EXTRACT;1;
718.2012;231;5.484253;-13.15194;3;10;EXTRACT;2;
718.6816;231;5.484253;-13.15194;3;9;EXTRACT;0;
719.8457;231;5.484253;-13.15194;3;8;EXTRACT;3;
