Time;PatchID;PositionX;PositionZ;Radius;CoinAmount;PatchEvent;TriggerPlayer;
0;161;-44.95523;-37.13722;3;16;CREATED;;
0;162;34.85513;32.08878;3;16;CREATED;;
0;163;-9.931786;-44.6013;3;16;CREATED;;
0;164;35.91625;20.75802;3;16;CREATED;;
0;165;-17.4702;16.7255;3;16;CREATED;;
0;166;2.287556;16.41932;3;16;CREATED;;
0;167;38.77138;15.04397;3;16;CREATED;;
0;168;-21.73994;42.87959;3;16;CREATED;;
0;169;10.37334;43.89917;3;16;CREATED;;
0;170;-17.06225;31.38863;3;16;CREATED;;
0;171;-4.464447;29.4427;3;16;CREATED;;
0;172;14.45333;32.02727;3;16;CREATED;;
0;173;-21.52534;-19.93024;3;16;CREATED;;
0;174;-1.118443;-9.296497;3;16;CREATED;;
0;175;-19.04465;-27.24993;3;16;CREATED;;
8.109375;172;14.45333;32.02727;3;16;DISCOVER;2;
11.71875;172;14.45333;32.02727;3;15;EXTRACT;2;
13.72461;172;14.45333;32.02727;3;14;EXTRACT;2;
15.73047;172;14.45333;32.02727;3;13;EXTRACT;2;
17.73828;172;14.45333;32.02727;3;12;EXTRACT;2;
19.74414;172;14.45333;32.02727;3;11;EXTRACT;2;
21.70898;172;14.45333;32.02727;3;10;EXTRACT;2;
23.78711;172;14.45333;32.02727;3;9;EXTRACT;2;
25.73438;172;14.45333;32.02727;3;8;EXTRACT;2;
26.91602;174;-1.118443;-9.296497;3;16;DISCOVER;3;
27.71094;172;14.45333;32.02727;3;7;EXTRACT;2;
28.72461;172;14.45333;32.02727;3;7;DISCOVER;1;
29.71289;172;14.45333;32.02727;3;6;EXTRACT;2;
29.79297;174;-1.118443;-9.296497;3;15;EXTRACT;3;
31.43555;172;14.45333;32.02727;3;5;EXTRACT;1;
31.7168;172;14.45333;32.02727;3;4;EXTRACT;2;
31.75586;174;-1.118443;-9.296497;3;14;EXTRACT;3;
33.4375;172;14.45333;32.02727;3;3;EXTRACT;1;
33.71875;172;14.45333;32.02727;3;2;EXTRACT;2;
33.75781;174;-1.118443;-9.296497;3;13;EXTRACT;3;
35.44141;172;14.45333;32.02727;3;1;EXTRACT;1;
35.72266;172;14.45333;32.02727;3;0;EXTRACT;2;
35.7207;172;14.45333;32.02727;3;0;DESTROYED;;
35.72266;176;-28.85439;-38.81313;3;16;CREATED;;
35.76172;174;-1.118443;-9.296497;3;12;EXTRACT;3;
37.76758;174;-1.118443;-9.296497;3;11;EXTRACT;3;
39.77539;174;-1.118443;-9.296497;3;10;EXTRACT;3;
41.78125;174;-1.118443;-9.296497;3;9;EXTRACT;3;
43.79688;174;-1.118443;-9.296497;3;8;EXTRACT;3;
45.76172;174;-1.118443;-9.296497;3;7;EXTRACT;3;
47.76758;174;-1.118443;-9.296497;3;6;EXTRACT;3;
49.77148;174;-1.118443;-9.296497;3;5;EXTRACT;3;
51.77734;174;-1.118443;-9.296497;3;4;EXTRACT;3;
53.78516;174;-1.118443;-9.296497;3;3;EXTRACT;3;
55.10742;170;-17.06225;31.38863;3;16;DISCOVER;1;
55.78906;174;-1.118443;-9.296497;3;2;EXTRACT;3;
57.79297;174;-1.118443;-9.296497;3;1;EXTRACT;3;
58.03516;170;-17.06225;31.38863;3;15;EXTRACT;1;
59.79883;174;-1.118443;-9.296497;3;0;EXTRACT;3;
59.75977;174;-1.118443;-9.296497;3;0;DESTROYED;;
59.79883;177;12.56449;1.274418;3;16;CREATED;;
60.03906;170;-17.06225;31.38863;3;14;EXTRACT;1;
62.04492;170;-17.06225;31.38863;3;13;EXTRACT;1;
64.02539;170;-17.06225;31.38863;3;12;EXTRACT;1;
66.03906;170;-17.06225;31.38863;3;11;EXTRACT;1;
68.04492;170;-17.06225;31.38863;3;10;EXTRACT;1;
70.01758;170;-17.06225;31.38863;3;9;EXTRACT;1;
72.02344;170;-17.06225;31.38863;3;8;EXTRACT;1;
74.0293;170;-17.06225;31.38863;3;7;EXTRACT;1;
76.0332;170;-17.06225;31.38863;3;6;EXTRACT;1;
78.03711;170;-17.06225;31.38863;3;5;EXTRACT;1;
80.04492;170;-17.06225;31.38863;3;4;EXTRACT;1;
82.04883;170;-17.06225;31.38863;3;3;EXTRACT;1;
84.05469;170;-17.06225;31.38863;3;2;EXTRACT;1;
85.45703;173;-21.52534;-19.93024;3;16;DISCOVER;3;
86.06055;170;-17.06225;31.38863;3;1;EXTRACT;1;
88.0625;170;-17.06225;31.38863;3;0;EXTRACT;1;
88.03906;170;-17.06225;31.38863;3;0;DESTROYED;;
88.0625;178;31.40724;-41.79104;3;16;CREATED;;
88.54492;173;-21.52534;-19.93024;3;15;EXTRACT;3;
90.55078;173;-21.52534;-19.93024;3;14;EXTRACT;3;
92.55664;173;-21.52534;-19.93024;3;13;EXTRACT;3;
94.5625;173;-21.52534;-19.93024;3;12;EXTRACT;3;
96.56445;173;-21.52534;-19.93024;3;11;EXTRACT;3;
98.57031;173;-21.52534;-19.93024;3;10;EXTRACT;3;
100.5781;173;-21.52534;-19.93024;3;9;EXTRACT;3;
102.582;173;-21.52534;-19.93024;3;8;EXTRACT;3;
104.5469;173;-21.52534;-19.93024;3;7;EXTRACT;3;
106.5508;173;-21.52534;-19.93024;3;6;EXTRACT;3;
108.5566;173;-21.52534;-19.93024;3;5;EXTRACT;3;
110.5645;173;-21.52534;-19.93024;3;4;EXTRACT;3;
112.5684;173;-21.52534;-19.93024;3;3;EXTRACT;3;
113.6895;162;34.85513;32.08878;3;16;DISCOVER;2;
114.5723;173;-21.52534;-19.93024;3;2;EXTRACT;3;
116.5762;173;-21.52534;-19.93024;3;1;EXTRACT;3;
116.8574;162;34.85513;32.08878;3;15;EXTRACT;2;
118.582;173;-21.52534;-19.93024;3;0;EXTRACT;3;
118.5605;173;-21.52534;-19.93024;3;0;DESTROYED;;
118.582;179;11.1495;-20.12797;3;16;CREATED;;
118.8633;162;34.85513;32.08878;3;14;EXTRACT;2;
120.8711;162;34.85513;32.08878;3;13;EXTRACT;2;
122.877;162;34.85513;32.08878;3;12;EXTRACT;2;
124.8809;162;34.85513;32.08878;3;11;EXTRACT;2;
126.8438;162;34.85513;32.08878;3;10;EXTRACT;2;
128.8516;162;34.85513;32.08878;3;9;EXTRACT;2;
130.8574;162;34.85513;32.08878;3;8;EXTRACT;2;
132.8633;162;34.85513;32.08878;3;7;EXTRACT;2;
134.8711;162;34.85513;32.08878;3;6;EXTRACT;2;
136.8789;162;34.85513;32.08878;3;5;EXTRACT;2;
136.918;168;-21.73994;42.87959;3;16;DISCOVER;0;
138.8828;162;34.85513;32.08878;3;4;EXTRACT;2;
139.7637;168;-21.73994;42.87959;3;15;EXTRACT;0;
140.8496;162;34.85513;32.08878;3;3;EXTRACT;2;
141.7734;168;-21.73994;42.87959;3;14;EXTRACT;0;
142.8555;162;34.85513;32.08878;3;2;EXTRACT;2;
143.7793;168;-21.73994;42.87959;3;13;EXTRACT;0;
144.8613;162;34.85513;32.08878;3;1;EXTRACT;2;
145.7832;168;-21.73994;42.87959;3;12;EXTRACT;0;
146.8652;162;34.85513;32.08878;3;0;EXTRACT;2;
146.8398;162;34.85513;32.08878;3;0;DESTROYED;;
146.8652;180;42.80421;-27.98417;3;16;CREATED;;
147.668;177;12.56449;1.274418;3;16;DISCOVER;3;
147.7871;168;-21.73994;42.87959;3;11;EXTRACT;0;
149.793;168;-21.73994;42.87959;3;10;EXTRACT;0;
151.1563;177;12.56449;1.274418;3;15;EXTRACT;3;
151.7969;168;-21.73994;42.87959;3;9;EXTRACT;0;
153.1621;177;12.56449;1.274418;3;14;EXTRACT;3;
153.7637;168;-21.73994;42.87959;3;8;EXTRACT;0;
154.6484;164;35.91625;20.75802;3;16;DISCOVER;2;
154.7305;166;2.287556;16.41932;3;16;DISCOVER;1;
155.1699;177;12.56449;1.274418;3;13;EXTRACT;3;
155.7695;168;-21.73994;42.87959;3;7;EXTRACT;0;
157.1719;177;12.56449;1.274418;3;12;EXTRACT;3;
157.4922;164;35.91625;20.75802;3;15;EXTRACT;2;
157.7754;166;2.287556;16.41932;3;15;EXTRACT;1;
157.7754;168;-21.73994;42.87959;3;6;EXTRACT;0;
159.1777;177;12.56449;1.274418;3;11;EXTRACT;3;
159.498;164;35.91625;20.75802;3;14;EXTRACT;2;
159.7383;166;2.287556;16.41932;3;14;EXTRACT;1;
159.7773;168;-21.73994;42.87959;3;5;EXTRACT;0;
161.1777;177;12.56449;1.274418;3;10;EXTRACT;3;
161.498;164;35.91625;20.75802;3;13;EXTRACT;2;
161.7402;166;2.287556;16.41932;3;13;EXTRACT;1;
161.7793;168;-21.73994;42.87959;3;4;EXTRACT;0;
163.1816;177;12.56449;1.274418;3;9;EXTRACT;3;
163.5039;164;35.91625;20.75802;3;12;EXTRACT;2;
163.7441;166;2.287556;16.41932;3;12;EXTRACT;1;
163.7852;168;-21.73994;42.87959;3;3;EXTRACT;0;
165.1465;177;12.56449;1.274418;3;8;EXTRACT;3;
165.5078;164;35.91625;20.75802;3;11;EXTRACT;2;
165.748;166;2.287556;16.41932;3;11;EXTRACT;1;
165.7871;168;-21.73994;42.87959;3;2;EXTRACT;0;
167.1504;177;12.56449;1.274418;3;7;EXTRACT;3;
167.5098;164;35.91625;20.75802;3;10;EXTRACT;2;
167.75;166;2.287556;16.41932;3;10;EXTRACT;1;
167.791;168;-21.73994;42.87959;3;1;EXTRACT;0;
169.1523;177;12.56449;1.274418;3;6;EXTRACT;3;
169.5117;164;35.91625;20.75802;3;9;EXTRACT;2;
169.752;166;2.287556;16.41932;3;9;EXTRACT;1;
169.793;168;-21.73994;42.87959;3;0;EXTRACT;0;
169.7598;168;-21.73994;42.87959;3;0;DESTROYED;;
169.793;181;18.80077;-25.53331;3;16;CREATED;;
171.1543;177;12.56449;1.274418;3;5;EXTRACT;3;
171.5137;164;35.91625;20.75802;3;8;EXTRACT;2;
171.7539;166;2.287556;16.41932;3;8;EXTRACT;1;
173.1563;177;12.56449;1.274418;3;4;EXTRACT;3;
173.5176;164;35.91625;20.75802;3;7;EXTRACT;2;
173.7578;166;2.287556;16.41932;3;7;EXTRACT;1;
175.1602;177;12.56449;1.274418;3;3;EXTRACT;3;
175.4805;164;35.91625;20.75802;3;6;EXTRACT;2;
175.7637;166;2.287556;16.41932;3;6;EXTRACT;1;
177.166;177;12.56449;1.274418;3;2;EXTRACT;3;
177.4883;164;35.91625;20.75802;3;5;EXTRACT;2;
177.7676;166;2.287556;16.41932;3;5;EXTRACT;1;
179.1719;177;12.56449;1.274418;3;1;EXTRACT;3;
179.4922;164;35.91625;20.75802;3;4;EXTRACT;2;
179.7734;166;2.287556;16.41932;3;4;EXTRACT;1;
181.1758;177;12.56449;1.274418;3;0;EXTRACT;3;
181.1602;177;12.56449;1.274418;3;0;DESTROYED;;
181.1758;182;29.88007;-18.69933;3;16;CREATED;;
181.498;164;35.91625;20.75802;3;3;EXTRACT;2;
181.7383;166;2.287556;16.41932;3;3;EXTRACT;1;
183.5;164;35.91625;20.75802;3;2;EXTRACT;2;
183.7402;166;2.287556;16.41932;3;2;EXTRACT;1;
185.5098;164;35.91625;20.75802;3;1;EXTRACT;2;
185.75;166;2.287556;16.41932;3;1;EXTRACT;1;
187.5137;164;35.91625;20.75802;3;0;EXTRACT;2;
187.4805;164;35.91625;20.75802;3;0;DESTROYED;;
187.5137;183;-27.17649;27.26936;3;16;CREATED;;
187.7539;166;2.287556;16.41932;3;0;EXTRACT;1;
187.7207;166;2.287556;16.41932;3;0;DESTROYED;;
187.7539;184;30.38763;18.66038;3;16;CREATED;;
192.4453;167;38.77138;15.04397;3;16;DISCOVER;2;
193.7285;169;10.37334;43.89917;3;16;DISCOVER;0;
195.332;167;38.77138;15.04397;3;15;EXTRACT;2;
196.7363;169;10.37334;43.89917;3;15;EXTRACT;0;
197.3379;167;38.77138;15.04397;3;14;EXTRACT;2;
198.748;169;10.37334;43.89917;3;14;EXTRACT;0;
199.3496;167;38.77138;15.04397;3;13;EXTRACT;2;
200.7637;169;10.37334;43.89917;3;13;EXTRACT;0;
201.3652;167;38.77138;15.04397;3;12;EXTRACT;2;
202.7305;169;10.37334;43.89917;3;12;EXTRACT;0;
203.252;169;10.37334;43.89917;3;12;DISCOVER;1;
203.373;167;38.77138;15.04397;3;11;EXTRACT;2;
204.7383;169;10.37334;43.89917;3;11;EXTRACT;0;
205.3809;167;38.77138;15.04397;3;10;EXTRACT;2;
206.1016;169;10.37334;43.89917;3;10;EXTRACT;1;
206.7422;169;10.37334;43.89917;3;9;EXTRACT;0;
207.3848;167;38.77138;15.04397;3;9;EXTRACT;2;
208.1055;169;10.37334;43.89917;3;8;EXTRACT;1;
208.7461;169;10.37334;43.89917;3;7;EXTRACT;0;
209.3496;167;38.77138;15.04397;3;8;EXTRACT;2;
210.1094;169;10.37334;43.89917;3;6;EXTRACT;1;
210.752;169;10.37334;43.89917;3;5;EXTRACT;0;
210.9512;169;10.37334;43.89917;3;5;DISCOVER;3;
211.3535;167;38.77138;15.04397;3;7;EXTRACT;2;
212.0742;169;10.37334;43.89917;3;4;EXTRACT;1;
212.7559;169;10.37334;43.89917;3;3;EXTRACT;0;
213.3574;167;38.77138;15.04397;3;6;EXTRACT;2;
214.1191;169;10.37334;43.89917;3;2;EXTRACT;1;
214.1191;169;10.37334;43.89917;3;1;EXTRACT;3;
214.7617;169;10.37334;43.89917;3;0;EXTRACT;0;
214.7598;169;10.37334;43.89917;3;0;DESTROYED;;
214.7617;185;9.659092;6.0131;3;16;CREATED;;
215.3633;167;38.77138;15.04397;3;5;EXTRACT;2;
217.3672;167;38.77138;15.04397;3;4;EXTRACT;2;
219.377;167;38.77138;15.04397;3;3;EXTRACT;2;
221.3809;167;38.77138;15.04397;3;2;EXTRACT;2;
223.3477;167;38.77138;15.04397;3;1;EXTRACT;2;
225.3945;167;38.77138;15.04397;3;0;EXTRACT;2;
225.3594;167;38.77138;15.04397;3;0;DESTROYED;;
225.3945;186;9.313663;-10.92811;3;16;CREATED;;
242.5625;185;9.659092;6.0131;3;16;DISCOVER;1;
245.2871;185;9.659092;6.0131;3;15;EXTRACT;1;
245.3281;185;9.659092;6.0131;3;15;DISCOVER;3;
247.291;185;9.659092;6.0131;3;14;EXTRACT;1;
248.375;185;9.659092;6.0131;3;13;EXTRACT;3;
249.2969;185;9.659092;6.0131;3;12;EXTRACT;1;
250.3789;185;9.659092;6.0131;3;11;EXTRACT;3;
251.3008;185;9.659092;6.0131;3;10;EXTRACT;1;
252.3828;185;9.659092;6.0131;3;9;EXTRACT;3;
253.3066;185;9.659092;6.0131;3;8;EXTRACT;1;
254.3887;185;9.659092;6.0131;3;7;EXTRACT;3;
255.3125;185;9.659092;6.0131;3;6;EXTRACT;1;
256.3965;185;9.659092;6.0131;3;5;EXTRACT;3;
257.3164;185;9.659092;6.0131;3;4;EXTRACT;1;
258.4004;185;9.659092;6.0131;3;3;EXTRACT;3;
259.3223;185;9.659092;6.0131;3;2;EXTRACT;1;
260.3652;185;9.659092;6.0131;3;1;EXTRACT;3;
261.3281;185;9.659092;6.0131;3;0;EXTRACT;1;
261.3203;185;9.659092;6.0131;3;0;DESTROYED;;
261.3281;187;-32.4358;-11.19345;3;16;CREATED;;
261.6484;180;42.80421;-27.98417;3;16;DISCOVER;2;
264.4551;180;42.80421;-27.98417;3;15;EXTRACT;2;
266.4629;180;42.80421;-27.98417;3;14;EXTRACT;2;
268.4668;180;42.80421;-27.98417;3;13;EXTRACT;2;
270.4316;180;42.80421;-27.98417;3;12;EXTRACT;2;
271.2344;182;29.88007;-18.69933;3;16;DISCOVER;0;
272.4336;180;42.80421;-27.98417;3;11;EXTRACT;2;
273.998;182;29.88007;-18.69933;3;15;EXTRACT;0;
274.4395;180;42.80421;-27.98417;3;10;EXTRACT;2;
275.4453;186;9.313663;-10.92811;3;16;DISCOVER;1;
275.9668;182;29.88007;-18.69933;3;14;EXTRACT;0;
276.4473;180;42.80421;-27.98417;3;9;EXTRACT;2;
277.9707;182;29.88007;-18.69933;3;13;EXTRACT;0;
278.4512;180;42.80421;-27.98417;3;8;EXTRACT;2;
278.4512;186;9.313663;-10.92811;3;15;EXTRACT;1;
279.9766;182;29.88007;-18.69933;3;12;EXTRACT;0;
280.457;180;42.80421;-27.98417;3;7;EXTRACT;2;
280.457;186;9.313663;-10.92811;3;14;EXTRACT;1;
281.9805;182;29.88007;-18.69933;3;11;EXTRACT;0;
282.4609;180;42.80421;-27.98417;3;6;EXTRACT;2;
282.4609;186;9.313663;-10.92811;3;13;EXTRACT;1;
283.9844;182;29.88007;-18.69933;3;10;EXTRACT;0;
284.4648;180;42.80421;-27.98417;3;5;EXTRACT;2;
284.4648;186;9.313663;-10.92811;3;12;EXTRACT;1;
285.3066;182;29.88007;-18.69933;3;10;DISCOVER;3;
285.9883;182;29.88007;-18.69933;3;9;EXTRACT;0;
286.4707;180;42.80421;-27.98417;3;4;EXTRACT;2;
286.4707;186;9.313663;-10.92811;3;11;EXTRACT;1;
287.998;182;29.88007;-18.69933;3;8;EXTRACT;0;
288.1172;182;29.88007;-18.69933;3;7;EXTRACT;3;
288.4375;180;42.80421;-27.98417;3;3;EXTRACT;2;
288.4785;186;9.313663;-10.92811;3;10;EXTRACT;1;
290;182;29.88007;-18.69933;3;6;EXTRACT;0;
290.1211;182;29.88007;-18.69933;3;5;EXTRACT;3;
290.4414;180;42.80421;-27.98417;3;2;EXTRACT;2;
290.4805;186;9.313663;-10.92811;3;9;EXTRACT;1;
292.002;182;29.88007;-18.69933;3;4;EXTRACT;0;
292.123;182;29.88007;-18.69933;3;3;EXTRACT;3;
292.4434;180;42.80421;-27.98417;3;1;EXTRACT;2;
292.4824;186;9.313663;-10.92811;3;8;EXTRACT;1;
294.0039;182;29.88007;-18.69933;3;2;EXTRACT;0;
294.125;182;29.88007;-18.69933;3;1;EXTRACT;3;
294.4453;180;42.80421;-27.98417;3;0;EXTRACT;2;
294.4395;180;42.80421;-27.98417;3;0;DESTROYED;;
294.4453;188;41.5381;-43.64397;3;16;CREATED;;
294.4844;186;9.313663;-10.92811;3;7;EXTRACT;1;
295.9668;182;29.88007;-18.69933;3;0;EXTRACT;0;
295.959;182;29.88007;-18.69933;3;0;DESTROYED;;
295.9668;189;-39.90384;40.86167;3;16;CREATED;;
296.4883;186;9.313663;-10.92811;3;6;EXTRACT;1;
298.4961;186;9.313663;-10.92811;3;5;EXTRACT;1;
300.5039;186;9.313663;-10.92811;3;4;EXTRACT;1;
302.5098;186;9.313663;-10.92811;3;3;EXTRACT;1;
304.5234;186;9.313663;-10.92811;3;2;EXTRACT;1;
306.5273;186;9.313663;-10.92811;3;1;EXTRACT;1;
307.8926;188;41.5381;-43.64397;3;16;DISCOVER;2;
308.4941;186;9.313663;-10.92811;3;0;EXTRACT;1;
308.4805;186;9.313663;-10.92811;3;0;DESTROYED;;
308.4941;190;13.09172;4.003536;3;16;CREATED;;
310.7773;188;41.5381;-43.64397;3;15;EXTRACT;2;
312.7832;188;41.5381;-43.64397;3;14;EXTRACT;2;
314.7891;188;41.5381;-43.64397;3;13;EXTRACT;2;
316.793;188;41.5381;-43.64397;3;12;EXTRACT;2;
318.0371;179;11.1495;-20.12797;3;16;DISCOVER;1;
318.8008;188;41.5381;-43.64397;3;11;EXTRACT;2;
320.7793;188;41.5381;-43.64397;3;10;EXTRACT;2;
321.6621;179;11.1495;-20.12797;3;15;EXTRACT;1;
322.7832;188;41.5381;-43.64397;3;9;EXTRACT;2;
323.627;179;11.1495;-20.12797;3;14;EXTRACT;1;
324.8652;188;41.5381;-43.64397;3;8;EXTRACT;2;
325.6738;179;11.1495;-20.12797;3;13;EXTRACT;1;
326.8008;188;41.5381;-43.64397;3;7;EXTRACT;2;
327.6309;179;11.1495;-20.12797;3;12;EXTRACT;1;
328.793;188;41.5381;-43.64397;3;6;EXTRACT;2;
329.6328;179;11.1495;-20.12797;3;11;EXTRACT;1;
330.7969;188;41.5381;-43.64397;3;5;EXTRACT;2;
330.957;175;-19.04465;-27.24993;3;16;DISCOVER;3;
331.6367;179;11.1495;-20.12797;3;10;EXTRACT;1;
332.8008;188;41.5381;-43.64397;3;4;EXTRACT;2;
333.6445;179;11.1495;-20.12797;3;9;EXTRACT;1;
334.0059;175;-19.04465;-27.24993;3;15;EXTRACT;3;
334.8066;188;41.5381;-43.64397;3;3;EXTRACT;2;
335.6484;179;11.1495;-20.12797;3;8;EXTRACT;1;
336.0098;175;-19.04465;-27.24993;3;14;EXTRACT;3;
336.7734;188;41.5381;-43.64397;3;2;EXTRACT;2;
337.6523;179;11.1495;-20.12797;3;7;EXTRACT;1;
338.0137;175;-19.04465;-27.24993;3;13;EXTRACT;3;
338.8145;188;41.5381;-43.64397;3;1;EXTRACT;2;
339.6602;179;11.1495;-20.12797;3;6;EXTRACT;1;
340.0234;175;-19.04465;-27.24993;3;12;EXTRACT;3;
340.8242;188;41.5381;-43.64397;3;0;EXTRACT;2;
340.8008;188;41.5381;-43.64397;3;0;DESTROYED;;
340.8242;191;28.65978;-28.70696;3;16;CREATED;;
341.627;179;11.1495;-20.12797;3;5;EXTRACT;1;
341.9883;175;-19.04465;-27.24993;3;11;EXTRACT;3;
343.6309;179;11.1495;-20.12797;3;4;EXTRACT;1;
343.9922;175;-19.04465;-27.24993;3;10;EXTRACT;3;
345.6367;179;11.1495;-20.12797;3;3;EXTRACT;1;
345.998;175;-19.04465;-27.24993;3;9;EXTRACT;3;
347.6426;179;11.1495;-20.12797;3;2;EXTRACT;1;
347.8477;178;31.40724;-41.79104;3;16;DISCOVER;2;
348.0078;175;-19.04465;-27.24993;3;8;EXTRACT;3;
349.6504;179;11.1495;-20.12797;3;1;EXTRACT;1;
350.0117;175;-19.04465;-27.24993;3;7;EXTRACT;3;
350.8125;178;31.40724;-41.79104;3;15;EXTRACT;2;
351.6543;179;11.1495;-20.12797;3;0;EXTRACT;1;
351.6406;179;11.1495;-20.12797;3;0;DESTROYED;;
351.6543;192;24.34937;-3.190762;3;16;CREATED;;
352.0156;175;-19.04465;-27.24993;3;6;EXTRACT;3;
352.8164;178;31.40724;-41.79104;3;14;EXTRACT;2;
354.0195;175;-19.04465;-27.24993;3;5;EXTRACT;3;
354.8242;178;31.40724;-41.79104;3;13;EXTRACT;2;
356.0254;175;-19.04465;-27.24993;3;4;EXTRACT;3;
356.8262;178;31.40724;-41.79104;3;12;EXTRACT;2;
357.9883;175;-19.04465;-27.24993;3;3;EXTRACT;3;
358.709;161;-44.95523;-37.13722;3;16;DISCOVER;0;
358.8301;178;31.40724;-41.79104;3;11;EXTRACT;2;
359.9922;175;-19.04465;-27.24993;3;2;EXTRACT;3;
360.832;178;31.40724;-41.79104;3;10;EXTRACT;2;
361.7559;161;-44.95523;-37.13722;3;15;EXTRACT;0;
361.9961;175;-19.04465;-27.24993;3;1;EXTRACT;3;
362.8379;178;31.40724;-41.79104;3;9;EXTRACT;2;
363.7617;161;-44.95523;-37.13722;3;14;EXTRACT;0;
364.002;175;-19.04465;-27.24993;3;0;EXTRACT;3;
364;175;-19.04465;-27.24993;3;0;DESTROYED;;
364.002;193;31.95004;6.194084;3;16;CREATED;;
364.8066;178;31.40724;-41.79104;3;8;EXTRACT;2;
365.7695;161;-44.95523;-37.13722;3;13;EXTRACT;0;
366.8145;178;31.40724;-41.79104;3;7;EXTRACT;2;
367.7383;161;-44.95523;-37.13722;3;12;EXTRACT;0;
368.8203;178;31.40724;-41.79104;3;6;EXTRACT;2;
369.7422;161;-44.95523;-37.13722;3;11;EXTRACT;0;
370.8242;178;31.40724;-41.79104;3;5;EXTRACT;2;
371.7441;161;-44.95523;-37.13722;3;10;EXTRACT;0;
372.8262;178;31.40724;-41.79104;3;4;EXTRACT;2;
373.748;161;-44.95523;-37.13722;3;9;EXTRACT;0;
374.832;178;31.40724;-41.79104;3;3;EXTRACT;2;
375.7539;161;-44.95523;-37.13722;3;8;EXTRACT;0;
376.8379;178;31.40724;-41.79104;3;2;EXTRACT;2;
377.7617;161;-44.95523;-37.13722;3;7;EXTRACT;0;
378.8047;178;31.40724;-41.79104;3;1;EXTRACT;2;
379.7676;161;-44.95523;-37.13722;3;6;EXTRACT;0;
380.8105;178;31.40724;-41.79104;3;0;EXTRACT;2;
380.8008;178;31.40724;-41.79104;3;0;DESTROYED;;
380.8105;194;-20.50638;26.15247;3;16;CREATED;;
381.7734;161;-44.95523;-37.13722;3;5;EXTRACT;0;
383.7363;161;-44.95523;-37.13722;3;4;EXTRACT;0;
385.7422;161;-44.95523;-37.13722;3;3;EXTRACT;0;
387.748;161;-44.95523;-37.13722;3;2;EXTRACT;0;
389.7559;161;-44.95523;-37.13722;3;1;EXTRACT;0;
391.7617;161;-44.95523;-37.13722;3;0;EXTRACT;0;
391.7598;161;-44.95523;-37.13722;3;0;DESTROYED;;
391.7617;195;39.19521;4.628468;3;16;CREATED;;
396.498;192;24.34937;-3.190762;3;16;DISCOVER;1;
399.3438;190;13.09172;4.003536;3;16;DISCOVER;3;
399.4629;192;24.34937;-3.190762;3;15;EXTRACT;1;
401.4668;192;24.34937;-3.190762;3;14;EXTRACT;1;
402.2695;190;13.09172;4.003536;3;15;EXTRACT;3;
403.4707;192;24.34937;-3.190762;3;13;EXTRACT;1;
404.2695;190;13.09172;4.003536;3;14;EXTRACT;3;
405.4727;192;24.34937;-3.190762;3;12;EXTRACT;1;
406.2754;190;13.09172;4.003536;3;13;EXTRACT;3;
406.6738;163;-9.931786;-44.6013;3;16;DISCOVER;2;
407.2363;176;-28.85439;-38.81313;3;16;DISCOVER;0;
407.4766;192;24.34937;-3.190762;3;11;EXTRACT;1;
408.2383;190;13.09172;4.003536;3;12;EXTRACT;3;
409.3984;163;-9.931786;-44.6013;3;15;EXTRACT;2;
409.4785;192;24.34937;-3.190762;3;10;EXTRACT;1;
410.2402;190;13.09172;4.003536;3;11;EXTRACT;3;
410.4414;176;-28.85439;-38.81313;3;15;EXTRACT;0;
411.4023;163;-9.931786;-44.6013;3;14;EXTRACT;2;
411.4824;192;24.34937;-3.190762;3;9;EXTRACT;1;
412.2441;190;13.09172;4.003536;3;10;EXTRACT;3;
412.4043;176;-28.85439;-38.81313;3;14;EXTRACT;0;
413.4082;163;-9.931786;-44.6013;3;13;EXTRACT;2;
413.4473;192;24.34937;-3.190762;3;8;EXTRACT;1;
414.2891;190;13.09172;4.003536;3;9;EXTRACT;3;
414.4102;176;-28.85439;-38.81313;3;13;EXTRACT;0;
415.4102;163;-9.931786;-44.6013;3;12;EXTRACT;2;
415.4512;192;24.34937;-3.190762;3;7;EXTRACT;1;
416.291;190;13.09172;4.003536;3;8;EXTRACT;3;
416.4121;176;-28.85439;-38.81313;3;12;EXTRACT;0;
417.373;163;-9.931786;-44.6013;3;11;EXTRACT;2;
417.4531;192;24.34937;-3.190762;3;6;EXTRACT;1;
418.293;190;13.09172;4.003536;3;7;EXTRACT;3;
418.4141;176;-28.85439;-38.81313;3;11;EXTRACT;0;
419.375;163;-9.931786;-44.6013;3;10;EXTRACT;2;
419.4551;192;24.34937;-3.190762;3;5;EXTRACT;1;
420.2559;190;13.09172;4.003536;3;6;EXTRACT;3;
420.416;176;-28.85439;-38.81313;3;10;EXTRACT;0;
421.377;163;-9.931786;-44.6013;3;9;EXTRACT;2;
421.457;192;24.34937;-3.190762;3;4;EXTRACT;1;
422.2578;190;13.09172;4.003536;3;5;EXTRACT;3;
422.4199;176;-28.85439;-38.81313;3;9;EXTRACT;0;
423.3809;163;-9.931786;-44.6013;3;8;EXTRACT;2;
423.4609;192;24.34937;-3.190762;3;3;EXTRACT;1;
424.2637;190;13.09172;4.003536;3;4;EXTRACT;3;
424.4238;176;-28.85439;-38.81313;3;8;EXTRACT;0;
425.3848;163;-9.931786;-44.6013;3;7;EXTRACT;2;
425.4648;192;24.34937;-3.190762;3;2;EXTRACT;1;
426.2656;190;13.09172;4.003536;3;3;EXTRACT;3;
426.4258;176;-28.85439;-38.81313;3;7;EXTRACT;0;
427.3867;163;-9.931786;-44.6013;3;6;EXTRACT;2;
427.4668;192;24.34937;-3.190762;3;1;EXTRACT;1;
428.2695;190;13.09172;4.003536;3;2;EXTRACT;3;
428.4316;176;-28.85439;-38.81313;3;6;EXTRACT;0;
429.3926;163;-9.931786;-44.6013;3;5;EXTRACT;2;
429.4746;192;24.34937;-3.190762;3;0;EXTRACT;1;
429.4395;192;24.34937;-3.190762;3;0;DESTROYED;;
429.4746;196;-34.38375;28.36173;3;16;CREATED;;
430.2754;190;13.09172;4.003536;3;1;EXTRACT;3;
430.4355;176;-28.85439;-38.81313;3;5;EXTRACT;0;
431.3965;163;-9.931786;-44.6013;3;4;EXTRACT;2;
432.2773;190;13.09172;4.003536;3;0;EXTRACT;3;
432.2402;190;13.09172;4.003536;3;0;DESTROYED;;
432.2773;197;18.2221;27.33978;3;16;CREATED;;
432.4395;176;-28.85439;-38.81313;3;4;EXTRACT;0;
433.4004;163;-9.931786;-44.6013;3;3;EXTRACT;2;
434.4434;176;-28.85439;-38.81313;3;3;EXTRACT;0;
435.4082;163;-9.931786;-44.6013;3;2;EXTRACT;2;
436.4492;176;-28.85439;-38.81313;3;2;EXTRACT;0;
437.4121;163;-9.931786;-44.6013;3;1;EXTRACT;2;
438.4531;176;-28.85439;-38.81313;3;1;EXTRACT;0;
439.4141;163;-9.931786;-44.6013;3;0;EXTRACT;2;
439.4004;163;-9.931786;-44.6013;3;0;DESTROYED;;
439.4141;198;1.478203;21.46666;3;16;CREATED;;
440.4609;176;-28.85439;-38.81313;3;0;EXTRACT;0;
440.4395;176;-28.85439;-38.81313;3;0;DESTROYED;;
440.4609;199;-17.00406;-2.445236;3;16;CREATED;;
446.7969;184;30.38763;18.66038;3;16;DISCOVER;1;
449.6484;184;30.38763;18.66038;3;15;EXTRACT;1;
449.8906;197;18.2221;27.33978;3;16;DISCOVER;3;
451.6523;184;30.38763;18.66038;3;14;EXTRACT;1;
453.0977;197;18.2221;27.33978;3;15;EXTRACT;3;
453.6582;184;30.38763;18.66038;3;13;EXTRACT;1;
455.1035;197;18.2221;27.33978;3;14;EXTRACT;3;
455.668;184;30.38763;18.66038;3;12;EXTRACT;1;
457.1074;197;18.2221;27.33978;3;13;EXTRACT;3;
457.668;184;30.38763;18.66038;3;11;EXTRACT;1;
459.1113;197;18.2221;27.33978;3;12;EXTRACT;3;
459.6328;184;30.38763;18.66038;3;10;EXTRACT;1;
461.0742;197;18.2221;27.33978;3;11;EXTRACT;3;
461.6758;184;30.38763;18.66038;3;9;EXTRACT;1;
463.0801;197;18.2221;27.33978;3;10;EXTRACT;3;
463.6816;184;30.38763;18.66038;3;8;EXTRACT;1;
465.084;197;18.2221;27.33978;3;9;EXTRACT;3;
465.6855;184;30.38763;18.66038;3;7;EXTRACT;1;
467.0879;197;18.2221;27.33978;3;8;EXTRACT;3;
467.6895;184;30.38763;18.66038;3;6;EXTRACT;1;
469.0918;197;18.2221;27.33978;3;7;EXTRACT;3;
469.6934;184;30.38763;18.66038;3;5;EXTRACT;1;
471.0977;197;18.2221;27.33978;3;6;EXTRACT;3;
471.6973;184;30.38763;18.66038;3;4;EXTRACT;1;
473.1016;197;18.2221;27.33978;3;5;EXTRACT;3;
473.668;184;30.38763;18.66038;3;3;EXTRACT;1;
475.1113;197;18.2221;27.33978;3;4;EXTRACT;3;
475.6719;184;30.38763;18.66038;3;2;EXTRACT;1;
477.0762;197;18.2221;27.33978;3;3;EXTRACT;3;
477.6777;184;30.38763;18.66038;3;1;EXTRACT;1;
479.0801;197;18.2221;27.33978;3;2;EXTRACT;3;
479.6797;184;30.38763;18.66038;3;0;EXTRACT;1;
479.6406;184;30.38763;18.66038;3;0;DESTROYED;;
479.6797;200;-41.41528;-17.69311;3;16;CREATED;;
481.084;197;18.2221;27.33978;3;1;EXTRACT;3;
483.0879;197;18.2221;27.33978;3;0;EXTRACT;3;
483.0801;197;18.2221;27.33978;3;0;DESTROYED;;
483.0879;201;35.94991;-11.92238;3;16;CREATED;;
510.5371;196;-34.38375;28.36173;3;16;DISCOVER;0;
513.3438;196;-34.38375;28.36173;3;15;EXTRACT;0;
515.3496;196;-34.38375;28.36173;3;14;EXTRACT;0;
517.3555;196;-34.38375;28.36173;3;13;EXTRACT;0;
518.5977;198;1.478203;21.46666;3;16;DISCOVER;3;
519.3613;196;-34.38375;28.36173;3;12;EXTRACT;0;
521.3672;196;-34.38375;28.36173;3;11;EXTRACT;0;
522.4883;198;1.478203;21.46666;3;15;EXTRACT;3;
523.3711;196;-34.38375;28.36173;3;10;EXTRACT;0;
524.4941;198;1.478203;21.46666;3;14;EXTRACT;3;
525.373;196;-34.38375;28.36173;3;9;EXTRACT;0;
526.1348;171;-4.464447;29.4427;3;16;DISCOVER;1;
526.4961;198;1.478203;21.46666;3;13;EXTRACT;3;
527.3789;196;-34.38375;28.36173;3;8;EXTRACT;0;
528.5;198;1.478203;21.46666;3;12;EXTRACT;3;
529.1016;171;-4.464447;29.4427;3;15;EXTRACT;1;
529.3418;196;-34.38375;28.36173;3;7;EXTRACT;0;
529.623;189;-39.90384;40.86167;3;16;DISCOVER;2;
530.5059;198;1.478203;21.46666;3;11;EXTRACT;3;
531.0664;171;-4.464447;29.4427;3;14;EXTRACT;1;
531.3496;196;-34.38375;28.36173;3;6;EXTRACT;0;
532.2715;189;-39.90384;40.86167;3;15;EXTRACT;2;
532.5117;198;1.478203;21.46666;3;10;EXTRACT;3;
533.0723;171;-4.464447;29.4427;3;13;EXTRACT;1;
533.3535;196;-34.38375;28.36173;3;5;EXTRACT;0;
534.2734;189;-39.90384;40.86167;3;14;EXTRACT;2;
534.5137;198;1.478203;21.46666;3;9;EXTRACT;3;
535.0742;171;-4.464447;29.4427;3;12;EXTRACT;1;
535.3555;196;-34.38375;28.36173;3;4;EXTRACT;0;
536.2773;189;-39.90384;40.86167;3;13;EXTRACT;2;
536.4785;198;1.478203;21.46666;3;8;EXTRACT;3;
537.0781;171;-4.464447;29.4427;3;11;EXTRACT;1;
537.3594;196;-34.38375;28.36173;3;3;EXTRACT;0;
538.2813;189;-39.90384;40.86167;3;12;EXTRACT;2;
538.4805;198;1.478203;21.46666;3;7;EXTRACT;3;
539.082;171;-4.464447;29.4427;3;10;EXTRACT;1;
539.3613;196;-34.38375;28.36173;3;2;EXTRACT;0;
540.2441;189;-39.90384;40.86167;3;11;EXTRACT;2;
540.4824;198;1.478203;21.46666;3;6;EXTRACT;3;
541.084;171;-4.464447;29.4427;3;9;EXTRACT;1;
541.3633;196;-34.38375;28.36173;3;1;EXTRACT;0;
542.2461;189;-39.90384;40.86167;3;10;EXTRACT;2;
542.4863;198;1.478203;21.46666;3;5;EXTRACT;3;
543.0879;171;-4.464447;29.4427;3;8;EXTRACT;1;
543.3691;196;-34.38375;28.36173;3;0;EXTRACT;0;
543.3594;196;-34.38375;28.36173;3;0;DESTROYED;;
543.3691;202;5.978508;-15.96631;3;16;CREATED;;
544.252;189;-39.90384;40.86167;3;9;EXTRACT;2;
544.4922;198;1.478203;21.46666;3;4;EXTRACT;3;
545.0918;171;-4.464447;29.4427;3;7;EXTRACT;1;
546.2539;189;-39.90384;40.86167;3;8;EXTRACT;2;
546.4941;198;1.478203;21.46666;3;3;EXTRACT;3;
547.0977;171;-4.464447;29.4427;3;6;EXTRACT;1;
548.2637;189;-39.90384;40.86167;3;7;EXTRACT;2;
548.5059;198;1.478203;21.46666;3;2;EXTRACT;3;
549.0664;171;-4.464447;29.4427;3;5;EXTRACT;1;
550.2695;189;-39.90384;40.86167;3;6;EXTRACT;2;
550.5098;198;1.478203;21.46666;3;1;EXTRACT;3;
551.0723;171;-4.464447;29.4427;3;4;EXTRACT;1;
552.2734;189;-39.90384;40.86167;3;5;EXTRACT;2;
552.5137;198;1.478203;21.46666;3;0;EXTRACT;3;
552.4805;198;1.478203;21.46666;3;0;DESTROYED;;
552.5137;203;44.08797;-39.48644;3;16;CREATED;;
553.0742;171;-4.464447;29.4427;3;3;EXTRACT;1;
554.2793;189;-39.90384;40.86167;3;4;EXTRACT;2;
555.082;171;-4.464447;29.4427;3;2;EXTRACT;1;
556.2441;189;-39.90384;40.86167;3;3;EXTRACT;2;
557.0879;171;-4.464447;29.4427;3;1;EXTRACT;1;
558.25;189;-39.90384;40.86167;3;2;EXTRACT;2;
558.8906;171;-4.464447;29.4427;3;1;DISCOVER;3;
559.0938;171;-4.464447;29.4427;3;0;EXTRACT;1;
559.0801;171;-4.464447;29.4427;3;0;DESTROYED;;
559.0938;204;13.14566;9.72488;3;16;CREATED;;
560.2578;189;-39.90384;40.86167;3;1;EXTRACT;2;
562.2656;189;-39.90384;40.86167;3;0;EXTRACT;2;
562.2402;189;-39.90384;40.86167;3;0;DESTROYED;;
562.2656;205;41.54732;25.87664;3;16;CREATED;;
571.4883;194;-20.50638;26.15247;3;16;DISCOVER;3;
574.0156;194;-20.50638;26.15247;3;16;DISCOVER;1;
574.0156;194;-20.50638;26.15247;3;15;EXTRACT;3;
576.0195;194;-20.50638;26.15247;3;14;EXTRACT;3;
576.9023;194;-20.50638;26.15247;3;13;EXTRACT;1;
578.0273;194;-20.50638;26.15247;3;12;EXTRACT;3;
578.9082;194;-20.50638;26.15247;3;11;EXTRACT;1;
580.0293;194;-20.50638;26.15247;3;10;EXTRACT;3;
580.9121;194;-20.50638;26.15247;3;9;EXTRACT;1;
582.0332;194;-20.50638;26.15247;3;8;EXTRACT;3;
582.916;194;-20.50638;26.15247;3;7;EXTRACT;1;
584.0371;194;-20.50638;26.15247;3;6;EXTRACT;3;
584.9199;194;-20.50638;26.15247;3;5;EXTRACT;1;
586.041;194;-20.50638;26.15247;3;4;EXTRACT;3;
586.9219;194;-20.50638;26.15247;3;3;EXTRACT;1;
588.0469;194;-20.50638;26.15247;3;2;EXTRACT;3;
588.9297;194;-20.50638;26.15247;3;1;EXTRACT;1;
590.0137;194;-20.50638;26.15247;3;0;EXTRACT;3;
590;194;-20.50638;26.15247;3;0;DESTROYED;;
590.0137;206;6.530766;-22.87013;3;16;CREATED;;
596.875;183;-27.17649;27.26936;3;16;DISCOVER;1;
599.9258;183;-27.17649;27.26936;3;15;EXTRACT;1;
601.9316;183;-27.17649;27.26936;3;14;EXTRACT;1;
602.6934;165;-17.4702;16.7255;3;16;DISCOVER;3;
603.9355;183;-27.17649;27.26936;3;13;EXTRACT;1;
605.1777;165;-17.4702;16.7255;3;15;EXTRACT;3;
605.9395;183;-27.17649;27.26936;3;12;EXTRACT;1;
607.1797;165;-17.4702;16.7255;3;14;EXTRACT;3;
607.9023;183;-27.17649;27.26936;3;11;EXTRACT;1;
609.1465;165;-17.4702;16.7255;3;13;EXTRACT;3;
609.9492;183;-27.17649;27.26936;3;10;EXTRACT;1;
611.1523;165;-17.4702;16.7255;3;12;EXTRACT;3;
611.9551;183;-27.17649;27.26936;3;9;EXTRACT;1;
613.1582;165;-17.4702;16.7255;3;11;EXTRACT;3;
613.9199;183;-27.17649;27.26936;3;8;EXTRACT;1;
615.166;165;-17.4702;16.7255;3;10;EXTRACT;3;
615.9277;183;-27.17649;27.26936;3;7;EXTRACT;1;
617.1699;165;-17.4702;16.7255;3;9;EXTRACT;3;
617.9316;183;-27.17649;27.26936;3;6;EXTRACT;1;
619.1758;165;-17.4702;16.7255;3;8;EXTRACT;3;
619.9375;183;-27.17649;27.26936;3;5;EXTRACT;1;
621.1465;165;-17.4702;16.7255;3;7;EXTRACT;3;
621.9492;183;-27.17649;27.26936;3;4;EXTRACT;1;
623.1543;165;-17.4702;16.7255;3;6;EXTRACT;3;
623.957;183;-27.17649;27.26936;3;3;EXTRACT;1;
625.1758;165;-17.4702;16.7255;3;5;EXTRACT;3;
625.9668;183;-27.17649;27.26936;3;2;EXTRACT;1;
627.25;165;-17.4702;16.7255;3;4;EXTRACT;3;
627.957;183;-27.17649;27.26936;3;1;EXTRACT;1;
629.1602;165;-17.4702;16.7255;3;3;EXTRACT;3;
629.9648;183;-27.17649;27.26936;3;0;EXTRACT;1;
629.959;183;-27.17649;27.26936;3;0;DESTROYED;;
629.9648;207;-23.63839;20.53149;3;16;CREATED;;
631.166;165;-17.4702;16.7255;3;2;EXTRACT;3;
633.1719;165;-17.4702;16.7255;3;1;EXTRACT;3;
635.1367;165;-17.4702;16.7255;3;0;EXTRACT;3;
635.1191;165;-17.4702;16.7255;3;0;DESTROYED;;
635.1367;208;15.11923;-30.82492;3;16;CREATED;;
636.0605;207;-23.63839;20.53149;3;16;DISCOVER;1;
639.3594;207;-23.63839;20.53149;3;15;EXTRACT;1;
641.3281;207;-23.63839;20.53149;3;14;EXTRACT;1;
643.332;207;-23.63839;20.53149;3;13;EXTRACT;1;
645.3418;207;-23.63839;20.53149;3;12;EXTRACT;1;
647.3477;207;-23.63839;20.53149;3;11;EXTRACT;1;
649.3555;207;-23.63839;20.53149;3;10;EXTRACT;1;
651.3594;207;-23.63839;20.53149;3;9;EXTRACT;1;
653.3633;207;-23.63839;20.53149;3;8;EXTRACT;1;
655.3301;207;-23.63839;20.53149;3;7;EXTRACT;1;
657.377;207;-23.63839;20.53149;3;6;EXTRACT;1;
658.7813;193;31.95004;6.194084;3;16;DISCOVER;0;
659.3438;207;-23.63839;20.53149;3;5;EXTRACT;1;
661.3477;207;-23.63839;20.53149;3;4;EXTRACT;1;
661.9082;193;31.95004;6.194084;3;15;EXTRACT;0;
663.3496;207;-23.63839;20.53149;3;3;EXTRACT;1;
663.9121;193;31.95004;6.194084;3;14;EXTRACT;0;
665.3535;207;-23.63839;20.53149;3;2;EXTRACT;1;
665.9141;193;31.95004;6.194084;3;13;EXTRACT;0;
667.3574;207;-23.63839;20.53149;3;1;EXTRACT;1;
667.9199;193;31.95004;6.194084;3;12;EXTRACT;0;
669.3652;207;-23.63839;20.53149;3;0;EXTRACT;1;
669.3594;207;-23.63839;20.53149;3;0;DESTROYED;;
669.3652;209;21.44506;10.44818;3;16;CREATED;;
669.9277;193;31.95004;6.194084;3;11;EXTRACT;0;
670.4102;204;13.14566;9.72488;3;16;DISCOVER;3;
671.9336;193;31.95004;6.194084;3;10;EXTRACT;0;
673.2148;204;13.14566;9.72488;3;15;EXTRACT;3;
673.9395;193;31.95004;6.194084;3;9;EXTRACT;0;
675.2285;204;13.14566;9.72488;3;14;EXTRACT;3;
675.9082;193;31.95004;6.194084;3;8;EXTRACT;0;
677.2324;204;13.14566;9.72488;3;13;EXTRACT;3;
677.916;193;31.95004;6.194084;3;7;EXTRACT;0;
679.2402;204;13.14566;9.72488;3;12;EXTRACT;3;
679.9316;193;31.95004;6.194084;3;6;EXTRACT;0;
681.2188;204;13.14566;9.72488;3;11;EXTRACT;3;
681.9414;193;31.95004;6.194084;3;5;EXTRACT;0;
683.2227;204;13.14566;9.72488;3;10;EXTRACT;3;
683.9434;193;31.95004;6.194084;3;4;EXTRACT;0;
685.2324;204;13.14566;9.72488;3;9;EXTRACT;3;
685.9121;193;31.95004;6.194084;3;3;EXTRACT;0;
687.2344;204;13.14566;9.72488;3;8;EXTRACT;3;
687.916;193;31.95004;6.194084;3;2;EXTRACT;0;
689.2402;204;13.14566;9.72488;3;7;EXTRACT;3;
689.9219;193;31.95004;6.194084;3;1;EXTRACT;0;
691.2441;204;13.14566;9.72488;3;6;EXTRACT;3;
691.9258;193;31.95004;6.194084;3;0;EXTRACT;0;
691.9199;193;31.95004;6.194084;3;0;DESTROYED;;
691.9258;210;21.7803;-37.68345;3;16;CREATED;;
693.209;204;13.14566;9.72488;3;5;EXTRACT;3;
693.7324;204;13.14566;9.72488;3;5;DISCOVER;1;
695.2148;204;13.14566;9.72488;3;4;EXTRACT;3;
696.2578;204;13.14566;9.72488;3;3;EXTRACT;1;
697.2207;204;13.14566;9.72488;3;2;EXTRACT;3;
698.2656;204;13.14566;9.72488;3;1;EXTRACT;1;
699.2266;204;13.14566;9.72488;3;0;EXTRACT;3;
699.1992;204;13.14566;9.72488;3;0;DESTROYED;;
699.2266;211;-17.60844;16.17951;3;16;CREATED;;
712.8242;201;35.94991;-11.92238;3;16;DISCOVER;0;
715.8379;201;35.94991;-11.92238;3;15;EXTRACT;0;
717.8438;201;35.94991;-11.92238;3;14;EXTRACT;0;
719.8477;201;35.94991;-11.92238;3;13;EXTRACT;0;
