Time;PatchID;PositionX;PositionZ;Radius;CoinAmount;PatchEvent;TriggerPlayer;
0;357;-21.19876;42.22815;3;16;CREATED;;
0;358;-17.95819;-27.42562;3;16;CREATED;;
0;359;-3.568352;35.52302;3;16;CREATED;;
0;360;-37.24584;-42.51795;3;16;CREATED;;
0;361;27.62111;-44.41867;3;16;CREATED;;
0;362;-8.213875;-12.6582;3;16;CREATED;;
0;363;-5.71368;-29.29544;3;16;CREATED;;
0;364;1.856041;15.89599;3;16;CREATED;;
0;365;17.97317;17.60267;3;16;CREATED;;
0;366;39.66748;-43.52409;3;16;CREATED;;
0;367;-29.16331;33.68781;3;16;CREATED;;
0;368;15.35443;-11.6808;3;16;CREATED;;
0;369;-8.46685;-22.54622;3;16;CREATED;;
0;370;21.34689;-0.8907242;3;16;CREATED;;
0;371;28.75558;-38.14828;3;16;CREATED;;
3.179688;369;-8.46685;-22.54622;3;16;DISCOVER;1;
6.1875;369;-8.46685;-22.54622;3;15;EXTRACT;1;
8.15625;369;-8.46685;-22.54622;3;14;EXTRACT;1;
10.16406;369;-8.46685;-22.54622;3;13;EXTRACT;1;
10.96094;360;-37.24584;-42.51795;3;16;DISCOVER;2;
12.16406;369;-8.46685;-22.54622;3;12;EXTRACT;1;
14.01563;360;-37.24584;-42.51795;3;15;EXTRACT;2;
14.17969;369;-8.46685;-22.54622;3;11;EXTRACT;1;
15.98438;360;-37.24584;-42.51795;3;14;EXTRACT;2;
16.17969;369;-8.46685;-22.54622;3;10;EXTRACT;1;
17.98438;360;-37.24584;-42.51795;3;13;EXTRACT;2;
18.1875;369;-8.46685;-22.54622;3;9;EXTRACT;1;
19.99219;360;-37.24584;-42.51795;3;12;EXTRACT;2;
20.19531;369;-8.46685;-22.54622;3;8;EXTRACT;1;
22;360;-37.24584;-42.51795;3;11;EXTRACT;2;
22.20313;369;-8.46685;-22.54622;3;7;EXTRACT;1;
24.00781;360;-37.24584;-42.51795;3;10;EXTRACT;2;
24.16406;369;-8.46685;-22.54622;3;6;EXTRACT;1;
26.01563;360;-37.24584;-42.51795;3;9;EXTRACT;2;
26.17188;369;-8.46685;-22.54622;3;5;EXTRACT;1;
28.02344;360;-37.24584;-42.51795;3;8;EXTRACT;2;
28.21875;369;-8.46685;-22.54622;3;4;EXTRACT;1;
28.70313;359;-3.568352;35.52302;3;16;DISCOVER;3;
29.67969;371;28.75558;-38.14828;3;16;DISCOVER;0;
30;360;-37.24584;-42.51795;3;7;EXTRACT;2;
30.20313;369;-8.46685;-22.54622;3;3;EXTRACT;1;
31.83594;359;-3.568352;35.52302;3;15;EXTRACT;3;
32;360;-37.24584;-42.51795;3;6;EXTRACT;2;
32.20313;369;-8.46685;-22.54622;3;2;EXTRACT;1;
32.80469;371;28.75558;-38.14828;3;15;EXTRACT;0;
33.77344;359;-3.568352;35.52302;3;14;EXTRACT;3;
33.92969;360;-37.24584;-42.51795;3;5;EXTRACT;2;
34.13281;369;-8.46685;-22.54622;3;1;EXTRACT;1;
34.77344;371;28.75558;-38.14828;3;14;EXTRACT;0;
35.77344;359;-3.568352;35.52302;3;13;EXTRACT;3;
35.9375;360;-37.24584;-42.51795;3;4;EXTRACT;2;
36.13281;369;-8.46685;-22.54622;3;0;EXTRACT;1;
36.125;369;-8.46685;-22.54622;3;0;DESTROYED;;
36.13281;372;21.75172;-27.36905;3;16;CREATED;;
36.73438;371;28.75558;-38.14828;3;13;EXTRACT;0;
37.76563;359;-3.568352;35.52302;3;12;EXTRACT;3;
37.92188;360;-37.24584;-42.51795;3;3;EXTRACT;2;
38.72656;371;28.75558;-38.14828;3;12;EXTRACT;0;
39.77344;359;-3.568352;35.52302;3;11;EXTRACT;3;
39.92969;360;-37.24584;-42.51795;3;2;EXTRACT;2;
40.72656;371;28.75558;-38.14828;3;11;EXTRACT;0;
41.5625;363;-5.71368;-29.29544;3;16;DISCOVER;1;
41.76563;359;-3.568352;35.52302;3;10;EXTRACT;3;
41.92188;360;-37.24584;-42.51795;3;1;EXTRACT;2;
42.72656;371;28.75558;-38.14828;3;10;EXTRACT;0;
43.76563;359;-3.568352;35.52302;3;9;EXTRACT;3;
43.92969;360;-37.24584;-42.51795;3;0;EXTRACT;2;
43.92188;360;-37.24584;-42.51795;3;0;DESTROYED;;
43.92969;373;-40.02393;-15.61252;3;16;CREATED;;
44.53125;363;-5.71368;-29.29544;3;15;EXTRACT;1;
44.73438;371;28.75558;-38.14828;3;9;EXTRACT;0;
45.77344;359;-3.568352;35.52302;3;8;EXTRACT;3;
46.53125;363;-5.71368;-29.29544;3;14;EXTRACT;1;
46.73438;371;28.75558;-38.14828;3;8;EXTRACT;0;
47.78125;359;-3.568352;35.52302;3;7;EXTRACT;3;
48.53906;363;-5.71368;-29.29544;3;13;EXTRACT;1;
48.74219;371;28.75558;-38.14828;3;7;EXTRACT;0;
49.78125;359;-3.568352;35.52302;3;6;EXTRACT;3;
50.50781;363;-5.71368;-29.29544;3;12;EXTRACT;1;
50.74219;371;28.75558;-38.14828;3;6;EXTRACT;0;
51.78906;359;-3.568352;35.52302;3;5;EXTRACT;3;
52.51563;363;-5.71368;-29.29544;3;11;EXTRACT;1;
52.74219;371;28.75558;-38.14828;3;5;EXTRACT;0;
53.78906;359;-3.568352;35.52302;3;4;EXTRACT;3;
54.55469;363;-5.71368;-29.29544;3;10;EXTRACT;1;
54.71875;371;28.75558;-38.14828;3;4;EXTRACT;0;
55.78906;359;-3.568352;35.52302;3;3;EXTRACT;3;
56.53906;363;-5.71368;-29.29544;3;9;EXTRACT;1;
56.71875;371;28.75558;-38.14828;3;3;EXTRACT;0;
57.78906;359;-3.568352;35.52302;3;2;EXTRACT;3;
58.54688;363;-5.71368;-29.29544;3;8;EXTRACT;1;
58.74219;371;28.75558;-38.14828;3;2;EXTRACT;0;
59.78906;359;-3.568352;35.52302;3;1;EXTRACT;3;
60.58594;363;-5.71368;-29.29544;3;7;EXTRACT;1;
60.75;371;28.75558;-38.14828;3;1;EXTRACT;0;
61.75781;359;-3.568352;35.52302;3;0;EXTRACT;3;
61.72656;359;-3.568352;35.52302;3;0;DESTROYED;;
61.75781;374;10.5439;-36.0849;3;16;CREATED;;
62.53125;363;-5.71368;-29.29544;3;6;EXTRACT;1;
62.73438;371;28.75558;-38.14828;3;0;EXTRACT;0;
62.72656;371;28.75558;-38.14828;3;0;DESTROYED;;
62.73438;375;43.89093;4.54501;3;16;CREATED;;
63.66406;363;-5.71368;-29.29544;3;6;DISCOVER;2;
64.50781;363;-5.71368;-29.29544;3;5;EXTRACT;1;
66.57813;363;-5.71368;-29.29544;3;4;EXTRACT;2;
66.57813;363;-5.71368;-29.29544;3;3;EXTRACT;1;
67.89063;361;27.62111;-44.41867;3;16;DISCOVER;0;
68.5;363;-5.71368;-29.29544;3;2;EXTRACT;2;
68.53906;363;-5.71368;-29.29544;3;1;EXTRACT;1;
70.51563;363;-5.71368;-29.29544;3;0;EXTRACT;2;
70.51563;363;-5.71368;-29.29544;3;0;DESTROYED;;
70.55469;376;11.22173;8.530312;3;16;CREATED;;
70.67969;361;27.62111;-44.41867;3;15;EXTRACT;0;
72.69531;361;27.62111;-44.41867;3;14;EXTRACT;0;
74.67969;361;27.62111;-44.41867;3;13;EXTRACT;0;
76.71094;361;27.62111;-44.41867;3;12;EXTRACT;0;
77.91406;358;-17.95819;-27.42562;3;16;DISCOVER;2;
78.67188;361;27.62111;-44.41867;3;11;EXTRACT;0;
80.6875;361;27.62111;-44.41867;3;10;EXTRACT;0;
81.17969;358;-17.95819;-27.42562;3;15;EXTRACT;2;
82.71875;361;27.62111;-44.41867;3;9;EXTRACT;0;
83.21875;358;-17.95819;-27.42562;3;14;EXTRACT;2;
84.67188;361;27.62111;-44.41867;3;8;EXTRACT;0;
85.17188;358;-17.95819;-27.42562;3;13;EXTRACT;2;
86.6875;361;27.62111;-44.41867;3;7;EXTRACT;0;
87.19531;358;-17.95819;-27.42562;3;12;EXTRACT;2;
88.65625;361;27.62111;-44.41867;3;6;EXTRACT;0;
89.19531;358;-17.95819;-27.42562;3;11;EXTRACT;2;
90.67188;361;27.62111;-44.41867;3;5;EXTRACT;0;
91.1875;358;-17.95819;-27.42562;3;10;EXTRACT;2;
91.82813;365;17.97317;17.60267;3;16;DISCOVER;3;
92.67969;361;27.62111;-44.41867;3;4;EXTRACT;0;
93.14063;358;-17.95819;-27.42562;3;9;EXTRACT;2;
94.65625;361;27.62111;-44.41867;3;3;EXTRACT;0;
94.78906;365;17.97317;17.60267;3;15;EXTRACT;3;
95.14844;358;-17.95819;-27.42562;3;8;EXTRACT;2;
96.64063;361;27.62111;-44.41867;3;2;EXTRACT;0;
96.80469;365;17.97317;17.60267;3;14;EXTRACT;3;
97.15625;358;-17.95819;-27.42562;3;7;EXTRACT;2;
98.66406;361;27.62111;-44.41867;3;1;EXTRACT;0;
98.78125;365;17.97317;17.60267;3;13;EXTRACT;3;
99.16406;358;-17.95819;-27.42562;3;6;EXTRACT;2;
100.6641;361;27.62111;-44.41867;3;0;EXTRACT;0;
100.6406;361;27.62111;-44.41867;3;0;DESTROYED;;
100.6641;377;-20.21624;34.84505;3;16;CREATED;;
100.7891;365;17.97317;17.60267;3;12;EXTRACT;3;
101.1797;358;-17.95819;-27.42562;3;5;EXTRACT;2;
102.7813;365;17.97317;17.60267;3;11;EXTRACT;3;
103.1563;358;-17.95819;-27.42562;3;4;EXTRACT;2;
104.8438;365;17.97317;17.60267;3;10;EXTRACT;3;
105.1719;358;-17.95819;-27.42562;3;3;EXTRACT;2;
106.8125;365;17.97317;17.60267;3;9;EXTRACT;3;
107.0078;366;39.66748;-43.52409;3;16;DISCOVER;0;
107.1719;358;-17.95819;-27.42562;3;2;EXTRACT;2;
108.75;365;17.97317;17.60267;3;8;EXTRACT;3;
109.1094;358;-17.95819;-27.42562;3;1;EXTRACT;2;
110.0938;366;39.66748;-43.52409;3;15;EXTRACT;0;
110.7422;365;17.97317;17.60267;3;7;EXTRACT;3;
111.1094;358;-17.95819;-27.42562;3;0;EXTRACT;2;
111.0859;358;-17.95819;-27.42562;3;0;DESTROYED;;
111.1094;378;20.05767;-36.71724;3;16;CREATED;;
112.1094;366;39.66748;-43.52409;3;14;EXTRACT;0;
112.75;365;17.97317;17.60267;3;6;EXTRACT;3;
114.1172;366;39.66748;-43.52409;3;13;EXTRACT;0;
114.7578;365;17.97317;17.60267;3;5;EXTRACT;3;
116.1172;366;39.66748;-43.52409;3;12;EXTRACT;0;
116.7578;365;17.97317;17.60267;3;4;EXTRACT;3;
118.1172;366;39.66748;-43.52409;3;11;EXTRACT;0;
118.7578;365;17.97317;17.60267;3;3;EXTRACT;3;
120.125;366;39.66748;-43.52409;3;10;EXTRACT;0;
120.7656;365;17.97317;17.60267;3;2;EXTRACT;3;
122.1328;366;39.66748;-43.52409;3;9;EXTRACT;0;
122.7344;365;17.97317;17.60267;3;1;EXTRACT;3;
124.0938;366;39.66748;-43.52409;3;8;EXTRACT;0;
124.7344;365;17.97317;17.60267;3;0;EXTRACT;3;
124.7266;365;17.97317;17.60267;3;0;DESTROYED;;
124.7344;379;17.79916;13.23824;3;16;CREATED;;
126.1016;366;39.66748;-43.52409;3;7;EXTRACT;0;
128.1094;366;39.66748;-43.52409;3;6;EXTRACT;0;
129.5547;364;1.856041;15.89599;3;16;DISCOVER;1;
129.9141;379;17.79916;13.23824;3;16;DISCOVER;3;
130.1172;366;39.66748;-43.52409;3;5;EXTRACT;0;
132.125;366;39.66748;-43.52409;3;4;EXTRACT;0;
132.8516;379;17.79916;13.23824;3;15;EXTRACT;3;
133.2109;364;1.856041;15.89599;3;15;EXTRACT;1;
134.0938;366;39.66748;-43.52409;3;3;EXTRACT;0;
134.8672;379;17.79916;13.23824;3;14;EXTRACT;3;
135.1875;364;1.856041;15.89599;3;14;EXTRACT;1;
136.1172;366;39.66748;-43.52409;3;2;EXTRACT;0;
136.8359;379;17.79916;13.23824;3;13;EXTRACT;3;
137.2031;364;1.856041;15.89599;3;13;EXTRACT;1;
138.125;366;39.66748;-43.52409;3;1;EXTRACT;0;
138.8359;379;17.79916;13.23824;3;12;EXTRACT;3;
139.1953;364;1.856041;15.89599;3;12;EXTRACT;1;
140.1172;366;39.66748;-43.52409;3;0;EXTRACT;0;
140.0859;366;39.66748;-43.52409;3;0;DESTROYED;;
140.1172;380;21.1358;-7.266399;3;16;CREATED;;
140.8359;379;17.79916;13.23824;3;11;EXTRACT;3;
141.2031;364;1.856041;15.89599;3;11;EXTRACT;1;
142.8438;379;17.79916;13.23824;3;10;EXTRACT;3;
143.2031;364;1.856041;15.89599;3;10;EXTRACT;1;
144.8438;379;17.79916;13.23824;3;9;EXTRACT;3;
145.2031;364;1.856041;15.89599;3;9;EXTRACT;1;
146.8516;379;17.79916;13.23824;3;8;EXTRACT;3;
147.2109;364;1.856041;15.89599;3;8;EXTRACT;1;
148.8516;379;17.79916;13.23824;3;7;EXTRACT;3;
149.1953;364;1.856041;15.89599;3;7;EXTRACT;1;
150.8906;379;17.79916;13.23824;3;6;EXTRACT;3;
151.2109;364;1.856041;15.89599;3;6;EXTRACT;1;
152.8516;379;17.79916;13.23824;3;5;EXTRACT;3;
153.2109;364;1.856041;15.89599;3;5;EXTRACT;1;
154.8828;379;17.79916;13.23824;3;4;EXTRACT;3;
155.2031;364;1.856041;15.89599;3;4;EXTRACT;1;
156.8828;379;17.79916;13.23824;3;3;EXTRACT;3;
157.2031;364;1.856041;15.89599;3;3;EXTRACT;1;
158.8828;379;17.79916;13.23824;3;2;EXTRACT;3;
159.2031;364;1.856041;15.89599;3;2;EXTRACT;1;
160.8906;379;17.79916;13.23824;3;1;EXTRACT;3;
161.2109;364;1.856041;15.89599;3;1;EXTRACT;1;
162.8516;379;17.79916;13.23824;3;0;EXTRACT;3;
162.8438;379;17.79916;13.23824;3;0;DESTROYED;;
162.8516;381;-13.36172;34.64812;3;16;CREATED;;
163.2109;364;1.856041;15.89599;3;0;EXTRACT;1;
163.2031;364;1.856041;15.89599;3;0;DESTROYED;;
163.2109;382;3.537861;-8.582806;3;16;CREATED;;
170.5313;376;11.22173;8.530312;3;16;DISCOVER;3;
173.25;376;11.22173;8.530312;3;15;EXTRACT;3;
175.2578;376;11.22173;8.530312;3;14;EXTRACT;3;
177.25;376;11.22173;8.530312;3;13;EXTRACT;3;
179.2578;376;11.22173;8.530312;3;12;EXTRACT;3;
181.2656;376;11.22173;8.530312;3;11;EXTRACT;3;
183.2813;376;11.22173;8.530312;3;10;EXTRACT;3;
185.2656;376;11.22173;8.530312;3;9;EXTRACT;3;
187.2734;376;11.22173;8.530312;3;8;EXTRACT;3;
189.2734;376;11.22173;8.530312;3;7;EXTRACT;3;
191.1797;377;-20.21624;34.84505;3;16;DISCOVER;2;
191.2578;376;11.22173;8.530312;3;6;EXTRACT;3;
193.2813;376;11.22173;8.530312;3;5;EXTRACT;3;
194.2188;377;-20.21624;34.84505;3;15;EXTRACT;2;
194.7344;377;-20.21624;34.84505;3;15;DISCOVER;1;
195.2578;376;11.22173;8.530312;3;4;EXTRACT;3;
196.2188;377;-20.21624;34.84505;3;14;EXTRACT;2;
197.2813;376;11.22173;8.530312;3;3;EXTRACT;3;
197.4844;377;-20.21624;34.84505;3;13;EXTRACT;1;
198.2188;377;-20.21624;34.84505;3;12;EXTRACT;2;
199.2891;376;11.22173;8.530312;3;2;EXTRACT;3;
199.4688;377;-20.21624;34.84505;3;11;EXTRACT;1;
200.2734;377;-20.21624;34.84505;3;10;EXTRACT;2;
201.2734;376;11.22173;8.530312;3;1;EXTRACT;3;
201.4766;377;-20.21624;34.84505;3;9;EXTRACT;1;
202.1953;377;-20.21624;34.84505;3;8;EXTRACT;2;
203.2422;376;11.22173;8.530312;3;0;EXTRACT;3;
203.2031;376;11.22173;8.530312;3;0;DESTROYED;;
203.2422;383;44.87981;20.90316;3;16;CREATED;;
203.4844;377;-20.21624;34.84505;3;7;EXTRACT;1;
204.2031;377;-20.21624;34.84505;3;6;EXTRACT;2;
205.4922;377;-20.21624;34.84505;3;5;EXTRACT;1;
206.2344;377;-20.21624;34.84505;3;4;EXTRACT;2;
207.4219;377;-20.21624;34.84505;3;3;EXTRACT;1;
208.125;377;-20.21624;34.84505;3;2;EXTRACT;2;
209.4922;377;-20.21624;34.84505;3;1;EXTRACT;1;
210.1172;377;-20.21624;34.84505;3;0;EXTRACT;2;
210.0859;377;-20.21624;34.84505;3;0;DESTROYED;;
210.1172;384;-34.52677;-30.1971;3;16;CREATED;;
216.9297;367;-29.16331;33.68781;3;16;DISCOVER;1;
219.9766;367;-29.16331;33.68781;3;15;EXTRACT;1;
221.9922;367;-29.16331;33.68781;3;14;EXTRACT;1;
223.9922;367;-29.16331;33.68781;3;13;EXTRACT;1;
226;367;-29.16331;33.68781;3;12;EXTRACT;1;
228;367;-29.16331;33.68781;3;11;EXTRACT;1;
229.9609;367;-29.16331;33.68781;3;10;EXTRACT;1;
231.9609;367;-29.16331;33.68781;3;9;EXTRACT;1;
233.9922;367;-29.16331;33.68781;3;8;EXTRACT;1;
235.9922;367;-29.16331;33.68781;3;7;EXTRACT;1;
237.9844;367;-29.16331;33.68781;3;6;EXTRACT;1;
240.0078;367;-29.16331;33.68781;3;5;EXTRACT;1;
241.6484;367;-29.16331;33.68781;3;5;DISCOVER;3;
242.0078;367;-29.16331;33.68781;3;4;EXTRACT;1;
244.0078;367;-29.16331;33.68781;3;3;EXTRACT;1;
244.25;367;-29.16331;33.68781;3;2;EXTRACT;3;
246.0156;367;-29.16331;33.68781;3;1;EXTRACT;1;
246.25;367;-29.16331;33.68781;3;0;EXTRACT;3;
246.2422;367;-29.16331;33.68781;3;0;DESTROYED;;
246.25;385;-22.30402;3.288532;3;16;CREATED;;
255.6328;375;43.89093;4.54501;3;16;DISCOVER;0;
259.2813;375;43.89093;4.54501;3;15;EXTRACT;0;
261.2891;375;43.89093;4.54501;3;14;EXTRACT;0;
263.2969;375;43.89093;4.54501;3;13;EXTRACT;0;
265.3047;375;43.89093;4.54501;3;12;EXTRACT;0;
265.5078;385;-22.30402;3.288532;3;16;DISCOVER;2;
267.3125;375;43.89093;4.54501;3;11;EXTRACT;0;
268.2656;385;-22.30402;3.288532;3;16;DISCOVER;1;
268.7656;385;-22.30402;3.288532;3;15;EXTRACT;2;
269.3594;375;43.89093;4.54501;3;10;EXTRACT;0;
270.7266;385;-22.30402;3.288532;3;14;EXTRACT;2;
270.9297;385;-22.30402;3.288532;3;13;EXTRACT;1;
271.2891;375;43.89093;4.54501;3;9;EXTRACT;0;
272.7344;385;-22.30402;3.288532;3;12;EXTRACT;2;
272.9375;385;-22.30402;3.288532;3;11;EXTRACT;1;
273.3047;375;43.89093;4.54501;3;8;EXTRACT;0;
274.7344;385;-22.30402;3.288532;3;10;EXTRACT;2;
274.9453;385;-22.30402;3.288532;3;9;EXTRACT;1;
275.3047;375;43.89093;4.54501;3;7;EXTRACT;0;
275.4609;385;-22.30402;3.288532;3;9;DISCOVER;3;
276.7422;385;-22.30402;3.288532;3;8;EXTRACT;2;
276.9453;385;-22.30402;3.288532;3;7;EXTRACT;1;
277.3047;375;43.89093;4.54501;3;6;EXTRACT;0;
278.0234;385;-22.30402;3.288532;3;6;EXTRACT;3;
278.75;385;-22.30402;3.288532;3;5;EXTRACT;2;
278.9453;385;-22.30402;3.288532;3;4;EXTRACT;1;
279.3125;375;43.89093;4.54501;3;5;EXTRACT;0;
280.0313;385;-22.30402;3.288532;3;3;EXTRACT;3;
280.75;385;-22.30402;3.288532;3;2;EXTRACT;2;
280.9531;385;-22.30402;3.288532;3;1;EXTRACT;1;
281.3125;375;43.89093;4.54501;3;4;EXTRACT;0;
282.0313;385;-22.30402;3.288532;3;0;EXTRACT;3;
282;385;-22.30402;3.288532;3;0;DESTROYED;;
282.0313;386;-19.43773;-29.64068;3;16;CREATED;;
283.3125;375;43.89093;4.54501;3;3;EXTRACT;0;
285.2813;375;43.89093;4.54501;3;2;EXTRACT;0;
287.2813;375;43.89093;4.54501;3;1;EXTRACT;0;
289.2891;375;43.89093;4.54501;3;0;EXTRACT;0;
289.2813;375;43.89093;4.54501;3;0;DESTROYED;;
289.2891;387;43.11284;-25.44197;3;16;CREATED;;
299.3047;362;-8.213875;-12.6582;3;16;DISCOVER;3;
300.1875;383;44.87981;20.90316;3;16;DISCOVER;0;
302.0703;362;-8.213875;-12.6582;3;15;EXTRACT;3;
303.4297;383;44.87981;20.90316;3;15;EXTRACT;0;
304.0313;362;-8.213875;-12.6582;3;14;EXTRACT;3;
305.4375;383;44.87981;20.90316;3;14;EXTRACT;0;
305.875;373;-40.02393;-15.61252;3;16;DISCOVER;2;
306.0391;362;-8.213875;-12.6582;3;13;EXTRACT;3;
307.4375;383;44.87981;20.90316;3;13;EXTRACT;0;
308.0391;362;-8.213875;-12.6582;3;12;EXTRACT;3;
309.2813;373;-40.02393;-15.61252;3;15;EXTRACT;2;
309.4453;383;44.87981;20.90316;3;12;EXTRACT;0;
310.0391;362;-8.213875;-12.6582;3;11;EXTRACT;3;
311.2813;373;-40.02393;-15.61252;3;14;EXTRACT;2;
311.4453;383;44.87981;20.90316;3;11;EXTRACT;0;
312.0469;362;-8.213875;-12.6582;3;10;EXTRACT;3;
313.2891;373;-40.02393;-15.61252;3;13;EXTRACT;2;
313.4531;383;44.87981;20.90316;3;10;EXTRACT;0;
314.0547;362;-8.213875;-12.6582;3;9;EXTRACT;3;
315.2969;373;-40.02393;-15.61252;3;12;EXTRACT;2;
315.4531;383;44.87981;20.90316;3;9;EXTRACT;0;
316.0547;362;-8.213875;-12.6582;3;8;EXTRACT;3;
317.3047;373;-40.02393;-15.61252;3;11;EXTRACT;2;
317.4609;383;44.87981;20.90316;3;8;EXTRACT;0;
318.0625;362;-8.213875;-12.6582;3;7;EXTRACT;3;
319.2891;373;-40.02393;-15.61252;3;10;EXTRACT;2;
319.4375;383;44.87981;20.90316;3;7;EXTRACT;0;
320.0625;362;-8.213875;-12.6582;3;6;EXTRACT;3;
321.2891;373;-40.02393;-15.61252;3;9;EXTRACT;2;
321.4375;383;44.87981;20.90316;3;6;EXTRACT;0;
322.0391;362;-8.213875;-12.6582;3;5;EXTRACT;3;
323.2734;373;-40.02393;-15.61252;3;8;EXTRACT;2;
323.4141;383;44.87981;20.90316;3;5;EXTRACT;0;
324.0391;362;-8.213875;-12.6582;3;4;EXTRACT;3;
325.2734;373;-40.02393;-15.61252;3;7;EXTRACT;2;
325.4063;383;44.87981;20.90316;3;4;EXTRACT;0;
326.0078;362;-8.213875;-12.6582;3;3;EXTRACT;3;
327.2813;373;-40.02393;-15.61252;3;6;EXTRACT;2;
327.4297;383;44.87981;20.90316;3;3;EXTRACT;0;
328.0391;362;-8.213875;-12.6582;3;2;EXTRACT;3;
329.3125;373;-40.02393;-15.61252;3;5;EXTRACT;2;
329.4141;383;44.87981;20.90316;3;2;EXTRACT;0;
330.0469;362;-8.213875;-12.6582;3;1;EXTRACT;3;
331.25;373;-40.02393;-15.61252;3;4;EXTRACT;2;
331.4063;383;44.87981;20.90316;3;1;EXTRACT;0;
332.0234;362;-8.213875;-12.6582;3;0;EXTRACT;3;
331.9219;362;-8.213875;-12.6582;3;0;DESTROYED;;
332.0234;388;-35.91511;21.56003;3;16;CREATED;;
333.2344;383;44.87981;20.90316;3;0;EXTRACT;0;
333.2344;373;-40.02393;-15.61252;3;3;EXTRACT;2;
333.125;383;44.87981;20.90316;3;0;DESTROYED;;
333.2344;389;-30.83519;3.869061;3;16;CREATED;;
334.6406;382;3.537861;-8.582806;3;16;DISCOVER;1;
334.6406;373;-40.02393;-15.61252;3;2;EXTRACT;2;
336.6328;373;-40.02393;-15.61252;3;1;EXTRACT;2;
338.4609;382;3.537861;-8.582806;3;15;EXTRACT;1;
338.5391;373;-40.02393;-15.61252;3;0;EXTRACT;2;
338.5234;373;-40.02393;-15.61252;3;0;DESTROYED;;
338.5391;390;-41.07857;-33.72462;3;16;CREATED;;
340.2969;382;3.537861;-8.582806;3;14;EXTRACT;1;
342.2734;382;3.537861;-8.582806;3;13;EXTRACT;1;
344.2734;382;3.537861;-8.582806;3;12;EXTRACT;1;
346.2656;382;3.537861;-8.582806;3;11;EXTRACT;1;
348.2578;382;3.537861;-8.582806;3;10;EXTRACT;1;
349.0859;384;-34.52677;-30.1971;3;16;DISCOVER;2;
349.2109;374;10.5439;-36.0849;3;16;DISCOVER;3;
350.2891;382;3.537861;-8.582806;3;9;EXTRACT;1;
351.9141;384;-34.52677;-30.1971;3;15;EXTRACT;2;
352.3516;382;3.537861;-8.582806;3;8;EXTRACT;1;
352.3516;374;10.5439;-36.0849;3;15;EXTRACT;3;
353.8594;384;-34.52677;-30.1971;3;14;EXTRACT;2;
354.25;382;3.537861;-8.582806;3;7;EXTRACT;1;
354.2891;374;10.5439;-36.0849;3;14;EXTRACT;3;
355.875;384;-34.52677;-30.1971;3;13;EXTRACT;2;
356.2656;382;3.537861;-8.582806;3;6;EXTRACT;1;
356.3047;374;10.5439;-36.0849;3;13;EXTRACT;3;
357.8828;384;-34.52677;-30.1971;3;12;EXTRACT;2;
358.2656;382;3.537861;-8.582806;3;5;EXTRACT;1;
358.3047;374;10.5439;-36.0849;3;12;EXTRACT;3;
359.8047;384;-34.52677;-30.1971;3;11;EXTRACT;2;
360.2266;382;3.537861;-8.582806;3;4;EXTRACT;1;
360.2656;374;10.5439;-36.0849;3;11;EXTRACT;3;
361.8281;384;-34.52677;-30.1971;3;10;EXTRACT;2;
362.1953;382;3.537861;-8.582806;3;3;EXTRACT;1;
362.2344;374;10.5439;-36.0849;3;10;EXTRACT;3;
363.8281;384;-34.52677;-30.1971;3;9;EXTRACT;2;
364.1953;382;3.537861;-8.582806;3;2;EXTRACT;1;
364.2344;374;10.5439;-36.0849;3;9;EXTRACT;3;
365.7969;384;-34.52677;-30.1971;3;8;EXTRACT;2;
366.1953;382;3.537861;-8.582806;3;1;EXTRACT;1;
366.2344;374;10.5439;-36.0849;3;8;EXTRACT;3;
367.8047;384;-34.52677;-30.1971;3;7;EXTRACT;2;
368.2109;382;3.537861;-8.582806;3;0;EXTRACT;1;
368.2031;382;3.537861;-8.582806;3;0;DESTROYED;;
368.2109;391;-41.00824;3.18766;3;16;CREATED;;
368.25;374;10.5439;-36.0849;3;7;EXTRACT;3;
369.8281;384;-34.52677;-30.1971;3;6;EXTRACT;2;
370.2656;374;10.5439;-36.0849;3;6;EXTRACT;3;
371.8281;384;-34.52677;-30.1971;3;5;EXTRACT;2;
372.2578;374;10.5439;-36.0849;3;5;EXTRACT;3;
373.8203;384;-34.52677;-30.1971;3;4;EXTRACT;2;
374.2578;374;10.5439;-36.0849;3;4;EXTRACT;3;
375.7969;384;-34.52677;-30.1971;3;3;EXTRACT;2;
376.2422;374;10.5439;-36.0849;3;3;EXTRACT;3;
377.8281;384;-34.52677;-30.1971;3;2;EXTRACT;2;
378.2656;374;10.5439;-36.0849;3;2;EXTRACT;3;
379.8359;384;-34.52677;-30.1971;3;1;EXTRACT;2;
380.2344;374;10.5439;-36.0849;3;1;EXTRACT;3;
381.8438;384;-34.52677;-30.1971;3;0;EXTRACT;2;
381.8438;384;-34.52677;-30.1971;3;0;DESTROYED;;
381.8438;392;-44.99309;44.00127;3;16;CREATED;;
382.25;374;10.5439;-36.0849;3;0;EXTRACT;3;
382.2422;374;10.5439;-36.0849;3;0;DESTROYED;;
382.25;393;14.0745;-44.54284;3;16;CREATED;;
384.8281;368;15.35443;-11.6808;3;16;DISCOVER;0;
387.7891;368;15.35443;-11.6808;3;15;EXTRACT;0;
389.7969;368;15.35443;-11.6808;3;14;EXTRACT;0;
390.3203;378;20.05767;-36.71724;3;16;DISCOVER;3;
391.8047;368;15.35443;-11.6808;3;13;EXTRACT;0;
393.2891;378;20.05767;-36.71724;3;15;EXTRACT;3;
393.8125;368;15.35443;-11.6808;3;12;EXTRACT;0;
395.2969;378;20.05767;-36.71724;3;14;EXTRACT;3;
395.8281;368;15.35443;-11.6808;3;11;EXTRACT;0;
397.2656;378;20.05767;-36.71724;3;13;EXTRACT;3;
397.8281;368;15.35443;-11.6808;3;10;EXTRACT;0;
399.2734;378;20.05767;-36.71724;3;12;EXTRACT;3;
399.7969;368;15.35443;-11.6808;3;9;EXTRACT;0;
401.2813;378;20.05767;-36.71724;3;11;EXTRACT;3;
401.8047;368;15.35443;-11.6808;3;8;EXTRACT;0;
403.2891;378;20.05767;-36.71724;3;10;EXTRACT;3;
403.8125;368;15.35443;-11.6808;3;7;EXTRACT;0;
405.2969;378;20.05767;-36.71724;3;9;EXTRACT;3;
405.8203;368;15.35443;-11.6808;3;6;EXTRACT;0;
407.2734;378;20.05767;-36.71724;3;8;EXTRACT;3;
407.8125;368;15.35443;-11.6808;3;5;EXTRACT;0;
409.2422;378;20.05767;-36.71724;3;7;EXTRACT;3;
409.7656;368;15.35443;-11.6808;3;4;EXTRACT;0;
411.2266;378;20.05767;-36.71724;3;6;EXTRACT;3;
411.7422;368;15.35443;-11.6808;3;3;EXTRACT;0;
413.2109;378;20.05767;-36.71724;3;5;EXTRACT;3;
413.7656;368;15.35443;-11.6808;3;2;EXTRACT;0;
415.2188;378;20.05767;-36.71724;3;4;EXTRACT;3;
415.7422;368;15.35443;-11.6808;3;1;EXTRACT;0;
416.8359;378;20.05767;-36.71724;3;4;DISCOVER;2;
417.2344;378;20.05767;-36.71724;3;3;EXTRACT;3;
417.7578;368;15.35443;-11.6808;3;0;EXTRACT;0;
417.7266;368;15.35443;-11.6808;3;0;DESTROYED;;
417.7578;394;21.2227;-16.3706;3;16;CREATED;;
419.2422;378;20.05767;-36.71724;3;2;EXTRACT;3;
419.8828;378;20.05767;-36.71724;3;1;EXTRACT;2;
421.25;378;20.05767;-36.71724;3;0;EXTRACT;3;
421.2422;378;20.05767;-36.71724;3;0;DESTROYED;;
421.25;395;-32.18731;-38.17934;3;16;CREATED;;
428.8359;372;21.75172;-27.36905;3;16;DISCOVER;3;
431.7422;372;21.75172;-27.36905;3;15;EXTRACT;3;
433.7266;372;21.75172;-27.36905;3;14;EXTRACT;3;
434.9297;372;21.75172;-27.36905;3;14;DISCOVER;2;
435.7344;372;21.75172;-27.36905;3;13;EXTRACT;3;
435.9766;393;14.0745;-44.54284;3;16;DISCOVER;0;
437.6484;372;21.75172;-27.36905;3;12;EXTRACT;2;
437.7266;372;21.75172;-27.36905;3;11;EXTRACT;3;
438.7422;393;14.0745;-44.54284;3;15;EXTRACT;0;
439.6797;372;21.75172;-27.36905;3;10;EXTRACT;2;
439.7188;372;21.75172;-27.36905;3;9;EXTRACT;3;
440.7578;393;14.0745;-44.54284;3;14;EXTRACT;0;
441.6875;372;21.75172;-27.36905;3;8;EXTRACT;2;
441.7656;372;21.75172;-27.36905;3;7;EXTRACT;3;
442.7266;393;14.0745;-44.54284;3;13;EXTRACT;0;
443.6484;372;21.75172;-27.36905;3;6;EXTRACT;2;
443.7344;372;21.75172;-27.36905;3;5;EXTRACT;3;
444.7344;393;14.0745;-44.54284;3;12;EXTRACT;0;
445.6563;372;21.75172;-27.36905;3;4;EXTRACT;2;
445.7422;372;21.75172;-27.36905;3;3;EXTRACT;3;
446.7422;393;14.0745;-44.54284;3;11;EXTRACT;0;
447.6719;372;21.75172;-27.36905;3;2;EXTRACT;2;
447.75;372;21.75172;-27.36905;3;1;EXTRACT;3;
448.7578;393;14.0745;-44.54284;3;10;EXTRACT;0;
449.6797;372;21.75172;-27.36905;3;0;EXTRACT;2;
449.6406;372;21.75172;-27.36905;3;0;DESTROYED;;
449.6797;396;34.93026;2.933559;3;16;CREATED;;
450.7656;393;14.0745;-44.54284;3;9;EXTRACT;0;
452.7266;393;14.0745;-44.54284;3;8;EXTRACT;0;
453.9375;357;-21.19876;42.22815;3;16;DISCOVER;1;
454.7344;393;14.0745;-44.54284;3;7;EXTRACT;0;
456.7422;393;14.0745;-44.54284;3;6;EXTRACT;0;
457.625;357;-21.19876;42.22815;3;15;EXTRACT;1;
458.7344;393;14.0745;-44.54284;3;5;EXTRACT;0;
459.6172;357;-21.19876;42.22815;3;14;EXTRACT;1;
460.6172;394;21.2227;-16.3706;3;16;DISCOVER;2;
460.7344;393;14.0745;-44.54284;3;4;EXTRACT;0;
461.6172;357;-21.19876;42.22815;3;13;EXTRACT;1;
462.75;393;14.0745;-44.54284;3;3;EXTRACT;0;
463.5938;357;-21.19876;42.22815;3;12;EXTRACT;1;
463.9141;394;21.2227;-16.3706;3;15;EXTRACT;2;
464.8203;393;14.0745;-44.54284;3;2;EXTRACT;0;
465.6172;357;-21.19876;42.22815;3;11;EXTRACT;1;
465.9375;394;21.2227;-16.3706;3;14;EXTRACT;2;
466.7969;393;14.0745;-44.54284;3;1;EXTRACT;0;
467.6094;357;-21.19876;42.22815;3;10;EXTRACT;1;
467.9219;394;21.2227;-16.3706;3;13;EXTRACT;2;
468.7656;393;14.0745;-44.54284;3;0;EXTRACT;0;
468.7656;393;14.0745;-44.54284;3;0;DESTROYED;;
468.7656;397;42.47021;-11.39101;3;16;CREATED;;
469.6094;357;-21.19876;42.22815;3;9;EXTRACT;1;
469.9297;394;21.2227;-16.3706;3;12;EXTRACT;2;
471.6172;357;-21.19876;42.22815;3;8;EXTRACT;1;
472.0156;394;21.2227;-16.3706;3;11;EXTRACT;2;
472.9844;394;21.2227;-16.3706;3;11;DISCOVER;3;
473.5938;357;-21.19876;42.22815;3;7;EXTRACT;1;
473.9141;394;21.2227;-16.3706;3;10;EXTRACT;2;
475.4453;394;21.2227;-16.3706;3;9;EXTRACT;3;
475.6094;357;-21.19876;42.22815;3;6;EXTRACT;1;
475.9531;394;21.2227;-16.3706;3;8;EXTRACT;2;
477.4766;394;21.2227;-16.3706;3;7;EXTRACT;3;
477.5938;357;-21.19876;42.22815;3;5;EXTRACT;1;
477.9141;394;21.2227;-16.3706;3;6;EXTRACT;2;
479.2813;394;21.2227;-16.3706;3;5;EXTRACT;3;
479.4063;357;-21.19876;42.22815;3;4;EXTRACT;1;
479.7266;394;21.2227;-16.3706;3;4;EXTRACT;2;
481.2734;394;21.2227;-16.3706;3;3;EXTRACT;3;
481.4063;357;-21.19876;42.22815;3;3;EXTRACT;1;
481.7266;394;21.2227;-16.3706;3;2;EXTRACT;2;
483.2344;394;21.2227;-16.3706;3;1;EXTRACT;3;
483.3984;357;-21.19876;42.22815;3;2;EXTRACT;1;
483.7109;394;21.2227;-16.3706;3;0;EXTRACT;2;
483.6875;394;21.2227;-16.3706;3;0;DESTROYED;;
483.7109;398;24.16768;-25.79721;3;16;CREATED;;
485.4063;357;-21.19876;42.22815;3;1;EXTRACT;1;
487.4063;357;-21.19876;42.22815;3;0;EXTRACT;1;
487.4063;357;-21.19876;42.22815;3;0;DESTROYED;;
487.4063;399;-20.67131;5.147175;3;16;CREATED;;
490.7656;380;21.1358;-7.266399;3;16;DISCOVER;3;
493.5234;380;21.1358;-7.266399;3;15;EXTRACT;3;
495.5625;380;21.1358;-7.266399;3;14;EXTRACT;3;
497.5234;380;21.1358;-7.266399;3;13;EXTRACT;3;
499.5078;380;21.1358;-7.266399;3;12;EXTRACT;3;
501.5391;380;21.1358;-7.266399;3;11;EXTRACT;3;
503.5391;380;21.1358;-7.266399;3;10;EXTRACT;3;
505.5234;380;21.1358;-7.266399;3;9;EXTRACT;3;
507.5469;380;21.1358;-7.266399;3;8;EXTRACT;3;
509.5156;380;21.1358;-7.266399;3;7;EXTRACT;3;
511.4297;380;21.1358;-7.266399;3;6;EXTRACT;3;
513.3203;380;21.1358;-7.266399;3;5;EXTRACT;3;
515.2813;380;21.1358;-7.266399;3;4;EXTRACT;3;
517.25;380;21.1358;-7.266399;3;3;EXTRACT;3;
519.2188;380;21.1358;-7.266399;3;2;EXTRACT;3;
521.25;380;21.1358;-7.266399;3;1;EXTRACT;3;
523.2188;380;21.1358;-7.266399;3;0;EXTRACT;3;
523.2031;380;21.1358;-7.266399;3;0;DESTROYED;;
523.2188;400;10.51974;-12.37965;3;16;CREATED;;
525.5859;389;-30.83519;3.869061;3;16;DISCOVER;1;
528.8047;370;21.34689;-0.8907242;3;16;DISCOVER;3;
529.6875;389;-30.83519;3.869061;3;15;EXTRACT;1;
531.6875;389;-30.83519;3.869061;3;14;EXTRACT;1;
532.0469;370;21.34689;-0.8907242;3;15;EXTRACT;3;
533.6953;389;-30.83519;3.869061;3;13;EXTRACT;1;
534.0625;370;21.34689;-0.8907242;3;14;EXTRACT;3;
535.7109;389;-30.83519;3.869061;3;12;EXTRACT;1;
536.0313;370;21.34689;-0.8907242;3;13;EXTRACT;3;
537.6797;389;-30.83519;3.869061;3;11;EXTRACT;1;
538.0391;370;21.34689;-0.8907242;3;12;EXTRACT;3;
538.2813;370;21.34689;-0.8907242;3;12;DISCOVER;2;
539.6797;389;-30.83519;3.869061;3;10;EXTRACT;1;
540.0469;370;21.34689;-0.8907242;3;11;EXTRACT;3;
541.0859;370;21.34689;-0.8907242;3;10;EXTRACT;2;
541.6875;389;-30.83519;3.869061;3;9;EXTRACT;1;
542.0469;370;21.34689;-0.8907242;3;9;EXTRACT;3;
543.0938;370;21.34689;-0.8907242;3;8;EXTRACT;2;
543.6953;389;-30.83519;3.869061;3;8;EXTRACT;1;
544.0625;370;21.34689;-0.8907242;3;7;EXTRACT;3;
545.1016;370;21.34689;-0.8907242;3;6;EXTRACT;2;
545.7031;389;-30.83519;3.869061;3;7;EXTRACT;1;
546.0625;370;21.34689;-0.8907242;3;5;EXTRACT;3;
547.0703;370;21.34689;-0.8907242;3;4;EXTRACT;2;
547.7109;389;-30.83519;3.869061;3;6;EXTRACT;1;
548.0313;370;21.34689;-0.8907242;3;3;EXTRACT;3;
549.0781;370;21.34689;-0.8907242;3;2;EXTRACT;2;
549.7188;389;-30.83519;3.869061;3;5;EXTRACT;1;
550.0391;370;21.34689;-0.8907242;3;1;EXTRACT;3;
551.0781;370;21.34689;-0.8907242;3;0;EXTRACT;2;
551.0469;370;21.34689;-0.8907242;3;0;DESTROYED;;
551.0781;401;-32.20582;-6.473034;3;16;CREATED;;
551.7188;389;-30.83519;3.869061;3;4;EXTRACT;1;
553.7266;389;-30.83519;3.869061;3;3;EXTRACT;1;
555.7344;389;-30.83519;3.869061;3;2;EXTRACT;1;
557.7031;389;-30.83519;3.869061;3;1;EXTRACT;1;
559.75;389;-30.83519;3.869061;3;0;EXTRACT;1;
559.7266;389;-30.83519;3.869061;3;0;DESTROYED;;
559.75;402;-31.0952;-17.96018;3;16;CREATED;;
571.4609;401;-32.20582;-6.473034;3;16;DISCOVER;1;
574.4297;401;-32.20582;-6.473034;3;15;EXTRACT;1;
576.4375;401;-32.20582;-6.473034;3;14;EXTRACT;1;
578.4375;401;-32.20582;-6.473034;3;13;EXTRACT;1;
580.4453;401;-32.20582;-6.473034;3;12;EXTRACT;1;
582.4141;401;-32.20582;-6.473034;3;11;EXTRACT;1;
584.4688;401;-32.20582;-6.473034;3;10;EXTRACT;1;
586.4297;401;-32.20582;-6.473034;3;9;EXTRACT;1;
586.4766;381;-13.36172;34.64812;3;16;DISCOVER;2;
588.4375;401;-32.20582;-6.473034;3;8;EXTRACT;1;
589.3672;381;-13.36172;34.64812;3;15;EXTRACT;2;
590.4531;401;-32.20582;-6.473034;3;7;EXTRACT;1;
591.375;381;-13.36172;34.64812;3;14;EXTRACT;2;
592.4531;401;-32.20582;-6.473034;3;6;EXTRACT;1;
593.3438;381;-13.36172;34.64812;3;13;EXTRACT;2;
594.4688;401;-32.20582;-6.473034;3;5;EXTRACT;1;
595.3516;381;-13.36172;34.64812;3;12;EXTRACT;2;
596.4531;401;-32.20582;-6.473034;3;4;EXTRACT;1;
597.3359;381;-13.36172;34.64812;3;11;EXTRACT;2;
598.4609;401;-32.20582;-6.473034;3;3;EXTRACT;1;
599.3359;381;-13.36172;34.64812;3;10;EXTRACT;2;
600.4609;401;-32.20582;-6.473034;3;2;EXTRACT;1;
601.3438;381;-13.36172;34.64812;3;9;EXTRACT;2;
601.9453;381;-13.36172;34.64812;3;9;DISCOVER;0;
602.4297;401;-32.20582;-6.473034;3;1;EXTRACT;1;
603.3516;381;-13.36172;34.64812;3;8;EXTRACT;2;
604.4375;401;-32.20582;-6.473034;3;0;EXTRACT;1;
604.4063;401;-32.20582;-6.473034;3;0;DESTROYED;;
604.4375;403;42.20081;29.36107;3;16;CREATED;;
604.8047;381;-13.36172;34.64812;3;7;EXTRACT;0;
605.3594;381;-13.36172;34.64812;3;6;EXTRACT;2;
606.7656;381;-13.36172;34.64812;3;5;EXTRACT;0;
607.3359;381;-13.36172;34.64812;3;4;EXTRACT;2;
608.7813;381;-13.36172;34.64812;3;3;EXTRACT;0;
609.3516;381;-13.36172;34.64812;3;2;EXTRACT;2;
610.8047;381;-13.36172;34.64812;3;1;EXTRACT;0;
611.3594;381;-13.36172;34.64812;3;0;EXTRACT;2;
611.3203;381;-13.36172;34.64812;3;0;DESTROYED;;
611.3594;404;14.45371;29.4352;3;16;CREATED;;
634.1719;388;-35.91511;21.56003;3;16;DISCOVER;2;
637.2344;388;-35.91511;21.56003;3;15;EXTRACT;2;
637.5625;386;-19.43773;-29.64068;3;16;DISCOVER;1;
638.0313;399;-20.67131;5.147175;3;16;DISCOVER;0;
639.0781;388;-35.91511;21.56003;3;14;EXTRACT;2;
640.3672;386;-19.43773;-29.64068;3;15;EXTRACT;1;
640.4922;399;-20.67131;5.147175;3;15;EXTRACT;0;
641.0156;388;-35.91511;21.56003;3;13;EXTRACT;2;
642.3203;386;-19.43773;-29.64068;3;14;EXTRACT;1;
642.4375;399;-20.67131;5.147175;3;14;EXTRACT;0;
642.9844;388;-35.91511;21.56003;3;12;EXTRACT;2;
644.3125;386;-19.43773;-29.64068;3;13;EXTRACT;1;
644.4375;399;-20.67131;5.147175;3;13;EXTRACT;0;
645;388;-35.91511;21.56003;3;11;EXTRACT;2;
646.3516;386;-19.43773;-29.64068;3;12;EXTRACT;1;
646.5313;399;-20.67131;5.147175;3;12;EXTRACT;0;
646.9844;388;-35.91511;21.56003;3;10;EXTRACT;2;
648.375;386;-19.43773;-29.64068;3;11;EXTRACT;1;
648.4141;399;-20.67131;5.147175;3;11;EXTRACT;0;
648.9844;388;-35.91511;21.56003;3;9;EXTRACT;2;
650.3594;386;-19.43773;-29.64068;3;10;EXTRACT;1;
650.4688;399;-20.67131;5.147175;3;10;EXTRACT;0;
650.9688;388;-35.91511;21.56003;3;8;EXTRACT;2;
652.3516;386;-19.43773;-29.64068;3;9;EXTRACT;1;
652.4297;399;-20.67131;5.147175;3;9;EXTRACT;0;
652.9766;388;-35.91511;21.56003;3;7;EXTRACT;2;
654.2891;399;-20.67131;5.147175;3;9;DISCOVER;3;
654.3672;386;-19.43773;-29.64068;3;8;EXTRACT;1;
654.4531;399;-20.67131;5.147175;3;8;EXTRACT;0;
655.0078;388;-35.91511;21.56003;3;6;EXTRACT;2;
656.375;386;-19.43773;-29.64068;3;7;EXTRACT;1;
656.4531;399;-20.67131;5.147175;3;7;EXTRACT;0;
657;388;-35.91511;21.56003;3;5;EXTRACT;2;
657.5234;399;-20.67131;5.147175;3;6;EXTRACT;3;
658.3594;386;-19.43773;-29.64068;3;6;EXTRACT;1;
658.4375;399;-20.67131;5.147175;3;5;EXTRACT;0;
659;388;-35.91511;21.56003;3;4;EXTRACT;2;
659.5234;399;-20.67131;5.147175;3;4;EXTRACT;3;
660.3672;386;-19.43773;-29.64068;3;5;EXTRACT;1;
660.4453;399;-20.67131;5.147175;3;3;EXTRACT;0;
661.0078;388;-35.91511;21.56003;3;3;EXTRACT;2;
661.5234;399;-20.67131;5.147175;3;2;EXTRACT;3;
662.3672;386;-19.43773;-29.64068;3;4;EXTRACT;1;
662.4453;399;-20.67131;5.147175;3;1;EXTRACT;0;
663.0078;388;-35.91511;21.56003;3;2;EXTRACT;2;
663.5313;399;-20.67131;5.147175;3;0;EXTRACT;3;
663.5234;399;-20.67131;5.147175;3;0;DESTROYED;;
663.5313;405;-41.25823;-23.80114;3;16;CREATED;;
664.3672;386;-19.43773;-29.64068;3;3;EXTRACT;1;
665.0078;388;-35.91511;21.56003;3;1;EXTRACT;2;
666.375;386;-19.43773;-29.64068;3;2;EXTRACT;1;
667.0156;388;-35.91511;21.56003;3;0;EXTRACT;2;
667;388;-35.91511;21.56003;3;0;DESTROYED;;
667.0156;406;-14.07315;32.7433;3;16;CREATED;;
668.3828;386;-19.43773;-29.64068;3;1;EXTRACT;1;
670.3906;386;-19.43773;-29.64068;3;0;EXTRACT;1;
670.3672;386;-19.43773;-29.64068;3;0;DESTROYED;;
670.3906;407;33.37031;31.12504;3;16;CREATED;;
692.7422;402;-31.0952;-17.96018;3;16;DISCOVER;2;
696.1875;402;-31.0952;-17.96018;3;15;EXTRACT;2;
698.1953;402;-31.0952;-17.96018;3;14;EXTRACT;2;
699.9219;400;10.51974;-12.37965;3;16;DISCOVER;1;
700.1563;402;-31.0952;-17.96018;3;13;EXTRACT;2;
702.1641;402;-31.0952;-17.96018;3;12;EXTRACT;2;
703.9453;400;10.51974;-12.37965;3;15;EXTRACT;1;
704.1797;402;-31.0952;-17.96018;3;11;EXTRACT;2;
705.9688;400;10.51974;-12.37965;3;14;EXTRACT;1;
706.1797;402;-31.0952;-17.96018;3;10;EXTRACT;2;
707.0391;402;-31.0952;-17.96018;3;10;DISCOVER;0;
707.9609;400;10.51974;-12.37965;3;13;EXTRACT;1;
708.1641;402;-31.0952;-17.96018;3;9;EXTRACT;2;
709.6875;407;33.37031;31.12504;3;16;DISCOVER;3;
709.7266;402;-31.0952;-17.96018;3;8;EXTRACT;0;
709.9688;400;10.51974;-12.37965;3;12;EXTRACT;1;
710.1641;402;-31.0952;-17.96018;3;7;EXTRACT;2;
711.7266;402;-31.0952;-17.96018;3;6;EXTRACT;0;
711.9688;400;10.51974;-12.37965;3;11;EXTRACT;1;
712.1719;402;-31.0952;-17.96018;3;5;EXTRACT;2;
712.4531;407;33.37031;31.12504;3;15;EXTRACT;3;
713.7344;402;-31.0952;-17.96018;3;4;EXTRACT;0;
713.9297;400;10.51974;-12.37965;3;10;EXTRACT;1;
714.1719;402;-31.0952;-17.96018;3;3;EXTRACT;2;
714.4531;407;33.37031;31.12504;3;14;EXTRACT;3;
715.7344;402;-31.0952;-17.96018;3;2;EXTRACT;0;
715.9375;400;10.51974;-12.37965;3;9;EXTRACT;1;
716.1797;402;-31.0952;-17.96018;3;1;EXTRACT;2;
716.4609;407;33.37031;31.12504;3;13;EXTRACT;3;
717.7031;402;-31.0952;-17.96018;3;0;EXTRACT;0;
717.6875;402;-31.0952;-17.96018;3;0;DESTROYED;;
717.7031;408;-8.049187;-13.19168;3;16;CREATED;;
717.9375;400;10.51974;-12.37965;3;8;EXTRACT;1;
718.4609;407;33.37031;31.12504;3;12;EXTRACT;3;
719.9453;400;10.51974;-12.37965;3;7;EXTRACT;1;
