Time;PatchID;PositionX;PositionZ;Radius;CoinAmount;PatchEvent;TriggerPlayer;
0;295;33.62353;-29.87149;3;48;CREATED;;
0;296;8.667843;26.11379;3;48;CREATED;;
0;297;-3.810589;-31.05681;3;48;CREATED;;
0;298;37.76855;11.62357;3;48;CREATED;;
0;299;12.5165;-11.72783;3;48;CREATED;;
4.070313;295;33.62353;-29.87149;3;48;DISCOVER;0;
7.179688;295;33.62353;-29.87149;3;47;EXTRACT;0;
9.195313;295;33.62353;-29.87149;3;46;EXTRACT;0;
10.67969;295;33.62353;-29.87149;3;46;DISCOVER;1;
11.17188;295;33.62353;-29.87149;3;45;EXTRACT;0;
13.1875;295;33.62353;-29.87149;3;44;EXTRACT;0;
13.71094;295;33.62353;-29.87149;3;43;EXTRACT;1;
15.19531;295;33.62353;-29.87149;3;42;EXTRACT;0;
15.71094;295;33.62353;-29.87149;3;41;EXTRACT;1;
17.19531;295;33.62353;-29.87149;3;40;EXTRACT;0;
17.71875;295;33.62353;-29.87149;3;39;EXTRACT;1;
19.20313;295;33.62353;-29.87149;3;38;EXTRACT;0;
19.72656;295;33.62353;-29.87149;3;37;EXTRACT;1;
21.16406;295;33.62353;-29.87149;3;36;EXTRACT;0;
21.72656;295;33.62353;-29.87149;3;35;EXTRACT;1;
23.17188;295;33.62353;-29.87149;3;34;EXTRACT;0;
23.73438;295;33.62353;-29.87149;3;33;EXTRACT;1;
25.17188;295;33.62353;-29.87149;3;32;EXTRACT;0;
25.69531;295;33.62353;-29.87149;3;31;EXTRACT;1;
27.17969;295;33.62353;-29.87149;3;30;EXTRACT;0;
27.69531;295;33.62353;-29.87149;3;29;EXTRACT;1;
29.17969;295;33.62353;-29.87149;3;28;EXTRACT;0;
29.70313;295;33.62353;-29.87149;3;27;EXTRACT;1;
31.1875;295;33.62353;-29.87149;3;26;EXTRACT;0;
31.71094;295;33.62353;-29.87149;3;25;EXTRACT;1;
33.1875;295;33.62353;-29.87149;3;24;EXTRACT;0;
33.71094;295;33.62353;-29.87149;3;23;EXTRACT;1;
35.19531;295;33.62353;-29.87149;3;22;EXTRACT;0;
35.71875;295;33.62353;-29.87149;3;21;EXTRACT;1;
37.16406;295;33.62353;-29.87149;3;20;EXTRACT;0;
37.72656;295;33.62353;-29.87149;3;19;EXTRACT;1;
39.16406;295;33.62353;-29.87149;3;18;EXTRACT;0;
39.72656;295;33.62353;-29.87149;3;17;EXTRACT;1;
41.17188;295;33.62353;-29.87149;3;16;EXTRACT;0;
41.73438;295;33.62353;-29.87149;3;15;EXTRACT;1;
43.17969;295;33.62353;-29.87149;3;14;EXTRACT;0;
43.74219;295;33.62353;-29.87149;3;13;EXTRACT;1;
45.17969;295;33.62353;-29.87149;3;12;EXTRACT;0;
45.74219;295;33.62353;-29.87149;3;11;EXTRACT;1;
47.1875;295;33.62353;-29.87149;3;10;EXTRACT;0;
47.74219;295;33.62353;-29.87149;3;9;EXTRACT;1;
49.19531;295;33.62353;-29.87149;3;8;EXTRACT;0;
49.72656;295;33.62353;-29.87149;3;7;EXTRACT;1;
51.17188;295;33.62353;-29.87149;3;6;EXTRACT;0;
51.73438;295;33.62353;-29.87149;3;5;EXTRACT;1;
53.1875;295;33.62353;-29.87149;3;4;EXTRACT;0;
53.75;295;33.62353;-29.87149;3;3;EXTRACT;1;
55.19531;295;33.62353;-29.87149;3;2;EXTRACT;0;
55.71094;295;33.62353;-29.87149;3;1;EXTRACT;1;
57.16406;295;33.62353;-29.87149;3;0;EXTRACT;0;
57.15625;295;33.62353;-29.87149;3;0;DESTROYED;;
57.16406;300;-13.41029;-40.49252;3;48;CREATED;;
69.79688;299;12.5165;-11.72783;3;48;DISCOVER;2;
73.125;299;12.5165;-11.72783;3;47;EXTRACT;2;
75.11719;299;12.5165;-11.72783;3;46;EXTRACT;2;
77.125;299;12.5165;-11.72783;3;45;EXTRACT;2;
78.82031;299;12.5165;-11.72783;3;45;DISCOVER;1;
79.10156;299;12.5165;-11.72783;3;44;EXTRACT;2;
81.07813;299;12.5165;-11.72783;3;43;EXTRACT;2;
81.41406;299;12.5165;-11.72783;3;42;EXTRACT;1;
83.07813;299;12.5165;-11.72783;3;41;EXTRACT;2;
83.4375;299;12.5165;-11.72783;3;40;EXTRACT;1;
84.28125;299;12.5165;-11.72783;3;40;DISCOVER;0;
85.10156;299;12.5165;-11.72783;3;39;EXTRACT;2;
85.42969;299;12.5165;-11.72783;3;38;EXTRACT;1;
87.02344;299;12.5165;-11.72783;3;37;EXTRACT;2;
87.25781;299;12.5165;-11.72783;3;36;EXTRACT;0;
87.38281;299;12.5165;-11.72783;3;35;EXTRACT;1;
87.78125;299;12.5165;-11.72783;3;35;DISCOVER;3;
89.04688;299;12.5165;-11.72783;3;34;EXTRACT;2;
89.1875;299;12.5165;-11.72783;3;33;EXTRACT;0;
89.38281;299;12.5165;-11.72783;3;32;EXTRACT;1;
90.85938;299;12.5165;-11.72783;3;31;EXTRACT;3;
91.05469;299;12.5165;-11.72783;3;30;EXTRACT;2;
91.23438;299;12.5165;-11.72783;3;29;EXTRACT;0;
91.39844;299;12.5165;-11.72783;3;28;EXTRACT;1;
92.85156;299;12.5165;-11.72783;3;27;EXTRACT;3;
93.04688;299;12.5165;-11.72783;3;26;EXTRACT;2;
93.21875;299;12.5165;-11.72783;3;25;EXTRACT;0;
93.41406;299;12.5165;-11.72783;3;24;EXTRACT;1;
94.84375;299;12.5165;-11.72783;3;23;EXTRACT;3;
95.04688;299;12.5165;-11.72783;3;22;EXTRACT;2;
95.20313;299;12.5165;-11.72783;3;21;EXTRACT;0;
95.40625;299;12.5165;-11.72783;3;20;EXTRACT;1;
96.85938;299;12.5165;-11.72783;3;19;EXTRACT;3;
97.02344;299;12.5165;-11.72783;3;18;EXTRACT;2;
97.25;299;12.5165;-11.72783;3;17;EXTRACT;0;
97.42188;299;12.5165;-11.72783;3;16;EXTRACT;1;
98.83594;299;12.5165;-11.72783;3;15;EXTRACT;3;
99.03906;299;12.5165;-11.72783;3;14;EXTRACT;2;
99.19531;299;12.5165;-11.72783;3;13;EXTRACT;0;
99.40625;299;12.5165;-11.72783;3;12;EXTRACT;1;
100.8359;299;12.5165;-11.72783;3;11;EXTRACT;3;
101.0469;299;12.5165;-11.72783;3;10;EXTRACT;2;
101.2109;299;12.5165;-11.72783;3;9;EXTRACT;0;
101.4063;299;12.5165;-11.72783;3;8;EXTRACT;1;
102.8516;299;12.5165;-11.72783;3;7;EXTRACT;3;
103.0547;299;12.5165;-11.72783;3;6;EXTRACT;2;
103.2109;299;12.5165;-11.72783;3;5;EXTRACT;0;
103.4141;299;12.5165;-11.72783;3;4;EXTRACT;1;
104.8672;299;12.5165;-11.72783;3;3;EXTRACT;3;
105.0234;299;12.5165;-11.72783;3;2;EXTRACT;2;
105.1875;299;12.5165;-11.72783;3;1;EXTRACT;0;
105.4219;299;12.5165;-11.72783;3;0;EXTRACT;1;
105.3984;299;12.5165;-11.72783;3;0;DESTROYED;;
105.4219;301;-33.09491;-1.984272;3;48;CREATED;;
134.7188;296;8.667843;26.11379;3;48;DISCOVER;0;
137.7031;296;8.667843;26.11379;3;47;EXTRACT;0;
139.7031;296;8.667843;26.11379;3;46;EXTRACT;0;
141.625;296;8.667843;26.11379;3;45;EXTRACT;0;
143.625;296;8.667843;26.11379;3;44;EXTRACT;0;
145.6328;296;8.667843;26.11379;3;43;EXTRACT;0;
147.6563;296;8.667843;26.11379;3;42;EXTRACT;0;
149.625;296;8.667843;26.11379;3;41;EXTRACT;0;
151.6563;296;8.667843;26.11379;3;40;EXTRACT;0;
153.6172;296;8.667843;26.11379;3;39;EXTRACT;0;
155.6328;296;8.667843;26.11379;3;38;EXTRACT;0;
157.6328;296;8.667843;26.11379;3;37;EXTRACT;0;
159.3594;296;8.667843;26.11379;3;37;DISCOVER;1;
159.6406;296;8.667843;26.11379;3;36;EXTRACT;0;
161.6484;296;8.667843;26.11379;3;35;EXTRACT;0;
162.2109;296;8.667843;26.11379;3;34;EXTRACT;1;
163.7109;296;8.667843;26.11379;3;33;EXTRACT;0;
164.1406;296;8.667843;26.11379;3;32;EXTRACT;1;
165.5859;296;8.667843;26.11379;3;31;EXTRACT;0;
166.1484;296;8.667843;26.11379;3;30;EXTRACT;1;
167.5859;296;8.667843;26.11379;3;29;EXTRACT;0;
168.1563;296;8.667843;26.11379;3;28;EXTRACT;1;
169.0781;296;8.667843;26.11379;3;28;DISCOVER;3;
169.6094;296;8.667843;26.11379;3;27;EXTRACT;0;
170.1719;296;8.667843;26.11379;3;26;EXTRACT;1;
171.6172;296;8.667843;26.11379;3;25;EXTRACT;0;
171.8984;296;8.667843;26.11379;3;24;EXTRACT;3;
172.1719;296;8.667843;26.11379;3;23;EXTRACT;1;
173.5859;296;8.667843;26.11379;3;22;EXTRACT;0;
173.8906;296;8.667843;26.11379;3;21;EXTRACT;3;
174.2109;296;8.667843;26.11379;3;20;EXTRACT;1;
175.5703;296;8.667843;26.11379;3;19;EXTRACT;0;
175.8984;296;8.667843;26.11379;3;18;EXTRACT;3;
176.1484;296;8.667843;26.11379;3;17;EXTRACT;1;
176.4219;296;8.667843;26.11379;3;17;DISCOVER;2;
177.5781;296;8.667843;26.11379;3;16;EXTRACT;0;
177.9766;296;8.667843;26.11379;3;15;EXTRACT;3;
178.1094;296;8.667843;26.11379;3;14;EXTRACT;1;
179.5703;296;8.667843;26.11379;3;13;EXTRACT;0;
179.7266;296;8.667843;26.11379;3;12;EXTRACT;2;
179.8672;296;8.667843;26.11379;3;11;EXTRACT;3;
180.125;296;8.667843;26.11379;3;10;EXTRACT;1;
181.5234;296;8.667843;26.11379;3;9;EXTRACT;0;
181.7266;296;8.667843;26.11379;3;8;EXTRACT;2;
181.8281;296;8.667843;26.11379;3;7;EXTRACT;3;
182.1484;296;8.667843;26.11379;3;6;EXTRACT;1;
183.5547;296;8.667843;26.11379;3;5;EXTRACT;0;
183.7188;296;8.667843;26.11379;3;4;EXTRACT;2;
183.8438;296;8.667843;26.11379;3;3;EXTRACT;3;
184.1563;296;8.667843;26.11379;3;2;EXTRACT;1;
185.5469;296;8.667843;26.11379;3;1;EXTRACT;0;
185.7031;296;8.667843;26.11379;3;0;EXTRACT;2;
185.6797;296;8.667843;26.11379;3;0;DESTROYED;;
185.7031;302;-3.374172;19.05525;3;48;CREATED;;
198.9219;302;-3.374172;19.05525;3;48;DISCOVER;1;
201.7266;302;-3.374172;19.05525;3;47;EXTRACT;1;
203.7344;302;-3.374172;19.05525;3;46;EXTRACT;1;
205.7656;302;-3.374172;19.05525;3;45;EXTRACT;1;
207.7422;302;-3.374172;19.05525;3;44;EXTRACT;1;
209.7656;302;-3.374172;19.05525;3;43;EXTRACT;1;
211.7578;302;-3.374172;19.05525;3;42;EXTRACT;1;
213.7344;302;-3.374172;19.05525;3;41;EXTRACT;1;
215.7266;302;-3.374172;19.05525;3;40;EXTRACT;1;
217.375;302;-3.374172;19.05525;3;40;DISCOVER;3;
217.7344;302;-3.374172;19.05525;3;39;EXTRACT;1;
218.375;302;-3.374172;19.05525;3;39;DISCOVER;2;
219.7344;302;-3.374172;19.05525;3;38;EXTRACT;1;
220.5;302;-3.374172;19.05525;3;37;EXTRACT;3;
221.2969;302;-3.374172;19.05525;3;36;EXTRACT;2;
221.7422;302;-3.374172;19.05525;3;35;EXTRACT;1;
222.5078;302;-3.374172;19.05525;3;34;EXTRACT;3;
223.3125;302;-3.374172;19.05525;3;33;EXTRACT;2;
223.75;302;-3.374172;19.05525;3;32;EXTRACT;1;
224.4844;302;-3.374172;19.05525;3;31;EXTRACT;3;
225.2891;302;-3.374172;19.05525;3;30;EXTRACT;2;
225.7266;302;-3.374172;19.05525;3;29;EXTRACT;1;
226.4844;302;-3.374172;19.05525;3;28;EXTRACT;3;
227.2891;302;-3.374172;19.05525;3;27;EXTRACT;2;
227.7344;302;-3.374172;19.05525;3;26;EXTRACT;1;
228.4922;302;-3.374172;19.05525;3;25;EXTRACT;3;
229.2969;302;-3.374172;19.05525;3;24;EXTRACT;2;
229.7422;302;-3.374172;19.05525;3;23;EXTRACT;1;
230.5;302;-3.374172;19.05525;3;22;EXTRACT;3;
231.3047;302;-3.374172;19.05525;3;21;EXTRACT;2;
231.7422;302;-3.374172;19.05525;3;20;EXTRACT;1;
232.5078;302;-3.374172;19.05525;3;19;EXTRACT;3;
233.3047;302;-3.374172;19.05525;3;18;EXTRACT;2;
233.75;302;-3.374172;19.05525;3;17;EXTRACT;1;
234.5156;302;-3.374172;19.05525;3;16;EXTRACT;3;
235.2734;302;-3.374172;19.05525;3;15;EXTRACT;2;
235.7578;302;-3.374172;19.05525;3;14;EXTRACT;1;
236.5234;302;-3.374172;19.05525;3;13;EXTRACT;3;
237.2891;302;-3.374172;19.05525;3;12;EXTRACT;2;
237.7266;302;-3.374172;19.05525;3;11;EXTRACT;1;
238.4922;302;-3.374172;19.05525;3;10;EXTRACT;3;
239.2969;302;-3.374172;19.05525;3;9;EXTRACT;2;
239.7344;302;-3.374172;19.05525;3;8;EXTRACT;1;
240.5;302;-3.374172;19.05525;3;7;EXTRACT;3;
241.2969;302;-3.374172;19.05525;3;6;EXTRACT;2;
241.7422;302;-3.374172;19.05525;3;5;EXTRACT;1;
242.5;302;-3.374172;19.05525;3;4;EXTRACT;3;
243.3047;302;-3.374172;19.05525;3;3;EXTRACT;2;
243.75;302;-3.374172;19.05525;3;2;EXTRACT;1;
244.5078;302;-3.374172;19.05525;3;1;EXTRACT;3;
245.3125;302;-3.374172;19.05525;3;0;EXTRACT;2;
245.2813;302;-3.374172;19.05525;3;0;DESTROYED;;
245.3125;303;-36.90771;-31.94292;3;48;CREATED;;
292.2266;303;-36.90771;-31.94292;3;48;DISCOVER;0;
295.2891;303;-36.90771;-31.94292;3;47;EXTRACT;0;
297.3125;303;-36.90771;-31.94292;3;46;EXTRACT;0;
299.2891;303;-36.90771;-31.94292;3;45;EXTRACT;0;
301.3125;303;-36.90771;-31.94292;3;44;EXTRACT;0;
302.1172;303;-36.90771;-31.94292;3;44;DISCOVER;1;
303.2891;303;-36.90771;-31.94292;3;43;EXTRACT;0;
304.5703;303;-36.90771;-31.94292;3;42;EXTRACT;1;
305.3047;303;-36.90771;-31.94292;3;41;EXTRACT;0;
306.5859;303;-36.90771;-31.94292;3;40;EXTRACT;1;
307.2891;303;-36.90771;-31.94292;3;39;EXTRACT;0;
308.625;303;-36.90771;-31.94292;3;38;EXTRACT;1;
309.2891;303;-36.90771;-31.94292;3;37;EXTRACT;0;
310.5781;303;-36.90771;-31.94292;3;36;EXTRACT;1;
311.2969;303;-36.90771;-31.94292;3;35;EXTRACT;0;
312.5938;303;-36.90771;-31.94292;3;34;EXTRACT;1;
313.2969;303;-36.90771;-31.94292;3;33;EXTRACT;0;
313.8281;303;-36.90771;-31.94292;3;33;DISCOVER;2;
314.5938;303;-36.90771;-31.94292;3;32;EXTRACT;1;
315.3125;303;-36.90771;-31.94292;3;31;EXTRACT;0;
316.5625;303;-36.90771;-31.94292;3;30;EXTRACT;1;
316.7656;303;-36.90771;-31.94292;3;29;EXTRACT;2;
317.2813;303;-36.90771;-31.94292;3;28;EXTRACT;0;
318.6016;303;-36.90771;-31.94292;3;27;EXTRACT;1;
318.7578;303;-36.90771;-31.94292;3;26;EXTRACT;2;
319.2813;303;-36.90771;-31.94292;3;25;EXTRACT;0;
319.9609;303;-36.90771;-31.94292;3;25;DISCOVER;3;
320.6016;303;-36.90771;-31.94292;3;24;EXTRACT;1;
320.7578;303;-36.90771;-31.94292;3;23;EXTRACT;2;
321.2813;303;-36.90771;-31.94292;3;22;EXTRACT;0;
322.5625;303;-36.90771;-31.94292;3;21;EXTRACT;1;
322.7656;303;-36.90771;-31.94292;3;20;EXTRACT;2;
322.8828;303;-36.90771;-31.94292;3;19;EXTRACT;3;
323.2891;303;-36.90771;-31.94292;3;18;EXTRACT;0;
324.5703;303;-36.90771;-31.94292;3;17;EXTRACT;1;
324.7266;303;-36.90771;-31.94292;3;16;EXTRACT;2;
324.8906;303;-36.90771;-31.94292;3;15;EXTRACT;3;
325.2891;303;-36.90771;-31.94292;3;14;EXTRACT;0;
326.6094;303;-36.90771;-31.94292;3;13;EXTRACT;1;
326.7266;303;-36.90771;-31.94292;3;12;EXTRACT;2;
326.8906;303;-36.90771;-31.94292;3;11;EXTRACT;3;
327.2891;303;-36.90771;-31.94292;3;10;EXTRACT;0;
328.6172;303;-36.90771;-31.94292;3;9;EXTRACT;1;
328.8047;303;-36.90771;-31.94292;3;8;EXTRACT;2;
328.8828;303;-36.90771;-31.94292;3;7;EXTRACT;3;
329.2891;303;-36.90771;-31.94292;3;6;EXTRACT;0;
330.5781;303;-36.90771;-31.94292;3;5;EXTRACT;1;
330.7422;303;-36.90771;-31.94292;3;4;EXTRACT;2;
330.8594;303;-36.90771;-31.94292;3;3;EXTRACT;3;
331.2578;303;-36.90771;-31.94292;3;2;EXTRACT;0;
332.5781;303;-36.90771;-31.94292;3;1;EXTRACT;1;
332.7422;303;-36.90771;-31.94292;3;0;EXTRACT;2;
332.7188;303;-36.90771;-31.94292;3;0;DESTROYED;;
332.7422;304;-36.50979;-34.50043;3;48;CREATED;;
336.3281;304;-36.50979;-34.50043;3;48;DISCOVER;1;
337.3281;304;-36.50979;-34.50043;3;48;DISCOVER;0;
337.4063;304;-36.50979;-34.50043;3;48;DISCOVER;2;
339.4922;304;-36.50979;-34.50043;3;47;EXTRACT;1;
340.375;304;-36.50979;-34.50043;3;46;EXTRACT;0;
341.0703;304;-36.50979;-34.50043;3;45;EXTRACT;2;
341.5078;304;-36.50979;-34.50043;3;44;EXTRACT;1;
342.3672;304;-36.50979;-34.50043;3;43;EXTRACT;0;
343.0469;304;-36.50979;-34.50043;3;42;EXTRACT;2;
343.5078;304;-36.50979;-34.50043;3;41;EXTRACT;1;
344.3906;304;-36.50979;-34.50043;3;40;EXTRACT;0;
345.0547;304;-36.50979;-34.50043;3;39;EXTRACT;2;
345.4922;304;-36.50979;-34.50043;3;38;EXTRACT;1;
346.3828;304;-36.50979;-34.50043;3;37;EXTRACT;0;
347.0703;304;-36.50979;-34.50043;3;36;EXTRACT;2;
347.5156;304;-36.50979;-34.50043;3;35;EXTRACT;1;
348.4063;304;-36.50979;-34.50043;3;34;EXTRACT;0;
349.0625;304;-36.50979;-34.50043;3;33;EXTRACT;2;
349.5234;304;-36.50979;-34.50043;3;32;EXTRACT;1;
350.3516;304;-36.50979;-34.50043;3;31;EXTRACT;0;
351.0234;304;-36.50979;-34.50043;3;30;EXTRACT;2;
351.4609;304;-36.50979;-34.50043;3;29;EXTRACT;1;
352.3438;304;-36.50979;-34.50043;3;28;EXTRACT;0;
353.0234;304;-36.50979;-34.50043;3;27;EXTRACT;2;
353.5;304;-36.50979;-34.50043;3;26;EXTRACT;1;
354.3516;304;-36.50979;-34.50043;3;25;EXTRACT;0;
355.0391;304;-36.50979;-34.50043;3;24;EXTRACT;2;
355.4844;304;-36.50979;-34.50043;3;23;EXTRACT;1;
356.3672;304;-36.50979;-34.50043;3;22;EXTRACT;0;
357.0469;304;-36.50979;-34.50043;3;21;EXTRACT;2;
357.3672;304;-36.50979;-34.50043;3;21;DISCOVER;3;
357.4922;304;-36.50979;-34.50043;3;20;EXTRACT;1;
358.3281;304;-36.50979;-34.50043;3;19;EXTRACT;0;
359.0156;304;-36.50979;-34.50043;3;18;EXTRACT;2;
359.4922;304;-36.50979;-34.50043;3;17;EXTRACT;1;
360.0547;304;-36.50979;-34.50043;3;16;EXTRACT;3;
360.3359;304;-36.50979;-34.50043;3;15;EXTRACT;0;
361.0156;304;-36.50979;-34.50043;3;14;EXTRACT;2;
361.4922;304;-36.50979;-34.50043;3;13;EXTRACT;1;
362.0547;304;-36.50979;-34.50043;3;12;EXTRACT;3;
362.3359;304;-36.50979;-34.50043;3;11;EXTRACT;0;
363.0156;304;-36.50979;-34.50043;3;10;EXTRACT;2;
363.5;304;-36.50979;-34.50043;3;9;EXTRACT;1;
364.0625;304;-36.50979;-34.50043;3;8;EXTRACT;3;
364.3359;304;-36.50979;-34.50043;3;7;EXTRACT;0;
365.0234;304;-36.50979;-34.50043;3;6;EXTRACT;2;
365.5;304;-36.50979;-34.50043;3;5;EXTRACT;1;
366.0625;304;-36.50979;-34.50043;3;4;EXTRACT;3;
366.3438;304;-36.50979;-34.50043;3;3;EXTRACT;0;
367.0234;304;-36.50979;-34.50043;3;2;EXTRACT;2;
367.4609;304;-36.50979;-34.50043;3;1;EXTRACT;1;
368.0625;304;-36.50979;-34.50043;3;0;EXTRACT;3;
368.0391;304;-36.50979;-34.50043;3;0;DESTROYED;;
368.0625;305;37.53077;27.64272;3;48;CREATED;;
393.5625;300;-13.41029;-40.49252;3;48;DISCOVER;2;
396.6563;300;-13.41029;-40.49252;3;47;EXTRACT;2;
398.6797;300;-13.41029;-40.49252;3;46;EXTRACT;2;
400.6641;300;-13.41029;-40.49252;3;45;EXTRACT;2;
402.6719;300;-13.41029;-40.49252;3;44;EXTRACT;2;
404.6797;300;-13.41029;-40.49252;3;43;EXTRACT;2;
406.6641;300;-13.41029;-40.49252;3;42;EXTRACT;2;
408.6641;300;-13.41029;-40.49252;3;41;EXTRACT;2;
410.6641;300;-13.41029;-40.49252;3;40;EXTRACT;2;
412.6719;300;-13.41029;-40.49252;3;40;DISCOVER;3;
412.6719;300;-13.41029;-40.49252;3;39;EXTRACT;2;
414.6797;300;-13.41029;-40.49252;3;38;EXTRACT;2;
415.6016;300;-13.41029;-40.49252;3;37;EXTRACT;3;
416.6797;300;-13.41029;-40.49252;3;36;EXTRACT;2;
417.6016;300;-13.41029;-40.49252;3;35;EXTRACT;3;
418.6484;300;-13.41029;-40.49252;3;34;EXTRACT;2;
419.5781;300;-13.41029;-40.49252;3;33;EXTRACT;3;
420.6641;300;-13.41029;-40.49252;3;32;EXTRACT;2;
421.5859;300;-13.41029;-40.49252;3;31;EXTRACT;3;
422.6641;300;-13.41029;-40.49252;3;30;EXTRACT;2;
423.5859;300;-13.41029;-40.49252;3;29;EXTRACT;3;
424.6719;300;-13.41029;-40.49252;3;28;EXTRACT;2;
425.5938;300;-13.41029;-40.49252;3;27;EXTRACT;3;
426.6797;300;-13.41029;-40.49252;3;26;EXTRACT;2;
427.6016;300;-13.41029;-40.49252;3;25;EXTRACT;3;
428.6797;300;-13.41029;-40.49252;3;24;EXTRACT;2;
429.5781;300;-13.41029;-40.49252;3;23;EXTRACT;3;
430.6641;300;-13.41029;-40.49252;3;22;EXTRACT;2;
431.5859;300;-13.41029;-40.49252;3;21;EXTRACT;3;
432.6641;300;-13.41029;-40.49252;3;20;EXTRACT;2;
433.6094;300;-13.41029;-40.49252;3;19;EXTRACT;3;
434.6797;300;-13.41029;-40.49252;3;18;EXTRACT;2;
435.5781;300;-13.41029;-40.49252;3;17;EXTRACT;3;
436.6719;300;-13.41029;-40.49252;3;16;EXTRACT;2;
437.6016;300;-13.41029;-40.49252;3;15;EXTRACT;3;
438.6719;300;-13.41029;-40.49252;3;14;EXTRACT;2;
439.5781;300;-13.41029;-40.49252;3;13;EXTRACT;3;
440.6563;300;-13.41029;-40.49252;3;12;EXTRACT;2;
441.6016;300;-13.41029;-40.49252;3;11;EXTRACT;3;
442.6484;300;-13.41029;-40.49252;3;10;EXTRACT;2;
443.5859;300;-13.41029;-40.49252;3;9;EXTRACT;3;
444.6797;300;-13.41029;-40.49252;3;8;EXTRACT;2;
445.6016;300;-13.41029;-40.49252;3;7;EXTRACT;3;
446.6875;300;-13.41029;-40.49252;3;6;EXTRACT;2;
447.6094;300;-13.41029;-40.49252;3;5;EXTRACT;3;
448.1328;300;-13.41029;-40.49252;3;5;DISCOVER;0;
448.6563;300;-13.41029;-40.49252;3;4;EXTRACT;2;
449.5781;300;-13.41029;-40.49252;3;3;EXTRACT;3;
450.6563;300;-13.41029;-40.49252;3;2;EXTRACT;2;
450.8359;300;-13.41029;-40.49252;3;1;EXTRACT;0;
451.5938;300;-13.41029;-40.49252;3;0;EXTRACT;3;
451.5625;300;-13.41029;-40.49252;3;0;DESTROYED;;
451.5938;306;19.03992;38.72617;3;48;CREATED;;
467.4141;297;-3.810589;-31.05681;3;48;DISCOVER;3;
470.6094;297;-3.810589;-31.05681;3;47;EXTRACT;3;
472.4297;297;-3.810589;-31.05681;3;47;DISCOVER;2;
472.6328;297;-3.810589;-31.05681;3;46;EXTRACT;3;
474.5781;297;-3.810589;-31.05681;3;45;EXTRACT;3;
475.4609;297;-3.810589;-31.05681;3;44;EXTRACT;2;
476.6094;297;-3.810589;-31.05681;3;43;EXTRACT;3;
477.4531;297;-3.810589;-31.05681;3;42;EXTRACT;2;
478.5938;297;-3.810589;-31.05681;3;41;EXTRACT;3;
479.4609;297;-3.810589;-31.05681;3;40;EXTRACT;2;
480.6094;297;-3.810589;-31.05681;3;39;EXTRACT;3;
481.4297;297;-3.810589;-31.05681;3;38;EXTRACT;2;
482.6094;297;-3.810589;-31.05681;3;37;EXTRACT;3;
483.4375;297;-3.810589;-31.05681;3;36;EXTRACT;2;
484.6016;297;-3.810589;-31.05681;3;35;EXTRACT;3;
485.4531;297;-3.810589;-31.05681;3;34;EXTRACT;2;
486.5781;297;-3.810589;-31.05681;3;33;EXTRACT;3;
487.4609;297;-3.810589;-31.05681;3;32;EXTRACT;2;
488.5859;297;-3.810589;-31.05681;3;31;EXTRACT;3;
489.4688;297;-3.810589;-31.05681;3;30;EXTRACT;2;
490.5938;297;-3.810589;-31.05681;3;29;EXTRACT;3;
491.4375;297;-3.810589;-31.05681;3;28;EXTRACT;2;
492.5781;297;-3.810589;-31.05681;3;27;EXTRACT;3;
493.4609;297;-3.810589;-31.05681;3;26;EXTRACT;2;
494.6094;297;-3.810589;-31.05681;3;25;EXTRACT;3;
495.4531;297;-3.810589;-31.05681;3;24;EXTRACT;2;
496.5938;297;-3.810589;-31.05681;3;23;EXTRACT;3;
497.4688;297;-3.810589;-31.05681;3;22;EXTRACT;2;
498.5859;297;-3.810589;-31.05681;3;21;EXTRACT;3;
499.4531;297;-3.810589;-31.05681;3;20;EXTRACT;2;
500.625;297;-3.810589;-31.05681;3;19;EXTRACT;3;
501.4531;297;-3.810589;-31.05681;3;18;EXTRACT;2;
502.6016;297;-3.810589;-31.05681;3;17;EXTRACT;3;
503.4375;297;-3.810589;-31.05681;3;16;EXTRACT;2;
504.5938;297;-3.810589;-31.05681;3;15;EXTRACT;3;
505.4297;297;-3.810589;-31.05681;3;14;EXTRACT;2;
506.6016;297;-3.810589;-31.05681;3;13;EXTRACT;3;
507.4375;297;-3.810589;-31.05681;3;12;EXTRACT;2;
508.6094;297;-3.810589;-31.05681;3;11;EXTRACT;3;
509.4531;297;-3.810589;-31.05681;3;10;EXTRACT;2;
510.5781;297;-3.810589;-31.05681;3;9;EXTRACT;3;
511.4609;297;-3.810589;-31.05681;3;8;EXTRACT;2;
512.5859;297;-3.810589;-31.05681;3;7;EXTRACT;3;
513.4688;297;-3.810589;-31.05681;3;6;EXTRACT;2;
514.6094;297;-3.810589;-31.05681;3;5;EXTRACT;3;
515.4609;297;-3.810589;-31.05681;3;4;EXTRACT;2;
516.5859;297;-3.810589;-31.05681;3;3;EXTRACT;3;
517.4688;297;-3.810589;-31.05681;3;2;EXTRACT;2;
518.6172;297;-3.810589;-31.05681;3;1;EXTRACT;3;
519.4609;297;-3.810589;-31.05681;3;0;EXTRACT;2;
519.4375;297;-3.810589;-31.05681;3;0;DESTROYED;;
519.4609;307;18.89428;-26.87816;3;48;CREATED;;
535.9297;307;18.89428;-26.87816;3;48;DISCOVER;3;
538.8203;307;18.89428;-26.87816;3;47;EXTRACT;3;
540.8281;307;18.89428;-26.87816;3;46;EXTRACT;3;
542.7969;307;18.89428;-26.87816;3;45;EXTRACT;3;
544.8047;307;18.89428;-26.87816;3;44;EXTRACT;3;
546.8125;307;18.89428;-26.87816;3;43;EXTRACT;3;
548.1328;307;18.89428;-26.87816;3;43;DISCOVER;0;
548.8203;307;18.89428;-26.87816;3;42;EXTRACT;3;
549.9453;307;18.89428;-26.87816;3;42;DISCOVER;1;
549.9844;307;18.89428;-26.87816;3;42;DISCOVER;2;
550.8281;307;18.89428;-26.87816;3;41;EXTRACT;3;
551.0234;307;18.89428;-26.87816;3;40;EXTRACT;0;
552.5859;307;18.89428;-26.87816;3;39;EXTRACT;1;
552.8281;307;18.89428;-26.87816;3;38;EXTRACT;3;
553.0313;307;18.89428;-26.87816;3;37;EXTRACT;0;
553.2266;307;18.89428;-26.87816;3;36;EXTRACT;2;
554.5938;307;18.89428;-26.87816;3;35;EXTRACT;1;
554.7969;307;18.89428;-26.87816;3;34;EXTRACT;3;
555.0313;307;18.89428;-26.87816;3;33;EXTRACT;0;
555.2344;307;18.89428;-26.87816;3;32;EXTRACT;2;
556.5703;307;18.89428;-26.87816;3;31;EXTRACT;1;
556.8125;307;18.89428;-26.87816;3;30;EXTRACT;3;
557.0156;307;18.89428;-26.87816;3;29;EXTRACT;0;
557.2188;307;18.89428;-26.87816;3;28;EXTRACT;2;
558.5859;307;18.89428;-26.87816;3;27;EXTRACT;1;
558.8281;307;18.89428;-26.87816;3;26;EXTRACT;3;
559.0234;307;18.89428;-26.87816;3;25;EXTRACT;0;
559.2266;307;18.89428;-26.87816;3;24;EXTRACT;2;
560.5938;307;18.89428;-26.87816;3;23;EXTRACT;1;
560.8281;307;18.89428;-26.87816;3;22;EXTRACT;3;
561.0313;307;18.89428;-26.87816;3;21;EXTRACT;0;
561.2266;307;18.89428;-26.87816;3;20;EXTRACT;2;
562.5938;307;18.89428;-26.87816;3;19;EXTRACT;1;
562.8281;307;18.89428;-26.87816;3;18;EXTRACT;3;
563;307;18.89428;-26.87816;3;17;EXTRACT;0;
563.2031;307;18.89428;-26.87816;3;16;EXTRACT;2;
564.625;307;18.89428;-26.87816;3;15;EXTRACT;1;
564.9219;307;18.89428;-26.87816;3;14;EXTRACT;3;
565.0078;307;18.89428;-26.87816;3;13;EXTRACT;0;
565.2031;307;18.89428;-26.87816;3;12;EXTRACT;2;
566.6406;307;18.89428;-26.87816;3;11;EXTRACT;1;
566.8672;307;18.89428;-26.87816;3;10;EXTRACT;3;
567.0313;307;18.89428;-26.87816;3;9;EXTRACT;0;
567.2266;307;18.89428;-26.87816;3;8;EXTRACT;2;
568.5234;307;18.89428;-26.87816;3;7;EXTRACT;1;
568.7266;307;18.89428;-26.87816;3;6;EXTRACT;3;
568.9609;307;18.89428;-26.87816;3;5;EXTRACT;0;
569.1953;307;18.89428;-26.87816;3;4;EXTRACT;2;
570.5078;307;18.89428;-26.87816;3;3;EXTRACT;3;
570.5078;307;18.89428;-26.87816;3;2;EXTRACT;1;
570.6641;307;18.89428;-26.87816;3;1;EXTRACT;0;
570.8203;307;18.89428;-26.87816;3;0;EXTRACT;2;
570.6797;307;18.89428;-26.87816;3;0;DESTROYED;;
570.8203;308;-25.35318;-22.04162;3;48;CREATED;;
621.8672;305;37.53077;27.64272;3;48;DISCOVER;0;
624.9766;305;37.53077;27.64272;3;47;EXTRACT;0;
626.9531;305;37.53077;27.64272;3;46;EXTRACT;0;
628.9609;305;37.53077;27.64272;3;45;EXTRACT;0;
630.9375;305;37.53077;27.64272;3;44;EXTRACT;0;
632.3281;305;37.53077;27.64272;3;44;DISCOVER;3;
632.9453;305;37.53077;27.64272;3;43;EXTRACT;0;
634.9453;305;37.53077;27.64272;3;42;EXTRACT;0;
635.2344;305;37.53077;27.64272;3;41;EXTRACT;3;
636.9766;305;37.53077;27.64272;3;40;EXTRACT;0;
637.2266;305;37.53077;27.64272;3;39;EXTRACT;3;
638.0781;305;37.53077;27.64272;3;39;DISCOVER;2;
638.3984;305;37.53077;27.64272;3;39;DISCOVER;1;
638.9219;305;37.53077;27.64272;3;38;EXTRACT;0;
639.2422;305;37.53077;27.64272;3;37;EXTRACT;3;
640.9297;305;37.53077;27.64272;3;36;EXTRACT;0;
641.25;305;37.53077;27.64272;3;35;EXTRACT;3;
641.2891;305;37.53077;27.64272;3;34;EXTRACT;2;
641.2891;305;37.53077;27.64272;3;33;EXTRACT;1;
642.9297;305;37.53077;27.64272;3;32;EXTRACT;0;
643.25;305;37.53077;27.64272;3;31;EXTRACT;3;
643.2891;305;37.53077;27.64272;3;30;EXTRACT;2;
643.2891;305;37.53077;27.64272;3;29;EXTRACT;1;
644.9297;305;37.53077;27.64272;3;28;EXTRACT;0;
645.2109;305;37.53077;27.64272;3;27;EXTRACT;3;
645.2891;305;37.53077;27.64272;3;26;EXTRACT;2;
645.2891;305;37.53077;27.64272;3;25;EXTRACT;1;
646.9375;305;37.53077;27.64272;3;24;EXTRACT;0;
647.2188;305;37.53077;27.64272;3;23;EXTRACT;3;
647.2578;305;37.53077;27.64272;3;22;EXTRACT;2;
647.2969;305;37.53077;27.64272;3;21;EXTRACT;1;
648.9375;305;37.53077;27.64272;3;20;EXTRACT;0;
649.2188;305;37.53077;27.64272;3;19;EXTRACT;3;
649.2656;305;37.53077;27.64272;3;18;EXTRACT;2;
649.3047;305;37.53077;27.64272;3;17;EXTRACT;1;
650.9453;305;37.53077;27.64272;3;16;EXTRACT;0;
651.2266;305;37.53077;27.64272;3;15;EXTRACT;3;
651.2656;305;37.53077;27.64272;3;14;EXTRACT;2;
651.3047;305;37.53077;27.64272;3;13;EXTRACT;1;
652.9063;305;37.53077;27.64272;3;12;EXTRACT;0;
653.2266;305;37.53077;27.64272;3;11;EXTRACT;3;
653.2734;305;37.53077;27.64272;3;10;EXTRACT;2;
653.3125;305;37.53077;27.64272;3;9;EXTRACT;1;
654.9219;305;37.53077;27.64272;3;8;EXTRACT;0;
655.2422;305;37.53077;27.64272;3;7;EXTRACT;3;
655.2813;305;37.53077;27.64272;3;6;EXTRACT;2;
655.3203;305;37.53077;27.64272;3;5;EXTRACT;1;
656.9219;305;37.53077;27.64272;3;4;EXTRACT;0;
657.2422;305;37.53077;27.64272;3;3;EXTRACT;3;
657.2813;305;37.53077;27.64272;3;2;EXTRACT;2;
657.2813;305;37.53077;27.64272;3;1;EXTRACT;1;
658.9297;305;37.53077;27.64272;3;0;EXTRACT;0;
658.9219;305;37.53077;27.64272;3;0;DESTROYED;;
658.9297;309;24.82359;-37.95499;3;48;CREATED;;
674.5;306;19.03992;38.72617;3;48;DISCOVER;3;
677.4297;306;19.03992;38.72617;3;47;EXTRACT;3;
679.4375;306;19.03992;38.72617;3;46;EXTRACT;3;
681.4453;306;19.03992;38.72617;3;45;EXTRACT;3;
683.4531;306;19.03992;38.72617;3;44;EXTRACT;3;
684.3828;306;19.03992;38.72617;3;44;DISCOVER;2;
684.7422;306;19.03992;38.72617;3;44;DISCOVER;1;
685.4609;306;19.03992;38.72617;3;43;EXTRACT;3;
687.3047;306;19.03992;38.72617;3;42;EXTRACT;2;
687.4688;306;19.03992;38.72617;3;41;EXTRACT;3;
687.4688;306;19.03992;38.72617;3;40;EXTRACT;1;
689.3125;306;19.03992;38.72617;3;39;EXTRACT;2;
689.4297;306;19.03992;38.72617;3;38;EXTRACT;3;
689.4688;306;19.03992;38.72617;3;37;EXTRACT;1;
691.3203;306;19.03992;38.72617;3;36;EXTRACT;2;
691.4375;306;19.03992;38.72617;3;35;EXTRACT;3;
691.4375;306;19.03992;38.72617;3;34;EXTRACT;1;
691.7969;306;19.03992;38.72617;3;34;DISCOVER;0;
693.3203;306;19.03992;38.72617;3;33;EXTRACT;2;
693.4375;306;19.03992;38.72617;3;32;EXTRACT;3;
693.4375;306;19.03992;38.72617;3;31;EXTRACT;1;
694.7891;306;19.03992;38.72617;3;30;EXTRACT;0;
695.3281;306;19.03992;38.72617;3;29;EXTRACT;2;
695.4844;306;19.03992;38.72617;3;28;EXTRACT;3;
695.4844;306;19.03992;38.72617;3;27;EXTRACT;1;
696.7813;306;19.03992;38.72617;3;26;EXTRACT;0;
697.3438;306;19.03992;38.72617;3;25;EXTRACT;2;
697.4609;306;19.03992;38.72617;3;24;EXTRACT;3;
697.4609;306;19.03992;38.72617;3;23;EXTRACT;1;
698.8359;306;19.03992;38.72617;3;22;EXTRACT;0;
699.3203;306;19.03992;38.72617;3;21;EXTRACT;2;
699.4453;306;19.03992;38.72617;3;20;EXTRACT;3;
699.4453;306;19.03992;38.72617;3;19;EXTRACT;1;
700.8047;306;19.03992;38.72617;3;18;EXTRACT;0;
701.3281;306;19.03992;38.72617;3;17;EXTRACT;2;
701.4453;306;19.03992;38.72617;3;16;EXTRACT;3;
701.4453;306;19.03992;38.72617;3;15;EXTRACT;1;
702.8125;306;19.03992;38.72617;3;14;EXTRACT;0;
703.3125;306;19.03992;38.72617;3;13;EXTRACT;2;
703.4375;306;19.03992;38.72617;3;12;EXTRACT;3;
703.4766;306;19.03992;38.72617;3;11;EXTRACT;1;
704.8203;306;19.03992;38.72617;3;10;EXTRACT;0;
705.3359;306;19.03992;38.72617;3;9;EXTRACT;2;
705.4609;306;19.03992;38.72617;3;8;EXTRACT;3;
705.4609;306;19.03992;38.72617;3;7;EXTRACT;1;
706.8203;306;19.03992;38.72617;3;6;EXTRACT;0;
707.3438;306;19.03992;38.72617;3;5;EXTRACT;2;
707.4609;306;19.03992;38.72617;3;4;EXTRACT;3;
707.4609;306;19.03992;38.72617;3;3;EXTRACT;1;
708.8281;306;19.03992;38.72617;3;2;EXTRACT;0;
709.3438;306;19.03992;38.72617;3;1;EXTRACT;2;
709.4688;306;19.03992;38.72617;3;0;EXTRACT;3;
709.4375;306;19.03992;38.72617;3;0;DESTROYED;;
709.4688;310;-12.02228;-39.80925;3;48;CREATED;;
