Time;PatchID;PositionX;PositionZ;Radius;CoinAmount;PatchEvent;TriggerPlayer;
0;118;2.40601;-33.34354;3;16;CREATED;;
0;119;-15.94191;22.61108;3;16;CREATED;;
0;120;-14.48083;40.51366;3;16;CREATED;;
0;121;-16.93124;-37.54445;3;16;CREATED;;
0;122;15.30962;-36.35358;3;16;CREATED;;
0;123;-39.78788;12.4842;3;16;CREATED;;
0;124;25.71042;3.626106;3;16;CREATED;;
0;125;30.92168;32.81963;3;16;CREATED;;
0;126;-15.59819;6.455536;3;16;CREATED;;
0;127;-41.48243;-42.44729;3;16;CREATED;;
0;128;-25.25365;7.706451;3;16;CREATED;;
0;129;19.61892;28.14899;3;16;CREATED;;
0;130;38.52638;13.35406;3;16;CREATED;;
0;131;35.46216;24.73985;3;16;CREATED;;
0;132;-9.537586;-27.16732;3;16;CREATED;;
6.84375;127;-41.48243;-42.44729;3;16;DISCOVER;3;
7.164063;125;30.92168;32.81963;3;16;DISCOVER;1;
9.8125;127;-41.48243;-42.44729;3;15;EXTRACT;3;
10.375;125;30.92168;32.81963;3;15;EXTRACT;1;
11.77344;127;-41.48243;-42.44729;3;14;EXTRACT;3;
12.375;125;30.92168;32.81963;3;14;EXTRACT;1;
13.78125;127;-41.48243;-42.44729;3;13;EXTRACT;3;
14.38281;125;30.92168;32.81963;3;13;EXTRACT;1;
15.78125;127;-41.48243;-42.44729;3;12;EXTRACT;3;
16.34375;125;30.92168;32.81963;3;12;EXTRACT;1;
17.78906;127;-41.48243;-42.44729;3;11;EXTRACT;3;
18.35156;125;30.92168;32.81963;3;11;EXTRACT;1;
19.79688;127;-41.48243;-42.44729;3;10;EXTRACT;3;
20.39844;125;30.92168;32.81963;3;10;EXTRACT;1;
21.79688;127;-41.48243;-42.44729;3;9;EXTRACT;3;
22.39844;125;30.92168;32.81963;3;9;EXTRACT;1;
23.20313;129;19.61892;28.14899;3;16;DISCOVER;0;
23.80469;127;-41.48243;-42.44729;3;8;EXTRACT;3;
24.40625;125;30.92168;32.81963;3;8;EXTRACT;1;
25.77344;127;-41.48243;-42.44729;3;7;EXTRACT;3;
26.13281;129;19.61892;28.14899;3;15;EXTRACT;0;
26.41406;125;30.92168;32.81963;3;7;EXTRACT;1;
27.77344;127;-41.48243;-42.44729;3;6;EXTRACT;3;
28.13281;129;19.61892;28.14899;3;14;EXTRACT;0;
28.41406;125;30.92168;32.81963;3;6;EXTRACT;1;
29.77344;127;-41.48243;-42.44729;3;5;EXTRACT;3;
30.14063;129;19.61892;28.14899;3;13;EXTRACT;0;
30.42188;125;30.92168;32.81963;3;5;EXTRACT;1;
31.78125;129;19.61892;28.14899;3;13;DISCOVER;2;
31.78125;127;-41.48243;-42.44729;3;4;EXTRACT;3;
32.14063;129;19.61892;28.14899;3;12;EXTRACT;0;
32.38281;125;30.92168;32.81963;3;4;EXTRACT;1;
33.78125;127;-41.48243;-42.44729;3;3;EXTRACT;3;
34.14844;129;19.61892;28.14899;3;11;EXTRACT;0;
34.38281;125;30.92168;32.81963;3;3;EXTRACT;1;
35.66406;129;19.61892;28.14899;3;10;EXTRACT;2;
35.78906;127;-41.48243;-42.44729;3;2;EXTRACT;3;
36.14844;129;19.61892;28.14899;3;9;EXTRACT;0;
36.38281;125;30.92168;32.81963;3;2;EXTRACT;1;
37.66406;129;19.61892;28.14899;3;8;EXTRACT;2;
37.78906;127;-41.48243;-42.44729;3;1;EXTRACT;3;
38.14844;129;19.61892;28.14899;3;7;EXTRACT;0;
38.39063;125;30.92168;32.81963;3;1;EXTRACT;1;
39.67188;129;19.61892;28.14899;3;6;EXTRACT;2;
39.78906;127;-41.48243;-42.44729;3;0;EXTRACT;3;
39.75781;127;-41.48243;-42.44729;3;0;DESTROYED;;
39.78906;133;27.55649;-6.666283;3;16;CREATED;;
40.14844;129;19.61892;28.14899;3;5;EXTRACT;0;
40.39063;125;30.92168;32.81963;3;0;EXTRACT;1;
40.35938;125;30.92168;32.81963;3;0;DESTROYED;;
40.39063;134;38.62416;-24.51157;3;16;CREATED;;
41.67188;129;19.61892;28.14899;3;4;EXTRACT;2;
42.11719;129;19.61892;28.14899;3;3;EXTRACT;0;
43.6875;129;19.61892;28.14899;3;2;EXTRACT;2;
44.125;129;19.61892;28.14899;3;1;EXTRACT;0;
45.6875;129;19.61892;28.14899;3;0;EXTRACT;2;
45.67969;129;19.61892;28.14899;3;0;DESTROYED;;
45.6875;135;23.82639;-21.83347;3;16;CREATED;;
59.33594;124;25.71042;3.626106;3;16;DISCOVER;1;
62.22656;124;25.71042;3.626106;3;15;EXTRACT;1;
64.23438;124;25.71042;3.626106;3;14;EXTRACT;1;
66.21094;124;25.71042;3.626106;3;13;EXTRACT;1;
68.21875;124;25.71042;3.626106;3;12;EXTRACT;1;
70.23438;124;25.71042;3.626106;3;11;EXTRACT;1;
72.20313;124;25.71042;3.626106;3;10;EXTRACT;1;
72.35938;124;25.71042;3.626106;3;10;DISCOVER;0;
73.44531;126;-15.59819;6.455536;3;16;DISCOVER;2;
74.21094;124;25.71042;3.626106;3;9;EXTRACT;1;
74.92969;124;25.71042;3.626106;3;8;EXTRACT;0;
76.21094;124;25.71042;3.626106;3;7;EXTRACT;1;
76.9375;124;25.71042;3.626106;3;6;EXTRACT;0;
77.01563;126;-15.59819;6.455536;3;15;EXTRACT;2;
78.22656;124;25.71042;3.626106;3;5;EXTRACT;1;
78.90625;124;25.71042;3.626106;3;4;EXTRACT;0;
79.02344;126;-15.59819;6.455536;3;14;EXTRACT;2;
80.22656;124;25.71042;3.626106;3;3;EXTRACT;1;
80.91406;124;25.71042;3.626106;3;2;EXTRACT;0;
81.03125;126;-15.59819;6.455536;3;13;EXTRACT;2;
82.23438;124;25.71042;3.626106;3;1;EXTRACT;1;
82.91406;124;25.71042;3.626106;3;0;EXTRACT;0;
82.88281;124;25.71042;3.626106;3;0;DESTROYED;;
82.91406;136;40.4538;30.82463;3;16;CREATED;;
83.03906;126;-15.59819;6.455536;3;12;EXTRACT;2;
85;126;-15.59819;6.455536;3;11;EXTRACT;2;
87.00781;126;-15.59819;6.455536;3;10;EXTRACT;2;
89.01563;126;-15.59819;6.455536;3;9;EXTRACT;2;
91.01563;126;-15.59819;6.455536;3;8;EXTRACT;2;
93.02344;126;-15.59819;6.455536;3;7;EXTRACT;2;
95.03125;126;-15.59819;6.455536;3;6;EXTRACT;2;
97.03906;126;-15.59819;6.455536;3;5;EXTRACT;2;
99;126;-15.59819;6.455536;3;4;EXTRACT;2;
101.0078;126;-15.59819;6.455536;3;3;EXTRACT;2;
103.0156;126;-15.59819;6.455536;3;2;EXTRACT;2;
104.6172;126;-15.59819;6.455536;3;2;DISCOVER;1;
105.0234;126;-15.59819;6.455536;3;1;EXTRACT;2;
107.0313;126;-15.59819;6.455536;3;0;EXTRACT;2;
107;126;-15.59819;6.455536;3;0;DESTROYED;;
107.0313;137;22.57439;-31.83306;3;16;CREATED;;
119.8594;136;40.4538;30.82463;3;16;DISCOVER;3;
123.6719;136;40.4538;30.82463;3;15;EXTRACT;3;
125.6719;136;40.4538;30.82463;3;14;EXTRACT;3;
127.6797;136;40.4538;30.82463;3;13;EXTRACT;3;
128.6797;128;-25.25365;7.706451;3;16;DISCOVER;0;
129.6797;136;40.4538;30.82463;3;12;EXTRACT;3;
131.4141;128;-25.25365;7.706451;3;15;EXTRACT;0;
131.6563;136;40.4538;30.82463;3;11;EXTRACT;3;
133.4219;128;-25.25365;7.706451;3;14;EXTRACT;0;
133.6641;136;40.4538;30.82463;3;10;EXTRACT;3;
135.3906;128;-25.25365;7.706451;3;13;EXTRACT;0;
135.6719;136;40.4538;30.82463;3;9;EXTRACT;3;
137.3984;128;-25.25365;7.706451;3;12;EXTRACT;0;
137.6016;128;-25.25365;7.706451;3;12;DISCOVER;1;
137.6797;136;40.4538;30.82463;3;8;EXTRACT;3;
139.3984;128;-25.25365;7.706451;3;11;EXTRACT;0;
139.6797;136;40.4538;30.82463;3;7;EXTRACT;3;
140.2031;128;-25.25365;7.706451;3;10;EXTRACT;1;
141.4063;128;-25.25365;7.706451;3;9;EXTRACT;0;
141.6484;136;40.4538;30.82463;3;6;EXTRACT;3;
142.2109;128;-25.25365;7.706451;3;8;EXTRACT;1;
143.0859;132;-9.537586;-27.16732;3;16;DISCOVER;2;
143.4063;128;-25.25365;7.706451;3;7;EXTRACT;0;
143.6484;136;40.4538;30.82463;3;5;EXTRACT;3;
144.2109;128;-25.25365;7.706451;3;6;EXTRACT;1;
145.4141;128;-25.25365;7.706451;3;5;EXTRACT;0;
145.6484;136;40.4538;30.82463;3;4;EXTRACT;3;
146.2109;128;-25.25365;7.706451;3;4;EXTRACT;1;
146.9375;132;-9.537586;-27.16732;3;15;EXTRACT;2;
147.4141;128;-25.25365;7.706451;3;3;EXTRACT;0;
147.6563;136;40.4538;30.82463;3;3;EXTRACT;3;
148.2188;128;-25.25365;7.706451;3;2;EXTRACT;1;
148.9375;132;-9.537586;-27.16732;3;14;EXTRACT;2;
149.4141;128;-25.25365;7.706451;3;1;EXTRACT;0;
149.6563;136;40.4538;30.82463;3;2;EXTRACT;3;
150.2188;128;-25.25365;7.706451;3;0;EXTRACT;1;
150.2031;128;-25.25365;7.706451;3;0;DESTROYED;;
150.2188;138;-12.18406;10.78333;3;16;CREATED;;
150.9375;132;-9.537586;-27.16732;3;13;EXTRACT;2;
151.6641;136;40.4538;30.82463;3;1;EXTRACT;3;
152.9453;132;-9.537586;-27.16732;3;12;EXTRACT;2;
153.6641;136;40.4538;30.82463;3;0;EXTRACT;3;
153.6406;136;40.4538;30.82463;3;0;DESTROYED;;
153.6641;139;-44.92418;-23.53403;3;16;CREATED;;
154.9531;132;-9.537586;-27.16732;3;11;EXTRACT;2;
156.9609;132;-9.537586;-27.16732;3;10;EXTRACT;2;
158.9219;132;-9.537586;-27.16732;3;9;EXTRACT;2;
160.9297;132;-9.537586;-27.16732;3;8;EXTRACT;2;
162.9297;132;-9.537586;-27.16732;3;7;EXTRACT;2;
163.7422;138;-12.18406;10.78333;3;16;DISCOVER;0;
164.9453;132;-9.537586;-27.16732;3;6;EXTRACT;2;
166.4688;138;-12.18406;10.78333;3;15;EXTRACT;0;
166.9531;132;-9.537586;-27.16732;3;5;EXTRACT;2;
168.4766;138;-12.18406;10.78333;3;14;EXTRACT;0;
168.9531;132;-9.537586;-27.16732;3;4;EXTRACT;2;
170.4766;138;-12.18406;10.78333;3;13;EXTRACT;0;
170.9609;132;-9.537586;-27.16732;3;3;EXTRACT;2;
171.6016;132;-9.537586;-27.16732;3;3;DISCOVER;1;
172.4844;138;-12.18406;10.78333;3;12;EXTRACT;0;
172.9609;132;-9.537586;-27.16732;3;2;EXTRACT;2;
174.3281;132;-9.537586;-27.16732;3;1;EXTRACT;1;
174.4844;138;-12.18406;10.78333;3;11;EXTRACT;0;
174.9688;132;-9.537586;-27.16732;3;0;EXTRACT;2;
174.9609;132;-9.537586;-27.16732;3;0;DESTROYED;;
174.9688;140;13.74714;-20.02828;3;16;CREATED;;
176.4922;138;-12.18406;10.78333;3;10;EXTRACT;0;
178.4531;138;-12.18406;10.78333;3;9;EXTRACT;0;
180.4688;138;-12.18406;10.78333;3;8;EXTRACT;0;
182.4688;138;-12.18406;10.78333;3;7;EXTRACT;0;
184.4766;138;-12.18406;10.78333;3;6;EXTRACT;0;
186.4844;138;-12.18406;10.78333;3;5;EXTRACT;0;
188.4922;138;-12.18406;10.78333;3;4;EXTRACT;0;
189.5703;120;-14.48083;40.51366;3;16;DISCOVER;3;
190.4922;138;-12.18406;10.78333;3;3;EXTRACT;0;
192.4609;138;-12.18406;10.78333;3;2;EXTRACT;0;
193.7031;120;-14.48083;40.51366;3;15;EXTRACT;3;
194.4688;138;-12.18406;10.78333;3;1;EXTRACT;0;
195.3047;137;22.57439;-31.83306;3;16;DISCOVER;2;
195.7109;120;-14.48083;40.51366;3;14;EXTRACT;3;
196.4688;138;-12.18406;10.78333;3;0;EXTRACT;0;
196.4375;138;-12.18406;10.78333;3;0;DESTROYED;;
196.4688;141;40.12862;29.53474;3;16;CREATED;;
197.7188;120;-14.48083;40.51366;3;13;EXTRACT;3;
199.2813;137;22.57439;-31.83306;3;15;EXTRACT;2;
199.7266;120;-14.48083;40.51366;3;12;EXTRACT;3;
201.2891;137;22.57439;-31.83306;3;14;EXTRACT;2;
201.7266;120;-14.48083;40.51366;3;11;EXTRACT;3;
203.2891;137;22.57439;-31.83306;3;13;EXTRACT;2;
203.7266;120;-14.48083;40.51366;3;10;EXTRACT;3;
205.2969;137;22.57439;-31.83306;3;12;EXTRACT;2;
205.6953;120;-14.48083;40.51366;3;9;EXTRACT;3;
207.3047;137;22.57439;-31.83306;3;11;EXTRACT;2;
207.7031;120;-14.48083;40.51366;3;8;EXTRACT;3;
209.3047;137;22.57439;-31.83306;3;10;EXTRACT;2;
209.7188;120;-14.48083;40.51366;3;7;EXTRACT;3;
211.2813;137;22.57439;-31.83306;3;9;EXTRACT;2;
211.7188;120;-14.48083;40.51366;3;6;EXTRACT;3;
213.2891;137;22.57439;-31.83306;3;8;EXTRACT;2;
213.7266;120;-14.48083;40.51366;3;5;EXTRACT;3;
215.2891;137;22.57439;-31.83306;3;7;EXTRACT;2;
215.7344;120;-14.48083;40.51366;3;4;EXTRACT;3;
216.1719;120;-14.48083;40.51366;3;4;DISCOVER;0;
217.2969;137;22.57439;-31.83306;3;6;EXTRACT;2;
217.7031;120;-14.48083;40.51366;3;3;EXTRACT;3;
218.7109;120;-14.48083;40.51366;3;2;EXTRACT;0;
219.3125;137;22.57439;-31.83306;3;5;EXTRACT;2;
219.7109;120;-14.48083;40.51366;3;1;EXTRACT;3;
220.7188;120;-14.48083;40.51366;3;0;EXTRACT;0;
220.6797;120;-14.48083;40.51366;3;0;DESTROYED;;
220.7188;142;-7.518139;24.68948;3;16;CREATED;;
221.2734;137;22.57439;-31.83306;3;4;EXTRACT;2;
223.2813;137;22.57439;-31.83306;3;3;EXTRACT;2;
225.2891;137;22.57439;-31.83306;3;2;EXTRACT;2;
227.2969;137;22.57439;-31.83306;3;1;EXTRACT;2;
229.2969;137;22.57439;-31.83306;3;0;EXTRACT;2;
229.2813;137;22.57439;-31.83306;3;0;DESTROYED;;
229.2969;143;-9.918964;0.4701653;3;16;CREATED;;
234.4297;142;-7.518139;24.68948;3;16;DISCOVER;0;
237.3594;142;-7.518139;24.68948;3;15;EXTRACT;0;
239.3281;142;-7.518139;24.68948;3;14;EXTRACT;0;
241.3281;142;-7.518139;24.68948;3;13;EXTRACT;0;
241.7734;134;38.62416;-24.51157;3;16;DISCOVER;2;
243.3359;142;-7.518139;24.68948;3;12;EXTRACT;0;
245.3359;142;-7.518139;24.68948;3;11;EXTRACT;0;
245.5781;134;38.62416;-24.51157;3;15;EXTRACT;2;
247.3438;142;-7.518139;24.68948;3;10;EXTRACT;0;
247.5859;134;38.62416;-24.51157;3;14;EXTRACT;2;
249.3516;142;-7.518139;24.68948;3;9;EXTRACT;0;
249.5859;134;38.62416;-24.51157;3;13;EXTRACT;2;
251.3516;142;-7.518139;24.68948;3;8;EXTRACT;0;
251.4297;123;-39.78788;12.4842;3;16;DISCOVER;3;
251.5938;134;38.62416;-24.51157;3;12;EXTRACT;2;
251.7891;142;-7.518139;24.68948;3;8;DISCOVER;1;
253.3516;142;-7.518139;24.68948;3;7;EXTRACT;0;
253.5938;134;38.62416;-24.51157;3;11;EXTRACT;2;
254.4375;142;-7.518139;24.68948;3;6;EXTRACT;1;
255.0391;123;-39.78788;12.4842;3;15;EXTRACT;3;
255.3594;142;-7.518139;24.68948;3;5;EXTRACT;0;
255.5547;134;38.62416;-24.51157;3;10;EXTRACT;2;
256.4375;142;-7.518139;24.68948;3;4;EXTRACT;1;
257.0391;123;-39.78788;12.4842;3;14;EXTRACT;3;
257.3594;142;-7.518139;24.68948;3;3;EXTRACT;0;
257.5625;134;38.62416;-24.51157;3;9;EXTRACT;2;
258.4453;142;-7.518139;24.68948;3;2;EXTRACT;1;
259.0469;123;-39.78788;12.4842;3;13;EXTRACT;3;
259.3594;142;-7.518139;24.68948;3;1;EXTRACT;0;
259.5625;134;38.62416;-24.51157;3;8;EXTRACT;2;
260.4453;142;-7.518139;24.68948;3;0;EXTRACT;1;
260.4375;142;-7.518139;24.68948;3;0;DESTROYED;;
260.4453;144;-0.9286919;4.152634;3;16;CREATED;;
261.0469;123;-39.78788;12.4842;3;12;EXTRACT;3;
261.5703;134;38.62416;-24.51157;3;7;EXTRACT;2;
263.0547;123;-39.78788;12.4842;3;11;EXTRACT;3;
263.5781;134;38.62416;-24.51157;3;6;EXTRACT;2;
265.0625;123;-39.78788;12.4842;3;10;EXTRACT;3;
265.5781;134;38.62416;-24.51157;3;5;EXTRACT;2;
267.0625;123;-39.78788;12.4842;3;9;EXTRACT;3;
267.5859;134;38.62416;-24.51157;3;4;EXTRACT;2;
269.0703;123;-39.78788;12.4842;3;8;EXTRACT;3;
269.5859;134;38.62416;-24.51157;3;3;EXTRACT;2;
271.0703;123;-39.78788;12.4842;3;7;EXTRACT;3;
271.5938;134;38.62416;-24.51157;3;2;EXTRACT;2;
273.0313;123;-39.78788;12.4842;3;6;EXTRACT;3;
273.5938;134;38.62416;-24.51157;3;1;EXTRACT;2;
275.0391;123;-39.78788;12.4842;3;5;EXTRACT;3;
275.5625;134;38.62416;-24.51157;3;0;EXTRACT;2;
275.5625;134;38.62416;-24.51157;3;0;DESTROYED;;
275.5625;145;-26.15864;41.88;3;16;CREATED;;
277.0469;123;-39.78788;12.4842;3;4;EXTRACT;3;
279.0469;123;-39.78788;12.4842;3;3;EXTRACT;3;
281.0547;123;-39.78788;12.4842;3;2;EXTRACT;3;
283.0547;123;-39.78788;12.4842;3;1;EXTRACT;3;
283.6641;144;-0.9286919;4.152634;3;16;DISCOVER;0;
285.0703;123;-39.78788;12.4842;3;0;EXTRACT;3;
285.0391;123;-39.78788;12.4842;3;0;DESTROYED;;
285.0703;146;-27.75405;29.50549;3;16;CREATED;;
286.6328;144;-0.9286919;4.152634;3;15;EXTRACT;0;
288.6406;144;-0.9286919;4.152634;3;14;EXTRACT;0;
289.6797;133;27.55649;-6.666283;3;16;DISCOVER;2;
290.6406;144;-0.9286919;4.152634;3;13;EXTRACT;0;
292.6484;144;-0.9286919;4.152634;3;12;EXTRACT;0;
293.6953;133;27.55649;-6.666283;3;15;EXTRACT;2;
294.6563;144;-0.9286919;4.152634;3;11;EXTRACT;0;
295.6953;133;27.55649;-6.666283;3;14;EXTRACT;2;
296.6563;144;-0.9286919;4.152634;3;10;EXTRACT;0;
297.7031;133;27.55649;-6.666283;3;13;EXTRACT;2;
298.6641;144;-0.9286919;4.152634;3;9;EXTRACT;0;
299.7031;133;27.55649;-6.666283;3;12;EXTRACT;2;
300.5938;144;-0.9286919;4.152634;3;9;DISCOVER;1;
300.6328;144;-0.9286919;4.152634;3;8;EXTRACT;0;
301.7109;133;27.55649;-6.666283;3;11;EXTRACT;2;
302.6328;144;-0.9286919;4.152634;3;7;EXTRACT;0;
303.3516;144;-0.9286919;4.152634;3;6;EXTRACT;1;
303.7188;133;27.55649;-6.666283;3;10;EXTRACT;2;
304.6406;144;-0.9286919;4.152634;3;5;EXTRACT;0;
305.3594;144;-0.9286919;4.152634;3;4;EXTRACT;1;
305.7188;133;27.55649;-6.666283;3;9;EXTRACT;2;
306.0391;139;-44.92418;-23.53403;3;16;DISCOVER;3;
306.6406;144;-0.9286919;4.152634;3;3;EXTRACT;0;
307.3672;144;-0.9286919;4.152634;3;2;EXTRACT;1;
307.7266;133;27.55649;-6.666283;3;8;EXTRACT;2;
308.6484;144;-0.9286919;4.152634;3;1;EXTRACT;0;
309.3672;144;-0.9286919;4.152634;3;0;EXTRACT;1;
309.3594;144;-0.9286919;4.152634;3;0;DESTROYED;;
309.3672;147;0.03646088;36.03109;3;16;CREATED;;
309.7266;133;27.55649;-6.666283;3;7;EXTRACT;2;
309.8828;139;-44.92418;-23.53403;3;15;EXTRACT;3;
311.7266;133;27.55649;-6.666283;3;6;EXTRACT;2;
311.8516;139;-44.92418;-23.53403;3;14;EXTRACT;3;
313.6953;133;27.55649;-6.666283;3;5;EXTRACT;2;
313.8594;139;-44.92418;-23.53403;3;13;EXTRACT;3;
315.7031;133;27.55649;-6.666283;3;4;EXTRACT;2;
315.8594;139;-44.92418;-23.53403;3;12;EXTRACT;3;
317.7031;133;27.55649;-6.666283;3;3;EXTRACT;2;
317.8594;139;-44.92418;-23.53403;3;11;EXTRACT;3;
319.7109;133;27.55649;-6.666283;3;2;EXTRACT;2;
319.8672;139;-44.92418;-23.53403;3;10;EXTRACT;3;
321.7188;133;27.55649;-6.666283;3;1;EXTRACT;2;
321.875;139;-44.92418;-23.53403;3;9;EXTRACT;3;
323.7188;133;27.55649;-6.666283;3;0;EXTRACT;2;
323.7188;133;27.55649;-6.666283;3;0;DESTROYED;;
323.7188;148;-10.98518;-34.6989;3;16;CREATED;;
323.8828;139;-44.92418;-23.53403;3;8;EXTRACT;3;
325.8906;139;-44.92418;-23.53403;3;7;EXTRACT;3;
327.8906;139;-44.92418;-23.53403;3;6;EXTRACT;3;
329.8984;139;-44.92418;-23.53403;3;5;EXTRACT;3;
331.9063;139;-44.92418;-23.53403;3;4;EXTRACT;3;
333.875;139;-44.92418;-23.53403;3;3;EXTRACT;3;
335.875;139;-44.92418;-23.53403;3;2;EXTRACT;3;
337.8828;139;-44.92418;-23.53403;3;1;EXTRACT;3;
339.8906;139;-44.92418;-23.53403;3;0;EXTRACT;3;
339.8828;139;-44.92418;-23.53403;3;0;DESTROYED;;
339.8906;149;25.75469;35.59683;3;16;CREATED;;
357.3828;119;-15.94191;22.61108;3;16;DISCOVER;2;
361.9609;119;-15.94191;22.61108;3;15;EXTRACT;2;
363.25;121;-16.93124;-37.54445;3;16;DISCOVER;3;
363.9297;119;-15.94191;22.61108;3;14;EXTRACT;2;
365.9297;119;-15.94191;22.61108;3;13;EXTRACT;2;
366.9766;121;-16.93124;-37.54445;3;15;EXTRACT;3;
367.9453;119;-15.94191;22.61108;3;12;EXTRACT;2;
368.9844;121;-16.93124;-37.54445;3;14;EXTRACT;3;
369.9453;119;-15.94191;22.61108;3;11;EXTRACT;2;
370.7891;143;-9.918964;0.4701653;3;16;DISCOVER;0;
370.9922;121;-16.93124;-37.54445;3;13;EXTRACT;3;
371.9531;119;-15.94191;22.61108;3;10;EXTRACT;2;
372.9922;121;-16.93124;-37.54445;3;12;EXTRACT;3;
373.4375;143;-9.918964;0.4701653;3;15;EXTRACT;0;
373.9531;119;-15.94191;22.61108;3;9;EXTRACT;2;
375;121;-16.93124;-37.54445;3;11;EXTRACT;3;
375.4453;143;-9.918964;0.4701653;3;14;EXTRACT;0;
375.9688;119;-15.94191;22.61108;3;8;EXTRACT;2;
377.0078;121;-16.93124;-37.54445;3;10;EXTRACT;3;
377.4453;143;-9.918964;0.4701653;3;13;EXTRACT;0;
377.9297;119;-15.94191;22.61108;3;7;EXTRACT;2;
379.0078;121;-16.93124;-37.54445;3;9;EXTRACT;3;
379.4531;143;-9.918964;0.4701653;3;12;EXTRACT;0;
379.9297;119;-15.94191;22.61108;3;6;EXTRACT;2;
380.9375;119;-15.94191;22.61108;3;6;DISCOVER;1;
381.0156;121;-16.93124;-37.54445;3;8;EXTRACT;3;
381.4531;143;-9.918964;0.4701653;3;11;EXTRACT;0;
381.9375;119;-15.94191;22.61108;3;5;EXTRACT;2;
383.0156;121;-16.93124;-37.54445;3;7;EXTRACT;3;
383.4609;143;-9.918964;0.4701653;3;10;EXTRACT;0;
383.6172;119;-15.94191;22.61108;3;4;EXTRACT;1;
383.9375;119;-15.94191;22.61108;3;3;EXTRACT;2;
385.0234;121;-16.93124;-37.54445;3;6;EXTRACT;3;
385.4609;143;-9.918964;0.4701653;3;9;EXTRACT;0;
385.625;119;-15.94191;22.61108;3;2;EXTRACT;1;
385.9453;119;-15.94191;22.61108;3;1;EXTRACT;2;
386.9844;121;-16.93124;-37.54445;3;5;EXTRACT;3;
387.4688;143;-9.918964;0.4701653;3;8;EXTRACT;0;
387.625;119;-15.94191;22.61108;3;0;EXTRACT;1;
387.6016;119;-15.94191;22.61108;3;0;DESTROYED;;
387.625;150;-16.06188;32.74522;3;16;CREATED;;
388.9922;121;-16.93124;-37.54445;3;4;EXTRACT;3;
389.4297;143;-9.918964;0.4701653;3;7;EXTRACT;0;
390.9922;121;-16.93124;-37.54445;3;3;EXTRACT;3;
391.4375;143;-9.918964;0.4701653;3;6;EXTRACT;0;
393;121;-16.93124;-37.54445;3;2;EXTRACT;3;
393.4375;143;-9.918964;0.4701653;3;5;EXTRACT;0;
395.0078;121;-16.93124;-37.54445;3;1;EXTRACT;3;
395.4453;143;-9.918964;0.4701653;3;4;EXTRACT;0;
397.0078;121;-16.93124;-37.54445;3;0;EXTRACT;3;
397;121;-16.93124;-37.54445;3;0;DESTROYED;;
397.0078;151;23.00564;20.86781;3;16;CREATED;;
397.4531;143;-9.918964;0.4701653;3;3;EXTRACT;0;
399.4531;143;-9.918964;0.4701653;3;2;EXTRACT;0;
401.4688;143;-9.918964;0.4701653;3;1;EXTRACT;0;
402.6719;148;-10.98518;-34.6989;3;16;DISCOVER;3;
403.4375;143;-9.918964;0.4701653;3;0;EXTRACT;0;
403.3984;143;-9.918964;0.4701653;3;0;DESTROYED;;
403.4375;152;8.836651;-37.11702;3;16;CREATED;;
406.4453;148;-10.98518;-34.6989;3;15;EXTRACT;3;
408.4531;148;-10.98518;-34.6989;3;14;EXTRACT;3;
410.4531;148;-10.98518;-34.6989;3;13;EXTRACT;3;
412.4609;148;-10.98518;-34.6989;3;12;EXTRACT;3;
414.4688;148;-10.98518;-34.6989;3;11;EXTRACT;3;
416.4688;148;-10.98518;-34.6989;3;10;EXTRACT;3;
418.4766;148;-10.98518;-34.6989;3;9;EXTRACT;3;
420.4453;148;-10.98518;-34.6989;3;8;EXTRACT;3;
422.4531;148;-10.98518;-34.6989;3;7;EXTRACT;3;
424.4141;148;-10.98518;-34.6989;3;7;DISCOVER;2;
424.4531;148;-10.98518;-34.6989;3;6;EXTRACT;3;
426.4609;148;-10.98518;-34.6989;3;5;EXTRACT;3;
428.2656;148;-10.98518;-34.6989;3;4;EXTRACT;2;
428.4688;148;-10.98518;-34.6989;3;3;EXTRACT;3;
430.2734;148;-10.98518;-34.6989;3;2;EXTRACT;2;
430.4688;148;-10.98518;-34.6989;3;1;EXTRACT;3;
432.2734;148;-10.98518;-34.6989;3;0;EXTRACT;2;
432.2422;148;-10.98518;-34.6989;3;0;DESTROYED;;
432.2734;153;-39.12945;5.327206;3;16;CREATED;;
440.6563;118;2.40601;-33.34354;3;16;DISCOVER;3;
443.625;118;2.40601;-33.34354;3;15;EXTRACT;3;
445.5859;140;13.74714;-20.02828;3;16;DISCOVER;0;
445.6328;118;2.40601;-33.34354;3;14;EXTRACT;3;
447.6328;118;2.40601;-33.34354;3;13;EXTRACT;3;
448.4766;140;13.74714;-20.02828;3;15;EXTRACT;0;
449.6406;118;2.40601;-33.34354;3;12;EXTRACT;3;
450.4844;140;13.74714;-20.02828;3;14;EXTRACT;0;
451.6406;118;2.40601;-33.34354;3;11;EXTRACT;3;
452.4844;140;13.74714;-20.02828;3;13;EXTRACT;0;
453.6484;118;2.40601;-33.34354;3;10;EXTRACT;3;
453.8516;140;13.74714;-20.02828;3;13;DISCOVER;2;
454.4922;140;13.74714;-20.02828;3;12;EXTRACT;0;
455.6563;118;2.40601;-33.34354;3;9;EXTRACT;3;
456.4922;140;13.74714;-20.02828;3;11;EXTRACT;0;
457.6563;118;2.40601;-33.34354;3;8;EXTRACT;3;
458.0156;140;13.74714;-20.02828;3;10;EXTRACT;2;
458.5;140;13.74714;-20.02828;3;9;EXTRACT;0;
459.6641;118;2.40601;-33.34354;3;7;EXTRACT;3;
460.0234;140;13.74714;-20.02828;3;8;EXTRACT;2;
460.1797;140;13.74714;-20.02828;3;8;DISCOVER;1;
460.5;140;13.74714;-20.02828;3;7;EXTRACT;0;
461.6641;118;2.40601;-33.34354;3;6;EXTRACT;3;
462.0313;140;13.74714;-20.02828;3;6;EXTRACT;2;
462.4688;140;13.74714;-20.02828;3;5;EXTRACT;0;
462.7109;140;13.74714;-20.02828;3;4;EXTRACT;1;
463.6719;118;2.40601;-33.34354;3;5;EXTRACT;3;
464.0313;140;13.74714;-20.02828;3;3;EXTRACT;2;
464.4688;140;13.74714;-20.02828;3;2;EXTRACT;0;
464.7109;140;13.74714;-20.02828;3;1;EXTRACT;1;
465.6719;118;2.40601;-33.34354;3;4;EXTRACT;3;
466.0313;140;13.74714;-20.02828;3;0;EXTRACT;2;
466;140;13.74714;-20.02828;3;0;DESTROYED;;
466.0313;154;22.78679;-31.83981;3;16;CREATED;;
467.6797;118;2.40601;-33.34354;3;3;EXTRACT;3;
469.6484;118;2.40601;-33.34354;3;2;EXTRACT;3;
471.6484;118;2.40601;-33.34354;3;1;EXTRACT;3;
473.6563;118;2.40601;-33.34354;3;0;EXTRACT;3;
473.6406;118;2.40601;-33.34354;3;0;DESTROYED;;
473.6563;155;30.29102;-44.42139;3;16;CREATED;;
476.5469;135;23.82639;-21.83347;3;16;DISCOVER;1;
478.3047;152;8.836651;-37.11702;3;16;DISCOVER;3;
481.1484;152;8.836651;-37.11702;3;15;EXTRACT;3;
481.3906;135;23.82639;-21.83347;3;16;DISCOVER;0;
482.8359;135;23.82639;-21.83347;3;15;EXTRACT;1;
483.1563;152;8.836651;-37.11702;3;14;EXTRACT;3;
484.2344;135;23.82639;-21.83347;3;14;EXTRACT;0;
484.8359;135;23.82639;-21.83347;3;13;EXTRACT;1;
485.1563;152;8.836651;-37.11702;3;13;EXTRACT;3;
486.2031;135;23.82639;-21.83347;3;12;EXTRACT;0;
486.8438;135;23.82639;-21.83347;3;11;EXTRACT;1;
487.125;152;8.836651;-37.11702;3;12;EXTRACT;3;
488.2031;135;23.82639;-21.83347;3;10;EXTRACT;0;
488.8516;135;23.82639;-21.83347;3;9;EXTRACT;1;
489.1328;152;8.836651;-37.11702;3;11;EXTRACT;3;
490.2109;135;23.82639;-21.83347;3;8;EXTRACT;0;
490.8516;135;23.82639;-21.83347;3;7;EXTRACT;1;
491.1328;152;8.836651;-37.11702;3;10;EXTRACT;3;
492.2109;135;23.82639;-21.83347;3;6;EXTRACT;0;
492.8594;135;23.82639;-21.83347;3;5;EXTRACT;1;
493.1406;152;8.836651;-37.11702;3;9;EXTRACT;3;
494.2188;135;23.82639;-21.83347;3;4;EXTRACT;0;
494.8672;135;23.82639;-21.83347;3;3;EXTRACT;1;
495.1484;152;8.836651;-37.11702;3;8;EXTRACT;3;
496.2266;135;23.82639;-21.83347;3;2;EXTRACT;0;
496.8281;135;23.82639;-21.83347;3;1;EXTRACT;1;
497.1484;152;8.836651;-37.11702;3;7;EXTRACT;3;
498.2344;135;23.82639;-21.83347;3;0;EXTRACT;0;
498.2031;135;23.82639;-21.83347;3;0;DESTROYED;;
498.2344;156;18.83426;28.87439;3;16;CREATED;;
499.1563;152;8.836651;-37.11702;3;6;EXTRACT;3;
501.1641;152;8.836651;-37.11702;3;5;EXTRACT;3;
503.1328;152;8.836651;-37.11702;3;4;EXTRACT;3;
505.1406;152;8.836651;-37.11702;3;3;EXTRACT;3;
507.1484;152;8.836651;-37.11702;3;2;EXTRACT;3;
509.1484;152;8.836651;-37.11702;3;1;EXTRACT;3;
509.875;131;35.46216;24.73985;3;16;DISCOVER;2;
511.1563;152;8.836651;-37.11702;3;0;EXTRACT;3;
511.1172;152;8.836651;-37.11702;3;0;DESTROYED;;
511.1563;157;7.908714;20.54762;3;16;CREATED;;
513.8828;131;35.46216;24.73985;3;15;EXTRACT;2;
515.8984;131;35.46216;24.73985;3;14;EXTRACT;2;
516.5391;122;15.30962;-36.35358;3;16;DISCOVER;3;
517.8984;131;35.46216;24.73985;3;13;EXTRACT;2;
519.8672;131;35.46216;24.73985;3;12;EXTRACT;2;
520.3125;122;15.30962;-36.35358;3;15;EXTRACT;3;
521.875;131;35.46216;24.73985;3;11;EXTRACT;2;
522.3125;122;15.30962;-36.35358;3;14;EXTRACT;3;
523.875;131;35.46216;24.73985;3;10;EXTRACT;2;
524.3203;122;15.30962;-36.35358;3;13;EXTRACT;3;
525.8828;131;35.46216;24.73985;3;9;EXTRACT;2;
526.3281;122;15.30962;-36.35358;3;12;EXTRACT;3;
527.8906;131;35.46216;24.73985;3;8;EXTRACT;2;
528.2891;122;15.30962;-36.35358;3;11;EXTRACT;3;
529.2109;131;35.46216;24.73985;3;8;DISCOVER;0;
529.8984;131;35.46216;24.73985;3;7;EXTRACT;2;
530.2969;122;15.30962;-36.35358;3;10;EXTRACT;3;
531.8984;131;35.46216;24.73985;3;6;EXTRACT;2;
531.9453;131;35.46216;24.73985;3;5;EXTRACT;0;
532.3047;122;15.30962;-36.35358;3;9;EXTRACT;3;
533.9063;131;35.46216;24.73985;3;4;EXTRACT;2;
533.9063;131;35.46216;24.73985;3;3;EXTRACT;0;
534.3047;122;15.30962;-36.35358;3;8;EXTRACT;3;
535.8672;131;35.46216;24.73985;3;2;EXTRACT;2;
535.9141;131;35.46216;24.73985;3;1;EXTRACT;0;
536.3125;122;15.30962;-36.35358;3;7;EXTRACT;3;
537.875;131;35.46216;24.73985;3;0;EXTRACT;2;
537.8359;131;35.46216;24.73985;3;0;DESTROYED;;
537.875;158;27.90926;-18.01121;3;16;CREATED;;
538.3125;122;15.30962;-36.35358;3;6;EXTRACT;3;
540.3281;122;15.30962;-36.35358;3;5;EXTRACT;3;
541.0469;141;40.12862;29.53474;3;16;DISCOVER;0;
542.3281;122;15.30962;-36.35358;3;4;EXTRACT;3;
543.8125;141;40.12862;29.53474;3;15;EXTRACT;0;
544.3281;122;15.30962;-36.35358;3;3;EXTRACT;3;
545.7734;141;40.12862;29.53474;3;14;EXTRACT;0;
546.3359;122;15.30962;-36.35358;3;2;EXTRACT;3;
547.7813;141;40.12862;29.53474;3;13;EXTRACT;0;
548.3359;122;15.30962;-36.35358;3;1;EXTRACT;3;
549.7813;141;40.12862;29.53474;3;12;EXTRACT;0;
550.3438;122;15.30962;-36.35358;3;0;EXTRACT;3;
550.3203;122;15.30962;-36.35358;3;0;DESTROYED;;
550.3438;159;3.307693;-10.3194;3;16;CREATED;;
551.7891;141;40.12862;29.53474;3;11;EXTRACT;0;
552.4297;156;18.83426;28.87439;3;16;DISCOVER;2;
553.7891;141;40.12862;29.53474;3;10;EXTRACT;0;
555.7969;141;40.12862;29.53474;3;9;EXTRACT;0;
556.4375;156;18.83426;28.87439;3;15;EXTRACT;2;
557.8047;141;40.12862;29.53474;3;8;EXTRACT;0;
558.4453;156;18.83426;28.87439;3;14;EXTRACT;2;
559.8125;141;40.12862;29.53474;3;7;EXTRACT;0;
560.4531;156;18.83426;28.87439;3;13;EXTRACT;2;
561.7734;141;40.12862;29.53474;3;6;EXTRACT;0;
562.4609;156;18.83426;28.87439;3;12;EXTRACT;2;
563.7813;141;40.12862;29.53474;3;5;EXTRACT;0;
564.4688;156;18.83426;28.87439;3;11;EXTRACT;2;
565.7891;141;40.12862;29.53474;3;4;EXTRACT;0;
566.4688;156;18.83426;28.87439;3;10;EXTRACT;2;
567.7969;141;40.12862;29.53474;3;3;EXTRACT;0;
568.4375;156;18.83426;28.87439;3;9;EXTRACT;2;
569.8047;141;40.12862;29.53474;3;2;EXTRACT;0;
570.4453;156;18.83426;28.87439;3;8;EXTRACT;2;
571.8047;141;40.12862;29.53474;3;1;EXTRACT;0;
572.4453;156;18.83426;28.87439;3;7;EXTRACT;2;
573.8125;141;40.12862;29.53474;3;0;EXTRACT;0;
573.7969;141;40.12862;29.53474;3;0;DESTROYED;;
573.8125;160;1.47345;6.555454;3;16;CREATED;;
574.4531;156;18.83426;28.87439;3;6;EXTRACT;2;
576.4609;156;18.83426;28.87439;3;5;EXTRACT;2;
578.4609;156;18.83426;28.87439;3;4;EXTRACT;2;
580.4688;156;18.83426;28.87439;3;3;EXTRACT;2;
582.4688;156;18.83426;28.87439;3;2;EXTRACT;2;
584.4766;156;18.83426;28.87439;3;1;EXTRACT;2;
584.6328;156;18.83426;28.87439;3;1;DISCOVER;0;
586.4375;156;18.83426;28.87439;3;0;EXTRACT;2;
586.4375;156;18.83426;28.87439;3;0;DESTROYED;;
586.4375;161;14.31393;4.707645;3;16;CREATED;;
600.3125;147;0.03646088;36.03109;3;16;DISCOVER;2;
603.4453;147;0.03646088;36.03109;3;16;DISCOVER;0;
604.2891;147;0.03646088;36.03109;3;15;EXTRACT;2;
606.1328;147;0.03646088;36.03109;3;14;EXTRACT;0;
606.2578;147;0.03646088;36.03109;3;13;EXTRACT;2;
608.1406;147;0.03646088;36.03109;3;12;EXTRACT;0;
608.2578;147;0.03646088;36.03109;3;11;EXTRACT;2;
610.1406;147;0.03646088;36.03109;3;10;EXTRACT;0;
610.2656;147;0.03646088;36.03109;3;9;EXTRACT;2;
612.1406;147;0.03646088;36.03109;3;8;EXTRACT;0;
612.2656;147;0.03646088;36.03109;3;7;EXTRACT;2;
614.1484;147;0.03646088;36.03109;3;6;EXTRACT;0;
614.2656;147;0.03646088;36.03109;3;5;EXTRACT;2;
615.8359;157;7.908714;20.54762;3;16;DISCOVER;1;
616.1563;147;0.03646088;36.03109;3;4;EXTRACT;0;
616.2734;147;0.03646088;36.03109;3;3;EXTRACT;2;
618.1641;147;0.03646088;36.03109;3;2;EXTRACT;0;
618.2813;147;0.03646088;36.03109;3;1;EXTRACT;2;
618.6016;157;7.908714;20.54762;3;15;EXTRACT;1;
620.1641;147;0.03646088;36.03109;3;0;EXTRACT;0;
620.1563;147;0.03646088;36.03109;3;0;DESTROYED;;
620.1641;162;39.0509;43.0016;3;16;CREATED;;
620.6094;157;7.908714;20.54762;3;14;EXTRACT;1;
622.6094;157;7.908714;20.54762;3;13;EXTRACT;1;
624.6172;157;7.908714;20.54762;3;12;EXTRACT;1;
626.6172;157;7.908714;20.54762;3;11;EXTRACT;1;
628.5859;157;7.908714;20.54762;3;10;EXTRACT;1;
630.5859;157;7.908714;20.54762;3;9;EXTRACT;1;
632.5938;157;7.908714;20.54762;3;8;EXTRACT;1;
634.6016;157;7.908714;20.54762;3;7;EXTRACT;1;
636.6016;157;7.908714;20.54762;3;6;EXTRACT;1;
636.9297;145;-26.15864;41.88;3;16;DISCOVER;2;
638.5313;160;1.47345;6.555454;3;16;DISCOVER;3;
638.6094;157;7.908714;20.54762;3;5;EXTRACT;1;
640.6172;157;7.908714;20.54762;3;4;EXTRACT;1;
641.1328;145;-26.15864;41.88;3;15;EXTRACT;2;
642.1016;145;-26.15864;41.88;3;15;DISCOVER;0;
642.5;160;1.47345;6.555454;3;15;EXTRACT;3;
642.6172;157;7.908714;20.54762;3;3;EXTRACT;1;
643.1406;145;-26.15864;41.88;3;14;EXTRACT;2;
644.5;160;1.47345;6.555454;3;14;EXTRACT;3;
644.625;157;7.908714;20.54762;3;2;EXTRACT;1;
644.7422;145;-26.15864;41.88;3;13;EXTRACT;0;
645.1406;145;-26.15864;41.88;3;12;EXTRACT;2;
646.4688;160;1.47345;6.555454;3;13;EXTRACT;3;
646.625;157;7.908714;20.54762;3;1;EXTRACT;1;
646.75;145;-26.15864;41.88;3;11;EXTRACT;0;
647.1484;145;-26.15864;41.88;3;10;EXTRACT;2;
648.4688;160;1.47345;6.555454;3;12;EXTRACT;3;
648.6328;157;7.908714;20.54762;3;0;EXTRACT;1;
648.6016;157;7.908714;20.54762;3;0;DESTROYED;;
648.6328;163;-9.015724;-44.05641;3;16;CREATED;;
648.7891;145;-26.15864;41.88;3;9;EXTRACT;0;
649.1484;145;-26.15864;41.88;3;8;EXTRACT;2;
650.4688;160;1.47345;6.555454;3;11;EXTRACT;3;
650.7891;145;-26.15864;41.88;3;7;EXTRACT;0;
651.1563;145;-26.15864;41.88;3;6;EXTRACT;2;
652.4766;160;1.47345;6.555454;3;10;EXTRACT;3;
652.7969;145;-26.15864;41.88;3;5;EXTRACT;0;
653.1641;145;-26.15864;41.88;3;4;EXTRACT;2;
654.4844;160;1.47345;6.555454;3;9;EXTRACT;3;
654.7656;145;-26.15864;41.88;3;3;EXTRACT;0;
655.125;145;-26.15864;41.88;3;2;EXTRACT;2;
656.4922;160;1.47345;6.555454;3;8;EXTRACT;3;
656.7734;145;-26.15864;41.88;3;1;EXTRACT;0;
657.1328;145;-26.15864;41.88;3;0;EXTRACT;2;
657.1172;145;-26.15864;41.88;3;0;DESTROYED;;
657.1328;164;25.39151;-39.60631;3;16;CREATED;;
658.5;160;1.47345;6.555454;3;7;EXTRACT;3;
659.2188;160;1.47345;6.555454;3;7;DISCOVER;1;
660.4688;160;1.47345;6.555454;3;6;EXTRACT;3;
661.9844;160;1.47345;6.555454;3;5;EXTRACT;1;
662.5156;160;1.47345;6.555454;3;4;EXTRACT;3;
663.9375;160;1.47345;6.555454;3;3;EXTRACT;1;
664.4844;160;1.47345;6.555454;3;2;EXTRACT;3;
665.9375;160;1.47345;6.555454;3;1;EXTRACT;1;
666.4766;160;1.47345;6.555454;3;0;EXTRACT;3;
666.4766;160;1.47345;6.555454;3;0;DESTROYED;;
666.4766;165;-8.381145;-29.81277;3;16;CREATED;;
674.6172;161;14.31393;4.707645;3;16;DISCOVER;3;
678.1016;161;14.31393;4.707645;3;15;EXTRACT;3;
680.1094;161;14.31393;4.707645;3;14;EXTRACT;3;
682.1172;161;14.31393;4.707645;3;13;EXTRACT;3;
684.125;161;14.31393;4.707645;3;12;EXTRACT;3;
686.125;161;14.31393;4.707645;3;11;EXTRACT;3;
688.1328;161;14.31393;4.707645;3;10;EXTRACT;3;
688.2891;153;-39.12945;5.327206;3;16;DISCOVER;2;
690.1406;161;14.31393;4.707645;3;9;EXTRACT;3;
692.1016;161;14.31393;4.707645;3;8;EXTRACT;3;
693.3828;153;-39.12945;5.327206;3;16;DISCOVER;0;
694.1094;161;14.31393;4.707645;3;7;EXTRACT;3;
694.75;153;-39.12945;5.327206;3;15;EXTRACT;2;
696.1172;161;14.31393;4.707645;3;6;EXTRACT;3;
696.2734;153;-39.12945;5.327206;3;14;EXTRACT;0;
696.7578;153;-39.12945;5.327206;3;13;EXTRACT;2;
698.125;161;14.31393;4.707645;3;5;EXTRACT;3;
698.2813;153;-39.12945;5.327206;3;12;EXTRACT;0;
698.7656;153;-39.12945;5.327206;3;11;EXTRACT;2;
698.8438;161;14.31393;4.707645;3;5;DISCOVER;1;
700.125;161;14.31393;4.707645;3;4;EXTRACT;3;
700.2891;153;-39.12945;5.327206;3;10;EXTRACT;0;
700.7656;153;-39.12945;5.327206;3;9;EXTRACT;2;
701.4531;161;14.31393;4.707645;3;3;EXTRACT;1;
702.1328;161;14.31393;4.707645;3;2;EXTRACT;3;
702.2969;153;-39.12945;5.327206;3;8;EXTRACT;0;
702.7734;153;-39.12945;5.327206;3;7;EXTRACT;2;
703.4609;161;14.31393;4.707645;3;1;EXTRACT;1;
704.1016;161;14.31393;4.707645;3;0;EXTRACT;3;
704.0781;161;14.31393;4.707645;3;0;DESTROYED;;
704.1016;166;42.59234;-34.67258;3;16;CREATED;;
704.2969;153;-39.12945;5.327206;3;6;EXTRACT;0;
704.7422;153;-39.12945;5.327206;3;5;EXTRACT;2;
706.3047;153;-39.12945;5.327206;3;4;EXTRACT;0;
706.75;153;-39.12945;5.327206;3;3;EXTRACT;2;
708.3125;153;-39.12945;5.327206;3;2;EXTRACT;0;
708.7578;153;-39.12945;5.327206;3;1;EXTRACT;2;
710.2813;153;-39.12945;5.327206;3;0;EXTRACT;0;
710.2813;153;-39.12945;5.327206;3;0;DESTROYED;;
710.2813;167;2.462402;16.74052;3;16;CREATED;;
