Time;PatchID;PositionX;PositionZ;Radius;CoinAmount;PatchEvent;TriggerPlayer;
0;33;-5.108059;5.814682;3;16;CREATED;;
0;34;-34.59818;36.74913;3;16;CREATED;;
0;35;0.04092407;18.82607;3;16;CREATED;;
0;36;-22.98086;-28.16811;3;16;CREATED;;
0;37;-35.91032;25.75882;3;16;CREATED;;
0;38;1.482635;10.61478;3;16;CREATED;;
0;39;3.271626;-24.20781;3;16;CREATED;;
0;40;-19.07094;41.93283;3;16;CREATED;;
0;41;24.39651;31.69287;3;16;CREATED;;
0;42;-17.21734;-41.5634;3;16;CREATED;;
0;43;-25.4361;43.97796;3;16;CREATED;;
0;44;29.86305;-39.4882;3;16;CREATED;;
0;45;31.28371;-33.20454;3;16;CREATED;;
0;46;39.61548;-33.4383;3;16;CREATED;;
0;47;-41.26257;-0.2701035;3;16;CREATED;;
21.16003;41;24.39651;31.69287;3;16;DISCOVER;0;
24.27686;41;24.39651;31.69287;3;15;EXTRACT;0;
26.27698;41;24.39651;31.69287;3;14;EXTRACT;0;
28.27698;41;24.39651;31.69287;3;13;EXTRACT;0;
30.2771;41;24.39651;31.69287;3;12;EXTRACT;0;
32.27722;41;24.39651;31.69287;3;11;EXTRACT;0;
34.27722;41;24.39651;31.69287;3;10;EXTRACT;0;
36.27722;41;24.39651;31.69287;3;9;EXTRACT;0;
38.27734;41;24.39651;31.69287;3;8;EXTRACT;0;
40.27734;41;24.39651;31.69287;3;7;EXTRACT;0;
42.27747;41;24.39651;31.69287;3;6;EXTRACT;0;
44.27759;41;24.39651;31.69287;3;5;EXTRACT;0;
46.27759;41;24.39651;31.69287;3;4;EXTRACT;0;
48.27771;41;24.39651;31.69287;3;3;EXTRACT;0;
50.27771;41;24.39651;31.69287;3;2;EXTRACT;0;
52.27783;41;24.39651;31.69287;3;1;EXTRACT;0;
54.27795;41;24.39651;31.69287;3;0;EXTRACT;0;
54.27795;41;24.39651;31.69287;3;0;DESTROYED;;
54.29456;48;15.32236;26.9662;3;16;CREATED;;
108.6799;46;39.61548;-33.4383;3;16;DISCOVER;0;
111.7299;46;39.61548;-33.4383;3;15;EXTRACT;0;
113.7299;46;39.61548;-33.4383;3;14;EXTRACT;0;
115.73;46;39.61548;-33.4383;3;13;EXTRACT;0;
117.7301;46;39.61548;-33.4383;3;12;EXTRACT;0;
119.7301;46;39.61548;-33.4383;3;11;EXTRACT;0;
121.7301;46;39.61548;-33.4383;3;10;EXTRACT;0;
123.7302;46;39.61548;-33.4383;3;9;EXTRACT;0;
125.7303;46;39.61548;-33.4383;3;8;EXTRACT;0;
127.7303;46;39.61548;-33.4383;3;7;EXTRACT;0;
129.7305;46;39.61548;-33.4383;3;6;EXTRACT;0;
131.7305;46;39.61548;-33.4383;3;5;EXTRACT;0;
133.7306;46;39.61548;-33.4383;3;4;EXTRACT;0;
135.7307;46;39.61548;-33.4383;3;3;EXTRACT;0;
137.7307;46;39.61548;-33.4383;3;2;EXTRACT;0;
139.7308;46;39.61548;-33.4383;3;1;EXTRACT;0;
141.7308;46;39.61548;-33.4383;3;0;EXTRACT;0;
141.7308;46;39.61548;-33.4383;3;0;DESTROYED;;
141.7642;49;-29.74965;17.76234;3;16;CREATED;;
152.5599;44;29.86305;-39.4882;3;16;DISCOVER;0;
155.6479;44;29.86305;-39.4882;3;15;EXTRACT;0;
157.6481;44;29.86305;-39.4882;3;14;EXTRACT;0;
159.6481;44;29.86305;-39.4882;3;13;EXTRACT;0;
161.6482;44;29.86305;-39.4882;3;12;EXTRACT;0;
163.6483;44;29.86305;-39.4882;3;11;EXTRACT;0;
165.6483;44;29.86305;-39.4882;3;10;EXTRACT;0;
167.6483;44;29.86305;-39.4882;3;9;EXTRACT;0;
169.6484;44;29.86305;-39.4882;3;8;EXTRACT;0;
171.6486;44;29.86305;-39.4882;3;7;EXTRACT;0;
173.6486;44;29.86305;-39.4882;3;6;EXTRACT;0;
175.6487;44;29.86305;-39.4882;3;5;EXTRACT;0;
177.6487;44;29.86305;-39.4882;3;4;EXTRACT;0;
179.6488;44;29.86305;-39.4882;3;3;EXTRACT;0;
181.6489;44;29.86305;-39.4882;3;2;EXTRACT;0;
183.6489;44;29.86305;-39.4882;3;1;EXTRACT;0;
185.649;44;29.86305;-39.4882;3;0;EXTRACT;0;
185.649;44;29.86305;-39.4882;3;0;DESTROYED;;
185.699;50;38.93497;-23.71174;3;16;CREATED;;
220.16;42;-17.21734;-41.5634;3;16;DISCOVER;0;
223.0168;42;-17.21734;-41.5634;3;15;EXTRACT;0;
225.017;42;-17.21734;-41.5634;3;14;EXTRACT;0;
227.017;42;-17.21734;-41.5634;3;13;EXTRACT;0;
229.0171;42;-17.21734;-41.5634;3;12;EXTRACT;0;
231.0172;42;-17.21734;-41.5634;3;11;EXTRACT;0;
233.0172;42;-17.21734;-41.5634;3;10;EXTRACT;0;
235.0173;42;-17.21734;-41.5634;3;9;EXTRACT;0;
237.0175;42;-17.21734;-41.5634;3;8;EXTRACT;0;
239.0175;42;-17.21734;-41.5634;3;7;EXTRACT;0;
241.0176;42;-17.21734;-41.5634;3;6;EXTRACT;0;
243.0176;42;-17.21734;-41.5634;3;5;EXTRACT;0;
245.0177;42;-17.21734;-41.5634;3;4;EXTRACT;0;
247.0177;42;-17.21734;-41.5634;3;3;EXTRACT;0;
249.0178;42;-17.21734;-41.5634;3;2;EXTRACT;0;
251.0178;42;-17.21734;-41.5634;3;1;EXTRACT;0;
253.0179;42;-17.21734;-41.5634;3;0;EXTRACT;0;
253.0179;42;-17.21734;-41.5634;3;0;DESTROYED;;
253.0513;51;3.945675;0.05115128;3;16;CREATED;;
317.64;47;-41.26257;-0.2701035;3;16;DISCOVER;0;
323.2703;47;-41.26257;-0.2701035;3;15;EXTRACT;0;
325.2704;47;-41.26257;-0.2701035;3;14;EXTRACT;0;
327.2704;47;-41.26257;-0.2701035;3;13;EXTRACT;0;
329.2705;47;-41.26257;-0.2701035;3;12;EXTRACT;0;
331.2705;47;-41.26257;-0.2701035;3;11;EXTRACT;0;
333.2706;47;-41.26257;-0.2701035;3;10;EXTRACT;0;
335.2708;47;-41.26257;-0.2701035;3;9;EXTRACT;0;
337.2708;47;-41.26257;-0.2701035;3;8;EXTRACT;0;
339.2709;47;-41.26257;-0.2701035;3;7;EXTRACT;0;
341.2709;47;-41.26257;-0.2701035;3;6;EXTRACT;0;
343.271;47;-41.26257;-0.2701035;3;5;EXTRACT;0;
345.271;47;-41.26257;-0.2701035;3;4;EXTRACT;0;
347.2711;47;-41.26257;-0.2701035;3;3;EXTRACT;0;
349.2711;47;-41.26257;-0.2701035;3;2;EXTRACT;0;
351.2712;47;-41.26257;-0.2701035;3;1;EXTRACT;0;
353.2714;47;-41.26257;-0.2701035;3;0;EXTRACT;0;
353.2714;47;-41.26257;-0.2701035;3;0;DESTROYED;;
353.288;52;-21.42411;15.23059;3;16;CREATED;;
369.84;37;-35.91032;25.75882;3;16;DISCOVER;0;
372.8553;37;-35.91032;25.75882;3;15;EXTRACT;0;
374.8553;37;-35.91032;25.75882;3;14;EXTRACT;0;
376.8555;37;-35.91032;25.75882;3;13;EXTRACT;0;
378.8555;37;-35.91032;25.75882;3;12;EXTRACT;0;
380.8556;37;-35.91032;25.75882;3;11;EXTRACT;0;
382.8557;37;-35.91032;25.75882;3;10;EXTRACT;0;
384.8557;37;-35.91032;25.75882;3;9;EXTRACT;0;
386.8557;37;-35.91032;25.75882;3;8;EXTRACT;0;
388.8558;37;-35.91032;25.75882;3;7;EXTRACT;0;
390.856;37;-35.91032;25.75882;3;6;EXTRACT;0;
392.856;37;-35.91032;25.75882;3;5;EXTRACT;0;
394.8561;37;-35.91032;25.75882;3;4;EXTRACT;0;
396.8561;37;-35.91032;25.75882;3;3;EXTRACT;0;
398.8562;37;-35.91032;25.75882;3;2;EXTRACT;0;
400.8562;37;-35.91032;25.75882;3;1;EXTRACT;0;
402.8563;37;-35.91032;25.75882;3;0;EXTRACT;0;
402.8563;37;-35.91032;25.75882;3;0;DESTROYED;;
402.8896;53;42.71318;39.70407;3;16;CREATED;;
429.4399;40;-19.07094;41.93283;3;16;DISCOVER;0;
432.9241;40;-19.07094;41.93283;3;15;EXTRACT;0;
434.9241;40;-19.07094;41.93283;3;14;EXTRACT;0;
436.9242;40;-19.07094;41.93283;3;13;EXTRACT;0;
438.9242;40;-19.07094;41.93283;3;12;EXTRACT;0;
440.9242;40;-19.07094;41.93283;3;11;EXTRACT;0;
442.9243;40;-19.07094;41.93283;3;10;EXTRACT;0;
444.9244;40;-19.07094;41.93283;3;9;EXTRACT;0;
446.9244;40;-19.07094;41.93283;3;8;EXTRACT;0;
448.9246;40;-19.07094;41.93283;3;7;EXTRACT;0;
450.9246;40;-19.07094;41.93283;3;6;EXTRACT;0;
452.9247;40;-19.07094;41.93283;3;5;EXTRACT;0;
454.9248;40;-19.07094;41.93283;3;4;EXTRACT;0;
456.9248;40;-19.07094;41.93283;3;3;EXTRACT;0;
458.9249;40;-19.07094;41.93283;3;2;EXTRACT;0;
460.9249;40;-19.07094;41.93283;3;1;EXTRACT;0;
462.925;40;-19.07094;41.93283;3;0;EXTRACT;0;
462.925;40;-19.07094;41.93283;3;0;DESTROYED;;
462.9751;54;36.18433;39.52777;3;16;CREATED;;
509.64;54;36.18433;39.52777;3;16;DISCOVER;0;
512.9934;54;36.18433;39.52777;3;15;EXTRACT;0;
514.9934;54;36.18433;39.52777;3;14;EXTRACT;0;
516.9935;54;36.18433;39.52777;3;13;EXTRACT;0;
518.9935;54;36.18433;39.52777;3;12;EXTRACT;0;
520.9937;54;36.18433;39.52777;3;11;EXTRACT;0;
522.9938;54;36.18433;39.52777;3;10;EXTRACT;0;
524.9938;54;36.18433;39.52777;3;9;EXTRACT;0;
526.9939;54;36.18433;39.52777;3;8;EXTRACT;0;
528.9939;54;36.18433;39.52777;3;7;EXTRACT;0;
530.994;54;36.18433;39.52777;3;6;EXTRACT;0;
532.994;54;36.18433;39.52777;3;5;EXTRACT;0;
534.9941;54;36.18433;39.52777;3;4;EXTRACT;0;
536.9941;54;36.18433;39.52777;3;3;EXTRACT;0;
538.9943;54;36.18433;39.52777;3;2;EXTRACT;0;
540.9944;54;36.18433;39.52777;3;1;EXTRACT;0;
542.9944;54;36.18433;39.52777;3;0;EXTRACT;0;
542.9944;54;36.18433;39.52777;3;0;DESTROYED;;
543.0111;55;-8.373646;-7.016365;3;16;CREATED;;
591.4399;50;38.93497;-23.71174;3;16;DISCOVER;0;
594.5461;50;38.93497;-23.71174;3;15;EXTRACT;0;
596.5463;50;38.93497;-23.71174;3;14;EXTRACT;0;
598.5463;50;38.93497;-23.71174;3;13;EXTRACT;0;
600.5464;50;38.93497;-23.71174;3;12;EXTRACT;0;
602.5464;50;38.93497;-23.71174;3;11;EXTRACT;0;
604.5465;50;38.93497;-23.71174;3;10;EXTRACT;0;
606.5465;50;38.93497;-23.71174;3;9;EXTRACT;0;
608.5466;50;38.93497;-23.71174;3;8;EXTRACT;0;
610.5634;50;38.93497;-23.71174;3;7;EXTRACT;0;
612.5634;50;38.93497;-23.71174;3;6;EXTRACT;0;
614.5635;50;38.93497;-23.71174;3;5;EXTRACT;0;
616.5802;50;38.93497;-23.71174;3;4;EXTRACT;0;
618.5802;50;38.93497;-23.71174;3;3;EXTRACT;0;
620.5803;50;38.93497;-23.71174;3;2;EXTRACT;0;
622.5804;50;38.93497;-23.71174;3;1;EXTRACT;0;
624.5804;50;38.93497;-23.71174;3;0;EXTRACT;0;
624.5804;50;38.93497;-23.71174;3;0;DESTROYED;;
624.6138;56;-7.690125;34.76351;3;16;CREATED;;
