Time;PatchID;PositionX;PositionZ;Radius;CoinAmount;PatchEvent;TriggerPlayer;
0;32;-29.96739;-27.14606;3;16;CREATED;;
0;33;-24.53136;-21.54001;3;16;CREATED;;
0;34;-15.39308;6.121792;3;16;CREATED;;
0;35;10.16436;-29.32986;3;16;CREATED;;
0;36;-5.023331;1.441917;3;16;CREATED;;
0;37;35.76594;-21.60729;3;16;CREATED;;
0;38;23.95637;-17.32593;3;16;CREATED;;
0;39;-39.83693;-22.014;3;16;CREATED;;
0;40;2.943592;22.90061;3;16;CREATED;;
0;41;-4.657928;33.34382;3;16;CREATED;;
0;42;-30.80665;0.36689;3;16;CREATED;;
0;43;31.32973;-5.962654;3;16;CREATED;;
0;44;-31.7246;-12.86604;3;16;CREATED;;
0;45;-32.83127;-19.11236;3;16;CREATED;;
0;46;26.38005;29.01246;3;16;CREATED;;
11.92004;36;-5.023331;1.441917;3;16;DISCOVER;0;
14.86743;36;-5.023331;1.441917;3;15;EXTRACT;0;
16.86755;36;-5.023331;1.441917;3;14;EXTRACT;0;
18.86755;36;-5.023331;1.441917;3;13;EXTRACT;0;
20.86768;36;-5.023331;1.441917;3;12;EXTRACT;0;
22.86768;36;-5.023331;1.441917;3;11;EXTRACT;0;
24.8678;36;-5.023331;1.441917;3;10;EXTRACT;0;
26.8678;36;-5.023331;1.441917;3;9;EXTRACT;0;
28.86792;36;-5.023331;1.441917;3;8;EXTRACT;0;
30.86804;36;-5.023331;1.441917;3;7;EXTRACT;0;
32.86804;36;-5.023331;1.441917;3;6;EXTRACT;0;
34.86816;36;-5.023331;1.441917;3;5;EXTRACT;0;
36.86816;36;-5.023331;1.441917;3;4;EXTRACT;0;
38.86829;36;-5.023331;1.441917;3;3;EXTRACT;0;
40.86829;36;-5.023331;1.441917;3;2;EXTRACT;0;
42.86841;36;-5.023331;1.441917;3;1;EXTRACT;0;
44.86841;36;-5.023331;1.441917;3;0;EXTRACT;0;
44.86841;36;-5.023331;1.441917;3;0;DESTROYED;;
44.90173;47;-11.07813;-40.29427;3;16;CREATED;;
158.16;43;31.32973;-5.962654;3;16;DISCOVER;0;
161.3223;43;31.32973;-5.962654;3;15;EXTRACT;0;
163.3224;43;31.32973;-5.962654;3;14;EXTRACT;0;
165.3224;43;31.32973;-5.962654;3;13;EXTRACT;0;
167.3225;43;31.32973;-5.962654;3;12;EXTRACT;0;
169.3225;43;31.32973;-5.962654;3;11;EXTRACT;0;
171.3226;43;31.32973;-5.962654;3;10;EXTRACT;0;
173.3228;43;31.32973;-5.962654;3;9;EXTRACT;0;
175.3228;43;31.32973;-5.962654;3;8;EXTRACT;0;
177.3229;43;31.32973;-5.962654;3;7;EXTRACT;0;
179.3229;43;31.32973;-5.962654;3;6;EXTRACT;0;
181.323;43;31.32973;-5.962654;3;5;EXTRACT;0;
183.323;43;31.32973;-5.962654;3;4;EXTRACT;0;
185.3231;43;31.32973;-5.962654;3;3;EXTRACT;0;
187.3231;43;31.32973;-5.962654;3;2;EXTRACT;0;
189.3232;43;31.32973;-5.962654;3;1;EXTRACT;0;
191.3232;43;31.32973;-5.962654;3;0;EXTRACT;0;
191.3232;43;31.32973;-5.962654;3;0;DESTROYED;;
191.34;48;9.729408;2.993168;3;16;CREATED;;
222.4401;38;23.95637;-17.32593;3;16;DISCOVER;0;
225.5911;38;23.95637;-17.32593;3;15;EXTRACT;0;
227.5912;38;23.95637;-17.32593;3;14;EXTRACT;0;
229.5912;38;23.95637;-17.32593;3;13;EXTRACT;0;
231.5913;38;23.95637;-17.32593;3;12;EXTRACT;0;
233.5913;38;23.95637;-17.32593;3;11;EXTRACT;0;
235.5914;38;23.95637;-17.32593;3;10;EXTRACT;0;
237.5916;38;23.95637;-17.32593;3;9;EXTRACT;0;
239.5916;38;23.95637;-17.32593;3;8;EXTRACT;0;
241.5917;38;23.95637;-17.32593;3;7;EXTRACT;0;
243.5917;38;23.95637;-17.32593;3;6;EXTRACT;0;
245.5918;38;23.95637;-17.32593;3;5;EXTRACT;0;
247.6085;38;23.95637;-17.32593;3;4;EXTRACT;0;
249.6085;38;23.95637;-17.32593;3;3;EXTRACT;0;
251.6086;38;23.95637;-17.32593;3;2;EXTRACT;0;
253.6086;38;23.95637;-17.32593;3;1;EXTRACT;0;
255.6088;38;23.95637;-17.32593;3;0;EXTRACT;0;
255.6088;38;23.95637;-17.32593;3;0;DESTROYED;;
255.6254;49;18.06971;11.37835;3;16;CREATED;;
321.4;35;10.16436;-29.32986;3;16;DISCOVER;0;
324.5444;35;10.16436;-29.32986;3;15;EXTRACT;0;
326.5444;35;10.16436;-29.32986;3;14;EXTRACT;0;
328.5446;35;10.16436;-29.32986;3;13;EXTRACT;0;
330.5446;35;10.16436;-29.32986;3;12;EXTRACT;0;
332.5447;35;10.16436;-29.32986;3;11;EXTRACT;0;
334.5447;35;10.16436;-29.32986;3;10;EXTRACT;0;
336.5448;35;10.16436;-29.32986;3;9;EXTRACT;0;
338.5448;35;10.16436;-29.32986;3;8;EXTRACT;0;
340.5449;35;10.16436;-29.32986;3;7;EXTRACT;0;
342.545;35;10.16436;-29.32986;3;6;EXTRACT;0;
344.545;35;10.16436;-29.32986;3;5;EXTRACT;0;
346.545;35;10.16436;-29.32986;3;4;EXTRACT;0;
348.5452;35;10.16436;-29.32986;3;3;EXTRACT;0;
350.5453;35;10.16436;-29.32986;3;2;EXTRACT;0;
352.5453;35;10.16436;-29.32986;3;1;EXTRACT;0;
354.5454;35;10.16436;-29.32986;3;0;EXTRACT;0;
354.5454;35;10.16436;-29.32986;3;0;DESTROYED;;
354.5786;50;4.81636;39.2625;3;16;CREATED;;
402.8401;50;4.81636;39.2625;3;16;DISCOVER;0;
406.1804;50;4.81636;39.2625;3;15;EXTRACT;0;
408.1804;50;4.81636;39.2625;3;14;EXTRACT;0;
410.1805;50;4.81636;39.2625;3;13;EXTRACT;0;
412.1807;50;4.81636;39.2625;3;12;EXTRACT;0;
414.1807;50;4.81636;39.2625;3;11;EXTRACT;0;
416.1808;50;4.81636;39.2625;3;10;EXTRACT;0;
418.1808;50;4.81636;39.2625;3;9;EXTRACT;0;
420.1809;50;4.81636;39.2625;3;8;EXTRACT;0;
422.1809;50;4.81636;39.2625;3;7;EXTRACT;0;
424.181;50;4.81636;39.2625;3;6;EXTRACT;0;
426.181;50;4.81636;39.2625;3;5;EXTRACT;0;
428.1812;50;4.81636;39.2625;3;4;EXTRACT;0;
430.1812;50;4.81636;39.2625;3;3;EXTRACT;0;
432.1813;50;4.81636;39.2625;3;2;EXTRACT;0;
434.1814;50;4.81636;39.2625;3;1;EXTRACT;0;
436.1814;50;4.81636;39.2625;3;0;EXTRACT;0;
436.1814;50;4.81636;39.2625;3;0;DESTROYED;;
436.2147;51;-9.748268;39.08337;3;16;CREATED;;
483.48;47;-11.07813;-40.29427;3;16;DISCOVER;0;
486.5664;47;-11.07813;-40.29427;3;15;EXTRACT;0;
488.5664;47;-11.07813;-40.29427;3;14;EXTRACT;0;
490.5665;47;-11.07813;-40.29427;3;13;EXTRACT;0;
492.5667;47;-11.07813;-40.29427;3;12;EXTRACT;0;
494.5667;47;-11.07813;-40.29427;3;11;EXTRACT;0;
496.5667;47;-11.07813;-40.29427;3;10;EXTRACT;0;
498.5668;47;-11.07813;-40.29427;3;9;EXTRACT;0;
500.5669;47;-11.07813;-40.29427;3;8;EXTRACT;0;
502.5669;47;-11.07813;-40.29427;3;7;EXTRACT;0;
504.567;47;-11.07813;-40.29427;3;6;EXTRACT;0;
506.567;47;-11.07813;-40.29427;3;5;EXTRACT;0;
508.5671;47;-11.07813;-40.29427;3;4;EXTRACT;0;
510.5673;47;-11.07813;-40.29427;3;3;EXTRACT;0;
512.5673;47;-11.07813;-40.29427;3;2;EXTRACT;0;
514.5674;47;-11.07813;-40.29427;3;1;EXTRACT;0;
516.5674;47;-11.07813;-40.29427;3;0;EXTRACT;0;
516.5674;47;-11.07813;-40.29427;3;0;DESTROYED;;
516.584;52;-37.76982;-30.8547;3;16;CREATED;;
541.8401;34;-15.39308;6.121792;3;16;DISCOVER;0;
544.885;34;-15.39308;6.121792;3;15;EXTRACT;0;
546.885;34;-15.39308;6.121792;3;14;EXTRACT;0;
548.8851;34;-15.39308;6.121792;3;13;EXTRACT;0;
550.8851;34;-15.39308;6.121792;3;12;EXTRACT;0;
552.8853;34;-15.39308;6.121792;3;11;EXTRACT;0;
554.8854;34;-15.39308;6.121792;3;10;EXTRACT;0;
556.8854;34;-15.39308;6.121792;3;9;EXTRACT;0;
558.8855;34;-15.39308;6.121792;3;8;EXTRACT;0;
560.8855;34;-15.39308;6.121792;3;7;EXTRACT;0;
562.8856;34;-15.39308;6.121792;3;6;EXTRACT;0;
564.8856;34;-15.39308;6.121792;3;5;EXTRACT;0;
566.8856;34;-15.39308;6.121792;3;4;EXTRACT;0;
568.8859;34;-15.39308;6.121792;3;3;EXTRACT;0;
570.8859;34;-15.39308;6.121792;3;2;EXTRACT;0;
572.8859;34;-15.39308;6.121792;3;1;EXTRACT;0;
574.886;34;-15.39308;6.121792;3;0;EXTRACT;0;
574.886;34;-15.39308;6.121792;3;0;DESTROYED;;
574.9026;53;38.34753;39.41191;3;16;CREATED;;
626.5601;33;-24.53136;-21.54001;3;16;DISCOVER;0;
629.7878;33;-24.53136;-21.54001;3;15;EXTRACT;0;
631.7878;33;-24.53136;-21.54001;3;14;EXTRACT;0;
633.788;33;-24.53136;-21.54001;3;13;EXTRACT;0;
635.788;33;-24.53136;-21.54001;3;12;EXTRACT;0;
637.7881;33;-24.53136;-21.54001;3;11;EXTRACT;0;
639.7881;33;-24.53136;-21.54001;3;10;EXTRACT;0;
641.7882;33;-24.53136;-21.54001;3;9;EXTRACT;0;
643.7883;33;-24.53136;-21.54001;3;8;EXTRACT;0;
645.7883;33;-24.53136;-21.54001;3;7;EXTRACT;0;
647.7883;33;-24.53136;-21.54001;3;6;EXTRACT;0;
649.7885;33;-24.53136;-21.54001;3;5;EXTRACT;0;
651.7886;33;-24.53136;-21.54001;3;4;EXTRACT;0;
653.7886;33;-24.53136;-21.54001;3;3;EXTRACT;0;
655.7887;33;-24.53136;-21.54001;3;2;EXTRACT;0;
657.7887;33;-24.53136;-21.54001;3;1;EXTRACT;0;
659.7888;33;-24.53136;-21.54001;3;0;EXTRACT;0;
659.7888;33;-24.53136;-21.54001;3;0;DESTROYED;;
659.8221;54;4.067081;44.91448;3;16;CREATED;;
678.8;32;-29.96739;-27.14606;3;16;DISCOVER;0;
681.8895;32;-29.96739;-27.14606;3;15;EXTRACT;0;
683.8896;32;-29.96739;-27.14606;3;14;EXTRACT;0;
685.8896;32;-29.96739;-27.14606;3;13;EXTRACT;0;
687.8898;32;-29.96739;-27.14606;3;12;EXTRACT;0;
689.8899;32;-29.96739;-27.14606;3;11;EXTRACT;0;
691.9065;32;-29.96739;-27.14606;3;10;EXTRACT;0;
693.9066;32;-29.96739;-27.14606;3;9;EXTRACT;0;
695.9066;32;-29.96739;-27.14606;3;8;EXTRACT;0;
697.9067;32;-29.96739;-27.14606;3;7;EXTRACT;0;
699.9067;32;-29.96739;-27.14606;3;6;EXTRACT;0;
701.9069;32;-29.96739;-27.14606;3;5;EXTRACT;0;
703.907;32;-29.96739;-27.14606;3;4;EXTRACT;0;
705.907;32;-29.96739;-27.14606;3;3;EXTRACT;0;
707.9071;32;-29.96739;-27.14606;3;2;EXTRACT;0;
709.9071;32;-29.96739;-27.14606;3;1;EXTRACT;0;
711.9072;32;-29.96739;-27.14606;3;0;EXTRACT;0;
711.9072;32;-29.96739;-27.14606;3;0;DESTROYED;;
711.9406;55;39.71775;-38.34107;3;16;CREATED;;
