Time;PatchID;PositionX;PositionZ;Radius;CoinAmount;PatchEvent;TriggerPlayer;
0;115;-23.70411;42.23564;3;48;CREATED;;
0;116;-38.57938;14.87988;3;48;CREATED;;
0;117;38.99558;-32.90094;3;48;CREATED;;
0;118;2.75573;-38.24766;3;48;CREATED;;
0;119;23.547;8.759285;3;48;CREATED;;
20.1189;115;-23.70411;42.23564;3;48;DISCOVER;2;
22.60767;115;-23.70411;42.23564;3;48;DISCOVER;1;
24.61279;115;-23.70411;42.23564;3;47;EXTRACT;2;
26.29883;115;-23.70411;42.23564;3;46;EXTRACT;1;
26.61865;115;-23.70411;42.23564;3;45;EXTRACT;2;
28.30225;115;-23.70411;42.23564;3;44;EXTRACT;1;
28.6228;115;-23.70411;42.23564;3;43;EXTRACT;2;
30.30859;115;-23.70411;42.23564;3;42;EXTRACT;1;
30.58862;115;-23.70411;42.23564;3;41;EXTRACT;2;
32.31226;115;-23.70411;42.23564;3;40;EXTRACT;1;
32.59277;115;-23.70411;42.23564;3;39;EXTRACT;2;
34.31763;115;-23.70411;42.23564;3;38;EXTRACT;1;
34.6001;115;-23.70411;42.23564;3;37;EXTRACT;2;
36.28247;115;-23.70411;42.23564;3;36;EXTRACT;1;
36.60352;115;-23.70411;42.23564;3;35;EXTRACT;2;
38.28857;115;-23.70411;42.23564;3;34;EXTRACT;1;
38.60913;115;-23.70411;42.23564;3;33;EXTRACT;2;
40.29443;115;-23.70411;42.23564;3;32;EXTRACT;1;
40.61401;115;-23.70411;42.23564;3;31;EXTRACT;2;
42.31152;115;-23.70411;42.23564;3;30;EXTRACT;1;
42.59277;115;-23.70411;42.23564;3;29;EXTRACT;2;
44.28052;115;-23.70411;42.23564;3;28;EXTRACT;1;
44.60107;115;-23.70411;42.23564;3;27;EXTRACT;2;
46.28491;115;-23.70411;42.23564;3;26;EXTRACT;1;
46.60498;115;-23.70411;42.23564;3;25;EXTRACT;2;
48.28882;115;-23.70411;42.23564;3;24;EXTRACT;1;
48.61108;115;-23.70411;42.23564;3;23;EXTRACT;2;
50.29834;115;-23.70411;42.23564;3;22;EXTRACT;1;
50.62109;115;-23.70411;42.23564;3;21;EXTRACT;2;
52.31372;115;-23.70411;42.23564;3;20;EXTRACT;1;
52.59424;115;-23.70411;42.23564;3;19;EXTRACT;2;
54.31763;115;-23.70411;42.23564;3;18;EXTRACT;1;
54.6001;115;-23.70411;42.23564;3;17;EXTRACT;2;
56.28345;115;-23.70411;42.23564;3;16;EXTRACT;1;
56.60498;115;-23.70411;42.23564;3;15;EXTRACT;2;
58.29126;115;-23.70411;42.23564;3;14;EXTRACT;1;
58.61157;115;-23.70411;42.23564;3;13;EXTRACT;2;
60.29639;115;-23.70411;42.23564;3;12;EXTRACT;1;
60.61792;115;-23.70411;42.23564;3;11;EXTRACT;2;
62.30762;115;-23.70411;42.23564;3;10;EXTRACT;1;
62.58765;115;-23.70411;42.23564;3;9;EXTRACT;2;
64.31201;115;-23.70411;42.23564;3;8;EXTRACT;1;
64.59253;115;-23.70411;42.23564;3;7;EXTRACT;2;
66.31812;115;-23.70411;42.23564;3;6;EXTRACT;1;
66.59814;115;-23.70411;42.23564;3;5;EXTRACT;2;
68.28589;115;-23.70411;42.23564;3;4;EXTRACT;1;
68.6084;115;-23.70411;42.23564;3;3;EXTRACT;2;
70.29517;115;-23.70411;42.23564;3;2;EXTRACT;1;
70.62207;115;-23.70411;42.23564;3;1;EXTRACT;2;
72.31299;115;-23.70411;42.23564;3;0;EXTRACT;1;
72.28003;115;-23.70411;42.23564;3;0;DESTROYED;;
72.31299;120;-44.51508;-33.88802;3;48;CREATED;;
106.5801;117;38.99558;-32.90094;3;48;DISCOVER;3;
109.4297;117;38.99558;-32.90094;3;47;EXTRACT;3;
111.4346;117;38.99558;-32.90094;3;46;EXTRACT;3;
111.5552;117;38.99558;-32.90094;3;46;DISCOVER;0;
113.4399;117;38.99558;-32.90094;3;45;EXTRACT;3;
114.4438;117;38.99558;-32.90094;3;44;EXTRACT;0;
115.4512;117;38.99558;-32.90094;3;43;EXTRACT;3;
116.458;117;38.99558;-32.90094;3;42;EXTRACT;0;
116.979;119;23.547;8.759285;3;48;DISCOVER;1;
117.4609;117;38.99558;-32.90094;3;41;EXTRACT;3;
118.4653;117;38.99558;-32.90094;3;40;EXTRACT;0;
119.4683;117;38.99558;-32.90094;3;39;EXTRACT;3;
120.4297;117;38.99558;-32.90094;3;38;EXTRACT;0;
120.9507;119;23.547;8.759285;3;47;EXTRACT;1;
121.4326;117;38.99558;-32.90094;3;37;EXTRACT;3;
122.4355;117;38.99558;-32.90094;3;36;EXTRACT;0;
122.9561;119;23.547;8.759285;3;46;EXTRACT;1;
123.4375;117;38.99558;-32.90094;3;35;EXTRACT;3;
124.4399;117;38.99558;-32.90094;3;34;EXTRACT;0;
124.9624;119;23.547;8.759285;3;45;EXTRACT;1;
125.4453;117;38.99558;-32.90094;3;33;EXTRACT;3;
126.4478;117;38.99558;-32.90094;3;32;EXTRACT;0;
126.9683;119;23.547;8.759285;3;44;EXTRACT;1;
127.4492;117;38.99558;-32.90094;3;31;EXTRACT;3;
128.4517;117;38.99558;-32.90094;3;30;EXTRACT;0;
128.9731;119;23.547;8.759285;3;43;EXTRACT;1;
129.4531;117;38.99558;-32.90094;3;29;EXTRACT;3;
130.4561;117;38.99558;-32.90094;3;28;EXTRACT;0;
130.9766;119;23.547;8.759285;3;42;EXTRACT;1;
131.459;117;38.99558;-32.90094;3;27;EXTRACT;3;
132.4629;117;38.99558;-32.90094;3;26;EXTRACT;0;
132.9834;119;23.547;8.759285;3;41;EXTRACT;1;
133.4639;117;38.99558;-32.90094;3;25;EXTRACT;3;
134.4678;117;38.99558;-32.90094;3;24;EXTRACT;0;
134.9893;119;23.547;8.759285;3;40;EXTRACT;1;
135.4312;117;38.99558;-32.90094;3;23;EXTRACT;3;
136.4756;117;38.99558;-32.90094;3;22;EXTRACT;0;
136.9976;119;23.547;8.759285;3;39;EXTRACT;1;
137.439;117;38.99558;-32.90094;3;21;EXTRACT;3;
138.4814;117;38.99558;-32.90094;3;20;EXTRACT;0;
139.0029;119;23.547;8.759285;3;38;EXTRACT;1;
139.4443;117;38.99558;-32.90094;3;19;EXTRACT;3;
140.4858;117;38.99558;-32.90094;3;18;EXTRACT;0;
141.0083;119;23.547;8.759285;3;37;EXTRACT;1;
141.4497;117;38.99558;-32.90094;3;17;EXTRACT;3;
142.4517;117;38.99558;-32.90094;3;16;EXTRACT;0;
143.0132;119;23.547;8.759285;3;36;EXTRACT;1;
143.4546;117;38.99558;-32.90094;3;15;EXTRACT;3;
144.458;117;38.99558;-32.90094;3;14;EXTRACT;0;
145.0195;119;23.547;8.759285;3;35;EXTRACT;1;
145.4604;117;38.99558;-32.90094;3;13;EXTRACT;3;
146.4644;117;38.99558;-32.90094;3;12;EXTRACT;0;
146.9849;119;23.547;8.759285;3;34;EXTRACT;1;
147.4663;117;38.99558;-32.90094;3;11;EXTRACT;3;
148.4688;117;38.99558;-32.90094;3;10;EXTRACT;0;
148.9902;119;23.547;8.759285;3;33;EXTRACT;1;
149.4321;117;38.99558;-32.90094;3;9;EXTRACT;3;
150.4771;117;38.99558;-32.90094;3;8;EXTRACT;0;
150.999;119;23.547;8.759285;3;32;EXTRACT;1;
151.4409;117;38.99558;-32.90094;3;7;EXTRACT;3;
152.4844;117;38.99558;-32.90094;3;6;EXTRACT;0;
153.0068;119;23.547;8.759285;3;31;EXTRACT;1;
153.4463;117;38.99558;-32.90094;3;5;EXTRACT;3;
154.4492;117;38.99558;-32.90094;3;4;EXTRACT;0;
155.0117;119;23.547;8.759285;3;30;EXTRACT;1;
155.4531;117;38.99558;-32.90094;3;3;EXTRACT;3;
156.4556;117;38.99558;-32.90094;3;2;EXTRACT;0;
157.0166;119;23.547;8.759285;3;29;EXTRACT;1;
157.457;117;38.99558;-32.90094;3;1;EXTRACT;3;
158.4595;117;38.99558;-32.90094;3;0;EXTRACT;0;
158.4399;117;38.99558;-32.90094;3;0;DESTROYED;;
158.4595;121;-19.57859;-22.92711;3;48;CREATED;;
159.021;119;23.547;8.759285;3;28;EXTRACT;1;
160.9893;119;23.547;8.759285;3;27;EXTRACT;1;
162.9951;119;23.547;8.759285;3;26;EXTRACT;1;
165.002;119;23.547;8.759285;3;25;EXTRACT;1;
167.0088;119;23.547;8.759285;3;24;EXTRACT;1;
169.0137;119;23.547;8.759285;3;23;EXTRACT;1;
170.623;116;-38.57938;14.87988;3;48;DISCOVER;2;
170.9844;119;23.547;8.759285;3;22;EXTRACT;1;
172.9888;119;23.547;8.759285;3;21;EXTRACT;1;
174.6729;116;-38.57938;14.87988;3;47;EXTRACT;2;
174.9927;119;23.547;8.759285;3;20;EXTRACT;1;
176.6772;116;-38.57938;14.87988;3;46;EXTRACT;2;
176.9985;119;23.547;8.759285;3;19;EXTRACT;1;
178.6489;116;-38.57938;14.87988;3;45;EXTRACT;2;
179.0103;119;23.547;8.759285;3;18;EXTRACT;1;
180.6543;116;-38.57938;14.87988;3;44;EXTRACT;2;
181.0151;119;23.547;8.759285;3;17;EXTRACT;1;
181.7832;118;2.75573;-38.24766;3;48;DISCOVER;0;
182.6655;116;-38.57938;14.87988;3;43;EXTRACT;2;
182.9858;119;23.547;8.759285;3;16;EXTRACT;1;
184.0303;118;2.75573;-38.24766;3;48;DISCOVER;3;
184.6724;116;-38.57938;14.87988;3;42;EXTRACT;2;
184.6724;118;2.75573;-38.24766;3;47;EXTRACT;0;
184.9922;119;23.547;8.759285;3;15;EXTRACT;1;
186.6758;116;-38.57938;14.87988;3;41;EXTRACT;2;
186.6758;118;2.75573;-38.24766;3;46;EXTRACT;0;
186.9961;119;23.547;8.759285;3;14;EXTRACT;1;
187.1558;118;2.75573;-38.24766;3;45;EXTRACT;3;
188.6777;116;-38.57938;14.87988;3;40;EXTRACT;2;
188.6777;118;2.75573;-38.24766;3;44;EXTRACT;0;
188.998;119;23.547;8.759285;3;13;EXTRACT;1;
189.1582;118;2.75573;-38.24766;3;43;EXTRACT;3;
190.6445;116;-38.57938;14.87988;3;39;EXTRACT;2;
190.6846;118;2.75573;-38.24766;3;42;EXTRACT;0;
191.0044;119;23.547;8.759285;3;12;EXTRACT;1;
191.1719;118;2.75573;-38.24766;3;41;EXTRACT;3;
192.6563;116;-38.57938;14.87988;3;38;EXTRACT;2;
192.6963;118;2.75573;-38.24766;3;40;EXTRACT;0;
193.0161;119;23.547;8.759285;3;11;EXTRACT;1;
193.1362;118;2.75573;-38.24766;3;39;EXTRACT;3;
194.6587;116;-38.57938;14.87988;3;37;EXTRACT;2;
194.6987;118;2.75573;-38.24766;3;38;EXTRACT;0;
195.0195;119;23.547;8.759285;3;10;EXTRACT;1;
195.1396;118;2.75573;-38.24766;3;37;EXTRACT;3;
196.6631;116;-38.57938;14.87988;3;36;EXTRACT;2;
196.7031;118;2.75573;-38.24766;3;36;EXTRACT;0;
197.0234;119;23.547;8.759285;3;9;EXTRACT;1;
197.1436;118;2.75573;-38.24766;3;35;EXTRACT;3;
198.667;116;-38.57938;14.87988;3;35;EXTRACT;2;
198.667;118;2.75573;-38.24766;3;34;EXTRACT;0;
198.9878;119;23.547;8.759285;3;8;EXTRACT;1;
199.1489;118;2.75573;-38.24766;3;33;EXTRACT;3;
200.6694;116;-38.57938;14.87988;3;34;EXTRACT;2;
200.6694;118;2.75573;-38.24766;3;32;EXTRACT;0;
200.9893;119;23.547;8.759285;3;7;EXTRACT;1;
201.1494;118;2.75573;-38.24766;3;31;EXTRACT;3;
202.6704;116;-38.57938;14.87988;3;33;EXTRACT;2;
202.6704;118;2.75573;-38.24766;3;30;EXTRACT;0;
202.9902;119;23.547;8.759285;3;6;EXTRACT;1;
203.1509;118;2.75573;-38.24766;3;29;EXTRACT;3;
204.6729;116;-38.57938;14.87988;3;32;EXTRACT;2;
204.6729;118;2.75573;-38.24766;3;28;EXTRACT;0;
204.9927;119;23.547;8.759285;3;5;EXTRACT;1;
205.1528;118;2.75573;-38.24766;3;27;EXTRACT;3;
206.6738;116;-38.57938;14.87988;3;31;EXTRACT;2;
206.6738;118;2.75573;-38.24766;3;26;EXTRACT;0;
206.9941;119;23.547;8.759285;3;4;EXTRACT;1;
207.1543;118;2.75573;-38.24766;3;25;EXTRACT;3;
208.6758;116;-38.57938;14.87988;3;30;EXTRACT;2;
208.6758;118;2.75573;-38.24766;3;24;EXTRACT;0;
208.9961;119;23.547;8.759285;3;3;EXTRACT;1;
209.1563;118;2.75573;-38.24766;3;23;EXTRACT;3;
210.6777;116;-38.57938;14.87988;3;29;EXTRACT;2;
210.6777;118;2.75573;-38.24766;3;22;EXTRACT;0;
210.998;119;23.547;8.759285;3;2;EXTRACT;1;
211.1577;118;2.75573;-38.24766;3;21;EXTRACT;3;
212.6411;116;-38.57938;14.87988;3;28;EXTRACT;2;
212.6812;118;2.75573;-38.24766;3;20;EXTRACT;0;
213.002;119;23.547;8.759285;3;1;EXTRACT;1;
213.1621;118;2.75573;-38.24766;3;19;EXTRACT;3;
214.6445;116;-38.57938;14.87988;3;27;EXTRACT;2;
214.6846;118;2.75573;-38.24766;3;18;EXTRACT;0;
215.0049;119;23.547;8.759285;3;0;EXTRACT;1;
215;119;23.547;8.759285;3;0;DESTROYED;;
215.0049;122;38.079;14.11074;3;48;CREATED;;
215.1655;118;2.75573;-38.24766;3;17;EXTRACT;3;
216.6484;116;-38.57938;14.87988;3;26;EXTRACT;2;
216.6885;118;2.75573;-38.24766;3;16;EXTRACT;0;
217.1704;118;2.75573;-38.24766;3;15;EXTRACT;3;
218.6543;116;-38.57938;14.87988;3;25;EXTRACT;2;
218.6943;118;2.75573;-38.24766;3;14;EXTRACT;0;
219.1357;118;2.75573;-38.24766;3;13;EXTRACT;3;
220.6611;116;-38.57938;14.87988;3;24;EXTRACT;2;
220.7012;118;2.75573;-38.24766;3;12;EXTRACT;0;
221.1411;118;2.75573;-38.24766;3;11;EXTRACT;3;
222.6729;116;-38.57938;14.87988;3;23;EXTRACT;2;
222.6729;118;2.75573;-38.24766;3;10;EXTRACT;0;
223.1548;118;2.75573;-38.24766;3;9;EXTRACT;3;
224.6421;116;-38.57938;14.87988;3;22;EXTRACT;2;
224.6821;118;2.75573;-38.24766;3;8;EXTRACT;0;
225.165;118;2.75573;-38.24766;3;7;EXTRACT;3;
226.6509;116;-38.57938;14.87988;3;21;EXTRACT;2;
226.6909;118;2.75573;-38.24766;3;6;EXTRACT;0;
227.1719;118;2.75573;-38.24766;3;5;EXTRACT;3;
228.6563;116;-38.57938;14.87988;3;20;EXTRACT;2;
228.6958;118;2.75573;-38.24766;3;4;EXTRACT;0;
229.1362;118;2.75573;-38.24766;3;3;EXTRACT;3;
230.6631;116;-38.57938;14.87988;3;19;EXTRACT;2;
230.7031;118;2.75573;-38.24766;3;2;EXTRACT;0;
231.145;118;2.75573;-38.24766;3;1;EXTRACT;3;
232.6685;116;-38.57938;14.87988;3;18;EXTRACT;2;
232.6685;118;2.75573;-38.24766;3;0;EXTRACT;0;
232.6401;118;2.75573;-38.24766;3;0;DESTROYED;;
232.6685;123;35.18615;37.37608;3;48;CREATED;;
234.6606;116;-38.57938;14.87988;3;17;EXTRACT;2;
236.6499;116;-38.57938;14.87988;3;16;EXTRACT;2;
238.6636;116;-38.57938;14.87988;3;15;EXTRACT;2;
239.187;123;35.18615;37.37608;3;48;DISCOVER;1;
240.6685;116;-38.57938;14.87988;3;14;EXTRACT;2;
242.6777;116;-38.57938;14.87988;3;13;EXTRACT;2;
243.1211;123;35.18615;37.37608;3;47;EXTRACT;1;
244.647;116;-38.57938;14.87988;3;12;EXTRACT;2;
245.0898;123;35.18615;37.37608;3;46;EXTRACT;1;
246.6577;116;-38.57938;14.87988;3;11;EXTRACT;2;
247.0991;123;35.18615;37.37608;3;45;EXTRACT;1;
248.667;116;-38.57938;14.87988;3;10;EXTRACT;2;
249.1079;123;35.18615;37.37608;3;44;EXTRACT;1;
250.6704;116;-38.57938;14.87988;3;9;EXTRACT;2;
251.1128;123;35.18615;37.37608;3;43;EXTRACT;1;
252.6772;116;-38.57938;14.87988;3;8;EXTRACT;2;
253.1182;123;35.18615;37.37608;3;42;EXTRACT;1;
254.6421;116;-38.57938;14.87988;3;7;EXTRACT;2;
255.124;123;35.18615;37.37608;3;41;EXTRACT;1;
256.6475;116;-38.57938;14.87988;3;6;EXTRACT;2;
257.0898;123;35.18615;37.37608;3;40;EXTRACT;1;
258.6543;116;-38.57938;14.87988;3;5;EXTRACT;2;
259.0967;123;35.18615;37.37608;3;39;EXTRACT;1;
260.6606;116;-38.57938;14.87988;3;4;EXTRACT;2;
261.1011;123;35.18615;37.37608;3;38;EXTRACT;1;
262.6646;116;-38.57938;14.87988;3;3;EXTRACT;2;
263.1055;123;35.18615;37.37608;3;37;EXTRACT;1;
264.5474;120;-44.51508;-33.88802;3;48;DISCOVER;3;
264.6675;116;-38.57938;14.87988;3;2;EXTRACT;2;
265.1079;123;35.18615;37.37608;3;36;EXTRACT;1;
266.6704;116;-38.57938;14.87988;3;1;EXTRACT;2;
267.1108;123;35.18615;37.37608;3;35;EXTRACT;1;
267.7139;120;-44.51508;-33.88802;3;47;EXTRACT;3;
268.6777;116;-38.57938;14.87988;3;0;EXTRACT;2;
268.6401;116;-38.57938;14.87988;3;0;DESTROYED;;
268.6777;124;21.58397;6.255871;3;48;CREATED;;
269.1182;123;35.18615;37.37608;3;34;EXTRACT;1;
269.7183;120;-44.51508;-33.88802;3;46;EXTRACT;3;
271.1211;123;35.18615;37.37608;3;33;EXTRACT;1;
271.7217;120;-44.51508;-33.88802;3;45;EXTRACT;3;
273.1235;123;35.18615;37.37608;3;32;EXTRACT;1;
273.7246;120;-44.51508;-33.88802;3;44;EXTRACT;3;
275.0908;123;35.18615;37.37608;3;31;EXTRACT;1;
275.6919;120;-44.51508;-33.88802;3;43;EXTRACT;3;
277.0952;123;35.18615;37.37608;3;30;EXTRACT;1;
277.6963;120;-44.51508;-33.88802;3;42;EXTRACT;3;
279.0996;123;35.18615;37.37608;3;29;EXTRACT;1;
279.7007;120;-44.51508;-33.88802;3;41;EXTRACT;3;
281.1064;123;35.18615;37.37608;3;28;EXTRACT;1;
281.7075;120;-44.51508;-33.88802;3;40;EXTRACT;3;
283.1138;123;35.18615;37.37608;3;27;EXTRACT;1;
283.7158;120;-44.51508;-33.88802;3;39;EXTRACT;3;
285.1216;123;35.18615;37.37608;3;26;EXTRACT;1;
285.7241;120;-44.51508;-33.88802;3;38;EXTRACT;3;
287.1279;123;35.18615;37.37608;3;25;EXTRACT;1;
287.689;120;-44.51508;-33.88802;3;37;EXTRACT;3;
289.0928;123;35.18615;37.37608;3;24;EXTRACT;1;
289.6963;120;-44.51508;-33.88802;3;36;EXTRACT;3;
291.1025;123;35.18615;37.37608;3;23;EXTRACT;1;
291.7061;120;-44.51508;-33.88802;3;35;EXTRACT;3;
293.1138;123;35.18615;37.37608;3;22;EXTRACT;1;
293.7153;120;-44.51508;-33.88802;3;34;EXTRACT;3;
295.1177;123;35.18615;37.37608;3;21;EXTRACT;1;
295.7197;120;-44.51508;-33.88802;3;33;EXTRACT;3;
297.1265;123;35.18615;37.37608;3;20;EXTRACT;1;
297.6885;120;-44.51508;-33.88802;3;32;EXTRACT;3;
299.1333;123;35.18615;37.37608;3;19;EXTRACT;1;
299.6948;120;-44.51508;-33.88802;3;31;EXTRACT;3;
301.1372;123;35.18615;37.37608;3;18;EXTRACT;1;
301.6978;120;-44.51508;-33.88802;3;30;EXTRACT;3;
303.1436;123;35.18615;37.37608;3;17;EXTRACT;1;
303.707;120;-44.51508;-33.88802;3;29;EXTRACT;3;
305.1108;123;35.18615;37.37608;3;16;EXTRACT;1;
305.7119;120;-44.51508;-33.88802;3;28;EXTRACT;3;
307.1191;123;35.18615;37.37608;3;15;EXTRACT;1;
307.7212;120;-44.51508;-33.88802;3;27;EXTRACT;3;
309.125;123;35.18615;37.37608;3;14;EXTRACT;1;
309.7261;120;-44.51508;-33.88802;3;26;EXTRACT;3;
311.1323;123;35.18615;37.37608;3;13;EXTRACT;1;
311.6953;120;-44.51508;-33.88802;3;25;EXTRACT;3;
313.1392;123;35.18615;37.37608;3;12;EXTRACT;1;
313.7007;120;-44.51508;-33.88802;3;24;EXTRACT;3;
315.1426;123;35.18615;37.37608;3;11;EXTRACT;1;
315.7061;120;-44.51508;-33.88802;3;23;EXTRACT;3;
317.1499;123;35.18615;37.37608;3;10;EXTRACT;1;
317.7109;120;-44.51508;-33.88802;3;22;EXTRACT;3;
319.1572;123;35.18615;37.37608;3;9;EXTRACT;1;
319.7183;120;-44.51508;-33.88802;3;21;EXTRACT;3;
321.1621;123;35.18615;37.37608;3;8;EXTRACT;1;
321.7222;120;-44.51508;-33.88802;3;20;EXTRACT;3;
323.1685;123;35.18615;37.37608;3;7;EXTRACT;1;
323.6909;120;-44.51508;-33.88802;3;19;EXTRACT;3;
325.1748;123;35.18615;37.37608;3;6;EXTRACT;1;
325.6958;120;-44.51508;-33.88802;3;18;EXTRACT;3;
327.1406;123;35.18615;37.37608;3;5;EXTRACT;1;
327.2607;122;38.079;14.11074;3;48;DISCOVER;2;
327.7021;120;-44.51508;-33.88802;3;17;EXTRACT;3;
329.1465;123;35.18615;37.37608;3;4;EXTRACT;1;
329.7104;120;-44.51508;-33.88802;3;16;EXTRACT;3;
331.1533;123;35.18615;37.37608;3;3;EXTRACT;1;
331.5532;122;38.079;14.11074;3;47;EXTRACT;2;
331.7139;120;-44.51508;-33.88802;3;15;EXTRACT;3;
333.1577;123;35.18615;37.37608;3;2;EXTRACT;1;
333.5591;122;38.079;14.11074;3;46;EXTRACT;2;
333.7192;120;-44.51508;-33.88802;3;14;EXTRACT;3;
335.1626;123;35.18615;37.37608;3;1;EXTRACT;1;
335.5649;122;38.079;14.11074;3;45;EXTRACT;2;
335.7251;120;-44.51508;-33.88802;3;13;EXTRACT;3;
337.1709;123;35.18615;37.37608;3;0;EXTRACT;1;
337.1602;123;35.18615;37.37608;3;0;DESTROYED;;
337.1709;125;-13.85015;19.28868;3;48;CREATED;;
337.5723;122;38.079;14.11074;3;44;EXTRACT;2;
337.6924;120;-44.51508;-33.88802;3;12;EXTRACT;3;
339.5791;122;38.079;14.11074;3;43;EXTRACT;2;
339.6992;120;-44.51508;-33.88802;3;11;EXTRACT;3;
341.5825;122;38.079;14.11074;3;42;EXTRACT;2;
341.7026;120;-44.51508;-33.88802;3;10;EXTRACT;3;
343.5488;122;38.079;14.11074;3;41;EXTRACT;2;
343.709;120;-44.51508;-33.88802;3;9;EXTRACT;3;
345.5552;122;38.079;14.11074;3;40;EXTRACT;2;
345.7153;120;-44.51508;-33.88802;3;8;EXTRACT;3;
347.561;122;38.079;14.11074;3;39;EXTRACT;2;
347.7217;120;-44.51508;-33.88802;3;7;EXTRACT;3;
349.5684;122;38.079;14.11074;3;38;EXTRACT;2;
349.689;120;-44.51508;-33.88802;3;6;EXTRACT;3;
351.5752;122;38.079;14.11074;3;37;EXTRACT;2;
351.6958;120;-44.51508;-33.88802;3;5;EXTRACT;3;
353.5796;122;38.079;14.11074;3;36;EXTRACT;2;
353.7007;120;-44.51508;-33.88802;3;4;EXTRACT;3;
355.582;122;38.079;14.11074;3;35;EXTRACT;2;
355.7021;120;-44.51508;-33.88802;3;3;EXTRACT;3;
357.5845;122;38.079;14.11074;3;34;EXTRACT;2;
357.7046;120;-44.51508;-33.88802;3;2;EXTRACT;3;
357.8252;121;-19.57859;-22.92711;3;48;DISCOVER;0;
359.5483;122;38.079;14.11074;3;33;EXTRACT;2;
359.7085;120;-44.51508;-33.88802;3;1;EXTRACT;3;
361.2744;121;-19.57859;-22.92711;3;47;EXTRACT;0;
361.5547;122;38.079;14.11074;3;32;EXTRACT;2;
361.7144;120;-44.51508;-33.88802;3;0;EXTRACT;3;
361.6802;120;-44.51508;-33.88802;3;0;DESTROYED;;
361.7144;126;-29.66702;-34.27323;3;48;CREATED;;
363.2773;121;-19.57859;-22.92711;3;46;EXTRACT;0;
363.5586;122;38.079;14.11074;3;31;EXTRACT;2;
365.2871;121;-19.57859;-22.92711;3;45;EXTRACT;0;
365.5688;122;38.079;14.11074;3;30;EXTRACT;2;
367.2944;121;-19.57859;-22.92711;3;44;EXTRACT;0;
367.5762;122;38.079;14.11074;3;29;EXTRACT;2;
369.2578;121;-19.57859;-22.92711;3;43;EXTRACT;0;
369.5781;122;38.079;14.11074;3;28;EXTRACT;2;
371.2617;121;-19.57859;-22.92711;3;42;EXTRACT;0;
371.5835;122;38.079;14.11074;3;27;EXTRACT;2;
373.269;121;-19.57859;-22.92711;3;41;EXTRACT;0;
373.5503;122;38.079;14.11074;3;26;EXTRACT;2;
375.2749;121;-19.57859;-22.92711;3;40;EXTRACT;0;
375.5557;122;38.079;14.11074;3;25;EXTRACT;2;
377.2783;121;-19.57859;-22.92711;3;39;EXTRACT;0;
377.5586;122;38.079;14.11074;3;24;EXTRACT;2;
379.2837;121;-19.57859;-22.92711;3;38;EXTRACT;0;
379.564;122;38.079;14.11074;3;23;EXTRACT;2;
381.2905;121;-19.57859;-22.92711;3;37;EXTRACT;0;
381.5698;122;38.079;14.11074;3;22;EXTRACT;2;
383.2944;121;-19.57859;-22.92711;3;36;EXTRACT;0;
383.5752;122;38.079;14.11074;3;21;EXTRACT;2;
385.2974;121;-19.57859;-22.92711;3;35;EXTRACT;0;
385.5786;122;38.079;14.11074;3;20;EXTRACT;2;
387.2627;121;-19.57859;-22.92711;3;34;EXTRACT;0;
387.5835;122;38.079;14.11074;3;19;EXTRACT;2;
389.2681;121;-19.57859;-22.92711;3;33;EXTRACT;0;
389.5869;122;38.079;14.11074;3;18;EXTRACT;2;
391.2734;121;-19.57859;-22.92711;3;32;EXTRACT;0;
391.5547;122;38.079;14.11074;3;17;EXTRACT;2;
393.2798;121;-19.57859;-22.92711;3;31;EXTRACT;0;
393.5605;122;38.079;14.11074;3;16;EXTRACT;2;
395.2852;121;-19.57859;-22.92711;3;30;EXTRACT;0;
395.5659;122;38.079;14.11074;3;15;EXTRACT;2;
397.2881;121;-19.57859;-22.92711;3;29;EXTRACT;0;
397.5698;122;38.079;14.11074;3;14;EXTRACT;2;
399.2954;121;-19.57859;-22.92711;3;28;EXTRACT;0;
399.5762;122;38.079;14.11074;3;13;EXTRACT;2;
401.2998;121;-19.57859;-22.92711;3;27;EXTRACT;0;
401.5801;122;38.079;14.11074;3;12;EXTRACT;2;
403.2632;121;-19.57859;-22.92711;3;26;EXTRACT;0;
403.584;122;38.079;14.11074;3;11;EXTRACT;2;
405.2686;121;-19.57859;-22.92711;3;25;EXTRACT;0;
405.5889;122;38.079;14.11074;3;10;EXTRACT;2;
407.2729;121;-19.57859;-22.92711;3;24;EXTRACT;0;
407.5938;122;38.079;14.11074;3;9;EXTRACT;2;
409.2754;121;-19.57859;-22.92711;3;23;EXTRACT;0;
409.5962;122;38.079;14.11074;3;8;EXTRACT;2;
411.2788;121;-19.57859;-22.92711;3;22;EXTRACT;0;
411.6001;122;38.079;14.11074;3;7;EXTRACT;2;
413.2837;121;-19.57859;-22.92711;3;21;EXTRACT;0;
413.5645;122;38.079;14.11074;3;6;EXTRACT;2;
415.2896;121;-19.57859;-22.92711;3;20;EXTRACT;0;
415.5698;122;38.079;14.11074;3;5;EXTRACT;2;
417.293;121;-19.57859;-22.92711;3;19;EXTRACT;0;
417.5732;122;38.079;14.11074;3;4;EXTRACT;2;
419.2964;121;-19.57859;-22.92711;3;18;EXTRACT;0;
419.5781;122;38.079;14.11074;3;3;EXTRACT;2;
421.2637;121;-19.57859;-22.92711;3;17;EXTRACT;0;
421.5845;122;38.079;14.11074;3;2;EXTRACT;2;
423.2666;121;-19.57859;-22.92711;3;16;EXTRACT;0;
423.5874;122;38.079;14.11074;3;1;EXTRACT;2;
425.2729;121;-19.57859;-22.92711;3;15;EXTRACT;0;
425.5933;122;38.079;14.11074;3;0;EXTRACT;2;
425.5601;122;38.079;14.11074;3;0;DESTROYED;;
425.5933;127;12.88202;-23.67995;3;48;CREATED;;
427.2788;121;-19.57859;-22.92711;3;14;EXTRACT;0;
429.2832;121;-19.57859;-22.92711;3;13;EXTRACT;0;
431.2915;121;-19.57859;-22.92711;3;12;EXTRACT;0;
433.2998;121;-19.57859;-22.92711;3;11;EXTRACT;0;
435.2656;121;-19.57859;-22.92711;3;10;EXTRACT;0;
437.2686;121;-19.57859;-22.92711;3;9;EXTRACT;0;
439.2729;121;-19.57859;-22.92711;3;8;EXTRACT;0;
441.2822;121;-19.57859;-22.92711;3;7;EXTRACT;0;
443.2856;121;-19.57859;-22.92711;3;6;EXTRACT;0;
445.291;121;-19.57859;-22.92711;3;5;EXTRACT;0;
447.2974;121;-19.57859;-22.92711;3;4;EXTRACT;0;
449.2637;121;-19.57859;-22.92711;3;3;EXTRACT;0;
451.2715;121;-19.57859;-22.92711;3;2;EXTRACT;0;
453.2788;121;-19.57859;-22.92711;3;1;EXTRACT;0;
455.2031;125;-13.85015;19.28868;3;48;DISCOVER;2;
455.2832;121;-19.57859;-22.92711;3;0;EXTRACT;0;
455.2803;121;-19.57859;-22.92711;3;0;DESTROYED;;
455.2832;128;28.79002;11.85042;3;48;CREATED;;
459.4561;125;-13.85015;19.28868;3;47;EXTRACT;2;
461.4639;125;-13.85015;19.28868;3;46;EXTRACT;2;
463.4683;125;-13.85015;19.28868;3;45;EXTRACT;2;
465.4741;125;-13.85015;19.28868;3;44;EXTRACT;2;
467.4785;125;-13.85015;19.28868;3;43;EXTRACT;2;
469.4839;125;-13.85015;19.28868;3;42;EXTRACT;2;
471.4888;125;-13.85015;19.28868;3;41;EXTRACT;2;
473.4536;125;-13.85015;19.28868;3;40;EXTRACT;2;
475.458;125;-13.85015;19.28868;3;39;EXTRACT;2;
475.979;124;21.58397;6.255871;3;48;DISCOVER;3;
477.4673;125;-13.85015;19.28868;3;38;EXTRACT;2;
478.4302;125;-13.85015;19.28868;3;38;DISCOVER;1;
478.9907;124;21.58397;6.255871;3;47;EXTRACT;3;
479.4717;125;-13.85015;19.28868;3;37;EXTRACT;2;
480.957;125;-13.85015;19.28868;3;36;EXTRACT;1;
480.9976;124;21.58397;6.255871;3;46;EXTRACT;3;
481.4785;125;-13.85015;19.28868;3;35;EXTRACT;2;
482.96;125;-13.85015;19.28868;3;34;EXTRACT;1;
483;124;21.58397;6.255871;3;45;EXTRACT;3;
483.4814;125;-13.85015;19.28868;3;33;EXTRACT;2;
484.9648;125;-13.85015;19.28868;3;32;EXTRACT;1;
485.0049;124;21.58397;6.255871;3;44;EXTRACT;3;
485.4863;125;-13.85015;19.28868;3;31;EXTRACT;2;
486.9688;125;-13.85015;19.28868;3;30;EXTRACT;1;
487.0093;124;21.58397;6.255871;3;43;EXTRACT;3;
487.4517;125;-13.85015;19.28868;3;29;EXTRACT;2;
488.9746;125;-13.85015;19.28868;3;28;EXTRACT;1;
489.0146;124;21.58397;6.255871;3;42;EXTRACT;3;
489.4565;125;-13.85015;19.28868;3;27;EXTRACT;2;
490.9805;125;-13.85015;19.28868;3;26;EXTRACT;1;
490.9805;124;21.58397;6.255871;3;41;EXTRACT;3;
491.4609;125;-13.85015;19.28868;3;25;EXTRACT;2;
492.9541;125;-13.85015;19.28868;3;24;EXTRACT;1;
492.9941;124;21.58397;6.255871;3;40;EXTRACT;3;
493.4756;125;-13.85015;19.28868;3;23;EXTRACT;2;
494.959;125;-13.85015;19.28868;3;22;EXTRACT;1;
494.999;124;21.58397;6.255871;3;39;EXTRACT;3;
495.48;125;-13.85015;19.28868;3;21;EXTRACT;2;
496.9644;125;-13.85015;19.28868;3;20;EXTRACT;1;
497.0044;124;21.58397;6.255871;3;38;EXTRACT;3;
497.4858;125;-13.85015;19.28868;3;19;EXTRACT;2;
498.9688;125;-13.85015;19.28868;3;18;EXTRACT;1;
499.0088;124;21.58397;6.255871;3;37;EXTRACT;3;
499.4902;125;-13.85015;19.28868;3;17;EXTRACT;2;
500.9741;125;-13.85015;19.28868;3;16;EXTRACT;1;
501.0142;124;21.58397;6.255871;3;36;EXTRACT;3;
501.4561;125;-13.85015;19.28868;3;15;EXTRACT;2;
502.978;125;-13.85015;19.28868;3;14;EXTRACT;1;
503.0186;124;21.58397;6.255871;3;35;EXTRACT;3;
503.4609;125;-13.85015;19.28868;3;13;EXTRACT;2;
504.9854;125;-13.85015;19.28868;3;12;EXTRACT;1;
504.9854;124;21.58397;6.255871;3;34;EXTRACT;3;
505.4668;125;-13.85015;19.28868;3;11;EXTRACT;2;
506.9902;125;-13.85015;19.28868;3;10;EXTRACT;1;
506.9902;124;21.58397;6.255871;3;33;EXTRACT;3;
507.4717;125;-13.85015;19.28868;3;9;EXTRACT;2;
508.7964;124;21.58397;6.255871;3;33;DISCOVER;0;
508.9966;125;-13.85015;19.28868;3;8;EXTRACT;1;
508.9966;124;21.58397;6.255871;3;32;EXTRACT;3;
509.4775;125;-13.85015;19.28868;3;7;EXTRACT;2;
510.9995;125;-13.85015;19.28868;3;6;EXTRACT;1;
510.9995;124;21.58397;6.255871;3;31;EXTRACT;3;
511.48;125;-13.85015;19.28868;3;5;EXTRACT;2;
511.521;124;21.58397;6.255871;3;30;EXTRACT;0;
512.9673;125;-13.85015;19.28868;3;4;EXTRACT;1;
513.0073;124;21.58397;6.255871;3;29;EXTRACT;3;
513.4873;125;-13.85015;19.28868;3;3;EXTRACT;2;
513.5278;124;21.58397;6.255871;3;28;EXTRACT;0;
514.9692;125;-13.85015;19.28868;3;2;EXTRACT;1;
515.0093;124;21.58397;6.255871;3;27;EXTRACT;3;
515.4902;125;-13.85015;19.28868;3;1;EXTRACT;2;
515.5303;124;21.58397;6.255871;3;26;EXTRACT;0;
516.9722;125;-13.85015;19.28868;3;0;EXTRACT;1;
516.96;125;-13.85015;19.28868;3;0;DESTROYED;;
516.9722;129;20.26317;-22.74851;3;48;CREATED;;
517.0122;124;21.58397;6.255871;3;25;EXTRACT;3;
517.5342;124;21.58397;6.255871;3;24;EXTRACT;0;
519.0161;124;21.58397;6.255871;3;23;EXTRACT;3;
519.5;124;21.58397;6.255871;3;22;EXTRACT;0;
521.0269;124;21.58397;6.255871;3;21;EXTRACT;3;
521.5122;124;21.58397;6.255871;3;20;EXTRACT;0;
522.9976;124;21.58397;6.255871;3;19;EXTRACT;3;
523.5195;124;21.58397;6.255871;3;18;EXTRACT;0;
525.0054;124;21.58397;6.255871;3;17;EXTRACT;3;
525.5273;124;21.58397;6.255871;3;16;EXTRACT;0;
527.0137;124;21.58397;6.255871;3;15;EXTRACT;3;
527.5308;124;21.58397;6.255871;3;14;EXTRACT;0;
529.0137;124;21.58397;6.255871;3;13;EXTRACT;3;
529.5361;124;21.58397;6.255871;3;12;EXTRACT;0;
531.021;124;21.58397;6.255871;3;11;EXTRACT;3;
531.5024;124;21.58397;6.255871;3;10;EXTRACT;0;
533.0259;124;21.58397;6.255871;3;9;EXTRACT;3;
533.5068;124;21.58397;6.255871;3;8;EXTRACT;0;
534.9976;124;21.58397;6.255871;3;7;EXTRACT;3;
535.5239;124;21.58397;6.255871;3;6;EXTRACT;0;
537.0127;124;21.58397;6.255871;3;5;EXTRACT;3;
537.5352;124;21.58397;6.255871;3;4;EXTRACT;0;
539.021;124;21.58397;6.255871;3;3;EXTRACT;3;
539.5029;124;21.58397;6.255871;3;2;EXTRACT;0;
541.0259;124;21.58397;6.255871;3;1;EXTRACT;3;
541.5083;124;21.58397;6.255871;3;0;EXTRACT;0;
541.48;124;21.58397;6.255871;3;0;DESTROYED;;
541.5083;130;-37.80254;-23.05657;3;48;CREATED;;
566.062;129;20.26317;-22.74851;3;48;DISCOVER;0;
569.2705;129;20.26317;-22.74851;3;47;EXTRACT;0;
571.2729;129;20.26317;-22.74851;3;46;EXTRACT;0;
573.2764;129;20.26317;-22.74851;3;45;EXTRACT;0;
575.2847;129;20.26317;-22.74851;3;44;EXTRACT;0;
577.2881;129;20.26317;-22.74851;3;43;EXTRACT;0;
579.2554;129;20.26317;-22.74851;3;42;EXTRACT;0;
581.2671;129;20.26317;-22.74851;3;41;EXTRACT;0;
583.2764;129;20.26317;-22.74851;3;40;EXTRACT;0;
585.2847;129;20.26317;-22.74851;3;39;EXTRACT;0;
587.2905;129;20.26317;-22.74851;3;38;EXTRACT;0;
589.2559;129;20.26317;-22.74851;3;37;EXTRACT;0;
591.1411;129;20.26317;-22.74851;3;37;DISCOVER;3;
591.2612;129;20.26317;-22.74851;3;36;EXTRACT;0;
592.2637;129;20.26317;-22.74851;3;36;DISCOVER;1;
593.2666;129;20.26317;-22.74851;3;35;EXTRACT;0;
593.9883;129;20.26317;-22.74851;3;34;EXTRACT;3;
595.1108;129;20.26317;-22.74851;3;33;EXTRACT;1;
595.271;129;20.26317;-22.74851;3;32;EXTRACT;0;
595.9521;129;20.26317;-22.74851;3;31;EXTRACT;3;
597.1147;129;20.26317;-22.74851;3;30;EXTRACT;1;
597.2754;129;20.26317;-22.74851;3;29;EXTRACT;0;
597.957;129;20.26317;-22.74851;3;28;EXTRACT;3;
599.1206;129;20.26317;-22.74851;3;27;EXTRACT;1;
599.2803;129;20.26317;-22.74851;3;26;EXTRACT;0;
599.9609;129;20.26317;-22.74851;3;25;EXTRACT;3;
601.1235;129;20.26317;-22.74851;3;24;EXTRACT;1;
601.2847;129;20.26317;-22.74851;3;23;EXTRACT;0;
601.9658;129;20.26317;-22.74851;3;22;EXTRACT;3;
603.1289;129;20.26317;-22.74851;3;21;EXTRACT;1;
603.2891;129;20.26317;-22.74851;3;20;EXTRACT;0;
603.9712;129;20.26317;-22.74851;3;19;EXTRACT;3;
605.1343;129;20.26317;-22.74851;3;18;EXTRACT;1;
605.2554;129;20.26317;-22.74851;3;17;EXTRACT;0;
605.979;129;20.26317;-22.74851;3;16;EXTRACT;3;
606.2988;127;12.88202;-23.67995;3;48;DISCOVER;2;
607.1421;129;20.26317;-22.74851;3;15;EXTRACT;1;
607.2622;129;20.26317;-22.74851;3;14;EXTRACT;0;
607.9834;129;20.26317;-22.74851;3;13;EXTRACT;3;
609.146;129;20.26317;-22.74851;3;12;EXTRACT;1;
609.2666;129;20.26317;-22.74851;3;11;EXTRACT;0;
609.9863;129;20.26317;-22.74851;3;10;EXTRACT;3;
610.3076;127;12.88202;-23.67995;3;47;EXTRACT;2;
611.1484;129;20.26317;-22.74851;3;9;EXTRACT;1;
611.2686;129;20.26317;-22.74851;3;8;EXTRACT;0;
611.9497;129;20.26317;-22.74851;3;7;EXTRACT;3;
612.3105;127;12.88202;-23.67995;3;46;EXTRACT;2;
613.1523;129;20.26317;-22.74851;3;6;EXTRACT;1;
613.2729;129;20.26317;-22.74851;3;5;EXTRACT;0;
613.9541;129;20.26317;-22.74851;3;4;EXTRACT;3;
614.2744;127;12.88202;-23.67995;3;45;EXTRACT;2;
615.1172;129;20.26317;-22.74851;3;3;EXTRACT;1;
615.2773;129;20.26317;-22.74851;3;2;EXTRACT;0;
615.958;129;20.26317;-22.74851;3;1;EXTRACT;3;
616.2783;127;12.88202;-23.67995;3;44;EXTRACT;2;
617.1187;129;20.26317;-22.74851;3;0;EXTRACT;1;
617.0801;129;20.26317;-22.74851;3;0;DESTROYED;;
617.1187;131;35.09487;-15.56471;3;48;CREATED;;
618.2808;127;12.88202;-23.67995;3;43;EXTRACT;2;
620.2905;127;12.88202;-23.67995;3;42;EXTRACT;2;
622.2974;127;12.88202;-23.67995;3;41;EXTRACT;2;
624.2998;127;12.88202;-23.67995;3;40;EXTRACT;2;
626.3047;127;12.88202;-23.67995;3;39;EXTRACT;2;
626.7061;127;12.88202;-23.67995;3;39;DISCOVER;0;
628.3105;127;12.88202;-23.67995;3;38;EXTRACT;2;
629.4756;127;12.88202;-23.67995;3;37;EXTRACT;0;
630.2769;127;12.88202;-23.67995;3;36;EXTRACT;2;
631.4395;127;12.88202;-23.67995;3;35;EXTRACT;0;
632.2817;127;12.88202;-23.67995;3;34;EXTRACT;2;
633.4438;127;12.88202;-23.67995;3;33;EXTRACT;0;
634.2856;127;12.88202;-23.67995;3;32;EXTRACT;2;
635.4497;127;12.88202;-23.67995;3;31;EXTRACT;0;
636.292;127;12.88202;-23.67995;3;30;EXTRACT;2;
637.4536;127;12.88202;-23.67995;3;29;EXTRACT;0;
638.2168;128;28.79002;11.85042;3;48;DISCOVER;1;
638.2969;127;12.88202;-23.67995;3;28;EXTRACT;2;
639.4609;127;12.88202;-23.67995;3;27;EXTRACT;0;
640.3047;127;12.88202;-23.67995;3;26;EXTRACT;2;
641.4678;127;12.88202;-23.67995;3;25;EXTRACT;0;
641.9082;128;28.79002;11.85042;3;47;EXTRACT;1;
642.3096;127;12.88202;-23.67995;3;24;EXTRACT;2;
643.4707;127;12.88202;-23.67995;3;23;EXTRACT;0;
643.9116;128;28.79002;11.85042;3;46;EXTRACT;1;
644.3125;127;12.88202;-23.67995;3;22;EXTRACT;2;
645.4751;127;12.88202;-23.67995;3;21;EXTRACT;0;
645.9155;128;28.79002;11.85042;3;45;EXTRACT;1;
646.2764;127;12.88202;-23.67995;3;20;EXTRACT;2;
647.438;127;12.88202;-23.67995;3;19;EXTRACT;0;
647.9185;128;28.79002;11.85042;3;44;EXTRACT;1;
648.2793;127;12.88202;-23.67995;3;18;EXTRACT;2;
649.4429;127;12.88202;-23.67995;3;17;EXTRACT;0;
649.8843;128;28.79002;11.85042;3;43;EXTRACT;1;
650.2852;127;12.88202;-23.67995;3;16;EXTRACT;2;
651.4482;127;12.88202;-23.67995;3;15;EXTRACT;0;
651.8887;128;28.79002;11.85042;3;42;EXTRACT;1;
652.2896;127;12.88202;-23.67995;3;14;EXTRACT;2;
653.4541;127;12.88202;-23.67995;3;13;EXTRACT;0;
653.895;128;28.79002;11.85042;3;41;EXTRACT;1;
654.2964;127;12.88202;-23.67995;3;12;EXTRACT;2;
655.4585;127;12.88202;-23.67995;3;11;EXTRACT;0;
655.8999;128;28.79002;11.85042;3;40;EXTRACT;1;
656.3003;127;12.88202;-23.67995;3;10;EXTRACT;2;
657.4614;127;12.88202;-23.67995;3;9;EXTRACT;0;
657.9019;128;28.79002;11.85042;3;39;EXTRACT;1;
658.3032;127;12.88202;-23.67995;3;8;EXTRACT;2;
659.4663;127;12.88202;-23.67995;3;7;EXTRACT;0;
659.9067;128;28.79002;11.85042;3;38;EXTRACT;1;
660.3066;127;12.88202;-23.67995;3;6;EXTRACT;2;
661.4692;127;12.88202;-23.67995;3;5;EXTRACT;0;
661.9102;128;28.79002;11.85042;3;37;EXTRACT;1;
662.311;127;12.88202;-23.67995;3;4;EXTRACT;2;
663.4761;127;12.88202;-23.67995;3;3;EXTRACT;0;
663.917;128;28.79002;11.85042;3;36;EXTRACT;1;
664.2783;127;12.88202;-23.67995;3;2;EXTRACT;2;
665.4419;127;12.88202;-23.67995;3;1;EXTRACT;0;
665.9224;128;28.79002;11.85042;3;35;EXTRACT;1;
666.2837;127;12.88202;-23.67995;3;0;EXTRACT;2;
666.2803;127;12.88202;-23.67995;3;0;DESTROYED;;
666.2837;132;-12.87598;-25.20256;3;48;CREATED;;
667.9678;128;28.79002;11.85042;3;34;EXTRACT;1;
669.9727;128;28.79002;11.85042;3;33;EXTRACT;1;
671.9785;128;28.79002;11.85042;3;32;EXTRACT;1;
673.9839;128;28.79002;11.85042;3;31;EXTRACT;1;
675.9507;128;28.79002;11.85042;3;31;DISCOVER;3;
675.9507;128;28.79002;11.85042;3;30;EXTRACT;1;
677.9541;128;28.79002;11.85042;3;29;EXTRACT;1;
678.916;128;28.79002;11.85042;3;28;EXTRACT;3;
679.9595;128;28.79002;11.85042;3;27;EXTRACT;1;
680.9233;128;28.79002;11.85042;3;26;EXTRACT;3;
681.9648;128;28.79002;11.85042;3;25;EXTRACT;1;
682.3276;132;-12.87598;-25.20256;3;48;DISCOVER;2;
682.9297;128;28.79002;11.85042;3;24;EXTRACT;3;
683.9736;128;28.79002;11.85042;3;23;EXTRACT;1;
684.937;128;28.79002;11.85042;3;22;EXTRACT;3;
685.9795;128;28.79002;11.85042;3;21;EXTRACT;1;
686.2603;132;-12.87598;-25.20256;3;47;EXTRACT;2;
686.9019;128;28.79002;11.85042;3;20;EXTRACT;3;
687.9858;128;28.79002;11.85042;3;19;EXTRACT;1;
688.2661;132;-12.87598;-25.20256;3;46;EXTRACT;2;
688.9077;128;28.79002;11.85042;3;18;EXTRACT;3;
689.9521;128;28.79002;11.85042;3;17;EXTRACT;1;
690.2725;132;-12.87598;-25.20256;3;45;EXTRACT;2;
690.9126;128;28.79002;11.85042;3;16;EXTRACT;3;
691.9546;128;28.79002;11.85042;3;15;EXTRACT;1;
692.0742;132;-12.87598;-25.20256;3;45;DISCOVER;0;
692.2744;132;-12.87598;-25.20256;3;44;EXTRACT;2;
692.916;128;28.79002;11.85042;3;14;EXTRACT;3;
693.9565;128;28.79002;11.85042;3;13;EXTRACT;1;
694.2769;132;-12.87598;-25.20256;3;43;EXTRACT;2;
694.8384;132;-12.87598;-25.20256;3;42;EXTRACT;0;
694.918;128;28.79002;11.85042;3;12;EXTRACT;3;
695.959;128;28.79002;11.85042;3;11;EXTRACT;1;
696.2798;132;-12.87598;-25.20256;3;41;EXTRACT;2;
696.8403;132;-12.87598;-25.20256;3;40;EXTRACT;0;
696.9199;128;28.79002;11.85042;3;10;EXTRACT;3;
697.9609;128;28.79002;11.85042;3;9;EXTRACT;1;
698.2813;132;-12.87598;-25.20256;3;39;EXTRACT;2;
698.8413;132;-12.87598;-25.20256;3;38;EXTRACT;0;
698.9214;128;28.79002;11.85042;3;8;EXTRACT;3;
699.9629;128;28.79002;11.85042;3;7;EXTRACT;1;
700.2832;132;-12.87598;-25.20256;3;37;EXTRACT;2;
700.8433;132;-12.87598;-25.20256;3;36;EXTRACT;0;
700.9233;128;28.79002;11.85042;3;6;EXTRACT;3;
701.9653;128;28.79002;11.85042;3;5;EXTRACT;1;
702.2856;132;-12.87598;-25.20256;3;35;EXTRACT;2;
702.8462;132;-12.87598;-25.20256;3;34;EXTRACT;0;
702.9258;128;28.79002;11.85042;3;4;EXTRACT;3;
703.9668;128;28.79002;11.85042;3;3;EXTRACT;1;
704.2871;132;-12.87598;-25.20256;3;33;EXTRACT;2;
704.8472;132;-12.87598;-25.20256;3;32;EXTRACT;0;
704.9272;128;28.79002;11.85042;3;2;EXTRACT;3;
705.9688;128;28.79002;11.85042;3;1;EXTRACT;1;
706.2891;132;-12.87598;-25.20256;3;31;EXTRACT;2;
706.8491;132;-12.87598;-25.20256;3;30;EXTRACT;0;
706.9297;128;28.79002;11.85042;3;0;EXTRACT;3;
706.9199;128;28.79002;11.85042;3;0;DESTROYED;;
706.9297;133;4.800098;-39.8504;3;48;CREATED;;
708.29;132;-12.87598;-25.20256;3;29;EXTRACT;2;
708.8525;132;-12.87598;-25.20256;3;28;EXTRACT;0;
710.2939;132;-12.87598;-25.20256;3;27;EXTRACT;2;
710.854;132;-12.87598;-25.20256;3;26;EXTRACT;0;
712.2964;132;-12.87598;-25.20256;3;25;EXTRACT;2;
712.8579;132;-12.87598;-25.20256;3;24;EXTRACT;0;
714.3003;132;-12.87598;-25.20256;3;23;EXTRACT;2;
714.8618;132;-12.87598;-25.20256;3;22;EXTRACT;0;
716.3027;132;-12.87598;-25.20256;3;21;EXTRACT;2;
716.8633;132;-12.87598;-25.20256;3;20;EXTRACT;0;
718.3071;132;-12.87598;-25.20256;3;19;EXTRACT;2;
718.8291;132;-12.87598;-25.20256;3;18;EXTRACT;0;
