Time;PatchID;PositionX;PositionZ;Radius;CoinAmount;PatchEvent;TriggerPlayer;
0;64;17.85862;34.79504;3;16;CREATED;;
0;65;13.78214;-38.02823;3;16;CREATED;;
0;66;-27.49106;-29.91084;3;16;CREATED;;
0;67;33.43925;31.98521;3;16;CREATED;;
0;68;30.77486;-36.98277;3;16;CREATED;;
0;69;39.85532;18.98307;3;16;CREATED;;
0;70;-12.50088;37.29755;3;16;CREATED;;
0;71;-3.843773;-28.5675;3;16;CREATED;;
0;72;12.43025;-11.47394;3;16;CREATED;;
0;73;-39.16717;14.17305;3;16;CREATED;;
0;74;-34.02594;18.47755;3;16;CREATED;;
0;75;19.35374;-0.2053871;3;16;CREATED;;
0;76;-19.51708;-15.28602;3;16;CREATED;;
0;77;38.98833;-39.72292;3;16;CREATED;;
0;78;-21.42636;34.67749;3;16;CREATED;;
25.29565;71;-3.843773;-28.5675;3;16;DISCOVER;1;
29.0271;71;-3.843773;-28.5675;3;15;EXTRACT;1;
31.03589;71;-3.843773;-28.5675;3;14;EXTRACT;1;
32.56152;71;-3.843773;-28.5675;3;14;DISCOVER;0;
33.0415;71;-3.843773;-28.5675;3;13;EXTRACT;1;
35.04736;71;-3.843773;-28.5675;3;12;EXTRACT;1;
35.40796;71;-3.843773;-28.5675;3;11;EXTRACT;0;
37.05444;71;-3.843773;-28.5675;3;10;EXTRACT;1;
37.41699;71;-3.843773;-28.5675;3;9;EXTRACT;0;
39.02417;71;-3.843773;-28.5675;3;8;EXTRACT;1;
39.42529;71;-3.843773;-28.5675;3;7;EXTRACT;0;
41.02979;71;-3.843773;-28.5675;3;6;EXTRACT;1;
41.4314;71;-3.843773;-28.5675;3;5;EXTRACT;0;
43.04004;71;-3.843773;-28.5675;3;4;EXTRACT;1;
43.40112;71;-3.843773;-28.5675;3;3;EXTRACT;0;
45.04468;71;-3.843773;-28.5675;3;2;EXTRACT;1;
45.40527;71;-3.843773;-28.5675;3;1;EXTRACT;0;
47.05664;71;-3.843773;-28.5675;3;0;EXTRACT;1;
47.04004;71;-3.843773;-28.5675;3;0;DESTROYED;;
47.05664;79;-28.0475;12.87424;3;16;CREATED;;
59.40674;65;13.78214;-38.02823;3;16;DISCOVER;1;
62.37769;65;13.78214;-38.02823;3;15;EXTRACT;1;
63.86426;66;-27.49106;-29.91084;3;16;DISCOVER;0;
64.38745;65;13.78214;-38.02823;3;14;EXTRACT;1;
66.39429;65;13.78214;-38.02823;3;13;EXTRACT;1;
66.95605;66;-27.49106;-29.91084;3;15;EXTRACT;0;
68.40015;65;13.78214;-38.02823;3;12;EXTRACT;1;
68.9624;66;-27.49106;-29.91084;3;14;EXTRACT;0;
70.40576;65;13.78214;-38.02823;3;11;EXTRACT;1;
70.96875;66;-27.49106;-29.91084;3;13;EXTRACT;0;
72.41089;65;13.78214;-38.02823;3;10;EXTRACT;1;
72.97461;66;-27.49106;-29.91084;3;12;EXTRACT;0;
74.3772;65;13.78214;-38.02823;3;9;EXTRACT;1;
74.97852;66;-27.49106;-29.91084;3;11;EXTRACT;0;
76.38184;65;13.78214;-38.02823;3;8;EXTRACT;1;
76.98389;66;-27.49106;-29.91084;3;10;EXTRACT;0;
77.34448;77;38.98833;-39.72292;3;16;DISCOVER;2;
78.38892;65;13.78214;-38.02823;3;7;EXTRACT;1;
78.95093;66;-27.49106;-29.91084;3;9;EXTRACT;0;
80.40527;65;13.78214;-38.02823;3;6;EXTRACT;1;
80.96582;66;-27.49106;-29.91084;3;8;EXTRACT;0;
81.60791;77;38.98833;-39.72292;3;15;EXTRACT;2;
82.41211;65;13.78214;-38.02823;3;5;EXTRACT;1;
82.97339;66;-27.49106;-29.91084;3;7;EXTRACT;0;
83.57715;77;38.98833;-39.72292;3;14;EXTRACT;2;
84.37915;65;13.78214;-38.02823;3;4;EXTRACT;1;
84.98071;66;-27.49106;-29.91084;3;6;EXTRACT;0;
85.58228;77;38.98833;-39.72292;3;13;EXTRACT;2;
86.38403;65;13.78214;-38.02823;3;3;EXTRACT;1;
86.98462;66;-27.49106;-29.91084;3;5;EXTRACT;0;
87.58594;77;38.98833;-39.72292;3;12;EXTRACT;2;
87.66577;73;-39.16717;14.17305;3;16;DISCOVER;3;
88.38916;65;13.78214;-38.02823;3;2;EXTRACT;1;
88.9502;66;-27.49106;-29.91084;3;4;EXTRACT;0;
89.59204;77;38.98833;-39.72292;3;11;EXTRACT;2;
90.39355;65;13.78214;-38.02823;3;1;EXTRACT;1;
90.91528;73;-39.16717;14.17305;3;15;EXTRACT;3;
90.95532;66;-27.49106;-29.91084;3;3;EXTRACT;0;
91.59937;77;38.98833;-39.72292;3;10;EXTRACT;2;
92.40039;65;13.78214;-38.02823;3;0;EXTRACT;1;
92.40015;65;13.78214;-38.02823;3;0;DESTROYED;;
92.40039;80;-10.77405;-41.33625;3;16;CREATED;;
92.92236;73;-39.16717;14.17305;3;14;EXTRACT;3;
92.96265;66;-27.49106;-29.91084;3;2;EXTRACT;0;
93.60352;77;38.98833;-39.72292;3;9;EXTRACT;2;
94.88672;73;-39.16717;14.17305;3;13;EXTRACT;3;
94.9668;66;-27.49106;-29.91084;3;1;EXTRACT;0;
95.60864;77;38.98833;-39.72292;3;8;EXTRACT;2;
96.89331;73;-39.16717;14.17305;3;12;EXTRACT;3;
96.97314;66;-27.49106;-29.91084;3;0;EXTRACT;0;
96.96021;66;-27.49106;-29.91084;3;0;DESTROYED;;
96.97314;81;-6.551743;12.87469;3;16;CREATED;;
97.61523;77;38.98833;-39.72292;3;7;EXTRACT;2;
98.89966;73;-39.16717;14.17305;3;11;EXTRACT;3;
99.58228;77;38.98833;-39.72292;3;6;EXTRACT;2;
100.905;73;-39.16717;14.17305;3;10;EXTRACT;3;
101.5898;77;38.98833;-39.72292;3;5;EXTRACT;2;
102.9146;73;-39.16717;14.17305;3;9;EXTRACT;3;
103.5981;77;38.98833;-39.72292;3;4;EXTRACT;2;
104.8862;73;-39.16717;14.17305;3;8;EXTRACT;3;
105.6077;77;38.98833;-39.72292;3;3;EXTRACT;2;
106.8896;73;-39.16717;14.17305;3;7;EXTRACT;3;
107.6108;77;38.98833;-39.72292;3;2;EXTRACT;2;
108.8953;73;-39.16717;14.17305;3;6;EXTRACT;3;
109.5769;77;38.98833;-39.72292;3;1;EXTRACT;2;
110.9019;73;-39.16717;14.17305;3;5;EXTRACT;3;
111.5842;77;38.98833;-39.72292;3;0;EXTRACT;2;
111.5601;77;38.98833;-39.72292;3;0;DESTROYED;;
111.5842;82;-34.28664;-35.24192;3;16;CREATED;;
112.9072;73;-39.16717;14.17305;3;4;EXTRACT;3;
114.9111;73;-39.16717;14.17305;3;3;EXTRACT;3;
116.9172;73;-39.16717;14.17305;3;2;EXTRACT;3;
118.8931;73;-39.16717;14.17305;3;1;EXTRACT;3;
120.8997;73;-39.16717;14.17305;3;0;EXTRACT;3;
120.8801;73;-39.16717;14.17305;3;0;DESTROYED;;
120.8997;83;-1.601048;31.40463;3;16;CREATED;;
144.6611;69;39.85532;18.98307;3;16;DISCOVER;2;
146.9468;70;-12.50088;37.29755;3;16;DISCOVER;3;
149.3916;69;39.85532;18.98307;3;15;EXTRACT;2;
149.9539;70;-12.50088;37.29755;3;15;EXTRACT;3;
151.3979;69;39.85532;18.98307;3;14;EXTRACT;2;
151.9609;70;-12.50088;37.29755;3;14;EXTRACT;3;
153.3647;69;39.85532;18.98307;3;13;EXTRACT;2;
153.9658;70;-12.50088;37.29755;3;13;EXTRACT;3;
155.3694;69;39.85532;18.98307;3;12;EXTRACT;2;
155.97;70;-12.50088;37.29755;3;12;EXTRACT;3;
156.9736;70;-12.50088;37.29755;3;12;DISCOVER;0;
157.3777;69;39.85532;18.98307;3;11;EXTRACT;2;
157.9421;70;-12.50088;37.29755;3;11;EXTRACT;3;
159.3867;69;39.85532;18.98307;3;10;EXTRACT;2;
159.5874;70;-12.50088;37.29755;3;10;EXTRACT;0;
159.948;70;-12.50088;37.29755;3;9;EXTRACT;3;
161.3909;69;39.85532;18.98307;3;9;EXTRACT;2;
161.5513;70;-12.50088;37.29755;3;8;EXTRACT;0;
161.9531;70;-12.50088;37.29755;3;7;EXTRACT;3;
163.3953;69;39.85532;18.98307;3;8;EXTRACT;2;
163.5566;70;-12.50088;37.29755;3;6;EXTRACT;0;
163.957;70;-12.50088;37.29755;3;5;EXTRACT;3;
165.4009;69;39.85532;18.98307;3;7;EXTRACT;2;
165.561;70;-12.50088;37.29755;3;4;EXTRACT;0;
165.9622;70;-12.50088;37.29755;3;3;EXTRACT;3;
167.3672;69;39.85532;18.98307;3;6;EXTRACT;2;
167.5671;70;-12.50088;37.29755;3;2;EXTRACT;0;
167.9673;70;-12.50088;37.29755;3;1;EXTRACT;3;
169.3708;69;39.85532;18.98307;3;5;EXTRACT;2;
169.5718;70;-12.50088;37.29755;3;0;EXTRACT;0;
169.5601;70;-12.50088;37.29755;3;0;DESTROYED;;
169.5718;84;40.04442;-43.03834;3;16;CREATED;;
171.3765;69;39.85532;18.98307;3;4;EXTRACT;2;
173.3845;69;39.85532;18.98307;3;3;EXTRACT;2;
175.3892;69;39.85532;18.98307;3;2;EXTRACT;2;
177.0073;83;-1.601048;31.40463;3;16;DISCOVER;0;
177.3684;69;39.85532;18.98307;3;1;EXTRACT;2;
179.3723;69;39.85532;18.98307;3;0;EXTRACT;2;
179.3601;69;39.85532;18.98307;3;0;DESTROYED;;
179.3723;85;-27.70998;-27.38385;3;16;CREATED;;
180.1353;83;-1.601048;31.40463;3;15;EXTRACT;0;
181.4592;80;-10.77405;-41.33625;3;16;DISCOVER;1;
182.1409;83;-1.601048;31.40463;3;14;EXTRACT;0;
184.1484;83;-1.601048;31.40463;3;13;EXTRACT;0;
185.2732;80;-10.77405;-41.33625;3;15;EXTRACT;1;
186.1548;83;-1.601048;31.40463;3;12;EXTRACT;0;
187.2776;80;-10.77405;-41.33625;3;14;EXTRACT;1;
188.1201;83;-1.601048;31.40463;3;11;EXTRACT;0;
189.2839;80;-10.77405;-41.33625;3;13;EXTRACT;1;
190.1257;83;-1.601048;31.40463;3;10;EXTRACT;0;
191.2883;80;-10.77405;-41.33625;3;12;EXTRACT;1;
192.1309;83;-1.601048;31.40463;3;9;EXTRACT;0;
193.2937;80;-10.77405;-41.33625;3;11;EXTRACT;1;
194.1348;83;-1.601048;31.40463;3;8;EXTRACT;0;
195.2961;80;-10.77405;-41.33625;3;10;EXTRACT;1;
196.1382;83;-1.601048;31.40463;3;7;EXTRACT;0;
197.2632;80;-10.77405;-41.33625;3;9;EXTRACT;1;
198.1465;83;-1.601048;31.40463;3;6;EXTRACT;0;
198.5876;67;33.43925;31.98521;3;16;DISCOVER;3;
199.2695;80;-10.77405;-41.33625;3;8;EXTRACT;1;
200.1521;83;-1.601048;31.40463;3;5;EXTRACT;0;
201.2754;80;-10.77405;-41.33625;3;7;EXTRACT;1;
201.7168;67;33.43925;31.98521;3;15;EXTRACT;3;
202.1189;83;-1.601048;31.40463;3;4;EXTRACT;0;
203.2832;80;-10.77405;-41.33625;3;6;EXTRACT;1;
203.7249;67;33.43925;31.98521;3;14;EXTRACT;3;
204.1252;83;-1.601048;31.40463;3;3;EXTRACT;0;
204.5664;67;33.43925;31.98521;3;14;DISCOVER;2;
205.2874;80;-10.77405;-41.33625;3;5;EXTRACT;1;
205.7285;67;33.43925;31.98521;3;13;EXTRACT;3;
206.1292;83;-1.601048;31.40463;3;2;EXTRACT;0;
207.293;80;-10.77405;-41.33625;3;4;EXTRACT;1;
207.7339;67;33.43925;31.98521;3;12;EXTRACT;3;
208.1343;83;-1.601048;31.40463;3;1;EXTRACT;0;
208.7346;67;33.43925;31.98521;3;11;EXTRACT;2;
209.2954;80;-10.77405;-41.33625;3;3;EXTRACT;1;
209.7363;67;33.43925;31.98521;3;10;EXTRACT;3;
210.1392;83;-1.601048;31.40463;3;0;EXTRACT;0;
210.1201;83;-1.601048;31.40463;3;0;DESTROYED;;
210.1392;86;33.26688;24.27986;3;16;CREATED;;
210.74;67;33.43925;31.98521;3;9;EXTRACT;2;
211.3008;80;-10.77405;-41.33625;3;2;EXTRACT;1;
211.7417;67;33.43925;31.98521;3;8;EXTRACT;3;
212.7439;67;33.43925;31.98521;3;7;EXTRACT;2;
213.2661;80;-10.77405;-41.33625;3;1;EXTRACT;1;
213.7078;67;33.43925;31.98521;3;6;EXTRACT;3;
214.7485;67;33.43925;31.98521;3;5;EXTRACT;2;
215.2695;80;-10.77405;-41.33625;3;0;EXTRACT;1;
215.24;80;-10.77405;-41.33625;3;0;DESTROYED;;
215.2695;87;-21.51768;-41.59091;3;16;CREATED;;
215.7114;67;33.43925;31.98521;3;4;EXTRACT;3;
216.7529;67;33.43925;31.98521;3;3;EXTRACT;2;
217.7156;67;33.43925;31.98521;3;2;EXTRACT;3;
218.7197;67;33.43925;31.98521;3;1;EXTRACT;2;
219.7222;67;33.43925;31.98521;3;0;EXTRACT;3;
219.7202;67;33.43925;31.98521;3;0;DESTROYED;;
219.7222;88;-27.635;40.59031;3;16;CREATED;;
221.8079;64;17.85862;34.79504;3;16;DISCOVER;0;
222.7305;87;-21.51768;-41.59091;3;16;DISCOVER;1;
224.7749;64;17.85862;34.79504;3;15;EXTRACT;0;
225.657;87;-21.51768;-41.59091;3;15;EXTRACT;1;
226.2996;86;33.26688;24.27986;3;16;DISCOVER;3;
226.7813;64;17.85862;34.79504;3;14;EXTRACT;0;
227.6641;87;-21.51768;-41.59091;3;14;EXTRACT;1;
228.7888;64;17.85862;34.79504;3;13;EXTRACT;0;
229.0674;86;33.26688;24.27986;3;15;EXTRACT;3;
229.6692;87;-21.51768;-41.59091;3;13;EXTRACT;1;
230.7908;64;17.85862;34.79504;3;12;EXTRACT;0;
231.0713;86;33.26688;24.27986;3;14;EXTRACT;3;
231.6333;87;-21.51768;-41.59091;3;12;EXTRACT;1;
232.7554;64;17.85862;34.79504;3;11;EXTRACT;0;
233.0764;86;33.26688;24.27986;3;13;EXTRACT;3;
233.6401;87;-21.51768;-41.59091;3;11;EXTRACT;1;
234.7612;64;17.85862;34.79504;3;10;EXTRACT;0;
235.0432;86;33.26688;24.27986;3;12;EXTRACT;3;
235.6458;87;-21.51768;-41.59091;3;10;EXTRACT;1;
236.7693;64;17.85862;34.79504;3;9;EXTRACT;0;
237.0496;86;33.26688;24.27986;3;11;EXTRACT;3;
237.6506;87;-21.51768;-41.59091;3;9;EXTRACT;1;
238.7742;64;17.85862;34.79504;3;8;EXTRACT;0;
239.0559;86;33.26688;24.27986;3;10;EXTRACT;3;
239.658;87;-21.51768;-41.59091;3;8;EXTRACT;1;
240.781;64;17.85862;34.79504;3;7;EXTRACT;0;
241.0618;86;33.26688;24.27986;3;9;EXTRACT;3;
241.6636;87;-21.51768;-41.59091;3;7;EXTRACT;1;
242.7876;64;17.85862;34.79504;3;6;EXTRACT;0;
243.0686;86;33.26688;24.27986;3;8;EXTRACT;3;
243.6707;87;-21.51768;-41.59091;3;6;EXTRACT;1;
244.7537;64;17.85862;34.79504;3;5;EXTRACT;0;
245.074;86;33.26688;24.27986;3;7;EXTRACT;3;
245.6753;87;-21.51768;-41.59091;3;5;EXTRACT;1;
246.7573;64;17.85862;34.79504;3;4;EXTRACT;0;
247.0786;86;33.26688;24.27986;3;6;EXTRACT;3;
247.6809;87;-21.51768;-41.59091;3;4;EXTRACT;1;
248.7612;64;17.85862;34.79504;3;3;EXTRACT;0;
249.0439;86;33.26688;24.27986;3;5;EXTRACT;3;
249.6855;87;-21.51768;-41.59091;3;3;EXTRACT;1;
250.7686;64;17.85862;34.79504;3;2;EXTRACT;0;
251.0498;86;33.26688;24.27986;3;4;EXTRACT;3;
251.6501;87;-21.51768;-41.59091;3;2;EXTRACT;1;
252.7725;64;17.85862;34.79504;3;1;EXTRACT;0;
253.053;86;33.26688;24.27986;3;3;EXTRACT;3;
253.6536;87;-21.51768;-41.59091;3;1;EXTRACT;1;
254.7756;64;17.85862;34.79504;3;0;EXTRACT;0;
254.76;64;17.85862;34.79504;3;0;DESTROYED;;
254.7756;89;7.694202;5.471809;3;16;CREATED;;
255.0608;86;33.26688;24.27986;3;2;EXTRACT;3;
255.6609;87;-21.51768;-41.59091;3;0;EXTRACT;1;
255.6401;87;-21.51768;-41.59091;3;0;DESTROYED;;
255.6609;90;-18.22126;-25.42246;3;16;CREATED;;
257.063;86;33.26688;24.27986;3;1;EXTRACT;3;
259.0679;86;33.26688;24.27986;3;0;EXTRACT;3;
259.04;86;33.26688;24.27986;3;0;DESTROYED;;
259.0679;91;-2.374779;39.83237;3;16;CREATED;;
294.7302;84;40.04442;-43.03834;3;16;DISCOVER;3;
297.7754;84;40.04442;-43.03834;3;15;EXTRACT;3;
299.7808;84;40.04442;-43.03834;3;14;EXTRACT;3;
301.7451;84;40.04442;-43.03834;3;13;EXTRACT;3;
303.7495;84;40.04442;-43.03834;3;12;EXTRACT;3;
303.7893;79;-28.0475;12.87424;3;16;DISCOVER;0;
305.7532;84;40.04442;-43.03834;3;11;EXTRACT;3;
306.7566;79;-28.0475;12.87424;3;15;EXTRACT;0;
307.7583;84;40.04442;-43.03834;3;10;EXTRACT;3;
308.7598;79;-28.0475;12.87424;3;14;EXTRACT;0;
309.7617;84;40.04442;-43.03834;3;9;EXTRACT;3;
310.7625;79;-28.0475;12.87424;3;13;EXTRACT;0;
311.7659;84;40.04442;-43.03834;3;8;EXTRACT;3;
312.7263;79;-28.0475;12.87424;3;12;EXTRACT;0;
313.7678;84;40.04442;-43.03834;3;7;EXTRACT;3;
314.7292;79;-28.0475;12.87424;3;11;EXTRACT;0;
315.7698;84;40.04442;-43.03834;3;6;EXTRACT;3;
316.7317;79;-28.0475;12.87424;3;10;EXTRACT;0;
317.7761;84;40.04442;-43.03834;3;5;EXTRACT;3;
318.7378;79;-28.0475;12.87424;3;9;EXTRACT;0;
319.7825;84;40.04442;-43.03834;3;4;EXTRACT;3;
320.7446;79;-28.0475;12.87424;3;8;EXTRACT;0;
321.7478;84;40.04442;-43.03834;3;3;EXTRACT;3;
322.7507;79;-28.0475;12.87424;3;7;EXTRACT;0;
323.7546;84;40.04442;-43.03834;3;2;EXTRACT;3;
324.76;79;-28.0475;12.87424;3;6;EXTRACT;0;
325.7639;84;40.04442;-43.03834;3;1;EXTRACT;3;
326.7302;79;-28.0475;12.87424;3;5;EXTRACT;0;
327.7729;84;40.04442;-43.03834;3;0;EXTRACT;3;
327.76;84;40.04442;-43.03834;3;0;DESTROYED;;
327.7729;92;-30.51109;-7.896481;3;16;CREATED;;
328.7351;79;-28.0475;12.87424;3;4;EXTRACT;0;
330.7415;79;-28.0475;12.87424;3;3;EXTRACT;0;
332.7473;79;-28.0475;12.87424;3;2;EXTRACT;0;
334.7542;79;-28.0475;12.87424;3;1;EXTRACT;0;
336.7563;79;-28.0475;12.87424;3;0;EXTRACT;0;
336.7202;79;-28.0475;12.87424;3;0;DESTROYED;;
336.7563;93;-34.51495;1.890587;3;16;CREATED;;
349.4316;93;-34.51495;1.890587;3;16;DISCOVER;0;
352.2424;93;-34.51495;1.890587;3;15;EXTRACT;0;
354.2534;93;-34.51495;1.890587;3;14;EXTRACT;0;
356.2625;93;-34.51495;1.890587;3;13;EXTRACT;0;
358.2717;93;-34.51495;1.890587;3;12;EXTRACT;0;
360.2424;93;-34.51495;1.890587;3;11;EXTRACT;0;
362.2485;93;-34.51495;1.890587;3;10;EXTRACT;0;
364.2568;93;-34.51495;1.890587;3;9;EXTRACT;0;
366.2678;93;-34.51495;1.890587;3;8;EXTRACT;0;
368.2788;93;-34.51495;1.890587;3;7;EXTRACT;0;
369.5635;72;12.43025;-11.47394;3;16;DISCOVER;1;
370.2444;93;-34.51495;1.890587;3;6;EXTRACT;0;
372.2485;93;-34.51495;1.890587;3;5;EXTRACT;0;
373.3457;72;12.43025;-11.47394;3;15;EXTRACT;1;
374.2681;93;-34.51495;1.890587;3;4;EXTRACT;0;
375.3523;72;12.43025;-11.47394;3;14;EXTRACT;1;
376.2441;93;-34.51495;1.890587;3;3;EXTRACT;0;
377.3269;72;12.43025;-11.47394;3;13;EXTRACT;1;
378.248;93;-34.51495;1.890587;3;2;EXTRACT;0;
379.3696;72;12.43025;-11.47394;3;12;EXTRACT;1;
380.0098;82;-34.28664;-35.24192;3;16;DISCOVER;2;
380.2498;93;-34.51495;1.890587;3;1;EXTRACT;0;
381.3706;72;12.43025;-11.47394;3;11;EXTRACT;1;
382.2515;93;-34.51495;1.890587;3;0;EXTRACT;0;
382.24;93;-34.51495;1.890587;3;0;DESTROYED;;
382.2515;94;-37.97231;-27.15036;3;16;CREATED;;
383.3748;72;12.43025;-11.47394;3;10;EXTRACT;1;
384.405;82;-34.28664;-35.24192;3;15;EXTRACT;2;
385.3416;72;12.43025;-11.47394;3;9;EXTRACT;1;
386.4048;82;-34.28664;-35.24192;3;14;EXTRACT;2;
387.3459;72;12.43025;-11.47394;3;8;EXTRACT;1;
388.3887;82;-34.28664;-35.24192;3;13;EXTRACT;2;
389.3501;72;12.43025;-11.47394;3;7;EXTRACT;1;
390.354;82;-34.28664;-35.24192;3;12;EXTRACT;2;
391.3596;72;12.43025;-11.47394;3;6;EXTRACT;1;
392.3623;82;-34.28664;-35.24192;3;11;EXTRACT;2;
393.3687;72;12.43025;-11.47394;3;5;EXTRACT;1;
394.3721;82;-34.28664;-35.24192;3;10;EXTRACT;2;
395.376;72;12.43025;-11.47394;3;4;EXTRACT;1;
396.3772;82;-34.28664;-35.24192;3;9;EXTRACT;2;
397.3816;72;12.43025;-11.47394;3;3;EXTRACT;1;
398.3877;82;-34.28664;-35.24192;3;8;EXTRACT;2;
399.3896;72;12.43025;-11.47394;3;2;EXTRACT;1;
400.3557;82;-34.28664;-35.24192;3;7;EXTRACT;2;
401.1174;94;-37.97231;-27.15036;3;16;DISCOVER;0;
401.3579;72;12.43025;-11.47394;3;1;EXTRACT;1;
402.3606;82;-34.28664;-35.24192;3;6;EXTRACT;2;
403.4023;72;12.43025;-11.47394;3;0;EXTRACT;1;
403.4001;72;12.43025;-11.47394;3;0;DESTROYED;;
403.4023;95;35.28059;43.93198;3;16;CREATED;;
404.1248;94;-37.97231;-27.15036;3;15;EXTRACT;0;
404.3647;82;-34.28664;-35.24192;3;5;EXTRACT;2;
406.1282;94;-37.97231;-27.15036;3;14;EXTRACT;0;
406.3701;82;-34.28664;-35.24192;3;4;EXTRACT;2;
408.135;94;-37.97231;-27.15036;3;13;EXTRACT;0;
408.3757;82;-34.28664;-35.24192;3;3;EXTRACT;2;
410.1396;94;-37.97231;-27.15036;3;12;EXTRACT;0;
410.3816;82;-34.28664;-35.24192;3;2;EXTRACT;2;
412.1465;94;-37.97231;-27.15036;3;11;EXTRACT;0;
412.3877;82;-34.28664;-35.24192;3;1;EXTRACT;2;
414.1155;94;-37.97231;-27.15036;3;10;EXTRACT;0;
414.3564;82;-34.28664;-35.24192;3;0;EXTRACT;2;
414.3201;82;-34.28664;-35.24192;3;0;DESTROYED;;
414.3564;96;-32.4361;-37.62059;3;16;CREATED;;
416.1211;94;-37.97231;-27.15036;3;9;EXTRACT;0;
418.1306;94;-37.97231;-27.15036;3;8;EXTRACT;0;
419.2966;96;-32.4361;-37.62059;3;16;DISCOVER;2;
420.1392;94;-37.97231;-27.15036;3;7;EXTRACT;0;
422.145;94;-37.97231;-27.15036;3;6;EXTRACT;0;
423.3074;96;-32.4361;-37.62059;3;15;EXTRACT;2;
424.1506;94;-37.97231;-27.15036;3;5;EXTRACT;0;
425.3164;96;-32.4361;-37.62059;3;14;EXTRACT;2;
426.1194;94;-37.97231;-27.15036;3;4;EXTRACT;0;
427.3237;96;-32.4361;-37.62059;3;13;EXTRACT;2;
428.1255;94;-37.97231;-27.15036;3;3;EXTRACT;0;
429.3279;96;-32.4361;-37.62059;3;12;EXTRACT;2;
430.1292;94;-37.97231;-27.15036;3;2;EXTRACT;0;
431.3362;96;-32.4361;-37.62059;3;11;EXTRACT;2;
432.137;94;-37.97231;-27.15036;3;1;EXTRACT;0;
433.3411;96;-32.4361;-37.62059;3;10;EXTRACT;2;
434.1448;94;-37.97231;-27.15036;3;0;EXTRACT;0;
434.1201;94;-37.97231;-27.15036;3;0;DESTROYED;;
434.1448;97;35.8068;-25.961;3;16;CREATED;;
435.3091;96;-32.4361;-37.62059;3;9;EXTRACT;2;
437.3193;96;-32.4361;-37.62059;3;8;EXTRACT;2;
439.3237;96;-32.4361;-37.62059;3;7;EXTRACT;2;
441.3291;96;-32.4361;-37.62059;3;6;EXTRACT;2;
443.3347;96;-32.4361;-37.62059;3;5;EXTRACT;2;
445.3433;96;-32.4361;-37.62059;3;4;EXTRACT;2;
447.3098;96;-32.4361;-37.62059;3;3;EXTRACT;2;
449.3152;96;-32.4361;-37.62059;3;2;EXTRACT;2;
449.5156;90;-18.22126;-25.42246;3;16;DISCOVER;0;
451.3201;96;-32.4361;-37.62059;3;1;EXTRACT;2;
452.4836;90;-18.22126;-25.42246;3;15;EXTRACT;0;
453.3274;96;-32.4361;-37.62059;3;0;EXTRACT;2;
453.3201;96;-32.4361;-37.62059;3;0;DESTROYED;;
453.3274;98;17.74805;8.57449;3;16;CREATED;;
454.4917;90;-18.22126;-25.42246;3;14;EXTRACT;0;
456.4978;90;-18.22126;-25.42246;3;13;EXTRACT;0;
458.4692;90;-18.22126;-25.42246;3;12;EXTRACT;0;
460.4761;90;-18.22126;-25.42246;3;11;EXTRACT;0;
462.4873;90;-18.22126;-25.42246;3;10;EXTRACT;0;
464.4963;90;-18.22126;-25.42246;3;9;EXTRACT;0;
466.5034;90;-18.22126;-25.42246;3;8;EXTRACT;0;
466.7039;85;-27.70998;-27.38385;3;16;DISCOVER;2;
468.4717;90;-18.22126;-25.42246;3;7;EXTRACT;0;
470.4766;85;-27.70998;-27.38385;3;15;EXTRACT;2;
470.4766;90;-18.22126;-25.42246;3;6;EXTRACT;0;
472.4409;85;-27.70998;-27.38385;3;14;EXTRACT;2;
472.481;90;-18.22126;-25.42246;3;5;EXTRACT;0;
474.449;85;-27.70998;-27.38385;3;13;EXTRACT;2;
474.4893;90;-18.22126;-25.42246;3;4;EXTRACT;0;
476.4539;85;-27.70998;-27.38385;3;12;EXTRACT;2;
476.4939;90;-18.22126;-25.42246;3;3;EXTRACT;0;
478.4609;85;-27.70998;-27.38385;3;11;EXTRACT;2;
478.5015;90;-18.22126;-25.42246;3;2;EXTRACT;0;
480.4656;85;-27.70998;-27.38385;3;10;EXTRACT;2;
480.4656;90;-18.22126;-25.42246;3;1;EXTRACT;0;
482.4697;85;-27.70998;-27.38385;3;9;EXTRACT;2;
482.4697;90;-18.22126;-25.42246;3;0;EXTRACT;0;
482.4402;90;-18.22126;-25.42246;3;0;DESTROYED;;
482.4697;99;-28.50175;28.1256;3;16;CREATED;;
484.4727;85;-27.70998;-27.38385;3;8;EXTRACT;2;
486.4756;85;-27.70998;-27.38385;3;7;EXTRACT;2;
488.4802;85;-27.70998;-27.38385;3;6;EXTRACT;2;
490.4434;85;-27.70998;-27.38385;3;5;EXTRACT;2;
492.4475;85;-27.70998;-27.38385;3;4;EXTRACT;2;
494.4526;85;-27.70998;-27.38385;3;3;EXTRACT;2;
496.4558;85;-27.70998;-27.38385;3;2;EXTRACT;2;
498.4622;85;-27.70998;-27.38385;3;1;EXTRACT;2;
498.4622;97;35.8068;-25.961;3;16;DISCOVER;3;
500.4661;85;-27.70998;-27.38385;3;0;EXTRACT;2;
500.4402;85;-27.70998;-27.38385;3;0;DESTROYED;;
500.4661;100;-33.10844;5.221592;3;16;CREATED;;
501.3875;97;35.8068;-25.961;3;15;EXTRACT;3;
501.5889;81;-6.551743;12.87469;3;16;DISCOVER;1;
503.3938;97;35.8068;-25.961;3;14;EXTRACT;3;
505.3601;81;-6.551743;12.87469;3;15;EXTRACT;1;
505.4004;97;35.8068;-25.961;3;13;EXTRACT;3;
507.3665;81;-6.551743;12.87469;3;14;EXTRACT;1;
507.407;97;35.8068;-25.961;3;12;EXTRACT;3;
509.3745;81;-6.551743;12.87469;3;13;EXTRACT;1;
509.4143;97;35.8068;-25.961;3;11;EXTRACT;3;
511.3792;81;-6.551743;12.87469;3;12;EXTRACT;1;
511.4189;97;35.8068;-25.961;3;10;EXTRACT;3;
513.3826;81;-6.551743;12.87469;3;11;EXTRACT;1;
513.4226;97;35.8068;-25.961;3;9;EXTRACT;3;
515.3884;81;-6.551743;12.87469;3;10;EXTRACT;1;
515.4287;97;35.8068;-25.961;3;8;EXTRACT;3;
517.3923;81;-6.551743;12.87469;3;9;EXTRACT;1;
517.4341;97;35.8068;-25.961;3;7;EXTRACT;3;
519.3962;81;-6.551743;12.87469;3;8;EXTRACT;1;
519.4363;97;35.8068;-25.961;3;6;EXTRACT;3;
521.4004;81;-6.551743;12.87469;3;7;EXTRACT;1;
521.4402;97;35.8068;-25.961;3;5;EXTRACT;3;
523.4048;81;-6.551743;12.87469;3;6;EXTRACT;1;
523.4048;97;35.8068;-25.961;3;4;EXTRACT;3;
525.4075;81;-6.551743;12.87469;3;5;EXTRACT;1;
525.4075;97;35.8068;-25.961;3;3;EXTRACT;3;
527.4124;81;-6.551743;12.87469;3;4;EXTRACT;1;
527.4124;97;35.8068;-25.961;3;2;EXTRACT;3;
529.4167;97;35.8068;-25.961;3;1;EXTRACT;3;
529.4167;81;-6.551743;12.87469;3;3;EXTRACT;1;
531.4199;97;35.8068;-25.961;3;0;EXTRACT;3;
531.4199;81;-6.551743;12.87469;3;2;EXTRACT;1;
531.4001;97;35.8068;-25.961;3;0;DESTROYED;;
531.4199;101;42.56281;5.868816;3;16;CREATED;;
533.4255;81;-6.551743;12.87469;3;1;EXTRACT;1;
535.4319;81;-6.551743;12.87469;3;0;EXTRACT;1;
535.4001;81;-6.551743;12.87469;3;0;DESTROYED;;
535.4319;102;-6.483784;-5.658478;3;16;CREATED;;
537.9968;88;-27.635;40.59031;3;16;DISCOVER;0;
541.5254;88;-27.635;40.59031;3;15;EXTRACT;0;
543.533;88;-27.635;40.59031;3;14;EXTRACT;0;
545.5366;88;-27.635;40.59031;3;13;EXTRACT;0;
547.5408;88;-27.635;40.59031;3;12;EXTRACT;0;
549.5447;88;-27.635;40.59031;3;11;EXTRACT;0;
551.5486;88;-27.635;40.59031;3;10;EXTRACT;0;
553.5178;88;-27.635;40.59031;3;9;EXTRACT;0;
555.5215;88;-27.635;40.59031;3;8;EXTRACT;0;
557.532;88;-27.635;40.59031;3;7;EXTRACT;0;
559.5425;88;-27.635;40.59031;3;6;EXTRACT;0;
561.5491;88;-27.635;40.59031;3;5;EXTRACT;0;
563.5562;88;-27.635;40.59031;3;4;EXTRACT;0;
565.5222;88;-27.635;40.59031;3;3;EXTRACT;0;
567.5315;88;-27.635;40.59031;3;2;EXTRACT;0;
569.5371;88;-27.635;40.59031;3;1;EXTRACT;0;
571.5457;88;-27.635;40.59031;3;0;EXTRACT;0;
571.52;88;-27.635;40.59031;3;0;DESTROYED;;
571.5457;103;26.3263;41.50916;3;16;CREATED;;
571.6658;92;-30.51109;-7.896481;3;16;DISCOVER;2;
575.8816;92;-30.51109;-7.896481;3;15;EXTRACT;2;
576.2439;78;-21.42636;34.67749;3;16;DISCOVER;0;
577.8479;92;-30.51109;-7.896481;3;14;EXTRACT;2;
578.8899;92;-30.51109;-7.896481;3;14;DISCOVER;3;
578.9702;78;-21.42636;34.67749;3;15;EXTRACT;0;
579.8528;92;-30.51109;-7.896481;3;13;EXTRACT;2;
580.9761;78;-21.42636;34.67749;3;14;EXTRACT;0;
581.377;92;-30.51109;-7.896481;3;12;EXTRACT;3;
581.8577;92;-30.51109;-7.896481;3;11;EXTRACT;2;
582.9814;78;-21.42636;34.67749;3;13;EXTRACT;0;
583.3823;92;-30.51109;-7.896481;3;10;EXTRACT;3;
583.864;92;-30.51109;-7.896481;3;9;EXTRACT;2;
584.9873;78;-21.42636;34.67749;3;12;EXTRACT;0;
585.3899;92;-30.51109;-7.896481;3;8;EXTRACT;3;
585.8704;92;-30.51109;-7.896481;3;7;EXTRACT;2;
586.9934;78;-21.42636;34.67749;3;11;EXTRACT;0;
587.3958;92;-30.51109;-7.896481;3;6;EXTRACT;3;
587.876;92;-30.51109;-7.896481;3;5;EXTRACT;2;
588.999;78;-21.42636;34.67749;3;10;EXTRACT;0;
589.4001;92;-30.51109;-7.896481;3;4;EXTRACT;3;
589.8821;92;-30.51109;-7.896481;3;3;EXTRACT;2;
591.0029;78;-21.42636;34.67749;3;9;EXTRACT;0;
591.4036;92;-30.51109;-7.896481;3;2;EXTRACT;3;
591.8848;92;-30.51109;-7.896481;3;1;EXTRACT;2;
593.0081;78;-21.42636;34.67749;3;8;EXTRACT;0;
593.4094;92;-30.51109;-7.896481;3;0;EXTRACT;3;
593.4001;92;-30.51109;-7.896481;3;0;DESTROYED;;
593.4094;104;-9.979122;40.34322;3;16;CREATED;;
594.9741;78;-21.42636;34.67749;3;7;EXTRACT;0;
596.9814;78;-21.42636;34.67749;3;6;EXTRACT;0;
598.9875;78;-21.42636;34.67749;3;5;EXTRACT;0;
600.9924;78;-21.42636;34.67749;3;4;EXTRACT;0;
602.999;78;-21.42636;34.67749;3;3;EXTRACT;0;
605.0029;78;-21.42636;34.67749;3;2;EXTRACT;0;
607.0073;78;-21.42636;34.67749;3;1;EXTRACT;0;
608.9736;78;-21.42636;34.67749;3;0;EXTRACT;0;
608.9602;78;-21.42636;34.67749;3;0;DESTROYED;;
608.9736;105;31.80272;17.99383;3;16;CREATED;;
641.5771;105;31.80272;17.99383;3;16;DISCOVER;2;
643.9065;95;35.28059;43.93198;3;16;DISCOVER;0;
645.5142;105;31.80272;17.99383;3;15;EXTRACT;2;
645.6755;100;-33.10844;5.221592;3;16;DISCOVER;1;
646.8416;95;35.28059;43.93198;3;15;EXTRACT;0;
647.5244;105;31.80272;17.99383;3;14;EXTRACT;2;
648.8494;95;35.28059;43.93198;3;14;EXTRACT;0;
649.531;105;31.80272;17.99383;3;13;EXTRACT;2;
650.855;95;35.28059;43.93198;3;13;EXTRACT;0;
650.9351;100;-33.10844;5.221592;3;15;EXTRACT;1;
651.5364;105;31.80272;17.99383;3;12;EXTRACT;2;
652.8628;95;35.28059;43.93198;3;12;EXTRACT;0;
652.9431;100;-33.10844;5.221592;3;14;EXTRACT;1;
653.5457;105;31.80272;17.99383;3;11;EXTRACT;2;
654.8718;95;35.28059;43.93198;3;11;EXTRACT;0;
654.9524;100;-33.10844;5.221592;3;13;EXTRACT;1;
655.5156;105;31.80272;17.99383;3;10;EXTRACT;2;
656.8411;95;35.28059;43.93198;3;10;EXTRACT;0;
656.9609;100;-33.10844;5.221592;3;12;EXTRACT;1;
657.5212;105;31.80272;17.99383;3;9;EXTRACT;2;
658.8452;95;35.28059;43.93198;3;9;EXTRACT;0;
658.9656;100;-33.10844;5.221592;3;11;EXTRACT;1;
659.5261;105;31.80272;17.99383;3;8;EXTRACT;2;
660.4897;105;31.80272;17.99383;3;8;DISCOVER;3;
660.8503;95;35.28059;43.93198;3;8;EXTRACT;0;
660.9312;100;-33.10844;5.221592;3;10;EXTRACT;1;
661.5327;105;31.80272;17.99383;3;7;EXTRACT;2;
662.8569;95;35.28059;43.93198;3;7;EXTRACT;0;
662.9373;100;-33.10844;5.221592;3;9;EXTRACT;1;
663.2581;105;31.80272;17.99383;3;6;EXTRACT;3;
663.5391;105;31.80272;17.99383;3;5;EXTRACT;2;
664.8608;95;35.28059;43.93198;3;6;EXTRACT;0;
664.9407;100;-33.10844;5.221592;3;8;EXTRACT;1;
665.2615;105;31.80272;17.99383;3;4;EXTRACT;3;
665.5417;105;31.80272;17.99383;3;3;EXTRACT;2;
666.8652;95;35.28059;43.93198;3;5;EXTRACT;0;
666.9453;100;-33.10844;5.221592;3;7;EXTRACT;1;
667.2253;105;31.80272;17.99383;3;2;EXTRACT;3;
667.5459;105;31.80272;17.99383;3;1;EXTRACT;2;
668.8684;95;35.28059;43.93198;3;4;EXTRACT;0;
668.949;100;-33.10844;5.221592;3;6;EXTRACT;1;
669.229;105;31.80272;17.99383;3;0;EXTRACT;3;
669.2002;105;31.80272;17.99383;3;0;DESTROYED;;
669.229;106;43.49242;-31.36371;3;16;CREATED;;
670.8718;95;35.28059;43.93198;3;3;EXTRACT;0;
670.9517;100;-33.10844;5.221592;3;5;EXTRACT;1;
672.8772;95;35.28059;43.93198;3;2;EXTRACT;0;
672.9573;100;-33.10844;5.221592;3;4;EXTRACT;1;
674.8433;95;35.28059;43.93198;3;1;EXTRACT;0;
674.9639;100;-33.10844;5.221592;3;3;EXTRACT;1;
676.8508;95;35.28059;43.93198;3;0;EXTRACT;0;
676.8401;95;35.28059;43.93198;3;0;DESTROYED;;
676.8508;107;2.448238;-15.96771;3;16;CREATED;;
676.9714;100;-33.10844;5.221592;3;2;EXTRACT;1;
678.9768;100;-33.10844;5.221592;3;1;EXTRACT;1;
680.9465;100;-33.10844;5.221592;3;0;EXTRACT;1;
680.9202;100;-33.10844;5.221592;3;0;DESTROYED;;
680.9465;108;-42.34925;19.25687;3;16;CREATED;;
685.7261;75;19.35374;-0.2053871;3;16;DISCOVER;2;
689.9448;75;19.35374;-0.2053871;3;15;EXTRACT;2;
690.5061;74;-34.02594;18.47755;3;16;DISCOVER;1;
691.9509;75;19.35374;-0.2053871;3;14;EXTRACT;2;
693.4377;74;-34.02594;18.47755;3;15;EXTRACT;1;
693.9177;75;19.35374;-0.2053871;3;13;EXTRACT;2;
695.4436;74;-34.02594;18.47755;3;14;EXTRACT;1;
695.926;75;19.35374;-0.2053871;3;12;EXTRACT;2;
697.4509;74;-34.02594;18.47755;3;13;EXTRACT;1;
697.9319;75;19.35374;-0.2053871;3;11;EXTRACT;2;
699.4543;74;-34.02594;18.47755;3;12;EXTRACT;1;
699.9365;75;19.35374;-0.2053871;3;10;EXTRACT;2;
701.4646;74;-34.02594;18.47755;3;11;EXTRACT;1;
701.946;75;19.35374;-0.2053871;3;9;EXTRACT;2;
703.4307;74;-34.02594;18.47755;3;10;EXTRACT;1;
703.9517;75;19.35374;-0.2053871;3;8;EXTRACT;2;
705.4402;74;-34.02594;18.47755;3;9;EXTRACT;1;
705.9204;75;19.35374;-0.2053871;3;7;EXTRACT;2;
707.4475;74;-34.02594;18.47755;3;8;EXTRACT;1;
707.9287;75;19.35374;-0.2053871;3;6;EXTRACT;2;
709.4585;74;-34.02594;18.47755;3;7;EXTRACT;1;
709.9399;75;19.35374;-0.2053871;3;5;EXTRACT;2;
711.4624;74;-34.02594;18.47755;3;6;EXTRACT;1;
711.947;75;19.35374;-0.2053871;3;4;EXTRACT;2;
713.4353;74;-34.02594;18.47755;3;5;EXTRACT;1;
713.9553;75;19.35374;-0.2053871;3;3;EXTRACT;2;
715.4404;74;-34.02594;18.47755;3;4;EXTRACT;1;
715.9221;75;19.35374;-0.2053871;3;2;EXTRACT;2;
717.448;74;-34.02594;18.47755;3;3;EXTRACT;1;
717.9287;75;19.35374;-0.2053871;3;1;EXTRACT;2;
718.4902;74;-34.02594;18.47755;3;3;DISCOVER;3;
719.4543;74;-34.02594;18.47755;3;2;EXTRACT;1;
719.937;75;19.35374;-0.2053871;3;0;EXTRACT;2;
719.9202;75;19.35374;-0.2053871;3;0;DESTROYED;;
719.9785;109;-20.7092;-7.004433;3;16;CREATED;;
