Time;PatchID;PositionX;PositionZ;Radius;CoinAmount;PatchEvent;TriggerPlayer;
0;0;-21.19946;24.31026;3;48;CREATED;;
0;1;19.86897;0.09287262;3;48;CREATED;;
0;2;43.84787;-1.234123;3;48;CREATED;;
0;3;30.36513;22.42868;3;48;CREATED;;
0;4;20.74531;-42.74192;3;48;CREATED;;
54.26563;0;-21.19946;24.31026;3;48;DISCOVER;2;
57.55469;0;-21.19946;24.31026;3;47;EXTRACT;2;
59.53516;0;-21.19946;24.31026;3;46;EXTRACT;2;
61.54688;0;-21.19946;24.31026;3;45;EXTRACT;2;
63.55078;0;-21.19946;24.31026;3;44;EXTRACT;2;
65.53906;0;-21.19946;24.31026;3;43;EXTRACT;2;
67.53516;0;-21.19946;24.31026;3;42;EXTRACT;2;
69.53906;0;-21.19946;24.31026;3;41;EXTRACT;2;
71.54688;0;-21.19946;24.31026;3;40;EXTRACT;2;
73.55078;0;-21.19946;24.31026;3;39;EXTRACT;2;
75.53516;0;-21.19946;24.31026;3;38;EXTRACT;2;
77.53906;0;-21.19946;24.31026;3;37;EXTRACT;2;
79.54297;0;-21.19946;24.31026;3;36;EXTRACT;2;
81.55078;0;-21.19946;24.31026;3;35;EXTRACT;2;
81.79297;2;43.84787;-1.234123;3;48;DISCOVER;1;
83.55859;0;-21.19946;24.31026;3;34;EXTRACT;2;
85.00391;2;43.84787;-1.234123;3;47;EXTRACT;1;
85.56641;0;-21.19946;24.31026;3;33;EXTRACT;2;
87.01563;2;43.84787;-1.234123;3;46;EXTRACT;1;
87.53516;0;-21.19946;24.31026;3;32;EXTRACT;2;
89.05859;2;43.84787;-1.234123;3;45;EXTRACT;1;
89.54297;0;-21.19946;24.31026;3;31;EXTRACT;2;
91.02344;2;43.84787;-1.234123;3;44;EXTRACT;1;
91.54688;0;-21.19946;24.31026;3;30;EXTRACT;2;
93.02734;2;43.84787;-1.234123;3;43;EXTRACT;1;
93.55078;0;-21.19946;24.31026;3;29;EXTRACT;2;
95.03516;2;43.84787;-1.234123;3;42;EXTRACT;1;
95.55469;0;-21.19946;24.31026;3;28;EXTRACT;2;
97.04688;2;43.84787;-1.234123;3;41;EXTRACT;1;
97.56641;0;-21.19946;24.31026;3;27;EXTRACT;2;
99.05078;2;43.84787;-1.234123;3;40;EXTRACT;1;
99.57422;0;-21.19946;24.31026;3;26;EXTRACT;2;
101.0625;2;43.84787;-1.234123;3;39;EXTRACT;1;
101.582;0;-21.19946;24.31026;3;25;EXTRACT;2;
103.0273;2;43.84787;-1.234123;3;38;EXTRACT;1;
103.5508;0;-21.19946;24.31026;3;24;EXTRACT;2;
105.0469;2;43.84787;-1.234123;3;37;EXTRACT;1;
105.5703;0;-21.19946;24.31026;3;23;EXTRACT;2;
107.0547;2;43.84787;-1.234123;3;36;EXTRACT;1;
107.5742;0;-21.19946;24.31026;3;22;EXTRACT;2;
109.0586;2;43.84787;-1.234123;3;35;EXTRACT;1;
109.5781;0;-21.19946;24.31026;3;21;EXTRACT;2;
111.0234;2;43.84787;-1.234123;3;34;EXTRACT;1;
111.582;0;-21.19946;24.31026;3;20;EXTRACT;2;
113.0273;2;43.84787;-1.234123;3;33;EXTRACT;1;
113.5508;0;-21.19946;24.31026;3;19;EXTRACT;2;
115.0469;2;43.84787;-1.234123;3;32;EXTRACT;1;
115.5703;0;-21.19946;24.31026;3;18;EXTRACT;2;
117.0547;2;43.84787;-1.234123;3;31;EXTRACT;1;
117.5781;0;-21.19946;24.31026;3;17;EXTRACT;2;
119.0625;2;43.84787;-1.234123;3;30;EXTRACT;1;
119.3438;0;-21.19946;24.31026;3;17;DISCOVER;0;
119.5859;0;-21.19946;24.31026;3;16;EXTRACT;2;
121.0273;2;43.84787;-1.234123;3;29;EXTRACT;1;
121.5898;0;-21.19946;24.31026;3;15;EXTRACT;2;
122.5117;0;-21.19946;24.31026;3;14;EXTRACT;0;
123.0313;2;43.84787;-1.234123;3;28;EXTRACT;1;
123.5547;0;-21.19946;24.31026;3;13;EXTRACT;2;
124.4766;0;-21.19946;24.31026;3;12;EXTRACT;0;
125.0781;2;43.84787;-1.234123;3;27;EXTRACT;1;
125.5586;0;-21.19946;24.31026;3;11;EXTRACT;2;
126.4844;0;-21.19946;24.31026;3;10;EXTRACT;0;
127.0469;2;43.84787;-1.234123;3;26;EXTRACT;1;
127.5664;0;-21.19946;24.31026;3;9;EXTRACT;2;
128.4883;0;-21.19946;24.31026;3;8;EXTRACT;0;
129.0508;2;43.84787;-1.234123;3;25;EXTRACT;1;
129.5742;0;-21.19946;24.31026;3;7;EXTRACT;2;
130.4961;0;-21.19946;24.31026;3;6;EXTRACT;0;
131.0586;2;43.84787;-1.234123;3;24;EXTRACT;1;
131.582;0;-21.19946;24.31026;3;5;EXTRACT;2;
132.5;0;-21.19946;24.31026;3;4;EXTRACT;0;
133.0664;2;43.84787;-1.234123;3;23;EXTRACT;1;
133.5859;0;-21.19946;24.31026;3;3;EXTRACT;2;
134.5078;0;-21.19946;24.31026;3;2;EXTRACT;0;
135.0703;2;43.84787;-1.234123;3;22;EXTRACT;1;
135.5508;0;-21.19946;24.31026;3;1;EXTRACT;2;
136.5156;0;-21.19946;24.31026;3;0;EXTRACT;0;
136.4805;0;-21.19946;24.31026;3;0;DESTROYED;;
136.5156;5;-1.87281;24.66114;3;48;CREATED;;
137.0742;2;43.84787;-1.234123;3;21;EXTRACT;1;
139.0859;2;43.84787;-1.234123;3;20;EXTRACT;1;
141.0938;2;43.84787;-1.234123;3;19;EXTRACT;1;
143.0977;2;43.84787;-1.234123;3;18;EXTRACT;1;
145.1055;2;43.84787;-1.234123;3;17;EXTRACT;1;
147.1133;2;43.84787;-1.234123;3;16;EXTRACT;1;
149.125;2;43.84787;-1.234123;3;15;EXTRACT;1;
151.0898;2;43.84787;-1.234123;3;14;EXTRACT;1;
153.0938;2;43.84787;-1.234123;3;13;EXTRACT;1;
155.1016;2;43.84787;-1.234123;3;12;EXTRACT;1;
157.1094;2;43.84787;-1.234123;3;11;EXTRACT;1;
159.125;2;43.84787;-1.234123;3;10;EXTRACT;1;
161.1289;2;43.84787;-1.234123;3;9;EXTRACT;1;
163.0977;2;43.84787;-1.234123;3;8;EXTRACT;1;
165.1055;2;43.84787;-1.234123;3;7;EXTRACT;1;
167.1211;2;43.84787;-1.234123;3;6;EXTRACT;1;
169.1328;2;43.84787;-1.234123;3;5;EXTRACT;1;
171.1406;2;43.84787;-1.234123;3;4;EXTRACT;1;
173.1094;2;43.84787;-1.234123;3;3;EXTRACT;1;
175.125;2;43.84787;-1.234123;3;2;EXTRACT;1;
177.1328;2;43.84787;-1.234123;3;1;EXTRACT;1;
178.9766;2;43.84787;-1.234123;3;1;DISCOVER;0;
179.1367;2;43.84787;-1.234123;3;0;EXTRACT;1;
179.1211;2;43.84787;-1.234123;3;0;DESTROYED;;
179.1367;6;-35.29882;26.33446;3;48;CREATED;;
207.5078;4;20.74531;-42.74192;3;48;DISCOVER;2;
210.6836;4;20.74531;-42.74192;3;47;EXTRACT;2;
212.6914;4;20.74531;-42.74192;3;46;EXTRACT;2;
214.6992;4;20.74531;-42.74192;3;45;EXTRACT;2;
216.707;4;20.74531;-42.74192;3;44;EXTRACT;2;
218.6758;4;20.74531;-42.74192;3;43;EXTRACT;2;
220.6797;4;20.74531;-42.74192;3;42;EXTRACT;2;
222.6875;4;20.74531;-42.74192;3;41;EXTRACT;2;
224.6914;4;20.74531;-42.74192;3;40;EXTRACT;2;
226.6953;4;20.74531;-42.74192;3;39;EXTRACT;2;
228.6992;4;20.74531;-42.74192;3;38;EXTRACT;2;
230.707;4;20.74531;-42.74192;3;37;EXTRACT;2;
232.7188;4;20.74531;-42.74192;3;36;EXTRACT;2;
234.7266;4;20.74531;-42.74192;3;35;EXTRACT;2;
236.7344;4;20.74531;-42.74192;3;34;EXTRACT;2;
238.7422;4;20.74531;-42.74192;3;33;EXTRACT;2;
239.0625;1;19.86897;0.09287262;3;48;DISCOVER;1;
240.707;4;20.74531;-42.74192;3;32;EXTRACT;2;
242.3516;1;19.86897;0.09287262;3;47;EXTRACT;1;
242.7148;4;20.74531;-42.74192;3;31;EXTRACT;2;
244.3594;1;19.86897;0.09287262;3;46;EXTRACT;1;
244.7188;4;20.74531;-42.74192;3;30;EXTRACT;2;
246.3633;1;19.86897;0.09287262;3;45;EXTRACT;1;
246.7227;4;20.74531;-42.74192;3;29;EXTRACT;2;
248.3281;1;19.86897;0.09287262;3;44;EXTRACT;1;
248.7305;4;20.74531;-42.74192;3;28;EXTRACT;2;
250.3359;1;19.86897;0.09287262;3;43;EXTRACT;1;
250.7383;4;20.74531;-42.74192;3;27;EXTRACT;2;
252.3398;1;19.86897;0.09287262;3;42;EXTRACT;1;
252.7422;4;20.74531;-42.74192;3;26;EXTRACT;2;
254.3438;1;19.86897;0.09287262;3;41;EXTRACT;1;
254.707;4;20.74531;-42.74192;3;25;EXTRACT;2;
256.3516;1;19.86897;0.09287262;3;40;EXTRACT;1;
256.7148;4;20.74531;-42.74192;3;24;EXTRACT;2;
258.3945;1;19.86897;0.09287262;3;39;EXTRACT;1;
258.7188;4;20.74531;-42.74192;3;23;EXTRACT;2;
260.3203;4;20.74531;-42.74192;3;23;DISCOVER;0;
260.3594;1;19.86897;0.09287262;3;38;EXTRACT;1;
260.7227;4;20.74531;-42.74192;3;22;EXTRACT;2;
262.3672;1;19.86897;0.09287262;3;37;EXTRACT;1;
262.7266;4;20.74531;-42.74192;3;21;EXTRACT;2;
263.3672;4;20.74531;-42.74192;3;20;EXTRACT;0;
264.3711;1;19.86897;0.09287262;3;36;EXTRACT;1;
264.7305;4;20.74531;-42.74192;3;19;EXTRACT;2;
265.375;4;20.74531;-42.74192;3;18;EXTRACT;0;
266.4141;1;19.86897;0.09287262;3;35;EXTRACT;1;
266.7344;4;20.74531;-42.74192;3;17;EXTRACT;2;
267.3789;4;20.74531;-42.74192;3;16;EXTRACT;0;
268.3789;1;19.86897;0.09287262;3;34;EXTRACT;1;
268.7383;4;20.74531;-42.74192;3;15;EXTRACT;2;
269.3789;4;20.74531;-42.74192;3;14;EXTRACT;0;
270.4219;1;19.86897;0.09287262;3;33;EXTRACT;1;
270.7422;4;20.74531;-42.74192;3;13;EXTRACT;2;
271.3867;4;20.74531;-42.74192;3;12;EXTRACT;0;
272.4297;1;19.86897;0.09287262;3;32;EXTRACT;1;
272.707;4;20.74531;-42.74192;3;11;EXTRACT;2;
273.3477;4;20.74531;-42.74192;3;10;EXTRACT;0;
274.4297;1;19.86897;0.09287262;3;31;EXTRACT;1;
274.7109;4;20.74531;-42.74192;3;9;EXTRACT;2;
275.3555;4;20.74531;-42.74192;3;8;EXTRACT;0;
276.4375;1;19.86897;0.09287262;3;30;EXTRACT;1;
276.7148;4;20.74531;-42.74192;3;7;EXTRACT;2;
277.3594;4;20.74531;-42.74192;3;6;EXTRACT;0;
278.4414;1;19.86897;0.09287262;3;29;EXTRACT;1;
278.7227;4;20.74531;-42.74192;3;5;EXTRACT;2;
279.3633;4;20.74531;-42.74192;3;4;EXTRACT;0;
280.4453;1;19.86897;0.09287262;3;28;EXTRACT;1;
280.7227;4;20.74531;-42.74192;3;3;EXTRACT;2;
281.3672;4;20.74531;-42.74192;3;2;EXTRACT;0;
282.4141;1;19.86897;0.09287262;3;27;EXTRACT;1;
282.7344;4;20.74531;-42.74192;3;1;EXTRACT;2;
283.3789;4;20.74531;-42.74192;3;0;EXTRACT;0;
283.3594;4;20.74531;-42.74192;3;0;DESTROYED;;
283.3789;7;41.82732;-14.29576;3;48;CREATED;;
284.4609;1;19.86897;0.09287262;3;26;EXTRACT;1;
286.4258;1;19.86897;0.09287262;3;25;EXTRACT;1;
288.4375;1;19.86897;0.09287262;3;24;EXTRACT;1;
290.4453;1;19.86897;0.09287262;3;23;EXTRACT;1;
292.4492;1;19.86897;0.09287262;3;22;EXTRACT;1;
294.4648;1;19.86897;0.09287262;3;21;EXTRACT;1;
296.4688;1;19.86897;0.09287262;3;20;EXTRACT;1;
297.3125;1;19.86897;0.09287262;3;20;DISCOVER;3;
298.4766;1;19.86897;0.09287262;3;19;EXTRACT;1;
300.4844;1;19.86897;0.09287262;3;18;EXTRACT;1;
300.5664;1;19.86897;0.09287262;3;17;EXTRACT;3;
302.4531;1;19.86897;0.09287262;3;16;EXTRACT;1;
302.5352;1;19.86897;0.09287262;3;15;EXTRACT;3;
304.5;1;19.86897;0.09287262;3;14;EXTRACT;1;
304.543;1;19.86897;0.09287262;3;13;EXTRACT;3;
306.0625;1;19.86897;0.09287262;3;13;DISCOVER;2;
306.4648;1;19.86897;0.09287262;3;12;EXTRACT;1;
306.5469;1;19.86897;0.09287262;3;11;EXTRACT;3;
308.4688;1;19.86897;0.09287262;3;10;EXTRACT;1;
308.5508;1;19.86897;0.09287262;3;9;EXTRACT;3;
308.9102;1;19.86897;0.09287262;3;8;EXTRACT;2;
310.4727;1;19.86897;0.09287262;3;7;EXTRACT;1;
310.5547;1;19.86897;0.09287262;3;6;EXTRACT;3;
310.9141;1;19.86897;0.09287262;3;5;EXTRACT;2;
312.4805;1;19.86897;0.09287262;3;4;EXTRACT;1;
312.5586;1;19.86897;0.09287262;3;3;EXTRACT;3;
312.918;1;19.86897;0.09287262;3;2;EXTRACT;2;
314.4805;1;19.86897;0.09287262;3;1;EXTRACT;1;
314.5625;1;19.86897;0.09287262;3;0;EXTRACT;3;
314.5586;1;19.86897;0.09287262;3;0;DESTROYED;;
314.5625;8;-9.898933;-0.5604591;3;48;CREATED;;
329.5938;3;30.36513;22.42868;3;48;DISCOVER;0;
333.3203;3;30.36513;22.42868;3;47;EXTRACT;0;
335.332;3;30.36513;22.42868;3;46;EXTRACT;0;
337.3047;3;30.36513;22.42868;3;45;EXTRACT;0;
339.3086;3;30.36513;22.42868;3;44;EXTRACT;0;
341.3125;3;30.36513;22.42868;3;43;EXTRACT;0;
343.3164;3;30.36513;22.42868;3;42;EXTRACT;0;
345.3242;3;30.36513;22.42868;3;41;EXTRACT;0;
347.3281;3;30.36513;22.42868;3;40;EXTRACT;0;
349.3359;3;30.36513;22.42868;3;39;EXTRACT;0;
351.3398;3;30.36513;22.42868;3;38;EXTRACT;0;
353.3438;3;30.36513;22.42868;3;37;EXTRACT;0;
355.3477;3;30.36513;22.42868;3;36;EXTRACT;0;
357.3555;3;30.36513;22.42868;3;35;EXTRACT;0;
359.3203;3;30.36513;22.42868;3;34;EXTRACT;0;
361.3281;3;30.36513;22.42868;3;33;EXTRACT;0;
363.332;3;30.36513;22.42868;3;32;EXTRACT;0;
365.3359;3;30.36513;22.42868;3;31;EXTRACT;0;
367.3398;3;30.36513;22.42868;3;30;EXTRACT;0;
369.3477;3;30.36513;22.42868;3;29;EXTRACT;0;
371.3555;3;30.36513;22.42868;3;28;EXTRACT;0;
373.3203;3;30.36513;22.42868;3;27;EXTRACT;0;
375.3242;3;30.36513;22.42868;3;26;EXTRACT;0;
377.3711;3;30.36513;22.42868;3;25;EXTRACT;0;
377.9688;6;-35.29882;26.33446;3;48;DISCOVER;3;
379.375;3;30.36513;22.42868;3;24;EXTRACT;0;
381.3398;3;30.36513;22.42868;3;23;EXTRACT;0;
381.6602;6;-35.29882;26.33446;3;47;EXTRACT;3;
383.3438;3;30.36513;22.42868;3;22;EXTRACT;0;
383.668;6;-35.29882;26.33446;3;46;EXTRACT;3;
385.3555;3;30.36513;22.42868;3;21;EXTRACT;0;
385.6758;6;-35.29882;26.33446;3;45;EXTRACT;3;
387.3594;3;30.36513;22.42868;3;20;EXTRACT;0;
387.6797;6;-35.29882;26.33446;3;44;EXTRACT;3;
389.3633;3;30.36513;22.42868;3;19;EXTRACT;0;
389.6836;6;-35.29882;26.33446;3;43;EXTRACT;3;
391.3672;3;30.36513;22.42868;3;18;EXTRACT;0;
391.6875;6;-35.29882;26.33446;3;42;EXTRACT;3;
393.3711;3;30.36513;22.42868;3;17;EXTRACT;0;
393.6523;6;-35.29882;26.33446;3;41;EXTRACT;3;
395.3398;3;30.36513;22.42868;3;16;EXTRACT;0;
395.6602;6;-35.29882;26.33446;3;40;EXTRACT;3;
397.3438;3;30.36513;22.42868;3;15;EXTRACT;0;
397.668;6;-35.29882;26.33446;3;39;EXTRACT;3;
399.3477;3;30.36513;22.42868;3;14;EXTRACT;0;
399.668;6;-35.29882;26.33446;3;38;EXTRACT;3;
401.3516;3;30.36513;22.42868;3;13;EXTRACT;0;
401.6719;6;-35.29882;26.33446;3;37;EXTRACT;3;
403.3711;3;30.36513;22.42868;3;12;EXTRACT;0;
403.6563;6;-35.29882;26.33446;3;36;EXTRACT;3;
405.3438;3;30.36513;22.42868;3;11;EXTRACT;0;
405.6641;6;-35.29882;26.33446;3;35;EXTRACT;3;
407.3477;3;30.36513;22.42868;3;10;EXTRACT;0;
407.668;6;-35.29882;26.33446;3;34;EXTRACT;3;
409.3516;3;30.36513;22.42868;3;9;EXTRACT;0;
409.6719;6;-35.29882;26.33446;3;33;EXTRACT;3;
411.3594;3;30.36513;22.42868;3;8;EXTRACT;0;
411.6797;6;-35.29882;26.33446;3;32;EXTRACT;3;
413.3633;3;30.36513;22.42868;3;7;EXTRACT;0;
413.6836;6;-35.29882;26.33446;3;31;EXTRACT;3;
415.3672;3;30.36513;22.42868;3;6;EXTRACT;0;
415.6875;6;-35.29882;26.33446;3;30;EXTRACT;3;
417.3711;3;30.36513;22.42868;3;5;EXTRACT;0;
417.6563;6;-35.29882;26.33446;3;29;EXTRACT;3;
419.3398;3;30.36513;22.42868;3;4;EXTRACT;0;
419.6641;6;-35.29882;26.33446;3;28;EXTRACT;3;
421.3477;3;30.36513;22.42868;3;3;EXTRACT;0;
421.668;6;-35.29882;26.33446;3;27;EXTRACT;3;
423.3516;3;30.36513;22.42868;3;2;EXTRACT;0;
423.6758;6;-35.29882;26.33446;3;26;EXTRACT;3;
425.3594;3;30.36513;22.42868;3;1;EXTRACT;0;
425.6797;6;-35.29882;26.33446;3;25;EXTRACT;3;
427.3633;3;30.36513;22.42868;3;0;EXTRACT;0;
427.3594;3;30.36513;22.42868;3;0;DESTROYED;;
427.3633;9;31.04623;14.02751;3;48;CREATED;;
427.6836;6;-35.29882;26.33446;3;24;EXTRACT;3;
429.6875;6;-35.29882;26.33446;3;23;EXTRACT;3;
431.6563;6;-35.29882;26.33446;3;22;EXTRACT;3;
433.6602;6;-35.29882;26.33446;3;21;EXTRACT;3;
435.6641;6;-35.29882;26.33446;3;20;EXTRACT;3;
437.668;6;-35.29882;26.33446;3;19;EXTRACT;3;
439.6719;6;-35.29882;26.33446;3;18;EXTRACT;3;
441.6758;6;-35.29882;26.33446;3;17;EXTRACT;3;
443.6875;6;-35.29882;26.33446;3;16;EXTRACT;3;
445.6563;6;-35.29882;26.33446;3;15;EXTRACT;3;
447.6602;6;-35.29882;26.33446;3;14;EXTRACT;3;
449.6641;6;-35.29882;26.33446;3;13;EXTRACT;3;
451.6719;6;-35.29882;26.33446;3;12;EXTRACT;3;
452.2344;5;-1.87281;24.66114;3;48;DISCOVER;0;
453.6758;6;-35.29882;26.33446;3;11;EXTRACT;3;
455.4766;5;-1.87281;24.66114;3;47;EXTRACT;0;
455.6797;6;-35.29882;26.33446;3;10;EXTRACT;3;
457.4453;5;-1.87281;24.66114;3;46;EXTRACT;0;
457.6875;6;-35.29882;26.33446;3;9;EXTRACT;3;
459.3359;6;-35.29882;26.33446;3;9;DISCOVER;2;
459.457;5;-1.87281;24.66114;3;45;EXTRACT;0;
459.6563;6;-35.29882;26.33446;3;8;EXTRACT;3;
461.457;5;-1.87281;24.66114;3;44;EXTRACT;0;
461.6602;6;-35.29882;26.33446;3;7;EXTRACT;3;
462.1016;6;-35.29882;26.33446;3;6;EXTRACT;2;
463.4648;5;-1.87281;24.66114;3;43;EXTRACT;0;
463.6641;6;-35.29882;26.33446;3;5;EXTRACT;3;
464.1055;6;-35.29882;26.33446;3;4;EXTRACT;2;
465.4688;5;-1.87281;24.66114;3;42;EXTRACT;0;
465.668;6;-35.29882;26.33446;3;3;EXTRACT;3;
466.1094;6;-35.29882;26.33446;3;2;EXTRACT;2;
467.4727;5;-1.87281;24.66114;3;41;EXTRACT;0;
467.6719;6;-35.29882;26.33446;3;1;EXTRACT;3;
468.1133;6;-35.29882;26.33446;3;0;EXTRACT;2;
468.0781;6;-35.29882;26.33446;3;0;DESTROYED;;
468.1133;10;-2.319538;8.957703;3;48;CREATED;;
469.4766;5;-1.87281;24.66114;3;40;EXTRACT;0;
471.4453;5;-1.87281;24.66114;3;39;EXTRACT;0;
473.4531;5;-1.87281;24.66114;3;38;EXTRACT;0;
475.4609;5;-1.87281;24.66114;3;37;EXTRACT;0;
477.4648;5;-1.87281;24.66114;3;36;EXTRACT;0;
479.4727;5;-1.87281;24.66114;3;35;EXTRACT;0;
481.4414;5;-1.87281;24.66114;3;34;EXTRACT;0;
483.4531;5;-1.87281;24.66114;3;33;EXTRACT;0;
485.4609;5;-1.87281;24.66114;3;32;EXTRACT;0;
487.4688;5;-1.87281;24.66114;3;31;EXTRACT;0;
489.4727;5;-1.87281;24.66114;3;30;EXTRACT;0;
491.4766;5;-1.87281;24.66114;3;29;EXTRACT;0;
493.4414;5;-1.87281;24.66114;3;28;EXTRACT;0;
495.4453;5;-1.87281;24.66114;3;27;EXTRACT;0;
497.4922;5;-1.87281;24.66114;3;26;EXTRACT;0;
499.4961;5;-1.87281;24.66114;3;25;EXTRACT;0;
501.4609;5;-1.87281;24.66114;3;24;EXTRACT;0;
503.4648;5;-1.87281;24.66114;3;23;EXTRACT;0;
505.4727;5;-1.87281;24.66114;3;22;EXTRACT;0;
507.4766;5;-1.87281;24.66114;3;21;EXTRACT;0;
509.4844;5;-1.87281;24.66114;3;20;EXTRACT;0;
511.4922;5;-1.87281;24.66114;3;19;EXTRACT;0;
513.4961;5;-1.87281;24.66114;3;18;EXTRACT;0;
515.4648;5;-1.87281;24.66114;3;17;EXTRACT;0;
517.4648;5;-1.87281;24.66114;3;16;EXTRACT;0;
519.4688;5;-1.87281;24.66114;3;15;EXTRACT;0;
519.75;5;-1.87281;24.66114;3;15;DISCOVER;3;
521.1563;5;-1.87281;24.66114;3;15;DISCOVER;2;
521.4766;5;-1.87281;24.66114;3;14;EXTRACT;0;
523.2422;5;-1.87281;24.66114;3;13;EXTRACT;3;
523.4805;5;-1.87281;24.66114;3;12;EXTRACT;0;
523.9219;5;-1.87281;24.66114;3;11;EXTRACT;2;
525.2461;5;-1.87281;24.66114;3;10;EXTRACT;3;
525.4844;5;-1.87281;24.66114;3;9;EXTRACT;0;
525.9258;5;-1.87281;24.66114;3;8;EXTRACT;2;
527.25;5;-1.87281;24.66114;3;7;EXTRACT;3;
527.4883;5;-1.87281;24.66114;3;6;EXTRACT;0;
527.9297;5;-1.87281;24.66114;3;5;EXTRACT;2;
529.2539;5;-1.87281;24.66114;3;4;EXTRACT;3;
529.4922;5;-1.87281;24.66114;3;3;EXTRACT;0;
529.9336;5;-1.87281;24.66114;3;2;EXTRACT;2;
531.2578;5;-1.87281;24.66114;3;1;EXTRACT;3;
531.4961;5;-1.87281;24.66114;3;0;EXTRACT;0;
531.4805;5;-1.87281;24.66114;3;0;DESTROYED;;
531.4961;11;-26.08929;27.59779;3;48;CREATED;;
543.9297;10;-2.319538;8.957703;3;48;DISCOVER;0;
546.8203;10;-2.319538;8.957703;3;47;EXTRACT;0;
548.8242;10;-2.319538;8.957703;3;46;EXTRACT;0;
550.832;10;-2.319538;8.957703;3;45;EXTRACT;0;
552.8359;10;-2.319538;8.957703;3;44;EXTRACT;0;
554.8398;10;-2.319538;8.957703;3;43;EXTRACT;0;
556.8438;10;-2.319538;8.957703;3;42;EXTRACT;0;
558.8477;10;-2.319538;8.957703;3;41;EXTRACT;0;
560.8125;10;-2.319538;8.957703;3;40;EXTRACT;0;
562.8164;10;-2.319538;8.957703;3;39;EXTRACT;0;
564.8203;10;-2.319538;8.957703;3;38;EXTRACT;0;
566.3438;9;31.04623;14.02751;3;48;DISCOVER;3;
566.8242;10;-2.319538;8.957703;3;37;EXTRACT;0;
568.8281;10;-2.319538;8.957703;3;36;EXTRACT;0;
569.7109;9;31.04623;14.02751;3;47;EXTRACT;3;
570.8359;10;-2.319538;8.957703;3;35;EXTRACT;0;
571.6758;9;31.04623;14.02751;3;46;EXTRACT;3;
572.8398;10;-2.319538;8.957703;3;34;EXTRACT;0;
573.082;9;31.04623;14.02751;3;46;DISCOVER;2;
573.6836;9;31.04623;14.02751;3;45;EXTRACT;3;
574.8438;10;-2.319538;8.957703;3;33;EXTRACT;0;
575.6875;9;31.04623;14.02751;3;44;EXTRACT;3;
575.6875;9;31.04623;14.02751;3;43;EXTRACT;2;
576.8516;10;-2.319538;8.957703;3;32;EXTRACT;0;
577.6914;9;31.04623;14.02751;3;42;EXTRACT;3;
577.6914;9;31.04623;14.02751;3;41;EXTRACT;2;
578.8125;10;-2.319538;8.957703;3;31;EXTRACT;0;
579.6953;9;31.04623;14.02751;3;40;EXTRACT;3;
579.6953;9;31.04623;14.02751;3;39;EXTRACT;2;
580.8203;10;-2.319538;8.957703;3;30;EXTRACT;0;
581.7031;9;31.04623;14.02751;3;38;EXTRACT;3;
581.7031;9;31.04623;14.02751;3;37;EXTRACT;2;
582.8242;10;-2.319538;8.957703;3;29;EXTRACT;0;
583.707;9;31.04623;14.02751;3;36;EXTRACT;3;
583.707;9;31.04623;14.02751;3;35;EXTRACT;2;
584.8281;10;-2.319538;8.957703;3;28;EXTRACT;0;
585.7109;9;31.04623;14.02751;3;34;EXTRACT;3;
585.7109;9;31.04623;14.02751;3;33;EXTRACT;2;
586.832;10;-2.319538;8.957703;3;27;EXTRACT;0;
587.6758;9;31.04623;14.02751;3;32;EXTRACT;3;
587.7148;9;31.04623;14.02751;3;31;EXTRACT;2;
588.8359;10;-2.319538;8.957703;3;26;EXTRACT;0;
589.6797;9;31.04623;14.02751;3;30;EXTRACT;3;
589.7188;9;31.04623;14.02751;3;29;EXTRACT;2;
590.8398;10;-2.319538;8.957703;3;25;EXTRACT;0;
591.6836;9;31.04623;14.02751;3;28;EXTRACT;3;
591.7227;9;31.04623;14.02751;3;27;EXTRACT;2;
592.8438;10;-2.319538;8.957703;3;24;EXTRACT;0;
593.6875;9;31.04623;14.02751;3;26;EXTRACT;3;
593.6875;9;31.04623;14.02751;3;25;EXTRACT;2;
594.8516;10;-2.319538;8.957703;3;23;EXTRACT;0;
595.6914;9;31.04623;14.02751;3;24;EXTRACT;3;
595.6914;9;31.04623;14.02751;3;23;EXTRACT;2;
596.8555;10;-2.319538;8.957703;3;22;EXTRACT;0;
597.6953;9;31.04623;14.02751;3;22;EXTRACT;3;
597.6953;9;31.04623;14.02751;3;21;EXTRACT;2;
598.8555;10;-2.319538;8.957703;3;21;EXTRACT;0;
599.6992;9;31.04623;14.02751;3;20;EXTRACT;3;
599.6992;9;31.04623;14.02751;3;19;EXTRACT;2;
600.8633;10;-2.319538;8.957703;3;20;EXTRACT;0;
601.7031;9;31.04623;14.02751;3;18;EXTRACT;2;
601.7031;9;31.04623;14.02751;3;17;EXTRACT;3;
602.8672;10;-2.319538;8.957703;3;19;EXTRACT;0;
603.707;9;31.04623;14.02751;3;16;EXTRACT;2;
603.707;9;31.04623;14.02751;3;15;EXTRACT;3;
604.832;10;-2.319538;8.957703;3;18;EXTRACT;0;
605.7148;9;31.04623;14.02751;3;14;EXTRACT;2;
605.7148;9;31.04623;14.02751;3;13;EXTRACT;3;
606.8398;10;-2.319538;8.957703;3;17;EXTRACT;0;
607.7227;9;31.04623;14.02751;3;12;EXTRACT;2;
607.7227;9;31.04623;14.02751;3;11;EXTRACT;3;
608.8438;10;-2.319538;8.957703;3;16;EXTRACT;0;
609.7266;9;31.04623;14.02751;3;10;EXTRACT;2;
609.7266;9;31.04623;14.02751;3;9;EXTRACT;3;
610.8477;10;-2.319538;8.957703;3;15;EXTRACT;0;
611.6875;9;31.04623;14.02751;3;8;EXTRACT;2;
611.7305;9;31.04623;14.02751;3;7;EXTRACT;3;
612.8516;10;-2.319538;8.957703;3;14;EXTRACT;0;
613.6953;9;31.04623;14.02751;3;6;EXTRACT;2;
613.6953;9;31.04623;14.02751;3;5;EXTRACT;3;
614.8555;10;-2.319538;8.957703;3;13;EXTRACT;0;
615.6992;9;31.04623;14.02751;3;4;EXTRACT;2;
615.6992;9;31.04623;14.02751;3;3;EXTRACT;3;
616.8594;10;-2.319538;8.957703;3;12;EXTRACT;0;
617.6992;9;31.04623;14.02751;3;2;EXTRACT;2;
617.6992;9;31.04623;14.02751;3;1;EXTRACT;3;
618.8633;10;-2.319538;8.957703;3;11;EXTRACT;0;
619.7031;9;31.04623;14.02751;3;0;EXTRACT;2;
619.6797;9;31.04623;14.02751;3;0;DESTROYED;;
619.7031;12;-34.39545;-6.19875;3;48;CREATED;;
620.8633;10;-2.319538;8.957703;3;10;EXTRACT;0;
622.832;10;-2.319538;8.957703;3;9;EXTRACT;0;
624.8359;10;-2.319538;8.957703;3;8;EXTRACT;0;
626.8398;10;-2.319538;8.957703;3;7;EXTRACT;0;
628.8438;10;-2.319538;8.957703;3;6;EXTRACT;0;
630.8516;10;-2.319538;8.957703;3;5;EXTRACT;0;
632.8555;10;-2.319538;8.957703;3;4;EXTRACT;0;
634.8594;10;-2.319538;8.957703;3;3;EXTRACT;0;
636.8633;10;-2.319538;8.957703;3;2;EXTRACT;0;
638.8711;10;-2.319538;8.957703;3;1;EXTRACT;0;
639.793;10;-2.319538;8.957703;3;1;DISCOVER;2;
640.875;10;-2.319538;8.957703;3;0;EXTRACT;0;
640.8398;10;-2.319538;8.957703;3;0;DESTROYED;;
640.875;13;24.17487;-36.36761;3;48;CREATED;;
645.043;8;-9.898933;-0.5604591;3;48;DISCOVER;1;
648.2539;8;-9.898933;-0.5604591;3;47;EXTRACT;1;
650.2578;8;-9.898933;-0.5604591;3;46;EXTRACT;1;
652.2227;8;-9.898933;-0.5604591;3;45;EXTRACT;1;
654.2266;8;-9.898933;-0.5604591;3;44;EXTRACT;1;
656.2461;8;-9.898933;-0.5604591;3;43;EXTRACT;1;
658.25;8;-9.898933;-0.5604591;3;42;EXTRACT;1;
660.2539;8;-9.898933;-0.5604591;3;41;EXTRACT;1;
662.2578;8;-9.898933;-0.5604591;3;40;EXTRACT;1;
664.2656;8;-9.898933;-0.5604591;3;39;EXTRACT;1;
666.2734;8;-9.898933;-0.5604591;3;38;EXTRACT;1;
668.2813;8;-9.898933;-0.5604591;3;37;EXTRACT;1;
670.2422;8;-9.898933;-0.5604591;3;36;EXTRACT;1;
672.25;8;-9.898933;-0.5604591;3;35;EXTRACT;1;
674.293;8;-9.898933;-0.5604591;3;34;EXTRACT;1;
674.7773;8;-9.898933;-0.5604591;3;34;DISCOVER;2;
676.2617;8;-9.898933;-0.5604591;3;33;EXTRACT;1;
677.543;8;-9.898933;-0.5604591;3;32;EXTRACT;2;
678.2617;8;-9.898933;-0.5604591;3;31;EXTRACT;1;
679.543;8;-9.898933;-0.5604591;3;30;EXTRACT;2;
680.2656;8;-9.898933;-0.5604591;3;29;EXTRACT;1;
681.5078;8;-9.898933;-0.5604591;3;28;EXTRACT;2;
682.2656;8;-9.898933;-0.5604591;3;27;EXTRACT;1;
683.5078;8;-9.898933;-0.5604591;3;26;EXTRACT;2;
684.2695;8;-9.898933;-0.5604591;3;25;EXTRACT;1;
685.5117;8;-9.898933;-0.5604591;3;24;EXTRACT;2;
686.2734;8;-9.898933;-0.5604591;3;23;EXTRACT;1;
687.5156;8;-9.898933;-0.5604591;3;22;EXTRACT;2;
688.2773;8;-9.898933;-0.5604591;3;21;EXTRACT;1;
689.5156;8;-9.898933;-0.5604591;3;20;EXTRACT;2;
690.2773;8;-9.898933;-0.5604591;3;19;EXTRACT;1;
691.5234;8;-9.898933;-0.5604591;3;18;EXTRACT;2;
692.2852;8;-9.898933;-0.5604591;3;17;EXTRACT;1;
692.7656;8;-9.898933;-0.5604591;3;17;DISCOVER;0;
693.5273;8;-9.898933;-0.5604591;3;16;EXTRACT;2;
694.2891;8;-9.898933;-0.5604591;3;15;EXTRACT;1;
695.5352;8;-9.898933;-0.5604591;3;14;EXTRACT;2;
695.9375;8;-9.898933;-0.5604591;3;13;EXTRACT;0;
696.2969;8;-9.898933;-0.5604591;3;12;EXTRACT;1;
697.5391;8;-9.898933;-0.5604591;3;11;EXTRACT;2;
697.9414;8;-9.898933;-0.5604591;3;10;EXTRACT;0;
698.2617;8;-9.898933;-0.5604591;3;9;EXTRACT;1;
699.5469;8;-9.898933;-0.5604591;3;8;EXTRACT;2;
699.9531;8;-9.898933;-0.5604591;3;7;EXTRACT;0;
700.2734;8;-9.898933;-0.5604591;3;6;EXTRACT;1;
701.5156;8;-9.898933;-0.5604591;3;5;EXTRACT;2;
701.957;8;-9.898933;-0.5604591;3;4;EXTRACT;0;
702.2773;8;-9.898933;-0.5604591;3;3;EXTRACT;1;
702.3164;8;-9.898933;-0.5604591;3;3;DISCOVER;3;
703.5234;8;-9.898933;-0.5604591;3;2;EXTRACT;2;
703.9648;8;-9.898933;-0.5604591;3;1;EXTRACT;0;
704.2852;8;-9.898933;-0.5604591;3;0;EXTRACT;1;
704.2813;8;-9.898933;-0.5604591;3;0;DESTROYED;;
704.2852;14;-4.884781;10.79359;3;48;CREATED;;
