Time;PatchID;PositionX;PositionZ;Radius;CoinAmount;PatchEvent;TriggerPlayer;
0;155;-34.78681;8.208702;3;48;CREATED;;
0;156;-23.19101;-42.06559;3;48;CREATED;;
0;157;22.92701;0.06923676;3;48;CREATED;;
0;158;44.23122;22.96693;3;48;CREATED;;
0;159;17.74335;16.94804;3;48;CREATED;;
92.08203;156;-23.19101;-42.06559;3;48;DISCOVER;2;
95.12891;156;-23.19101;-42.06559;3;47;EXTRACT;2;
97.14063;156;-23.19101;-42.06559;3;46;EXTRACT;2;
99.14453;156;-23.19101;-42.06559;3;45;EXTRACT;2;
101.1094;156;-23.19101;-42.06559;3;44;EXTRACT;2;
103.1133;156;-23.19101;-42.06559;3;43;EXTRACT;2;
105.1172;156;-23.19101;-42.06559;3;42;EXTRACT;2;
106.6406;156;-23.19101;-42.06559;3;42;DISCOVER;0;
107.1211;156;-23.19101;-42.06559;3;41;EXTRACT;2;
109.125;156;-23.19101;-42.06559;3;40;EXTRACT;2;
109.3281;156;-23.19101;-42.06559;3;39;EXTRACT;0;
111.1289;156;-23.19101;-42.06559;3;38;EXTRACT;2;
111.332;156;-23.19101;-42.06559;3;37;EXTRACT;0;
113.1367;156;-23.19101;-42.06559;3;36;EXTRACT;2;
113.3359;156;-23.19101;-42.06559;3;35;EXTRACT;0;
115.1406;156;-23.19101;-42.06559;3;34;EXTRACT;2;
115.3398;156;-23.19101;-42.06559;3;33;EXTRACT;0;
117.1445;156;-23.19101;-42.06559;3;32;EXTRACT;2;
117.3438;156;-23.19101;-42.06559;3;31;EXTRACT;0;
119.1484;156;-23.19101;-42.06559;3;30;EXTRACT;2;
119.3477;156;-23.19101;-42.06559;3;29;EXTRACT;0;
121.1523;156;-23.19101;-42.06559;3;28;EXTRACT;2;
121.3516;156;-23.19101;-42.06559;3;27;EXTRACT;0;
123.1563;156;-23.19101;-42.06559;3;26;EXTRACT;2;
123.3164;156;-23.19101;-42.06559;3;25;EXTRACT;0;
125.1641;156;-23.19101;-42.06559;3;24;EXTRACT;2;
125.3242;156;-23.19101;-42.06559;3;23;EXTRACT;0;
127.1289;156;-23.19101;-42.06559;3;22;EXTRACT;2;
127.3281;156;-23.19101;-42.06559;3;21;EXTRACT;0;
129.1289;156;-23.19101;-42.06559;3;20;EXTRACT;2;
129.332;156;-23.19101;-42.06559;3;19;EXTRACT;0;
131.1328;156;-23.19101;-42.06559;3;18;EXTRACT;2;
131.3359;156;-23.19101;-42.06559;3;17;EXTRACT;0;
133.1367;156;-23.19101;-42.06559;3;16;EXTRACT;2;
133.3398;156;-23.19101;-42.06559;3;15;EXTRACT;0;
135.1445;156;-23.19101;-42.06559;3;14;EXTRACT;2;
135.3438;156;-23.19101;-42.06559;3;13;EXTRACT;0;
137.1484;156;-23.19101;-42.06559;3;12;EXTRACT;2;
137.3516;156;-23.19101;-42.06559;3;11;EXTRACT;0;
139.1563;156;-23.19101;-42.06559;3;10;EXTRACT;2;
139.3164;156;-23.19101;-42.06559;3;9;EXTRACT;0;
141.1641;156;-23.19101;-42.06559;3;8;EXTRACT;2;
141.3203;156;-23.19101;-42.06559;3;7;EXTRACT;0;
143.168;156;-23.19101;-42.06559;3;6;EXTRACT;2;
143.3281;156;-23.19101;-42.06559;3;5;EXTRACT;0;
145.168;156;-23.19101;-42.06559;3;4;EXTRACT;2;
145.3281;156;-23.19101;-42.06559;3;3;EXTRACT;0;
147.1758;156;-23.19101;-42.06559;3;2;EXTRACT;2;
147.3359;156;-23.19101;-42.06559;3;1;EXTRACT;0;
149.1797;156;-23.19101;-42.06559;3;0;EXTRACT;2;
149.1602;156;-23.19101;-42.06559;3;0;DESTROYED;;
149.1797;160;-25.96194;20.46107;3;48;CREATED;;
167.9102;155;-34.78681;8.208702;3;48;DISCOVER;1;
171.1172;155;-34.78681;8.208702;3;47;EXTRACT;1;
173.1211;155;-34.78681;8.208702;3;46;EXTRACT;1;
175.0898;155;-34.78681;8.208702;3;45;EXTRACT;1;
177.0938;155;-34.78681;8.208702;3;44;EXTRACT;1;
179.0977;155;-34.78681;8.208702;3;43;EXTRACT;1;
180.9102;155;-34.78681;8.208702;3;43;DISCOVER;0;
181.1094;155;-34.78681;8.208702;3;42;EXTRACT;1;
183.1172;155;-34.78681;8.208702;3;41;EXTRACT;1;
184.0781;155;-34.78681;8.208702;3;40;EXTRACT;0;
185.1172;155;-34.78681;8.208702;3;39;EXTRACT;1;
186.082;155;-34.78681;8.208702;3;38;EXTRACT;0;
186.4805;155;-34.78681;8.208702;3;38;DISCOVER;2;
187.0859;155;-34.78681;8.208702;3;37;EXTRACT;1;
188.0859;155;-34.78681;8.208702;3;36;EXTRACT;0;
189.0898;155;-34.78681;8.208702;3;35;EXTRACT;1;
189.25;155;-34.78681;8.208702;3;34;EXTRACT;2;
190.0508;155;-34.78681;8.208702;3;33;EXTRACT;0;
191.0938;155;-34.78681;8.208702;3;32;EXTRACT;1;
191.2539;155;-34.78681;8.208702;3;31;EXTRACT;2;
192.0547;155;-34.78681;8.208702;3;30;EXTRACT;0;
193.0977;155;-34.78681;8.208702;3;29;EXTRACT;1;
193.2578;155;-34.78681;8.208702;3;28;EXTRACT;2;
194.0625;155;-34.78681;8.208702;3;27;EXTRACT;0;
195.1055;155;-34.78681;8.208702;3;26;EXTRACT;1;
195.2656;155;-34.78681;8.208702;3;25;EXTRACT;2;
196.0664;155;-34.78681;8.208702;3;24;EXTRACT;0;
197.1133;155;-34.78681;8.208702;3;23;EXTRACT;1;
197.2734;155;-34.78681;8.208702;3;22;EXTRACT;2;
198.0781;155;-34.78681;8.208702;3;21;EXTRACT;0;
199.1172;155;-34.78681;8.208702;3;20;EXTRACT;1;
199.2773;155;-34.78681;8.208702;3;19;EXTRACT;2;
200.0781;155;-34.78681;8.208702;3;18;EXTRACT;0;
201.082;155;-34.78681;8.208702;3;17;EXTRACT;1;
201.2813;155;-34.78681;8.208702;3;16;EXTRACT;2;
202.082;155;-34.78681;8.208702;3;15;EXTRACT;0;
203.0898;155;-34.78681;8.208702;3;14;EXTRACT;1;
203.2891;155;-34.78681;8.208702;3;13;EXTRACT;2;
204.0508;155;-34.78681;8.208702;3;12;EXTRACT;0;
205.0938;155;-34.78681;8.208702;3;11;EXTRACT;1;
205.293;155;-34.78681;8.208702;3;10;EXTRACT;2;
206.0547;155;-34.78681;8.208702;3;9;EXTRACT;0;
207.0977;155;-34.78681;8.208702;3;8;EXTRACT;1;
207.2969;155;-34.78681;8.208702;3;7;EXTRACT;2;
208.0586;155;-34.78681;8.208702;3;6;EXTRACT;0;
209.1016;155;-34.78681;8.208702;3;5;EXTRACT;1;
209.2617;155;-34.78681;8.208702;3;4;EXTRACT;2;
210.0664;155;-34.78681;8.208702;3;3;EXTRACT;0;
211.1094;155;-34.78681;8.208702;3;2;EXTRACT;1;
211.2695;155;-34.78681;8.208702;3;1;EXTRACT;2;
212.0703;155;-34.78681;8.208702;3;0;EXTRACT;0;
212.0391;155;-34.78681;8.208702;3;0;DESTROYED;;
212.0703;161;20.57648;28.44572;3;48;CREATED;;
223.3828;160;-25.96194;20.46107;3;48;DISCOVER;0;
226.3086;160;-25.96194;20.46107;3;47;EXTRACT;0;
228.3125;160;-25.96194;20.46107;3;46;EXTRACT;0;
230.3203;160;-25.96194;20.46107;3;45;EXTRACT;0;
232.3242;160;-25.96194;20.46107;3;44;EXTRACT;0;
234.2852;160;-25.96194;20.46107;3;43;EXTRACT;0;
236.293;160;-25.96194;20.46107;3;42;EXTRACT;0;
238.2969;160;-25.96194;20.46107;3;41;EXTRACT;0;
240.3008;160;-25.96194;20.46107;3;40;EXTRACT;0;
242.3047;160;-25.96194;20.46107;3;39;EXTRACT;0;
244.3086;160;-25.96194;20.46107;3;38;EXTRACT;0;
246.3125;160;-25.96194;20.46107;3;37;EXTRACT;0;
248.3164;160;-25.96194;20.46107;3;36;EXTRACT;0;
250.3203;160;-25.96194;20.46107;3;35;EXTRACT;0;
252.3281;160;-25.96194;20.46107;3;34;EXTRACT;0;
254.293;160;-25.96194;20.46107;3;33;EXTRACT;0;
256.3008;160;-25.96194;20.46107;3;32;EXTRACT;0;
257.9453;161;20.57648;28.44572;3;48;DISCOVER;2;
258.3086;160;-25.96194;20.46107;3;31;EXTRACT;0;
260.3125;160;-25.96194;20.46107;3;30;EXTRACT;0;
262.0742;161;20.57648;28.44572;3;47;EXTRACT;2;
262.3125;160;-25.96194;20.46107;3;29;EXTRACT;0;
264.0781;161;20.57648;28.44572;3;46;EXTRACT;2;
264.3203;160;-25.96194;20.46107;3;28;EXTRACT;0;
266.082;161;20.57648;28.44572;3;45;EXTRACT;2;
266.3242;160;-25.96194;20.46107;3;27;EXTRACT;0;
268.0859;161;20.57648;28.44572;3;44;EXTRACT;2;
268.2891;160;-25.96194;20.46107;3;26;EXTRACT;0;
270.0938;161;20.57648;28.44572;3;43;EXTRACT;2;
270.2969;160;-25.96194;20.46107;3;25;EXTRACT;0;
272.1016;161;20.57648;28.44572;3;42;EXTRACT;2;
272.3008;160;-25.96194;20.46107;3;24;EXTRACT;0;
274.0664;161;20.57648;28.44572;3;41;EXTRACT;2;
274.3047;160;-25.96194;20.46107;3;23;EXTRACT;0;
276.0742;161;20.57648;28.44572;3;40;EXTRACT;2;
276.3125;160;-25.96194;20.46107;3;22;EXTRACT;0;
278.0781;161;20.57648;28.44572;3;39;EXTRACT;2;
278.3164;160;-25.96194;20.46107;3;21;EXTRACT;0;
280.0781;161;20.57648;28.44572;3;38;EXTRACT;2;
280.3203;160;-25.96194;20.46107;3;20;EXTRACT;0;
282.082;161;20.57648;28.44572;3;37;EXTRACT;2;
282.3242;160;-25.96194;20.46107;3;19;EXTRACT;0;
284.0859;161;20.57648;28.44572;3;36;EXTRACT;2;
284.3281;160;-25.96194;20.46107;3;18;EXTRACT;0;
286.0898;161;20.57648;28.44572;3;35;EXTRACT;2;
286.2891;160;-25.96194;20.46107;3;17;EXTRACT;0;
288.0977;161;20.57648;28.44572;3;34;EXTRACT;2;
288.2969;160;-25.96194;20.46107;3;16;EXTRACT;0;
290.1016;161;20.57648;28.44572;3;33;EXTRACT;2;
290.3008;160;-25.96194;20.46107;3;15;EXTRACT;0;
292.0664;161;20.57648;28.44572;3;32;EXTRACT;2;
292.3086;160;-25.96194;20.46107;3;14;EXTRACT;0;
294.0703;161;20.57648;28.44572;3;31;EXTRACT;2;
294.3125;160;-25.96194;20.46107;3;13;EXTRACT;0;
296.0781;161;20.57648;28.44572;3;30;EXTRACT;2;
296.3203;160;-25.96194;20.46107;3;12;EXTRACT;0;
298.082;161;20.57648;28.44572;3;29;EXTRACT;2;
298.3242;160;-25.96194;20.46107;3;11;EXTRACT;0;
300.0859;161;20.57648;28.44572;3;28;EXTRACT;2;
300.3242;160;-25.96194;20.46107;3;10;EXTRACT;0;
302.0859;161;20.57648;28.44572;3;27;EXTRACT;2;
302.3281;160;-25.96194;20.46107;3;9;EXTRACT;0;
304.0977;161;20.57648;28.44572;3;26;EXTRACT;2;
304.3008;160;-25.96194;20.46107;3;8;EXTRACT;0;
306.1016;161;20.57648;28.44572;3;25;EXTRACT;2;
306.3008;160;-25.96194;20.46107;3;7;EXTRACT;0;
308.0664;161;20.57648;28.44572;3;24;EXTRACT;2;
308.3086;160;-25.96194;20.46107;3;6;EXTRACT;0;
308.8281;160;-25.96194;20.46107;3;6;DISCOVER;1;
310.0703;161;20.57648;28.44572;3;23;EXTRACT;2;
310.3125;160;-25.96194;20.46107;3;5;EXTRACT;0;
312.0742;161;20.57648;28.44572;3;22;EXTRACT;2;
312.3164;160;-25.96194;20.46107;3;4;EXTRACT;0;
312.4766;160;-25.96194;20.46107;3;3;EXTRACT;1;
314.0781;161;20.57648;28.44572;3;21;EXTRACT;2;
314.3203;160;-25.96194;20.46107;3;2;EXTRACT;0;
314.4805;160;-25.96194;20.46107;3;1;EXTRACT;1;
316.0898;161;20.57648;28.44572;3;20;EXTRACT;2;
316.2891;160;-25.96194;20.46107;3;0;EXTRACT;0;
316.2813;160;-25.96194;20.46107;3;0;DESTROYED;;
316.2891;162;-8.705738;-4.454391;3;48;CREATED;;
318.0977;161;20.57648;28.44572;3;19;EXTRACT;2;
320.1016;161;20.57648;28.44572;3;18;EXTRACT;2;
322.0703;161;20.57648;28.44572;3;17;EXTRACT;2;
324.0781;161;20.57648;28.44572;3;16;EXTRACT;2;
326.0859;161;20.57648;28.44572;3;15;EXTRACT;2;
328.0898;161;20.57648;28.44572;3;14;EXTRACT;2;
330.0977;161;20.57648;28.44572;3;13;EXTRACT;2;
332.1055;161;20.57648;28.44572;3;12;EXTRACT;2;
334.0664;161;20.57648;28.44572;3;11;EXTRACT;2;
336.0703;161;20.57648;28.44572;3;10;EXTRACT;2;
338.0742;161;20.57648;28.44572;3;9;EXTRACT;2;
340.082;161;20.57648;28.44572;3;8;EXTRACT;2;
342.0859;161;20.57648;28.44572;3;7;EXTRACT;2;
344.0898;161;20.57648;28.44572;3;6;EXTRACT;2;
346.0938;161;20.57648;28.44572;3;5;EXTRACT;2;
348.1016;161;20.57648;28.44572;3;4;EXTRACT;2;
350.1055;161;20.57648;28.44572;3;3;EXTRACT;2;
352.0703;161;20.57648;28.44572;3;2;EXTRACT;2;
354.0742;161;20.57648;28.44572;3;1;EXTRACT;2;
356.0781;161;20.57648;28.44572;3;0;EXTRACT;2;
356.0391;161;20.57648;28.44572;3;0;DESTROYED;;
356.0781;163;17.88363;-16.94365;3;48;CREATED;;
361.1719;158;44.23122;22.96693;3;48;DISCOVER;3;
365.582;158;44.23122;22.96693;3;47;EXTRACT;3;
366.1445;159;17.74335;16.94804;3;48;DISCOVER;2;
367.5859;158;44.23122;22.96693;3;46;EXTRACT;3;
369.1523;159;17.74335;16.94804;3;47;EXTRACT;2;
369.5938;158;44.23122;22.96693;3;45;EXTRACT;3;
371.1563;159;17.74335;16.94804;3;46;EXTRACT;2;
371.5586;158;44.23122;22.96693;3;44;EXTRACT;3;
373.1602;159;17.74335;16.94804;3;45;EXTRACT;2;
373.5625;158;44.23122;22.96693;3;43;EXTRACT;3;
375.168;159;17.74335;16.94804;3;44;EXTRACT;2;
375.5664;158;44.23122;22.96693;3;42;EXTRACT;3;
377.1719;159;17.74335;16.94804;3;43;EXTRACT;2;
377.5742;158;44.23122;22.96693;3;41;EXTRACT;3;
379.1836;159;17.74335;16.94804;3;42;EXTRACT;2;
379.582;158;44.23122;22.96693;3;40;EXTRACT;3;
381.1875;159;17.74335;16.94804;3;41;EXTRACT;2;
381.5898;158;44.23122;22.96693;3;39;EXTRACT;3;
383.1563;159;17.74335;16.94804;3;40;EXTRACT;2;
383.5977;158;44.23122;22.96693;3;38;EXTRACT;3;
385.1641;159;17.74335;16.94804;3;39;EXTRACT;2;
385.5664;158;44.23122;22.96693;3;37;EXTRACT;3;
387.1719;159;17.74335;16.94804;3;38;EXTRACT;2;
387.5742;158;44.23122;22.96693;3;36;EXTRACT;3;
389.1797;159;17.74335;16.94804;3;37;EXTRACT;2;
389.582;158;44.23122;22.96693;3;35;EXTRACT;3;
391.1875;159;17.74335;16.94804;3;36;EXTRACT;2;
391.5859;158;44.23122;22.96693;3;34;EXTRACT;3;
393.1523;159;17.74335;16.94804;3;35;EXTRACT;2;
393.5938;158;44.23122;22.96693;3;33;EXTRACT;3;
395.1563;159;17.74335;16.94804;3;34;EXTRACT;2;
395.5586;158;44.23122;22.96693;3;32;EXTRACT;3;
397.1641;159;17.74335;16.94804;3;33;EXTRACT;2;
397.5625;158;44.23122;22.96693;3;31;EXTRACT;3;
399.168;159;17.74335;16.94804;3;32;EXTRACT;2;
399.5703;158;44.23122;22.96693;3;30;EXTRACT;3;
401.1758;159;17.74335;16.94804;3;31;EXTRACT;2;
401.5781;158;44.23122;22.96693;3;29;EXTRACT;3;
402.3008;162;-8.705738;-4.454391;3;48;DISCOVER;0;
403.1797;159;17.74335;16.94804;3;30;EXTRACT;2;
403.5781;158;44.23122;22.96693;3;28;EXTRACT;3;
405.1836;159;17.74335;16.94804;3;29;EXTRACT;2;
405.5859;158;44.23122;22.96693;3;27;EXTRACT;3;
405.7852;162;-8.705738;-4.454391;3;47;EXTRACT;0;
407.1914;159;17.74335;16.94804;3;28;EXTRACT;2;
407.5898;158;44.23122;22.96693;3;26;EXTRACT;3;
407.7891;162;-8.705738;-4.454391;3;46;EXTRACT;0;
409.1914;159;17.74335;16.94804;3;27;EXTRACT;2;
409.5938;158;44.23122;22.96693;3;25;EXTRACT;3;
409.793;162;-8.705738;-4.454391;3;45;EXTRACT;0;
411.1992;159;17.74335;16.94804;3;26;EXTRACT;2;
411.5586;158;44.23122;22.96693;3;24;EXTRACT;3;
411.8008;162;-8.705738;-4.454391;3;44;EXTRACT;0;
413.2031;159;17.74335;16.94804;3;25;EXTRACT;2;
413.5625;158;44.23122;22.96693;3;23;EXTRACT;3;
413.7617;162;-8.705738;-4.454391;3;43;EXTRACT;0;
415.207;159;17.74335;16.94804;3;24;EXTRACT;2;
415.5703;158;44.23122;22.96693;3;22;EXTRACT;3;
415.7695;162;-8.705738;-4.454391;3;42;EXTRACT;0;
417.1719;159;17.74335;16.94804;3;23;EXTRACT;2;
417.5742;158;44.23122;22.96693;3;21;EXTRACT;3;
417.7734;162;-8.705738;-4.454391;3;41;EXTRACT;0;
419.1758;159;17.74335;16.94804;3;22;EXTRACT;2;
419.5781;158;44.23122;22.96693;3;20;EXTRACT;3;
419.7773;162;-8.705738;-4.454391;3;40;EXTRACT;0;
421.1797;159;17.74335;16.94804;3;21;EXTRACT;2;
421.582;158;44.23122;22.96693;3;19;EXTRACT;3;
421.7813;162;-8.705738;-4.454391;3;39;EXTRACT;0;
423.1836;159;17.74335;16.94804;3;20;EXTRACT;2;
423.5859;158;44.23122;22.96693;3;18;EXTRACT;3;
423.7852;162;-8.705738;-4.454391;3;38;EXTRACT;0;
425.1875;159;17.74335;16.94804;3;19;EXTRACT;2;
425.5898;158;44.23122;22.96693;3;17;EXTRACT;3;
425.7891;162;-8.705738;-4.454391;3;37;EXTRACT;0;
427.1914;159;17.74335;16.94804;3;18;EXTRACT;2;
427.5938;158;44.23122;22.96693;3;16;EXTRACT;3;
427.793;162;-8.705738;-4.454391;3;36;EXTRACT;0;
429.1992;159;17.74335;16.94804;3;17;EXTRACT;2;
429.5586;158;44.23122;22.96693;3;15;EXTRACT;3;
429.8008;162;-8.705738;-4.454391;3;35;EXTRACT;0;
431.2031;159;17.74335;16.94804;3;16;EXTRACT;2;
431.5625;158;44.23122;22.96693;3;14;EXTRACT;3;
431.7617;162;-8.705738;-4.454391;3;34;EXTRACT;0;
433.207;159;17.74335;16.94804;3;15;EXTRACT;2;
433.5664;158;44.23122;22.96693;3;13;EXTRACT;3;
433.7656;162;-8.705738;-4.454391;3;33;EXTRACT;0;
435.168;159;17.74335;16.94804;3;14;EXTRACT;2;
435.5703;158;44.23122;22.96693;3;12;EXTRACT;3;
435.7734;162;-8.705738;-4.454391;3;32;EXTRACT;0;
437.1758;159;17.74335;16.94804;3;13;EXTRACT;2;
437.5742;158;44.23122;22.96693;3;11;EXTRACT;3;
437.7734;162;-8.705738;-4.454391;3;31;EXTRACT;0;
439.1797;159;17.74335;16.94804;3;12;EXTRACT;2;
439.5781;158;44.23122;22.96693;3;10;EXTRACT;3;
439.7773;162;-8.705738;-4.454391;3;30;EXTRACT;0;
441.1797;159;17.74335;16.94804;3;11;EXTRACT;2;
441.582;158;44.23122;22.96693;3;9;EXTRACT;3;
441.7813;162;-8.705738;-4.454391;3;29;EXTRACT;0;
443.1875;159;17.74335;16.94804;3;10;EXTRACT;2;
443.5898;158;44.23122;22.96693;3;8;EXTRACT;3;
443.7891;162;-8.705738;-4.454391;3;28;EXTRACT;0;
445.1914;159;17.74335;16.94804;3;9;EXTRACT;2;
445.5898;158;44.23122;22.96693;3;7;EXTRACT;3;
445.793;162;-8.705738;-4.454391;3;27;EXTRACT;0;
447.1953;159;17.74335;16.94804;3;8;EXTRACT;2;
447.5938;158;44.23122;22.96693;3;6;EXTRACT;3;
447.7969;162;-8.705738;-4.454391;3;26;EXTRACT;0;
449.1992;159;17.74335;16.94804;3;7;EXTRACT;2;
449.6016;158;44.23122;22.96693;3;5;EXTRACT;3;
449.8008;162;-8.705738;-4.454391;3;25;EXTRACT;0;
451.207;159;17.74335;16.94804;3;6;EXTRACT;2;
451.5664;158;44.23122;22.96693;3;4;EXTRACT;3;
451.7656;162;-8.705738;-4.454391;3;24;EXTRACT;0;
453.168;159;17.74335;16.94804;3;5;EXTRACT;2;
453.5703;158;44.23122;22.96693;3;3;EXTRACT;3;
453.7695;162;-8.705738;-4.454391;3;23;EXTRACT;0;
455.1719;159;17.74335;16.94804;3;4;EXTRACT;2;
455.5742;158;44.23122;22.96693;3;2;EXTRACT;3;
455.7773;162;-8.705738;-4.454391;3;22;EXTRACT;0;
457.1797;159;17.74335;16.94804;3;3;EXTRACT;2;
457.5781;158;44.23122;22.96693;3;1;EXTRACT;3;
457.7813;162;-8.705738;-4.454391;3;21;EXTRACT;0;
459.1836;159;17.74335;16.94804;3;2;EXTRACT;2;
459.5859;158;44.23122;22.96693;3;0;EXTRACT;3;
459.5625;158;44.23122;22.96693;3;0;DESTROYED;;
459.5859;164;15.15252;3.812702;3;48;CREATED;;
459.7891;162;-8.705738;-4.454391;3;20;EXTRACT;0;
461.1875;159;17.74335;16.94804;3;1;EXTRACT;2;
461.793;162;-8.705738;-4.454391;3;19;EXTRACT;0;
463.1953;159;17.74335;16.94804;3;0;EXTRACT;2;
463.1602;159;17.74335;16.94804;3;0;DESTROYED;;
463.1953;165;-2.816742;-1.382759;3;48;CREATED;;
463.7969;162;-8.705738;-4.454391;3;18;EXTRACT;0;
465.8008;162;-8.705738;-4.454391;3;17;EXTRACT;0;
467.7656;162;-8.705738;-4.454391;3;16;EXTRACT;0;
469.7734;162;-8.705738;-4.454391;3;15;EXTRACT;0;
471.7773;162;-8.705738;-4.454391;3;14;EXTRACT;0;
473.7813;162;-8.705738;-4.454391;3;13;EXTRACT;0;
475.7852;162;-8.705738;-4.454391;3;12;EXTRACT;0;
477.7891;162;-8.705738;-4.454391;3;11;EXTRACT;0;
479.5938;165;-2.816742;-1.382759;3;48;DISCOVER;2;
479.793;162;-8.705738;-4.454391;3;10;EXTRACT;0;
481.7969;162;-8.705738;-4.454391;3;9;EXTRACT;0;
482.3555;165;-2.816742;-1.382759;3;47;EXTRACT;2;
483.8008;162;-8.705738;-4.454391;3;8;EXTRACT;0;
484.3242;165;-2.816742;-1.382759;3;46;EXTRACT;2;
485.7656;162;-8.705738;-4.454391;3;7;EXTRACT;0;
486.3281;165;-2.816742;-1.382759;3;45;EXTRACT;2;
487.7695;162;-8.705738;-4.454391;3;6;EXTRACT;0;
488.332;165;-2.816742;-1.382759;3;44;EXTRACT;2;
489.7773;162;-8.705738;-4.454391;3;5;EXTRACT;0;
490.3398;165;-2.816742;-1.382759;3;43;EXTRACT;2;
491.7852;162;-8.705738;-4.454391;3;4;EXTRACT;0;
492.3438;165;-2.816742;-1.382759;3;42;EXTRACT;2;
493.7891;162;-8.705738;-4.454391;3;3;EXTRACT;0;
494.3477;165;-2.816742;-1.382759;3;41;EXTRACT;2;
495.793;162;-8.705738;-4.454391;3;2;EXTRACT;0;
496.3516;165;-2.816742;-1.382759;3;40;EXTRACT;2;
497.7969;162;-8.705738;-4.454391;3;1;EXTRACT;0;
498.3594;165;-2.816742;-1.382759;3;39;EXTRACT;2;
499.8008;162;-8.705738;-4.454391;3;0;EXTRACT;0;
499.8008;162;-8.705738;-4.454391;3;0;DESTROYED;;
499.8008;166;-6.079865;16.01919;3;48;CREATED;;
500.3242;165;-2.816742;-1.382759;3;38;EXTRACT;2;
502.3281;165;-2.816742;-1.382759;3;37;EXTRACT;2;
504.3359;165;-2.816742;-1.382759;3;36;EXTRACT;2;
506.3398;165;-2.816742;-1.382759;3;35;EXTRACT;2;
507.4219;165;-2.816742;-1.382759;3;35;DISCOVER;0;
508.3438;165;-2.816742;-1.382759;3;34;EXTRACT;2;
510.2695;165;-2.816742;-1.382759;3;33;EXTRACT;0;
510.3477;165;-2.816742;-1.382759;3;32;EXTRACT;2;
512.2734;165;-2.816742;-1.382759;3;31;EXTRACT;0;
512.3555;165;-2.816742;-1.382759;3;30;EXTRACT;2;
514.2773;165;-2.816742;-1.382759;3;29;EXTRACT;0;
514.3594;165;-2.816742;-1.382759;3;28;EXTRACT;2;
516.2813;165;-2.816742;-1.382759;3;27;EXTRACT;0;
516.3242;165;-2.816742;-1.382759;3;26;EXTRACT;2;
518.2891;165;-2.816742;-1.382759;3;25;EXTRACT;0;
518.3281;165;-2.816742;-1.382759;3;24;EXTRACT;2;
520.293;165;-2.816742;-1.382759;3;23;EXTRACT;0;
520.332;165;-2.816742;-1.382759;3;22;EXTRACT;2;
522.2969;165;-2.816742;-1.382759;3;21;EXTRACT;0;
522.3359;165;-2.816742;-1.382759;3;20;EXTRACT;2;
524.3008;165;-2.816742;-1.382759;3;19;EXTRACT;0;
524.3398;165;-2.816742;-1.382759;3;18;EXTRACT;2;
526.2656;165;-2.816742;-1.382759;3;17;EXTRACT;0;
526.3477;165;-2.816742;-1.382759;3;16;EXTRACT;2;
528.2695;165;-2.816742;-1.382759;3;15;EXTRACT;0;
528.3516;165;-2.816742;-1.382759;3;14;EXTRACT;2;
530.2773;165;-2.816742;-1.382759;3;13;EXTRACT;0;
530.3555;165;-2.816742;-1.382759;3;12;EXTRACT;2;
532.2813;165;-2.816742;-1.382759;3;11;EXTRACT;0;
532.3594;165;-2.816742;-1.382759;3;10;EXTRACT;2;
534.2852;165;-2.816742;-1.382759;3;9;EXTRACT;0;
534.3242;165;-2.816742;-1.382759;3;8;EXTRACT;2;
536.2891;165;-2.816742;-1.382759;3;7;EXTRACT;0;
536.3281;165;-2.816742;-1.382759;3;6;EXTRACT;2;
538.293;165;-2.816742;-1.382759;3;5;EXTRACT;0;
538.332;165;-2.816742;-1.382759;3;4;EXTRACT;2;
540.2969;165;-2.816742;-1.382759;3;3;EXTRACT;0;
540.3359;165;-2.816742;-1.382759;3;2;EXTRACT;2;
542.2969;165;-2.816742;-1.382759;3;1;EXTRACT;0;
542.3398;165;-2.816742;-1.382759;3;0;EXTRACT;2;
542.3203;165;-2.816742;-1.382759;3;0;DESTROYED;;
542.3398;167;34.99413;12.19855;3;48;CREATED;;
585.0469;157;22.92701;0.06923676;3;48;DISCOVER;1;
588.0156;157;22.92701;0.06923676;3;47;EXTRACT;1;
590.0195;157;22.92701;0.06923676;3;46;EXTRACT;1;
590.8203;167;34.99413;12.19855;3;48;DISCOVER;0;
592.0234;157;22.92701;0.06923676;3;45;EXTRACT;1;
594.0313;157;22.92701;0.06923676;3;44;EXTRACT;1;
594.2734;167;34.99413;12.19855;3;47;EXTRACT;0;
596.0352;157;22.92701;0.06923676;3;43;EXTRACT;1;
596.2344;167;34.99413;12.19855;3;46;EXTRACT;0;
598.043;157;22.92701;0.06923676;3;42;EXTRACT;1;
598.2422;167;34.99413;12.19855;3;45;EXTRACT;0;
600.0469;157;22.92701;0.06923676;3;41;EXTRACT;1;
600.2461;167;34.99413;12.19855;3;44;EXTRACT;0;
602.0508;157;22.92701;0.06923676;3;40;EXTRACT;1;
602.25;167;34.99413;12.19855;3;43;EXTRACT;0;
604.0117;157;22.92701;0.06923676;3;39;EXTRACT;1;
604.2539;167;34.99413;12.19855;3;42;EXTRACT;0;
606.0156;157;22.92701;0.06923676;3;38;EXTRACT;1;
606.2578;167;34.99413;12.19855;3;41;EXTRACT;0;
608.0195;157;22.92701;0.06923676;3;37;EXTRACT;1;
608.2578;167;34.99413;12.19855;3;40;EXTRACT;0;
610.0273;157;22.92701;0.06923676;3;36;EXTRACT;1;
610.2656;167;34.99413;12.19855;3;39;EXTRACT;0;
612.0352;157;22.92701;0.06923676;3;35;EXTRACT;1;
612.2734;167;34.99413;12.19855;3;38;EXTRACT;0;
614.0391;157;22.92701;0.06923676;3;34;EXTRACT;1;
614.2422;167;34.99413;12.19855;3;37;EXTRACT;0;
616.0469;157;22.92701;0.06923676;3;33;EXTRACT;1;
616.2461;167;34.99413;12.19855;3;36;EXTRACT;0;
618.0547;157;22.92701;0.06923676;3;32;EXTRACT;1;
618.2539;167;34.99413;12.19855;3;35;EXTRACT;0;
620.0625;157;22.92701;0.06923676;3;31;EXTRACT;1;
620.2617;167;34.99413;12.19855;3;34;EXTRACT;0;
622.0664;157;22.92701;0.06923676;3;30;EXTRACT;1;
622.2695;167;34.99413;12.19855;3;33;EXTRACT;0;
624.0352;157;22.92701;0.06923676;3;29;EXTRACT;1;
624.2734;167;34.99413;12.19855;3;32;EXTRACT;0;
626.0391;157;22.92701;0.06923676;3;28;EXTRACT;1;
626.2383;167;34.99413;12.19855;3;31;EXTRACT;0;
628.0469;157;22.92701;0.06923676;3;27;EXTRACT;1;
628.2461;167;34.99413;12.19855;3;30;EXTRACT;0;
630.0508;157;22.92701;0.06923676;3;26;EXTRACT;1;
630.2539;167;34.99413;12.19855;3;29;EXTRACT;0;
632.0625;157;22.92701;0.06923676;3;25;EXTRACT;1;
632.2617;167;34.99413;12.19855;3;28;EXTRACT;0;
634.0703;157;22.92701;0.06923676;3;24;EXTRACT;1;
634.2695;167;34.99413;12.19855;3;27;EXTRACT;0;
636.0742;157;22.92701;0.06923676;3;23;EXTRACT;1;
636.2734;167;34.99413;12.19855;3;26;EXTRACT;0;
638.082;157;22.92701;0.06923676;3;22;EXTRACT;1;
638.2422;167;34.99413;12.19855;3;25;EXTRACT;0;
640.0469;157;22.92701;0.06923676;3;21;EXTRACT;1;
640.25;167;34.99413;12.19855;3;24;EXTRACT;0;
642.0508;157;22.92701;0.06923676;3;20;EXTRACT;1;
642.2539;167;34.99413;12.19855;3;23;EXTRACT;0;
644.0586;157;22.92701;0.06923676;3;19;EXTRACT;1;
644.2578;167;34.99413;12.19855;3;22;EXTRACT;0;
646.0664;157;22.92701;0.06923676;3;18;EXTRACT;1;
646.2656;167;34.99413;12.19855;3;21;EXTRACT;0;
648.0703;157;22.92701;0.06923676;3;17;EXTRACT;1;
648.2695;167;34.99413;12.19855;3;20;EXTRACT;0;
650.0742;157;22.92701;0.06923676;3;16;EXTRACT;1;
650.2734;167;34.99413;12.19855;3;19;EXTRACT;0;
652.0781;157;22.92701;0.06923676;3;15;EXTRACT;1;
652.2813;167;34.99413;12.19855;3;18;EXTRACT;0;
654.0469;157;22.92701;0.06923676;3;14;EXTRACT;1;
654.2891;167;34.99413;12.19855;3;17;EXTRACT;0;
656.0508;157;22.92701;0.06923676;3;13;EXTRACT;1;
656.2891;167;34.99413;12.19855;3;16;EXTRACT;0;
658.0586;157;22.92701;0.06923676;3;12;EXTRACT;1;
658.2578;167;34.99413;12.19855;3;15;EXTRACT;0;
660.0586;157;22.92701;0.06923676;3;11;EXTRACT;1;
660.2617;167;34.99413;12.19855;3;14;EXTRACT;0;
662.0625;157;22.92701;0.06923676;3;10;EXTRACT;1;
662.2656;167;34.99413;12.19855;3;13;EXTRACT;0;
664.0664;157;22.92701;0.06923676;3;9;EXTRACT;1;
664.2656;167;34.99413;12.19855;3;12;EXTRACT;0;
666.0703;157;22.92701;0.06923676;3;8;EXTRACT;1;
666.2734;167;34.99413;12.19855;3;11;EXTRACT;0;
668.0781;157;22.92701;0.06923676;3;7;EXTRACT;1;
668.2813;167;34.99413;12.19855;3;10;EXTRACT;0;
670.0859;157;22.92701;0.06923676;3;6;EXTRACT;1;
670.2852;167;34.99413;12.19855;3;9;EXTRACT;0;
672.0469;157;22.92701;0.06923676;3;5;EXTRACT;1;
672.2891;167;34.99413;12.19855;3;8;EXTRACT;0;
674.0547;157;22.92701;0.06923676;3;4;EXTRACT;1;
674.293;167;34.99413;12.19855;3;7;EXTRACT;0;
676.0625;157;22.92701;0.06923676;3;3;EXTRACT;1;
676.2617;167;34.99413;12.19855;3;6;EXTRACT;0;
677.2266;157;22.92701;0.06923676;3;3;DISCOVER;2;
678.0664;157;22.92701;0.06923676;3;2;EXTRACT;1;
678.2695;167;34.99413;12.19855;3;5;EXTRACT;0;
679.7109;157;22.92701;0.06923676;3;1;EXTRACT;2;
680.0703;157;22.92701;0.06923676;3;0;EXTRACT;1;
680.0391;157;22.92701;0.06923676;3;0;DESTROYED;;
680.0703;168;-22.57845;29.46469;3;48;CREATED;;
680.2695;167;34.99413;12.19855;3;4;EXTRACT;0;
682.2773;167;34.99413;12.19855;3;3;EXTRACT;0;
684.2852;167;34.99413;12.19855;3;2;EXTRACT;0;
686.2969;167;34.99413;12.19855;3;1;EXTRACT;0;
688.2656;167;34.99413;12.19855;3;0;EXTRACT;0;
688.2422;167;34.99413;12.19855;3;0;DESTROYED;;
688.2656;169;-36.82598;41.29068;3;48;CREATED;;
691.8008;163;17.88363;-16.94365;3;48;DISCOVER;2;
695.5;163;17.88363;-16.94365;3;47;EXTRACT;2;
697.5039;163;17.88363;-16.94365;3;46;EXTRACT;2;
699.5117;163;17.88363;-16.94365;3;45;EXTRACT;2;
701.5117;163;17.88363;-16.94365;3;44;EXTRACT;2;
703.5195;163;17.88363;-16.94365;3;43;EXTRACT;2;
705.4844;163;17.88363;-16.94365;3;42;EXTRACT;2;
707.4883;163;17.88363;-16.94365;3;41;EXTRACT;2;
708.9336;163;17.88363;-16.94365;3;41;DISCOVER;0;
709.4961;163;17.88363;-16.94365;3;40;EXTRACT;2;
711.5;163;17.88363;-16.94365;3;39;EXTRACT;2;
711.6992;163;17.88363;-16.94365;3;38;EXTRACT;0;
713.5039;163;17.88363;-16.94365;3;37;EXTRACT;2;
713.6641;163;17.88363;-16.94365;3;37;DISCOVER;1;
713.7031;163;17.88363;-16.94365;3;36;EXTRACT;0;
715.5078;163;17.88363;-16.94365;3;35;EXTRACT;2;
715.7109;163;17.88363;-16.94365;3;34;EXTRACT;0;
716.4727;163;17.88363;-16.94365;3;33;EXTRACT;1;
717.5156;163;17.88363;-16.94365;3;32;EXTRACT;2;
717.7148;163;17.88363;-16.94365;3;31;EXTRACT;0;
718.4766;163;17.88363;-16.94365;3;30;EXTRACT;1;
719.4805;163;17.88363;-16.94365;3;29;EXTRACT;2;
719.7227;163;17.88363;-16.94365;3;28;EXTRACT;0;
