Time;PatchID;PositionX;PositionZ;Radius;CoinAmount;PatchEvent;TriggerPlayer;
0;0;-27.66847;-1.663757;3;48;CREATED;;
0;1;-14.20246;25.47578;3;48;CREATED;;
0;2;-14.76143;10.14843;3;48;CREATED;;
0;3;-19.95021;13.47306;3;48;CREATED;;
0;4;-19.58914;-11.9251;3;48;CREATED;;
191.7775;4;-19.58914;-11.9251;3;48;DISCOVER;0;
196.1266;4;-19.58914;-11.9251;3;47;EXTRACT;0;
198.1267;4;-19.58914;-11.9251;3;46;EXTRACT;0;
200.1268;4;-19.58914;-11.9251;3;45;EXTRACT;0;
202.1268;4;-19.58914;-11.9251;3;44;EXTRACT;0;
204.1269;4;-19.58914;-11.9251;3;43;EXTRACT;0;
206.127;4;-19.58914;-11.9251;3;42;EXTRACT;0;
208.1271;4;-19.58914;-11.9251;3;41;EXTRACT;0;
210.1271;4;-19.58914;-11.9251;3;40;EXTRACT;0;
212.1272;4;-19.58914;-11.9251;3;39;EXTRACT;0;
214.1272;4;-19.58914;-11.9251;3;38;EXTRACT;0;
216.1273;4;-19.58914;-11.9251;3;37;EXTRACT;0;
218.1273;4;-19.58914;-11.9251;3;36;EXTRACT;0;
220.1275;4;-19.58914;-11.9251;3;35;EXTRACT;0;
222.1275;4;-19.58914;-11.9251;3;34;EXTRACT;0;
224.1275;4;-19.58914;-11.9251;3;33;EXTRACT;0;
226.1277;4;-19.58914;-11.9251;3;32;EXTRACT;0;
228.1277;4;-19.58914;-11.9251;3;31;EXTRACT;0;
230.1278;4;-19.58914;-11.9251;3;30;EXTRACT;0;
232.1279;4;-19.58914;-11.9251;3;29;EXTRACT;0;
234.1279;4;-19.58914;-11.9251;3;28;EXTRACT;0;
236.128;4;-19.58914;-11.9251;3;27;EXTRACT;0;
238.1281;4;-19.58914;-11.9251;3;26;EXTRACT;0;
240.1281;4;-19.58914;-11.9251;3;25;EXTRACT;0;
242.1282;4;-19.58914;-11.9251;3;24;EXTRACT;0;
244.1282;4;-19.58914;-11.9251;3;23;EXTRACT;0;
246.1283;4;-19.58914;-11.9251;3;22;EXTRACT;0;
248.1283;4;-19.58914;-11.9251;3;21;EXTRACT;0;
250.1285;4;-19.58914;-11.9251;3;20;EXTRACT;0;
252.1285;4;-19.58914;-11.9251;3;19;EXTRACT;0;
254.1286;4;-19.58914;-11.9251;3;18;EXTRACT;0;
256.1287;4;-19.58914;-11.9251;3;17;EXTRACT;0;
258.1287;4;-19.58914;-11.9251;3;16;EXTRACT;0;
260.1288;4;-19.58914;-11.9251;3;15;EXTRACT;0;
262.1288;4;-19.58914;-11.9251;3;14;EXTRACT;0;
264.1289;4;-19.58914;-11.9251;3;13;EXTRACT;0;
266.129;4;-19.58914;-11.9251;3;12;EXTRACT;0;
268.129;4;-19.58914;-11.9251;3;11;EXTRACT;0;
270.1291;4;-19.58914;-11.9251;3;10;EXTRACT;0;
272.1292;4;-19.58914;-11.9251;3;9;EXTRACT;0;
274.1292;4;-19.58914;-11.9251;3;8;EXTRACT;0;
276.1293;4;-19.58914;-11.9251;3;7;EXTRACT;0;
278.1294;4;-19.58914;-11.9251;3;6;EXTRACT;0;
280.1295;4;-19.58914;-11.9251;3;5;EXTRACT;0;
282.1295;4;-19.58914;-11.9251;3;4;EXTRACT;0;
284.1296;4;-19.58914;-11.9251;3;3;EXTRACT;0;
286.1297;4;-19.58914;-11.9251;3;2;EXTRACT;0;
288.1298;4;-19.58914;-11.9251;3;1;EXTRACT;0;
290.1298;4;-19.58914;-11.9251;3;0;EXTRACT;0;
290.1298;4;-19.58914;-11.9251;3;0;DESTROYED;;
290.1464;5;-10.29629;38.98915;3;48;CREATED;;
307.7375;3;-19.95021;13.47306;3;48;DISCOVER;0;
311.7139;3;-19.95021;13.47306;3;47;EXTRACT;0;
313.7139;3;-19.95021;13.47306;3;46;EXTRACT;0;
315.714;3;-19.95021;13.47306;3;45;EXTRACT;0;
317.714;3;-19.95021;13.47306;3;44;EXTRACT;0;
319.7141;3;-19.95021;13.47306;3;43;EXTRACT;0;
321.7142;3;-19.95021;13.47306;3;42;EXTRACT;0;
323.7142;3;-19.95021;13.47306;3;41;EXTRACT;0;
325.7144;3;-19.95021;13.47306;3;40;EXTRACT;0;
327.7144;3;-19.95021;13.47306;3;39;EXTRACT;0;
329.7145;3;-19.95021;13.47306;3;38;EXTRACT;0;
331.7145;3;-19.95021;13.47306;3;37;EXTRACT;0;
333.7146;3;-19.95021;13.47306;3;36;EXTRACT;0;
335.7147;3;-19.95021;13.47306;3;35;EXTRACT;0;
337.7148;3;-19.95021;13.47306;3;34;EXTRACT;0;
339.7148;3;-19.95021;13.47306;3;33;EXTRACT;0;
341.7148;3;-19.95021;13.47306;3;32;EXTRACT;0;
343.715;3;-19.95021;13.47306;3;31;EXTRACT;0;
345.715;3;-19.95021;13.47306;3;30;EXTRACT;0;
347.715;3;-19.95021;13.47306;3;29;EXTRACT;0;
349.7151;3;-19.95021;13.47306;3;28;EXTRACT;0;
351.7152;3;-19.95021;13.47306;3;27;EXTRACT;0;
353.7153;3;-19.95021;13.47306;3;26;EXTRACT;0;
355.7153;3;-19.95021;13.47306;3;25;EXTRACT;0;
357.7154;3;-19.95021;13.47306;3;24;EXTRACT;0;
359.7155;3;-19.95021;13.47306;3;23;EXTRACT;0;
361.7156;3;-19.95021;13.47306;3;22;EXTRACT;0;
363.7156;3;-19.95021;13.47306;3;21;EXTRACT;0;
365.7157;3;-19.95021;13.47306;3;20;EXTRACT;0;
367.7157;3;-19.95021;13.47306;3;19;EXTRACT;0;
369.7158;3;-19.95021;13.47306;3;18;EXTRACT;0;
371.7159;3;-19.95021;13.47306;3;17;EXTRACT;0;
373.7326;3;-19.95021;13.47306;3;16;EXTRACT;0;
375.7327;3;-19.95021;13.47306;3;15;EXTRACT;0;
377.7327;3;-19.95021;13.47306;3;14;EXTRACT;0;
379.7328;3;-19.95021;13.47306;3;13;EXTRACT;0;
381.7328;3;-19.95021;13.47306;3;12;EXTRACT;0;
383.733;3;-19.95021;13.47306;3;11;EXTRACT;0;
385.733;3;-19.95021;13.47306;3;10;EXTRACT;0;
387.7331;3;-19.95021;13.47306;3;9;EXTRACT;0;
389.7332;3;-19.95021;13.47306;3;8;EXTRACT;0;
391.7332;3;-19.95021;13.47306;3;7;EXTRACT;0;
393.7333;3;-19.95021;13.47306;3;6;EXTRACT;0;
395.7333;3;-19.95021;13.47306;3;5;EXTRACT;0;
397.7334;3;-19.95021;13.47306;3;4;EXTRACT;0;
399.7335;3;-19.95021;13.47306;3;3;EXTRACT;0;
401.7335;3;-19.95021;13.47306;3;2;EXTRACT;0;
403.7336;3;-19.95021;13.47306;3;1;EXTRACT;0;
405.7337;3;-19.95021;13.47306;3;0;EXTRACT;0;
405.7337;3;-19.95021;13.47306;3;0;DESTROYED;;
405.7504;6;-21.99365;-28.04518;3;48;CREATED;;
541.8174;0;-27.66847;-1.663757;3;48;DISCOVER;0;
545.8384;0;-27.66847;-1.663757;3;47;EXTRACT;0;
547.8384;0;-27.66847;-1.663757;3;46;EXTRACT;0;
549.8386;0;-27.66847;-1.663757;3;45;EXTRACT;0;
551.8386;0;-27.66847;-1.663757;3;44;EXTRACT;0;
553.8386;0;-27.66847;-1.663757;3;43;EXTRACT;0;
555.8387;0;-27.66847;-1.663757;3;42;EXTRACT;0;
557.8387;0;-27.66847;-1.663757;3;41;EXTRACT;0;
559.8388;0;-27.66847;-1.663757;3;40;EXTRACT;0;
561.8389;0;-27.66847;-1.663757;3;39;EXTRACT;0;
563.839;0;-27.66847;-1.663757;3;38;EXTRACT;0;
565.8391;0;-27.66847;-1.663757;3;37;EXTRACT;0;
567.8391;0;-27.66847;-1.663757;3;36;EXTRACT;0;
569.8392;0;-27.66847;-1.663757;3;35;EXTRACT;0;
571.8392;0;-27.66847;-1.663757;3;34;EXTRACT;0;
573.8394;0;-27.66847;-1.663757;3;33;EXTRACT;0;
575.8394;0;-27.66847;-1.663757;3;32;EXTRACT;0;
577.8395;0;-27.66847;-1.663757;3;31;EXTRACT;0;
579.8395;0;-27.66847;-1.663757;3;30;EXTRACT;0;
581.8396;0;-27.66847;-1.663757;3;29;EXTRACT;0;
583.8397;0;-27.66847;-1.663757;3;28;EXTRACT;0;
585.8397;0;-27.66847;-1.663757;3;27;EXTRACT;0;
587.8398;0;-27.66847;-1.663757;3;26;EXTRACT;0;
589.8398;0;-27.66847;-1.663757;3;25;EXTRACT;0;
591.84;0;-27.66847;-1.663757;3;24;EXTRACT;0;
593.84;0;-27.66847;-1.663757;3;23;EXTRACT;0;
595.84;0;-27.66847;-1.663757;3;22;EXTRACT;0;
597.8401;0;-27.66847;-1.663757;3;21;EXTRACT;0;
599.8402;0;-27.66847;-1.663757;3;20;EXTRACT;0;
601.8403;0;-27.66847;-1.663757;3;19;EXTRACT;0;
603.8403;0;-27.66847;-1.663757;3;18;EXTRACT;0;
605.8404;0;-27.66847;-1.663757;3;17;EXTRACT;0;
607.8405;0;-27.66847;-1.663757;3;16;EXTRACT;0;
609.8406;0;-27.66847;-1.663757;3;15;EXTRACT;0;
611.8406;0;-27.66847;-1.663757;3;14;EXTRACT;0;
613.8407;0;-27.66847;-1.663757;3;13;EXTRACT;0;
615.8408;0;-27.66847;-1.663757;3;12;EXTRACT;0;
617.8408;0;-27.66847;-1.663757;3;11;EXTRACT;0;
619.8409;0;-27.66847;-1.663757;3;10;EXTRACT;0;
621.8409;0;-27.66847;-1.663757;3;9;EXTRACT;0;
623.841;0;-27.66847;-1.663757;3;8;EXTRACT;0;
625.8411;0;-27.66847;-1.663757;3;7;EXTRACT;0;
627.8412;0;-27.66847;-1.663757;3;6;EXTRACT;0;
629.8412;0;-27.66847;-1.663757;3;5;EXTRACT;0;
631.8412;0;-27.66847;-1.663757;3;4;EXTRACT;0;
633.8414;0;-27.66847;-1.663757;3;3;EXTRACT;0;
635.8414;0;-27.66847;-1.663757;3;2;EXTRACT;0;
637.8414;0;-27.66847;-1.663757;3;1;EXTRACT;0;
639.8416;0;-27.66847;-1.663757;3;0;EXTRACT;0;
639.8416;0;-27.66847;-1.663757;3;0;DESTROYED;;
639.8582;7;40.69315;-9.086975;3;48;CREATED;;
663.5975;1;-14.20246;25.47578;3;48;DISCOVER;0;
667.6259;1;-14.20246;25.47578;3;47;EXTRACT;0;
669.6259;1;-14.20246;25.47578;3;46;EXTRACT;0;
671.626;1;-14.20246;25.47578;3;45;EXTRACT;0;
673.626;1;-14.20246;25.47578;3;44;EXTRACT;0;
675.626;1;-14.20246;25.47578;3;43;EXTRACT;0;
677.6261;1;-14.20246;25.47578;3;42;EXTRACT;0;
679.6262;1;-14.20246;25.47578;3;41;EXTRACT;0;
681.6263;1;-14.20246;25.47578;3;40;EXTRACT;0;
683.6263;1;-14.20246;25.47578;3;39;EXTRACT;0;
685.6264;1;-14.20246;25.47578;3;38;EXTRACT;0;
687.6265;1;-14.20246;25.47578;3;37;EXTRACT;0;
689.6266;1;-14.20246;25.47578;3;36;EXTRACT;0;
691.6266;1;-14.20246;25.47578;3;35;EXTRACT;0;
693.6267;1;-14.20246;25.47578;3;34;EXTRACT;0;
695.6267;1;-14.20246;25.47578;3;33;EXTRACT;0;
697.6268;1;-14.20246;25.47578;3;32;EXTRACT;0;
699.6269;1;-14.20246;25.47578;3;31;EXTRACT;0;
701.627;1;-14.20246;25.47578;3;30;EXTRACT;0;
703.627;1;-14.20246;25.47578;3;29;EXTRACT;0;
705.6271;1;-14.20246;25.47578;3;28;EXTRACT;0;
707.6271;1;-14.20246;25.47578;3;27;EXTRACT;0;
709.6272;1;-14.20246;25.47578;3;26;EXTRACT;0;
711.6273;1;-14.20246;25.47578;3;25;EXTRACT;0;
713.6273;1;-14.20246;25.47578;3;24;EXTRACT;0;
715.6274;1;-14.20246;25.47578;3;23;EXTRACT;0;
717.6274;1;-14.20246;25.47578;3;22;EXTRACT;0;
719.6276;1;-14.20246;25.47578;3;21;EXTRACT;0;
