Time;PatchID;PositionX;PositionZ;Radius;CoinAmount;PatchEvent;TriggerPlayer;
0;80;-8.274448;24.04913;3;16;CREATED;;
0;81;-39.78461;-28.79401;3;16;CREATED;;
0;82;14.88747;-38.18378;3;16;CREATED;;
0;83;44.11308;5.964832;3;16;CREATED;;
0;84;40.4941;-5.918076;3;16;CREATED;;
0;85;-36.8687;27.52373;3;16;CREATED;;
0;86;-35.47987;21.67427;3;16;CREATED;;
0;87;-28.30972;-16.21441;3;16;CREATED;;
0;88;-39.87986;-6.549572;3;16;CREATED;;
0;89;25.91421;28.71799;3;16;CREATED;;
0;90;26.65162;-33.57003;3;16;CREATED;;
0;91;27.68084;37.07529;3;16;CREATED;;
0;92;5.590492;4.827209;3;16;CREATED;;
0;93;-21.55751;24.1564;3;16;CREATED;;
0;94;41.56965;28.5734;3;16;CREATED;;
19.66602;94;41.56965;28.5734;3;16;DISCOVER;5;
23.32227;94;41.56965;28.5734;3;15;EXTRACT;5;
25.3125;94;41.56965;28.5734;3;14;EXTRACT;5;
27.30176;94;41.56965;28.5734;3;13;EXTRACT;5;
29.31738;94;41.56965;28.5734;3;12;EXTRACT;5;
31.03809;81;-39.78461;-28.79401;3;16;DISCOVER;2;
31.32227;94;41.56965;28.5734;3;11;EXTRACT;5;
33.33105;94;41.56965;28.5734;3;10;EXTRACT;5;
34.61914;81;-39.78461;-28.79401;3;15;EXTRACT;2;
35.33691;94;41.56965;28.5734;3;9;EXTRACT;5;
36.60742;81;-39.78461;-28.79401;3;14;EXTRACT;2;
37.32617;94;41.56965;28.5734;3;8;EXTRACT;5;
38.61621;81;-39.78461;-28.79401;3;13;EXTRACT;2;
39.31934;94;41.56965;28.5734;3;7;EXTRACT;5;
40.60742;81;-39.78461;-28.79401;3;12;EXTRACT;2;
41.31152;94;41.56965;28.5734;3;6;EXTRACT;5;
42.63281;81;-39.78461;-28.79401;3;11;EXTRACT;2;
43.31738;94;41.56965;28.5734;3;5;EXTRACT;5;
44.60645;81;-39.78461;-28.79401;3;10;EXTRACT;2;
45.3252;94;41.56965;28.5734;3;4;EXTRACT;5;
46.61133;81;-39.78461;-28.79401;3;9;EXTRACT;2;
47.31445;94;41.56965;28.5734;3;3;EXTRACT;5;
48.60059;81;-39.78461;-28.79401;3;8;EXTRACT;2;
49.30371;94;41.56965;28.5734;3;2;EXTRACT;5;
50.6123;81;-39.78461;-28.79401;3;7;EXTRACT;2;
51.31641;94;41.56965;28.5734;3;1;EXTRACT;5;
52.60938;81;-39.78461;-28.79401;3;6;EXTRACT;2;
53.12988;94;41.56965;28.5734;3;1;DISCOVER;3;
53.31445;94;41.56965;28.5734;3;0;EXTRACT;5;
53.31445;94;41.56965;28.5734;3;0;DESTROYED;;
53.36426;95;-44.02335;-12.11745;3;16;CREATED;;
54.60547;81;-39.78461;-28.79401;3;5;EXTRACT;2;
56.63086;81;-39.78461;-28.79401;3;4;EXTRACT;2;
58.61328;81;-39.78461;-28.79401;3;3;EXTRACT;2;
60.61133;81;-39.78461;-28.79401;3;2;EXTRACT;2;
62.62109;81;-39.78461;-28.79401;3;1;EXTRACT;2;
62.82129;89;25.91421;28.71799;3;16;DISCOVER;3;
64.60938;81;-39.78461;-28.79401;3;0;EXTRACT;2;
64.59668;81;-39.78461;-28.79401;3;0;DESTROYED;;
64.60938;96;-3.639259;-41.77139;3;16;CREATED;;
66.09961;89;25.91421;28.71799;3;15;EXTRACT;3;
68.07324;89;25.91421;28.71799;3;14;EXTRACT;3;
70.06641;89;25.91421;28.71799;3;13;EXTRACT;3;
72.06934;89;25.91421;28.71799;3;12;EXTRACT;3;
72.85645;89;25.91421;28.71799;3;12;DISCOVER;5;
74.07715;89;25.91421;28.71799;3;11;EXTRACT;3;
76.01953;89;25.91421;28.71799;3;10;EXTRACT;5;
76.06934;89;25.91421;28.71799;3;9;EXTRACT;3;
78.00781;89;25.91421;28.71799;3;8;EXTRACT;5;
78.0752;89;25.91421;28.71799;3;7;EXTRACT;3;
80.01855;89;25.91421;28.71799;3;6;EXTRACT;5;
80.08594;89;25.91421;28.71799;3;5;EXTRACT;3;
81.99609;89;25.91421;28.71799;3;4;EXTRACT;5;
82.0791;89;25.91421;28.71799;3;3;EXTRACT;3;
84.00586;89;25.91421;28.71799;3;2;EXTRACT;5;
84.08984;89;25.91421;28.71799;3;1;EXTRACT;3;
85.99609;89;25.91421;28.71799;3;0;EXTRACT;5;
85.99609;89;25.91421;28.71799;3;0;DESTROYED;;
86.0127;97;12.90728;40.02105;3;16;CREATED;;
92.57129;91;27.68084;37.07529;3;16;DISCOVER;5;
96.13281;91;27.68084;37.07529;3;15;EXTRACT;5;
98.12305;91;27.68084;37.07529;3;14;EXTRACT;5;
99.99609;96;-3.639259;-41.77139;3;16;DISCOVER;2;
100.1465;91;27.68084;37.07529;3;13;EXTRACT;5;
102.1523;91;27.68084;37.07529;3;12;EXTRACT;5;
103.7246;96;-3.639259;-41.77139;3;15;EXTRACT;2;
104.1436;91;27.68084;37.07529;3;11;EXTRACT;5;
105.7314;96;-3.639259;-41.77139;3;14;EXTRACT;2;
106.1494;91;27.68084;37.07529;3;10;EXTRACT;5;
107.7363;96;-3.639259;-41.77139;3;13;EXTRACT;2;
108.1543;91;27.68084;37.07529;3;9;EXTRACT;5;
109.7568;96;-3.639259;-41.77139;3;12;EXTRACT;2;
110.1592;91;27.68084;37.07529;3;8;EXTRACT;5;
111.7305;96;-3.639259;-41.77139;3;11;EXTRACT;2;
112.1318;91;27.68084;37.07529;3;7;EXTRACT;5;
113.7559;96;-3.639259;-41.77139;3;10;EXTRACT;2;
114.125;91;27.68084;37.07529;3;6;EXTRACT;5;
115.7314;96;-3.639259;-41.77139;3;9;EXTRACT;2;
116.1318;91;27.68084;37.07529;3;5;EXTRACT;5;
117.7559;96;-3.639259;-41.77139;3;8;EXTRACT;2;
118.125;91;27.68084;37.07529;3;4;EXTRACT;5;
119.7295;96;-3.639259;-41.77139;3;7;EXTRACT;2;
120.1318;91;27.68084;37.07529;3;3;EXTRACT;5;
121.7373;96;-3.639259;-41.77139;3;6;EXTRACT;2;
122.123;91;27.68084;37.07529;3;2;EXTRACT;5;
123.6436;91;27.68084;37.07529;3;2;DISCOVER;4;
123.7275;96;-3.639259;-41.77139;3;5;EXTRACT;2;
124.1279;91;27.68084;37.07529;3;1;EXTRACT;5;
125.7324;96;-3.639259;-41.77139;3;4;EXTRACT;2;
126.1338;91;27.68084;37.07529;3;0;EXTRACT;5;
126.1338;91;27.68084;37.07529;3;0;DESTROYED;;
126.1504;98;-30.29062;-24.02775;3;16;CREATED;;
127.7578;96;-3.639259;-41.77139;3;3;EXTRACT;2;
129.7344;96;-3.639259;-41.77139;3;2;EXTRACT;2;
131.7539;96;-3.639259;-41.77139;3;1;EXTRACT;2;
133.7441;96;-3.639259;-41.77139;3;0;EXTRACT;2;
133.7363;96;-3.639259;-41.77139;3;0;DESTROYED;;
133.7441;99;17.38233;3.741463;3;16;CREATED;;
135.9502;97;12.90728;40.02105;3;16;DISCOVER;5;
139.4785;97;12.90728;40.02105;3;15;EXTRACT;5;
141.5176;97;12.90728;40.02105;3;14;EXTRACT;5;
143.5234;97;12.90728;40.02105;3;13;EXTRACT;5;
145.4971;97;12.90728;40.02105;3;12;EXTRACT;5;
147.5029;97;12.90728;40.02105;3;11;EXTRACT;5;
149.5234;97;12.90728;40.02105;3;10;EXTRACT;5;
151.5127;97;12.90728;40.02105;3;9;EXTRACT;5;
153.5186;97;12.90728;40.02105;3;8;EXTRACT;5;
155.5117;97;12.90728;40.02105;3;7;EXTRACT;5;
157.5176;97;12.90728;40.02105;3;6;EXTRACT;5;
157.9346;90;26.65162;-33.57003;3;16;DISCOVER;2;
159.5205;97;12.90728;40.02105;3;5;EXTRACT;5;
161.3281;90;26.65162;-33.57003;3;15;EXTRACT;2;
161.5117;97;12.90728;40.02105;3;4;EXTRACT;5;
163.3223;90;26.65162;-33.57003;3;14;EXTRACT;2;
163.5244;97;12.90728;40.02105;3;3;EXTRACT;5;
165.3115;90;26.65162;-33.57003;3;13;EXTRACT;2;
165.5117;97;12.90728;40.02105;3;2;EXTRACT;5;
167.3359;90;26.65162;-33.57003;3;12;EXTRACT;2;
167.5361;97;12.90728;40.02105;3;1;EXTRACT;5;
169.3467;90;26.65162;-33.57003;3;11;EXTRACT;2;
169.5303;97;12.90728;40.02105;3;0;EXTRACT;5;
169.5166;97;12.90728;40.02105;3;0;DESTROYED;;
169.5303;100;-33.49152;37.99852;3;16;CREATED;;
171.3193;90;26.65162;-33.57003;3;10;EXTRACT;2;
173.3428;90;26.65162;-33.57003;3;9;EXTRACT;2;
175.3184;90;26.65162;-33.57003;3;8;EXTRACT;2;
177.3232;90;26.65162;-33.57003;3;7;EXTRACT;2;
179.3301;90;26.65162;-33.57003;3;6;EXTRACT;2;
181.3232;90;26.65162;-33.57003;3;5;EXTRACT;2;
183.3135;90;26.65162;-33.57003;3;4;EXTRACT;2;
185.3418;90;26.65162;-33.57003;3;3;EXTRACT;2;
187.1504;99;17.38233;3.741463;3;16;DISCOVER;4;
187.3184;90;26.65162;-33.57003;3;2;EXTRACT;2;
189.3262;90;26.65162;-33.57003;3;1;EXTRACT;2;
190.6797;99;17.38233;3.741463;3;15;EXTRACT;4;
191.3145;90;26.65162;-33.57003;3;0;EXTRACT;2;
191.3145;90;26.65162;-33.57003;3;0;DESTROYED;;
191.3311;101;29.22113;31.16161;3;16;CREATED;;
192.1504;95;-44.02335;-12.11745;3;16;DISCOVER;3;
192.6836;99;17.38233;3.741463;3;14;EXTRACT;4;
194.6729;99;17.38233;3.741463;3;13;EXTRACT;4;
194.9746;95;-44.02335;-12.11745;3;15;EXTRACT;3;
196.6982;99;17.38233;3.741463;3;12;EXTRACT;4;
196.999;95;-44.02335;-12.11745;3;14;EXTRACT;3;
198.6689;99;17.38233;3.741463;3;11;EXTRACT;4;
198.9873;100;-33.49152;37.99852;3;16;DISCOVER;5;
198.9873;95;-44.02335;-12.11745;3;13;EXTRACT;3;
200.6748;99;17.38233;3.741463;3;10;EXTRACT;4;
200.9775;95;-44.02335;-12.11745;3;12;EXTRACT;3;
202.2158;100;-33.49152;37.99852;3;15;EXTRACT;5;
202.668;99;17.38233;3.741463;3;9;EXTRACT;4;
202.9854;95;-44.02335;-12.11745;3;11;EXTRACT;3;
204.2051;100;-33.49152;37.99852;3;14;EXTRACT;5;
204.6709;99;17.38233;3.741463;3;8;EXTRACT;4;
204.9893;95;-44.02335;-12.11745;3;10;EXTRACT;3;
206.1904;100;-33.49152;37.99852;3;13;EXTRACT;5;
206.6758;99;17.38233;3.741463;3;7;EXTRACT;4;
206.9785;95;-44.02335;-12.11745;3;9;EXTRACT;3;
208.1992;100;-33.49152;37.99852;3;12;EXTRACT;5;
208.6846;99;17.38233;3.741463;3;6;EXTRACT;4;
208.9854;95;-44.02335;-12.11745;3;8;EXTRACT;3;
210.2061;100;-33.49152;37.99852;3;11;EXTRACT;5;
210.6895;99;17.38233;3.741463;3;5;EXTRACT;4;
210.9736;95;-44.02335;-12.11745;3;7;EXTRACT;3;
212.1963;100;-33.49152;37.99852;3;10;EXTRACT;5;
212.6992;99;17.38233;3.741463;3;4;EXTRACT;4;
212.9834;95;-44.02335;-12.11745;3;6;EXTRACT;3;
214.2041;100;-33.49152;37.99852;3;9;EXTRACT;5;
214.6895;99;17.38233;3.741463;3;3;EXTRACT;4;
214.9736;95;-44.02335;-12.11745;3;5;EXTRACT;3;
216.1953;100;-33.49152;37.99852;3;8;EXTRACT;5;
216.6973;99;17.38233;3.741463;3;2;EXTRACT;4;
216.9844;95;-44.02335;-12.11745;3;4;EXTRACT;3;
218.1982;100;-33.49152;37.99852;3;7;EXTRACT;5;
218.6699;99;17.38233;3.741463;3;1;EXTRACT;4;
218.9766;95;-44.02335;-12.11745;3;3;EXTRACT;3;
220.2275;100;-33.49152;37.99852;3;6;EXTRACT;5;
220.6807;99;17.38233;3.741463;3;0;EXTRACT;4;
220.6768;99;17.38233;3.741463;3;0;DESTROYED;;
220.6807;102;28.13916;41.55518;3;16;CREATED;;
220.9824;95;-44.02335;-12.11745;3;2;EXTRACT;3;
222.2139;100;-33.49152;37.99852;3;5;EXTRACT;5;
222.9766;95;-44.02335;-12.11745;3;1;EXTRACT;3;
224.2109;100;-33.49152;37.99852;3;4;EXTRACT;5;
224.9707;95;-44.02335;-12.11745;3;0;EXTRACT;3;
224.9707;95;-44.02335;-12.11745;3;0;DESTROYED;;
224.9883;103;-17.42689;37.87912;3;16;CREATED;;
226.1963;100;-33.49152;37.99852;3;3;EXTRACT;5;
228.1982;100;-33.49152;37.99852;3;2;EXTRACT;5;
230.2227;100;-33.49152;37.99852;3;1;EXTRACT;5;
230.7266;88;-39.87986;-6.549572;3;16;DISCOVER;3;
232.1963;100;-33.49152;37.99852;3;0;EXTRACT;5;
232.1963;100;-33.49152;37.99852;3;0;DESTROYED;;
232.2129;104;0.5171471;-14.98211;3;16;CREATED;;
233.6709;84;40.4941;-5.918076;3;16;DISCOVER;2;
233.877;88;-39.87986;-6.549572;3;15;EXTRACT;3;
235.9023;88;-39.87986;-6.549572;3;14;EXTRACT;3;
237.4141;84;40.4941;-5.918076;3;15;EXTRACT;2;
237.8848;88;-39.87986;-6.549572;3;13;EXTRACT;3;
239.3896;84;40.4941;-5.918076;3;14;EXTRACT;2;
239.8955;88;-39.87986;-6.549572;3;12;EXTRACT;3;
241.4141;84;40.4941;-5.918076;3;13;EXTRACT;2;
241.9053;88;-39.87986;-6.549572;3;11;EXTRACT;3;
243.3867;84;40.4941;-5.918076;3;12;EXTRACT;2;
243.9209;88;-39.87986;-6.549572;3;10;EXTRACT;3;
245.3984;84;40.4941;-5.918076;3;11;EXTRACT;2;
245.8652;88;-39.87986;-6.549572;3;9;EXTRACT;3;
247.4004;84;40.4941;-5.918076;3;10;EXTRACT;2;
247.8936;88;-39.87986;-6.549572;3;8;EXTRACT;3;
249.3359;84;40.4941;-5.918076;3;9;EXTRACT;2;
249.8574;88;-39.87986;-6.549572;3;7;EXTRACT;3;
251.3965;84;40.4941;-5.918076;3;8;EXTRACT;2;
251.8916;88;-39.87986;-6.549572;3;6;EXTRACT;3;
253.3936;84;40.4941;-5.918076;3;7;EXTRACT;2;
253.8867;88;-39.87986;-6.549572;3;5;EXTRACT;3;
255.3857;84;40.4941;-5.918076;3;6;EXTRACT;2;
255.8311;88;-39.87986;-6.549572;3;4;EXTRACT;3;
257.0244;82;14.88747;-38.18378;3;16;DISCOVER;4;
257.3945;84;40.4941;-5.918076;3;5;EXTRACT;2;
257.8809;88;-39.87986;-6.549572;3;3;EXTRACT;3;
259.3877;84;40.4941;-5.918076;3;4;EXTRACT;2;
259.917;88;-39.87986;-6.549572;3;2;EXTRACT;3;
260.0176;82;14.88747;-38.18378;3;15;EXTRACT;4;
261.4014;84;40.4941;-5.918076;3;3;EXTRACT;2;
261.8408;88;-39.87986;-6.549572;3;1;EXTRACT;3;
262.0127;82;14.88747;-38.18378;3;14;EXTRACT;4;
263.4043;84;40.4941;-5.918076;3;2;EXTRACT;2;
263.8857;88;-39.87986;-6.549572;3;0;EXTRACT;3;
263.877;88;-39.87986;-6.549572;3;0;DESTROYED;;
263.8857;105;4.625206;-23.02856;3;16;CREATED;;
264.0273;82;14.88747;-38.18378;3;13;EXTRACT;4;
265.4121;84;40.4941;-5.918076;3;1;EXTRACT;2;
266.0098;82;14.88747;-38.18378;3;12;EXTRACT;4;
267.3818;84;40.4941;-5.918076;3;0;EXTRACT;2;
267.377;84;40.4941;-5.918076;3;0;DESTROYED;;
267.3818;106;-8.108078;-32.62123;3;16;CREATED;;
268.0098;82;14.88747;-38.18378;3;11;EXTRACT;4;
270.0098;82;14.88747;-38.18378;3;10;EXTRACT;4;
272.0332;82;14.88747;-38.18378;3;9;EXTRACT;4;
274.0264;82;14.88747;-38.18378;3;8;EXTRACT;4;
276.0098;82;14.88747;-38.18378;3;7;EXTRACT;4;
278.0098;82;14.88747;-38.18378;3;6;EXTRACT;4;
280.0479;82;14.88747;-38.18378;3;5;EXTRACT;4;
282.0107;82;14.88747;-38.18378;3;4;EXTRACT;4;
284.0127;82;14.88747;-38.18378;3;3;EXTRACT;4;
286.0176;82;14.88747;-38.18378;3;2;EXTRACT;4;
287.9766;82;14.88747;-38.18378;3;1;EXTRACT;4;
290.0195;82;14.88747;-38.18378;3;0;EXTRACT;4;
290.0166;82;14.88747;-38.18378;3;0;DESTROYED;;
290.0195;107;20.21301;-11.21105;3;16;CREATED;;
309.7471;102;28.13916;41.55518;3;16;DISCOVER;2;
313.1914;102;28.13916;41.55518;3;15;EXTRACT;2;
315.1934;102;28.13916;41.55518;3;14;EXTRACT;2;
317.1699;102;28.13916;41.55518;3;13;EXTRACT;2;
319.1963;102;28.13916;41.55518;3;12;EXTRACT;2;
319.5986;106;-8.108078;-32.62123;3;16;DISCOVER;4;
321.1836;102;28.13916;41.55518;3;11;EXTRACT;2;
322.7734;106;-8.108078;-32.62123;3;15;EXTRACT;4;
323.2139;102;28.13916;41.55518;3;10;EXTRACT;2;
324.7881;106;-8.108078;-32.62123;3;14;EXTRACT;4;
325.1777;102;28.13916;41.55518;3;9;EXTRACT;2;
326.7861;106;-8.108078;-32.62123;3;13;EXTRACT;4;
327.1963;102;28.13916;41.55518;3;8;EXTRACT;2;
328.7627;106;-8.108078;-32.62123;3;12;EXTRACT;4;
329.1299;102;28.13916;41.55518;3;8;DISCOVER;5;
329.209;102;28.13916;41.55518;3;7;EXTRACT;2;
330.7725;106;-8.108078;-32.62123;3;11;EXTRACT;4;
331.1357;102;28.13916;41.55518;3;6;EXTRACT;2;
332.1299;102;28.13916;41.55518;3;5;EXTRACT;5;
332.7998;106;-8.108078;-32.62123;3;10;EXTRACT;4;
333.1934;102;28.13916;41.55518;3;4;EXTRACT;2;
333.8428;102;28.13916;41.55518;3;4;DISCOVER;3;
334.1279;102;28.13916;41.55518;3;3;EXTRACT;5;
334.7842;106;-8.108078;-32.62123;3;9;EXTRACT;4;
335.2012;102;28.13916;41.55518;3;2;EXTRACT;2;
336.124;102;28.13916;41.55518;3;1;EXTRACT;5;
336.7754;106;-8.108078;-32.62123;3;8;EXTRACT;4;
336.8604;102;28.13916;41.55518;3;0;EXTRACT;3;
336.8564;102;28.13916;41.55518;3;0;DESTROYED;;
336.8604;108;27.7252;14.75748;3;16;CREATED;;
338.7852;106;-8.108078;-32.62123;3;7;EXTRACT;4;
340.7754;106;-8.108078;-32.62123;3;6;EXTRACT;4;
342.7832;106;-8.108078;-32.62123;3;5;EXTRACT;4;
344.7744;106;-8.108078;-32.62123;3;4;EXTRACT;4;
346.7979;106;-8.108078;-32.62123;3;3;EXTRACT;4;
348.7881;106;-8.108078;-32.62123;3;2;EXTRACT;4;
350.7793;106;-8.108078;-32.62123;3;1;EXTRACT;4;
352.8047;106;-8.108078;-32.62123;3;0;EXTRACT;4;
352.7969;106;-8.108078;-32.62123;3;0;DESTROYED;;
352.8047;109;41.38869;18.26501;3;16;CREATED;;
353.1729;101;29.22113;31.16161;3;16;DISCOVER;5;
356.79;101;29.22113;31.16161;3;15;EXTRACT;5;
358.7793;101;29.22113;31.16161;3;14;EXTRACT;5;
360.7871;101;29.22113;31.16161;3;13;EXTRACT;5;
362.7783;101;29.22113;31.16161;3;12;EXTRACT;5;
364.7676;101;29.22113;31.16161;3;11;EXTRACT;5;
365.8203;103;-17.42689;37.87912;3;16;DISCOVER;2;
366.5547;101;29.22113;31.16161;3;11;DISCOVER;3;
366.7881;101;29.22113;31.16161;3;10;EXTRACT;5;
368.7793;101;29.22113;31.16161;3;9;EXTRACT;5;
369.415;101;29.22113;31.16161;3;8;EXTRACT;3;
369.5146;103;-17.42689;37.87912;3;15;EXTRACT;2;
370.7695;101;29.22113;31.16161;3;7;EXTRACT;5;
371.4053;101;29.22113;31.16161;3;6;EXTRACT;3;
371.5225;103;-17.42689;37.87912;3;14;EXTRACT;2;
372.7773;101;29.22113;31.16161;3;5;EXTRACT;5;
373.3965;101;29.22113;31.16161;3;4;EXTRACT;3;
373.5303;103;-17.42689;37.87912;3;13;EXTRACT;2;
374.7686;101;29.22113;31.16161;3;3;EXTRACT;5;
375.4033;101;29.22113;31.16161;3;2;EXTRACT;3;
375.5371;103;-17.42689;37.87912;3;12;EXTRACT;2;
376.79;101;29.22113;31.16161;3;1;EXTRACT;5;
377.3926;101;29.22113;31.16161;3;0;EXTRACT;3;
377.377;101;29.22113;31.16161;3;0;DESTROYED;;
377.4092;110;-23.27223;40.24886;3;16;CREATED;;
377.5098;103;-17.42689;37.87912;3;11;EXTRACT;2;
379.5166;103;-17.42689;37.87912;3;10;EXTRACT;2;
381.5303;103;-17.42689;37.87912;3;9;EXTRACT;2;
383.1025;98;-30.29062;-24.02775;3;16;DISCOVER;4;
383.5371;103;-17.42689;37.87912;3;8;EXTRACT;2;
385.5098;103;-17.42689;37.87912;3;7;EXTRACT;2;
387.0635;98;-30.29062;-24.02775;3;15;EXTRACT;4;
387.5156;103;-17.42689;37.87912;3;6;EXTRACT;2;
389.0576;98;-30.29062;-24.02775;3;14;EXTRACT;4;
389.5098;103;-17.42689;37.87912;3;5;EXTRACT;2;
391.0664;98;-30.29062;-24.02775;3;13;EXTRACT;4;
391.5176;103;-17.42689;37.87912;3;4;EXTRACT;2;
393.0225;83;44.11308;5.964832;3;16;DISCOVER;3;
393.0723;98;-30.29062;-24.02775;3;12;EXTRACT;4;
393.5244;103;-17.42689;37.87912;3;3;EXTRACT;2;
395.0947;98;-30.29062;-24.02775;3;11;EXTRACT;4;
395.5117;103;-17.42689;37.87912;3;2;EXTRACT;2;
396.0137;83;44.11308;5.964832;3;15;EXTRACT;3;
397.0684;98;-30.29062;-24.02775;3;10;EXTRACT;4;
397.5205;103;-17.42689;37.87912;3;1;EXTRACT;2;
398.0225;83;44.11308;5.964832;3;14;EXTRACT;3;
399.0752;98;-30.29062;-24.02775;3;9;EXTRACT;4;
399.5107;103;-17.42689;37.87912;3;0;EXTRACT;2;
399.4971;103;-17.42689;37.87912;3;0;DESTROYED;;
399.5273;111;32.92599;-24.84276;3;16;CREATED;;
400.0127;83;44.11308;5.964832;3;13;EXTRACT;3;
401.083;98;-30.29062;-24.02775;3;8;EXTRACT;4;
402.0186;83;44.11308;5.964832;3;12;EXTRACT;3;
403.0713;98;-30.29062;-24.02775;3;7;EXTRACT;4;
404.0439;83;44.11308;5.964832;3;11;EXTRACT;3;
405.0615;98;-30.29062;-24.02775;3;6;EXTRACT;4;
405.1787;110;-23.27223;40.24886;3;16;DISCOVER;2;
406.0479;83;44.11308;5.964832;3;10;EXTRACT;3;
407.0674;98;-30.29062;-24.02775;3;5;EXTRACT;4;
408.0205;83;44.11308;5.964832;3;9;EXTRACT;3;
408.9551;110;-23.27223;40.24886;3;15;EXTRACT;2;
409.0723;98;-30.29062;-24.02775;3;4;EXTRACT;4;
410.042;83;44.11308;5.964832;3;8;EXTRACT;3;
410.9453;110;-23.27223;40.24886;3;14;EXTRACT;2;
411.0791;98;-30.29062;-24.02775;3;3;EXTRACT;4;
412.0176;83;44.11308;5.964832;3;7;EXTRACT;3;
412.6357;85;-36.8687;27.52373;3;16;DISCOVER;5;
412.9531;110;-23.27223;40.24886;3;13;EXTRACT;2;
413.0703;98;-30.29062;-24.02775;3;2;EXTRACT;4;
414.0234;83;44.11308;5.964832;3;6;EXTRACT;3;
414.9268;110;-23.27223;40.24886;3;12;EXTRACT;2;
415.0938;98;-30.29062;-24.02775;3;1;EXTRACT;4;
416.0293;83;44.11308;5.964832;3;5;EXTRACT;3;
416.1797;85;-36.8687;27.52373;3;15;EXTRACT;5;
416.9336;110;-23.27223;40.24886;3;11;EXTRACT;2;
417.084;98;-30.29062;-24.02775;3;0;EXTRACT;4;
417.0771;98;-30.29062;-24.02775;3;0;DESTROYED;;
417.084;112;-35.9636;-12.15145;3;16;CREATED;;
418.0186;83;44.11308;5.964832;3;4;EXTRACT;3;
418.2031;85;-36.8687;27.52373;3;14;EXTRACT;5;
418.9414;110;-23.27223;40.24886;3;10;EXTRACT;2;
420.0283;83;44.11308;5.964832;3;3;EXTRACT;3;
420.1797;85;-36.8687;27.52373;3;13;EXTRACT;5;
420.9307;110;-23.27223;40.24886;3;9;EXTRACT;2;
422.0508;83;44.11308;5.964832;3;2;EXTRACT;3;
422.168;85;-36.8687;27.52373;3;12;EXTRACT;5;
422.7871;87;-28.30972;-16.21441;3;16;DISCOVER;4;
422.9375;110;-23.27223;40.24886;3;8;EXTRACT;2;
424.0254;83;44.11308;5.964832;3;1;EXTRACT;3;
424.1758;85;-36.8687;27.52373;3;11;EXTRACT;5;
424.9473;110;-23.27223;40.24886;3;7;EXTRACT;2;
425.9502;87;-28.30972;-16.21441;3;15;EXTRACT;4;
426.0332;83;44.11308;5.964832;3;0;EXTRACT;3;
426.0166;83;44.11308;5.964832;3;0;DESTROYED;;
426.0332;113;19.9771;35.60378;3;16;CREATED;;
426.1836;85;-36.8687;27.52373;3;10;EXTRACT;5;
426.9385;110;-23.27223;40.24886;3;6;EXTRACT;2;
427.9541;87;-28.30972;-16.21441;3;14;EXTRACT;4;
428.1885;85;-36.8687;27.52373;3;9;EXTRACT;5;
428.9395;110;-23.27223;40.24886;3;5;EXTRACT;2;
429.9434;87;-28.30972;-16.21441;3;13;EXTRACT;4;
430.1777;85;-36.8687;27.52373;3;8;EXTRACT;5;
430.9307;110;-23.27223;40.24886;3;4;EXTRACT;2;
431.9375;87;-28.30972;-16.21441;3;12;EXTRACT;4;
432.2061;85;-36.8687;27.52373;3;7;EXTRACT;5;
432.9238;110;-23.27223;40.24886;3;3;EXTRACT;2;
433.9453;87;-28.30972;-16.21441;3;11;EXTRACT;4;
434.1797;85;-36.8687;27.52373;3;6;EXTRACT;5;
434.9316;110;-23.27223;40.24886;3;2;EXTRACT;2;
435.9404;87;-28.30972;-16.21441;3;10;EXTRACT;4;
436.1758;85;-36.8687;27.52373;3;5;EXTRACT;5;
436.9287;110;-23.27223;40.24886;3;1;EXTRACT;2;
437.9326;87;-28.30972;-16.21441;3;9;EXTRACT;4;
438.1836;85;-36.8687;27.52373;3;4;EXTRACT;5;
438.9385;110;-23.27223;40.24886;3;0;EXTRACT;2;
438.9365;110;-23.27223;40.24886;3;0;DESTROYED;;
438.9385;114;-32.83524;-28.35433;3;16;CREATED;;
439.9463;87;-28.30972;-16.21441;3;8;EXTRACT;4;
440.1797;85;-36.8687;27.52373;3;3;EXTRACT;5;
441.9336;87;-28.30972;-16.21441;3;7;EXTRACT;4;
442.2021;85;-36.8687;27.52373;3;2;EXTRACT;5;
443.9434;87;-28.30972;-16.21441;3;6;EXTRACT;4;
444.1787;85;-36.8687;27.52373;3;1;EXTRACT;5;
445.9541;87;-28.30972;-16.21441;3;5;EXTRACT;4;
446.2041;85;-36.8687;27.52373;3;0;EXTRACT;5;
446.1963;85;-36.8687;27.52373;3;0;DESTROYED;;
446.2041;115;-42.65328;40.37836;3;16;CREATED;;
447.9414;87;-28.30972;-16.21441;3;4;EXTRACT;4;
449.9482;87;-28.30972;-16.21441;3;3;EXTRACT;4;
450.415;86;-35.47987;21.67427;3;16;DISCOVER;5;
451.9375;87;-28.30972;-16.21441;3;2;EXTRACT;4;
453.6494;86;-35.47987;21.67427;3;15;EXTRACT;5;
453.9355;87;-28.30972;-16.21441;3;1;EXTRACT;4;
454.2451;115;-42.65328;40.37836;3;16;DISCOVER;2;
455.6465;86;-35.47987;21.67427;3;14;EXTRACT;5;
455.959;87;-28.30972;-16.21441;3;0;EXTRACT;4;
455.957;87;-28.30972;-16.21441;3;0;DESTROYED;;
455.959;116;-0.5314255;12.99049;3;16;CREATED;;
457.6572;86;-35.47987;21.67427;3;13;EXTRACT;5;
457.8252;115;-42.65328;40.37836;3;15;EXTRACT;2;
459.6553;86;-35.47987;21.67427;3;12;EXTRACT;5;
459.8252;115;-42.65328;40.37836;3;14;EXTRACT;2;
461.6504;86;-35.47987;21.67427;3;11;EXTRACT;5;
461.8369;115;-42.65328;40.37836;3;13;EXTRACT;2;
463.6689;86;-35.47987;21.67427;3;10;EXTRACT;5;
463.8369;115;-42.65328;40.37836;3;12;EXTRACT;2;
465.6445;86;-35.47987;21.67427;3;9;EXTRACT;5;
465.8447;115;-42.65328;40.37836;3;11;EXTRACT;2;
467.6504;86;-35.47987;21.67427;3;8;EXTRACT;5;
467.834;115;-42.65328;40.37836;3;10;EXTRACT;2;
469.6748;86;-35.47987;21.67427;3;7;EXTRACT;5;
469.8594;115;-42.65328;40.37836;3;9;EXTRACT;2;
471.6494;86;-35.47987;21.67427;3;6;EXTRACT;5;
471.833;115;-42.65328;40.37836;3;8;EXTRACT;2;
472.4688;111;32.92599;-24.84276;3;16;DISCOVER;3;
473.6543;86;-35.47987;21.67427;3;5;EXTRACT;5;
473.8379;115;-42.65328;40.37836;3;7;EXTRACT;2;
475.5771;111;32.92599;-24.84276;3;15;EXTRACT;3;
475.6611;86;-35.47987;21.67427;3;4;EXTRACT;5;
475.8447;115;-42.65328;40.37836;3;6;EXTRACT;2;
477.584;111;32.92599;-24.84276;3;14;EXTRACT;3;
477.668;86;-35.47987;21.67427;3;3;EXTRACT;5;
477.8369;115;-42.65328;40.37836;3;5;EXTRACT;2;
479.5771;111;32.92599;-24.84276;3;13;EXTRACT;3;
479.6445;86;-35.47987;21.67427;3;2;EXTRACT;5;
479.8447;115;-42.65328;40.37836;3;4;EXTRACT;2;
481.5674;111;32.92599;-24.84276;3;12;EXTRACT;3;
481.6504;86;-35.47987;21.67427;3;1;EXTRACT;5;
481.7002;92;5.590492;4.827209;3;16;DISCOVER;4;
481.8516;115;-42.65328;40.37836;3;3;EXTRACT;2;
483.5713;111;32.92599;-24.84276;3;11;EXTRACT;3;
483.6553;86;-35.47987;21.67427;3;0;EXTRACT;5;
483.6553;86;-35.47987;21.67427;3;0;DESTROYED;;
483.6719;117;17.08382;-0.1352005;3;16;CREATED;;
483.874;115;-42.65328;40.37836;3;2;EXTRACT;2;
485.0117;92;5.590492;4.827209;3;15;EXTRACT;4;
485.583;111;32.92599;-24.84276;3;10;EXTRACT;3;
485.8506;115;-42.65328;40.37836;3;1;EXTRACT;2;
487.0215;92;5.590492;4.827209;3;14;EXTRACT;4;
487.5898;111;32.92599;-24.84276;3;9;EXTRACT;3;
487.8584;115;-42.65328;40.37836;3;0;EXTRACT;2;
487.8564;115;-42.65328;40.37836;3;0;DESTROYED;;
487.8916;118;-19.00656;37.28631;3;16;CREATED;;
488.998;92;5.590492;4.827209;3;13;EXTRACT;4;
489.5654;111;32.92599;-24.84276;3;8;EXTRACT;3;
491.0029;92;5.590492;4.827209;3;12;EXTRACT;4;
491.5703;111;32.92599;-24.84276;3;7;EXTRACT;3;
493.0117;92;5.590492;4.827209;3;11;EXTRACT;4;
493.583;111;32.92599;-24.84276;3;6;EXTRACT;3;
495.0049;92;5.590492;4.827209;3;10;EXTRACT;4;
495.5732;111;32.92599;-24.84276;3;5;EXTRACT;3;
497.0283;92;5.590492;4.827209;3;9;EXTRACT;4;
497.5801;111;32.92599;-24.84276;3;4;EXTRACT;3;
499.001;92;5.590492;4.827209;3;8;EXTRACT;4;
499.5703;111;32.92599;-24.84276;3;3;EXTRACT;3;
501.0088;92;5.590492;4.827209;3;7;EXTRACT;4;
501.5781;111;32.92599;-24.84276;3;2;EXTRACT;3;
503.002;92;5.590492;4.827209;3;6;EXTRACT;4;
503.5703;111;32.92599;-24.84276;3;1;EXTRACT;3;
505.0117;92;5.590492;4.827209;3;5;EXTRACT;4;
505.5986;111;32.92599;-24.84276;3;0;EXTRACT;3;
505.5967;111;32.92599;-24.84276;3;0;DESTROYED;;
505.5986;119;-12.84012;41.258;3;16;CREATED;;
507.002;92;5.590492;4.827209;3;4;EXTRACT;4;
509.0078;92;5.590492;4.827209;3;3;EXTRACT;4;
511.0156;92;5.590492;4.827209;3;2;EXTRACT;4;
513.0381;92;5.590492;4.827209;3;1;EXTRACT;4;
515.0293;92;5.590492;4.827209;3;0;EXTRACT;4;
515.0166;92;5.590492;4.827209;3;0;DESTROYED;;
515.0293;120;32.81968;40.27231;3;16;CREATED;;
522.8398;117;17.08382;-0.1352005;3;16;DISCOVER;5;
525.9102;117;17.08382;-0.1352005;3;15;EXTRACT;5;
527.915;117;17.08382;-0.1352005;3;14;EXTRACT;5;
529.9209;117;17.08382;-0.1352005;3;13;EXTRACT;5;
530.3379;108;27.7252;14.75748;3;16;DISCOVER;3;
531.9277;117;17.08382;-0.1352005;3;12;EXTRACT;5;
533.8018;108;27.7252;14.75748;3;15;EXTRACT;3;
533.9189;117;17.08382;-0.1352005;3;11;EXTRACT;5;
535.791;108;27.7252;14.75748;3;14;EXTRACT;3;
535.9414;117;17.08382;-0.1352005;3;10;EXTRACT;5;
537.7979;108;27.7252;14.75748;3;13;EXTRACT;3;
537.9316;117;17.08382;-0.1352005;3;9;EXTRACT;5;
539.7891;108;27.7252;14.75748;3;12;EXTRACT;3;
539.9385;117;17.08382;-0.1352005;3;8;EXTRACT;5;
541.7949;108;27.7252;14.75748;3;11;EXTRACT;3;
541.9287;117;17.08382;-0.1352005;3;7;EXTRACT;5;
543.8027;108;27.7252;14.75748;3;10;EXTRACT;3;
543.9199;117;17.08382;-0.1352005;3;6;EXTRACT;5;
545.8242;108;27.7252;14.75748;3;9;EXTRACT;3;
545.9414;117;17.08382;-0.1352005;3;5;EXTRACT;5;
547.8125;108;27.7252;14.75748;3;8;EXTRACT;3;
547.9307;117;17.08382;-0.1352005;3;4;EXTRACT;5;
549.8027;108;27.7252;14.75748;3;7;EXTRACT;3;
549.9209;117;17.08382;-0.1352005;3;3;EXTRACT;5;
551.8271;108;27.7252;14.75748;3;6;EXTRACT;3;
551.9268;117;17.08382;-0.1352005;3;2;EXTRACT;5;
553.8154;108;27.7252;14.75748;3;5;EXTRACT;3;
553.9326;117;17.08382;-0.1352005;3;1;EXTRACT;5;
555.8213;108;27.7252;14.75748;3;4;EXTRACT;3;
555.9385;117;17.08382;-0.1352005;3;0;EXTRACT;5;
555.9365;117;17.08382;-0.1352005;3;0;DESTROYED;;
555.9551;121;14.40461;27.02397;3;16;CREATED;;
557.8125;108;27.7252;14.75748;3;3;EXTRACT;3;
559.8193;108;27.7252;14.75748;3;2;EXTRACT;3;
561.8105;108;27.7252;14.75748;3;1;EXTRACT;3;
563.8164;108;27.7252;14.75748;3;0;EXTRACT;3;
563.8164;108;27.7252;14.75748;3;0;DESTROYED;;
563.833;122;27.72807;-1.562328;3;16;CREATED;;
580.3369;113;19.9771;35.60378;3;16;DISCOVER;5;
583.832;113;19.9771;35.60378;3;15;EXTRACT;5;
585.8389;113;19.9771;35.60378;3;14;EXTRACT;5;
587.8467;113;19.9771;35.60378;3;13;EXTRACT;5;
589.8359;113;19.9771;35.60378;3;12;EXTRACT;5;
591.8604;113;19.9771;35.60378;3;11;EXTRACT;5;
593.8408;113;19.9771;35.60378;3;10;EXTRACT;5;
593.958;107;20.21301;-11.21105;3;16;DISCOVER;3;
595.8486;113;19.9771;35.60378;3;9;EXTRACT;5;
597.6289;107;20.21301;-11.21105;3;15;EXTRACT;3;
597.8418;113;19.9771;35.60378;3;8;EXTRACT;5;
599.6406;107;20.21301;-11.21105;3;14;EXTRACT;3;
599.8418;113;19.9771;35.60378;3;7;EXTRACT;5;
601.6465;107;20.21301;-11.21105;3;13;EXTRACT;3;
601.8691;113;19.9771;35.60378;3;6;EXTRACT;5;
603.666;107;20.21301;-11.21105;3;12;EXTRACT;3;
603.9482;113;19.9771;35.60378;3;5;EXTRACT;5;
605.6436;107;20.21301;-11.21105;3;11;EXTRACT;3;
605.8613;113;19.9771;35.60378;3;4;EXTRACT;5;
607.6484;107;20.21301;-11.21105;3;10;EXTRACT;3;
607.8486;113;19.9771;35.60378;3;3;EXTRACT;5;
609.6523;107;20.21301;-11.21105;3;9;EXTRACT;3;
609.8379;113;19.9771;35.60378;3;2;EXTRACT;5;
611.6455;107;20.21301;-11.21105;3;8;EXTRACT;3;
611.8623;113;19.9771;35.60378;3;1;EXTRACT;5;
613.6523;107;20.21301;-11.21105;3;7;EXTRACT;3;
613.8359;113;19.9771;35.60378;3;0;EXTRACT;5;
613.8359;113;19.9771;35.60378;3;0;DESTROYED;;
613.8535;123;22.80103;42.60029;3;16;CREATED;;
615.6729;107;20.21301;-11.21105;3;6;EXTRACT;3;
617.6465;107;20.21301;-11.21105;3;5;EXTRACT;3;
618.9844;107;20.21301;-11.21105;3;5;DISCOVER;2;
619.6367;107;20.21301;-11.21105;3;4;EXTRACT;3;
621.6602;107;20.21301;-11.21105;3;3;EXTRACT;3;
622.9326;107;20.21301;-11.21105;3;2;EXTRACT;2;
623.6523;107;20.21301;-11.21105;3;1;EXTRACT;3;
624.9238;107;20.21301;-11.21105;3;0;EXTRACT;2;
624.917;107;20.21301;-11.21105;3;0;DESTROYED;;
624.9404;124;8.611012;-4.765903;3;16;CREATED;;
635.9512;104;0.5171471;-14.98211;3;16;DISCOVER;3;
639.1641;104;0.5171471;-14.98211;3;15;EXTRACT;3;
640.583;121;14.40461;27.02397;3;16;DISCOVER;5;
641.1504;104;0.5171471;-14.98211;3;14;EXTRACT;3;
643.1377;104;0.5171471;-14.98211;3;13;EXTRACT;3;
644.125;121;14.40461;27.02397;3;15;EXTRACT;5;
645.1455;104;0.5171471;-14.98211;3;12;EXTRACT;3;
646.1162;121;14.40461;27.02397;3;14;EXTRACT;5;
647.1699;104;0.5171471;-14.98211;3;11;EXTRACT;3;
648.1045;121;14.40461;27.02397;3;13;EXTRACT;5;
649.1611;104;0.5171471;-14.98211;3;10;EXTRACT;3;
650.1152;121;14.40461;27.02397;3;12;EXTRACT;5;
651.1514;104;0.5171471;-14.98211;3;9;EXTRACT;3;
652.1211;121;14.40461;27.02397;3;11;EXTRACT;5;
653.1436;104;0.5171471;-14.98211;3;8;EXTRACT;3;
654.1289;121;14.40461;27.02397;3;10;EXTRACT;5;
655.1475;104;0.5171471;-14.98211;3;7;EXTRACT;3;
656.1328;121;14.40461;27.02397;3;9;EXTRACT;5;
657.1699;104;0.5171471;-14.98211;3;6;EXTRACT;3;
658.1094;121;14.40461;27.02397;3;8;EXTRACT;5;
659.1475;104;0.5171471;-14.98211;3;5;EXTRACT;3;
660.1006;121;14.40461;27.02397;3;7;EXTRACT;5;
661.1572;104;0.5171471;-14.98211;3;4;EXTRACT;3;
662.0996;121;14.40461;27.02397;3;6;EXTRACT;5;
663.1465;104;0.5171471;-14.98211;3;3;EXTRACT;3;
664.1113;121;14.40461;27.02397;3;5;EXTRACT;5;
665.166;104;0.5171471;-14.98211;3;2;EXTRACT;3;
666.1123;121;14.40461;27.02397;3;4;EXTRACT;5;
667.1621;104;0.5171471;-14.98211;3;1;EXTRACT;3;
668.0986;121;14.40461;27.02397;3;3;EXTRACT;5;
669.1523;104;0.5171471;-14.98211;3;0;EXTRACT;3;
669.1367;104;0.5171471;-14.98211;3;0;DESTROYED;;
669.1523;125;14.52822;-42.3763;3;16;CREATED;;
670.1211;121;14.40461;27.02397;3;2;EXTRACT;5;
670.1387;112;-35.9636;-12.15145;3;16;DISCOVER;4;
672.1143;121;14.40461;27.02397;3;1;EXTRACT;5;
673.1504;112;-35.9636;-12.15145;3;15;EXTRACT;4;
674.1191;121;14.40461;27.02397;3;0;EXTRACT;5;
674.1172;121;14.40461;27.02397;3;0;DESTROYED;;
674.1191;126;-13.81548;18.89061;3;16;CREATED;;
675.1553;112;-35.9636;-12.15145;3;14;EXTRACT;4;
676.5947;120;32.81968;40.27231;3;16;DISCOVER;2;
677.1641;112;-35.9636;-12.15145;3;13;EXTRACT;4;
679.1563;112;-35.9636;-12.15145;3;12;EXTRACT;4;
680.4287;120;32.81968;40.27231;3;15;EXTRACT;2;
681.1484;112;-35.9636;-12.15145;3;11;EXTRACT;4;
682.457;120;32.81968;40.27231;3;14;EXTRACT;2;
683.1445;112;-35.9636;-12.15145;3;10;EXTRACT;4;
684.4355;120;32.81968;40.27231;3;13;EXTRACT;2;
685.1709;112;-35.9636;-12.15145;3;9;EXTRACT;4;
686.4248;120;32.81968;40.27231;3;12;EXTRACT;2;
687.1455;112;-35.9636;-12.15145;3;8;EXTRACT;4;
688.4316;120;32.81968;40.27231;3;11;EXTRACT;2;
689.1514;112;-35.9636;-12.15145;3;7;EXTRACT;4;
690.4375;120;32.81968;40.27231;3;10;EXTRACT;2;
691.1406;112;-35.9636;-12.15145;3;6;EXTRACT;4;
692.4453;120;32.81968;40.27231;3;9;EXTRACT;2;
693.1475;112;-35.9636;-12.15145;3;5;EXTRACT;4;
694.4346;120;32.81968;40.27231;3;8;EXTRACT;2;
695.1367;112;-35.9636;-12.15145;3;4;EXTRACT;4;
696.4414;120;32.81968;40.27231;3;7;EXTRACT;2;
697.1436;112;-35.9636;-12.15145;3;3;EXTRACT;4;
698.4316;120;32.81968;40.27231;3;6;EXTRACT;2;
699.1504;112;-35.9636;-12.15145;3;2;EXTRACT;4;
700.4355;120;32.81968;40.27231;3;5;EXTRACT;2;
701.1543;112;-35.9636;-12.15145;3;1;EXTRACT;4;
702.4395;120;32.81968;40.27231;3;4;EXTRACT;2;
703.1416;112;-35.9636;-12.15145;3;0;EXTRACT;4;
703.1367;112;-35.9636;-12.15145;3;0;DESTROYED;;
703.1416;127;43.173;44.34479;3;16;CREATED;;
704.4277;120;32.81968;40.27231;3;3;EXTRACT;2;
706.457;120;32.81968;40.27231;3;2;EXTRACT;2;
708.4297;120;32.81968;40.27231;3;1;EXTRACT;2;
710.4385;120;32.81968;40.27231;3;0;EXTRACT;2;
710.4365;120;32.81968;40.27231;3;0;DESTROYED;;
710.4385;128;-20.61731;-30.13153;3;16;CREATED;;
717.0479;123;22.80103;42.60029;3;16;DISCOVER;2;
