Time;PatchID;PositionX;PositionZ;Radius;CoinAmount;PatchEvent;TriggerPlayer;
0;237;-38.55008;-2.557243;3;16;CREATED;;
0;238;-40.61432;-20.16667;3;16;CREATED;;
0;239;-25.76231;-44.90247;3;16;CREATED;;
0;240;5.84251;-12.70909;3;16;CREATED;;
0;241;-35.07299;11.73048;3;16;CREATED;;
0;242;6.194363;9.409817;3;16;CREATED;;
0;243;-4.494896;-21.37926;3;16;CREATED;;
0;244;16.08485;12.60044;3;16;CREATED;;
0;245;17.68266;-30.1101;3;16;CREATED;;
0;246;26.7922;-31.61088;3;16;CREATED;;
0;247;9.991802;-40.77314;3;16;CREATED;;
0;248;4.447193;-19.41591;3;16;CREATED;;
0;249;35.23418;-19.36084;3;16;CREATED;;
0;250;20.44423;-15.20594;3;16;CREATED;;
0;251;40.88606;-44.14609;3;16;CREATED;;
1.890625;245;17.68266;-30.1101;3;16;DISCOVER;1;
4.976563;245;17.68266;-30.1101;3;15;EXTRACT;1;
6.984375;245;17.68266;-30.1101;3;14;EXTRACT;1;
8.945313;250;20.44423;-15.20594;3;16;DISCOVER;3;
8.984375;245;17.68266;-30.1101;3;13;EXTRACT;1;
10.99219;245;17.68266;-30.1101;3;12;EXTRACT;1;
11.95313;250;20.44423;-15.20594;3;15;EXTRACT;3;
13;245;17.68266;-30.1101;3;11;EXTRACT;1;
13.96094;250;20.44423;-15.20594;3;14;EXTRACT;3;
15;245;17.68266;-30.1101;3;10;EXTRACT;1;
15.96094;250;20.44423;-15.20594;3;13;EXTRACT;3;
17.00781;245;17.68266;-30.1101;3;9;EXTRACT;1;
17.92969;250;20.44423;-15.20594;3;12;EXTRACT;3;
19.00781;245;17.68266;-30.1101;3;8;EXTRACT;1;
19.92969;250;20.44423;-15.20594;3;11;EXTRACT;3;
21.01563;245;17.68266;-30.1101;3;7;EXTRACT;1;
21.9375;250;20.44423;-15.20594;3;10;EXTRACT;3;
22.97656;245;17.68266;-30.1101;3;6;EXTRACT;1;
23.94531;250;20.44423;-15.20594;3;9;EXTRACT;3;
24.98438;245;17.68266;-30.1101;3;5;EXTRACT;1;
25.94531;250;20.44423;-15.20594;3;8;EXTRACT;3;
26.99219;245;17.68266;-30.1101;3;4;EXTRACT;1;
27.95313;250;20.44423;-15.20594;3;7;EXTRACT;3;
28.99219;245;17.68266;-30.1101;3;3;EXTRACT;1;
29.95313;250;20.44423;-15.20594;3;6;EXTRACT;3;
31;245;17.68266;-30.1101;3;2;EXTRACT;1;
31.96094;250;20.44423;-15.20594;3;5;EXTRACT;3;
31.96094;239;-25.76231;-44.90247;3;16;DISCOVER;2;
33.00781;245;17.68266;-30.1101;3;1;EXTRACT;1;
33.96875;250;20.44423;-15.20594;3;4;EXTRACT;3;
35.01563;245;17.68266;-30.1101;3;0;EXTRACT;1;
35;245;17.68266;-30.1101;3;0;DESTROYED;;
35.01563;252;-26.65607;-19.20735;3;16;CREATED;;
35.17188;239;-25.76231;-44.90247;3;15;EXTRACT;2;
35.9375;250;20.44423;-15.20594;3;3;EXTRACT;3;
37.17969;239;-25.76231;-44.90247;3;14;EXTRACT;2;
37.94531;250;20.44423;-15.20594;3;2;EXTRACT;3;
39.1875;239;-25.76231;-44.90247;3;13;EXTRACT;2;
39.94531;250;20.44423;-15.20594;3;1;EXTRACT;3;
41.1875;239;-25.76231;-44.90247;3;12;EXTRACT;2;
41.95313;250;20.44423;-15.20594;3;0;EXTRACT;3;
41.91406;250;20.44423;-15.20594;3;0;DESTROYED;;
41.95313;253;-14.52583;-31.12517;3;16;CREATED;;
43.15625;239;-25.76231;-44.90247;3;11;EXTRACT;2;
45.16406;239;-25.76231;-44.90247;3;10;EXTRACT;2;
47.17188;239;-25.76231;-44.90247;3;9;EXTRACT;2;
49.17969;239;-25.76231;-44.90247;3;8;EXTRACT;2;
51.1875;239;-25.76231;-44.90247;3;7;EXTRACT;2;
53.19531;239;-25.76231;-44.90247;3;6;EXTRACT;2;
55.17188;239;-25.76231;-44.90247;3;5;EXTRACT;2;
57.17969;239;-25.76231;-44.90247;3;4;EXTRACT;2;
59.1875;239;-25.76231;-44.90247;3;3;EXTRACT;2;
61.19531;239;-25.76231;-44.90247;3;2;EXTRACT;2;
63.20313;239;-25.76231;-44.90247;3;1;EXTRACT;2;
65.21094;239;-25.76231;-44.90247;3;0;EXTRACT;2;
65.19531;239;-25.76231;-44.90247;3;0;DESTROYED;;
65.21094;254;-29.25871;31.98677;3;16;CREATED;;
82.125;238;-40.61432;-20.16667;3;16;DISCOVER;1;
84.97656;247;9.991802;-40.77314;3;16;DISCOVER;2;
85.29688;238;-40.61432;-20.16667;3;15;EXTRACT;1;
87.30469;238;-40.61432;-20.16667;3;14;EXTRACT;1;
87.85938;247;9.991802;-40.77314;3;15;EXTRACT;2;
89.26563;238;-40.61432;-20.16667;3;13;EXTRACT;1;
89.875;247;9.991802;-40.77314;3;14;EXTRACT;2;
91.27344;238;-40.61432;-20.16667;3;12;EXTRACT;1;
91.83594;247;9.991802;-40.77314;3;13;EXTRACT;2;
93.28125;238;-40.61432;-20.16667;3;11;EXTRACT;1;
93.84375;247;9.991802;-40.77314;3;12;EXTRACT;2;
95.28906;238;-40.61432;-20.16667;3;10;EXTRACT;1;
95.85156;247;9.991802;-40.77314;3;11;EXTRACT;2;
97.29688;238;-40.61432;-20.16667;3;9;EXTRACT;1;
97.85938;247;9.991802;-40.77314;3;10;EXTRACT;2;
99.29688;238;-40.61432;-20.16667;3;8;EXTRACT;1;
99.85938;247;9.991802;-40.77314;3;9;EXTRACT;2;
101.3047;238;-40.61432;-20.16667;3;7;EXTRACT;1;
101.8672;247;9.991802;-40.77314;3;8;EXTRACT;2;
103.3125;238;-40.61432;-20.16667;3;6;EXTRACT;1;
103.875;247;9.991802;-40.77314;3;7;EXTRACT;2;
105.2813;238;-40.61432;-20.16667;3;5;EXTRACT;1;
105.8438;247;9.991802;-40.77314;3;6;EXTRACT;2;
107.2891;238;-40.61432;-20.16667;3;4;EXTRACT;1;
107.8516;247;9.991802;-40.77314;3;5;EXTRACT;2;
109.3359;238;-40.61432;-20.16667;3;3;EXTRACT;1;
109.8516;247;9.991802;-40.77314;3;4;EXTRACT;2;
111.2969;238;-40.61432;-20.16667;3;2;EXTRACT;1;
111.8594;247;9.991802;-40.77314;3;3;EXTRACT;2;
113.3047;238;-40.61432;-20.16667;3;1;EXTRACT;1;
113.8672;247;9.991802;-40.77314;3;2;EXTRACT;2;
115.3125;238;-40.61432;-20.16667;3;0;EXTRACT;1;
115.2734;238;-40.61432;-20.16667;3;0;DESTROYED;;
115.3125;255;26.95791;-22.98811;3;16;CREATED;;
115.875;247;9.991802;-40.77314;3;1;EXTRACT;2;
117.8438;247;9.991802;-40.77314;3;0;EXTRACT;2;
117.8359;247;9.991802;-40.77314;3;0;DESTROYED;;
117.8438;256;-35.90304;-43.78581;3;16;CREATED;;
117.8828;240;5.84251;-12.70909;3;16;DISCOVER;0;
123.0156;240;5.84251;-12.70909;3;15;EXTRACT;0;
125.0156;240;5.84251;-12.70909;3;14;EXTRACT;0;
126.5859;246;26.7922;-31.61088;3;16;DISCOVER;3;
126.7813;237;-38.55008;-2.557243;3;16;DISCOVER;1;
127.0234;240;5.84251;-12.70909;3;13;EXTRACT;0;
129.0313;240;5.84251;-12.70909;3;12;EXTRACT;0;
129.4297;237;-38.55008;-2.557243;3;15;EXTRACT;1;
129.5547;246;26.7922;-31.61088;3;15;EXTRACT;3;
131.0391;240;5.84251;-12.70909;3;11;EXTRACT;0;
131.4375;237;-38.55008;-2.557243;3;14;EXTRACT;1;
131.5625;246;26.7922;-31.61088;3;14;EXTRACT;3;
133.0391;240;5.84251;-12.70909;3;10;EXTRACT;0;
133.4453;237;-38.55008;-2.557243;3;13;EXTRACT;1;
133.5625;246;26.7922;-31.61088;3;13;EXTRACT;3;
135.0469;240;5.84251;-12.70909;3;9;EXTRACT;0;
135.125;251;40.88606;-44.14609;3;16;DISCOVER;2;
135.4453;237;-38.55008;-2.557243;3;12;EXTRACT;1;
135.5625;246;26.7922;-31.61088;3;12;EXTRACT;3;
137.0469;240;5.84251;-12.70909;3;8;EXTRACT;0;
137.4453;237;-38.55008;-2.557243;3;11;EXTRACT;1;
137.5703;246;26.7922;-31.61088;3;11;EXTRACT;3;
138.0469;251;40.88606;-44.14609;3;15;EXTRACT;2;
139.0078;240;5.84251;-12.70909;3;7;EXTRACT;0;
139.4531;237;-38.55008;-2.557243;3;10;EXTRACT;1;
139.5703;246;26.7922;-31.61088;3;10;EXTRACT;3;
140.0547;251;40.88606;-44.14609;3;14;EXTRACT;2;
141.0078;240;5.84251;-12.70909;3;6;EXTRACT;0;
141.4531;237;-38.55008;-2.557243;3;9;EXTRACT;1;
141.5703;246;26.7922;-31.61088;3;9;EXTRACT;3;
142.0547;251;40.88606;-44.14609;3;13;EXTRACT;2;
143.0156;240;5.84251;-12.70909;3;5;EXTRACT;0;
143.4141;237;-38.55008;-2.557243;3;8;EXTRACT;1;
143.5781;246;26.7922;-31.61088;3;8;EXTRACT;3;
144.0547;251;40.88606;-44.14609;3;12;EXTRACT;2;
145.0156;240;5.84251;-12.70909;3;4;EXTRACT;0;
145.4141;237;-38.55008;-2.557243;3;7;EXTRACT;1;
145.5781;246;26.7922;-31.61088;3;7;EXTRACT;3;
146.0625;251;40.88606;-44.14609;3;11;EXTRACT;2;
147.0234;240;5.84251;-12.70909;3;3;EXTRACT;0;
147.4219;237;-38.55008;-2.557243;3;6;EXTRACT;1;
147.5781;246;26.7922;-31.61088;3;6;EXTRACT;3;
148.0625;251;40.88606;-44.14609;3;10;EXTRACT;2;
149.0234;240;5.84251;-12.70909;3;2;EXTRACT;0;
149.4609;237;-38.55008;-2.557243;3;5;EXTRACT;1;
149.5859;246;26.7922;-31.61088;3;5;EXTRACT;3;
150.0234;251;40.88606;-44.14609;3;9;EXTRACT;2;
151.0234;240;5.84251;-12.70909;3;1;EXTRACT;0;
151.4688;237;-38.55008;-2.557243;3;4;EXTRACT;1;
151.5859;246;26.7922;-31.61088;3;4;EXTRACT;3;
152.0234;251;40.88606;-44.14609;3;8;EXTRACT;2;
153.0313;240;5.84251;-12.70909;3;0;EXTRACT;0;
153;240;5.84251;-12.70909;3;0;DESTROYED;;
153.0313;257;31.62531;29.90573;3;16;CREATED;;
153.4688;237;-38.55008;-2.557243;3;3;EXTRACT;1;
153.5859;246;26.7922;-31.61088;3;3;EXTRACT;3;
154.0313;251;40.88606;-44.14609;3;7;EXTRACT;2;
155.4297;237;-38.55008;-2.557243;3;2;EXTRACT;1;
155.5547;246;26.7922;-31.61088;3;2;EXTRACT;3;
156.0313;251;40.88606;-44.14609;3;6;EXTRACT;2;
157.4375;237;-38.55008;-2.557243;3;1;EXTRACT;1;
157.5547;246;26.7922;-31.61088;3;1;EXTRACT;3;
158.0391;251;40.88606;-44.14609;3;5;EXTRACT;2;
159.4375;237;-38.55008;-2.557243;3;0;EXTRACT;1;
159.4375;237;-38.55008;-2.557243;3;0;DESTROYED;;
159.4375;258;10.42384;19.02051;3;16;CREATED;;
159.5625;246;26.7922;-31.61088;3;0;EXTRACT;3;
159.5547;246;26.7922;-31.61088;3;0;DESTROYED;;
159.5625;259;-37.22317;-16.86003;3;16;CREATED;;
160.0391;251;40.88606;-44.14609;3;4;EXTRACT;2;
162.0469;251;40.88606;-44.14609;3;3;EXTRACT;2;
163.7734;255;26.95791;-22.98811;3;16;DISCOVER;3;
164.0469;251;40.88606;-44.14609;3;2;EXTRACT;2;
166.0547;251;40.88606;-44.14609;3;1;EXTRACT;2;
166.4531;255;26.95791;-22.98811;3;15;EXTRACT;3;
168.0625;251;40.88606;-44.14609;3;0;EXTRACT;2;
168.0391;251;40.88606;-44.14609;3;0;DESTROYED;;
168.0625;260;-28.19535;8.785969;3;16;CREATED;;
168.4609;255;26.95791;-22.98811;3;14;EXTRACT;3;
170.4688;255;26.95791;-22.98811;3;13;EXTRACT;3;
172.4688;255;26.95791;-22.98811;3;12;EXTRACT;3;
174.4766;255;26.95791;-22.98811;3;11;EXTRACT;3;
176.4844;255;26.95791;-22.98811;3;10;EXTRACT;3;
178.4844;255;26.95791;-22.98811;3;9;EXTRACT;3;
180.4922;255;26.95791;-22.98811;3;8;EXTRACT;3;
182.4531;255;26.95791;-22.98811;3;7;EXTRACT;3;
184.4609;255;26.95791;-22.98811;3;6;EXTRACT;3;
186.4688;255;26.95791;-22.98811;3;5;EXTRACT;3;
188.4766;255;26.95791;-22.98811;3;4;EXTRACT;3;
190.4844;255;26.95791;-22.98811;3;3;EXTRACT;3;
192.4844;255;26.95791;-22.98811;3;2;EXTRACT;3;
194.4922;255;26.95791;-22.98811;3;1;EXTRACT;3;
196.4609;255;26.95791;-22.98811;3;0;EXTRACT;3;
196.4375;255;26.95791;-22.98811;3;0;DESTROYED;;
196.4609;261;33.36168;-11.44558;3;16;CREATED;;
207.0938;241;-35.07299;11.73048;3;16;DISCOVER;0;
212.1797;241;-35.07299;11.73048;3;15;EXTRACT;0;
214.1953;241;-35.07299;11.73048;3;14;EXTRACT;0;
216.1797;241;-35.07299;11.73048;3;13;EXTRACT;0;
218.2031;241;-35.07299;11.73048;3;12;EXTRACT;0;
220.1641;241;-35.07299;11.73048;3;11;EXTRACT;0;
222.1719;241;-35.07299;11.73048;3;10;EXTRACT;0;
224.1797;241;-35.07299;11.73048;3;9;EXTRACT;0;
226.1797;241;-35.07299;11.73048;3;8;EXTRACT;0;
228.1875;241;-35.07299;11.73048;3;7;EXTRACT;0;
230.1953;241;-35.07299;11.73048;3;6;EXTRACT;0;
231.6797;253;-14.52583;-31.12517;3;16;DISCOVER;2;
232.2031;241;-35.07299;11.73048;3;5;EXTRACT;0;
234.1797;241;-35.07299;11.73048;3;4;EXTRACT;0;
234.8594;253;-14.52583;-31.12517;3;15;EXTRACT;2;
236.1797;241;-35.07299;11.73048;3;3;EXTRACT;0;
236.2578;244;16.08485;12.60044;3;16;DISCOVER;3;
236.8594;253;-14.52583;-31.12517;3;14;EXTRACT;2;
238.1875;241;-35.07299;11.73048;3;2;EXTRACT;0;
238.8672;253;-14.52583;-31.12517;3;13;EXTRACT;2;
238.8672;244;16.08485;12.60044;3;15;EXTRACT;3;
240.1875;241;-35.07299;11.73048;3;1;EXTRACT;0;
240.8281;253;-14.52583;-31.12517;3;12;EXTRACT;2;
240.875;244;16.08485;12.60044;3;14;EXTRACT;3;
242.1953;241;-35.07299;11.73048;3;0;EXTRACT;0;
242.1953;241;-35.07299;11.73048;3;0;DESTROYED;;
242.1953;262;-40.13029;-7.163994;3;16;CREATED;;
242.8438;253;-14.52583;-31.12517;3;11;EXTRACT;2;
242.8828;244;16.08485;12.60044;3;13;EXTRACT;3;
244.8516;253;-14.52583;-31.12517;3;10;EXTRACT;2;
244.8906;244;16.08485;12.60044;3;12;EXTRACT;3;
246.8594;253;-14.52583;-31.12517;3;9;EXTRACT;2;
246.8984;244;16.08485;12.60044;3;11;EXTRACT;3;
248.8672;253;-14.52583;-31.12517;3;8;EXTRACT;2;
248.8672;244;16.08485;12.60044;3;10;EXTRACT;3;
250.8672;253;-14.52583;-31.12517;3;7;EXTRACT;2;
250.8672;244;16.08485;12.60044;3;9;EXTRACT;3;
252.8359;253;-14.52583;-31.12517;3;6;EXTRACT;2;
252.875;244;16.08485;12.60044;3;8;EXTRACT;3;
252.875;260;-28.19535;8.785969;3;16;DISCOVER;0;
254.8359;253;-14.52583;-31.12517;3;5;EXTRACT;2;
254.875;244;16.08485;12.60044;3;7;EXTRACT;3;
256.8438;253;-14.52583;-31.12517;3;4;EXTRACT;2;
256.8828;244;16.08485;12.60044;3;6;EXTRACT;3;
257.4453;260;-28.19535;8.785969;3;15;EXTRACT;0;
258.8516;253;-14.52583;-31.12517;3;3;EXTRACT;2;
258.8906;244;16.08485;12.60044;3;5;EXTRACT;3;
259.4531;260;-28.19535;8.785969;3;14;EXTRACT;0;
260.8594;253;-14.52583;-31.12517;3;2;EXTRACT;2;
260.8984;244;16.08485;12.60044;3;4;EXTRACT;3;
261.4219;260;-28.19535;8.785969;3;13;EXTRACT;0;
262.8594;253;-14.52583;-31.12517;3;1;EXTRACT;2;
262.9063;244;16.08485;12.60044;3;3;EXTRACT;3;
263.4219;260;-28.19535;8.785969;3;12;EXTRACT;0;
264.8672;253;-14.52583;-31.12517;3;0;EXTRACT;2;
264.8359;253;-14.52583;-31.12517;3;0;DESTROYED;;
264.8672;263;16.61539;-4.755337;3;16;CREATED;;
264.9063;244;16.08485;12.60044;3;2;EXTRACT;3;
265.4297;260;-28.19535;8.785969;3;11;EXTRACT;0;
266.9141;244;16.08485;12.60044;3;1;EXTRACT;3;
267.4375;260;-28.19535;8.785969;3;10;EXTRACT;0;
268.875;244;16.08485;12.60044;3;0;EXTRACT;3;
268.875;244;16.08485;12.60044;3;0;DESTROYED;;
268.875;264;-28.68725;-34.1664;3;16;CREATED;;
269.4375;260;-28.19535;8.785969;3;9;EXTRACT;0;
271.4453;260;-28.19535;8.785969;3;8;EXTRACT;0;
273.4531;260;-28.19535;8.785969;3;7;EXTRACT;0;
275.4531;260;-28.19535;8.785969;3;6;EXTRACT;0;
277.4219;260;-28.19535;8.785969;3;5;EXTRACT;0;
279.4297;260;-28.19535;8.785969;3;4;EXTRACT;0;
280.0703;263;16.61539;-4.755337;3;16;DISCOVER;3;
281.4375;260;-28.19535;8.785969;3;3;EXTRACT;0;
283.2422;263;16.61539;-4.755337;3;15;EXTRACT;3;
283.4375;260;-28.19535;8.785969;3;2;EXTRACT;0;
285.25;263;16.61539;-4.755337;3;14;EXTRACT;3;
285.4453;260;-28.19535;8.785969;3;1;EXTRACT;0;
287.2109;263;16.61539;-4.755337;3;13;EXTRACT;3;
287.4531;260;-28.19535;8.785969;3;0;EXTRACT;0;
287.4375;260;-28.19535;8.785969;3;0;DESTROYED;;
287.4531;265;-38.06902;42.71126;3;16;CREATED;;
289.2188;263;16.61539;-4.755337;3;12;EXTRACT;3;
291.2266;263;16.61539;-4.755337;3;11;EXTRACT;3;
293.2344;263;16.61539;-4.755337;3;10;EXTRACT;3;
295.2422;263;16.61539;-4.755337;3;9;EXTRACT;3;
297.25;263;16.61539;-4.755337;3;8;EXTRACT;3;
299.2109;263;16.61539;-4.755337;3;7;EXTRACT;3;
301.2188;263;16.61539;-4.755337;3;6;EXTRACT;3;
302.5;264;-28.68725;-34.1664;3;16;DISCOVER;1;
303.2188;263;16.61539;-4.755337;3;5;EXTRACT;3;
305.2266;263;16.61539;-4.755337;3;4;EXTRACT;3;
305.5078;264;-28.68725;-34.1664;3;15;EXTRACT;1;
307.2344;263;16.61539;-4.755337;3;3;EXTRACT;3;
307.5156;264;-28.68725;-34.1664;3;14;EXTRACT;1;
309.2422;263;16.61539;-4.755337;3;2;EXTRACT;3;
309.5234;264;-28.68725;-34.1664;3;13;EXTRACT;1;
311.2422;263;16.61539;-4.755337;3;1;EXTRACT;3;
311.5234;264;-28.68725;-34.1664;3;12;EXTRACT;1;
313.25;263;16.61539;-4.755337;3;0;EXTRACT;3;
313.2344;263;16.61539;-4.755337;3;0;DESTROYED;;
313.25;266;-26.94699;38.05067;3;16;CREATED;;
313.5313;264;-28.68725;-34.1664;3;11;EXTRACT;1;
315.5391;264;-28.68725;-34.1664;3;10;EXTRACT;1;
317.5469;264;-28.68725;-34.1664;3;9;EXTRACT;1;
319.5156;264;-28.68725;-34.1664;3;8;EXTRACT;1;
321.5234;264;-28.68725;-34.1664;3;7;EXTRACT;1;
323.5234;264;-28.68725;-34.1664;3;6;EXTRACT;1;
325.5313;264;-28.68725;-34.1664;3;5;EXTRACT;1;
325.8984;248;4.447193;-19.41591;3;16;DISCOVER;3;
327.5391;264;-28.68725;-34.1664;3;4;EXTRACT;1;
328.7813;248;4.447193;-19.41591;3;15;EXTRACT;3;
329.5469;264;-28.68725;-34.1664;3;3;EXTRACT;1;
330.7891;248;4.447193;-19.41591;3;14;EXTRACT;3;
331.5078;264;-28.68725;-34.1664;3;2;EXTRACT;1;
332.7969;248;4.447193;-19.41591;3;13;EXTRACT;3;
333.5234;264;-28.68725;-34.1664;3;1;EXTRACT;1;
334.8047;248;4.447193;-19.41591;3;12;EXTRACT;3;
335.5234;264;-28.68725;-34.1664;3;0;EXTRACT;1;
335.5156;264;-28.68725;-34.1664;3;0;DESTROYED;;
335.5234;267;3.889713;-1.831341;3;16;CREATED;;
336.8047;248;4.447193;-19.41591;3;11;EXTRACT;3;
338.8125;248;4.447193;-19.41591;3;10;EXTRACT;3;
340.7813;248;4.447193;-19.41591;3;9;EXTRACT;3;
342.7891;248;4.447193;-19.41591;3;8;EXTRACT;3;
344.7891;248;4.447193;-19.41591;3;7;EXTRACT;3;
346.7969;248;4.447193;-19.41591;3;6;EXTRACT;3;
348.8047;248;4.447193;-19.41591;3;5;EXTRACT;3;
350.8125;248;4.447193;-19.41591;3;4;EXTRACT;3;
352.8125;248;4.447193;-19.41591;3;3;EXTRACT;3;
354.8203;248;4.447193;-19.41591;3;2;EXTRACT;3;
356.7813;248;4.447193;-19.41591;3;1;EXTRACT;3;
358.7891;248;4.447193;-19.41591;3;0;EXTRACT;3;
358.7578;248;4.447193;-19.41591;3;0;DESTROYED;;
358.7891;268;41.53888;0.01398468;3;16;CREATED;;
362.9141;243;-4.494896;-21.37926;3;16;DISCOVER;2;
366.0859;243;-4.494896;-21.37926;3;15;EXTRACT;2;
368.0859;243;-4.494896;-21.37926;3;14;EXTRACT;2;
368.0859;267;3.889713;-1.831341;3;16;DISCOVER;3;
370.0547;243;-4.494896;-21.37926;3;13;EXTRACT;2;
370.7813;267;3.889713;-1.831341;3;15;EXTRACT;3;
371.3828;254;-29.25871;31.98677;3;16;DISCOVER;1;
372.0625;243;-4.494896;-21.37926;3;12;EXTRACT;2;
372.7813;267;3.889713;-1.831341;3;14;EXTRACT;3;
374.0703;243;-4.494896;-21.37926;3;11;EXTRACT;2;
374.4688;254;-29.25871;31.98677;3;15;EXTRACT;1;
374.75;267;3.889713;-1.831341;3;13;EXTRACT;3;
376.0703;243;-4.494896;-21.37926;3;10;EXTRACT;2;
376.4688;254;-29.25871;31.98677;3;14;EXTRACT;1;
376.75;267;3.889713;-1.831341;3;12;EXTRACT;3;
377.1563;243;-4.494896;-21.37926;3;10;DISCOVER;0;
378.0781;243;-4.494896;-21.37926;3;9;EXTRACT;2;
378.4766;254;-29.25871;31.98677;3;13;EXTRACT;1;
378.7578;267;3.889713;-1.831341;3;11;EXTRACT;3;
380.0781;243;-4.494896;-21.37926;3;8;EXTRACT;2;
380.4766;254;-29.25871;31.98677;3;12;EXTRACT;1;
380.7578;267;3.889713;-1.831341;3;10;EXTRACT;3;
381.4453;243;-4.494896;-21.37926;3;7;EXTRACT;0;
382.0859;243;-4.494896;-21.37926;3;6;EXTRACT;2;
382.4453;254;-29.25871;31.98677;3;11;EXTRACT;1;
382.7656;267;3.889713;-1.831341;3;9;EXTRACT;3;
383.4453;243;-4.494896;-21.37926;3;5;EXTRACT;0;
384.0859;243;-4.494896;-21.37926;3;4;EXTRACT;2;
384.4453;254;-29.25871;31.98677;3;10;EXTRACT;1;
384.7656;267;3.889713;-1.831341;3;8;EXTRACT;3;
385.4531;243;-4.494896;-21.37926;3;3;EXTRACT;0;
386.0938;243;-4.494896;-21.37926;3;2;EXTRACT;2;
386.4922;254;-29.25871;31.98677;3;9;EXTRACT;1;
386.7734;267;3.889713;-1.831341;3;7;EXTRACT;3;
387.4531;243;-4.494896;-21.37926;3;1;EXTRACT;0;
388.0547;243;-4.494896;-21.37926;3;0;EXTRACT;2;
388.0391;243;-4.494896;-21.37926;3;0;DESTROYED;;
388.0547;269;-17.20789;42.706;3;16;CREATED;;
388.5;254;-29.25871;31.98677;3;8;EXTRACT;1;
388.7734;267;3.889713;-1.831341;3;6;EXTRACT;3;
390.5;254;-29.25871;31.98677;3;7;EXTRACT;1;
390.7813;267;3.889713;-1.831341;3;5;EXTRACT;3;
392.4609;254;-29.25871;31.98677;3;6;EXTRACT;1;
392.7813;267;3.889713;-1.831341;3;4;EXTRACT;3;
394.4688;254;-29.25871;31.98677;3;5;EXTRACT;1;
394.7891;267;3.889713;-1.831341;3;3;EXTRACT;3;
396.4688;254;-29.25871;31.98677;3;4;EXTRACT;1;
396.75;267;3.889713;-1.831341;3;2;EXTRACT;3;
398.4766;254;-29.25871;31.98677;3;3;EXTRACT;1;
398.7578;267;3.889713;-1.831341;3;1;EXTRACT;3;
400.4766;254;-29.25871;31.98677;3;2;EXTRACT;1;
400.7578;267;3.889713;-1.831341;3;0;EXTRACT;3;
400.7578;267;3.889713;-1.831341;3;0;DESTROYED;;
400.7578;270;20.6564;-37.79429;3;16;CREATED;;
402.4844;254;-29.25871;31.98677;3;1;EXTRACT;1;
404.4922;254;-29.25871;31.98677;3;0;EXTRACT;1;
404.4766;254;-29.25871;31.98677;3;0;DESTROYED;;
404.4922;271;42.07127;-28.62228;3;16;CREATED;;
410.1797;252;-26.65607;-19.20735;3;16;DISCOVER;0;
411.2656;249;35.23418;-19.36084;3;16;DISCOVER;2;
412.4688;242;6.194363;9.409817;3;16;DISCOVER;3;
414.3984;249;35.23418;-19.36084;3;15;EXTRACT;2;
415.5156;242;6.194363;9.409817;3;15;EXTRACT;3;
415.5156;252;-26.65607;-19.20735;3;15;EXTRACT;0;
416.3984;249;35.23418;-19.36084;3;14;EXTRACT;2;
417.5234;242;6.194363;9.409817;3;14;EXTRACT;3;
417.5234;252;-26.65607;-19.20735;3;14;EXTRACT;0;
418.4063;249;35.23418;-19.36084;3;13;EXTRACT;2;
419.5234;242;6.194363;9.409817;3;13;EXTRACT;3;
419.5234;252;-26.65607;-19.20735;3;13;EXTRACT;0;
420.3672;249;35.23418;-19.36084;3;12;EXTRACT;2;
421.5313;242;6.194363;9.409817;3;12;EXTRACT;3;
421.5313;252;-26.65607;-19.20735;3;12;EXTRACT;0;
422.375;249;35.23418;-19.36084;3;11;EXTRACT;2;
423.5391;242;6.194363;9.409817;3;11;EXTRACT;3;
423.5391;252;-26.65607;-19.20735;3;11;EXTRACT;0;
424.3828;249;35.23418;-19.36084;3;10;EXTRACT;2;
425.5;242;6.194363;9.409817;3;10;EXTRACT;3;
425.5391;252;-26.65607;-19.20735;3;10;EXTRACT;0;
426.3828;249;35.23418;-19.36084;3;9;EXTRACT;2;
427.5078;242;6.194363;9.409817;3;9;EXTRACT;3;
427.5469;252;-26.65607;-19.20735;3;9;EXTRACT;0;
428.3906;249;35.23418;-19.36084;3;8;EXTRACT;2;
429.5078;242;6.194363;9.409817;3;8;EXTRACT;3;
429.5078;252;-26.65607;-19.20735;3;8;EXTRACT;0;
430.3906;249;35.23418;-19.36084;3;7;EXTRACT;2;
431.5156;242;6.194363;9.409817;3;7;EXTRACT;3;
431.5156;252;-26.65607;-19.20735;3;7;EXTRACT;0;
432.3984;249;35.23418;-19.36084;3;6;EXTRACT;2;
433.5156;242;6.194363;9.409817;3;6;EXTRACT;3;
433.5156;252;-26.65607;-19.20735;3;6;EXTRACT;0;
434.3984;249;35.23418;-19.36084;3;5;EXTRACT;2;
435.5234;242;6.194363;9.409817;3;5;EXTRACT;3;
435.5234;252;-26.65607;-19.20735;3;5;EXTRACT;0;
436.4063;249;35.23418;-19.36084;3;4;EXTRACT;2;
437.5234;242;6.194363;9.409817;3;4;EXTRACT;3;
437.5234;252;-26.65607;-19.20735;3;4;EXTRACT;0;
438.4063;249;35.23418;-19.36084;3;3;EXTRACT;2;
439.5313;242;6.194363;9.409817;3;3;EXTRACT;3;
439.5313;252;-26.65607;-19.20735;3;3;EXTRACT;0;
440.375;249;35.23418;-19.36084;3;2;EXTRACT;2;
441.5391;242;6.194363;9.409817;3;2;EXTRACT;3;
441.5391;252;-26.65607;-19.20735;3;2;EXTRACT;0;
442.375;249;35.23418;-19.36084;3;1;EXTRACT;2;
443.5;242;6.194363;9.409817;3;1;EXTRACT;3;
443.5391;252;-26.65607;-19.20735;3;1;EXTRACT;0;
444.3828;249;35.23418;-19.36084;3;0;EXTRACT;2;
444.3594;249;35.23418;-19.36084;3;0;DESTROYED;;
444.3828;272;34.00995;-0.2431526;3;16;CREATED;;
445.5078;242;6.194363;9.409817;3;0;EXTRACT;3;
445.4766;242;6.194363;9.409817;3;0;DESTROYED;;
445.5078;273;-0.4529648;-3.283417;3;16;CREATED;;
445.5469;252;-26.65607;-19.20735;3;0;EXTRACT;0;
445.5156;252;-26.65607;-19.20735;3;0;DESTROYED;;
445.5469;274;44.0398;42.72676;3;16;CREATED;;
457.2188;273;-0.4529648;-3.283417;3;16;DISCOVER;3;
460.0703;273;-0.4529648;-3.283417;3;15;EXTRACT;3;
462.0703;273;-0.4529648;-3.283417;3;14;EXTRACT;3;
464.0781;273;-0.4529648;-3.283417;3;13;EXTRACT;3;
466.0781;273;-0.4529648;-3.283417;3;12;EXTRACT;3;
468.0859;273;-0.4529648;-3.283417;3;11;EXTRACT;3;
470.0938;273;-0.4529648;-3.283417;3;10;EXTRACT;3;
472.1016;273;-0.4529648;-3.283417;3;9;EXTRACT;3;
474.0703;273;-0.4529648;-3.283417;3;8;EXTRACT;3;
476.0781;273;-0.4529648;-3.283417;3;7;EXTRACT;3;
478.0781;273;-0.4529648;-3.283417;3;6;EXTRACT;3;
480.0859;273;-0.4529648;-3.283417;3;5;EXTRACT;3;
482.1016;273;-0.4529648;-3.283417;3;4;EXTRACT;3;
484.1016;273;-0.4529648;-3.283417;3;3;EXTRACT;3;
486.1094;273;-0.4529648;-3.283417;3;2;EXTRACT;3;
488.1172;273;-0.4529648;-3.283417;3;1;EXTRACT;3;
490.0859;273;-0.4529648;-3.283417;3;0;EXTRACT;3;
490.0781;273;-0.4529648;-3.283417;3;0;DESTROYED;;
490.0859;275;12.45644;4.261585;3;16;CREATED;;
499.9141;262;-40.13029;-7.163994;3;16;DISCOVER;2;
503.1641;262;-40.13029;-7.163994;3;15;EXTRACT;2;
505.125;262;-40.13029;-7.163994;3;14;EXTRACT;2;
506.8125;258;10.42384;19.02051;3;16;DISCOVER;1;
507.1328;262;-40.13029;-7.163994;3;13;EXTRACT;2;
509.1406;262;-40.13029;-7.163994;3;12;EXTRACT;2;
509.5781;258;10.42384;19.02051;3;15;EXTRACT;1;
511.2031;262;-40.13029;-7.163994;3;11;EXTRACT;2;
511.5625;258;10.42384;19.02051;3;14;EXTRACT;1;
513.1328;262;-40.13029;-7.163994;3;10;EXTRACT;2;
513.6484;258;10.42384;19.02051;3;13;EXTRACT;1;
515.1484;262;-40.13029;-7.163994;3;9;EXTRACT;2;
515.5469;258;10.42384;19.02051;3;12;EXTRACT;1;
517.1953;262;-40.13029;-7.163994;3;8;EXTRACT;2;
517.5703;258;10.42384;19.02051;3;11;EXTRACT;1;
519.1406;262;-40.13029;-7.163994;3;7;EXTRACT;2;
519.5781;258;10.42384;19.02051;3;10;EXTRACT;1;
521.1484;262;-40.13029;-7.163994;3;6;EXTRACT;2;
521.5469;258;10.42384;19.02051;3;9;EXTRACT;1;
523.1484;262;-40.13029;-7.163994;3;5;EXTRACT;2;
523.5547;258;10.42384;19.02051;3;8;EXTRACT;1;
525.1563;262;-40.13029;-7.163994;3;4;EXTRACT;2;
525.5547;258;10.42384;19.02051;3;7;EXTRACT;1;
527.125;262;-40.13029;-7.163994;3;3;EXTRACT;2;
527.5625;258;10.42384;19.02051;3;6;EXTRACT;1;
529.125;262;-40.13029;-7.163994;3;2;EXTRACT;2;
529.5703;258;10.42384;19.02051;3;5;EXTRACT;1;
531.1328;262;-40.13029;-7.163994;3;1;EXTRACT;2;
531.5781;258;10.42384;19.02051;3;4;EXTRACT;1;
533.1406;262;-40.13029;-7.163994;3;0;EXTRACT;2;
533.1172;262;-40.13029;-7.163994;3;0;DESTROYED;;
533.1406;276;41.35095;20.50252;3;16;CREATED;;
533.5469;258;10.42384;19.02051;3;3;EXTRACT;1;
535.5547;258;10.42384;19.02051;3;2;EXTRACT;1;
537.6016;258;10.42384;19.02051;3;1;EXTRACT;1;
539.5625;258;10.42384;19.02051;3;0;EXTRACT;1;
539.5547;258;10.42384;19.02051;3;0;DESTROYED;;
539.5625;277;30.61771;-28.56857;3;16;CREATED;;
584.8516;266;-26.94699;38.05067;3;16;DISCOVER;3;
587.8672;266;-26.94699;38.05067;3;15;EXTRACT;3;
589.8672;266;-26.94699;38.05067;3;14;EXTRACT;3;
591.875;266;-26.94699;38.05067;3;13;EXTRACT;3;
593.8828;266;-26.94699;38.05067;3;12;EXTRACT;3;
595.8906;266;-26.94699;38.05067;3;11;EXTRACT;3;
597.8516;266;-26.94699;38.05067;3;10;EXTRACT;3;
599.8594;266;-26.94699;38.05067;3;9;EXTRACT;3;
601.8594;266;-26.94699;38.05067;3;8;EXTRACT;3;
603.8672;266;-26.94699;38.05067;3;7;EXTRACT;3;
605.875;266;-26.94699;38.05067;3;6;EXTRACT;3;
607.8828;266;-26.94699;38.05067;3;5;EXTRACT;3;
609.8828;266;-26.94699;38.05067;3;4;EXTRACT;3;
611.8906;266;-26.94699;38.05067;3;3;EXTRACT;3;
613.8594;266;-26.94699;38.05067;3;2;EXTRACT;3;
615.8594;266;-26.94699;38.05067;3;1;EXTRACT;3;
617.8672;266;-26.94699;38.05067;3;0;EXTRACT;3;
617.8359;266;-26.94699;38.05067;3;0;DESTROYED;;
617.8672;278;25.44827;-6.069138;3;16;CREATED;;
627.2031;265;-38.06902;42.71126;3;16;DISCOVER;3;
630.2578;265;-38.06902;42.71126;3;15;EXTRACT;3;
632.2656;265;-38.06902;42.71126;3;14;EXTRACT;3;
634.2734;265;-38.06902;42.71126;3;13;EXTRACT;3;
636.2734;265;-38.06902;42.71126;3;12;EXTRACT;3;
638.2813;265;-38.06902;42.71126;3;11;EXTRACT;3;
640.2813;265;-38.06902;42.71126;3;10;EXTRACT;3;
642.2891;265;-38.06902;42.71126;3;9;EXTRACT;3;
644.2891;265;-38.06902;42.71126;3;8;EXTRACT;3;
646.2578;265;-38.06902;42.71126;3;7;EXTRACT;3;
648.2656;265;-38.06902;42.71126;3;6;EXTRACT;3;
650.2734;265;-38.06902;42.71126;3;5;EXTRACT;3;
652.2813;265;-38.06902;42.71126;3;4;EXTRACT;3;
654.2813;265;-38.06902;42.71126;3;3;EXTRACT;3;
656.2891;265;-38.06902;42.71126;3;2;EXTRACT;3;
658.2969;265;-38.06902;42.71126;3;1;EXTRACT;3;
660.2578;272;34.00995;-0.2431526;3;16;DISCOVER;2;
660.2578;265;-38.06902;42.71126;3;0;EXTRACT;3;
660.2344;265;-38.06902;42.71126;3;0;DESTROYED;;
660.2578;279;-5.992973;23.45013;3;16;CREATED;;
664.3125;272;34.00995;-0.2431526;3;15;EXTRACT;2;
666.3125;272;34.00995;-0.2431526;3;14;EXTRACT;2;
668.3203;272;34.00995;-0.2431526;3;13;EXTRACT;2;
670.3281;272;34.00995;-0.2431526;3;12;EXTRACT;2;
672.3281;272;34.00995;-0.2431526;3;11;EXTRACT;2;
674.2969;272;34.00995;-0.2431526;3;10;EXTRACT;2;
675.9453;272;34.00995;-0.2431526;3;10;DISCOVER;1;
676.3047;272;34.00995;-0.2431526;3;9;EXTRACT;2;
678.3125;272;34.00995;-0.2431526;3;8;EXTRACT;2;
678.9531;272;34.00995;-0.2431526;3;7;EXTRACT;1;
680.3203;272;34.00995;-0.2431526;3;6;EXTRACT;2;
680.9609;272;34.00995;-0.2431526;3;5;EXTRACT;1;
682.3203;272;34.00995;-0.2431526;3;4;EXTRACT;2;
682.9609;272;34.00995;-0.2431526;3;3;EXTRACT;1;
684.3281;272;34.00995;-0.2431526;3;2;EXTRACT;2;
684.9688;272;34.00995;-0.2431526;3;1;EXTRACT;1;
686.3359;272;34.00995;-0.2431526;3;0;EXTRACT;2;
686.3203;272;34.00995;-0.2431526;3;0;DESTROYED;;
686.3359;280;11.90744;29.30958;3;16;CREATED;;
692.5156;268;41.53888;0.01398468;3;16;DISCOVER;2;
693.1172;261;33.36168;-11.44558;3;16;DISCOVER;1;
695.6797;268;41.53888;0.01398468;3;15;EXTRACT;2;
696.1172;261;33.36168;-11.44558;3;15;EXTRACT;1;
697.6797;268;41.53888;0.01398468;3;14;EXTRACT;2;
698.125;261;33.36168;-11.44558;3;14;EXTRACT;1;
699.6875;268;41.53888;0.01398468;3;13;EXTRACT;2;
700.0859;261;33.36168;-11.44558;3;13;EXTRACT;1;
701.6953;268;41.53888;0.01398468;3;12;EXTRACT;2;
702.0938;261;33.36168;-11.44558;3;12;EXTRACT;1;
703.2578;280;11.90744;29.30958;3;16;DISCOVER;0;
703.7031;268;41.53888;0.01398468;3;11;EXTRACT;2;
704.1016;261;33.36168;-11.44558;3;11;EXTRACT;1;
705.6641;268;41.53888;0.01398468;3;10;EXTRACT;2;
706.1016;261;33.36168;-11.44558;3;10;EXTRACT;1;
707.5859;280;11.90744;29.30958;3;15;EXTRACT;0;
707.6719;268;41.53888;0.01398468;3;9;EXTRACT;2;
708.1094;261;33.36168;-11.44558;3;9;EXTRACT;1;
709.5938;280;11.90744;29.30958;3;14;EXTRACT;0;
709.6797;268;41.53888;0.01398468;3;8;EXTRACT;2;
710.1172;261;33.36168;-11.44558;3;8;EXTRACT;1;
711.6016;280;11.90744;29.30958;3;13;EXTRACT;0;
711.6797;268;41.53888;0.01398468;3;7;EXTRACT;2;
712.0859;261;33.36168;-11.44558;3;7;EXTRACT;1;
713.6094;280;11.90744;29.30958;3;12;EXTRACT;0;
713.6875;268;41.53888;0.01398468;3;6;EXTRACT;2;
714.0938;261;33.36168;-11.44558;3;6;EXTRACT;1;
715.5703;280;11.90744;29.30958;3;11;EXTRACT;0;
715.6953;268;41.53888;0.01398468;3;5;EXTRACT;2;
715.8906;256;-35.90304;-43.78581;3;16;DISCOVER;3;
716.0938;261;33.36168;-11.44558;3;5;EXTRACT;1;
717.5781;280;11.90744;29.30958;3;10;EXTRACT;0;
717.6953;268;41.53888;0.01398468;3;4;EXTRACT;2;
718.0938;261;33.36168;-11.44558;3;4;EXTRACT;1;
718.6172;256;-35.90304;-43.78581;3;15;EXTRACT;3;
719.5781;280;11.90744;29.30958;3;9;EXTRACT;0;
719.6953;268;41.53888;0.01398468;3;3;EXTRACT;2;
720.1016;261;33.36168;-11.44558;3;3;EXTRACT;1;
