Time;PatchID;PositionX;PositionZ;Radius;CoinAmount;PatchEvent;TriggerPlayer;
0;171;-3.424477;-34.16278;3;16;CREATED;;
0;172;-43.00982;38.00462;3;16;CREATED;;
0;173;-10.23421;-9.877399;3;16;CREATED;;
0;174;-14.19306;-5.169739;3;16;CREATED;;
0;175;3.374706;32.31111;3;16;CREATED;;
0;176;-13.19545;3.917725;3;16;CREATED;;
0;177;-3.924915;26.53574;3;16;CREATED;;
0;178;28.85643;39.65504;3;16;CREATED;;
0;179;36.36787;38.66197;3;16;CREATED;;
0;180;21.25655;15.57071;3;16;CREATED;;
0;181;-37.17467;17.89629;3;16;CREATED;;
0;182;11.2254;-2.579025;3;16;CREATED;;
0;183;-2.088329;-13.28365;3;16;CREATED;;
0;184;-14.54064;21.47916;3;16;CREATED;;
0;185;-5.769211;39.51922;3;16;CREATED;;
2.765625;184;-14.54064;21.47916;3;16;DISCOVER;0;
6.210938;184;-14.54064;21.47916;3;15;EXTRACT;0;
8.21875;184;-14.54064;21.47916;3;14;EXTRACT;0;
10.22656;184;-14.54064;21.47916;3;13;EXTRACT;0;
12.22656;184;-14.54064;21.47916;3;12;EXTRACT;0;
14.23438;184;-14.54064;21.47916;3;11;EXTRACT;0;
14.46875;177;-3.924915;26.53574;3;16;DISCOVER;2;
16.23438;184;-14.54064;21.47916;3;10;EXTRACT;0;
18.20313;177;-3.924915;26.53574;3;15;EXTRACT;2;
18.24219;184;-14.54064;21.47916;3;9;EXTRACT;0;
20.20313;177;-3.924915;26.53574;3;14;EXTRACT;2;
20.25;184;-14.54064;21.47916;3;8;EXTRACT;0;
22.21094;177;-3.924915;26.53574;3;13;EXTRACT;2;
22.25;184;-14.54064;21.47916;3;7;EXTRACT;0;
24.21875;177;-3.924915;26.53574;3;12;EXTRACT;2;
24.21875;184;-14.54064;21.47916;3;6;EXTRACT;0;
26.21875;177;-3.924915;26.53574;3;11;EXTRACT;2;
26.21875;184;-14.54064;21.47916;3;5;EXTRACT;0;
28.17969;177;-3.924915;26.53574;3;10;EXTRACT;2;
28.22656;184;-14.54064;21.47916;3;4;EXTRACT;0;
30.1875;177;-3.924915;26.53574;3;9;EXTRACT;2;
30.26563;184;-14.54064;21.47916;3;3;EXTRACT;0;
32.19531;177;-3.924915;26.53574;3;8;EXTRACT;2;
32.23438;184;-14.54064;21.47916;3;2;EXTRACT;0;
34.20313;177;-3.924915;26.53574;3;7;EXTRACT;2;
34.24219;184;-14.54064;21.47916;3;1;EXTRACT;0;
36.20313;177;-3.924915;26.53574;3;6;EXTRACT;2;
36.24219;184;-14.54064;21.47916;3;0;EXTRACT;0;
36.24219;184;-14.54064;21.47916;3;0;DESTROYED;;
36.24219;186;-21.43616;-11.49575;3;16;CREATED;;
38.20313;177;-3.924915;26.53574;3;5;EXTRACT;2;
40.21094;177;-3.924915;26.53574;3;4;EXTRACT;2;
42.21094;177;-3.924915;26.53574;3;3;EXTRACT;2;
44.21875;177;-3.924915;26.53574;3;2;EXTRACT;2;
46.22656;177;-3.924915;26.53574;3;1;EXTRACT;2;
48.1875;177;-3.924915;26.53574;3;0;EXTRACT;2;
48.15625;177;-3.924915;26.53574;3;0;DESTROYED;;
48.1875;187;13.29902;21.45425;3;16;CREATED;;
63.50781;187;13.29902;21.45425;3;16;DISCOVER;2;
64.55469;180;21.25655;15.57071;3;16;DISCOVER;0;
66.4375;187;13.29902;21.45425;3;15;EXTRACT;2;
67.03906;180;21.25655;15.57071;3;15;EXTRACT;0;
68.44531;187;13.29902;21.45425;3;14;EXTRACT;2;
69.04688;180;21.25655;15.57071;3;14;EXTRACT;0;
70.44531;187;13.29902;21.45425;3;13;EXTRACT;2;
71.04688;180;21.25655;15.57071;3;13;EXTRACT;0;
72.45313;187;13.29902;21.45425;3;12;EXTRACT;2;
73.05469;180;21.25655;15.57071;3;12;EXTRACT;0;
73.41406;187;13.29902;21.45425;3;12;DISCOVER;1;
74.46094;187;13.29902;21.45425;3;11;EXTRACT;2;
75.0625;180;21.25655;15.57071;3;11;EXTRACT;0;
76.46094;187;13.29902;21.45425;3;10;EXTRACT;2;
76.74219;187;13.29902;21.45425;3;9;EXTRACT;1;
77.0625;180;21.25655;15.57071;3;10;EXTRACT;0;
78.46875;187;13.29902;21.45425;3;8;EXTRACT;2;
78.70313;187;13.29902;21.45425;3;7;EXTRACT;1;
79.07031;180;21.25655;15.57071;3;9;EXTRACT;0;
80.46875;187;13.29902;21.45425;3;6;EXTRACT;2;
80.71094;187;13.29902;21.45425;3;5;EXTRACT;1;
81.07031;180;21.25655;15.57071;3;8;EXTRACT;0;
82.4375;187;13.29902;21.45425;3;4;EXTRACT;2;
82.71875;187;13.29902;21.45425;3;3;EXTRACT;1;
83.03906;180;21.25655;15.57071;3;7;EXTRACT;0;
84.4375;187;13.29902;21.45425;3;2;EXTRACT;2;
84.71875;187;13.29902;21.45425;3;1;EXTRACT;1;
85.03906;180;21.25655;15.57071;3;6;EXTRACT;0;
86.44531;187;13.29902;21.45425;3;0;EXTRACT;2;
86.4375;187;13.29902;21.45425;3;0;DESTROYED;;
86.44531;188;-41.43833;-1.707809;3;16;CREATED;;
87.04688;180;21.25655;15.57071;3;5;EXTRACT;0;
89.05469;180;21.25655;15.57071;3;4;EXTRACT;0;
91.05469;180;21.25655;15.57071;3;3;EXTRACT;0;
92.10156;180;21.25655;15.57071;3;3;DISCOVER;1;
93.07031;180;21.25655;15.57071;3;2;EXTRACT;0;
94.99219;180;21.25655;15.57071;3;1;EXTRACT;1;
95.07813;180;21.25655;15.57071;3;0;EXTRACT;0;
95.03906;180;21.25655;15.57071;3;0;DESTROYED;;
95.07813;189;27.99728;6.059406;3;16;CREATED;;
103.6953;189;27.99728;6.059406;3;16;DISCOVER;1;
105.5;189;27.99728;6.059406;3;16;DISCOVER;2;
106.4219;189;27.99728;6.059406;3;15;EXTRACT;1;
108.4297;189;27.99728;6.059406;3;14;EXTRACT;1;
108.4688;189;27.99728;6.059406;3;13;EXTRACT;2;
110.3906;189;27.99728;6.059406;3;12;EXTRACT;1;
110.4688;189;27.99728;6.059406;3;11;EXTRACT;2;
112.3984;189;27.99728;6.059406;3;10;EXTRACT;1;
112.4375;189;27.99728;6.059406;3;9;EXTRACT;2;
114.3984;189;27.99728;6.059406;3;8;EXTRACT;1;
114.4453;189;27.99728;6.059406;3;7;EXTRACT;2;
116.4063;189;27.99728;6.059406;3;6;EXTRACT;1;
116.4453;189;27.99728;6.059406;3;5;EXTRACT;2;
118.4141;189;27.99728;6.059406;3;4;EXTRACT;1;
118.4531;189;27.99728;6.059406;3;3;EXTRACT;2;
120.4141;189;27.99728;6.059406;3;2;EXTRACT;1;
120.4531;189;27.99728;6.059406;3;1;EXTRACT;2;
120.5781;178;28.85643;39.65504;3;16;DISCOVER;0;
122.4219;189;27.99728;6.059406;3;0;EXTRACT;1;
122.3984;189;27.99728;6.059406;3;0;DESTROYED;;
122.4219;190;-25.18027;-44.84309;3;16;CREATED;;
123.3438;178;28.85643;39.65504;3;15;EXTRACT;0;
125.3047;178;28.85643;39.65504;3;14;EXTRACT;0;
127.3125;178;28.85643;39.65504;3;13;EXTRACT;0;
129.3125;178;28.85643;39.65504;3;12;EXTRACT;0;
131.3203;178;28.85643;39.65504;3;11;EXTRACT;0;
133.3281;178;28.85643;39.65504;3;10;EXTRACT;0;
135.3281;178;28.85643;39.65504;3;9;EXTRACT;0;
137.3359;178;28.85643;39.65504;3;8;EXTRACT;0;
139.3359;178;28.85643;39.65504;3;7;EXTRACT;0;
141.3438;178;28.85643;39.65504;3;6;EXTRACT;0;
141.5391;178;28.85643;39.65504;3;6;DISCOVER;3;
143.3047;178;28.85643;39.65504;3;5;EXTRACT;0;
144.8281;178;28.85643;39.65504;3;4;EXTRACT;3;
145.3125;178;28.85643;39.65504;3;3;EXTRACT;0;
146.8281;178;28.85643;39.65504;3;2;EXTRACT;3;
147.3125;178;28.85643;39.65504;3;1;EXTRACT;0;
147.7578;178;28.85643;39.65504;3;1;DISCOVER;1;
148.8359;178;28.85643;39.65504;3;0;EXTRACT;3;
148.7969;178;28.85643;39.65504;3;0;DESTROYED;;
148.8359;191;15.76941;3.221081;3;16;CREATED;;
153.4063;179;36.36787;38.66197;3;16;DISCOVER;0;
156.4609;179;36.36787;38.66197;3;15;EXTRACT;0;
158.4219;179;36.36787;38.66197;3;14;EXTRACT;0;
160.4297;179;36.36787;38.66197;3;13;EXTRACT;0;
162.4297;179;36.36787;38.66197;3;12;EXTRACT;0;
164.4375;179;36.36787;38.66197;3;11;EXTRACT;0;
166.4453;179;36.36787;38.66197;3;10;EXTRACT;0;
168.4063;185;-5.769211;39.51922;3;16;DISCOVER;1;
168.4531;179;36.36787;38.66197;3;9;EXTRACT;0;
170.4531;179;36.36787;38.66197;3;8;EXTRACT;0;
170.4922;185;-5.769211;39.51922;3;16;DISCOVER;3;
171.1719;185;-5.769211;39.51922;3;15;EXTRACT;1;
172.4609;179;36.36787;38.66197;3;7;EXTRACT;0;
173.1797;185;-5.769211;39.51922;3;14;EXTRACT;1;
173.7031;185;-5.769211;39.51922;3;13;EXTRACT;3;
174.4609;179;36.36787;38.66197;3;6;EXTRACT;0;
175.1875;185;-5.769211;39.51922;3;12;EXTRACT;1;
175.6641;185;-5.769211;39.51922;3;11;EXTRACT;3;
176.4297;179;36.36787;38.66197;3;5;EXTRACT;0;
177.1875;185;-5.769211;39.51922;3;10;EXTRACT;1;
177.6719;185;-5.769211;39.51922;3;9;EXTRACT;3;
178.4297;179;36.36787;38.66197;3;4;EXTRACT;0;
178.875;171;-3.424477;-34.16278;3;16;DISCOVER;2;
179.1953;185;-5.769211;39.51922;3;8;EXTRACT;1;
179.6797;185;-5.769211;39.51922;3;7;EXTRACT;3;
180.4375;179;36.36787;38.66197;3;3;EXTRACT;0;
181.1641;185;-5.769211;39.51922;3;6;EXTRACT;1;
181.6797;185;-5.769211;39.51922;3;5;EXTRACT;3;
182.0469;171;-3.424477;-34.16278;3;15;EXTRACT;2;
182.4453;179;36.36787;38.66197;3;2;EXTRACT;0;
183.1641;185;-5.769211;39.51922;3;4;EXTRACT;1;
183.6875;185;-5.769211;39.51922;3;3;EXTRACT;3;
184.0078;171;-3.424477;-34.16278;3;14;EXTRACT;2;
184.4453;179;36.36787;38.66197;3;1;EXTRACT;0;
185.1719;185;-5.769211;39.51922;3;2;EXTRACT;1;
185.6875;185;-5.769211;39.51922;3;1;EXTRACT;3;
186.0078;171;-3.424477;-34.16278;3;13;EXTRACT;2;
186.4531;179;36.36787;38.66197;3;0;EXTRACT;0;
186.4375;179;36.36787;38.66197;3;0;DESTROYED;;
186.4531;192;42.26257;-19.76409;3;16;CREATED;;
187.1719;185;-5.769211;39.51922;3;0;EXTRACT;1;
187.1563;185;-5.769211;39.51922;3;0;DESTROYED;;
187.1719;193;-7.541798;31.89452;3;16;CREATED;;
188.0156;171;-3.424477;-34.16278;3;12;EXTRACT;2;
190.0234;171;-3.424477;-34.16278;3;11;EXTRACT;2;
192.0234;171;-3.424477;-34.16278;3;10;EXTRACT;2;
194.0313;171;-3.424477;-34.16278;3;9;EXTRACT;2;
196.0313;171;-3.424477;-34.16278;3;8;EXTRACT;2;
198.0391;171;-3.424477;-34.16278;3;7;EXTRACT;2;
200.0078;171;-3.424477;-34.16278;3;6;EXTRACT;2;
202.0078;171;-3.424477;-34.16278;3;5;EXTRACT;2;
204.0156;171;-3.424477;-34.16278;3;4;EXTRACT;2;
206.0156;171;-3.424477;-34.16278;3;3;EXTRACT;2;
208.0234;171;-3.424477;-34.16278;3;2;EXTRACT;2;
210.0313;171;-3.424477;-34.16278;3;1;EXTRACT;2;
212.0313;171;-3.424477;-34.16278;3;0;EXTRACT;2;
212;171;-3.424477;-34.16278;3;0;DESTROYED;;
212.0313;194;24.82616;-37.76138;3;16;CREATED;;
217.8047;181;-37.17467;17.89629;3;16;DISCOVER;3;
221.0234;181;-37.17467;17.89629;3;15;EXTRACT;3;
223.0234;181;-37.17467;17.89629;3;14;EXTRACT;3;
225.0313;181;-37.17467;17.89629;3;13;EXTRACT;3;
225.6328;188;-41.43833;-1.707809;3;16;DISCOVER;1;
227;181;-37.17467;17.89629;3;12;EXTRACT;3;
228.6797;188;-41.43833;-1.707809;3;15;EXTRACT;1;
229;181;-37.17467;17.89629;3;11;EXTRACT;3;
230.6406;188;-41.43833;-1.707809;3;14;EXTRACT;1;
231.0078;181;-37.17467;17.89629;3;10;EXTRACT;3;
232.6484;188;-41.43833;-1.707809;3;13;EXTRACT;1;
233.0078;181;-37.17467;17.89629;3;9;EXTRACT;3;
234.6563;188;-41.43833;-1.707809;3;12;EXTRACT;1;
235.0156;181;-37.17467;17.89629;3;8;EXTRACT;3;
236.6953;188;-41.43833;-1.707809;3;11;EXTRACT;1;
237.0234;181;-37.17467;17.89629;3;7;EXTRACT;3;
238.6641;188;-41.43833;-1.707809;3;10;EXTRACT;1;
239.0313;181;-37.17467;17.89629;3;6;EXTRACT;3;
240.6797;188;-41.43833;-1.707809;3;9;EXTRACT;1;
241;181;-37.17467;17.89629;3;5;EXTRACT;3;
242.6797;188;-41.43833;-1.707809;3;8;EXTRACT;1;
243;181;-37.17467;17.89629;3;4;EXTRACT;3;
244.6875;188;-41.43833;-1.707809;3;7;EXTRACT;1;
245.0078;181;-37.17467;17.89629;3;3;EXTRACT;3;
246.6875;188;-41.43833;-1.707809;3;6;EXTRACT;1;
247.0078;181;-37.17467;17.89629;3;2;EXTRACT;3;
248.6875;188;-41.43833;-1.707809;3;5;EXTRACT;1;
249.0156;181;-37.17467;17.89629;3;1;EXTRACT;3;
250.6953;188;-41.43833;-1.707809;3;4;EXTRACT;1;
251.0156;181;-37.17467;17.89629;3;0;EXTRACT;3;
251;181;-37.17467;17.89629;3;0;DESTROYED;;
251.0156;195;-33.42296;-33.89957;3;16;CREATED;;
252.7031;188;-41.43833;-1.707809;3;3;EXTRACT;1;
254.7031;188;-41.43833;-1.707809;3;2;EXTRACT;1;
256.7109;188;-41.43833;-1.707809;3;1;EXTRACT;1;
257.3125;188;-41.43833;-1.707809;3;1;DISCOVER;2;
258.7109;188;-41.43833;-1.707809;3;0;EXTRACT;1;
258.6797;188;-41.43833;-1.707809;3;0;DESTROYED;;
258.7109;196;12.95736;33.35365;3;16;CREATED;;
287.7813;174;-14.19306;-5.169739;3;16;DISCOVER;2;
289.1094;190;-25.18027;-44.84309;3;16;DISCOVER;1;
290.9922;174;-14.19306;-5.169739;3;15;EXTRACT;2;
292.1563;190;-25.18027;-44.84309;3;15;EXTRACT;1;
292.9922;174;-14.19306;-5.169739;3;14;EXTRACT;2;
294.1563;190;-25.18027;-44.84309;3;14;EXTRACT;1;
295;174;-14.19306;-5.169739;3;13;EXTRACT;2;
296.1563;190;-25.18027;-44.84309;3;13;EXTRACT;1;
297;174;-14.19306;-5.169739;3;12;EXTRACT;2;
298.1641;190;-25.18027;-44.84309;3;12;EXTRACT;1;
299;174;-14.19306;-5.169739;3;11;EXTRACT;2;
300.1641;190;-25.18027;-44.84309;3;11;EXTRACT;1;
301.0078;174;-14.19306;-5.169739;3;10;EXTRACT;2;
302.1719;190;-25.18027;-44.84309;3;10;EXTRACT;1;
303.0156;174;-14.19306;-5.169739;3;9;EXTRACT;2;
304.1328;190;-25.18027;-44.84309;3;9;EXTRACT;1;
305.0156;174;-14.19306;-5.169739;3;8;EXTRACT;2;
305.7734;183;-2.088329;-13.28365;3;16;DISCOVER;0;
306.1406;190;-25.18027;-44.84309;3;8;EXTRACT;1;
306.9766;174;-14.19306;-5.169739;3;7;EXTRACT;2;
308.1797;190;-25.18027;-44.84309;3;7;EXTRACT;1;
308.8203;183;-2.088329;-13.28365;3;15;EXTRACT;0;
308.9844;174;-14.19306;-5.169739;3;6;EXTRACT;2;
310.1484;190;-25.18027;-44.84309;3;6;EXTRACT;1;
310.8281;183;-2.088329;-13.28365;3;14;EXTRACT;0;
310.9844;174;-14.19306;-5.169739;3;5;EXTRACT;2;
311.625;183;-2.088329;-13.28365;3;14;DISCOVER;3;
312.1484;190;-25.18027;-44.84309;3;5;EXTRACT;1;
312.8281;183;-2.088329;-13.28365;3;13;EXTRACT;0;
312.9922;174;-14.19306;-5.169739;3;4;EXTRACT;2;
314.1563;190;-25.18027;-44.84309;3;4;EXTRACT;1;
314.6719;183;-2.088329;-13.28365;3;12;EXTRACT;3;
314.8359;183;-2.088329;-13.28365;3;11;EXTRACT;0;
314.9922;174;-14.19306;-5.169739;3;3;EXTRACT;2;
316.1563;190;-25.18027;-44.84309;3;3;EXTRACT;1;
316.6797;183;-2.088329;-13.28365;3;10;EXTRACT;3;
316.8359;183;-2.088329;-13.28365;3;9;EXTRACT;0;
317;174;-14.19306;-5.169739;3;2;EXTRACT;2;
318.1563;190;-25.18027;-44.84309;3;2;EXTRACT;1;
318.6797;183;-2.088329;-13.28365;3;8;EXTRACT;3;
318.8359;183;-2.088329;-13.28365;3;7;EXTRACT;0;
319;174;-14.19306;-5.169739;3;1;EXTRACT;2;
320.1641;190;-25.18027;-44.84309;3;1;EXTRACT;1;
320.6797;183;-2.088329;-13.28365;3;6;EXTRACT;3;
320.8438;183;-2.088329;-13.28365;3;5;EXTRACT;0;
321;174;-14.19306;-5.169739;3;0;EXTRACT;2;
321;174;-14.19306;-5.169739;3;0;DESTROYED;;
321;197;24.3537;28.45184;3;16;CREATED;;
322.1641;190;-25.18027;-44.84309;3;0;EXTRACT;1;
322.1563;190;-25.18027;-44.84309;3;0;DESTROYED;;
322.1641;198;-3.727032;4.473835;3;16;CREATED;;
322.6875;183;-2.088329;-13.28365;3;4;EXTRACT;3;
322.8516;183;-2.088329;-13.28365;3;3;EXTRACT;0;
324.6563;183;-2.088329;-13.28365;3;2;EXTRACT;3;
324.8125;183;-2.088329;-13.28365;3;1;EXTRACT;0;
326.6563;183;-2.088329;-13.28365;3;0;EXTRACT;3;
326.6406;183;-2.088329;-13.28365;3;0;DESTROYED;;
326.6563;199;-28.94729;35.91988;3;16;CREATED;;
339.6563;182;11.2254;-2.579025;3;16;DISCOVER;0;
342.5;182;11.2254;-2.579025;3;15;EXTRACT;0;
344.5078;182;11.2254;-2.579025;3;14;EXTRACT;0;
346.5078;182;11.2254;-2.579025;3;13;EXTRACT;0;
348.5156;182;11.2254;-2.579025;3;12;EXTRACT;0;
350.5234;182;11.2254;-2.579025;3;11;EXTRACT;0;
352.5234;182;11.2254;-2.579025;3;10;EXTRACT;0;
354.5234;182;11.2254;-2.579025;3;9;EXTRACT;0;
356.5313;182;11.2254;-2.579025;3;8;EXTRACT;0;
358.5313;182;11.2254;-2.579025;3;7;EXTRACT;0;
360.5078;182;11.2254;-2.579025;3;6;EXTRACT;0;
362.5547;182;11.2254;-2.579025;3;5;EXTRACT;0;
364.0781;182;11.2254;-2.579025;3;5;DISCOVER;2;
364.5234;182;11.2254;-2.579025;3;4;EXTRACT;0;
366.4453;192;42.26257;-19.76409;3;16;DISCOVER;1;
366.5234;182;11.2254;-2.579025;3;3;EXTRACT;0;
366.9688;182;11.2254;-2.579025;3;2;EXTRACT;2;
368.5313;182;11.2254;-2.579025;3;1;EXTRACT;0;
368.9766;182;11.2254;-2.579025;3;0;EXTRACT;2;
368.9609;182;11.2254;-2.579025;3;0;DESTROYED;;
368.9766;200;-19.94874;-24.00101;3;16;CREATED;;
369.4141;192;42.26257;-19.76409;3;15;EXTRACT;1;
371.4219;192;42.26257;-19.76409;3;14;EXTRACT;1;
373.4297;192;42.26257;-19.76409;3;13;EXTRACT;1;
375.4375;192;42.26257;-19.76409;3;12;EXTRACT;1;
377.4375;192;42.26257;-19.76409;3;11;EXTRACT;1;
379.4453;192;42.26257;-19.76409;3;10;EXTRACT;1;
381.4453;192;42.26257;-19.76409;3;9;EXTRACT;1;
383.4531;192;42.26257;-19.76409;3;8;EXTRACT;1;
385.4219;192;42.26257;-19.76409;3;7;EXTRACT;1;
387.4219;192;42.26257;-19.76409;3;6;EXTRACT;1;
389.1875;192;42.26257;-19.76409;3;6;DISCOVER;3;
389.4297;192;42.26257;-19.76409;3;5;EXTRACT;1;
391.4375;192;42.26257;-19.76409;3;4;EXTRACT;1;
392.4766;192;42.26257;-19.76409;3;3;EXTRACT;3;
393.4453;192;42.26257;-19.76409;3;2;EXTRACT;1;
394.4844;192;42.26257;-19.76409;3;1;EXTRACT;3;
395.4531;192;42.26257;-19.76409;3;0;EXTRACT;1;
395.4375;192;42.26257;-19.76409;3;0;DESTROYED;;
395.4531;201;-10.01727;41.08591;3;16;CREATED;;
398.9375;197;24.3537;28.45184;3;16;DISCOVER;2;
401.9453;197;24.3537;28.45184;3;15;EXTRACT;2;
403.9141;197;24.3537;28.45184;3;14;EXTRACT;2;
405.9219;197;24.3537;28.45184;3;13;EXTRACT;2;
407.7656;198;-3.727032;4.473835;3;16;DISCOVER;0;
407.9297;197;24.3537;28.45184;3;12;EXTRACT;2;
409.9375;197;24.3537;28.45184;3;11;EXTRACT;2;
411.3359;198;-3.727032;4.473835;3;15;EXTRACT;0;
411.9375;197;24.3537;28.45184;3;10;EXTRACT;2;
413.2969;198;-3.727032;4.473835;3;14;EXTRACT;0;
413.9453;197;24.3537;28.45184;3;9;EXTRACT;2;
415.3047;198;-3.727032;4.473835;3;13;EXTRACT;0;
415.9531;197;24.3537;28.45184;3;8;EXTRACT;2;
417.3125;198;-3.727032;4.473835;3;12;EXTRACT;0;
417.9141;197;24.3537;28.45184;3;7;EXTRACT;2;
419.3203;198;-3.727032;4.473835;3;11;EXTRACT;0;
419.9219;197;24.3537;28.45184;3;6;EXTRACT;2;
421.3203;198;-3.727032;4.473835;3;10;EXTRACT;0;
421.9219;197;24.3537;28.45184;3;5;EXTRACT;2;
423.3281;198;-3.727032;4.473835;3;9;EXTRACT;0;
423.9297;197;24.3537;28.45184;3;4;EXTRACT;2;
425.3359;198;-3.727032;4.473835;3;8;EXTRACT;0;
425.9375;197;24.3537;28.45184;3;3;EXTRACT;2;
427.3047;198;-3.727032;4.473835;3;7;EXTRACT;0;
427.9453;197;24.3537;28.45184;3;2;EXTRACT;2;
428.625;197;24.3537;28.45184;3;2;DISCOVER;3;
429.3047;198;-3.727032;4.473835;3;6;EXTRACT;0;
429.9453;197;24.3537;28.45184;3;1;EXTRACT;2;
429.9844;197;24.3537;28.45184;3;1;DISCOVER;1;
431.3125;198;-3.727032;4.473835;3;5;EXTRACT;0;
431.7891;197;24.3537;28.45184;3;0;EXTRACT;3;
431.7578;197;24.3537;28.45184;3;0;DESTROYED;;
431.7891;202;4.495193;-17.76794;3;16;CREATED;;
433.3125;198;-3.727032;4.473835;3;4;EXTRACT;0;
435.3203;198;-3.727032;4.473835;3;3;EXTRACT;0;
437.3203;198;-3.727032;4.473835;3;2;EXTRACT;0;
439.3281;198;-3.727032;4.473835;3;1;EXTRACT;0;
439.6016;196;12.95736;33.35365;3;16;DISCOVER;1;
441.3359;198;-3.727032;4.473835;3;0;EXTRACT;0;
441.3203;198;-3.727032;4.473835;3;0;DESTROYED;;
441.3359;203;-43.07463;26.34422;3;16;CREATED;;
442.6953;196;12.95736;33.35365;3;15;EXTRACT;1;
444.6953;196;12.95736;33.35365;3;14;EXTRACT;1;
446.7031;196;12.95736;33.35365;3;13;EXTRACT;1;
447.9063;196;12.95736;33.35365;3;13;DISCOVER;2;
448.7031;196;12.95736;33.35365;3;12;EXTRACT;1;
450.5547;196;12.95736;33.35365;3;12;DISCOVER;3;
450.7109;196;12.95736;33.35365;3;11;EXTRACT;1;
450.9141;196;12.95736;33.35365;3;10;EXTRACT;2;
452.7188;196;12.95736;33.35365;3;9;EXTRACT;1;
452.9219;196;12.95736;33.35365;3;8;EXTRACT;2;
453.6016;196;12.95736;33.35365;3;7;EXTRACT;3;
454.6875;196;12.95736;33.35365;3;6;EXTRACT;1;
454.8906;196;12.95736;33.35365;3;5;EXTRACT;2;
455.6094;196;12.95736;33.35365;3;4;EXTRACT;3;
456.6953;196;12.95736;33.35365;3;3;EXTRACT;1;
456.8984;196;12.95736;33.35365;3;2;EXTRACT;2;
457.5781;196;12.95736;33.35365;3;1;EXTRACT;3;
458.7031;196;12.95736;33.35365;3;0;EXTRACT;1;
458.6797;196;12.95736;33.35365;3;0;DESTROYED;;
458.7031;204;-29.90517;9.571255;3;16;CREATED;;
467.5625;175;3.374706;32.31111;3;16;DISCOVER;1;
470.4922;175;3.374706;32.31111;3;15;EXTRACT;1;
472.5;175;3.374706;32.31111;3;14;EXTRACT;1;
472.5781;175;3.374706;32.31111;3;14;DISCOVER;3;
473.2969;175;3.374706;32.31111;3;14;DISCOVER;2;
474.5;175;3.374706;32.31111;3;13;EXTRACT;1;
475.6641;175;3.374706;32.31111;3;12;EXTRACT;3;
476.1484;175;3.374706;32.31111;3;11;EXTRACT;2;
476.4688;175;3.374706;32.31111;3;10;EXTRACT;1;
477.6719;175;3.374706;32.31111;3;9;EXTRACT;3;
478.1563;175;3.374706;32.31111;3;8;EXTRACT;2;
478.4766;175;3.374706;32.31111;3;7;EXTRACT;1;
479.6719;175;3.374706;32.31111;3;6;EXTRACT;3;
480.1563;175;3.374706;32.31111;3;5;EXTRACT;2;
480.4766;175;3.374706;32.31111;3;4;EXTRACT;1;
481.6406;175;3.374706;32.31111;3;3;EXTRACT;3;
482.1641;175;3.374706;32.31111;3;2;EXTRACT;2;
482.4844;175;3.374706;32.31111;3;1;EXTRACT;1;
483.6484;175;3.374706;32.31111;3;0;EXTRACT;3;
483.6406;175;3.374706;32.31111;3;0;DESTROYED;;
483.6484;205;-28.27361;-13.41788;3;16;CREATED;;
492.8438;193;-7.541798;31.89452;3;16;DISCOVER;2;
494.4141;193;-7.541798;31.89452;3;16;DISCOVER;3;
496.6172;193;-7.541798;31.89452;3;15;EXTRACT;2;
497.3359;193;-7.541798;31.89452;3;14;EXTRACT;3;
498.625;193;-7.541798;31.89452;3;13;EXTRACT;2;
499.3438;193;-7.541798;31.89452;3;12;EXTRACT;3;
500.625;193;-7.541798;31.89452;3;11;EXTRACT;2;
501.1094;199;-28.94729;35.91988;3;16;DISCOVER;1;
501.3438;193;-7.541798;31.89452;3;10;EXTRACT;3;
502.6328;193;-7.541798;31.89452;3;9;EXTRACT;2;
503.3516;193;-7.541798;31.89452;3;8;EXTRACT;3;
503.7969;199;-28.94729;35.91988;3;15;EXTRACT;1;
504.6328;193;-7.541798;31.89452;3;7;EXTRACT;2;
505.3594;193;-7.541798;31.89452;3;6;EXTRACT;3;
505.7969;199;-28.94729;35.91988;3;14;EXTRACT;1;
506.6016;193;-7.541798;31.89452;3;5;EXTRACT;2;
507.3594;193;-7.541798;31.89452;3;4;EXTRACT;3;
507.8047;199;-28.94729;35.91988;3;13;EXTRACT;1;
508.6016;193;-7.541798;31.89452;3;3;EXTRACT;2;
509.3281;193;-7.541798;31.89452;3;2;EXTRACT;3;
509.8047;199;-28.94729;35.91988;3;12;EXTRACT;1;
510.6094;193;-7.541798;31.89452;3;1;EXTRACT;2;
511.3281;193;-7.541798;31.89452;3;0;EXTRACT;3;
511.3203;193;-7.541798;31.89452;3;0;DESTROYED;;
511.3281;206;-28.28416;-42.02303;3;16;CREATED;;
511.8125;199;-28.94729;35.91988;3;11;EXTRACT;1;
513.8125;199;-28.94729;35.91988;3;10;EXTRACT;1;
515.8203;199;-28.94729;35.91988;3;9;EXTRACT;1;
517.7891;199;-28.94729;35.91988;3;8;EXTRACT;1;
519.8047;199;-28.94729;35.91988;3;7;EXTRACT;1;
521.8047;199;-28.94729;35.91988;3;6;EXTRACT;1;
523.2109;205;-28.27361;-13.41788;3;16;DISCOVER;0;
523.8203;199;-28.94729;35.91988;3;5;EXTRACT;1;
525.1406;199;-28.94729;35.91988;3;5;DISCOVER;2;
525.8203;199;-28.94729;35.91988;3;4;EXTRACT;1;
526.5078;205;-28.27361;-13.41788;3;15;EXTRACT;0;
527.7891;199;-28.94729;35.91988;3;3;EXTRACT;1;
528.0313;199;-28.94729;35.91988;3;2;EXTRACT;2;
528.5078;205;-28.27361;-13.41788;3;14;EXTRACT;0;
529.7969;199;-28.94729;35.91988;3;1;EXTRACT;1;
530.0391;199;-28.94729;35.91988;3;0;EXTRACT;2;
530;199;-28.94729;35.91988;3;0;DESTROYED;;
530.0391;207;-40.73972;-22.82274;3;16;CREATED;;
530.5156;205;-28.27361;-13.41788;3;13;EXTRACT;0;
532.5234;205;-28.27361;-13.41788;3;12;EXTRACT;0;
534.5234;205;-28.27361;-13.41788;3;11;EXTRACT;0;
536.5313;205;-28.27361;-13.41788;3;10;EXTRACT;0;
538.5391;205;-28.27361;-13.41788;3;9;EXTRACT;0;
540.5391;205;-28.27361;-13.41788;3;8;EXTRACT;0;
542.5469;205;-28.27361;-13.41788;3;7;EXTRACT;0;
544.5078;205;-28.27361;-13.41788;3;6;EXTRACT;0;
546.5078;205;-28.27361;-13.41788;3;5;EXTRACT;0;
546.6328;204;-29.90517;9.571255;3;16;DISCOVER;2;
547.3906;204;-29.90517;9.571255;3;16;DISCOVER;3;
548.5156;205;-28.27361;-13.41788;3;4;EXTRACT;0;
549.5234;204;-29.90517;9.571255;3;15;EXTRACT;2;
550.5234;205;-28.27361;-13.41788;3;3;EXTRACT;0;
550.6016;204;-29.90517;9.571255;3;14;EXTRACT;3;
551.4844;204;-29.90517;9.571255;3;13;EXTRACT;2;
552.5234;205;-28.27361;-13.41788;3;2;EXTRACT;0;
552.6094;204;-29.90517;9.571255;3;12;EXTRACT;3;
553.4922;204;-29.90517;9.571255;3;11;EXTRACT;2;
554.5313;205;-28.27361;-13.41788;3;1;EXTRACT;0;
554.6094;204;-29.90517;9.571255;3;10;EXTRACT;3;
555.4922;204;-29.90517;9.571255;3;9;EXTRACT;2;
556.5313;205;-28.27361;-13.41788;3;0;EXTRACT;0;
556.5156;205;-28.27361;-13.41788;3;0;DESTROYED;;
556.5313;208;-32.64727;3.444786;3;16;CREATED;;
556.6172;204;-29.90517;9.571255;3;8;EXTRACT;3;
557.4922;204;-29.90517;9.571255;3;7;EXTRACT;2;
558.5781;204;-29.90517;9.571255;3;6;EXTRACT;3;
559.5;204;-29.90517;9.571255;3;5;EXTRACT;2;
560.5781;204;-29.90517;9.571255;3;4;EXTRACT;3;
561.5;204;-29.90517;9.571255;3;3;EXTRACT;2;
562.5859;204;-29.90517;9.571255;3;2;EXTRACT;3;
563.5078;204;-29.90517;9.571255;3;1;EXTRACT;2;
564.5938;204;-29.90517;9.571255;3;0;EXTRACT;3;
564.5625;204;-29.90517;9.571255;3;0;DESTROYED;;
564.5938;209;44.58688;18.50508;3;16;CREATED;;
583.0859;186;-21.43616;-11.49575;3;16;DISCOVER;2;
586.1719;186;-21.43616;-11.49575;3;15;EXTRACT;2;
588.1797;186;-21.43616;-11.49575;3;14;EXTRACT;2;
590.1797;186;-21.43616;-11.49575;3;13;EXTRACT;2;
592.1875;186;-21.43616;-11.49575;3;12;EXTRACT;2;
594.1875;186;-21.43616;-11.49575;3;11;EXTRACT;2;
596.1953;186;-21.43616;-11.49575;3;10;EXTRACT;2;
597.9609;191;15.76941;3.221081;3;16;DISCOVER;3;
598.2031;186;-21.43616;-11.49575;3;9;EXTRACT;2;
600.2031;186;-21.43616;-11.49575;3;8;EXTRACT;2;
600.9688;191;15.76941;3.221081;3;15;EXTRACT;3;
602.1719;186;-21.43616;-11.49575;3;7;EXTRACT;2;
602.9766;191;15.76941;3.221081;3;14;EXTRACT;3;
604.1797;186;-21.43616;-11.49575;3;6;EXTRACT;2;
604.9766;191;15.76941;3.221081;3;13;EXTRACT;3;
606.1797;186;-21.43616;-11.49575;3;5;EXTRACT;2;
606.9844;191;15.76941;3.221081;3;12;EXTRACT;3;
608.1875;186;-21.43616;-11.49575;3;4;EXTRACT;2;
608.3828;191;15.76941;3.221081;3;12;DISCOVER;1;
608.9844;191;15.76941;3.221081;3;11;EXTRACT;3;
610.1875;186;-21.43616;-11.49575;3;3;EXTRACT;2;
610.9922;191;15.76941;3.221081;3;10;EXTRACT;3;
611.1484;191;15.76941;3.221081;3;9;EXTRACT;1;
611.2344;191;15.76941;3.221081;3;9;DISCOVER;0;
612.1953;186;-21.43616;-11.49575;3;2;EXTRACT;2;
612.9922;191;15.76941;3.221081;3;8;EXTRACT;3;
613.1563;191;15.76941;3.221081;3;7;EXTRACT;1;
613.875;191;15.76941;3.221081;3;6;EXTRACT;0;
614.1953;186;-21.43616;-11.49575;3;1;EXTRACT;2;
615;191;15.76941;3.221081;3;5;EXTRACT;3;
615.1563;191;15.76941;3.221081;3;4;EXTRACT;1;
615.8828;191;15.76941;3.221081;3;3;EXTRACT;0;
616.2031;186;-21.43616;-11.49575;3;0;EXTRACT;2;
616.1953;186;-21.43616;-11.49575;3;0;DESTROYED;;
616.2031;210;34.216;-33.37888;3;16;CREATED;;
617;191;15.76941;3.221081;3;2;EXTRACT;3;
617.125;191;15.76941;3.221081;3;1;EXTRACT;1;
617.8438;191;15.76941;3.221081;3;0;EXTRACT;0;
617.8359;191;15.76941;3.221081;3;0;DESTROYED;;
617.8438;211;-19.11855;-8.782684;3;16;CREATED;;
627.2734;200;-19.94874;-24.00101;3;16;DISCOVER;2;
630.2813;200;-19.94874;-24.00101;3;15;EXTRACT;2;
632.2891;200;-19.94874;-24.00101;3;14;EXTRACT;2;
633.5703;173;-10.23421;-9.877399;3;16;DISCOVER;0;
634.2891;200;-19.94874;-24.00101;3;13;EXTRACT;2;
636.2578;200;-19.94874;-24.00101;3;12;EXTRACT;2;
636.4141;173;-10.23421;-9.877399;3;15;EXTRACT;0;
638.2578;200;-19.94874;-24.00101;3;11;EXTRACT;2;
638.4219;173;-10.23421;-9.877399;3;14;EXTRACT;0;
640.2656;200;-19.94874;-24.00101;3;10;EXTRACT;2;
640.4219;173;-10.23421;-9.877399;3;13;EXTRACT;0;
642.2656;200;-19.94874;-24.00101;3;9;EXTRACT;2;
642.4297;173;-10.23421;-9.877399;3;12;EXTRACT;0;
644.2734;200;-19.94874;-24.00101;3;8;EXTRACT;2;
644.4375;173;-10.23421;-9.877399;3;11;EXTRACT;0;
646.2813;200;-19.94874;-24.00101;3;7;EXTRACT;2;
646.4375;173;-10.23421;-9.877399;3;10;EXTRACT;0;
648.2813;200;-19.94874;-24.00101;3;6;EXTRACT;2;
648.4453;173;-10.23421;-9.877399;3;9;EXTRACT;0;
650.2891;200;-19.94874;-24.00101;3;5;EXTRACT;2;
650.4453;173;-10.23421;-9.877399;3;8;EXTRACT;0;
652.2891;200;-19.94874;-24.00101;3;4;EXTRACT;2;
652.4531;173;-10.23421;-9.877399;3;7;EXTRACT;0;
654.2969;200;-19.94874;-24.00101;3;3;EXTRACT;2;
654.4141;173;-10.23421;-9.877399;3;6;EXTRACT;0;
656.2578;200;-19.94874;-24.00101;3;2;EXTRACT;2;
656.4219;173;-10.23421;-9.877399;3;5;EXTRACT;0;
658.2656;200;-19.94874;-24.00101;3;1;EXTRACT;2;
658.4219;173;-10.23421;-9.877399;3;4;EXTRACT;0;
660.2656;200;-19.94874;-24.00101;3;0;EXTRACT;2;
660.2422;200;-19.94874;-24.00101;3;0;DESTROYED;;
660.2656;212;0.7351341;-5.62019;3;16;CREATED;;
660.4297;173;-10.23421;-9.877399;3;3;EXTRACT;0;
662.4297;173;-10.23421;-9.877399;3;2;EXTRACT;0;
664.4375;173;-10.23421;-9.877399;3;1;EXTRACT;0;
666.4375;173;-10.23421;-9.877399;3;0;EXTRACT;0;
666.4375;173;-10.23421;-9.877399;3;0;DESTROYED;;
666.4375;213;38.43208;5.986858;3;16;CREATED;;
674.0938;211;-19.11855;-8.782684;3;16;DISCOVER;0;
676.9844;211;-19.11855;-8.782684;3;15;EXTRACT;0;
678.9922;211;-19.11855;-8.782684;3;14;EXTRACT;0;
680.9922;211;-19.11855;-8.782684;3;13;EXTRACT;0;
683;211;-19.11855;-8.782684;3;12;EXTRACT;0;
685.0078;211;-19.11855;-8.782684;3;11;EXTRACT;0;
685.3672;210;34.216;-33.37888;3;16;DISCOVER;3;
687.0078;211;-19.11855;-8.782684;3;10;EXTRACT;0;
688.8125;210;34.216;-33.37888;3;15;EXTRACT;3;
689.0156;211;-19.11855;-8.782684;3;9;EXTRACT;0;
690.8203;210;34.216;-33.37888;3;14;EXTRACT;3;
690.9844;211;-19.11855;-8.782684;3;8;EXTRACT;0;
692.8281;210;34.216;-33.37888;3;13;EXTRACT;3;
692.9844;211;-19.11855;-8.782684;3;7;EXTRACT;0;
694.8281;210;34.216;-33.37888;3;12;EXTRACT;3;
694.9922;211;-19.11855;-8.782684;3;6;EXTRACT;0;
696.8359;210;34.216;-33.37888;3;11;EXTRACT;3;
697;211;-19.11855;-8.782684;3;5;EXTRACT;0;
698.8438;210;34.216;-33.37888;3;10;EXTRACT;3;
699.0078;211;-19.11855;-8.782684;3;4;EXTRACT;0;
700.8516;210;34.216;-33.37888;3;9;EXTRACT;3;
701.0078;211;-19.11855;-8.782684;3;3;EXTRACT;0;
702.8516;210;34.216;-33.37888;3;8;EXTRACT;3;
703.0156;211;-19.11855;-8.782684;3;2;EXTRACT;0;
704.8516;210;34.216;-33.37888;3;7;EXTRACT;3;
705.0156;211;-19.11855;-8.782684;3;1;EXTRACT;0;
706.8203;210;34.216;-33.37888;3;6;EXTRACT;3;
706.9844;211;-19.11855;-8.782684;3;0;EXTRACT;0;
706.9609;211;-19.11855;-8.782684;3;0;DESTROYED;;
706.9844;214;-13.64602;17.06577;3;16;CREATED;;
708.8281;210;34.216;-33.37888;3;5;EXTRACT;3;
710.8281;210;34.216;-33.37888;3;4;EXTRACT;3;
712.8359;210;34.216;-33.37888;3;3;EXTRACT;3;
714.8359;210;34.216;-33.37888;3;2;EXTRACT;3;
716.8438;210;34.216;-33.37888;3;1;EXTRACT;3;
717.1641;206;-28.28416;-42.02303;3;16;DISCOVER;1;
718.8438;210;34.216;-33.37888;3;0;EXTRACT;3;
718.8359;210;34.216;-33.37888;3;0;DESTROYED;;
718.8438;215;-5.361431;5.257702;3;16;CREATED;;
720.0078;206;-28.28416;-42.02303;3;15;EXTRACT;1;
