Time;PatchID;PositionX;PositionZ;Radius;CoinAmount;PatchEvent;TriggerPlayer;
0;41;8.387455;-13.83588;3;16;CREATED;;
0;42;0.9173622;-17.278;3;16;CREATED;;
0;43;10.55498;-44.65331;3;16;CREATED;;
0;44;-43.87523;-37.5308;3;16;CREATED;;
0;45;-26.51211;-11.56985;3;16;CREATED;;
0;46;-27.09225;-35.33586;3;16;CREATED;;
0;47;26.19825;16.48835;3;16;CREATED;;
0;48;-42.66146;-8.250416;3;16;CREATED;;
0;49;-26.20795;-18.27618;3;16;CREATED;;
0;50;-20.91341;-34.28741;3;16;CREATED;;
0;51;-37.20138;-0.3847313;3;16;CREATED;;
0;52;-14.31167;-44.98784;3;16;CREATED;;
0;53;-35.96901;10.15784;3;16;CREATED;;
0;54;20.77544;23.1786;3;16;CREATED;;
0;55;39.52943;-30.46596;3;16;CREATED;;
2.203125;48;-42.66146;-8.250416;3;16;DISCOVER;1;
5.210938;48;-42.66146;-8.250416;3;15;EXTRACT;1;
5.695313;53;-35.96901;10.15784;3;16;DISCOVER;0;
7.183594;48;-42.66146;-8.250416;3;14;EXTRACT;1;
8.628906;53;-35.96901;10.15784;3;15;EXTRACT;0;
9.1875;48;-42.66146;-8.250416;3;13;EXTRACT;1;
10.63281;53;-35.96901;10.15784;3;14;EXTRACT;0;
11.19141;48;-42.66146;-8.250416;3;12;EXTRACT;1;
12.63672;53;-35.96901;10.15784;3;13;EXTRACT;0;
13.19922;48;-42.66146;-8.250416;3;11;EXTRACT;1;
14.64063;53;-35.96901;10.15784;3;12;EXTRACT;0;
14.68359;43;10.55498;-44.65331;3;16;DISCOVER;2;
15.20313;48;-42.66146;-8.250416;3;10;EXTRACT;1;
16.60547;53;-35.96901;10.15784;3;11;EXTRACT;0;
17.20703;48;-42.66146;-8.250416;3;9;EXTRACT;1;
17.6875;43;10.55498;-44.65331;3;15;EXTRACT;2;
18.61328;53;-35.96901;10.15784;3;10;EXTRACT;0;
19.21094;48;-42.66146;-8.250416;3;8;EXTRACT;1;
19.69531;43;10.55498;-44.65331;3;14;EXTRACT;2;
20.61719;53;-35.96901;10.15784;3;9;EXTRACT;0;
21.21875;48;-42.66146;-8.250416;3;7;EXTRACT;1;
21.69922;43;10.55498;-44.65331;3;13;EXTRACT;2;
22.62109;53;-35.96901;10.15784;3;8;EXTRACT;0;
23.18359;48;-42.66146;-8.250416;3;6;EXTRACT;1;
23.70703;43;10.55498;-44.65331;3;12;EXTRACT;2;
24.62891;53;-35.96901;10.15784;3;7;EXTRACT;0;
25.1875;48;-42.66146;-8.250416;3;5;EXTRACT;1;
25.71094;43;10.55498;-44.65331;3;11;EXTRACT;2;
26.63281;53;-35.96901;10.15784;3;6;EXTRACT;0;
27.19531;48;-42.66146;-8.250416;3;4;EXTRACT;1;
27.71484;43;10.55498;-44.65331;3;10;EXTRACT;2;
28.64063;53;-35.96901;10.15784;3;5;EXTRACT;0;
29.19922;48;-42.66146;-8.250416;3;3;EXTRACT;1;
29.72266;43;10.55498;-44.65331;3;9;EXTRACT;2;
30.64453;53;-35.96901;10.15784;3;4;EXTRACT;0;
31.20703;48;-42.66146;-8.250416;3;2;EXTRACT;1;
31.6875;43;10.55498;-44.65331;3;8;EXTRACT;2;
32.60938;53;-35.96901;10.15784;3;3;EXTRACT;0;
33.21094;48;-42.66146;-8.250416;3;1;EXTRACT;1;
33.69141;43;10.55498;-44.65331;3;7;EXTRACT;2;
34.61719;53;-35.96901;10.15784;3;2;EXTRACT;0;
35.21875;48;-42.66146;-8.250416;3;0;EXTRACT;1;
35.20313;48;-42.66146;-8.250416;3;0;DESTROYED;;
35.21875;56;-15.25363;41.80824;3;16;CREATED;;
35.73828;43;10.55498;-44.65331;3;6;EXTRACT;2;
36.62109;53;-35.96901;10.15784;3;1;EXTRACT;0;
37.22266;55;39.52943;-30.46596;3;16;DISCOVER;3;
37.70313;43;10.55498;-44.65331;3;5;EXTRACT;2;
38.62891;53;-35.96901;10.15784;3;0;EXTRACT;0;
38.60156;53;-35.96901;10.15784;3;0;DESTROYED;;
38.62891;57;38.80869;43.6842;3;16;CREATED;;
39.71094;43;10.55498;-44.65331;3;4;EXTRACT;2;
40.47266;55;39.52943;-30.46596;3;15;EXTRACT;3;
41.71484;43;10.55498;-44.65331;3;3;EXTRACT;2;
42.47656;55;39.52943;-30.46596;3;14;EXTRACT;3;
43.71875;43;10.55498;-44.65331;3;2;EXTRACT;2;
44.48047;55;39.52943;-30.46596;3;13;EXTRACT;3;
45.72656;43;10.55498;-44.65331;3;1;EXTRACT;2;
46.49219;55;39.52943;-30.46596;3;12;EXTRACT;3;
47.73828;43;10.55498;-44.65331;3;0;EXTRACT;2;
47.72266;43;10.55498;-44.65331;3;0;DESTROYED;;
47.73828;58;-32.19751;35.75287;3;16;CREATED;;
48.46094;55;39.52943;-30.46596;3;11;EXTRACT;3;
50.46875;55;39.52943;-30.46596;3;10;EXTRACT;3;
52.5;55;39.52943;-30.46596;3;9;EXTRACT;3;
53.42188;44;-43.87523;-37.5308;3;16;DISCOVER;1;
54.46484;55;39.52943;-30.46596;3;8;EXTRACT;3;
54.89453;45;-26.51211;-11.56985;3;16;DISCOVER;0;
56.29297;44;-43.87523;-37.5308;3;15;EXTRACT;1;
56.46484;55;39.52943;-30.46596;3;7;EXTRACT;3;
57.87109;45;-26.51211;-11.56985;3;15;EXTRACT;0;
58.30078;44;-43.87523;-37.5308;3;14;EXTRACT;1;
58.51953;55;39.52943;-30.46596;3;6;EXTRACT;3;
59.84766;45;-26.51211;-11.56985;3;14;EXTRACT;0;
60.28906;44;-43.87523;-37.5308;3;13;EXTRACT;1;
60.48828;55;39.52943;-30.46596;3;5;EXTRACT;3;
61.85156;45;-26.51211;-11.56985;3;13;EXTRACT;0;
62.29297;44;-43.87523;-37.5308;3;12;EXTRACT;1;
62.49219;55;39.52943;-30.46596;3;4;EXTRACT;3;
63.85547;45;-26.51211;-11.56985;3;12;EXTRACT;0;
64.29688;44;-43.87523;-37.5308;3;11;EXTRACT;1;
64.49609;55;39.52943;-30.46596;3;3;EXTRACT;3;
65.85938;45;-26.51211;-11.56985;3;11;EXTRACT;0;
66.01953;55;39.52943;-30.46596;3;3;DISCOVER;2;
66.29688;44;-43.87523;-37.5308;3;10;EXTRACT;1;
66.5;55;39.52943;-30.46596;3;2;EXTRACT;3;
67.85938;45;-26.51211;-11.56985;3;10;EXTRACT;0;
68.30078;44;-43.87523;-37.5308;3;9;EXTRACT;1;
68.5;55;39.52943;-30.46596;3;1;EXTRACT;3;
68.78125;55;39.52943;-30.46596;3;0;EXTRACT;2;
68.76172;55;39.52943;-30.46596;3;0;DESTROYED;;
68.78125;59;28.81406;40.96915;3;16;CREATED;;
69.86328;45;-26.51211;-11.56985;3;9;EXTRACT;0;
70.30078;44;-43.87523;-37.5308;3;8;EXTRACT;1;
71.86719;45;-26.51211;-11.56985;3;8;EXTRACT;0;
72.30859;44;-43.87523;-37.5308;3;7;EXTRACT;1;
73.87109;45;-26.51211;-11.56985;3;7;EXTRACT;0;
74.3125;44;-43.87523;-37.5308;3;6;EXTRACT;1;
75.875;45;-26.51211;-11.56985;3;6;EXTRACT;0;
76.31641;44;-43.87523;-37.5308;3;5;EXTRACT;1;
77.88281;45;-26.51211;-11.56985;3;5;EXTRACT;0;
78.32031;44;-43.87523;-37.5308;3;4;EXTRACT;1;
79.88672;45;-26.51211;-11.56985;3;4;EXTRACT;0;
80.28906;44;-43.87523;-37.5308;3;3;EXTRACT;1;
81.89063;45;-26.51211;-11.56985;3;3;EXTRACT;0;
82.33203;44;-43.87523;-37.5308;3;2;EXTRACT;1;
83.89844;45;-26.51211;-11.56985;3;2;EXTRACT;0;
84.33984;44;-43.87523;-37.5308;3;1;EXTRACT;1;
85.86719;45;-26.51211;-11.56985;3;1;EXTRACT;0;
86.30859;44;-43.87523;-37.5308;3;0;EXTRACT;1;
86.28125;44;-43.87523;-37.5308;3;0;DESTROYED;;
86.30859;60;44.10132;6.7216;3;16;CREATED;;
87.87109;45;-26.51211;-11.56985;3;0;EXTRACT;0;
87.83984;45;-26.51211;-11.56985;3;0;DESTROYED;;
87.87109;61;6.235958;11.99952;3;16;CREATED;;
93.16016;60;44.10132;6.7216;3;16;DISCOVER;2;
96.04688;60;44.10132;6.7216;3;15;EXTRACT;2;
98.05078;60;44.10132;6.7216;3;14;EXTRACT;2;
100.0586;60;44.10132;6.7216;3;13;EXTRACT;2;
102.0234;60;44.10132;6.7216;3;12;EXTRACT;2;
103.5039;42;0.9173622;-17.278;3;16;DISCOVER;3;
104.0234;60;44.10132;6.7216;3;11;EXTRACT;2;
106.0313;60;44.10132;6.7216;3;10;EXTRACT;2;
106.1523;42;0.9173622;-17.278;3;15;EXTRACT;3;
108.0352;60;44.10132;6.7216;3;9;EXTRACT;2;
108.1563;42;0.9173622;-17.278;3;14;EXTRACT;3;
110.0391;60;44.10132;6.7216;3;8;EXTRACT;2;
110.1602;42;0.9173622;-17.278;3;13;EXTRACT;3;
112.0469;60;44.10132;6.7216;3;7;EXTRACT;2;
112.168;42;0.9173622;-17.278;3;12;EXTRACT;3;
114.0586;60;44.10132;6.7216;3;6;EXTRACT;2;
114.168;42;0.9173622;-17.278;3;11;EXTRACT;3;
115.0508;51;-37.20138;-0.3847313;3;16;DISCOVER;1;
116.0547;60;44.10132;6.7216;3;5;EXTRACT;2;
116.1719;42;0.9173622;-17.278;3;10;EXTRACT;3;
117.9375;51;-37.20138;-0.3847313;3;15;EXTRACT;1;
118.0586;60;44.10132;6.7216;3;4;EXTRACT;2;
118.1797;42;0.9173622;-17.278;3;9;EXTRACT;3;
119.9453;51;-37.20138;-0.3847313;3;14;EXTRACT;1;
120.0273;60;44.10132;6.7216;3;3;EXTRACT;2;
120.1875;42;0.9173622;-17.278;3;8;EXTRACT;3;
121.9531;51;-37.20138;-0.3847313;3;13;EXTRACT;1;
122.0313;60;44.10132;6.7216;3;2;EXTRACT;2;
122.1523;42;0.9173622;-17.278;3;7;EXTRACT;3;
123.957;51;-37.20138;-0.3847313;3;12;EXTRACT;1;
124.0391;60;44.10132;6.7216;3;1;EXTRACT;2;
124.1563;42;0.9173622;-17.278;3;6;EXTRACT;3;
125.9219;51;-37.20138;-0.3847313;3;11;EXTRACT;1;
126.043;60;44.10132;6.7216;3;0;EXTRACT;2;
126.043;60;44.10132;6.7216;3;0;DESTROYED;;
126.043;62;-10.20893;33.63792;3;16;CREATED;;
126.1602;42;0.9173622;-17.278;3;5;EXTRACT;3;
127.9258;51;-37.20138;-0.3847313;3;10;EXTRACT;1;
128.1641;42;0.9173622;-17.278;3;4;EXTRACT;3;
129.9297;51;-37.20138;-0.3847313;3;9;EXTRACT;1;
130.1719;42;0.9173622;-17.278;3;3;EXTRACT;3;
131.9375;51;-37.20138;-0.3847313;3;8;EXTRACT;1;
132.1797;42;0.9173622;-17.278;3;2;EXTRACT;3;
133.9453;51;-37.20138;-0.3847313;3;7;EXTRACT;1;
134.1875;42;0.9173622;-17.278;3;1;EXTRACT;3;
135.9492;51;-37.20138;-0.3847313;3;6;EXTRACT;1;
136.1484;42;0.9173622;-17.278;3;0;EXTRACT;3;
136.1211;42;0.9173622;-17.278;3;0;DESTROYED;;
136.1484;63;-35.39989;-36.0132;3;16;CREATED;;
136.9922;56;-15.25363;41.80824;3;16;DISCOVER;0;
137.957;51;-37.20138;-0.3847313;3;5;EXTRACT;1;
139.8828;56;-15.25363;41.80824;3;15;EXTRACT;0;
139.9219;51;-37.20138;-0.3847313;3;4;EXTRACT;1;
141.8867;56;-15.25363;41.80824;3;14;EXTRACT;0;
141.9258;51;-37.20138;-0.3847313;3;3;EXTRACT;1;
143.8906;56;-15.25363;41.80824;3;13;EXTRACT;0;
143.9336;51;-37.20138;-0.3847313;3;2;EXTRACT;1;
145.8984;56;-15.25363;41.80824;3;12;EXTRACT;0;
145.9375;51;-37.20138;-0.3847313;3;1;EXTRACT;1;
147.8633;56;-15.25363;41.80824;3;11;EXTRACT;0;
147.9414;51;-37.20138;-0.3847313;3;0;EXTRACT;1;
147.9219;51;-37.20138;-0.3847313;3;0;DESTROYED;;
147.9414;64;28.89764;-14.68532;3;16;CREATED;;
149.8672;56;-15.25363;41.80824;3;10;EXTRACT;0;
151.875;56;-15.25363;41.80824;3;9;EXTRACT;0;
153.8789;56;-15.25363;41.80824;3;8;EXTRACT;0;
154.9609;57;38.80869;43.6842;3;16;DISCOVER;2;
155.8828;56;-15.25363;41.80824;3;7;EXTRACT;0;
157.8867;56;-15.25363;41.80824;3;6;EXTRACT;0;
158.0859;57;38.80869;43.6842;3;15;EXTRACT;2;
159.8906;56;-15.25363;41.80824;3;5;EXTRACT;0;
160.0938;57;38.80869;43.6842;3;14;EXTRACT;2;
161.8945;56;-15.25363;41.80824;3;4;EXTRACT;0;
162.0547;57;38.80869;43.6842;3;13;EXTRACT;2;
163.8984;56;-15.25363;41.80824;3;3;EXTRACT;0;
164.0586;57;38.80869;43.6842;3;12;EXTRACT;2;
165.8672;56;-15.25363;41.80824;3;2;EXTRACT;0;
166.0664;57;38.80869;43.6842;3;11;EXTRACT;2;
167.8711;56;-15.25363;41.80824;3;1;EXTRACT;0;
168.0703;57;38.80869;43.6842;3;10;EXTRACT;2;
169.875;56;-15.25363;41.80824;3;0;EXTRACT;0;
169.8398;56;-15.25363;41.80824;3;0;DESTROYED;;
169.875;65;1.961193;36.10809;3;16;CREATED;;
170.0742;57;38.80869;43.6842;3;9;EXTRACT;2;
172.0781;57;38.80869;43.6842;3;8;EXTRACT;2;
174.0859;57;38.80869;43.6842;3;7;EXTRACT;2;
176.0898;57;38.80869;43.6842;3;6;EXTRACT;2;
178.0938;57;38.80869;43.6842;3;5;EXTRACT;2;
180.1016;57;38.80869;43.6842;3;4;EXTRACT;2;
181.0625;65;1.961193;36.10809;3;16;DISCOVER;0;
182.1055;57;38.80869;43.6842;3;3;EXTRACT;2;
183.832;65;1.961193;36.10809;3;15;EXTRACT;0;
184.1094;57;38.80869;43.6842;3;2;EXTRACT;2;
185.8359;65;1.961193;36.10809;3;14;EXTRACT;0;
186.0742;57;38.80869;43.6842;3;1;EXTRACT;2;
187.8398;65;1.961193;36.10809;3;13;EXTRACT;0;
188.082;57;38.80869;43.6842;3;0;EXTRACT;2;
188.043;57;38.80869;43.6842;3;0;DESTROYED;;
188.082;66;33.8067;-29.43407;3;16;CREATED;;
188.8828;58;-32.19751;35.75287;3;16;DISCOVER;1;
189.8438;65;1.961193;36.10809;3;12;EXTRACT;0;
191.4492;58;-32.19751;35.75287;3;15;EXTRACT;1;
191.8516;65;1.961193;36.10809;3;11;EXTRACT;0;
193.457;58;-32.19751;35.75287;3;14;EXTRACT;1;
193.8594;65;1.961193;36.10809;3;10;EXTRACT;0;
195.4609;58;-32.19751;35.75287;3;13;EXTRACT;1;
195.8594;65;1.961193;36.10809;3;9;EXTRACT;0;
197.4258;58;-32.19751;35.75287;3;12;EXTRACT;1;
197.8672;65;1.961193;36.10809;3;8;EXTRACT;0;
199.4688;58;-32.19751;35.75287;3;11;EXTRACT;1;
199.8672;65;1.961193;36.10809;3;7;EXTRACT;0;
201.4727;58;-32.19751;35.75287;3;10;EXTRACT;1;
201.832;65;1.961193;36.10809;3;6;EXTRACT;0;
203.4766;58;-32.19751;35.75287;3;9;EXTRACT;1;
203.8359;65;1.961193;36.10809;3;5;EXTRACT;0;
205.4805;58;-32.19751;35.75287;3;8;EXTRACT;1;
205.8398;65;1.961193;36.10809;3;4;EXTRACT;0;
207.4844;58;-32.19751;35.75287;3;7;EXTRACT;1;
207.8438;65;1.961193;36.10809;3;3;EXTRACT;0;
209.4883;58;-32.19751;35.75287;3;6;EXTRACT;1;
209.8477;65;1.961193;36.10809;3;2;EXTRACT;0;
210.3711;65;1.961193;36.10809;3;2;DISCOVER;2;
211.4531;58;-32.19751;35.75287;3;5;EXTRACT;1;
211.8555;65;1.961193;36.10809;3;1;EXTRACT;0;
213.1367;65;1.961193;36.10809;3;0;EXTRACT;2;
213.1211;65;1.961193;36.10809;3;0;DESTROYED;;
213.1367;67;-10.85648;-13.29089;3;16;CREATED;;
213.457;58;-32.19751;35.75287;3;4;EXTRACT;1;
215.4609;58;-32.19751;35.75287;3;3;EXTRACT;1;
217.4688;58;-32.19751;35.75287;3;2;EXTRACT;1;
219.4727;58;-32.19751;35.75287;3;1;EXTRACT;1;
221.4805;58;-32.19751;35.75287;3;0;EXTRACT;1;
221.4414;58;-32.19751;35.75287;3;0;DESTROYED;;
221.4805;68;40.02365;23.09091;3;16;CREATED;;
256.3672;49;-26.20795;-18.27618;3;16;DISCOVER;2;
259.375;49;-26.20795;-18.27618;3;15;EXTRACT;2;
261.3789;49;-26.20795;-18.27618;3;14;EXTRACT;2;
263.3438;49;-26.20795;-18.27618;3;13;EXTRACT;2;
265.3516;49;-26.20795;-18.27618;3;12;EXTRACT;2;
267.3555;49;-26.20795;-18.27618;3;11;EXTRACT;2;
269.3594;49;-26.20795;-18.27618;3;10;EXTRACT;2;
269.8789;49;-26.20795;-18.27618;3;10;DISCOVER;3;
270.4023;46;-27.09225;-35.33586;3;16;DISCOVER;1;
271.3633;49;-26.20795;-18.27618;3;9;EXTRACT;2;
273.0898;49;-26.20795;-18.27618;3;8;EXTRACT;3;
273.3672;49;-26.20795;-18.27618;3;7;EXTRACT;2;
273.4883;46;-27.09225;-35.33586;3;15;EXTRACT;1;
275.0938;49;-26.20795;-18.27618;3;6;EXTRACT;3;
275.375;49;-26.20795;-18.27618;3;5;EXTRACT;2;
275.4922;46;-27.09225;-35.33586;3;14;EXTRACT;1;
277.0586;49;-26.20795;-18.27618;3;4;EXTRACT;3;
277.3789;49;-26.20795;-18.27618;3;3;EXTRACT;2;
277.5;46;-27.09225;-35.33586;3;13;EXTRACT;1;
279.0625;49;-26.20795;-18.27618;3;2;EXTRACT;3;
279.3828;49;-26.20795;-18.27618;3;1;EXTRACT;2;
279.543;46;-27.09225;-35.33586;3;12;EXTRACT;1;
281.0664;49;-26.20795;-18.27618;3;0;EXTRACT;3;
281.043;49;-26.20795;-18.27618;3;0;DESTROYED;;
281.0664;69;-0.9527054;-29.01805;3;16;CREATED;;
281.5078;46;-27.09225;-35.33586;3;11;EXTRACT;1;
283.5078;46;-27.09225;-35.33586;3;10;EXTRACT;1;
285.5156;46;-27.09225;-35.33586;3;9;EXTRACT;1;
287.1992;47;26.19825;16.48835;3;16;DISCOVER;0;
287.5195;46;-27.09225;-35.33586;3;8;EXTRACT;1;
289.5273;46;-27.09225;-35.33586;3;7;EXTRACT;1;
290.2461;47;26.19825;16.48835;3;15;EXTRACT;0;
291.5313;46;-27.09225;-35.33586;3;6;EXTRACT;1;
291.6523;46;-27.09225;-35.33586;3;6;DISCOVER;2;
292.2539;47;26.19825;16.48835;3;14;EXTRACT;0;
292.4531;50;-20.91341;-34.28741;3;16;DISCOVER;3;
293.5352;46;-27.09225;-35.33586;3;5;EXTRACT;1;
294.2578;47;26.19825;16.48835;3;13;EXTRACT;0;
294.7773;46;-27.09225;-35.33586;3;4;EXTRACT;2;
295.5391;46;-27.09225;-35.33586;3;3;EXTRACT;1;
295.6602;50;-20.91341;-34.28741;3;15;EXTRACT;3;
296.2188;47;26.19825;16.48835;3;12;EXTRACT;0;
296.7813;46;-27.09225;-35.33586;3;2;EXTRACT;2;
297.5391;46;-27.09225;-35.33586;3;1;EXTRACT;1;
297.6602;50;-20.91341;-34.28741;3;14;EXTRACT;3;
298.2227;47;26.19825;16.48835;3;11;EXTRACT;0;
298.7813;46;-27.09225;-35.33586;3;0;EXTRACT;2;
298.7617;46;-27.09225;-35.33586;3;0;DESTROYED;;
298.7813;70;24.30843;-43.47236;3;16;CREATED;;
299.6641;50;-20.91341;-34.28741;3;13;EXTRACT;3;
300.2266;47;26.19825;16.48835;3;10;EXTRACT;0;
301.6289;50;-20.91341;-34.28741;3;13;DISCOVER;2;
301.668;50;-20.91341;-34.28741;3;12;EXTRACT;3;
302.2305;47;26.19825;16.48835;3;9;EXTRACT;0;
303.6758;50;-20.91341;-34.28741;3;11;EXTRACT;3;
304.2344;47;26.19825;16.48835;3;8;EXTRACT;0;
304.4766;50;-20.91341;-34.28741;3;10;EXTRACT;2;
305.6797;50;-20.91341;-34.28741;3;9;EXTRACT;3;
306.2422;47;26.19825;16.48835;3;7;EXTRACT;0;
306.4805;50;-20.91341;-34.28741;3;8;EXTRACT;2;
307.6445;50;-20.91341;-34.28741;3;7;EXTRACT;3;
308.2461;47;26.19825;16.48835;3;6;EXTRACT;0;
308.4883;50;-20.91341;-34.28741;3;6;EXTRACT;2;
309.6484;50;-20.91341;-34.28741;3;5;EXTRACT;3;
310.25;47;26.19825;16.48835;3;5;EXTRACT;0;
310.4883;50;-20.91341;-34.28741;3;4;EXTRACT;2;
311.6523;50;-20.91341;-34.28741;3;3;EXTRACT;3;
312.2539;47;26.19825;16.48835;3;4;EXTRACT;0;
312.4961;50;-20.91341;-34.28741;3;2;EXTRACT;2;
313.6563;50;-20.91341;-34.28741;3;1;EXTRACT;3;
314.2578;47;26.19825;16.48835;3;3;EXTRACT;0;
314.5;50;-20.91341;-34.28741;3;0;EXTRACT;2;
314.4805;50;-20.91341;-34.28741;3;0;DESTROYED;;
314.5;71;-6.581825;40.36886;3;16;CREATED;;
316.2227;47;26.19825;16.48835;3;2;EXTRACT;0;
318.2305;47;26.19825;16.48835;3;1;EXTRACT;0;
320.2383;47;26.19825;16.48835;3;0;EXTRACT;0;
320.2031;47;26.19825;16.48835;3;0;DESTROYED;;
320.2383;72;-44.04598;-15.35242;3;16;CREATED;;
328.3438;52;-14.31167;-44.98784;3;16;DISCOVER;2;
331.3906;52;-14.31167;-44.98784;3;15;EXTRACT;2;
333.3945;52;-14.31167;-44.98784;3;14;EXTRACT;2;
335.3672;52;-14.31167;-44.98784;3;13;EXTRACT;2;
337.3711;52;-14.31167;-44.98784;3;12;EXTRACT;2;
339.375;52;-14.31167;-44.98784;3;11;EXTRACT;2;
341.3828;52;-14.31167;-44.98784;3;10;EXTRACT;2;
343.3828;52;-14.31167;-44.98784;3;9;EXTRACT;2;
345.3945;52;-14.31167;-44.98784;3;8;EXTRACT;2;
347.4023;52;-14.31167;-44.98784;3;7;EXTRACT;2;
349.3672;52;-14.31167;-44.98784;3;6;EXTRACT;2;
351.375;52;-14.31167;-44.98784;3;5;EXTRACT;2;
353.3516;52;-14.31167;-44.98784;3;4;EXTRACT;2;
355.3711;52;-14.31167;-44.98784;3;3;EXTRACT;2;
357.3398;59;28.81406;40.96915;3;16;DISCOVER;0;
357.3828;52;-14.31167;-44.98784;3;2;EXTRACT;2;
359.3477;52;-14.31167;-44.98784;3;1;EXTRACT;2;
360.1875;59;28.81406;40.96915;3;15;EXTRACT;0;
361.3555;52;-14.31167;-44.98784;3;0;EXTRACT;2;
361.3203;52;-14.31167;-44.98784;3;0;DESTROYED;;
361.3555;73;-25.8918;25.83846;3;16;CREATED;;
362.1602;59;28.81406;40.96915;3;14;EXTRACT;0;
364.1641;59;28.81406;40.96915;3;13;EXTRACT;0;
366.168;59;28.81406;40.96915;3;12;EXTRACT;0;
368.1758;59;28.81406;40.96915;3;11;EXTRACT;0;
370.1797;59;28.81406;40.96915;3;10;EXTRACT;0;
372.1836;59;28.81406;40.96915;3;9;EXTRACT;0;
374.1523;59;28.81406;40.96915;3;8;EXTRACT;0;
374.7578;70;24.30843;-43.47236;3;16;DISCOVER;3;
376.1602;59;28.81406;40.96915;3;7;EXTRACT;0;
377.9258;70;24.30843;-43.47236;3;15;EXTRACT;3;
378.168;59;28.81406;40.96915;3;6;EXTRACT;0;
379.9336;70;24.30843;-43.47236;3;14;EXTRACT;3;
380.1758;59;28.81406;40.96915;3;5;EXTRACT;0;
381.9414;70;24.30843;-43.47236;3;13;EXTRACT;3;
382.1836;59;28.81406;40.96915;3;4;EXTRACT;0;
383.9453;70;24.30843;-43.47236;3;12;EXTRACT;3;
384.1836;59;28.81406;40.96915;3;3;EXTRACT;0;
385.9141;70;24.30843;-43.47236;3;11;EXTRACT;3;
386.1133;70;24.30843;-43.47236;3;11;DISCOVER;2;
386.1523;59;28.81406;40.96915;3;2;EXTRACT;0;
387.918;70;24.30843;-43.47236;3;10;EXTRACT;3;
388.1602;59;28.81406;40.96915;3;1;EXTRACT;0;
389.1211;70;24.30843;-43.47236;3;9;EXTRACT;2;
389.9258;70;24.30843;-43.47236;3;8;EXTRACT;3;
390.1641;59;28.81406;40.96915;3;0;EXTRACT;0;
390.1602;59;28.81406;40.96915;3;0;DESTROYED;;
390.1641;74;-35.2147;-23.63338;3;16;CREATED;;
391.125;70;24.30843;-43.47236;3;7;EXTRACT;2;
391.9297;70;24.30843;-43.47236;3;6;EXTRACT;3;
393.0938;70;24.30843;-43.47236;3;5;EXTRACT;2;
393.9375;70;24.30843;-43.47236;3;4;EXTRACT;3;
395.1016;70;24.30843;-43.47236;3;3;EXTRACT;2;
395.9453;70;24.30843;-43.47236;3;2;EXTRACT;3;
397.1055;70;24.30843;-43.47236;3;1;EXTRACT;2;
397.9063;70;24.30843;-43.47236;3;0;EXTRACT;3;
397.8828;70;24.30843;-43.47236;3;0;DESTROYED;;
397.9063;75;-30.8828;4.819839;3;16;CREATED;;
412.1563;71;-6.581825;40.36886;3;16;DISCOVER;0;
414.9219;71;-6.581825;40.36886;3;15;EXTRACT;0;
416.9258;71;-6.581825;40.36886;3;14;EXTRACT;0;
418.9336;71;-6.581825;40.36886;3;13;EXTRACT;0;
420.9375;71;-6.581825;40.36886;3;12;EXTRACT;0;
422.9453;71;-6.581825;40.36886;3;11;EXTRACT;0;
424.9492;71;-6.581825;40.36886;3;10;EXTRACT;0;
426.957;71;-6.581825;40.36886;3;9;EXTRACT;0;
428.9219;71;-6.581825;40.36886;3;8;EXTRACT;0;
430.9297;71;-6.581825;40.36886;3;7;EXTRACT;0;
432.9375;71;-6.581825;40.36886;3;6;EXTRACT;0;
434.9414;71;-6.581825;40.36886;3;5;EXTRACT;0;
435.7852;71;-6.581825;40.36886;3;5;DISCOVER;1;
436.9453;71;-6.581825;40.36886;3;4;EXTRACT;0;
438.4688;71;-6.581825;40.36886;3;3;EXTRACT;1;
438.9531;71;-6.581825;40.36886;3;2;EXTRACT;0;
440.4766;71;-6.581825;40.36886;3;1;EXTRACT;1;
440.9609;71;-6.581825;40.36886;3;0;EXTRACT;0;
440.9219;71;-6.581825;40.36886;3;0;DESTROYED;;
440.9609;76;-34.56333;-13.16597;3;16;CREATED;;
471.5352;67;-10.85648;-13.29089;3;16;DISCOVER;0;
474.543;67;-10.85648;-13.29089;3;15;EXTRACT;0;
476.5469;67;-10.85648;-13.29089;3;14;EXTRACT;0;
478.5547;67;-10.85648;-13.29089;3;13;EXTRACT;0;
480.0781;67;-10.85648;-13.29089;3;13;DISCOVER;1;
480.5586;67;-10.85648;-13.29089;3;12;EXTRACT;0;
482.5664;67;-10.85648;-13.29089;3;11;EXTRACT;0;
483.207;67;-10.85648;-13.29089;3;10;EXTRACT;1;
484.5742;67;-10.85648;-13.29089;3;9;EXTRACT;0;
485.2148;67;-10.85648;-13.29089;3;8;EXTRACT;1;
486.5781;67;-10.85648;-13.29089;3;7;EXTRACT;0;
487.1797;67;-10.85648;-13.29089;3;6;EXTRACT;1;
488.543;67;-10.85648;-13.29089;3;5;EXTRACT;0;
489.1875;67;-10.85648;-13.29089;3;4;EXTRACT;1;
490.5508;67;-10.85648;-13.29089;3;3;EXTRACT;0;
491.1914;67;-10.85648;-13.29089;3;2;EXTRACT;1;
492.5547;67;-10.85648;-13.29089;3;1;EXTRACT;0;
493.1953;67;-10.85648;-13.29089;3;0;EXTRACT;1;
493.1602;67;-10.85648;-13.29089;3;0;DESTROYED;;
493.1953;77;-13.66961;13.93938;3;16;CREATED;;
498.9297;62;-10.20893;33.63792;3;16;DISCOVER;3;
502.2617;62;-10.20893;33.63792;3;15;EXTRACT;3;
504.2656;62;-10.20893;33.63792;3;14;EXTRACT;3;
506.2734;62;-10.20893;33.63792;3;13;EXTRACT;3;
508.2773;62;-10.20893;33.63792;3;12;EXTRACT;3;
510.2422;62;-10.20893;33.63792;3;11;EXTRACT;3;
512.25;62;-10.20893;33.63792;3;10;EXTRACT;3;
514.2539;62;-10.20893;33.63792;3;9;EXTRACT;3;
516.2617;62;-10.20893;33.63792;3;8;EXTRACT;3;
518.2656;62;-10.20893;33.63792;3;7;EXTRACT;3;
520.2695;62;-10.20893;33.63792;3;6;EXTRACT;3;
522.2773;62;-10.20893;33.63792;3;5;EXTRACT;3;
524.2422;62;-10.20893;33.63792;3;4;EXTRACT;3;
526.2461;62;-10.20893;33.63792;3;3;EXTRACT;3;
528.2539;62;-10.20893;33.63792;3;2;EXTRACT;3;
529.457;72;-44.04598;-15.35242;3;16;DISCOVER;0;
530.2578;62;-10.20893;33.63792;3;1;EXTRACT;3;
532.2656;62;-10.20893;33.63792;3;0;EXTRACT;3;
532.2422;62;-10.20893;33.63792;3;0;DESTROYED;;
532.2656;78;-34.63233;13.4498;3;16;CREATED;;
532.3477;72;-44.04598;-15.35242;3;15;EXTRACT;0;
534.3516;72;-44.04598;-15.35242;3;14;EXTRACT;0;
536.3633;72;-44.04598;-15.35242;3;13;EXTRACT;0;
538.3672;72;-44.04598;-15.35242;3;12;EXTRACT;0;
540.3672;72;-44.04598;-15.35242;3;11;EXTRACT;0;
542.3711;72;-44.04598;-15.35242;3;10;EXTRACT;0;
542.5742;61;6.235958;11.99952;3;16;DISCOVER;1;
544.375;72;-44.04598;-15.35242;3;9;EXTRACT;0;
545.6211;61;6.235958;11.99952;3;15;EXTRACT;1;
546.3828;72;-44.04598;-15.35242;3;8;EXTRACT;0;
547.625;61;6.235958;11.99952;3;14;EXTRACT;1;
548.3477;72;-44.04598;-15.35242;3;7;EXTRACT;0;
549.6289;61;6.235958;11.99952;3;13;EXTRACT;1;
550.3477;72;-44.04598;-15.35242;3;6;EXTRACT;0;
551.6289;61;6.235958;11.99952;3;12;EXTRACT;1;
552.3516;72;-44.04598;-15.35242;3;5;EXTRACT;0;
553.6328;61;6.235958;11.99952;3;11;EXTRACT;1;
554.3555;72;-44.04598;-15.35242;3;4;EXTRACT;0;
555.6406;61;6.235958;11.99952;3;10;EXTRACT;1;
556.3594;72;-44.04598;-15.35242;3;3;EXTRACT;0;
557.6445;61;6.235958;11.99952;3;9;EXTRACT;1;
558.3672;72;-44.04598;-15.35242;3;2;EXTRACT;0;
559.6484;61;6.235958;11.99952;3;8;EXTRACT;1;
560.3711;72;-44.04598;-15.35242;3;1;EXTRACT;0;
560.5703;68;40.02365;23.09091;3;16;DISCOVER;3;
561.6172;61;6.235958;11.99952;3;7;EXTRACT;1;
562.3789;72;-44.04598;-15.35242;3;0;EXTRACT;0;
562.3594;72;-44.04598;-15.35242;3;0;DESTROYED;;
562.3789;79;-17.51987;-12.68202;3;16;CREATED;;
563.625;61;6.235958;11.99952;3;6;EXTRACT;1;
563.7422;68;40.02365;23.09091;3;15;EXTRACT;3;
565.6289;61;6.235958;11.99952;3;5;EXTRACT;1;
565.75;68;40.02365;23.09091;3;14;EXTRACT;3;
567.1914;76;-34.56333;-13.16597;3;16;DISCOVER;0;
567.6328;61;6.235958;11.99952;3;4;EXTRACT;1;
567.7539;68;40.02365;23.09091;3;13;EXTRACT;3;
569.6367;61;6.235958;11.99952;3;3;EXTRACT;1;
569.7578;68;40.02365;23.09091;3;12;EXTRACT;3;
570.1172;76;-34.56333;-13.16597;3;15;EXTRACT;0;
571.6406;61;6.235958;11.99952;3;2;EXTRACT;1;
571.7617;68;40.02365;23.09091;3;11;EXTRACT;3;
572.125;76;-34.56333;-13.16597;3;14;EXTRACT;0;
573.6445;61;6.235958;11.99952;3;1;EXTRACT;1;
573.7656;68;40.02365;23.09091;3;10;EXTRACT;3;
574.1289;76;-34.56333;-13.16597;3;13;EXTRACT;0;
575.6523;61;6.235958;11.99952;3;0;EXTRACT;1;
575.6406;61;6.235958;11.99952;3;0;DESTROYED;;
575.6523;80;-12.9687;32.15835;3;16;CREATED;;
575.7305;68;40.02365;23.09091;3;9;EXTRACT;3;
576.1328;76;-34.56333;-13.16597;3;12;EXTRACT;0;
577.7344;68;40.02365;23.09091;3;8;EXTRACT;3;
577.8555;76;-34.56333;-13.16597;3;12;DISCOVER;2;
578.1367;76;-34.56333;-13.16597;3;11;EXTRACT;0;
579.7422;68;40.02365;23.09091;3;7;EXTRACT;3;
580.1445;76;-34.56333;-13.16597;3;10;EXTRACT;0;
580.6641;76;-34.56333;-13.16597;3;9;EXTRACT;2;
581.7461;68;40.02365;23.09091;3;6;EXTRACT;3;
582.1484;76;-34.56333;-13.16597;3;8;EXTRACT;0;
582.668;76;-34.56333;-13.16597;3;7;EXTRACT;2;
583.75;68;40.02365;23.09091;3;5;EXTRACT;3;
584.1523;76;-34.56333;-13.16597;3;6;EXTRACT;0;
584.6719;76;-34.56333;-13.16597;3;5;EXTRACT;2;
585.7539;68;40.02365;23.09091;3;4;EXTRACT;3;
586.1133;76;-34.56333;-13.16597;3;4;EXTRACT;0;
586.6758;76;-34.56333;-13.16597;3;3;EXTRACT;2;
587.7578;68;40.02365;23.09091;3;3;EXTRACT;3;
588.1172;76;-34.56333;-13.16597;3;2;EXTRACT;0;
588.6797;76;-34.56333;-13.16597;3;1;EXTRACT;2;
589.7617;68;40.02365;23.09091;3;2;EXTRACT;3;
590.125;76;-34.56333;-13.16597;3;0;EXTRACT;0;
590.1211;76;-34.56333;-13.16597;3;0;DESTROYED;;
590.125;81;-2.377632;24.91417;3;16;CREATED;;
591.7656;68;40.02365;23.09091;3;1;EXTRACT;3;
593.7305;68;40.02365;23.09091;3;0;EXTRACT;3;
593.7227;68;40.02365;23.09091;3;0;DESTROYED;;
593.7305;82;-1.559204;41.85477;3;16;CREATED;;
615.3906;75;-30.8828;4.819839;3;16;DISCOVER;0;
618.2383;75;-30.8828;4.819839;3;15;EXTRACT;0;
620.25;75;-30.8828;4.819839;3;14;EXTRACT;0;
622.2148;75;-30.8828;4.819839;3;13;EXTRACT;0;
624.2188;75;-30.8828;4.819839;3;12;EXTRACT;0;
626.2266;75;-30.8828;4.819839;3;11;EXTRACT;0;
628.2344;75;-30.8828;4.819839;3;10;EXTRACT;0;
630.2422;75;-30.8828;4.819839;3;9;EXTRACT;0;
632.2461;75;-30.8828;4.819839;3;8;EXTRACT;0;
634.2148;75;-30.8828;4.819839;3;7;EXTRACT;0;
634.4141;75;-30.8828;4.819839;3;7;DISCOVER;3;
636.2266;75;-30.8828;4.819839;3;6;EXTRACT;0;
637.4336;75;-30.8828;4.819839;3;5;EXTRACT;3;
638.2344;75;-30.8828;4.819839;3;4;EXTRACT;0;
639.4375;75;-30.8828;4.819839;3;3;EXTRACT;3;
640.2383;75;-30.8828;4.819839;3;2;EXTRACT;0;
641.4023;75;-30.8828;4.819839;3;1;EXTRACT;3;
642.2461;75;-30.8828;4.819839;3;0;EXTRACT;0;
642.2422;75;-30.8828;4.819839;3;0;DESTROYED;;
642.2461;83;30.50645;-42.29972;3;16;CREATED;;
648.3008;83;30.50645;-42.29972;3;16;DISCOVER;2;
651.1523;83;30.50645;-42.29972;3;15;EXTRACT;2;
653.1602;83;30.50645;-42.29972;3;14;EXTRACT;2;
655.1211;83;30.50645;-42.29972;3;13;EXTRACT;2;
657.1289;83;30.50645;-42.29972;3;12;EXTRACT;2;
659.1328;83;30.50645;-42.29972;3;11;EXTRACT;2;
661.1406;83;30.50645;-42.29972;3;10;EXTRACT;2;
663.1445;83;30.50645;-42.29972;3;9;EXTRACT;2;
665.1484;83;30.50645;-42.29972;3;8;EXTRACT;2;
667.1523;83;30.50645;-42.29972;3;7;EXTRACT;2;
669.1602;83;30.50645;-42.29972;3;6;EXTRACT;2;
671.125;83;30.50645;-42.29972;3;5;EXTRACT;2;
673.1289;83;30.50645;-42.29972;3;4;EXTRACT;2;
675.1406;83;30.50645;-42.29972;3;3;EXTRACT;2;
676.7461;41;8.387455;-13.83588;3;16;DISCOVER;3;
676.7891;54;20.77544;23.1786;3;16;DISCOVER;1;
677.1484;83;30.50645;-42.29972;3;2;EXTRACT;2;
679.1563;83;30.50645;-42.29972;3;1;EXTRACT;2;
679.6367;54;20.77544;23.1786;3;15;EXTRACT;1;
679.6758;41;8.387455;-13.83588;3;15;EXTRACT;3;
681.125;83;30.50645;-42.29972;3;0;EXTRACT;2;
681.1211;83;30.50645;-42.29972;3;0;DESTROYED;;
681.125;84;38.69724;8.135822;3;16;CREATED;;
681.6484;54;20.77544;23.1786;3;14;EXTRACT;1;
681.6875;41;8.387455;-13.83588;3;14;EXTRACT;3;
683.6563;54;20.77544;23.1786;3;13;EXTRACT;1;
683.6953;41;8.387455;-13.83588;3;13;EXTRACT;3;
685.6211;54;20.77544;23.1786;3;12;EXTRACT;1;
685.6992;41;8.387455;-13.83588;3;12;EXTRACT;3;
687.625;54;20.77544;23.1786;3;11;EXTRACT;1;
687.668;41;8.387455;-13.83588;3;11;EXTRACT;3;
689.6328;54;20.77544;23.1786;3;10;EXTRACT;1;
689.6719;41;8.387455;-13.83588;3;10;EXTRACT;3;
691.6367;54;20.77544;23.1786;3;9;EXTRACT;1;
691.6758;41;8.387455;-13.83588;3;9;EXTRACT;3;
693;54;20.77544;23.1786;3;9;DISCOVER;0;
693.6406;54;20.77544;23.1786;3;8;EXTRACT;1;
693.6797;41;8.387455;-13.83588;3;8;EXTRACT;3;
695.6484;54;20.77544;23.1786;3;7;EXTRACT;1;
695.6875;41;8.387455;-13.83588;3;7;EXTRACT;3;
695.8086;54;20.77544;23.1786;3;6;EXTRACT;0;
697.6523;54;20.77544;23.1786;3;5;EXTRACT;1;
697.6914;41;8.387455;-13.83588;3;6;EXTRACT;3;
697.8125;54;20.77544;23.1786;3;4;EXTRACT;0;
699.6563;54;20.77544;23.1786;3;3;EXTRACT;1;
699.6953;41;8.387455;-13.83588;3;5;EXTRACT;3;
699.8164;54;20.77544;23.1786;3;2;EXTRACT;0;
701.6602;54;20.77544;23.1786;3;1;EXTRACT;1;
701.7031;41;8.387455;-13.83588;3;4;EXTRACT;3;
701.8242;54;20.77544;23.1786;3;0;EXTRACT;0;
701.8008;54;20.77544;23.1786;3;0;DESTROYED;;
701.8242;85;-33.42981;-3.375664;3;16;CREATED;;
703.668;41;8.387455;-13.83588;3;3;EXTRACT;3;
705.6758;41;8.387455;-13.83588;3;2;EXTRACT;3;
707.6797;41;8.387455;-13.83588;3;1;EXTRACT;3;
709.6836;41;8.387455;-13.83588;3;0;EXTRACT;3;
709.6797;41;8.387455;-13.83588;3;0;DESTROYED;;
709.6836;86;-4.733643;7.235661;3;16;CREATED;;
716.0234;84;38.69724;8.135822;3;16;DISCOVER;2;
716.5469;81;-2.377632;24.91417;3;16;DISCOVER;0;
719.2695;81;-2.377632;24.91417;3;15;EXTRACT;0;
720.1133;84;38.69724;8.135822;3;15;EXTRACT;2;
