Time;PatchID;PositionX;PositionZ;Radius;CoinAmount;PatchEvent;TriggerPlayer;
0;597;-27.97802;-25.50998;3;48;CREATED;;
0;598;-28.23507;12.05046;3;48;CREATED;;
0;599;-10.42289;-31.60995;3;48;CREATED;;
0;600;21.13267;-20.80532;3;48;CREATED;;
0;601;33.98436;5.833565;3;48;CREATED;;
24.625;597;-27.97802;-25.50998;3;48;DISCOVER;0;
27.8125;597;-27.97802;-25.50998;3;47;EXTRACT;0;
29.8125;597;-27.97802;-25.50998;3;46;EXTRACT;0;
31.8125;597;-27.97802;-25.50998;3;45;EXTRACT;0;
33.8125;597;-27.97802;-25.50998;3;44;EXTRACT;0;
35.75;597;-27.97802;-25.50998;3;43;EXTRACT;0;
37.75;597;-27.97802;-25.50998;3;42;EXTRACT;0;
39.8125;597;-27.97802;-25.50998;3;41;EXTRACT;0;
41.75;597;-27.97802;-25.50998;3;41;DISCOVER;3;
41.8125;597;-27.97802;-25.50998;3;40;EXTRACT;0;
43.8125;597;-27.97802;-25.50998;3;39;EXTRACT;0;
44.625;597;-27.97802;-25.50998;3;38;EXTRACT;3;
45.8125;597;-27.97802;-25.50998;3;37;EXTRACT;0;
46.625;597;-27.97802;-25.50998;3;36;EXTRACT;3;
47.8125;597;-27.97802;-25.50998;3;35;EXTRACT;0;
48.5625;597;-27.97802;-25.50998;3;34;EXTRACT;3;
49.5625;597;-27.97802;-25.50998;3;34;DISCOVER;1;
49.75;597;-27.97802;-25.50998;3;33;EXTRACT;0;
50.5625;597;-27.97802;-25.50998;3;32;EXTRACT;3;
51.75;597;-27.97802;-25.50998;3;31;EXTRACT;0;
52.5625;597;-27.97802;-25.50998;3;30;EXTRACT;3;
53.6875;597;-27.97802;-25.50998;3;29;EXTRACT;1;
53.8125;597;-27.97802;-25.50998;3;28;EXTRACT;0;
54.5625;597;-27.97802;-25.50998;3;27;EXTRACT;3;
55.6875;597;-27.97802;-25.50998;3;26;EXTRACT;1;
55.8125;597;-27.97802;-25.50998;3;25;EXTRACT;0;
56.625;597;-27.97802;-25.50998;3;24;EXTRACT;3;
57.625;597;-27.97802;-25.50998;3;23;EXTRACT;1;
57.8125;597;-27.97802;-25.50998;3;22;EXTRACT;0;
58.5625;597;-27.97802;-25.50998;3;21;EXTRACT;3;
59.6875;597;-27.97802;-25.50998;3;20;EXTRACT;1;
59.75;597;-27.97802;-25.50998;3;19;EXTRACT;0;
60.5625;597;-27.97802;-25.50998;3;18;EXTRACT;3;
61.6875;597;-27.97802;-25.50998;3;17;EXTRACT;1;
61.8125;597;-27.97802;-25.50998;3;16;EXTRACT;0;
62.5625;597;-27.97802;-25.50998;3;15;EXTRACT;3;
63.625;597;-27.97802;-25.50998;3;14;EXTRACT;1;
63.8125;597;-27.97802;-25.50998;3;13;EXTRACT;0;
64.625;597;-27.97802;-25.50998;3;12;EXTRACT;3;
65.625;597;-27.97802;-25.50998;3;11;EXTRACT;1;
65.8125;597;-27.97802;-25.50998;3;10;EXTRACT;0;
66.625;597;-27.97802;-25.50998;3;9;EXTRACT;3;
67.625;597;-27.97802;-25.50998;3;8;EXTRACT;1;
67.75;597;-27.97802;-25.50998;3;7;EXTRACT;0;
68.5625;597;-27.97802;-25.50998;3;6;EXTRACT;3;
69.6875;597;-27.97802;-25.50998;3;5;EXTRACT;1;
69.75;597;-27.97802;-25.50998;3;4;EXTRACT;0;
70.5625;597;-27.97802;-25.50998;3;3;EXTRACT;3;
71.6875;597;-27.97802;-25.50998;3;2;EXTRACT;1;
71.8125;597;-27.97802;-25.50998;3;1;EXTRACT;0;
72.5625;597;-27.97802;-25.50998;3;0;EXTRACT;3;
72.5625;597;-27.97802;-25.50998;3;0;DESTROYED;;
72.5625;602;-32.18947;32.50437;3;48;CREATED;;
144.4375;601;33.98436;5.833565;3;48;DISCOVER;3;
147.4375;601;33.98436;5.833565;3;47;EXTRACT;3;
149.5;601;33.98436;5.833565;3;46;EXTRACT;3;
151.4375;601;33.98436;5.833565;3;45;EXTRACT;3;
153.4375;601;33.98436;5.833565;3;44;EXTRACT;3;
155.4375;601;33.98436;5.833565;3;43;EXTRACT;3;
156.625;601;33.98436;5.833565;3;43;DISCOVER;0;
157.4375;601;33.98436;5.833565;3;42;EXTRACT;3;
159.4375;601;33.98436;5.833565;3;41;EXTRACT;3;
159.6875;601;33.98436;5.833565;3;40;EXTRACT;0;
161.5;601;33.98436;5.833565;3;39;EXTRACT;3;
161.6875;601;33.98436;5.833565;3;38;EXTRACT;0;
163.25;601;33.98436;5.833565;3;38;DISCOVER;1;
163.5;601;33.98436;5.833565;3;37;EXTRACT;3;
163.6875;601;33.98436;5.833565;3;36;EXTRACT;0;
165.4375;601;33.98436;5.833565;3;35;EXTRACT;3;
165.75;601;33.98436;5.833565;3;34;EXTRACT;0;
166.125;601;33.98436;5.833565;3;33;EXTRACT;1;
167.4375;601;33.98436;5.833565;3;32;EXTRACT;3;
167.75;601;33.98436;5.833565;3;31;EXTRACT;0;
168.125;601;33.98436;5.833565;3;30;EXTRACT;1;
169.4375;601;33.98436;5.833565;3;29;EXTRACT;3;
169.75;601;33.98436;5.833565;3;28;EXTRACT;0;
170.0625;601;33.98436;5.833565;3;27;EXTRACT;1;
171.4375;601;33.98436;5.833565;3;26;EXTRACT;3;
171.6875;601;33.98436;5.833565;3;25;EXTRACT;0;
171.8125;601;33.98436;5.833565;3;25;DISCOVER;2;
172.125;601;33.98436;5.833565;3;24;EXTRACT;1;
173.4375;601;33.98436;5.833565;3;23;EXTRACT;3;
173.6875;601;33.98436;5.833565;3;22;EXTRACT;0;
174.125;601;33.98436;5.833565;3;21;EXTRACT;1;
174.3125;601;33.98436;5.833565;3;20;EXTRACT;2;
175.5;601;33.98436;5.833565;3;19;EXTRACT;3;
175.6875;601;33.98436;5.833565;3;18;EXTRACT;0;
176.125;601;33.98436;5.833565;3;17;EXTRACT;1;
176.25;601;33.98436;5.833565;3;16;EXTRACT;2;
177.5;601;33.98436;5.833565;3;15;EXTRACT;3;
177.6875;601;33.98436;5.833565;3;14;EXTRACT;0;
178.125;601;33.98436;5.833565;3;13;EXTRACT;1;
178.25;601;33.98436;5.833565;3;12;EXTRACT;2;
179.5;601;33.98436;5.833565;3;11;EXTRACT;3;
179.75;601;33.98436;5.833565;3;10;EXTRACT;0;
180.125;601;33.98436;5.833565;3;9;EXTRACT;1;
180.25;601;33.98436;5.833565;3;8;EXTRACT;2;
181.4375;601;33.98436;5.833565;3;7;EXTRACT;3;
181.75;601;33.98436;5.833565;3;6;EXTRACT;0;
182.125;601;33.98436;5.833565;3;5;EXTRACT;1;
182.3125;601;33.98436;5.833565;3;4;EXTRACT;2;
183.4375;601;33.98436;5.833565;3;3;EXTRACT;3;
183.75;601;33.98436;5.833565;3;2;EXTRACT;0;
184.125;601;33.98436;5.833565;3;1;EXTRACT;1;
184.3125;601;33.98436;5.833565;3;0;EXTRACT;2;
184.3125;601;33.98436;5.833565;3;0;DESTROYED;;
184.3125;603;-28.02688;-10.46801;3;48;CREATED;;
214.8125;600;21.13267;-20.80532;3;48;DISCOVER;3;
217.5625;600;21.13267;-20.80532;3;47;EXTRACT;3;
219.5;600;21.13267;-20.80532;3;46;EXTRACT;3;
221.5;600;21.13267;-20.80532;3;45;EXTRACT;3;
222.25;600;21.13267;-20.80532;3;45;DISCOVER;1;
223.5;600;21.13267;-20.80532;3;44;EXTRACT;3;
225.375;600;21.13267;-20.80532;3;43;EXTRACT;1;
225.5;600;21.13267;-20.80532;3;42;EXTRACT;3;
227.3125;600;21.13267;-20.80532;3;41;EXTRACT;1;
227.5;600;21.13267;-20.80532;3;40;EXTRACT;3;
229.3125;600;21.13267;-20.80532;3;39;EXTRACT;1;
229.5;600;21.13267;-20.80532;3;38;EXTRACT;3;
231.3125;600;21.13267;-20.80532;3;37;EXTRACT;1;
231.5625;600;21.13267;-20.80532;3;36;EXTRACT;3;
233.3125;600;21.13267;-20.80532;3;35;EXTRACT;1;
233.5625;600;21.13267;-20.80532;3;34;EXTRACT;3;
235.375;600;21.13267;-20.80532;3;33;EXTRACT;1;
235.5625;600;21.13267;-20.80532;3;32;EXTRACT;3;
236.9375;600;21.13267;-20.80532;3;32;DISCOVER;2;
237.375;600;21.13267;-20.80532;3;31;EXTRACT;1;
237.5;600;21.13267;-20.80532;3;30;EXTRACT;3;
239.375;600;21.13267;-20.80532;3;29;EXTRACT;1;
239.5;600;21.13267;-20.80532;3;28;EXTRACT;3;
239.75;600;21.13267;-20.80532;3;27;EXTRACT;2;
241.3125;600;21.13267;-20.80532;3;26;EXTRACT;1;
241.5;600;21.13267;-20.80532;3;25;EXTRACT;3;
241.75;600;21.13267;-20.80532;3;24;EXTRACT;2;
243.3125;600;21.13267;-20.80532;3;23;EXTRACT;1;
243.5;600;21.13267;-20.80532;3;22;EXTRACT;3;
243.75;600;21.13267;-20.80532;3;21;EXTRACT;2;
245.3125;600;21.13267;-20.80532;3;20;EXTRACT;1;
245.5625;600;21.13267;-20.80532;3;19;EXTRACT;3;
245.75;600;21.13267;-20.80532;3;18;EXTRACT;2;
247.3125;600;21.13267;-20.80532;3;17;EXTRACT;1;
247.5625;600;21.13267;-20.80532;3;16;EXTRACT;3;
247.75;600;21.13267;-20.80532;3;15;EXTRACT;2;
249.375;600;21.13267;-20.80532;3;14;EXTRACT;1;
249.5;600;21.13267;-20.80532;3;13;EXTRACT;3;
249.75;600;21.13267;-20.80532;3;12;EXTRACT;2;
251.375;600;21.13267;-20.80532;3;11;EXTRACT;1;
251.5;600;21.13267;-20.80532;3;10;EXTRACT;3;
251.6875;600;21.13267;-20.80532;3;9;EXTRACT;2;
253.375;600;21.13267;-20.80532;3;8;EXTRACT;1;
253.5;600;21.13267;-20.80532;3;7;EXTRACT;3;
253.75;600;21.13267;-20.80532;3;6;EXTRACT;2;
255.375;600;21.13267;-20.80532;3;5;EXTRACT;1;
255.5;600;21.13267;-20.80532;3;4;EXTRACT;3;
255.75;600;21.13267;-20.80532;3;3;EXTRACT;2;
257.375;600;21.13267;-20.80532;3;2;EXTRACT;1;
257.5625;600;21.13267;-20.80532;3;1;EXTRACT;3;
257.75;600;21.13267;-20.80532;3;0;EXTRACT;2;
257.75;600;21.13267;-20.80532;3;0;DESTROYED;;
257.75;604;32.02469;13.58384;3;48;CREATED;;
278.6875;603;-28.02688;-10.46801;3;48;DISCOVER;0;
281.4375;603;-28.02688;-10.46801;3;47;EXTRACT;0;
283.4375;603;-28.02688;-10.46801;3;46;EXTRACT;0;
285.4375;603;-28.02688;-10.46801;3;45;EXTRACT;0;
287.5;603;-28.02688;-10.46801;3;44;EXTRACT;0;
289.5;603;-28.02688;-10.46801;3;43;EXTRACT;0;
291.5;603;-28.02688;-10.46801;3;42;EXTRACT;0;
293.4375;603;-28.02688;-10.46801;3;41;EXTRACT;0;
295.4375;603;-28.02688;-10.46801;3;40;EXTRACT;0;
295.875;603;-28.02688;-10.46801;3;40;DISCOVER;3;
296.6875;603;-28.02688;-10.46801;3;40;DISCOVER;1;
297.4375;603;-28.02688;-10.46801;3;39;EXTRACT;0;
298.625;603;-28.02688;-10.46801;3;38;EXTRACT;3;
299.5;603;-28.02688;-10.46801;3;37;EXTRACT;0;
300.5;603;-28.02688;-10.46801;3;36;EXTRACT;1;
300.625;603;-28.02688;-10.46801;3;35;EXTRACT;3;
301.5;603;-28.02688;-10.46801;3;34;EXTRACT;0;
302.5;603;-28.02688;-10.46801;3;33;EXTRACT;1;
302.625;603;-28.02688;-10.46801;3;32;EXTRACT;3;
303.5;603;-28.02688;-10.46801;3;31;EXTRACT;0;
304.5;603;-28.02688;-10.46801;3;30;EXTRACT;1;
304.625;603;-28.02688;-10.46801;3;29;EXTRACT;3;
305.5;603;-28.02688;-10.46801;3;28;EXTRACT;0;
305.5625;603;-28.02688;-10.46801;3;28;DISCOVER;2;
306.5;603;-28.02688;-10.46801;3;27;EXTRACT;1;
306.625;603;-28.02688;-10.46801;3;26;EXTRACT;3;
307.4375;603;-28.02688;-10.46801;3;25;EXTRACT;0;
308.4375;603;-28.02688;-10.46801;3;24;EXTRACT;2;
308.5;603;-28.02688;-10.46801;3;23;EXTRACT;1;
308.625;603;-28.02688;-10.46801;3;22;EXTRACT;3;
309.4375;603;-28.02688;-10.46801;3;21;EXTRACT;0;
310.4375;603;-28.02688;-10.46801;3;20;EXTRACT;2;
310.5;603;-28.02688;-10.46801;3;19;EXTRACT;1;
310.625;603;-28.02688;-10.46801;3;18;EXTRACT;3;
311.4375;603;-28.02688;-10.46801;3;17;EXTRACT;0;
312.4375;603;-28.02688;-10.46801;3;16;EXTRACT;2;
312.4375;603;-28.02688;-10.46801;3;15;EXTRACT;1;
312.625;603;-28.02688;-10.46801;3;14;EXTRACT;3;
313.4375;603;-28.02688;-10.46801;3;13;EXTRACT;0;
314.4375;603;-28.02688;-10.46801;3;12;EXTRACT;2;
314.4375;603;-28.02688;-10.46801;3;11;EXTRACT;1;
314.625;603;-28.02688;-10.46801;3;10;EXTRACT;3;
315.4375;603;-28.02688;-10.46801;3;9;EXTRACT;0;
316.4375;603;-28.02688;-10.46801;3;8;EXTRACT;2;
316.4375;603;-28.02688;-10.46801;3;7;EXTRACT;1;
316.625;603;-28.02688;-10.46801;3;6;EXTRACT;3;
317.4375;603;-28.02688;-10.46801;3;5;EXTRACT;0;
318.4375;603;-28.02688;-10.46801;3;4;EXTRACT;2;
318.4375;603;-28.02688;-10.46801;3;3;EXTRACT;1;
318.625;603;-28.02688;-10.46801;3;2;EXTRACT;3;
319.4375;603;-28.02688;-10.46801;3;1;EXTRACT;0;
320.4375;603;-28.02688;-10.46801;3;0;EXTRACT;2;
320.4375;603;-28.02688;-10.46801;3;0;DESTROYED;;
320.4375;605;6.466671;37.80399;3;48;CREATED;;
337.4375;598;-28.23507;12.05046;3;48;DISCOVER;0;
340.5625;598;-28.23507;12.05046;3;47;EXTRACT;0;
341.375;598;-28.23507;12.05046;3;47;DISCOVER;1;
342.5625;598;-28.23507;12.05046;3;46;EXTRACT;0;
344.5625;598;-28.23507;12.05046;3;45;EXTRACT;0;
345.375;598;-28.23507;12.05046;3;44;EXTRACT;1;
346.5;598;-28.23507;12.05046;3;43;EXTRACT;0;
346.625;598;-28.23507;12.05046;3;43;DISCOVER;3;
347.4375;598;-28.23507;12.05046;3;42;EXTRACT;1;
348.5;598;-28.23507;12.05046;3;41;EXTRACT;0;
349.25;598;-28.23507;12.05046;3;40;EXTRACT;3;
349.4375;598;-28.23507;12.05046;3;39;EXTRACT;1;
350.5625;598;-28.23507;12.05046;3;38;EXTRACT;0;
351.25;598;-28.23507;12.05046;3;37;EXTRACT;3;
351.375;598;-28.23507;12.05046;3;36;EXTRACT;1;
352.5625;598;-28.23507;12.05046;3;35;EXTRACT;0;
353.25;598;-28.23507;12.05046;3;34;EXTRACT;3;
353.4375;598;-28.23507;12.05046;3;33;EXTRACT;1;
354.5625;598;-28.23507;12.05046;3;32;EXTRACT;0;
355.25;598;-28.23507;12.05046;3;31;EXTRACT;3;
355.375;598;-28.23507;12.05046;3;30;EXTRACT;1;
356.5;598;-28.23507;12.05046;3;29;EXTRACT;0;
357.25;598;-28.23507;12.05046;3;28;EXTRACT;3;
357.4375;598;-28.23507;12.05046;3;27;EXTRACT;1;
358.5625;598;-28.23507;12.05046;3;26;EXTRACT;0;
359.25;598;-28.23507;12.05046;3;25;EXTRACT;3;
359.4375;598;-28.23507;12.05046;3;24;EXTRACT;1;
360.5625;598;-28.23507;12.05046;3;23;EXTRACT;0;
361.25;598;-28.23507;12.05046;3;22;EXTRACT;3;
361.4375;598;-28.23507;12.05046;3;21;EXTRACT;1;
362.5625;598;-28.23507;12.05046;3;20;EXTRACT;0;
363.25;598;-28.23507;12.05046;3;19;EXTRACT;3;
363.4375;598;-28.23507;12.05046;3;18;EXTRACT;1;
364.5;598;-28.23507;12.05046;3;17;EXTRACT;0;
365.25;598;-28.23507;12.05046;3;16;EXTRACT;3;
365.4375;598;-28.23507;12.05046;3;15;EXTRACT;1;
366.5625;598;-28.23507;12.05046;3;14;EXTRACT;0;
367.25;598;-28.23507;12.05046;3;13;EXTRACT;3;
367.4375;598;-28.23507;12.05046;3;12;EXTRACT;1;
368.5625;598;-28.23507;12.05046;3;11;EXTRACT;0;
369.25;598;-28.23507;12.05046;3;10;EXTRACT;3;
369.4375;598;-28.23507;12.05046;3;9;EXTRACT;1;
370.5625;598;-28.23507;12.05046;3;8;EXTRACT;0;
371.25;598;-28.23507;12.05046;3;7;EXTRACT;3;
371.4375;598;-28.23507;12.05046;3;6;EXTRACT;1;
372.5625;598;-28.23507;12.05046;3;5;EXTRACT;0;
373.25;598;-28.23507;12.05046;3;4;EXTRACT;3;
373.4375;598;-28.23507;12.05046;3;3;EXTRACT;1;
374.5;598;-28.23507;12.05046;3;2;EXTRACT;0;
375.25;598;-28.23507;12.05046;3;1;EXTRACT;3;
375.4375;598;-28.23507;12.05046;3;0;EXTRACT;1;
375.4375;598;-28.23507;12.05046;3;0;DESTROYED;;
375.4375;606;3.778133;32.06819;3;48;CREATED;;
405.375;606;3.778133;32.06819;3;48;DISCOVER;1;
406.625;605;6.466671;37.80399;3;48;DISCOVER;2;
409.125;606;3.778133;32.06819;3;47;EXTRACT;1;
409.4375;605;6.466671;37.80399;3;47;EXTRACT;2;
411.125;606;3.778133;32.06819;3;46;EXTRACT;1;
411.4375;605;6.466671;37.80399;3;46;EXTRACT;2;
413.125;606;3.778133;32.06819;3;45;EXTRACT;1;
413.4375;605;6.466671;37.80399;3;45;EXTRACT;2;
415;606;3.778133;32.06819;3;45;DISCOVER;3;
415.125;606;3.778133;32.06819;3;44;EXTRACT;1;
415.4375;605;6.466671;37.80399;3;44;EXTRACT;2;
417.125;606;3.778133;32.06819;3;43;EXTRACT;1;
417.4375;605;6.466671;37.80399;3;43;EXTRACT;2;
417.8125;606;3.778133;32.06819;3;42;EXTRACT;3;
419.125;606;3.778133;32.06819;3;41;EXTRACT;1;
419.4375;605;6.466671;37.80399;3;42;EXTRACT;2;
419.8125;606;3.778133;32.06819;3;40;EXTRACT;3;
421.125;606;3.778133;32.06819;3;39;EXTRACT;1;
421.4375;605;6.466671;37.80399;3;41;EXTRACT;2;
421.875;606;3.778133;32.06819;3;38;EXTRACT;3;
423.125;606;3.778133;32.06819;3;37;EXTRACT;1;
423.4375;605;6.466671;37.80399;3;40;EXTRACT;2;
423.875;606;3.778133;32.06819;3;36;EXTRACT;3;
425.125;606;3.778133;32.06819;3;35;EXTRACT;1;
425.4375;605;6.466671;37.80399;3;39;EXTRACT;2;
425.875;606;3.778133;32.06819;3;34;EXTRACT;3;
427.125;606;3.778133;32.06819;3;33;EXTRACT;1;
427.4375;605;6.466671;37.80399;3;38;EXTRACT;2;
427.875;606;3.778133;32.06819;3;32;EXTRACT;3;
429.125;606;3.778133;32.06819;3;31;EXTRACT;1;
429.4375;605;6.466671;37.80399;3;37;EXTRACT;2;
429.8125;606;3.778133;32.06819;3;30;EXTRACT;3;
431.125;606;3.778133;32.06819;3;29;EXTRACT;1;
431.4375;605;6.466671;37.80399;3;36;EXTRACT;2;
431.875;606;3.778133;32.06819;3;28;EXTRACT;3;
433.125;606;3.778133;32.06819;3;27;EXTRACT;1;
433.4375;605;6.466671;37.80399;3;35;EXTRACT;2;
433.875;606;3.778133;32.06819;3;26;EXTRACT;3;
435.125;606;3.778133;32.06819;3;25;EXTRACT;1;
435.4375;605;6.466671;37.80399;3;34;EXTRACT;2;
435.875;606;3.778133;32.06819;3;24;EXTRACT;3;
437.125;606;3.778133;32.06819;3;23;EXTRACT;1;
437.4375;605;6.466671;37.80399;3;33;EXTRACT;2;
437.875;606;3.778133;32.06819;3;22;EXTRACT;3;
439.125;606;3.778133;32.06819;3;21;EXTRACT;1;
439.4375;605;6.466671;37.80399;3;32;EXTRACT;2;
439.875;606;3.778133;32.06819;3;20;EXTRACT;3;
441.125;606;3.778133;32.06819;3;19;EXTRACT;1;
441.4375;605;6.466671;37.80399;3;31;EXTRACT;2;
441.8125;606;3.778133;32.06819;3;18;EXTRACT;3;
443.125;606;3.778133;32.06819;3;17;EXTRACT;1;
443.4375;605;6.466671;37.80399;3;30;EXTRACT;2;
443.875;606;3.778133;32.06819;3;16;EXTRACT;3;
445.125;606;3.778133;32.06819;3;15;EXTRACT;1;
445.4375;605;6.466671;37.80399;3;29;EXTRACT;2;
445.875;606;3.778133;32.06819;3;14;EXTRACT;3;
447.125;606;3.778133;32.06819;3;13;EXTRACT;1;
447.4375;605;6.466671;37.80399;3;28;EXTRACT;2;
447.875;606;3.778133;32.06819;3;12;EXTRACT;3;
449.125;606;3.778133;32.06819;3;11;EXTRACT;1;
449.4375;605;6.466671;37.80399;3;27;EXTRACT;2;
449.875;606;3.778133;32.06819;3;10;EXTRACT;3;
451.125;606;3.778133;32.06819;3;9;EXTRACT;1;
451.4375;605;6.466671;37.80399;3;26;EXTRACT;2;
451.875;606;3.778133;32.06819;3;8;EXTRACT;3;
453.125;606;3.778133;32.06819;3;7;EXTRACT;1;
453.4375;605;6.466671;37.80399;3;25;EXTRACT;2;
453.8125;606;3.778133;32.06819;3;6;EXTRACT;3;
455.125;606;3.778133;32.06819;3;5;EXTRACT;1;
455.4375;605;6.466671;37.80399;3;24;EXTRACT;2;
455.8125;606;3.778133;32.06819;3;4;EXTRACT;3;
457.125;606;3.778133;32.06819;3;3;EXTRACT;1;
457.4375;605;6.466671;37.80399;3;23;EXTRACT;2;
457.875;606;3.778133;32.06819;3;2;EXTRACT;3;
459.125;606;3.778133;32.06819;3;1;EXTRACT;1;
459.4375;605;6.466671;37.80399;3;22;EXTRACT;2;
459.875;606;3.778133;32.06819;3;0;EXTRACT;3;
459.8125;606;3.778133;32.06819;3;0;DESTROYED;;
459.875;607;16.77233;22.12667;3;48;CREATED;;
461.4375;605;6.466671;37.80399;3;21;EXTRACT;2;
463.4375;605;6.466671;37.80399;3;20;EXTRACT;2;
463.9375;605;6.466671;37.80399;3;20;DISCOVER;3;
465.4375;605;6.466671;37.80399;3;19;EXTRACT;2;
466.6875;605;6.466671;37.80399;3;18;EXTRACT;3;
467.4375;605;6.466671;37.80399;3;17;EXTRACT;2;
468.6875;605;6.466671;37.80399;3;16;EXTRACT;3;
469.1875;605;6.466671;37.80399;3;16;DISCOVER;1;
469.4375;605;6.466671;37.80399;3;15;EXTRACT;2;
470.6875;605;6.466671;37.80399;3;14;EXTRACT;3;
471.4375;605;6.466671;37.80399;3;13;EXTRACT;2;
472.6875;605;6.466671;37.80399;3;12;EXTRACT;3;
473;605;6.466671;37.80399;3;11;EXTRACT;1;
473.4375;605;6.466671;37.80399;3;10;EXTRACT;2;
474.6875;605;6.466671;37.80399;3;9;EXTRACT;3;
475;605;6.466671;37.80399;3;8;EXTRACT;1;
475.4375;605;6.466671;37.80399;3;7;EXTRACT;2;
476.6875;605;6.466671;37.80399;3;6;EXTRACT;3;
477;605;6.466671;37.80399;3;5;EXTRACT;1;
477.4375;605;6.466671;37.80399;3;4;EXTRACT;2;
478.6875;605;6.466671;37.80399;3;3;EXTRACT;3;
478.9375;605;6.466671;37.80399;3;2;EXTRACT;1;
479.4375;605;6.466671;37.80399;3;1;EXTRACT;2;
480.6875;605;6.466671;37.80399;3;0;EXTRACT;3;
480.6875;605;6.466671;37.80399;3;0;DESTROYED;;
480.6875;608;-20.75991;-7.845253;3;48;CREATED;;
496.8125;607;16.77233;22.12667;3;48;DISCOVER;1;
499.875;607;16.77233;22.12667;3;48;DISCOVER;3;
500.625;607;16.77233;22.12667;3;47;EXTRACT;1;
502.625;607;16.77233;22.12667;3;46;EXTRACT;1;
502.8125;607;16.77233;22.12667;3;45;EXTRACT;3;
502.875;607;16.77233;22.12667;3;45;DISCOVER;2;
504.625;607;16.77233;22.12667;3;44;EXTRACT;1;
504.8125;607;16.77233;22.12667;3;43;EXTRACT;3;
505.375;607;16.77233;22.12667;3;42;EXTRACT;2;
506.625;607;16.77233;22.12667;3;41;EXTRACT;1;
506.8125;607;16.77233;22.12667;3;40;EXTRACT;3;
507.375;607;16.77233;22.12667;3;39;EXTRACT;2;
508.625;607;16.77233;22.12667;3;38;EXTRACT;1;
508.8125;607;16.77233;22.12667;3;37;EXTRACT;3;
509.375;607;16.77233;22.12667;3;36;EXTRACT;2;
510.625;607;16.77233;22.12667;3;35;EXTRACT;1;
510.8125;607;16.77233;22.12667;3;34;EXTRACT;3;
511.3125;607;16.77233;22.12667;3;33;EXTRACT;2;
512.625;607;16.77233;22.12667;3;32;EXTRACT;1;
512.8125;607;16.77233;22.12667;3;31;EXTRACT;3;
513.3125;607;16.77233;22.12667;3;30;EXTRACT;2;
513.9375;607;16.77233;22.12667;3;30;DISCOVER;0;
514.625;607;16.77233;22.12667;3;29;EXTRACT;1;
514.8125;607;16.77233;22.12667;3;28;EXTRACT;3;
515.3125;607;16.77233;22.12667;3;27;EXTRACT;2;
516.625;607;16.77233;22.12667;3;26;EXTRACT;1;
516.75;607;16.77233;22.12667;3;25;EXTRACT;0;
516.8125;607;16.77233;22.12667;3;24;EXTRACT;3;
517.3125;607;16.77233;22.12667;3;23;EXTRACT;2;
518.625;607;16.77233;22.12667;3;22;EXTRACT;1;
518.75;607;16.77233;22.12667;3;21;EXTRACT;0;
518.8125;607;16.77233;22.12667;3;20;EXTRACT;3;
519.375;607;16.77233;22.12667;3;19;EXTRACT;2;
520.625;607;16.77233;22.12667;3;18;EXTRACT;1;
520.75;607;16.77233;22.12667;3;17;EXTRACT;0;
520.875;607;16.77233;22.12667;3;16;EXTRACT;3;
521.375;607;16.77233;22.12667;3;15;EXTRACT;2;
522.625;607;16.77233;22.12667;3;14;EXTRACT;1;
522.75;607;16.77233;22.12667;3;13;EXTRACT;0;
522.8125;607;16.77233;22.12667;3;12;EXTRACT;3;
523.375;607;16.77233;22.12667;3;11;EXTRACT;2;
524.625;607;16.77233;22.12667;3;10;EXTRACT;1;
524.75;607;16.77233;22.12667;3;9;EXTRACT;0;
524.8125;607;16.77233;22.12667;3;8;EXTRACT;3;
525.375;607;16.77233;22.12667;3;7;EXTRACT;2;
526.625;607;16.77233;22.12667;3;6;EXTRACT;1;
526.75;607;16.77233;22.12667;3;5;EXTRACT;0;
526.8125;607;16.77233;22.12667;3;4;EXTRACT;3;
527.375;607;16.77233;22.12667;3;3;EXTRACT;2;
528.625;607;16.77233;22.12667;3;2;EXTRACT;1;
528.75;607;16.77233;22.12667;3;1;EXTRACT;0;
528.8125;607;16.77233;22.12667;3;0;EXTRACT;3;
528.75;607;16.77233;22.12667;3;0;DESTROYED;;
528.8125;609;24.91755;27.84876;3;48;CREATED;;
598.3125;599;-10.42289;-31.60995;3;48;DISCOVER;1;
602.0625;599;-10.42289;-31.60995;3;47;EXTRACT;1;
602.6875;599;-10.42289;-31.60995;3;47;DISCOVER;3;
603.9375;599;-10.42289;-31.60995;3;47;DISCOVER;2;
604.0625;599;-10.42289;-31.60995;3;46;EXTRACT;1;
605.375;599;-10.42289;-31.60995;3;45;EXTRACT;3;
606.0625;599;-10.42289;-31.60995;3;44;EXTRACT;1;
606.625;599;-10.42289;-31.60995;3;43;EXTRACT;2;
607.375;599;-10.42289;-31.60995;3;42;EXTRACT;3;
608.0625;599;-10.42289;-31.60995;3;41;EXTRACT;1;
608.625;599;-10.42289;-31.60995;3;40;EXTRACT;2;
609.4375;599;-10.42289;-31.60995;3;39;EXTRACT;3;
610.0625;599;-10.42289;-31.60995;3;38;EXTRACT;1;
610.625;599;-10.42289;-31.60995;3;37;EXTRACT;2;
611.4375;599;-10.42289;-31.60995;3;36;EXTRACT;3;
612.0625;599;-10.42289;-31.60995;3;35;EXTRACT;1;
612.625;599;-10.42289;-31.60995;3;34;EXTRACT;2;
613.4375;599;-10.42289;-31.60995;3;33;EXTRACT;3;
614.0625;599;-10.42289;-31.60995;3;32;EXTRACT;1;
614.625;599;-10.42289;-31.60995;3;31;EXTRACT;2;
615.4375;599;-10.42289;-31.60995;3;30;EXTRACT;3;
616.0625;599;-10.42289;-31.60995;3;29;EXTRACT;1;
616.625;599;-10.42289;-31.60995;3;28;EXTRACT;2;
617.375;599;-10.42289;-31.60995;3;27;EXTRACT;3;
618.0625;599;-10.42289;-31.60995;3;26;EXTRACT;1;
618.625;599;-10.42289;-31.60995;3;25;EXTRACT;2;
619.375;599;-10.42289;-31.60995;3;24;EXTRACT;3;
620.0625;599;-10.42289;-31.60995;3;23;EXTRACT;1;
620.625;599;-10.42289;-31.60995;3;22;EXTRACT;2;
621.1875;599;-10.42289;-31.60995;3;22;DISCOVER;0;
621.4375;599;-10.42289;-31.60995;3;21;EXTRACT;3;
622.0625;599;-10.42289;-31.60995;3;20;EXTRACT;1;
622.625;599;-10.42289;-31.60995;3;19;EXTRACT;2;
623.4375;599;-10.42289;-31.60995;3;18;EXTRACT;3;
624.0625;599;-10.42289;-31.60995;3;17;EXTRACT;1;
624.1875;599;-10.42289;-31.60995;3;16;EXTRACT;0;
624.625;599;-10.42289;-31.60995;3;15;EXTRACT;2;
625.4375;599;-10.42289;-31.60995;3;14;EXTRACT;3;
626.0625;599;-10.42289;-31.60995;3;13;EXTRACT;1;
626.1875;599;-10.42289;-31.60995;3;12;EXTRACT;0;
626.625;599;-10.42289;-31.60995;3;11;EXTRACT;2;
627.4375;599;-10.42289;-31.60995;3;10;EXTRACT;3;
628.0625;599;-10.42289;-31.60995;3;9;EXTRACT;1;
628.25;599;-10.42289;-31.60995;3;8;EXTRACT;0;
628.625;599;-10.42289;-31.60995;3;7;EXTRACT;2;
629.4375;599;-10.42289;-31.60995;3;6;EXTRACT;3;
630.0625;599;-10.42289;-31.60995;3;5;EXTRACT;1;
630.1875;599;-10.42289;-31.60995;3;4;EXTRACT;0;
630.625;599;-10.42289;-31.60995;3;3;EXTRACT;2;
631.4375;599;-10.42289;-31.60995;3;2;EXTRACT;3;
632.0625;599;-10.42289;-31.60995;3;1;EXTRACT;1;
632.1875;599;-10.42289;-31.60995;3;0;EXTRACT;0;
632.1875;599;-10.42289;-31.60995;3;0;DESTROYED;;
632.1875;610;-23.96353;2.614838;3;48;CREATED;;
659.75;608;-20.75991;-7.845253;3;48;DISCOVER;0;
663.25;608;-20.75991;-7.845253;3;47;EXTRACT;0;
665.25;608;-20.75991;-7.845253;3;46;EXTRACT;0;
667.1875;608;-20.75991;-7.845253;3;45;EXTRACT;0;
669.1875;608;-20.75991;-7.845253;3;44;EXTRACT;0;
671.1875;608;-20.75991;-7.845253;3;43;EXTRACT;0;
672.25;608;-20.75991;-7.845253;3;43;DISCOVER;3;
673.25;608;-20.75991;-7.845253;3;42;EXTRACT;0;
675.125;608;-20.75991;-7.845253;3;41;EXTRACT;3;
675.25;608;-20.75991;-7.845253;3;40;EXTRACT;0;
675.5625;608;-20.75991;-7.845253;3;40;DISCOVER;1;
677.125;608;-20.75991;-7.845253;3;39;EXTRACT;3;
677.25;608;-20.75991;-7.845253;3;38;EXTRACT;0;
679.125;608;-20.75991;-7.845253;3;37;EXTRACT;3;
679.25;608;-20.75991;-7.845253;3;36;EXTRACT;0;
679.25;608;-20.75991;-7.845253;3;35;EXTRACT;1;
681.125;608;-20.75991;-7.845253;3;34;EXTRACT;3;
681.1875;608;-20.75991;-7.845253;3;33;EXTRACT;0;
681.25;608;-20.75991;-7.845253;3;32;EXTRACT;1;
683.125;608;-20.75991;-7.845253;3;31;EXTRACT;3;
683.1875;608;-20.75991;-7.845253;3;30;EXTRACT;0;
683.25;608;-20.75991;-7.845253;3;29;EXTRACT;1;
685.125;608;-20.75991;-7.845253;3;28;EXTRACT;3;
685.1875;608;-20.75991;-7.845253;3;27;EXTRACT;0;
685.25;608;-20.75991;-7.845253;3;26;EXTRACT;1;
687.125;608;-20.75991;-7.845253;3;25;EXTRACT;3;
687.25;608;-20.75991;-7.845253;3;24;EXTRACT;0;
687.25;608;-20.75991;-7.845253;3;23;EXTRACT;1;
688.6875;610;-23.96353;2.614838;3;48;DISCOVER;2;
689.125;608;-20.75991;-7.845253;3;22;EXTRACT;3;
689.25;608;-20.75991;-7.845253;3;21;EXTRACT;0;
689.25;608;-20.75991;-7.845253;3;20;EXTRACT;1;
691.125;608;-20.75991;-7.845253;3;19;EXTRACT;3;
691.25;608;-20.75991;-7.845253;3;18;EXTRACT;0;
691.25;608;-20.75991;-7.845253;3;17;EXTRACT;1;
691.5;610;-23.96353;2.614838;3;47;EXTRACT;2;
693.125;608;-20.75991;-7.845253;3;16;EXTRACT;3;
693.25;608;-20.75991;-7.845253;3;15;EXTRACT;0;
693.25;608;-20.75991;-7.845253;3;14;EXTRACT;1;
693.5;610;-23.96353;2.614838;3;46;EXTRACT;2;
695.125;608;-20.75991;-7.845253;3;13;EXTRACT;3;
695.25;608;-20.75991;-7.845253;3;12;EXTRACT;0;
695.25;608;-20.75991;-7.845253;3;11;EXTRACT;1;
695.5;610;-23.96353;2.614838;3;45;EXTRACT;2;
697.125;608;-20.75991;-7.845253;3;10;EXTRACT;3;
697.1875;608;-20.75991;-7.845253;3;9;EXTRACT;0;
697.3125;608;-20.75991;-7.845253;3;8;EXTRACT;1;
697.5;610;-23.96353;2.614838;3;44;EXTRACT;2;
699.125;608;-20.75991;-7.845253;3;7;EXTRACT;3;
699.1875;608;-20.75991;-7.845253;3;6;EXTRACT;0;
699.3125;608;-20.75991;-7.845253;3;5;EXTRACT;1;
699.5;610;-23.96353;2.614838;3;43;EXTRACT;2;
701.125;608;-20.75991;-7.845253;3;4;EXTRACT;3;
701.1875;608;-20.75991;-7.845253;3;3;EXTRACT;0;
701.3125;608;-20.75991;-7.845253;3;2;EXTRACT;1;
701.5;610;-23.96353;2.614838;3;42;EXTRACT;2;
703.125;608;-20.75991;-7.845253;3;1;EXTRACT;3;
703.1875;608;-20.75991;-7.845253;3;0;EXTRACT;0;
703.1875;608;-20.75991;-7.845253;3;0;DESTROYED;;
703.1875;611;-22.72682;-21.52617;3;48;CREATED;;
703.5;610;-23.96353;2.614838;3;41;EXTRACT;2;
705.5;610;-23.96353;2.614838;3;40;EXTRACT;2;
707.5;610;-23.96353;2.614838;3;39;EXTRACT;2;
709.5;610;-23.96353;2.614838;3;38;EXTRACT;2;
709.75;610;-23.96353;2.614838;3;38;DISCOVER;1;
710.0625;610;-23.96353;2.614838;3;38;DISCOVER;3;
711.5;610;-23.96353;2.614838;3;37;EXTRACT;2;
712.8125;610;-23.96353;2.614838;3;37;DISCOVER;0;
713;610;-23.96353;2.614838;3;36;EXTRACT;3;
713.375;610;-23.96353;2.614838;3;35;EXTRACT;1;
713.5;610;-23.96353;2.614838;3;34;EXTRACT;2;
715;610;-23.96353;2.614838;3;33;EXTRACT;3;
715.3125;610;-23.96353;2.614838;3;32;EXTRACT;1;
715.5;610;-23.96353;2.614838;3;31;EXTRACT;2;
715.625;610;-23.96353;2.614838;3;30;EXTRACT;0;
717;610;-23.96353;2.614838;3;29;EXTRACT;3;
717.3125;610;-23.96353;2.614838;3;28;EXTRACT;1;
717.5;610;-23.96353;2.614838;3;27;EXTRACT;2;
717.625;610;-23.96353;2.614838;3;26;EXTRACT;0;
719;610;-23.96353;2.614838;3;25;EXTRACT;3;
719.3125;610;-23.96353;2.614838;3;24;EXTRACT;1;
719.5;610;-23.96353;2.614838;3;23;EXTRACT;2;
719.5625;610;-23.96353;2.614838;3;22;EXTRACT;0;
