Time;PatchID;PositionX;PositionZ;Radius;CoinAmount;PatchEvent;TriggerPlayer;
0;0;8.510548;15.1252;3;48;CREATED;;
0;1;42.16799;-9.032021;3;48;CREATED;;
0;2;5.565933;32.32314;3;48;CREATED;;
0;3;-9.927837;-38.08048;3;48;CREATED;;
0;4;43.82874;16.00661;3;48;CREATED;;
21.85156;3;-9.927837;-38.08048;3;48;DISCOVER;1;
25.30469;3;-9.927837;-38.08048;3;47;EXTRACT;1;
27.3125;3;-9.927837;-38.08048;3;46;EXTRACT;1;
29.27734;3;-9.927837;-38.08048;3;45;EXTRACT;1;
31.125;0;8.510548;15.1252;3;48;DISCOVER;3;
31.28906;3;-9.927837;-38.08048;3;44;EXTRACT;1;
33.29297;3;-9.927837;-38.08048;3;43;EXTRACT;1;
34.25391;0;8.510548;15.1252;3;47;EXTRACT;3;
35.30078;3;-9.927837;-38.08048;3;42;EXTRACT;1;
36.22266;0;8.510548;15.1252;3;46;EXTRACT;3;
37.30469;3;-9.927837;-38.08048;3;41;EXTRACT;1;
38.22656;0;8.510548;15.1252;3;45;EXTRACT;3;
39.3125;3;-9.927837;-38.08048;3;40;EXTRACT;1;
40.24219;0;8.510548;15.1252;3;44;EXTRACT;3;
41.28516;3;-9.927837;-38.08048;3;39;EXTRACT;1;
42.24609;0;8.510548;15.1252;3;43;EXTRACT;3;
43.28906;3;-9.927837;-38.08048;3;38;EXTRACT;1;
44.25;0;8.510548;15.1252;3;42;EXTRACT;3;
45.29297;3;-9.927837;-38.08048;3;37;EXTRACT;1;
46.25781;0;8.510548;15.1252;3;41;EXTRACT;3;
47.29688;3;-9.927837;-38.08048;3;36;EXTRACT;1;
48.26172;0;8.510548;15.1252;3;40;EXTRACT;3;
48.78125;0;8.510548;15.1252;3;40;DISCOVER;0;
49.30078;3;-9.927837;-38.08048;3;35;EXTRACT;1;
50.26563;0;8.510548;15.1252;3;39;EXTRACT;3;
51.30859;3;-9.927837;-38.08048;3;34;EXTRACT;1;
51.75;0;8.510548;15.1252;3;38;EXTRACT;0;
52.26953;0;8.510548;15.1252;3;37;EXTRACT;3;
53.3125;3;-9.927837;-38.08048;3;33;EXTRACT;1;
53.43359;0;8.510548;15.1252;3;37;DISCOVER;2;
53.75391;0;8.510548;15.1252;3;36;EXTRACT;0;
54.23438;0;8.510548;15.1252;3;35;EXTRACT;3;
55.27734;3;-9.927837;-38.08048;3;32;EXTRACT;1;
55.75781;0;8.510548;15.1252;3;34;EXTRACT;0;
56.24219;0;8.510548;15.1252;3;33;EXTRACT;3;
56.67969;0;8.510548;15.1252;3;32;EXTRACT;2;
57.28125;3;-9.927837;-38.08048;3;31;EXTRACT;1;
57.76172;0;8.510548;15.1252;3;31;EXTRACT;0;
58.24219;0;8.510548;15.1252;3;30;EXTRACT;3;
58.68359;0;8.510548;15.1252;3;29;EXTRACT;2;
59.28516;3;-9.927837;-38.08048;3;30;EXTRACT;1;
59.76563;0;8.510548;15.1252;3;28;EXTRACT;0;
60.28906;0;8.510548;15.1252;3;27;EXTRACT;3;
60.6875;0;8.510548;15.1252;3;26;EXTRACT;2;
61.28906;3;-9.927837;-38.08048;3;29;EXTRACT;1;
61.76953;0;8.510548;15.1252;3;25;EXTRACT;0;
62.28906;0;8.510548;15.1252;3;24;EXTRACT;3;
62.69141;0;8.510548;15.1252;3;23;EXTRACT;2;
63.29297;3;-9.927837;-38.08048;3;28;EXTRACT;1;
63.73047;0;8.510548;15.1252;3;22;EXTRACT;0;
64.29297;0;8.510548;15.1252;3;21;EXTRACT;3;
64.69531;0;8.510548;15.1252;3;20;EXTRACT;2;
65.29688;3;-9.927837;-38.08048;3;27;EXTRACT;1;
65.73828;0;8.510548;15.1252;3;19;EXTRACT;0;
66.29688;0;8.510548;15.1252;3;18;EXTRACT;3;
66.69922;0;8.510548;15.1252;3;17;EXTRACT;2;
67.30078;3;-9.927837;-38.08048;3;26;EXTRACT;1;
67.73828;0;8.510548;15.1252;3;16;EXTRACT;0;
68.30078;0;8.510548;15.1252;3;15;EXTRACT;3;
68.69922;0;8.510548;15.1252;3;14;EXTRACT;2;
69.30078;3;-9.927837;-38.08048;3;25;EXTRACT;1;
69.74219;0;8.510548;15.1252;3;13;EXTRACT;0;
70.30469;0;8.510548;15.1252;3;12;EXTRACT;3;
70.70313;0;8.510548;15.1252;3;11;EXTRACT;2;
71.30469;3;-9.927837;-38.08048;3;24;EXTRACT;1;
71.74609;0;8.510548;15.1252;3;10;EXTRACT;0;
72.26563;0;8.510548;15.1252;3;9;EXTRACT;3;
72.70703;0;8.510548;15.1252;3;8;EXTRACT;2;
73.30859;3;-9.927837;-38.08048;3;23;EXTRACT;1;
73.74609;0;8.510548;15.1252;3;7;EXTRACT;0;
74.26953;0;8.510548;15.1252;3;6;EXTRACT;3;
74.71094;0;8.510548;15.1252;3;5;EXTRACT;2;
75.30859;3;-9.927837;-38.08048;3;22;EXTRACT;1;
75.75;0;8.510548;15.1252;3;4;EXTRACT;0;
76.26953;0;8.510548;15.1252;3;3;EXTRACT;3;
76.71094;0;8.510548;15.1252;3;2;EXTRACT;2;
77.3125;3;-9.927837;-38.08048;3;21;EXTRACT;1;
77.75391;0;8.510548;15.1252;3;1;EXTRACT;0;
78.27344;0;8.510548;15.1252;3;0;EXTRACT;3;
78.23828;0;8.510548;15.1252;3;0;DESTROYED;;
78.27344;5;23.28481;-39.02906;3;48;CREATED;;
79.31641;3;-9.927837;-38.08048;3;20;EXTRACT;1;
81.28125;3;-9.927837;-38.08048;3;19;EXTRACT;1;
83.28906;3;-9.927837;-38.08048;3;18;EXTRACT;1;
85.29688;3;-9.927837;-38.08048;3;17;EXTRACT;1;
87.29688;3;-9.927837;-38.08048;3;16;EXTRACT;1;
89.30469;3;-9.927837;-38.08048;3;15;EXTRACT;1;
91.3125;3;-9.927837;-38.08048;3;14;EXTRACT;1;
93.31641;3;-9.927837;-38.08048;3;13;EXTRACT;1;
95.28125;3;-9.927837;-38.08048;3;12;EXTRACT;1;
97.28516;3;-9.927837;-38.08048;3;11;EXTRACT;1;
99.28906;3;-9.927837;-38.08048;3;10;EXTRACT;1;
101.2969;3;-9.927837;-38.08048;3;9;EXTRACT;1;
103.3047;3;-9.927837;-38.08048;3;8;EXTRACT;1;
105.3086;3;-9.927837;-38.08048;3;7;EXTRACT;1;
107.3125;3;-9.927837;-38.08048;3;6;EXTRACT;1;
109.2813;3;-9.927837;-38.08048;3;5;EXTRACT;1;
111.2852;3;-9.927837;-38.08048;3;4;EXTRACT;1;
113.2852;3;-9.927837;-38.08048;3;3;EXTRACT;1;
114.5273;3;-9.927837;-38.08048;3;3;DISCOVER;3;
115.293;3;-9.927837;-38.08048;3;2;EXTRACT;1;
116.457;3;-9.927837;-38.08048;3;2;DISCOVER;0;
117.2578;3;-9.927837;-38.08048;3;1;EXTRACT;3;
117.2969;3;-9.927837;-38.08048;3;0;EXTRACT;1;
117.2773;3;-9.927837;-38.08048;3;0;DESTROYED;;
117.2969;6;34.16009;-21.65226;3;48;CREATED;;
172.5859;1;42.16799;-9.032021;3;48;DISCOVER;3;
176.1953;1;42.16799;-9.032021;3;47;EXTRACT;3;
178.2031;1;42.16799;-9.032021;3;46;EXTRACT;3;
180.1719;1;42.16799;-9.032021;3;45;EXTRACT;3;
182.1758;1;42.16799;-9.032021;3;44;EXTRACT;3;
184.1836;1;42.16799;-9.032021;3;43;EXTRACT;3;
186.1875;1;42.16799;-9.032021;3;42;EXTRACT;3;
188.1914;1;42.16799;-9.032021;3;41;EXTRACT;3;
190.1992;1;42.16799;-9.032021;3;40;EXTRACT;3;
192.2031;1;42.16799;-9.032021;3;39;EXTRACT;3;
194.2109;1;42.16799;-9.032021;3;38;EXTRACT;3;
196.1719;1;42.16799;-9.032021;3;37;EXTRACT;3;
198.1758;1;42.16799;-9.032021;3;36;EXTRACT;3;
198.5391;1;42.16799;-9.032021;3;36;DISCOVER;2;
198.6992;2;5.565933;32.32314;3;48;DISCOVER;1;
200.1797;1;42.16799;-9.032021;3;35;EXTRACT;3;
202.1836;1;42.16799;-9.032021;3;34;EXTRACT;3;
202.3047;1;42.16799;-9.032021;3;33;EXTRACT;2;
202.4648;2;5.565933;32.32314;3;47;EXTRACT;1;
204.1914;1;42.16799;-9.032021;3;32;EXTRACT;3;
204.3086;1;42.16799;-9.032021;3;31;EXTRACT;2;
204.4688;2;5.565933;32.32314;3;46;EXTRACT;1;
206.1953;1;42.16799;-9.032021;3;30;EXTRACT;3;
206.3164;1;42.16799;-9.032021;3;29;EXTRACT;2;
206.4766;2;5.565933;32.32314;3;45;EXTRACT;1;
208.1992;1;42.16799;-9.032021;3;28;EXTRACT;3;
208.3203;1;42.16799;-9.032021;3;27;EXTRACT;2;
208.4805;2;5.565933;32.32314;3;44;EXTRACT;1;
210.2031;1;42.16799;-9.032021;3;26;EXTRACT;3;
210.3242;1;42.16799;-9.032021;3;25;EXTRACT;2;
210.4844;2;5.565933;32.32314;3;43;EXTRACT;1;
212.1719;1;42.16799;-9.032021;3;24;EXTRACT;3;
212.332;1;42.16799;-9.032021;3;23;EXTRACT;2;
212.4531;2;5.565933;32.32314;3;42;EXTRACT;1;
214.2148;1;42.16799;-9.032021;3;22;EXTRACT;3;
214.3359;1;42.16799;-9.032021;3;21;EXTRACT;2;
214.457;2;5.565933;32.32314;3;41;EXTRACT;1;
216.2188;1;42.16799;-9.032021;3;20;EXTRACT;3;
216.3398;1;42.16799;-9.032021;3;19;EXTRACT;2;
216.4609;2;5.565933;32.32314;3;40;EXTRACT;1;
218.1875;1;42.16799;-9.032021;3;18;EXTRACT;3;
218.3086;1;42.16799;-9.032021;3;17;EXTRACT;2;
218.4688;2;5.565933;32.32314;3;39;EXTRACT;1;
220.1992;1;42.16799;-9.032021;3;16;EXTRACT;3;
220.3203;1;42.16799;-9.032021;3;15;EXTRACT;2;
220.4805;2;5.565933;32.32314;3;38;EXTRACT;1;
222.2031;1;42.16799;-9.032021;3;14;EXTRACT;3;
222.3242;1;42.16799;-9.032021;3;13;EXTRACT;2;
222.4844;2;5.565933;32.32314;3;37;EXTRACT;1;
224.2109;1;42.16799;-9.032021;3;12;EXTRACT;3;
224.332;1;42.16799;-9.032021;3;11;EXTRACT;2;
224.4531;2;5.565933;32.32314;3;36;EXTRACT;1;
226.2188;1;42.16799;-9.032021;3;10;EXTRACT;3;
226.3398;1;42.16799;-9.032021;3;9;EXTRACT;2;
226.4609;2;5.565933;32.32314;3;35;EXTRACT;1;
228.2227;1;42.16799;-9.032021;3;8;EXTRACT;3;
228.3438;1;42.16799;-9.032021;3;7;EXTRACT;2;
228.4609;2;5.565933;32.32314;3;34;EXTRACT;1;
230.2305;1;42.16799;-9.032021;3;6;EXTRACT;3;
230.3086;1;42.16799;-9.032021;3;5;EXTRACT;2;
230.4688;2;5.565933;32.32314;3;33;EXTRACT;1;
232.2344;1;42.16799;-9.032021;3;4;EXTRACT;3;
232.3125;1;42.16799;-9.032021;3;3;EXTRACT;2;
232.4727;2;5.565933;32.32314;3;32;EXTRACT;1;
234.2383;1;42.16799;-9.032021;3;2;EXTRACT;3;
234.3164;1;42.16799;-9.032021;3;1;EXTRACT;2;
234.4766;2;5.565933;32.32314;3;31;EXTRACT;1;
236.2383;1;42.16799;-9.032021;3;0;EXTRACT;3;
236.2383;1;42.16799;-9.032021;3;0;DESTROYED;;
236.2383;7;-39.5383;19.25511;3;48;CREATED;;
236.4805;2;5.565933;32.32314;3;30;EXTRACT;1;
238.4883;2;5.565933;32.32314;3;29;EXTRACT;1;
240.4492;2;5.565933;32.32314;3;28;EXTRACT;1;
242.4531;2;5.565933;32.32314;3;27;EXTRACT;1;
244.4609;2;5.565933;32.32314;3;26;EXTRACT;1;
245.2188;6;34.16009;-21.65226;3;48;DISCOVER;0;
246.4609;2;5.565933;32.32314;3;25;EXTRACT;1;
248.4648;2;5.565933;32.32314;3;24;EXTRACT;1;
248.625;6;34.16009;-21.65226;3;47;EXTRACT;0;
250.4727;2;5.565933;32.32314;3;23;EXTRACT;1;
250.6328;6;34.16009;-21.65226;3;46;EXTRACT;0;
252.4766;2;5.565933;32.32314;3;22;EXTRACT;1;
252.6367;6;34.16009;-21.65226;3;45;EXTRACT;0;
254.4805;2;5.565933;32.32314;3;21;EXTRACT;1;
254.6406;6;34.16009;-21.65226;3;44;EXTRACT;0;
256.4844;2;5.565933;32.32314;3;20;EXTRACT;1;
256.6445;6;34.16009;-21.65226;3;43;EXTRACT;0;
258.4883;2;5.565933;32.32314;3;19;EXTRACT;1;
258.6094;6;34.16009;-21.65226;3;42;EXTRACT;0;
260.4609;2;5.565933;32.32314;3;18;EXTRACT;1;
260.6211;6;34.16009;-21.65226;3;41;EXTRACT;0;
262.4648;2;5.565933;32.32314;3;17;EXTRACT;1;
262.6289;6;34.16009;-21.65226;3;40;EXTRACT;0;
264.4727;2;5.565933;32.32314;3;16;EXTRACT;1;
264.6328;6;34.16009;-21.65226;3;39;EXTRACT;0;
266.4805;2;5.565933;32.32314;3;15;EXTRACT;1;
266.6406;6;34.16009;-21.65226;3;38;EXTRACT;0;
268.4883;2;5.565933;32.32314;3;14;EXTRACT;1;
268.6484;6;34.16009;-21.65226;3;37;EXTRACT;0;
269.5273;2;5.565933;32.32314;3;14;DISCOVER;2;
270.4883;2;5.565933;32.32314;3;13;EXTRACT;1;
270.6094;6;34.16009;-21.65226;3;36;EXTRACT;0;
272.4531;2;5.565933;32.32314;3;12;EXTRACT;1;
272.5352;2;5.565933;32.32314;3;11;EXTRACT;2;
272.6172;6;34.16009;-21.65226;3;35;EXTRACT;0;
273.7422;2;5.565933;32.32314;3;11;DISCOVER;3;
274.4609;2;5.565933;32.32314;3;10;EXTRACT;1;
274.543;2;5.565933;32.32314;3;9;EXTRACT;2;
274.6211;6;34.16009;-21.65226;3;34;EXTRACT;0;
276.4688;2;5.565933;32.32314;3;8;EXTRACT;1;
276.5078;2;5.565933;32.32314;3;7;EXTRACT;2;
276.6289;6;34.16009;-21.65226;3;33;EXTRACT;0;
276.7891;2;5.565933;32.32314;3;6;EXTRACT;3;
278.4727;2;5.565933;32.32314;3;5;EXTRACT;1;
278.5117;2;5.565933;32.32314;3;4;EXTRACT;2;
278.6328;6;34.16009;-21.65226;3;32;EXTRACT;0;
278.793;2;5.565933;32.32314;3;3;EXTRACT;3;
280.4766;2;5.565933;32.32314;3;2;EXTRACT;1;
280.5156;2;5.565933;32.32314;3;1;EXTRACT;2;
280.6367;6;34.16009;-21.65226;3;31;EXTRACT;0;
280.7969;2;5.565933;32.32314;3;0;EXTRACT;3;
280.7578;2;5.565933;32.32314;3;0;DESTROYED;;
280.7969;8;16.76087;-32.82917;3;48;CREATED;;
282.6406;6;34.16009;-21.65226;3;30;EXTRACT;0;
284.6445;6;34.16009;-21.65226;3;29;EXTRACT;0;
286.6484;6;34.16009;-21.65226;3;28;EXTRACT;0;
288.6133;6;34.16009;-21.65226;3;27;EXTRACT;0;
290.6172;6;34.16009;-21.65226;3;26;EXTRACT;0;
292.6211;6;34.16009;-21.65226;3;25;EXTRACT;0;
294.625;6;34.16009;-21.65226;3;24;EXTRACT;0;
296.6289;6;34.16009;-21.65226;3;23;EXTRACT;0;
298.6367;6;34.16009;-21.65226;3;22;EXTRACT;0;
300.6406;6;34.16009;-21.65226;3;21;EXTRACT;0;
302.6484;6;34.16009;-21.65226;3;20;EXTRACT;0;
304.6133;6;34.16009;-21.65226;3;19;EXTRACT;0;
306.6172;6;34.16009;-21.65226;3;18;EXTRACT;0;
308.625;6;34.16009;-21.65226;3;17;EXTRACT;0;
310.6289;6;34.16009;-21.65226;3;16;EXTRACT;0;
312.6367;6;34.16009;-21.65226;3;15;EXTRACT;0;
314.6406;6;34.16009;-21.65226;3;14;EXTRACT;0;
316.6406;6;34.16009;-21.65226;3;13;EXTRACT;0;
317.2031;6;34.16009;-21.65226;3;13;DISCOVER;2;
318.6484;6;34.16009;-21.65226;3;12;EXTRACT;0;
320.6133;6;34.16009;-21.65226;3;11;EXTRACT;0;
320.8125;6;34.16009;-21.65226;3;10;EXTRACT;2;
322.6172;6;34.16009;-21.65226;3;9;EXTRACT;0;
322.8203;6;34.16009;-21.65226;3;8;EXTRACT;2;
324.6328;6;34.16009;-21.65226;3;7;EXTRACT;0;
324.75;6;34.16009;-21.65226;3;7;DISCOVER;1;
324.832;6;34.16009;-21.65226;3;6;EXTRACT;2;
326.6367;6;34.16009;-21.65226;3;5;EXTRACT;0;
326.8398;6;34.16009;-21.65226;3;4;EXTRACT;2;
327.8008;6;34.16009;-21.65226;3;3;EXTRACT;1;
328.6445;6;34.16009;-21.65226;3;2;EXTRACT;0;
328.8438;6;34.16009;-21.65226;3;1;EXTRACT;2;
329.8047;6;34.16009;-21.65226;3;0;EXTRACT;1;
329.7969;6;34.16009;-21.65226;3;0;DESTROYED;;
329.8047;9;37.90004;18.84895;3;48;CREATED;;
347.1406;5;23.28481;-39.02906;3;48;DISCOVER;1;
350.3086;5;23.28481;-39.02906;3;47;EXTRACT;1;
352.3164;5;23.28481;-39.02906;3;46;EXTRACT;1;
354.3203;5;23.28481;-39.02906;3;45;EXTRACT;1;
356.3281;5;23.28481;-39.02906;3;44;EXTRACT;1;
358.293;5;23.28481;-39.02906;3;43;EXTRACT;1;
360.3008;5;23.28481;-39.02906;3;42;EXTRACT;1;
362.3086;5;23.28481;-39.02906;3;41;EXTRACT;1;
364.3164;5;23.28481;-39.02906;3;40;EXTRACT;1;
366.3203;5;23.28481;-39.02906;3;39;EXTRACT;1;
366.3203;8;16.76087;-32.82917;3;48;DISCOVER;3;
368.3242;5;23.28481;-39.02906;3;38;EXTRACT;1;
369.8867;8;16.76087;-32.82917;3;47;EXTRACT;3;
370.2891;5;23.28481;-39.02906;3;37;EXTRACT;1;
371.8945;8;16.76087;-32.82917;3;46;EXTRACT;3;
372.2969;5;23.28481;-39.02906;3;36;EXTRACT;1;
373.9023;8;16.76087;-32.82917;3;45;EXTRACT;3;
374.3047;5;23.28481;-39.02906;3;35;EXTRACT;1;
375.9063;8;16.76087;-32.82917;3;44;EXTRACT;3;
376.3047;5;23.28481;-39.02906;3;34;EXTRACT;1;
377.9102;8;16.76087;-32.82917;3;43;EXTRACT;3;
378.3125;5;23.28481;-39.02906;3;33;EXTRACT;1;
379.918;8;16.76087;-32.82917;3;42;EXTRACT;3;
380.3164;5;23.28481;-39.02906;3;32;EXTRACT;1;
381.9219;8;16.76087;-32.82917;3;41;EXTRACT;3;
382.3242;5;23.28481;-39.02906;3;31;EXTRACT;1;
383.9258;8;16.76087;-32.82917;3;40;EXTRACT;3;
384.3242;5;23.28481;-39.02906;3;30;EXTRACT;1;
385.9297;8;16.76087;-32.82917;3;39;EXTRACT;3;
386.293;5;23.28481;-39.02906;3;29;EXTRACT;1;
387.9375;8;16.76087;-32.82917;3;38;EXTRACT;3;
388.2969;5;23.28481;-39.02906;3;28;EXTRACT;1;
389.9414;8;16.76087;-32.82917;3;37;EXTRACT;3;
390.3047;5;23.28481;-39.02906;3;27;EXTRACT;1;
390.7461;8;16.76087;-32.82917;3;37;DISCOVER;2;
391.9492;8;16.76087;-32.82917;3;36;EXTRACT;3;
392.3086;5;23.28481;-39.02906;3;26;EXTRACT;1;
393.9648;8;16.76087;-32.82917;3;35;EXTRACT;3;
394.082;8;16.76087;-32.82917;3;34;EXTRACT;2;
394.3242;5;23.28481;-39.02906;3;25;EXTRACT;1;
395.9258;8;16.76087;-32.82917;3;33;EXTRACT;3;
396.0469;8;16.76087;-32.82917;3;32;EXTRACT;2;
396.3281;5;23.28481;-39.02906;3;24;EXTRACT;1;
397.5313;8;16.76087;-32.82917;3;32;DISCOVER;0;
397.9297;8;16.76087;-32.82917;3;31;EXTRACT;3;
398.0508;8;16.76087;-32.82917;3;30;EXTRACT;2;
398.2891;5;23.28481;-39.02906;3;23;EXTRACT;1;
399.9375;8;16.76087;-32.82917;3;29;EXTRACT;3;
400.0586;8;16.76087;-32.82917;3;28;EXTRACT;2;
400.2188;8;16.76087;-32.82917;3;27;EXTRACT;0;
400.3008;5;23.28481;-39.02906;3;22;EXTRACT;1;
401.9414;8;16.76087;-32.82917;3;26;EXTRACT;3;
402.0625;8;16.76087;-32.82917;3;25;EXTRACT;2;
402.1797;8;16.76087;-32.82917;3;24;EXTRACT;0;
402.3008;5;23.28481;-39.02906;3;21;EXTRACT;1;
403.9453;8;16.76087;-32.82917;3;23;EXTRACT;3;
404.0625;8;16.76087;-32.82917;3;22;EXTRACT;2;
404.1836;8;16.76087;-32.82917;3;21;EXTRACT;0;
404.3047;5;23.28481;-39.02906;3;20;EXTRACT;1;
405.9453;8;16.76087;-32.82917;3;20;EXTRACT;3;
406.0664;8;16.76087;-32.82917;3;19;EXTRACT;2;
406.1875;8;16.76087;-32.82917;3;18;EXTRACT;0;
406.3047;5;23.28481;-39.02906;3;19;EXTRACT;1;
407.9492;8;16.76087;-32.82917;3;17;EXTRACT;3;
408.0703;8;16.76087;-32.82917;3;16;EXTRACT;2;
408.1914;8;16.76087;-32.82917;3;15;EXTRACT;0;
408.3125;5;23.28481;-39.02906;3;18;EXTRACT;1;
409.9531;8;16.76087;-32.82917;3;14;EXTRACT;3;
410.0742;8;16.76087;-32.82917;3;13;EXTRACT;2;
410.1953;8;16.76087;-32.82917;3;12;EXTRACT;0;
410.3164;5;23.28481;-39.02906;3;17;EXTRACT;1;
411.957;8;16.76087;-32.82917;3;11;EXTRACT;3;
412.0781;8;16.76087;-32.82917;3;10;EXTRACT;2;
412.1992;8;16.76087;-32.82917;3;9;EXTRACT;0;
412.3203;5;23.28481;-39.02906;3;16;EXTRACT;1;
413.9609;8;16.76087;-32.82917;3;8;EXTRACT;3;
414.082;8;16.76087;-32.82917;3;7;EXTRACT;2;
414.2031;8;16.76087;-32.82917;3;6;EXTRACT;0;
414.3242;5;23.28481;-39.02906;3;15;EXTRACT;1;
415.9648;8;16.76087;-32.82917;3;5;EXTRACT;3;
416.0859;8;16.76087;-32.82917;3;4;EXTRACT;2;
416.2031;8;16.76087;-32.82917;3;3;EXTRACT;0;
416.3242;5;23.28481;-39.02906;3;14;EXTRACT;1;
417.9688;8;16.76087;-32.82917;3;2;EXTRACT;3;
418.0469;8;16.76087;-32.82917;3;1;EXTRACT;2;
418.207;8;16.76087;-32.82917;3;0;EXTRACT;0;
418.1992;8;16.76087;-32.82917;3;0;DESTROYED;;
418.207;10;-44.18112;-26.62433;3;48;CREATED;;
418.3281;5;23.28481;-39.02906;3;13;EXTRACT;1;
420.293;5;23.28481;-39.02906;3;12;EXTRACT;1;
422.3047;5;23.28481;-39.02906;3;11;EXTRACT;1;
424.3047;5;23.28481;-39.02906;3;10;EXTRACT;1;
425.9922;5;23.28481;-39.02906;3;10;DISCOVER;2;
426.3125;5;23.28481;-39.02906;3;9;EXTRACT;1;
426.3516;5;23.28481;-39.02906;3;9;DISCOVER;0;
426.5117;5;23.28481;-39.02906;3;9;DISCOVER;3;
428.3164;5;23.28481;-39.02906;3;8;EXTRACT;1;
429.2734;5;23.28481;-39.02906;3;7;EXTRACT;2;
429.5547;5;23.28481;-39.02906;3;6;EXTRACT;3;
429.5547;5;23.28481;-39.02906;3;5;EXTRACT;0;
430.3164;5;23.28481;-39.02906;3;4;EXTRACT;1;
431.2773;5;23.28481;-39.02906;3;3;EXTRACT;2;
431.5586;5;23.28481;-39.02906;3;2;EXTRACT;3;
431.5586;5;23.28481;-39.02906;3;1;EXTRACT;0;
432.3203;5;23.28481;-39.02906;3;0;EXTRACT;1;
432.3203;5;23.28481;-39.02906;3;0;DESTROYED;;
432.3203;11;15.37234;7.182091;3;48;CREATED;;
511.5273;7;-39.5383;19.25511;3;48;DISCOVER;3;
514.9336;7;-39.5383;19.25511;3;47;EXTRACT;3;
516.5;7;-39.5383;19.25511;3;47;DISCOVER;1;
516.9414;7;-39.5383;19.25511;3;46;EXTRACT;3;
518.9492;7;-39.5383;19.25511;3;45;EXTRACT;3;
519.1094;7;-39.5383;19.25511;3;44;EXTRACT;1;
520.9531;7;-39.5383;19.25511;3;43;EXTRACT;3;
521.1133;7;-39.5383;19.25511;3;42;EXTRACT;1;
522.9609;7;-39.5383;19.25511;3;41;EXTRACT;3;
523.1211;7;-39.5383;19.25511;3;40;EXTRACT;1;
524.9648;7;-39.5383;19.25511;3;39;EXTRACT;3;
525.125;7;-39.5383;19.25511;3;38;EXTRACT;1;
526.9688;7;-39.5383;19.25511;3;37;EXTRACT;3;
527.1328;7;-39.5383;19.25511;3;36;EXTRACT;1;
527.8125;7;-39.5383;19.25511;3;36;DISCOVER;2;
528.9766;7;-39.5383;19.25511;3;35;EXTRACT;3;
529.0977;7;-39.5383;19.25511;3;34;EXTRACT;1;
530.9805;7;-39.5383;19.25511;3;33;EXTRACT;3;
531.1016;7;-39.5383;19.25511;3;32;EXTRACT;1;
531.2227;7;-39.5383;19.25511;3;31;EXTRACT;2;
532.9844;7;-39.5383;19.25511;3;30;EXTRACT;3;
533.1055;7;-39.5383;19.25511;3;29;EXTRACT;1;
533.1875;7;-39.5383;19.25511;3;28;EXTRACT;2;
534.9922;7;-39.5383;19.25511;3;27;EXTRACT;3;
535.1094;7;-39.5383;19.25511;3;26;EXTRACT;1;
535.1914;7;-39.5383;19.25511;3;25;EXTRACT;2;
536.9961;7;-39.5383;19.25511;3;24;EXTRACT;3;
537.1172;7;-39.5383;19.25511;3;23;EXTRACT;1;
537.1992;7;-39.5383;19.25511;3;22;EXTRACT;2;
538.9648;7;-39.5383;19.25511;3;21;EXTRACT;3;
539.125;7;-39.5383;19.25511;3;20;EXTRACT;1;
539.207;7;-39.5383;19.25511;3;19;EXTRACT;2;
540.9727;7;-39.5383;19.25511;3;18;EXTRACT;3;
541.1328;7;-39.5383;19.25511;3;17;EXTRACT;1;
541.2148;7;-39.5383;19.25511;3;16;EXTRACT;2;
542.9805;7;-39.5383;19.25511;3;15;EXTRACT;3;
543.1016;7;-39.5383;19.25511;3;14;EXTRACT;1;
543.2227;7;-39.5383;19.25511;3;13;EXTRACT;2;
544.9844;7;-39.5383;19.25511;3;12;EXTRACT;3;
545.1055;7;-39.5383;19.25511;3;11;EXTRACT;1;
545.1836;7;-39.5383;19.25511;3;10;EXTRACT;2;
546.9883;7;-39.5383;19.25511;3;9;EXTRACT;3;
547.1094;7;-39.5383;19.25511;3;8;EXTRACT;1;
547.1914;7;-39.5383;19.25511;3;7;EXTRACT;2;
549;7;-39.5383;19.25511;3;6;EXTRACT;3;
549.1172;7;-39.5383;19.25511;3;5;EXTRACT;1;
549.1992;7;-39.5383;19.25511;3;4;EXTRACT;2;
551.0039;7;-39.5383;19.25511;3;3;EXTRACT;3;
551.1211;7;-39.5383;19.25511;3;2;EXTRACT;1;
551.2031;7;-39.5383;19.25511;3;1;EXTRACT;2;
553.0078;7;-39.5383;19.25511;3;0;EXTRACT;3;
553;7;-39.5383;19.25511;3;0;DESTROYED;;
553.0078;12;-33.83475;4.123032;3;48;CREATED;;
573.3789;11;15.37234;7.182091;3;48;DISCOVER;0;
576.7461;11;15.37234;7.182091;3;47;EXTRACT;0;
578.7539;11;15.37234;7.182091;3;46;EXTRACT;0;
580.7578;11;15.37234;7.182091;3;45;EXTRACT;0;
582.7617;11;15.37234;7.182091;3;44;EXTRACT;0;
584.7266;11;15.37234;7.182091;3;43;EXTRACT;0;
586.7305;11;15.37234;7.182091;3;42;EXTRACT;0;
588.7344;11;15.37234;7.182091;3;41;EXTRACT;0;
588.7734;11;15.37234;7.182091;3;41;DISCOVER;2;
590.7383;11;15.37234;7.182091;3;40;EXTRACT;0;
591.7383;11;15.37234;7.182091;3;39;EXTRACT;2;
592.7422;11;15.37234;7.182091;3;38;EXTRACT;0;
593.7461;11;15.37234;7.182091;3;37;EXTRACT;2;
594.7461;11;15.37234;7.182091;3;36;EXTRACT;0;
595.7461;11;15.37234;7.182091;3;35;EXTRACT;2;
596.75;11;15.37234;7.182091;3;34;EXTRACT;0;
597.75;11;15.37234;7.182091;3;33;EXTRACT;2;
598.7539;11;15.37234;7.182091;3;32;EXTRACT;0;
599.7539;11;15.37234;7.182091;3;31;EXTRACT;2;
600.7578;11;15.37234;7.182091;3;30;EXTRACT;0;
601.7578;11;15.37234;7.182091;3;29;EXTRACT;2;
602.7617;11;15.37234;7.182091;3;28;EXTRACT;0;
603.7617;11;15.37234;7.182091;3;27;EXTRACT;2;
604.7266;11;15.37234;7.182091;3;26;EXTRACT;0;
605.6445;11;15.37234;7.182091;3;26;DISCOVER;3;
605.7656;11;15.37234;7.182091;3;25;EXTRACT;2;
606.7305;11;15.37234;7.182091;3;24;EXTRACT;0;
607.7695;11;15.37234;7.182091;3;23;EXTRACT;2;
608.7305;11;15.37234;7.182091;3;22;EXTRACT;0;
608.7695;11;15.37234;7.182091;3;21;EXTRACT;3;
609.7734;11;15.37234;7.182091;3;20;EXTRACT;2;
610.7344;11;15.37234;7.182091;3;19;EXTRACT;0;
610.7734;11;15.37234;7.182091;3;18;EXTRACT;3;
611.7734;11;15.37234;7.182091;3;17;EXTRACT;2;
612.2148;11;15.37234;7.182091;3;17;DISCOVER;1;
612.7383;11;15.37234;7.182091;3;16;EXTRACT;0;
612.7773;11;15.37234;7.182091;3;15;EXTRACT;3;
613.7383;11;15.37234;7.182091;3;14;EXTRACT;2;
614.7422;11;15.37234;7.182091;3;13;EXTRACT;0;
614.7813;11;15.37234;7.182091;3;12;EXTRACT;3;
615.1016;11;15.37234;7.182091;3;11;EXTRACT;1;
615.7422;11;15.37234;7.182091;3;10;EXTRACT;2;
616.7461;11;15.37234;7.182091;3;9;EXTRACT;0;
616.7852;11;15.37234;7.182091;3;8;EXTRACT;3;
617.0664;11;15.37234;7.182091;3;7;EXTRACT;1;
617.7461;11;15.37234;7.182091;3;6;EXTRACT;2;
618.7461;11;15.37234;7.182091;3;5;EXTRACT;0;
618.7852;11;15.37234;7.182091;3;4;EXTRACT;3;
619.0664;11;15.37234;7.182091;3;3;EXTRACT;1;
619.75;11;15.37234;7.182091;3;2;EXTRACT;2;
620.7539;11;15.37234;7.182091;3;1;EXTRACT;0;
620.793;11;15.37234;7.182091;3;0;EXTRACT;3;
620.7578;11;15.37234;7.182091;3;0;DESTROYED;;
620.793;13;4.25193;3.885315;3;48;CREATED;;
651.0703;13;4.25193;3.885315;3;48;DISCOVER;0;
653.918;13;4.25193;3.885315;3;47;EXTRACT;0;
655.9297;13;4.25193;3.885315;3;46;EXTRACT;0;
657.0547;13;4.25193;3.885315;3;46;DISCOVER;2;
657.9375;13;4.25193;3.885315;3;45;EXTRACT;0;
659.9492;13;4.25193;3.885315;3;44;EXTRACT;0;
660.0664;13;4.25193;3.885315;3;43;EXTRACT;2;
661.9141;13;4.25193;3.885315;3;42;EXTRACT;0;
662.0742;13;4.25193;3.885315;3;41;EXTRACT;2;
663.9219;13;4.25193;3.885315;3;40;EXTRACT;0;
664.0391;13;4.25193;3.885315;3;39;EXTRACT;2;
665.9297;13;4.25193;3.885315;3;38;EXTRACT;0;
666.0508;13;4.25193;3.885315;3;37;EXTRACT;2;
667.9336;13;4.25193;3.885315;3;36;EXTRACT;0;
668.0547;13;4.25193;3.885315;3;35;EXTRACT;2;
668.5781;13;4.25193;3.885315;3;35;DISCOVER;3;
669.9414;13;4.25193;3.885315;3;34;EXTRACT;0;
670.0586;13;4.25193;3.885315;3;33;EXTRACT;2;
671.3438;13;4.25193;3.885315;3;32;EXTRACT;3;
671.9414;13;4.25193;3.885315;3;31;EXTRACT;0;
672.0625;13;4.25193;3.885315;3;30;EXTRACT;2;
673.3477;13;4.25193;3.885315;3;29;EXTRACT;3;
673.9492;13;4.25193;3.885315;3;28;EXTRACT;0;
674.0664;13;4.25193;3.885315;3;27;EXTRACT;2;
675.3516;13;4.25193;3.885315;3;26;EXTRACT;3;
675.9141;13;4.25193;3.885315;3;25;EXTRACT;0;
676.0742;13;4.25193;3.885315;3;24;EXTRACT;2;
677.3555;13;4.25193;3.885315;3;23;EXTRACT;3;
677.9141;13;4.25193;3.885315;3;22;EXTRACT;0;
678.0742;13;4.25193;3.885315;3;21;EXTRACT;2;
679.3555;13;4.25193;3.885315;3;20;EXTRACT;3;
679.918;13;4.25193;3.885315;3;19;EXTRACT;0;
680.0781;13;4.25193;3.885315;3;18;EXTRACT;2;
681.3594;13;4.25193;3.885315;3;17;EXTRACT;3;
681.9219;13;4.25193;3.885315;3;16;EXTRACT;0;
682.043;13;4.25193;3.885315;3;15;EXTRACT;2;
683.3672;13;4.25193;3.885315;3;14;EXTRACT;3;
683.9297;13;4.25193;3.885315;3;13;EXTRACT;0;
684.0508;13;4.25193;3.885315;3;12;EXTRACT;2;
685.3711;13;4.25193;3.885315;3;11;EXTRACT;3;
685.9297;13;4.25193;3.885315;3;10;EXTRACT;0;
686.0508;13;4.25193;3.885315;3;9;EXTRACT;2;
687.3711;13;4.25193;3.885315;3;8;EXTRACT;3;
687.8945;13;4.25193;3.885315;3;8;DISCOVER;1;
687.9336;13;4.25193;3.885315;3;7;EXTRACT;0;
688.0547;13;4.25193;3.885315;3;6;EXTRACT;2;
689.375;13;4.25193;3.885315;3;5;EXTRACT;3;
689.9375;13;4.25193;3.885315;3;4;EXTRACT;0;
690.0586;13;4.25193;3.885315;3;3;EXTRACT;2;
690.7773;13;4.25193;3.885315;3;2;EXTRACT;1;
691.3789;13;4.25193;3.885315;3;1;EXTRACT;3;
691.9414;13;4.25193;3.885315;3;0;EXTRACT;0;
691.918;13;4.25193;3.885315;3;0;DESTROYED;;
691.9414;14;-40.51847;43.28621;3;48;CREATED;;
714.5586;9;37.90004;18.84895;3;48;DISCOVER;1;
717.7227;9;37.90004;18.84895;3;47;EXTRACT;1;
719.7266;9;37.90004;18.84895;3;46;EXTRACT;1;
