Time;PatchID;PositionX;PositionZ;Radius;CoinAmount;PatchEvent;TriggerPlayer;
0;99;27.37997;13.27856;3;16;CREATED;;
0;100;44.59169;-4.064495;3;16;CREATED;;
0;101;-31.39881;-15.18808;3;16;CREATED;;
0;102;43.60912;-38.98552;3;16;CREATED;;
0;103;16.77737;38.10755;3;16;CREATED;;
0;104;8.881538;41.93466;3;16;CREATED;;
0;105;28.45638;-27.7736;3;16;CREATED;;
0;106;39.20558;14.14392;3;16;CREATED;;
0;107;-39.46135;-36.23422;3;16;CREATED;;
0;108;15.67223;-38.44144;3;16;CREATED;;
0;109;25.18239;-0.6471138;3;16;CREATED;;
0;110;-44.7918;32.754;3;16;CREATED;;
0;111;12.7862;-24.25719;3;16;CREATED;;
0;112;-19.7078;34.28001;3;16;CREATED;;
0;113;34.29015;29.61483;3;16;CREATED;;
6.84375;105;28.45638;-27.7736;3;16;DISCOVER;3;
10.49219;105;28.45638;-27.7736;3;15;EXTRACT;3;
12.49609;105;28.45638;-27.7736;3;14;EXTRACT;3;
14.5;105;28.45638;-27.7736;3;13;EXTRACT;3;
16.51172;105;28.45638;-27.7736;3;12;EXTRACT;3;
18.43359;99;27.37997;13.27856;3;16;DISCOVER;2;
18.51563;105;28.45638;-27.7736;3;11;EXTRACT;3;
20.48047;105;28.45638;-27.7736;3;10;EXTRACT;3;
21.5625;99;27.37997;13.27856;3;15;EXTRACT;2;
22.48438;105;28.45638;-27.7736;3;9;EXTRACT;3;
23.56641;99;27.37997;13.27856;3;14;EXTRACT;2;
24.49219;105;28.45638;-27.7736;3;8;EXTRACT;3;
25.57422;99;27.37997;13.27856;3;13;EXTRACT;2;
26.49609;105;28.45638;-27.7736;3;7;EXTRACT;3;
27.57813;99;27.37997;13.27856;3;12;EXTRACT;2;
28.5;105;28.45638;-27.7736;3;6;EXTRACT;3;
29.58594;99;27.37997;13.27856;3;11;EXTRACT;2;
30.50781;105;28.45638;-27.7736;3;5;EXTRACT;3;
31.58984;99;27.37997;13.27856;3;10;EXTRACT;2;
32.51172;105;28.45638;-27.7736;3;4;EXTRACT;3;
33.55469;99;27.37997;13.27856;3;9;EXTRACT;2;
34.51563;105;28.45638;-27.7736;3;3;EXTRACT;3;
35.5625;99;27.37997;13.27856;3;8;EXTRACT;2;
36.51953;105;28.45638;-27.7736;3;2;EXTRACT;3;
37.5625;99;27.37997;13.27856;3;7;EXTRACT;2;
38.52734;105;28.45638;-27.7736;3;1;EXTRACT;3;
39.56641;99;27.37997;13.27856;3;6;EXTRACT;2;
39.84766;112;-19.7078;34.28001;3;16;DISCOVER;0;
40.53125;105;28.45638;-27.7736;3;0;EXTRACT;3;
40.51953;105;28.45638;-27.7736;3;0;DESTROYED;;
40.53125;114;-27.445;36.97089;3;16;CREATED;;
41.57422;99;27.37997;13.27856;3;5;EXTRACT;2;
43.21875;112;-19.7078;34.28001;3;15;EXTRACT;0;
43.57813;99;27.37997;13.27856;3;4;EXTRACT;2;
45.22266;112;-19.7078;34.28001;3;14;EXTRACT;0;
45.58203;99;27.37997;13.27856;3;3;EXTRACT;2;
47.22656;112;-19.7078;34.28001;3;13;EXTRACT;0;
47.58594;99;27.37997;13.27856;3;2;EXTRACT;2;
49.23047;112;-19.7078;34.28001;3;12;EXTRACT;0;
49.55469;99;27.37997;13.27856;3;1;EXTRACT;2;
51.23438;112;-19.7078;34.28001;3;11;EXTRACT;0;
51.55469;99;27.37997;13.27856;3;0;EXTRACT;2;
51.51953;99;27.37997;13.27856;3;0;DESTROYED;;
51.55469;115;-32.13995;28.2266;3;16;CREATED;;
53.24219;112;-19.7078;34.28001;3;10;EXTRACT;0;
55.24219;112;-19.7078;34.28001;3;9;EXTRACT;0;
57.25;112;-19.7078;34.28001;3;8;EXTRACT;0;
58.89844;107;-39.46135;-36.23422;3;16;DISCOVER;1;
59.21875;112;-19.7078;34.28001;3;7;EXTRACT;0;
61.23438;112;-19.7078;34.28001;3;6;EXTRACT;0;
62.11719;107;-39.46135;-36.23422;3;15;EXTRACT;1;
63.23828;112;-19.7078;34.28001;3;5;EXTRACT;0;
64.08594;107;-39.46135;-36.23422;3;14;EXTRACT;1;
65.25391;112;-19.7078;34.28001;3;4;EXTRACT;0;
66.09375;107;-39.46135;-36.23422;3;13;EXTRACT;1;
67.22266;112;-19.7078;34.28001;3;3;EXTRACT;0;
68.10547;107;-39.46135;-36.23422;3;12;EXTRACT;1;
69.23047;112;-19.7078;34.28001;3;2;EXTRACT;0;
70.11328;107;-39.46135;-36.23422;3;11;EXTRACT;1;
71.23828;112;-19.7078;34.28001;3;1;EXTRACT;0;
72.08203;107;-39.46135;-36.23422;3;10;EXTRACT;1;
73.24609;112;-19.7078;34.28001;3;0;EXTRACT;0;
73.23828;112;-19.7078;34.28001;3;0;DESTROYED;;
73.24609;116;-12.80299;26.29652;3;16;CREATED;;
74.08984;107;-39.46135;-36.23422;3;9;EXTRACT;1;
76.09766;107;-39.46135;-36.23422;3;8;EXTRACT;1;
77.89844;116;-12.80299;26.29652;3;16;DISCOVER;2;
78.10156;107;-39.46135;-36.23422;3;7;EXTRACT;1;
80.10547;107;-39.46135;-36.23422;3;6;EXTRACT;1;
81.30859;116;-12.80299;26.29652;3;15;EXTRACT;2;
82.10938;107;-39.46135;-36.23422;3;5;EXTRACT;1;
83.31641;116;-12.80299;26.29652;3;14;EXTRACT;2;
84.12109;107;-39.46135;-36.23422;3;4;EXTRACT;1;
85.32422;116;-12.80299;26.29652;3;13;EXTRACT;2;
86.08594;107;-39.46135;-36.23422;3;3;EXTRACT;1;
87.32813;116;-12.80299;26.29652;3;12;EXTRACT;2;
88.09766;107;-39.46135;-36.23422;3;2;EXTRACT;1;
89.33984;116;-12.80299;26.29652;3;11;EXTRACT;2;
90.10156;107;-39.46135;-36.23422;3;1;EXTRACT;1;
91.30859;116;-12.80299;26.29652;3;10;EXTRACT;2;
92.11328;107;-39.46135;-36.23422;3;0;EXTRACT;1;
92.07813;107;-39.46135;-36.23422;3;0;DESTROYED;;
92.11328;117;-4.006668;18.19097;3;16;CREATED;;
93.32031;116;-12.80299;26.29652;3;9;EXTRACT;2;
95.32422;116;-12.80299;26.29652;3;8;EXTRACT;2;
97.33203;116;-12.80299;26.29652;3;7;EXTRACT;2;
99.33203;116;-12.80299;26.29652;3;6;EXTRACT;2;
101.3359;116;-12.80299;26.29652;3;5;EXTRACT;2;
101.8555;108;15.67223;-38.44144;3;16;DISCOVER;3;
103.3398;116;-12.80299;26.29652;3;4;EXTRACT;2;
104.9883;108;15.67223;-38.44144;3;15;EXTRACT;3;
105.3086;116;-12.80299;26.29652;3;3;EXTRACT;2;
106.9922;108;15.67223;-38.44144;3;14;EXTRACT;3;
107.3125;116;-12.80299;26.29652;3;2;EXTRACT;2;
108.9961;108;15.67223;-38.44144;3;13;EXTRACT;3;
109.3164;116;-12.80299;26.29652;3;1;EXTRACT;2;
111;108;15.67223;-38.44144;3;12;EXTRACT;3;
111.3203;116;-12.80299;26.29652;3;0;EXTRACT;2;
111.2813;116;-12.80299;26.29652;3;0;DESTROYED;;
111.3203;118;1.714848;-14.45346;3;16;CREATED;;
113.0039;108;15.67223;-38.44144;3;11;EXTRACT;3;
115.0117;108;15.67223;-38.44144;3;10;EXTRACT;3;
117.0156;108;15.67223;-38.44144;3;9;EXTRACT;3;
118.9805;108;15.67223;-38.44144;3;8;EXTRACT;3;
119.1406;117;-4.006668;18.19097;3;16;DISCOVER;2;
120.5469;113;34.29015;29.61483;3;16;DISCOVER;0;
120.9844;108;15.67223;-38.44144;3;7;EXTRACT;3;
122.1094;117;-4.006668;18.19097;3;15;EXTRACT;2;
122.9922;108;15.67223;-38.44144;3;6;EXTRACT;3;
123.5156;113;34.29015;29.61483;3;15;EXTRACT;0;
124.0781;117;-4.006668;18.19097;3;14;EXTRACT;2;
125;108;15.67223;-38.44144;3;5;EXTRACT;3;
125.5195;113;34.29015;29.61483;3;14;EXTRACT;0;
126.082;117;-4.006668;18.19097;3;13;EXTRACT;2;
127.0039;108;15.67223;-38.44144;3;4;EXTRACT;3;
127.5234;113;34.29015;29.61483;3;13;EXTRACT;0;
128.0859;117;-4.006668;18.19097;3;12;EXTRACT;2;
129.0078;108;15.67223;-38.44144;3;3;EXTRACT;3;
129.5313;113;34.29015;29.61483;3;12;EXTRACT;0;
130.0898;117;-4.006668;18.19097;3;11;EXTRACT;2;
131.0117;108;15.67223;-38.44144;3;2;EXTRACT;3;
131.5352;113;34.29015;29.61483;3;11;EXTRACT;0;
132.0977;117;-4.006668;18.19097;3;10;EXTRACT;2;
133.0195;108;15.67223;-38.44144;3;1;EXTRACT;3;
133.5;113;34.29015;29.61483;3;10;EXTRACT;0;
134.1016;117;-4.006668;18.19097;3;9;EXTRACT;2;
134.9844;108;15.67223;-38.44144;3;0;EXTRACT;3;
134.9609;108;15.67223;-38.44144;3;0;DESTROYED;;
134.9844;119;-19.84029;28.24583;3;16;CREATED;;
135.5078;113;34.29015;29.61483;3;9;EXTRACT;0;
136.1094;117;-4.006668;18.19097;3;8;EXTRACT;2;
137.5117;113;34.29015;29.61483;3;8;EXTRACT;0;
138.0703;117;-4.006668;18.19097;3;7;EXTRACT;2;
139.5156;113;34.29015;29.61483;3;7;EXTRACT;0;
140.0781;117;-4.006668;18.19097;3;6;EXTRACT;2;
141.5195;113;34.29015;29.61483;3;6;EXTRACT;0;
142.1211;117;-4.006668;18.19097;3;5;EXTRACT;2;
143.5273;113;34.29015;29.61483;3;5;EXTRACT;0;
144.1289;117;-4.006668;18.19097;3;4;EXTRACT;2;
145.5352;113;34.29015;29.61483;3;4;EXTRACT;0;
146.0938;117;-4.006668;18.19097;3;3;EXTRACT;2;
147.5;113;34.29015;29.61483;3;3;EXTRACT;0;
148.1016;117;-4.006668;18.19097;3;2;EXTRACT;2;
149.5039;113;34.29015;29.61483;3;2;EXTRACT;0;
150.1055;117;-4.006668;18.19097;3;1;EXTRACT;2;
151.5117;113;34.29015;29.61483;3;1;EXTRACT;0;
152.1094;117;-4.006668;18.19097;3;0;EXTRACT;2;
152.0781;117;-4.006668;18.19097;3;0;DESTROYED;;
152.1094;120;42.7427;39.94086;3;16;CREATED;;
153.5156;113;34.29015;29.61483;3;0;EXTRACT;0;
153.4805;113;34.29015;29.61483;3;0;DESTROYED;;
153.5156;121;-18.91703;-26.02422;3;16;CREATED;;
186.5508;118;1.714848;-14.45346;3;16;DISCOVER;2;
189.6406;118;1.714848;-14.45346;3;15;EXTRACT;2;
191.6445;118;1.714848;-14.45346;3;14;EXTRACT;2;
193.6523;118;1.714848;-14.45346;3;13;EXTRACT;2;
195.6563;118;1.714848;-14.45346;3;12;EXTRACT;2;
197.6602;118;1.714848;-14.45346;3;11;EXTRACT;2;
199.625;118;1.714848;-14.45346;3;10;EXTRACT;2;
199.9844;118;1.714848;-14.45346;3;10;DISCOVER;3;
201.6289;118;1.714848;-14.45346;3;9;EXTRACT;2;
202.7109;118;1.714848;-14.45346;3;8;EXTRACT;3;
203.6328;118;1.714848;-14.45346;3;7;EXTRACT;2;
204.7148;118;1.714848;-14.45346;3;6;EXTRACT;3;
205.6367;118;1.714848;-14.45346;3;5;EXTRACT;2;
206.6836;118;1.714848;-14.45346;3;4;EXTRACT;3;
207.6445;118;1.714848;-14.45346;3;3;EXTRACT;2;
208.6836;118;1.714848;-14.45346;3;2;EXTRACT;3;
209.6484;118;1.714848;-14.45346;3;1;EXTRACT;2;
210.6914;118;1.714848;-14.45346;3;0;EXTRACT;3;
210.6797;118;1.714848;-14.45346;3;0;DESTROYED;;
210.6914;122;8.839333;-1.838242;3;16;CREATED;;
213.8984;110;-44.7918;32.754;3;16;DISCOVER;1;
218.1484;110;-44.7918;32.754;3;15;EXTRACT;1;
220.1523;110;-44.7918;32.754;3;14;EXTRACT;1;
222.1563;110;-44.7918;32.754;3;13;EXTRACT;1;
223;122;8.839333;-1.838242;3;16;DISCOVER;3;
224.1211;110;-44.7918;32.754;3;12;EXTRACT;1;
225.9648;122;8.839333;-1.838242;3;15;EXTRACT;3;
226.125;110;-44.7918;32.754;3;11;EXTRACT;1;
227.9688;122;8.839333;-1.838242;3;14;EXTRACT;3;
228.1289;110;-44.7918;32.754;3;10;EXTRACT;1;
229.9688;122;8.839333;-1.838242;3;13;EXTRACT;3;
230.1289;110;-44.7918;32.754;3;9;EXTRACT;1;
231.9727;122;8.839333;-1.838242;3;12;EXTRACT;3;
232.1328;110;-44.7918;32.754;3;8;EXTRACT;1;
233.9766;122;8.839333;-1.838242;3;11;EXTRACT;3;
234.1367;110;-44.7918;32.754;3;7;EXTRACT;1;
235.9805;122;8.839333;-1.838242;3;10;EXTRACT;3;
236.1406;110;-44.7918;32.754;3;6;EXTRACT;1;
236.6211;122;8.839333;-1.838242;3;10;DISCOVER;2;
237.9883;122;8.839333;-1.838242;3;9;EXTRACT;3;
238.1484;110;-44.7918;32.754;3;5;EXTRACT;1;
239.9922;122;8.839333;-1.838242;3;8;EXTRACT;3;
240.0352;122;8.839333;-1.838242;3;7;EXTRACT;2;
240.1523;110;-44.7918;32.754;3;4;EXTRACT;1;
242;122;8.839333;-1.838242;3;6;EXTRACT;3;
242.0391;122;8.839333;-1.838242;3;5;EXTRACT;2;
242.1211;110;-44.7918;32.754;3;3;EXTRACT;1;
244.0039;122;8.839333;-1.838242;3;4;EXTRACT;3;
244.0469;122;8.839333;-1.838242;3;3;EXTRACT;2;
244.125;110;-44.7918;32.754;3;2;EXTRACT;1;
245.9727;122;8.839333;-1.838242;3;2;EXTRACT;3;
246.0547;122;8.839333;-1.838242;3;1;EXTRACT;2;
246.1328;110;-44.7918;32.754;3;1;EXTRACT;1;
247.9805;122;8.839333;-1.838242;3;0;EXTRACT;3;
247.9609;122;8.839333;-1.838242;3;0;DESTROYED;;
247.9805;123;-23.97803;16.2459;3;16;CREATED;;
248.1406;110;-44.7918;32.754;3;0;EXTRACT;1;
248.1211;110;-44.7918;32.754;3;0;DESTROYED;;
248.1406;124;-12.32848;6.047604;3;16;CREATED;;
302.6719;114;-27.445;36.97089;3;16;DISCOVER;1;
306.5625;114;-27.445;36.97089;3;15;EXTRACT;1;
308.5703;114;-27.445;36.97089;3;14;EXTRACT;1;
310.5781;114;-27.445;36.97089;3;13;EXTRACT;1;
312.582;114;-27.445;36.97089;3;12;EXTRACT;1;
312.8242;103;16.77737;38.10755;3;16;DISCOVER;3;
314.5859;114;-27.445;36.97089;3;11;EXTRACT;1;
315.8711;103;16.77737;38.10755;3;15;EXTRACT;3;
316.5898;114;-27.445;36.97089;3;10;EXTRACT;1;
317.875;103;16.77737;38.10755;3;14;EXTRACT;3;
318.5977;114;-27.445;36.97089;3;9;EXTRACT;1;
319.8789;103;16.77737;38.10755;3;13;EXTRACT;3;
320.5625;114;-27.445;36.97089;3;8;EXTRACT;1;
321.8828;103;16.77737;38.10755;3;12;EXTRACT;3;
322.5664;114;-27.445;36.97089;3;7;EXTRACT;1;
323.8867;103;16.77737;38.10755;3;11;EXTRACT;3;
324.5703;114;-27.445;36.97089;3;6;EXTRACT;1;
325.7344;103;16.77737;38.10755;3;11;DISCOVER;2;
325.8945;103;16.77737;38.10755;3;10;EXTRACT;3;
326.5742;114;-27.445;36.97089;3;5;EXTRACT;1;
327.8984;103;16.77737;38.10755;3;9;EXTRACT;3;
328.3789;119;-19.84029;28.24583;3;16;DISCOVER;0;
328.5781;114;-27.445;36.97089;3;4;EXTRACT;1;
329.1016;103;16.77737;38.10755;3;8;EXTRACT;2;
329.9023;103;16.77737;38.10755;3;7;EXTRACT;3;
330.582;114;-27.445;36.97089;3;3;EXTRACT;1;
331.1016;103;16.77737;38.10755;3;6;EXTRACT;2;
331.8633;119;-19.84029;28.24583;3;15;EXTRACT;0;
331.9023;103;16.77737;38.10755;3;5;EXTRACT;3;
332.582;114;-27.445;36.97089;3;2;EXTRACT;1;
333.1055;103;16.77737;38.10755;3;4;EXTRACT;2;
333.8633;119;-19.84029;28.24583;3;14;EXTRACT;0;
333.9063;103;16.77737;38.10755;3;3;EXTRACT;3;
334.5859;114;-27.445;36.97089;3;1;EXTRACT;1;
335.1055;103;16.77737;38.10755;3;2;EXTRACT;2;
335.8672;119;-19.84029;28.24583;3;13;EXTRACT;0;
335.9063;103;16.77737;38.10755;3;1;EXTRACT;3;
336.5859;114;-27.445;36.97089;3;0;EXTRACT;1;
336.5586;114;-27.445;36.97089;3;0;DESTROYED;;
336.5859;125;44.11394;9.991493;3;16;CREATED;;
337.1094;103;16.77737;38.10755;3;0;EXTRACT;2;
337.0781;103;16.77737;38.10755;3;0;DESTROYED;;
337.1094;126;-1.113712;-11.56456;3;16;CREATED;;
337.8672;119;-19.84029;28.24583;3;12;EXTRACT;0;
339.9141;119;-19.84029;28.24583;3;11;EXTRACT;0;
341.8789;119;-19.84029;28.24583;3;10;EXTRACT;0;
343.6016;104;8.881538;41.93466;3;16;DISCOVER;2;
343.8828;119;-19.84029;28.24583;3;9;EXTRACT;0;
344.3242;119;-19.84029;28.24583;3;9;DISCOVER;1;
345.8867;119;-19.84029;28.24583;3;8;EXTRACT;0;
346.9258;104;8.881538;41.93466;3;15;EXTRACT;2;
347.3281;119;-19.84029;28.24583;3;7;EXTRACT;1;
347.8906;119;-19.84029;28.24583;3;6;EXTRACT;0;
348.9336;104;8.881538;41.93466;3;14;EXTRACT;2;
349.332;119;-19.84029;28.24583;3;5;EXTRACT;1;
349.8945;119;-19.84029;28.24583;3;4;EXTRACT;0;
350.9336;104;8.881538;41.93466;3;13;EXTRACT;2;
351.375;119;-19.84029;28.24583;3;3;EXTRACT;1;
351.8945;119;-19.84029;28.24583;3;2;EXTRACT;0;
352.9375;104;8.881538;41.93466;3;12;EXTRACT;2;
353.3789;119;-19.84029;28.24583;3;1;EXTRACT;1;
353.8984;119;-19.84029;28.24583;3;0;EXTRACT;0;
353.8789;119;-19.84029;28.24583;3;0;DESTROYED;;
353.8984;127;-27.40208;32.39965;3;16;CREATED;;
354.9414;104;8.881538;41.93466;3;11;EXTRACT;2;
356.9453;104;8.881538;41.93466;3;10;EXTRACT;2;
358.9531;104;8.881538;41.93466;3;9;EXTRACT;2;
360.9219;104;8.881538;41.93466;3;8;EXTRACT;2;
362.9297;104;8.881538;41.93466;3;7;EXTRACT;2;
364.9375;104;8.881538;41.93466;3;6;EXTRACT;2;
366.9453;104;8.881538;41.93466;3;5;EXTRACT;2;
368.9531;104;8.881538;41.93466;3;4;EXTRACT;2;
370.7148;124;-12.32848;6.047604;3;16;DISCOVER;0;
370.9141;104;8.881538;41.93466;3;3;EXTRACT;2;
372.9219;104;8.881538;41.93466;3;2;EXTRACT;2;
374.25;104;8.881538;41.93466;3;2;DISCOVER;1;
374.25;124;-12.32848;6.047604;3;15;EXTRACT;0;
374.9297;104;8.881538;41.93466;3;1;EXTRACT;2;
376.2539;124;-12.32848;6.047604;3;14;EXTRACT;0;
376.9336;104;8.881538;41.93466;3;0;EXTRACT;2;
376.918;104;8.881538;41.93466;3;0;DESTROYED;;
376.9336;128;-40.37717;-25.58859;3;16;CREATED;;
378.2578;124;-12.32848;6.047604;3;13;EXTRACT;0;
380.2695;124;-12.32848;6.047604;3;12;EXTRACT;0;
382.2734;124;-12.32848;6.047604;3;11;EXTRACT;0;
384.2813;124;-12.32848;6.047604;3;10;EXTRACT;0;
386.2852;124;-12.32848;6.047604;3;9;EXTRACT;0;
388.293;124;-12.32848;6.047604;3;8;EXTRACT;0;
390.2969;124;-12.32848;6.047604;3;7;EXTRACT;0;
392.2617;124;-12.32848;6.047604;3;6;EXTRACT;0;
394.2695;124;-12.32848;6.047604;3;5;EXTRACT;0;
396.2773;124;-12.32848;6.047604;3;4;EXTRACT;0;
398.2852;124;-12.32848;6.047604;3;3;EXTRACT;0;
400.293;124;-12.32848;6.047604;3;2;EXTRACT;0;
401.2148;106;39.20558;14.14392;3;16;DISCOVER;1;
402.3008;124;-12.32848;6.047604;3;1;EXTRACT;0;
402.3398;124;-12.32848;6.047604;3;1;DISCOVER;2;
404.3008;124;-12.32848;6.047604;3;0;EXTRACT;0;
404.2813;124;-12.32848;6.047604;3;0;DESTROYED;;
404.3008;129;-39.64885;-35.82785;3;16;CREATED;;
404.6211;106;39.20558;14.14392;3;15;EXTRACT;1;
406.6289;106;39.20558;14.14392;3;14;EXTRACT;1;
408.5938;106;39.20558;14.14392;3;13;EXTRACT;1;
410.5977;106;39.20558;14.14392;3;12;EXTRACT;1;
412.6094;106;39.20558;14.14392;3;11;EXTRACT;1;
414.6211;106;39.20558;14.14392;3;10;EXTRACT;1;
416.625;106;39.20558;14.14392;3;9;EXTRACT;1;
418.6289;106;39.20558;14.14392;3;8;EXTRACT;1;
420.5977;106;39.20558;14.14392;3;7;EXTRACT;1;
422.6016;106;39.20558;14.14392;3;6;EXTRACT;1;
423.1641;115;-32.13995;28.2266;3;16;DISCOVER;0;
424.6055;106;39.20558;14.14392;3;5;EXTRACT;1;
426.5742;115;-32.13995;28.2266;3;15;EXTRACT;0;
426.6133;106;39.20558;14.14392;3;4;EXTRACT;1;
428.582;115;-32.13995;28.2266;3;14;EXTRACT;0;
428.6211;106;39.20558;14.14392;3;3;EXTRACT;1;
430.5469;115;-32.13995;28.2266;3;13;EXTRACT;0;
430.625;106;39.20558;14.14392;3;2;EXTRACT;1;
432.5508;115;-32.13995;28.2266;3;12;EXTRACT;0;
432.6328;106;39.20558;14.14392;3;1;EXTRACT;1;
434.5586;115;-32.13995;28.2266;3;11;EXTRACT;0;
434.6016;106;39.20558;14.14392;3;0;EXTRACT;1;
434.6016;106;39.20558;14.14392;3;0;DESTROYED;;
434.6016;130;-39.42223;38.83504;3;16;CREATED;;
436.5664;115;-32.13995;28.2266;3;10;EXTRACT;0;
438.5703;115;-32.13995;28.2266;3;9;EXTRACT;0;
440.5781;115;-32.13995;28.2266;3;8;EXTRACT;0;
441.625;109;25.18239;-0.6471138;3;16;DISCOVER;2;
442.5859;115;-32.13995;28.2266;3;7;EXTRACT;0;
444.5508;115;-32.13995;28.2266;3;6;EXTRACT;0;
445.2734;109;25.18239;-0.6471138;3;15;EXTRACT;2;
446.5547;115;-32.13995;28.2266;3;5;EXTRACT;0;
447.2773;109;25.18239;-0.6471138;3;14;EXTRACT;2;
448.5625;115;-32.13995;28.2266;3;4;EXTRACT;0;
449.2852;109;25.18239;-0.6471138;3;13;EXTRACT;2;
449.8047;121;-18.91703;-26.02422;3;16;DISCOVER;3;
450.5664;115;-32.13995;28.2266;3;3;EXTRACT;0;
451.2891;109;25.18239;-0.6471138;3;12;EXTRACT;2;
452.5781;115;-32.13995;28.2266;3;2;EXTRACT;0;
453.3008;109;25.18239;-0.6471138;3;11;EXTRACT;2;
454.2227;120;42.7427;39.94086;3;16;DISCOVER;1;
454.4219;121;-18.91703;-26.02422;3;15;EXTRACT;3;
454.582;115;-32.13995;28.2266;3;1;EXTRACT;0;
455.3047;109;25.18239;-0.6471138;3;10;EXTRACT;2;
456.4258;121;-18.91703;-26.02422;3;14;EXTRACT;3;
456.5859;115;-32.13995;28.2266;3;0;EXTRACT;0;
456.5586;115;-32.13995;28.2266;3;0;DESTROYED;;
456.5859;131;9.879181;18.66799;3;16;CREATED;;
457.2656;120;42.7427;39.94086;3;15;EXTRACT;1;
457.3086;109;25.18239;-0.6471138;3;9;EXTRACT;2;
458.4297;121;-18.91703;-26.02422;3;13;EXTRACT;3;
459.2734;120;42.7427;39.94086;3;14;EXTRACT;1;
459.2734;109;25.18239;-0.6471138;3;8;EXTRACT;2;
460.4336;121;-18.91703;-26.02422;3;12;EXTRACT;3;
461.2773;120;42.7427;39.94086;3;13;EXTRACT;1;
461.2773;109;25.18239;-0.6471138;3;7;EXTRACT;2;
462.0039;127;-27.40208;32.39965;3;16;DISCOVER;0;
462.4453;121;-18.91703;-26.02422;3;11;EXTRACT;3;
463.2852;120;42.7427;39.94086;3;12;EXTRACT;1;
463.2852;109;25.18239;-0.6471138;3;6;EXTRACT;2;
464.4063;121;-18.91703;-26.02422;3;10;EXTRACT;3;
464.8086;127;-27.40208;32.39965;3;15;EXTRACT;0;
465.2891;120;42.7427;39.94086;3;11;EXTRACT;1;
465.2891;109;25.18239;-0.6471138;3;5;EXTRACT;2;
466.4102;121;-18.91703;-26.02422;3;9;EXTRACT;3;
466.8086;127;-27.40208;32.39965;3;14;EXTRACT;0;
467.2891;120;42.7427;39.94086;3;10;EXTRACT;1;
467.2891;109;25.18239;-0.6471138;3;4;EXTRACT;2;
468.4102;121;-18.91703;-26.02422;3;8;EXTRACT;3;
468.8125;127;-27.40208;32.39965;3;13;EXTRACT;0;
469.293;120;42.7427;39.94086;3;9;EXTRACT;1;
469.293;109;25.18239;-0.6471138;3;3;EXTRACT;2;
470.418;121;-18.91703;-26.02422;3;7;EXTRACT;3;
470.8164;127;-27.40208;32.39965;3;12;EXTRACT;0;
471.2617;120;42.7427;39.94086;3;8;EXTRACT;1;
471.3047;109;25.18239;-0.6471138;3;2;EXTRACT;2;
472.4258;121;-18.91703;-26.02422;3;6;EXTRACT;3;
472.8242;127;-27.40208;32.39965;3;11;EXTRACT;0;
473.2656;120;42.7427;39.94086;3;7;EXTRACT;1;
473.3086;109;25.18239;-0.6471138;3;1;EXTRACT;2;
474.4336;121;-18.91703;-26.02422;3;5;EXTRACT;3;
474.832;127;-27.40208;32.39965;3;10;EXTRACT;0;
475.2734;120;42.7427;39.94086;3;6;EXTRACT;1;
475.2734;109;25.18239;-0.6471138;3;0;EXTRACT;2;
475.2383;109;25.18239;-0.6471138;3;0;DESTROYED;;
475.2734;132;37.1719;-9.834442;3;16;CREATED;;
476.4336;121;-18.91703;-26.02422;3;4;EXTRACT;3;
476.832;127;-27.40208;32.39965;3;9;EXTRACT;0;
477.2734;120;42.7427;39.94086;3;5;EXTRACT;1;
478.4375;121;-18.91703;-26.02422;3;3;EXTRACT;3;
478.8359;127;-27.40208;32.39965;3;8;EXTRACT;0;
479.2773;120;42.7427;39.94086;3;4;EXTRACT;1;
480.4414;121;-18.91703;-26.02422;3;2;EXTRACT;3;
480.8008;127;-27.40208;32.39965;3;7;EXTRACT;0;
481.2852;120;42.7427;39.94086;3;3;EXTRACT;1;
482.4453;121;-18.91703;-26.02422;3;1;EXTRACT;3;
482.8086;127;-27.40208;32.39965;3;6;EXTRACT;0;
483.2852;120;42.7427;39.94086;3;2;EXTRACT;1;
484.4492;121;-18.91703;-26.02422;3;0;EXTRACT;3;
484.4414;121;-18.91703;-26.02422;3;0;DESTROYED;;
484.4492;133;-18.20934;-15.93281;3;16;CREATED;;
484.8086;127;-27.40208;32.39965;3;5;EXTRACT;0;
485.2891;120;42.7427;39.94086;3;1;EXTRACT;1;
486.8125;127;-27.40208;32.39965;3;4;EXTRACT;0;
487.293;120;42.7427;39.94086;3;0;EXTRACT;1;
487.2813;120;42.7427;39.94086;3;0;DESTROYED;;
487.293;134;23.85584;15.69072;3;16;CREATED;;
488.8164;127;-27.40208;32.39965;3;3;EXTRACT;0;
490.8203;127;-27.40208;32.39965;3;2;EXTRACT;0;
492.8281;127;-27.40208;32.39965;3;1;EXTRACT;0;
494.8359;127;-27.40208;32.39965;3;0;EXTRACT;0;
494.8008;127;-27.40208;32.39965;3;0;DESTROYED;;
494.8359;135;20.61412;-13.87563;3;16;CREATED;;
508.7695;129;-39.64885;-35.82785;3;16;DISCOVER;3;
511.7773;129;-39.64885;-35.82785;3;15;EXTRACT;3;
513.7813;129;-39.64885;-35.82785;3;14;EXTRACT;3;
515.793;129;-39.64885;-35.82785;3;13;EXTRACT;3;
517.7969;129;-39.64885;-35.82785;3;12;EXTRACT;3;
518.8789;100;44.59169;-4.064495;3;16;DISCOVER;1;
519.7617;129;-39.64885;-35.82785;3;11;EXTRACT;3;
520.082;133;-18.20934;-15.93281;3;16;DISCOVER;2;
521.7695;129;-39.64885;-35.82785;3;10;EXTRACT;3;
521.8906;100;44.59169;-4.064495;3;15;EXTRACT;1;
523.7734;129;-39.64885;-35.82785;3;9;EXTRACT;3;
523.8516;133;-18.20934;-15.93281;3;15;EXTRACT;2;
523.8906;100;44.59169;-4.064495;3;14;EXTRACT;1;
525.7773;129;-39.64885;-35.82785;3;8;EXTRACT;3;
525.8555;133;-18.20934;-15.93281;3;14;EXTRACT;2;
525.8945;100;44.59169;-4.064495;3;13;EXTRACT;1;
527.7813;129;-39.64885;-35.82785;3;7;EXTRACT;3;
527.8633;133;-18.20934;-15.93281;3;13;EXTRACT;2;
527.9063;100;44.59169;-4.064495;3;12;EXTRACT;1;
529.7852;129;-39.64885;-35.82785;3;6;EXTRACT;3;
529.8672;133;-18.20934;-15.93281;3;12;EXTRACT;2;
529.9063;100;44.59169;-4.064495;3;11;EXTRACT;1;
531.7969;129;-39.64885;-35.82785;3;5;EXTRACT;3;
531.875;133;-18.20934;-15.93281;3;11;EXTRACT;2;
531.918;100;44.59169;-4.064495;3;10;EXTRACT;1;
533.7617;129;-39.64885;-35.82785;3;4;EXTRACT;3;
533.8438;133;-18.20934;-15.93281;3;10;EXTRACT;2;
533.8828;100;44.59169;-4.064495;3;9;EXTRACT;1;
535.7656;129;-39.64885;-35.82785;3;3;EXTRACT;3;
535.8477;133;-18.20934;-15.93281;3;9;EXTRACT;2;
535.8867;100;44.59169;-4.064495;3;8;EXTRACT;1;
537.7695;129;-39.64885;-35.82785;3;2;EXTRACT;3;
537.8477;133;-18.20934;-15.93281;3;8;EXTRACT;2;
537.8867;100;44.59169;-4.064495;3;7;EXTRACT;1;
539.7734;129;-39.64885;-35.82785;3;1;EXTRACT;3;
539.8555;133;-18.20934;-15.93281;3;7;EXTRACT;2;
539.8945;100;44.59169;-4.064495;3;6;EXTRACT;1;
541.7813;129;-39.64885;-35.82785;3;0;EXTRACT;3;
541.7617;129;-39.64885;-35.82785;3;0;DESTROYED;;
541.7813;136;16.52958;13.74269;3;16;CREATED;;
541.8594;133;-18.20934;-15.93281;3;6;EXTRACT;2;
541.9023;100;44.59169;-4.064495;3;5;EXTRACT;1;
543.8633;133;-18.20934;-15.93281;3;5;EXTRACT;2;
543.9063;100;44.59169;-4.064495;3;4;EXTRACT;1;
545.8711;133;-18.20934;-15.93281;3;4;EXTRACT;2;
545.9102;100;44.59169;-4.064495;3;3;EXTRACT;1;
547.875;133;-18.20934;-15.93281;3;3;EXTRACT;2;
547.918;100;44.59169;-4.064495;3;2;EXTRACT;1;
549.8398;133;-18.20934;-15.93281;3;2;EXTRACT;2;
549.9219;100;44.59169;-4.064495;3;1;EXTRACT;1;
551.8438;133;-18.20934;-15.93281;3;1;EXTRACT;2;
551.8828;100;44.59169;-4.064495;3;0;EXTRACT;1;
551.8789;100;44.59169;-4.064495;3;0;DESTROYED;;
551.8828;137;36.90947;23.14658;3;16;CREATED;;
553.8477;133;-18.20934;-15.93281;3;0;EXTRACT;2;
553.8398;133;-18.20934;-15.93281;3;0;DESTROYED;;
553.8477;138;-28.5834;20.84489;3;16;CREATED;;
554.3711;134;23.85584;15.69072;3;16;DISCOVER;0;
557.9844;134;23.85584;15.69072;3;15;EXTRACT;0;
559.3125;132;37.1719;-9.834442;3;16;DISCOVER;1;
559.9961;134;23.85584;15.69072;3;14;EXTRACT;0;
562.0039;134;23.85584;15.69072;3;13;EXTRACT;0;
562.3242;132;37.1719;-9.834442;3;15;EXTRACT;1;
564.0078;134;23.85584;15.69072;3;12;EXTRACT;0;
564.3281;132;37.1719;-9.834442;3;14;EXTRACT;1;
566.0156;134;23.85584;15.69072;3;11;EXTRACT;0;
566.3398;132;37.1719;-9.834442;3;13;EXTRACT;1;
568.0234;134;23.85584;15.69072;3;10;EXTRACT;0;
568.3008;132;37.1719;-9.834442;3;12;EXTRACT;1;
570.0273;134;23.85584;15.69072;3;9;EXTRACT;0;
570.3047;132;37.1719;-9.834442;3;11;EXTRACT;1;
571.9883;134;23.85584;15.69072;3;8;EXTRACT;0;
572.3086;132;37.1719;-9.834442;3;10;EXTRACT;1;
573.9922;134;23.85584;15.69072;3;7;EXTRACT;0;
574.3125;132;37.1719;-9.834442;3;9;EXTRACT;1;
576;134;23.85584;15.69072;3;6;EXTRACT;0;
576.3203;132;37.1719;-9.834442;3;8;EXTRACT;1;
578.0039;134;23.85584;15.69072;3;5;EXTRACT;0;
578.3242;132;37.1719;-9.834442;3;7;EXTRACT;1;
580.0117;134;23.85584;15.69072;3;4;EXTRACT;0;
580.332;132;37.1719;-9.834442;3;6;EXTRACT;1;
582.0156;134;23.85584;15.69072;3;3;EXTRACT;0;
582.3359;132;37.1719;-9.834442;3;5;EXTRACT;1;
584.0195;134;23.85584;15.69072;3;2;EXTRACT;0;
584.3398;132;37.1719;-9.834442;3;4;EXTRACT;1;
586.0234;134;23.85584;15.69072;3;1;EXTRACT;0;
586.3047;132;37.1719;-9.834442;3;3;EXTRACT;1;
587.1055;134;23.85584;15.69072;3;1;DISCOVER;2;
587.1445;138;-28.5834;20.84489;3;16;DISCOVER;3;
587.9883;134;23.85584;15.69072;3;0;EXTRACT;0;
587.9609;134;23.85584;15.69072;3;0;DESTROYED;;
587.9883;139;-4.532082;28.05477;3;16;CREATED;;
588.3086;132;37.1719;-9.834442;3;2;EXTRACT;1;
590.1133;138;-28.5834;20.84489;3;15;EXTRACT;3;
590.3125;132;37.1719;-9.834442;3;1;EXTRACT;1;
592.1172;138;-28.5834;20.84489;3;14;EXTRACT;3;
592.3164;132;37.1719;-9.834442;3;0;EXTRACT;1;
592.2813;132;37.1719;-9.834442;3;0;DESTROYED;;
592.3164;140;-27.56343;40.37402;3;16;CREATED;;
593.6797;136;16.52958;13.74269;3;16;DISCOVER;0;
594.1211;138;-28.5834;20.84489;3;13;EXTRACT;3;
596.1289;138;-28.5834;20.84489;3;12;EXTRACT;3;
596.3281;136;16.52958;13.74269;3;16;DISCOVER;2;
596.7305;136;16.52958;13.74269;3;15;EXTRACT;0;
598.1328;138;-28.5834;20.84489;3;11;EXTRACT;3;
598.7344;136;16.52958;13.74269;3;14;EXTRACT;0;
599.418;136;16.52958;13.74269;3;13;EXTRACT;2;
600.1406;138;-28.5834;20.84489;3;10;EXTRACT;3;
600.7461;136;16.52958;13.74269;3;12;EXTRACT;0;
601.4258;136;16.52958;13.74269;3;11;EXTRACT;2;
602.1484;138;-28.5834;20.84489;3;9;EXTRACT;3;
602.7109;136;16.52958;13.74269;3;10;EXTRACT;0;
603.4336;136;16.52958;13.74269;3;9;EXTRACT;2;
604.1133;138;-28.5834;20.84489;3;8;EXTRACT;3;
604.7148;136;16.52958;13.74269;3;8;EXTRACT;0;
605.4375;136;16.52958;13.74269;3;7;EXTRACT;2;
606.1211;138;-28.5834;20.84489;3;7;EXTRACT;3;
606.7227;136;16.52958;13.74269;3;6;EXTRACT;0;
607.4453;136;16.52958;13.74269;3;5;EXTRACT;2;
608.125;138;-28.5834;20.84489;3;6;EXTRACT;3;
608.7266;136;16.52958;13.74269;3;4;EXTRACT;0;
609.4102;136;16.52958;13.74269;3;3;EXTRACT;2;
610.1328;138;-28.5834;20.84489;3;5;EXTRACT;3;
610.7344;136;16.52958;13.74269;3;2;EXTRACT;0;
611.4141;136;16.52958;13.74269;3;1;EXTRACT;2;
612.1367;138;-28.5834;20.84489;3;4;EXTRACT;3;
612.7383;136;16.52958;13.74269;3;0;EXTRACT;0;
612.7188;136;16.52958;13.74269;3;0;DESTROYED;;
612.7383;141;-21.84431;-22.00686;3;16;CREATED;;
612.9375;102;43.60912;-38.98552;3;16;DISCOVER;1;
614.1445;138;-28.5834;20.84489;3;3;EXTRACT;3;
615.8711;102;43.60912;-38.98552;3;15;EXTRACT;1;
616.1484;138;-28.5834;20.84489;3;2;EXTRACT;3;
617.875;102;43.60912;-38.98552;3;14;EXTRACT;1;
618.1523;138;-28.5834;20.84489;3;1;EXTRACT;3;
619.8789;102;43.60912;-38.98552;3;13;EXTRACT;1;
620.1602;138;-28.5834;20.84489;3;0;EXTRACT;3;
620.1602;138;-28.5834;20.84489;3;0;DESTROYED;;
620.1602;142;-43.74184;12.78116;3;16;CREATED;;
621.8867;102;43.60912;-38.98552;3;12;EXTRACT;1;
623.8906;102;43.60912;-38.98552;3;11;EXTRACT;1;
625.8984;102;43.60912;-38.98552;3;10;EXTRACT;1;
627.9023;102;43.60912;-38.98552;3;9;EXTRACT;1;
629.8711;102;43.60912;-38.98552;3;8;EXTRACT;1;
630.1914;126;-1.113712;-11.56456;3;16;DISCOVER;0;
631.8711;102;43.60912;-38.98552;3;7;EXTRACT;1;
632.875;126;-1.113712;-11.56456;3;15;EXTRACT;0;
633.875;102;43.60912;-38.98552;3;6;EXTRACT;1;
634.8789;126;-1.113712;-11.56456;3;14;EXTRACT;0;
635.8828;102;43.60912;-38.98552;3;5;EXTRACT;1;
636.1992;130;-39.42223;38.83504;3;16;DISCOVER;3;
636.8828;126;-1.113712;-11.56456;3;13;EXTRACT;0;
637.8828;102;43.60912;-38.98552;3;4;EXTRACT;1;
638.8867;126;-1.113712;-11.56456;3;12;EXTRACT;0;
639.3672;130;-39.42223;38.83504;3;15;EXTRACT;3;
639.8906;102;43.60912;-38.98552;3;3;EXTRACT;1;
640.8945;126;-1.113712;-11.56456;3;11;EXTRACT;0;
641.3359;130;-39.42223;38.83504;3;14;EXTRACT;3;
641.8945;102;43.60912;-38.98552;3;2;EXTRACT;1;
642.8984;126;-1.113712;-11.56456;3;10;EXTRACT;0;
643.3398;130;-39.42223;38.83504;3;13;EXTRACT;3;
643.8984;102;43.60912;-38.98552;3;1;EXTRACT;1;
643.9805;135;20.61412;-13.87563;3;16;DISCOVER;2;
644.9023;126;-1.113712;-11.56456;3;9;EXTRACT;0;
645.3438;130;-39.42223;38.83504;3;12;EXTRACT;3;
645.9063;102;43.60912;-38.98552;3;0;EXTRACT;1;
645.8789;102;43.60912;-38.98552;3;0;DESTROYED;;
645.9063;143;-7.743008;42.35615;3;16;CREATED;;
646.9063;126;-1.113712;-11.56456;3;8;EXTRACT;0;
647.2695;135;20.61412;-13.87563;3;15;EXTRACT;2;
647.3477;130;-39.42223;38.83504;3;11;EXTRACT;3;
648.9102;126;-1.113712;-11.56456;3;7;EXTRACT;0;
649.2695;135;20.61412;-13.87563;3;14;EXTRACT;2;
649.3516;130;-39.42223;38.83504;3;10;EXTRACT;3;
650.875;126;-1.113712;-11.56456;3;6;EXTRACT;0;
651.2773;135;20.61412;-13.87563;3;13;EXTRACT;2;
651.3555;130;-39.42223;38.83504;3;9;EXTRACT;3;
652.8789;126;-1.113712;-11.56456;3;5;EXTRACT;0;
653.2813;135;20.61412;-13.87563;3;12;EXTRACT;2;
653.3633;130;-39.42223;38.83504;3;8;EXTRACT;3;
654.8867;126;-1.113712;-11.56456;3;4;EXTRACT;0;
655.2461;135;20.61412;-13.87563;3;11;EXTRACT;2;
655.3672;130;-39.42223;38.83504;3;7;EXTRACT;3;
656.8906;126;-1.113712;-11.56456;3;3;EXTRACT;0;
657.25;135;20.61412;-13.87563;3;10;EXTRACT;2;
657.332;130;-39.42223;38.83504;3;6;EXTRACT;3;
658.8945;126;-1.113712;-11.56456;3;2;EXTRACT;0;
659.2578;135;20.61412;-13.87563;3;9;EXTRACT;2;
659.3398;130;-39.42223;38.83504;3;5;EXTRACT;3;
660.9063;126;-1.113712;-11.56456;3;1;EXTRACT;0;
661.2695;135;20.61412;-13.87563;3;8;EXTRACT;2;
661.3477;130;-39.42223;38.83504;3;4;EXTRACT;3;
662.9102;126;-1.113712;-11.56456;3;0;EXTRACT;0;
662.8789;126;-1.113712;-11.56456;3;0;DESTROYED;;
662.9102;144;24.33093;25.49761;3;16;CREATED;;
663.2734;135;20.61412;-13.87563;3;7;EXTRACT;2;
663.3516;130;-39.42223;38.83504;3;3;EXTRACT;3;
665.2773;135;20.61412;-13.87563;3;6;EXTRACT;2;
665.3555;130;-39.42223;38.83504;3;2;EXTRACT;3;
667.25;135;20.61412;-13.87563;3;5;EXTRACT;2;
667.3711;130;-39.42223;38.83504;3;1;EXTRACT;3;
669.2578;135;20.61412;-13.87563;3;4;EXTRACT;2;
669.3789;130;-39.42223;38.83504;3;0;EXTRACT;3;
669.3594;130;-39.42223;38.83504;3;0;DESTROYED;;
669.3789;145;-19.20678;38.09417;3;16;CREATED;;
671.2656;135;20.61412;-13.87563;3;3;EXTRACT;2;
673.2695;135;20.61412;-13.87563;3;2;EXTRACT;2;
675.2773;135;20.61412;-13.87563;3;1;EXTRACT;2;
677.2852;135;20.61412;-13.87563;3;0;EXTRACT;2;
677.2813;135;20.61412;-13.87563;3;0;DESTROYED;;
677.2852;146;-0.4363251;-6.342773;3;16;CREATED;;
677.3281;141;-21.84431;-22.00686;3;16;DISCOVER;0;
680.418;141;-21.84431;-22.00686;3;15;EXTRACT;0;
682.4258;141;-21.84431;-22.00686;3;14;EXTRACT;0;
683.7891;145;-19.20678;38.09417;3;16;DISCOVER;3;
684.4297;141;-21.84431;-22.00686;3;13;EXTRACT;0;
686.3945;141;-21.84431;-22.00686;3;12;EXTRACT;0;
686.875;145;-19.20678;38.09417;3;15;EXTRACT;3;
688.4023;141;-21.84431;-22.00686;3;11;EXTRACT;0;
688.8828;145;-19.20678;38.09417;3;14;EXTRACT;3;
690.4102;141;-21.84431;-22.00686;3;10;EXTRACT;0;
690.8516;145;-19.20678;38.09417;3;13;EXTRACT;3;
692.418;141;-21.84431;-22.00686;3;9;EXTRACT;0;
692.8594;145;-19.20678;38.09417;3;12;EXTRACT;3;
694.4258;141;-21.84431;-22.00686;3;8;EXTRACT;0;
694.8672;145;-19.20678;38.09417;3;11;EXTRACT;3;
696.4297;141;-21.84431;-22.00686;3;7;EXTRACT;0;
696.8711;145;-19.20678;38.09417;3;10;EXTRACT;3;
698.3945;141;-21.84431;-22.00686;3;6;EXTRACT;0;
698.875;145;-19.20678;38.09417;3;9;EXTRACT;3;
700.3164;141;-21.84431;-22.00686;3;5;EXTRACT;0;
700.7656;145;-19.20678;38.09417;3;8;EXTRACT;3;
702.3164;141;-21.84431;-22.00686;3;4;EXTRACT;0;
702.7578;145;-19.20678;38.09417;3;7;EXTRACT;3;
704.3242;141;-21.84431;-22.00686;3;3;EXTRACT;0;
704.7656;145;-19.20678;38.09417;3;6;EXTRACT;3;
706.3281;141;-21.84431;-22.00686;3;2;EXTRACT;0;
706.7695;145;-19.20678;38.09417;3;5;EXTRACT;3;
708.293;141;-21.84431;-22.00686;3;1;EXTRACT;0;
708.7773;145;-19.20678;38.09417;3;4;EXTRACT;3;
710.3008;141;-21.84431;-22.00686;3;0;EXTRACT;0;
710.2813;141;-21.84431;-22.00686;3;0;DESTROYED;;
710.3008;147;-32.60822;11.11032;3;16;CREATED;;
710.7813;145;-19.20678;38.09417;3;3;EXTRACT;3;
712.7891;145;-19.20678;38.09417;3;2;EXTRACT;3;
714.793;145;-19.20678;38.09417;3;1;EXTRACT;3;
716.8008;145;-19.20678;38.09417;3;0;EXTRACT;3;
716.8008;145;-19.20678;38.09417;3;0;DESTROYED;;
716.8008;148;-18.55599;-41.55889;3;16;CREATED;;
