Time;PatchID;PositionX;PositionZ;Radius;CoinAmount;PatchEvent;TriggerPlayer;
0;0;-10.95011;20.68828;3;16;CREATED;;
0;1;39.5356;-3.891247;3;16;CREATED;;
0;2;31.07467;-14.71852;3;16;CREATED;;
0;3;-24.0252;-26.45611;3;16;CREATED;;
0;4;0.381115;-26.34027;3;16;CREATED;;
0;5;35.11835;43.15347;3;16;CREATED;;
0;6;33.65102;-28.19568;3;16;CREATED;;
0;7;13.9777;40.18774;3;16;CREATED;;
0;8;36.19087;-43.94345;3;16;CREATED;;
0;9;-38.13411;22.83326;3;16;CREATED;;
0;10;-32.60201;-32.09176;3;16;CREATED;;
0;11;-31.46196;9.312752;3;16;CREATED;;
0;12;-19.68443;-21.92571;3;16;CREATED;;
0;13;-38.6903;-8.191051;3;16;CREATED;;
0;14;10.24977;-15.24932;3;16;CREATED;;
4.359985;3;-24.0252;-26.45611;3;16;DISCOVER;0;
7.674286;3;-24.0252;-26.45611;3;15;EXTRACT;0;
9.674377;3;-24.0252;-26.45611;3;14;EXTRACT;0;
11.67444;3;-24.0252;-26.45611;3;13;EXTRACT;0;
13.6745;3;-24.0252;-26.45611;3;12;EXTRACT;0;
15.67456;3;-24.0252;-26.45611;3;11;EXTRACT;0;
17.67462;3;-24.0252;-26.45611;3;10;EXTRACT;0;
19.67468;3;-24.0252;-26.45611;3;9;EXTRACT;0;
21.67477;3;-24.0252;-26.45611;3;8;EXTRACT;0;
23.67484;3;-24.0252;-26.45611;3;7;EXTRACT;0;
25.6749;3;-24.0252;-26.45611;3;6;EXTRACT;0;
27.67496;3;-24.0252;-26.45611;3;5;EXTRACT;0;
29.67502;3;-24.0252;-26.45611;3;4;EXTRACT;0;
31.67505;3;-24.0252;-26.45611;3;3;EXTRACT;0;
33.67514;3;-24.0252;-26.45611;3;2;EXTRACT;0;
35.6752;3;-24.0252;-26.45611;3;1;EXTRACT;0;
37.67526;3;-24.0252;-26.45611;3;0;EXTRACT;0;
37.67526;3;-24.0252;-26.45611;3;0;DESTROYED;;
37.72528;15;-9.208488;-33.82405;3;16;CREATED;;
82.19998;9;-38.13411;22.83326;3;16;DISCOVER;0;
85.44348;9;-38.13411;22.83326;3;15;EXTRACT;0;
87.44351;9;-38.13411;22.83326;3;14;EXTRACT;0;
89.44357;9;-38.13411;22.83326;3;13;EXTRACT;0;
91.44366;9;-38.13411;22.83326;3;12;EXTRACT;0;
93.4437;9;-38.13411;22.83326;3;11;EXTRACT;0;
95.44376;9;-38.13411;22.83326;3;10;EXTRACT;0;
97.44385;9;-38.13411;22.83326;3;9;EXTRACT;0;
99.44388;9;-38.13411;22.83326;3;8;EXTRACT;0;
101.4439;9;-38.13411;22.83326;3;7;EXTRACT;0;
103.444;9;-38.13411;22.83326;3;6;EXTRACT;0;
105.4441;9;-38.13411;22.83326;3;5;EXTRACT;0;
107.4442;9;-38.13411;22.83326;3;4;EXTRACT;0;
109.4442;9;-38.13411;22.83326;3;3;EXTRACT;0;
111.4443;9;-38.13411;22.83326;3;2;EXTRACT;0;
113.4443;9;-38.13411;22.83326;3;1;EXTRACT;0;
115.4444;9;-38.13411;22.83326;3;0;EXTRACT;0;
115.4444;9;-38.13411;22.83326;3;0;DESTROYED;;
115.4777;16;-19.24006;13.03351;3;16;CREATED;;
184.32;6;33.65102;-28.19568;3;16;DISCOVER;0;
187.4465;6;33.65102;-28.19568;3;15;EXTRACT;0;
189.4466;6;33.65102;-28.19568;3;14;EXTRACT;0;
191.4467;6;33.65102;-28.19568;3;13;EXTRACT;0;
193.4467;6;33.65102;-28.19568;3;12;EXTRACT;0;
195.4468;6;33.65102;-28.19568;3;11;EXTRACT;0;
197.4468;6;33.65102;-28.19568;3;10;EXTRACT;0;
199.4469;6;33.65102;-28.19568;3;9;EXTRACT;0;
201.447;6;33.65102;-28.19568;3;8;EXTRACT;0;
203.447;6;33.65102;-28.19568;3;7;EXTRACT;0;
205.447;6;33.65102;-28.19568;3;6;EXTRACT;0;
207.4471;6;33.65102;-28.19568;3;5;EXTRACT;0;
209.4472;6;33.65102;-28.19568;3;4;EXTRACT;0;
211.4472;6;33.65102;-28.19568;3;3;EXTRACT;0;
213.4473;6;33.65102;-28.19568;3;2;EXTRACT;0;
215.4474;6;33.65102;-28.19568;3;1;EXTRACT;0;
217.4474;6;33.65102;-28.19568;3;0;EXTRACT;0;
217.4474;6;33.65102;-28.19568;3;0;DESTROYED;;
217.4807;17;26.39128;-37.56619;3;16;CREATED;;
241.88;15;-9.208488;-33.82405;3;16;DISCOVER;0;
244.7982;15;-9.208488;-33.82405;3;15;EXTRACT;0;
246.7983;15;-9.208488;-33.82405;3;14;EXTRACT;0;
248.7984;15;-9.208488;-33.82405;3;13;EXTRACT;0;
250.7984;15;-9.208488;-33.82405;3;12;EXTRACT;0;
252.7985;15;-9.208488;-33.82405;3;11;EXTRACT;0;
254.7985;15;-9.208488;-33.82405;3;10;EXTRACT;0;
256.7986;15;-9.208488;-33.82405;3;9;EXTRACT;0;
258.7986;15;-9.208488;-33.82405;3;8;EXTRACT;0;
260.7987;15;-9.208488;-33.82405;3;7;EXTRACT;0;
262.7987;15;-9.208488;-33.82405;3;6;EXTRACT;0;
264.7988;15;-9.208488;-33.82405;3;5;EXTRACT;0;
266.7989;15;-9.208488;-33.82405;3;4;EXTRACT;0;
268.7989;15;-9.208488;-33.82405;3;3;EXTRACT;0;
270.799;15;-9.208488;-33.82405;3;2;EXTRACT;0;
272.799;15;-9.208488;-33.82405;3;1;EXTRACT;0;
274.7991;15;-9.208488;-33.82405;3;0;EXTRACT;0;
274.7991;15;-9.208488;-33.82405;3;0;DESTROYED;;
274.8491;18;-1.169533;-2.677399;3;16;CREATED;;
291.44;10;-32.60201;-32.09176;3;16;DISCOVER;0;
294.433;10;-32.60201;-32.09176;3;15;EXTRACT;0;
296.4331;10;-32.60201;-32.09176;3;14;EXTRACT;0;
298.4331;10;-32.60201;-32.09176;3;13;EXTRACT;0;
300.4332;10;-32.60201;-32.09176;3;12;EXTRACT;0;
302.4333;10;-32.60201;-32.09176;3;11;EXTRACT;0;
304.4333;10;-32.60201;-32.09176;3;10;EXTRACT;0;
306.4334;10;-32.60201;-32.09176;3;9;EXTRACT;0;
308.4334;10;-32.60201;-32.09176;3;8;EXTRACT;0;
310.4335;10;-32.60201;-32.09176;3;7;EXTRACT;0;
312.4336;10;-32.60201;-32.09176;3;6;EXTRACT;0;
314.4336;10;-32.60201;-32.09176;3;5;EXTRACT;0;
316.4336;10;-32.60201;-32.09176;3;4;EXTRACT;0;
318.4337;10;-32.60201;-32.09176;3;3;EXTRACT;0;
320.4338;10;-32.60201;-32.09176;3;2;EXTRACT;0;
322.4338;10;-32.60201;-32.09176;3;1;EXTRACT;0;
324.4339;10;-32.60201;-32.09176;3;0;EXTRACT;0;
324.4339;10;-32.60201;-32.09176;3;0;DESTROYED;;
324.4839;19;-18.45517;43.47387;3;16;CREATED;;
334.4;12;-19.68443;-21.92571;3;16;DISCOVER;0;
337.1509;12;-19.68443;-21.92571;3;15;EXTRACT;0;
339.151;12;-19.68443;-21.92571;3;14;EXTRACT;0;
341.151;12;-19.68443;-21.92571;3;13;EXTRACT;0;
343.1512;12;-19.68443;-21.92571;3;12;EXTRACT;0;
345.1512;12;-19.68443;-21.92571;3;11;EXTRACT;0;
347.1513;12;-19.68443;-21.92571;3;10;EXTRACT;0;
349.1513;12;-19.68443;-21.92571;3;9;EXTRACT;0;
351.1514;12;-19.68443;-21.92571;3;8;EXTRACT;0;
353.1514;12;-19.68443;-21.92571;3;7;EXTRACT;0;
355.1515;12;-19.68443;-21.92571;3;6;EXTRACT;0;
357.1515;12;-19.68443;-21.92571;3;5;EXTRACT;0;
359.1516;12;-19.68443;-21.92571;3;4;EXTRACT;0;
361.1516;12;-19.68443;-21.92571;3;3;EXTRACT;0;
363.1517;12;-19.68443;-21.92571;3;2;EXTRACT;0;
365.1518;12;-19.68443;-21.92571;3;1;EXTRACT;0;
367.1518;12;-19.68443;-21.92571;3;0;EXTRACT;0;
367.1518;12;-19.68443;-21.92571;3;0;DESTROYED;;
367.1685;20;-36.40015;-42.09104;3;16;CREATED;;
383;18;-1.169533;-2.677399;3;16;DISCOVER;0;
385.9357;18;-1.169533;-2.677399;3;15;EXTRACT;0;
387.9358;18;-1.169533;-2.677399;3;14;EXTRACT;0;
389.9359;18;-1.169533;-2.677399;3;13;EXTRACT;0;
391.9359;18;-1.169533;-2.677399;3;12;EXTRACT;0;
393.9359;18;-1.169533;-2.677399;3;11;EXTRACT;0;
395.9361;18;-1.169533;-2.677399;3;10;EXTRACT;0;
397.9527;18;-1.169533;-2.677399;3;9;EXTRACT;0;
399.9528;18;-1.169533;-2.677399;3;8;EXTRACT;0;
401.9529;18;-1.169533;-2.677399;3;7;EXTRACT;0;
403.9529;18;-1.169533;-2.677399;3;6;EXTRACT;0;
405.953;18;-1.169533;-2.677399;3;5;EXTRACT;0;
407.953;18;-1.169533;-2.677399;3;4;EXTRACT;0;
409.9531;18;-1.169533;-2.677399;3;3;EXTRACT;0;
411.9532;18;-1.169533;-2.677399;3;2;EXTRACT;0;
413.9532;18;-1.169533;-2.677399;3;1;EXTRACT;0;
415.9533;18;-1.169533;-2.677399;3;0;EXTRACT;0;
415.9533;18;-1.169533;-2.677399;3;0;DESTROYED;;
416.0033;21;24.25456;-26.36237;3;16;CREATED;;
437.76;11;-31.46196;9.312752;3;16;DISCOVER;0;
440.8706;11;-31.46196;9.312752;3;15;EXTRACT;0;
442.8708;11;-31.46196;9.312752;3;14;EXTRACT;0;
444.8708;11;-31.46196;9.312752;3;13;EXTRACT;0;
446.8708;11;-31.46196;9.312752;3;12;EXTRACT;0;
448.8709;11;-31.46196;9.312752;3;11;EXTRACT;0;
450.8709;11;-31.46196;9.312752;3;10;EXTRACT;0;
452.8711;11;-31.46196;9.312752;3;9;EXTRACT;0;
454.8711;11;-31.46196;9.312752;3;8;EXTRACT;0;
456.8711;11;-31.46196;9.312752;3;7;EXTRACT;0;
458.8712;11;-31.46196;9.312752;3;6;EXTRACT;0;
460.8713;11;-31.46196;9.312752;3;5;EXTRACT;0;
462.8713;11;-31.46196;9.312752;3;4;EXTRACT;0;
464.8714;11;-31.46196;9.312752;3;3;EXTRACT;0;
466.8715;11;-31.46196;9.312752;3;2;EXTRACT;0;
468.8716;11;-31.46196;9.312752;3;1;EXTRACT;0;
470.8716;11;-31.46196;9.312752;3;0;EXTRACT;0;
470.8716;11;-31.46196;9.312752;3;0;DESTROYED;;
470.8882;22;16.86013;30.52135;3;16;CREATED;;
512.4399;21;24.25456;-26.36237;3;16;DISCOVER;0;
515.5229;21;24.25456;-26.36237;3;15;EXTRACT;0;
517.5229;21;24.25456;-26.36237;3;14;EXTRACT;0;
519.5231;21;24.25456;-26.36237;3;13;EXTRACT;0;
521.5231;21;24.25456;-26.36237;3;12;EXTRACT;0;
523.5232;21;24.25456;-26.36237;3;11;EXTRACT;0;
525.5232;21;24.25456;-26.36237;3;10;EXTRACT;0;
527.5233;21;24.25456;-26.36237;3;9;EXTRACT;0;
529.5233;21;24.25456;-26.36237;3;8;EXTRACT;0;
531.5234;21;24.25456;-26.36237;3;7;EXTRACT;0;
533.5234;21;24.25456;-26.36237;3;6;EXTRACT;0;
535.5236;21;24.25456;-26.36237;3;5;EXTRACT;0;
537.5236;21;24.25456;-26.36237;3;4;EXTRACT;0;
539.5236;21;24.25456;-26.36237;3;3;EXTRACT;0;
541.5237;21;24.25456;-26.36237;3;2;EXTRACT;0;
543.5238;21;24.25456;-26.36237;3;1;EXTRACT;0;
545.5238;21;24.25456;-26.36237;3;0;EXTRACT;0;
545.5238;21;24.25456;-26.36237;3;0;DESTROYED;;
545.5571;23;1.848347;-15.76357;3;16;CREATED;;
587.5599;14;10.24977;-15.24932;3;16;DISCOVER;0;
590.5251;14;10.24977;-15.24932;3;15;EXTRACT;0;
592.5251;14;10.24977;-15.24932;3;14;EXTRACT;0;
594.5253;14;10.24977;-15.24932;3;13;EXTRACT;0;
596.5254;14;10.24977;-15.24932;3;12;EXTRACT;0;
598.5254;14;10.24977;-15.24932;3;11;EXTRACT;0;
600.5255;14;10.24977;-15.24932;3;10;EXTRACT;0;
602.5255;14;10.24977;-15.24932;3;9;EXTRACT;0;
604.5255;14;10.24977;-15.24932;3;8;EXTRACT;0;
606.5256;14;10.24977;-15.24932;3;7;EXTRACT;0;
608.5256;14;10.24977;-15.24932;3;6;EXTRACT;0;
610.5258;14;10.24977;-15.24932;3;5;EXTRACT;0;
612.5258;14;10.24977;-15.24932;3;4;EXTRACT;0;
614.5259;14;10.24977;-15.24932;3;3;EXTRACT;0;
616.5259;14;10.24977;-15.24932;3;2;EXTRACT;0;
618.526;14;10.24977;-15.24932;3;1;EXTRACT;0;
620.526;14;10.24977;-15.24932;3;0;EXTRACT;0;
620.526;14;10.24977;-15.24932;3;0;DESTROYED;;
620.5593;24;-20.40865;-32.40789;3;16;CREATED;;
