Time;PatchID;PositionX;PositionZ;Radius;CoinAmount;PatchEvent;TriggerPlayer;
0;244;26.40308;36.7631;3;16;CREATED;;
0;245;-25.49723;-41.8379;3;16;CREATED;;
0;246;-30.26128;19.18736;3;16;CREATED;;
0;247;21.44461;6.100452;3;16;CREATED;;
0;248;-24.76129;39.12736;3;16;CREATED;;
0;249;40.16304;-15.22384;3;16;CREATED;;
0;250;13.19465;-34.78233;3;16;CREATED;;
0;251;20.6126;-37.87794;3;16;CREATED;;
0;252;-16.03314;11.45422;3;16;CREATED;;
0;253;43.7717;-40.15409;3;16;CREATED;;
0;254;-38.72803;3.50824;3;16;CREATED;;
0;255;3.306396;36.25146;3;16;CREATED;;
0;256;-23.18988;26.13672;3;16;CREATED;;
0;257;-13.80317;-26.50778;3;16;CREATED;;
0;258;-1.455631;9.480778;3;16;CREATED;;
6.21875;252;-16.03314;11.45422;3;16;DISCOVER;1;
6.9375;254;-38.72803;3.50824;3;16;DISCOVER;0;
9.585938;252;-16.03314;11.45422;3;15;EXTRACT;1;
9.90625;254;-38.72803;3.50824;3;15;EXTRACT;0;
11.59375;252;-16.03314;11.45422;3;14;EXTRACT;1;
11.87109;254;-38.72803;3.50824;3;14;EXTRACT;0;
13.59766;252;-16.03314;11.45422;3;13;EXTRACT;1;
13.63672;252;-16.03314;11.45422;3;13;DISCOVER;3;
13.87891;254;-38.72803;3.50824;3;13;EXTRACT;0;
15.60547;252;-16.03314;11.45422;3;12;EXTRACT;1;
15.88672;254;-38.72803;3.50824;3;12;EXTRACT;0;
16.53125;252;-16.03314;11.45422;3;11;EXTRACT;3;
17.61328;252;-16.03314;11.45422;3;10;EXTRACT;1;
17.89453;254;-38.72803;3.50824;3;11;EXTRACT;0;
18.53516;252;-16.03314;11.45422;3;9;EXTRACT;3;
19.61719;252;-16.03314;11.45422;3;8;EXTRACT;1;
19.89844;254;-38.72803;3.50824;3;10;EXTRACT;0;
20.53906;252;-16.03314;11.45422;3;7;EXTRACT;3;
21.58203;252;-16.03314;11.45422;3;6;EXTRACT;1;
21.90234;254;-38.72803;3.50824;3;9;EXTRACT;0;
22.54297;252;-16.03314;11.45422;3;5;EXTRACT;3;
23.58594;252;-16.03314;11.45422;3;4;EXTRACT;1;
23.90625;254;-38.72803;3.50824;3;8;EXTRACT;0;
24.54688;252;-16.03314;11.45422;3;3;EXTRACT;3;
25.58984;252;-16.03314;11.45422;3;2;EXTRACT;1;
25.91016;254;-38.72803;3.50824;3;7;EXTRACT;0;
26.55078;252;-16.03314;11.45422;3;1;EXTRACT;3;
27.39063;252;-16.03314;11.45422;3;1;DISCOVER;2;
27.63281;252;-16.03314;11.45422;3;0;EXTRACT;1;
27.60156;252;-16.03314;11.45422;3;0;DESTROYED;;
27.63281;259;-0.6144142;31.66011;3;16;CREATED;;
27.875;254;-38.72803;3.50824;3;6;EXTRACT;0;
29.87891;254;-38.72803;3.50824;3;5;EXTRACT;0;
31.88281;254;-38.72803;3.50824;3;4;EXTRACT;0;
33.89063;254;-38.72803;3.50824;3;3;EXTRACT;0;
35.89453;254;-38.72803;3.50824;3;2;EXTRACT;0;
37.91016;254;-38.72803;3.50824;3;1;EXTRACT;0;
39.875;254;-38.72803;3.50824;3;0;EXTRACT;0;
39.83984;254;-38.72803;3.50824;3;0;DESTROYED;;
39.875;260;-13.31997;1.903721;3;16;CREATED;;
72.73828;245;-25.49723;-41.8379;3;16;DISCOVER;3;
73.29688;245;-25.49723;-41.8379;3;16;DISCOVER;2;
76.03125;245;-25.49723;-41.8379;3;15;EXTRACT;2;
76.43359;245;-25.49723;-41.8379;3;14;EXTRACT;3;
77.23438;257;-13.80317;-26.50778;3;16;DISCOVER;1;
78.03516;245;-25.49723;-41.8379;3;13;EXTRACT;2;
78.4375;245;-25.49723;-41.8379;3;12;EXTRACT;3;
79.80078;245;-25.49723;-41.8379;3;12;DISCOVER;0;
79.92188;257;-13.80317;-26.50778;3;15;EXTRACT;1;
80.04297;245;-25.49723;-41.8379;3;11;EXTRACT;2;
80.44141;245;-25.49723;-41.8379;3;10;EXTRACT;3;
81.92578;257;-13.80317;-26.50778;3;14;EXTRACT;1;
82.04688;245;-25.49723;-41.8379;3;9;EXTRACT;2;
82.40625;245;-25.49723;-41.8379;3;8;EXTRACT;3;
82.60547;245;-25.49723;-41.8379;3;7;EXTRACT;0;
83.92969;257;-13.80317;-26.50778;3;13;EXTRACT;1;
84.00781;245;-25.49723;-41.8379;3;6;EXTRACT;2;
84.41406;245;-25.49723;-41.8379;3;5;EXTRACT;3;
84.61328;245;-25.49723;-41.8379;3;4;EXTRACT;0;
85.93359;257;-13.80317;-26.50778;3;12;EXTRACT;1;
86.01563;245;-25.49723;-41.8379;3;3;EXTRACT;2;
86.41797;245;-25.49723;-41.8379;3;2;EXTRACT;3;
86.57813;245;-25.49723;-41.8379;3;1;EXTRACT;0;
87.89844;257;-13.80317;-26.50778;3;11;EXTRACT;1;
88.01953;245;-25.49723;-41.8379;3;0;EXTRACT;2;
88;245;-25.49723;-41.8379;3;0;DESTROYED;;
88.01953;261;-2.228214;-30.11674;3;16;CREATED;;
89.90625;257;-13.80317;-26.50778;3;10;EXTRACT;1;
91.91406;257;-13.80317;-26.50778;3;9;EXTRACT;1;
93.91797;257;-13.80317;-26.50778;3;8;EXTRACT;1;
95.92969;257;-13.80317;-26.50778;3;7;EXTRACT;1;
97.89844;257;-13.80317;-26.50778;3;6;EXTRACT;1;
99.90234;257;-13.80317;-26.50778;3;5;EXTRACT;1;
101.9102;257;-13.80317;-26.50778;3;4;EXTRACT;1;
103.0352;257;-13.80317;-26.50778;3;4;DISCOVER;2;
103.918;257;-13.80317;-26.50778;3;3;EXTRACT;1;
105.9219;257;-13.80317;-26.50778;3;2;EXTRACT;1;
106.1641;257;-13.80317;-26.50778;3;1;EXTRACT;2;
107.9336;257;-13.80317;-26.50778;3;0;EXTRACT;1;
107.9219;257;-13.80317;-26.50778;3;0;DESTROYED;;
107.9336;262;-3.054096;-21.76893;3;16;CREATED;;
114.1484;261;-2.228214;-30.11674;3;16;DISCOVER;1;
115.4766;261;-2.228214;-30.11674;3;16;DISCOVER;2;
117.8867;261;-2.228214;-30.11674;3;15;EXTRACT;1;
118.207;251;20.6126;-37.87794;3;16;DISCOVER;3;
118.6055;261;-2.228214;-30.11674;3;14;EXTRACT;2;
119.8906;261;-2.228214;-30.11674;3;13;EXTRACT;1;
120.5781;261;-2.228214;-30.11674;3;12;EXTRACT;2;
121.543;251;20.6126;-37.87794;3;15;EXTRACT;3;
121.9023;261;-2.228214;-30.11674;3;11;EXTRACT;1;
122.5859;261;-2.228214;-30.11674;3;10;EXTRACT;2;
123.5469;251;20.6126;-37.87794;3;14;EXTRACT;3;
123.9102;261;-2.228214;-30.11674;3;9;EXTRACT;1;
124.5898;261;-2.228214;-30.11674;3;8;EXTRACT;2;
125.5547;251;20.6126;-37.87794;3;13;EXTRACT;3;
125.9531;261;-2.228214;-30.11674;3;7;EXTRACT;1;
126.5547;253;43.7717;-40.15409;3;16;DISCOVER;0;
126.5938;261;-2.228214;-30.11674;3;6;EXTRACT;2;
127.5586;251;20.6126;-37.87794;3;12;EXTRACT;3;
127.918;261;-2.228214;-30.11674;3;5;EXTRACT;1;
128.6016;261;-2.228214;-30.11674;3;4;EXTRACT;2;
129.4805;253;43.7717;-40.15409;3;15;EXTRACT;0;
129.5625;251;20.6126;-37.87794;3;11;EXTRACT;3;
129.9258;261;-2.228214;-30.11674;3;3;EXTRACT;1;
130.6055;261;-2.228214;-30.11674;3;2;EXTRACT;2;
131.4883;253;43.7717;-40.15409;3;14;EXTRACT;0;
131.5664;251;20.6126;-37.87794;3;10;EXTRACT;3;
131.9336;261;-2.228214;-30.11674;3;1;EXTRACT;1;
132.6055;261;-2.228214;-30.11674;3;0;EXTRACT;2;
132.6016;261;-2.228214;-30.11674;3;0;DESTROYED;;
132.6055;263;39.74013;5.885567;3;16;CREATED;;
133.4883;253;43.7717;-40.15409;3;13;EXTRACT;0;
133.5703;251;20.6126;-37.87794;3;9;EXTRACT;3;
135.4961;253;43.7717;-40.15409;3;12;EXTRACT;0;
135.5781;251;20.6126;-37.87794;3;8;EXTRACT;3;
137.4688;253;43.7717;-40.15409;3;11;EXTRACT;0;
137.5508;251;20.6126;-37.87794;3;7;EXTRACT;3;
139.4727;253;43.7717;-40.15409;3;10;EXTRACT;0;
139.5547;251;20.6126;-37.87794;3;6;EXTRACT;3;
141.4844;253;43.7717;-40.15409;3;9;EXTRACT;0;
141.5625;251;20.6126;-37.87794;3;5;EXTRACT;3;
143.4961;253;43.7717;-40.15409;3;8;EXTRACT;0;
143.5781;251;20.6126;-37.87794;3;4;EXTRACT;3;
144.1406;250;13.19465;-34.78233;3;16;DISCOVER;2;
145.4648;253;43.7717;-40.15409;3;7;EXTRACT;0;
145.543;251;20.6126;-37.87794;3;3;EXTRACT;3;
146.9453;250;13.19465;-34.78233;3;15;EXTRACT;2;
147.4688;253;43.7717;-40.15409;3;6;EXTRACT;0;
147.5508;251;20.6126;-37.87794;3;2;EXTRACT;3;
147.668;251;20.6126;-37.87794;3;2;DISCOVER;1;
148.9492;250;13.19465;-34.78233;3;14;EXTRACT;2;
149.4727;253;43.7717;-40.15409;3;5;EXTRACT;0;
149.5508;251;20.6126;-37.87794;3;1;EXTRACT;3;
150.2344;251;20.6126;-37.87794;3;0;EXTRACT;1;
150.1992;251;20.6126;-37.87794;3;0;DESTROYED;;
150.2344;264;3.757996;27.25074;3;16;CREATED;;
150.9531;250;13.19465;-34.78233;3;13;EXTRACT;2;
151.4766;253;43.7717;-40.15409;3;4;EXTRACT;0;
152.957;250;13.19465;-34.78233;3;12;EXTRACT;2;
153.4805;253;43.7717;-40.15409;3;3;EXTRACT;0;
154.9609;250;13.19465;-34.78233;3;11;EXTRACT;2;
155.4844;253;43.7717;-40.15409;3;2;EXTRACT;0;
156.9688;250;13.19465;-34.78233;3;10;EXTRACT;2;
157.4883;253;43.7717;-40.15409;3;1;EXTRACT;0;
158.9766;250;13.19465;-34.78233;3;9;EXTRACT;2;
159.4961;253;43.7717;-40.15409;3;0;EXTRACT;0;
159.4805;253;43.7717;-40.15409;3;0;DESTROYED;;
159.4961;265;9.739773;20.77033;3;16;CREATED;;
160.9844;250;13.19465;-34.78233;3;8;EXTRACT;2;
162.9492;250;13.19465;-34.78233;3;7;EXTRACT;2;
164.9609;250;13.19465;-34.78233;3;6;EXTRACT;2;
166.9648;250;13.19465;-34.78233;3;5;EXTRACT;2;
168.9727;250;13.19465;-34.78233;3;4;EXTRACT;2;
170.9805;250;13.19465;-34.78233;3;3;EXTRACT;2;
172.9844;250;13.19465;-34.78233;3;2;EXTRACT;2;
174.957;250;13.19465;-34.78233;3;1;EXTRACT;2;
176.9648;250;13.19465;-34.78233;3;0;EXTRACT;2;
176.9609;250;13.19465;-34.78233;3;0;DESTROYED;;
176.9648;266;-30.38761;31.03085;3;16;CREATED;;
183.832;247;21.44461;6.100452;3;16;DISCOVER;1;
186.6758;247;21.44461;6.100452;3;15;EXTRACT;1;
188.2852;263;39.74013;5.885567;3;16;DISCOVER;3;
188.6836;247;21.44461;6.100452;3;14;EXTRACT;1;
190.6914;247;21.44461;6.100452;3;13;EXTRACT;1;
191.6953;263;39.74013;5.885567;3;15;EXTRACT;3;
192.6953;247;21.44461;6.100452;3;12;EXTRACT;1;
193.6563;263;39.74013;5.885567;3;14;EXTRACT;3;
194.6992;247;21.44461;6.100452;3;11;EXTRACT;1;
195.6641;263;39.74013;5.885567;3;13;EXTRACT;3;
196.707;247;21.44461;6.100452;3;10;EXTRACT;1;
197.668;263;39.74013;5.885567;3;12;EXTRACT;3;
198.7148;247;21.44461;6.100452;3;9;EXTRACT;1;
199.6719;263;39.74013;5.885567;3;11;EXTRACT;3;
200.0352;247;21.44461;6.100452;3;9;DISCOVER;2;
200.7188;247;21.44461;6.100452;3;8;EXTRACT;1;
201.6797;263;39.74013;5.885567;3;10;EXTRACT;3;
202.6055;247;21.44461;6.100452;3;7;EXTRACT;2;
202.6875;247;21.44461;6.100452;3;6;EXTRACT;1;
203.6875;263;39.74013;5.885567;3;9;EXTRACT;3;
204.6133;247;21.44461;6.100452;3;5;EXTRACT;2;
204.6914;247;21.44461;6.100452;3;4;EXTRACT;1;
205.6953;263;39.74013;5.885567;3;8;EXTRACT;3;
206.6172;247;21.44461;6.100452;3;3;EXTRACT;2;
206.6953;247;21.44461;6.100452;3;2;EXTRACT;1;
207.6602;263;39.74013;5.885567;3;7;EXTRACT;3;
208.582;247;21.44461;6.100452;3;1;EXTRACT;2;
208.7031;247;21.44461;6.100452;3;0;EXTRACT;1;
208.6797;247;21.44461;6.100452;3;0;DESTROYED;;
208.7031;267;5.866352;14.93724;3;16;CREATED;;
209.668;263;39.74013;5.885567;3;6;EXTRACT;3;
211.6758;263;39.74013;5.885567;3;5;EXTRACT;3;
213.6836;263;39.74013;5.885567;3;4;EXTRACT;3;
215.6875;263;39.74013;5.885567;3;3;EXTRACT;3;
217.6953;263;39.74013;5.885567;3;2;EXTRACT;3;
218.8984;263;39.74013;5.885567;3;2;DISCOVER;2;
219.6602;263;39.74013;5.885567;3;1;EXTRACT;3;
220.1016;263;39.74013;5.885567;3;1;DISCOVER;1;
221.543;263;39.74013;5.885567;3;0;EXTRACT;2;
221.5195;263;39.74013;5.885567;3;0;DESTROYED;;
221.543;268;3.600475;0.09254074;3;16;CREATED;;
258.9258;255;3.306396;36.25146;3;16;DISCOVER;0;
259.5664;255;3.306396;36.25146;3;16;DISCOVER;2;
261.9727;255;3.306396;36.25146;3;15;EXTRACT;0;
262.5742;255;3.306396;36.25146;3;14;EXTRACT;2;
263.9805;255;3.306396;36.25146;3;13;EXTRACT;0;
264.582;255;3.306396;36.25146;3;12;EXTRACT;2;
265.5859;255;3.306396;36.25146;3;12;DISCOVER;3;
265.9844;255;3.306396;36.25146;3;11;EXTRACT;0;
266.5859;255;3.306396;36.25146;3;10;EXTRACT;2;
267.9922;255;3.306396;36.25146;3;9;EXTRACT;0;
268.5938;255;3.306396;36.25146;3;8;EXTRACT;2;
268.957;255;3.306396;36.25146;3;7;EXTRACT;3;
270;255;3.306396;36.25146;3;6;EXTRACT;0;
270.6016;255;3.306396;36.25146;3;5;EXTRACT;2;
270.9648;255;3.306396;36.25146;3;4;EXTRACT;3;
271.9805;255;3.306396;36.25146;3;3;EXTRACT;0;
272.5781;255;3.306396;36.25146;3;2;EXTRACT;2;
272.9414;255;3.306396;36.25146;3;1;EXTRACT;3;
273.1016;246;-30.26128;19.18736;3;16;DISCOVER;1;
273.9805;255;3.306396;36.25146;3;0;EXTRACT;0;
273.9609;255;3.306396;36.25146;3;0;DESTROYED;;
273.9805;269;35.07131;-42.95279;3;16;CREATED;;
276.0273;246;-30.26128;19.18736;3;15;EXTRACT;1;
277.9531;259;-0.6144142;31.66011;3;16;DISCOVER;3;
278.0352;246;-30.26128;19.18736;3;14;EXTRACT;1;
278.3555;259;-0.6144142;31.66011;3;16;DISCOVER;2;
280.0391;246;-30.26128;19.18736;3;13;EXTRACT;1;
281.2031;259;-0.6144142;31.66011;3;15;EXTRACT;2;
281.2031;259;-0.6144142;31.66011;3;14;EXTRACT;3;
282.0469;246;-30.26128;19.18736;3;12;EXTRACT;1;
283.1719;259;-0.6144142;31.66011;3;13;EXTRACT;2;
283.2109;259;-0.6144142;31.66011;3;12;EXTRACT;3;
284.0547;246;-30.26128;19.18736;3;11;EXTRACT;1;
285.1797;259;-0.6144142;31.66011;3;11;EXTRACT;2;
285.2188;259;-0.6144142;31.66011;3;10;EXTRACT;3;
286.0195;246;-30.26128;19.18736;3;10;EXTRACT;1;
287.1836;259;-0.6144142;31.66011;3;9;EXTRACT;2;
287.2227;259;-0.6144142;31.66011;3;8;EXTRACT;3;
288.0234;246;-30.26128;19.18736;3;9;EXTRACT;1;
289.1914;259;-0.6144142;31.66011;3;7;EXTRACT;2;
289.2305;259;-0.6144142;31.66011;3;6;EXTRACT;3;
290.0313;246;-30.26128;19.18736;3;8;EXTRACT;1;
291.1992;259;-0.6144142;31.66011;3;5;EXTRACT;2;
291.1992;259;-0.6144142;31.66011;3;4;EXTRACT;3;
292.0391;246;-30.26128;19.18736;3;7;EXTRACT;1;
293.2031;259;-0.6144142;31.66011;3;3;EXTRACT;2;
293.2031;259;-0.6144142;31.66011;3;2;EXTRACT;3;
294.0469;246;-30.26128;19.18736;3;6;EXTRACT;1;
295.1719;259;-0.6144142;31.66011;3;1;EXTRACT;2;
295.2109;259;-0.6144142;31.66011;3;0;EXTRACT;3;
295.1992;259;-0.6144142;31.66011;3;0;DESTROYED;;
295.2109;270;21.61922;14.13757;3;16;CREATED;;
296.0547;246;-30.26128;19.18736;3;5;EXTRACT;1;
298.0664;246;-30.26128;19.18736;3;4;EXTRACT;1;
300.0703;246;-30.26128;19.18736;3;3;EXTRACT;1;
302.0742;246;-30.26128;19.18736;3;2;EXTRACT;1;
304.082;246;-30.26128;19.18736;3;1;EXTRACT;1;
306.0898;246;-30.26128;19.18736;3;0;EXTRACT;1;
306.0781;246;-30.26128;19.18736;3;0;DESTROYED;;
306.0898;271;-10.13509;19.16544;3;16;CREATED;;
310.3828;266;-30.38761;31.03085;3;16;DISCOVER;0;
310.6211;248;-24.76129;39.12736;3;16;DISCOVER;3;
313.2695;266;-30.38761;31.03085;3;15;EXTRACT;0;
313.9883;248;-24.76129;39.12736;3;15;EXTRACT;3;
314.4297;266;-30.38761;31.03085;3;15;DISCOVER;2;
315.2734;266;-30.38761;31.03085;3;14;EXTRACT;0;
315.9961;248;-24.76129;39.12736;3;14;EXTRACT;3;
317.0391;266;-30.38761;31.03085;3;13;EXTRACT;2;
317.2813;266;-30.38761;31.03085;3;12;EXTRACT;0;
317.9609;248;-24.76129;39.12736;3;13;EXTRACT;3;
319.0469;266;-30.38761;31.03085;3;11;EXTRACT;2;
319.2852;266;-30.38761;31.03085;3;10;EXTRACT;0;
319.9688;248;-24.76129;39.12736;3;12;EXTRACT;3;
321.0508;266;-30.38761;31.03085;3;9;EXTRACT;2;
321.2891;266;-30.38761;31.03085;3;8;EXTRACT;0;
321.9727;248;-24.76129;39.12736;3;11;EXTRACT;3;
323.0547;266;-30.38761;31.03085;3;7;EXTRACT;2;
323.2539;266;-30.38761;31.03085;3;6;EXTRACT;0;
323.9805;248;-24.76129;39.12736;3;10;EXTRACT;3;
325.0234;266;-30.38761;31.03085;3;5;EXTRACT;2;
325.2656;266;-30.38761;31.03085;3;4;EXTRACT;0;
325.9883;248;-24.76129;39.12736;3;9;EXTRACT;3;
327.0313;266;-30.38761;31.03085;3;3;EXTRACT;2;
327.2734;266;-30.38761;31.03085;3;2;EXTRACT;0;
327.9922;248;-24.76129;39.12736;3;8;EXTRACT;3;
329.0352;266;-30.38761;31.03085;3;1;EXTRACT;2;
329.2773;266;-30.38761;31.03085;3;0;EXTRACT;0;
329.2383;266;-30.38761;31.03085;3;0;DESTROYED;;
329.2773;272;16.04984;10.11382;3;16;CREATED;;
330;248;-24.76129;39.12736;3;7;EXTRACT;3;
331.9648;248;-24.76129;39.12736;3;6;EXTRACT;3;
333.9688;248;-24.76129;39.12736;3;5;EXTRACT;3;
335.9805;248;-24.76129;39.12736;3;4;EXTRACT;3;
337.9922;248;-24.76129;39.12736;3;3;EXTRACT;3;
340;248;-24.76129;39.12736;3;2;EXTRACT;3;
341.9688;248;-24.76129;39.12736;3;1;EXTRACT;3;
343.9766;248;-24.76129;39.12736;3;0;EXTRACT;3;
343.9609;248;-24.76129;39.12736;3;0;DESTROYED;;
343.9766;273;38.03396;34.36608;3;16;CREATED;;
351.3633;256;-23.18988;26.13672;3;16;DISCOVER;2;
354.1758;256;-23.18988;26.13672;3;15;EXTRACT;2;
356.1836;256;-23.18988;26.13672;3;14;EXTRACT;2;
358.1914;256;-23.18988;26.13672;3;13;EXTRACT;2;
360.1563;256;-23.18988;26.13672;3;12;EXTRACT;2;
362.168;256;-23.18988;26.13672;3;11;EXTRACT;2;
364.1719;256;-23.18988;26.13672;3;10;EXTRACT;2;
366.1758;256;-23.18988;26.13672;3;9;EXTRACT;2;
368.1836;256;-23.18988;26.13672;3;8;EXTRACT;2;
370.1563;256;-23.18988;26.13672;3;7;EXTRACT;2;
372.168;256;-23.18988;26.13672;3;6;EXTRACT;2;
374.1758;256;-23.18988;26.13672;3;5;EXTRACT;2;
376.1836;256;-23.18988;26.13672;3;4;EXTRACT;2;
378.1523;256;-23.18988;26.13672;3;3;EXTRACT;2;
380.1641;256;-23.18988;26.13672;3;2;EXTRACT;2;
382.168;256;-23.18988;26.13672;3;1;EXTRACT;2;
384.1797;256;-23.18988;26.13672;3;0;EXTRACT;2;
384.1602;256;-23.18988;26.13672;3;0;DESTROYED;;
384.1797;274;-13.0683;-7.388374;3;16;CREATED;;
415.4727;262;-3.054096;-21.76893;3;16;DISCOVER;1;
419.2852;262;-3.054096;-21.76893;3;15;EXTRACT;1;
421.293;262;-3.054096;-21.76893;3;14;EXTRACT;1;
423.3008;262;-3.054096;-21.76893;3;13;EXTRACT;1;
425.3047;262;-3.054096;-21.76893;3;12;EXTRACT;1;
426.7109;262;-3.054096;-21.76893;3;12;DISCOVER;2;
427.3125;262;-3.054096;-21.76893;3;11;EXTRACT;1;
428.875;262;-3.054096;-21.76893;3;11;DISCOVER;3;
429.2773;262;-3.054096;-21.76893;3;10;EXTRACT;1;
429.3164;262;-3.054096;-21.76893;3;9;EXTRACT;2;
429.918;274;-13.0683;-7.388374;3;16;DISCOVER;0;
431.2852;262;-3.054096;-21.76893;3;8;EXTRACT;1;
431.3242;262;-3.054096;-21.76893;3;7;EXTRACT;2;
432.4492;262;-3.054096;-21.76893;3;6;EXTRACT;3;
432.9297;274;-13.0683;-7.388374;3;15;EXTRACT;0;
433.2891;262;-3.054096;-21.76893;3;5;EXTRACT;1;
433.3281;262;-3.054096;-21.76893;3;4;EXTRACT;2;
434.4531;262;-3.054096;-21.76893;3;3;EXTRACT;3;
434.9336;274;-13.0683;-7.388374;3;14;EXTRACT;0;
435.293;262;-3.054096;-21.76893;3;2;EXTRACT;1;
435.332;262;-3.054096;-21.76893;3;1;EXTRACT;2;
436.457;262;-3.054096;-21.76893;3;0;EXTRACT;3;
436.4414;262;-3.054096;-21.76893;3;0;DESTROYED;;
436.457;275;22.40024;29.35368;3;16;CREATED;;
436.9336;274;-13.0683;-7.388374;3;13;EXTRACT;0;
438.9414;274;-13.0683;-7.388374;3;12;EXTRACT;0;
440.9531;274;-13.0683;-7.388374;3;11;EXTRACT;0;
442.957;274;-13.0683;-7.388374;3;10;EXTRACT;0;
444.9609;274;-13.0683;-7.388374;3;9;EXTRACT;0;
444.9609;274;-13.0683;-7.388374;3;9;DISCOVER;1;
446.9648;274;-13.0683;-7.388374;3;8;EXTRACT;0;
447.6094;274;-13.0683;-7.388374;3;7;EXTRACT;1;
448.9727;274;-13.0683;-7.388374;3;6;EXTRACT;0;
449.5742;274;-13.0683;-7.388374;3;5;EXTRACT;1;
450.9414;274;-13.0683;-7.388374;3;4;EXTRACT;0;
451.582;274;-13.0683;-7.388374;3;3;EXTRACT;1;
452.9453;274;-13.0683;-7.388374;3;2;EXTRACT;0;
453.5898;274;-13.0683;-7.388374;3;1;EXTRACT;1;
454.9531;274;-13.0683;-7.388374;3;0;EXTRACT;0;
454.9219;274;-13.0683;-7.388374;3;0;DESTROYED;;
454.9531;276;-27.98329;-8.941536;3;16;CREATED;;
463.2148;268;3.600475;0.09254074;3;16;DISCOVER;3;
466.3086;260;-13.31997;1.903721;3;16;DISCOVER;1;
466.75;268;3.600475;0.09254074;3;15;EXTRACT;3;
468.75;268;3.600475;0.09254074;3;14;EXTRACT;3;
469.1133;268;3.600475;0.09254074;3;14;DISCOVER;2;
469.3945;260;-13.31997;1.903721;3;15;EXTRACT;1;
470.7578;268;3.600475;0.09254074;3;13;EXTRACT;3;
471.3594;260;-13.31997;1.903721;3;14;EXTRACT;1;
471.7617;268;3.600475;0.09254074;3;12;EXTRACT;2;
472.7266;268;3.600475;0.09254074;3;11;EXTRACT;3;
473.3672;260;-13.31997;1.903721;3;13;EXTRACT;1;
473.7305;268;3.600475;0.09254074;3;10;EXTRACT;2;
474.7305;268;3.600475;0.09254074;3;9;EXTRACT;3;
475.3711;260;-13.31997;1.903721;3;12;EXTRACT;1;
475.7344;268;3.600475;0.09254074;3;8;EXTRACT;2;
476.7344;268;3.600475;0.09254074;3;7;EXTRACT;3;
477.3789;260;-13.31997;1.903721;3;11;EXTRACT;1;
477.7383;268;3.600475;0.09254074;3;6;EXTRACT;2;
478.7422;268;3.600475;0.09254074;3;5;EXTRACT;3;
479.3828;260;-13.31997;1.903721;3;10;EXTRACT;1;
479.7422;268;3.600475;0.09254074;3;4;EXTRACT;2;
480.7461;268;3.600475;0.09254074;3;3;EXTRACT;3;
481.3867;260;-13.31997;1.903721;3;9;EXTRACT;1;
481.7461;268;3.600475;0.09254074;3;2;EXTRACT;2;
482.75;268;3.600475;0.09254074;3;1;EXTRACT;3;
483.3906;260;-13.31997;1.903721;3;8;EXTRACT;1;
483.7539;268;3.600475;0.09254074;3;0;EXTRACT;2;
483.7188;268;3.600475;0.09254074;3;0;DESTROYED;;
483.7539;277;-0.07752228;15.95886;3;16;CREATED;;
485.3984;260;-13.31997;1.903721;3;7;EXTRACT;1;
487.3633;260;-13.31997;1.903721;3;6;EXTRACT;1;
489.4102;260;-13.31997;1.903721;3;5;EXTRACT;1;
491.3789;260;-13.31997;1.903721;3;4;EXTRACT;1;
493.3867;260;-13.31997;1.903721;3;3;EXTRACT;1;
494.9492;260;-13.31997;1.903721;3;3;DISCOVER;2;
495.3945;260;-13.31997;1.903721;3;2;EXTRACT;1;
497.3945;260;-13.31997;1.903721;3;1;EXTRACT;1;
497.5195;260;-13.31997;1.903721;3;0;EXTRACT;2;
497.4805;260;-13.31997;1.903721;3;0;DESTROYED;;
497.5195;278;36.8979;-6.641476;3;16;CREATED;;
503.4492;258;-1.455631;9.480778;3;16;DISCOVER;3;
506.3789;258;-1.455631;9.480778;3;15;EXTRACT;3;
508.3867;258;-1.455631;9.480778;3;14;EXTRACT;3;
510.3555;258;-1.455631;9.480778;3;13;EXTRACT;3;
512.3555;258;-1.455631;9.480778;3;12;EXTRACT;3;
514.4023;258;-1.455631;9.480778;3;11;EXTRACT;3;
516.4102;258;-1.455631;9.480778;3;10;EXTRACT;3;
518.3711;258;-1.455631;9.480778;3;9;EXTRACT;3;
519.2148;258;-1.455631;9.480778;3;9;DISCOVER;1;
519.293;258;-1.455631;9.480778;3;9;DISCOVER;2;
520.3789;258;-1.455631;9.480778;3;8;EXTRACT;3;
521.7461;269;35.07131;-42.95279;3;16;DISCOVER;0;
522.1445;258;-1.455631;9.480778;3;7;EXTRACT;2;
522.3867;258;-1.455631;9.480778;3;6;EXTRACT;3;
522.6289;258;-1.455631;9.480778;3;5;EXTRACT;1;
524.1445;258;-1.455631;9.480778;3;4;EXTRACT;2;
524.3867;258;-1.455631;9.480778;3;3;EXTRACT;3;
524.6289;258;-1.455631;9.480778;3;2;EXTRACT;1;
525.0273;269;35.07131;-42.95279;3;15;EXTRACT;0;
526.1523;258;-1.455631;9.480778;3;1;EXTRACT;2;
526.3867;258;-1.455631;9.480778;3;0;EXTRACT;3;
526.3633;258;-1.455631;9.480778;3;0;DESTROYED;;
526.3867;279;-20.47392;-14.61401;3;16;CREATED;;
527.0352;269;35.07131;-42.95279;3;14;EXTRACT;0;
529.0352;269;35.07131;-42.95279;3;13;EXTRACT;0;
531.043;269;35.07131;-42.95279;3;12;EXTRACT;0;
533.043;269;35.07131;-42.95279;3;11;EXTRACT;0;
534.4492;277;-0.07752228;15.95886;3;16;DISCOVER;3;
534.6523;267;5.866352;14.93724;3;16;DISCOVER;2;
535.0508;269;35.07131;-42.95279;3;10;EXTRACT;0;
537.0195;269;35.07131;-42.95279;3;9;EXTRACT;0;
537.6992;267;5.866352;14.93724;3;15;EXTRACT;2;
537.8555;277;-0.07752228;15.95886;3;15;EXTRACT;3;
539.0195;269;35.07131;-42.95279;3;8;EXTRACT;0;
539.6992;267;5.866352;14.93724;3;14;EXTRACT;2;
539.8633;277;-0.07752228;15.95886;3;14;EXTRACT;3;
540.582;270;21.61922;14.13757;3;16;DISCOVER;1;
541.0273;269;35.07131;-42.95279;3;7;EXTRACT;0;
541.707;267;5.866352;14.93724;3;13;EXTRACT;2;
541.8633;277;-0.07752228;15.95886;3;13;EXTRACT;3;
543.0273;269;35.07131;-42.95279;3;6;EXTRACT;0;
543.707;267;5.866352;14.93724;3;12;EXTRACT;2;
543.8711;277;-0.07752228;15.95886;3;12;EXTRACT;3;
543.9102;270;21.61922;14.13757;3;15;EXTRACT;1;
545.0273;269;35.07131;-42.95279;3;5;EXTRACT;0;
545.7148;267;5.866352;14.93724;3;11;EXTRACT;2;
545.8711;277;-0.07752228;15.95886;3;11;EXTRACT;3;
545.9102;270;21.61922;14.13757;3;14;EXTRACT;1;
547.0352;269;35.07131;-42.95279;3;4;EXTRACT;0;
547.7148;267;5.866352;14.93724;3;10;EXTRACT;2;
547.8789;277;-0.07752228;15.95886;3;10;EXTRACT;3;
547.918;270;21.61922;14.13757;3;13;EXTRACT;1;
549.043;269;35.07131;-42.95279;3;3;EXTRACT;0;
549.7227;267;5.866352;14.93724;3;9;EXTRACT;2;
549.8398;277;-0.07752228;15.95886;3;9;EXTRACT;3;
549.918;270;21.61922;14.13757;3;12;EXTRACT;1;
551.043;269;35.07131;-42.95279;3;2;EXTRACT;0;
551.7227;267;5.866352;14.93724;3;8;EXTRACT;2;
551.8398;277;-0.07752228;15.95886;3;8;EXTRACT;3;
551.9258;270;21.61922;14.13757;3;11;EXTRACT;1;
553.043;269;35.07131;-42.95279;3;1;EXTRACT;0;
553.7305;267;5.866352;14.93724;3;7;EXTRACT;2;
553.8477;277;-0.07752228;15.95886;3;7;EXTRACT;3;
553.9258;270;21.61922;14.13757;3;10;EXTRACT;1;
555.0508;269;35.07131;-42.95279;3;0;EXTRACT;0;
555.043;269;35.07131;-42.95279;3;0;DESTROYED;;
555.0508;280;29.22004;4.244171;3;16;CREATED;;
555.7305;267;5.866352;14.93724;3;6;EXTRACT;2;
555.8555;277;-0.07752228;15.95886;3;6;EXTRACT;3;
555.9336;270;21.61922;14.13757;3;9;EXTRACT;1;
557.6914;267;5.866352;14.93724;3;5;EXTRACT;2;
557.8555;277;-0.07752228;15.95886;3;5;EXTRACT;3;
557.9336;270;21.61922;14.13757;3;8;EXTRACT;1;
559.707;267;5.866352;14.93724;3;4;EXTRACT;2;
559.8633;277;-0.07752228;15.95886;3;4;EXTRACT;3;
559.9414;270;21.61922;14.13757;3;7;EXTRACT;1;
561.707;267;5.866352;14.93724;3;3;EXTRACT;2;
561.8711;277;-0.07752228;15.95886;3;3;EXTRACT;3;
561.9492;270;21.61922;14.13757;3;6;EXTRACT;1;
563.707;267;5.866352;14.93724;3;2;EXTRACT;2;
563.8711;277;-0.07752228;15.95886;3;2;EXTRACT;3;
563.9102;270;21.61922;14.13757;3;5;EXTRACT;1;
565.7148;267;5.866352;14.93724;3;1;EXTRACT;2;
565.8789;277;-0.07752228;15.95886;3;1;EXTRACT;3;
565.918;270;21.61922;14.13757;3;4;EXTRACT;1;
567.7227;267;5.866352;14.93724;3;0;EXTRACT;2;
567.7227;267;5.866352;14.93724;3;0;DESTROYED;;
567.7227;281;-23.10867;30.94913;3;16;CREATED;;
567.8398;277;-0.07752228;15.95886;3;0;EXTRACT;3;
567.8398;277;-0.07752228;15.95886;3;0;DESTROYED;;
567.8398;282;-35.44645;25.52473;3;16;CREATED;;
567.9258;270;21.61922;14.13757;3;3;EXTRACT;1;
569.9258;270;21.61922;14.13757;3;2;EXTRACT;1;
571.9336;270;21.61922;14.13757;3;1;EXTRACT;1;
573.9414;270;21.61922;14.13757;3;0;EXTRACT;1;
573.918;270;21.61922;14.13757;3;0;DESTROYED;;
573.9414;283;31.94099;30.51786;3;16;CREATED;;
577.7148;272;16.04984;10.11382;3;16;DISCOVER;2;
580.7695;272;16.04984;10.11382;3;15;EXTRACT;2;
581.8477;272;16.04984;10.11382;3;15;DISCOVER;1;
582.7695;272;16.04984;10.11382;3;14;EXTRACT;2;
583.2461;272;16.04984;10.11382;3;14;DISCOVER;3;
584.4102;272;16.04984;10.11382;3;13;EXTRACT;1;
584.7773;272;16.04984;10.11382;3;12;EXTRACT;2;
586.4258;272;16.04984;10.11382;3;11;EXTRACT;1;
586.6211;272;16.04984;10.11382;3;10;EXTRACT;3;
586.7461;272;16.04984;10.11382;3;9;EXTRACT;2;
588.4258;272;16.04984;10.11382;3;8;EXTRACT;1;
588.6289;272;16.04984;10.11382;3;7;EXTRACT;3;
588.7461;272;16.04984;10.11382;3;6;EXTRACT;2;
590.4336;272;16.04984;10.11382;3;5;EXTRACT;1;
590.5898;272;16.04984;10.11382;3;4;EXTRACT;3;
590.7539;272;16.04984;10.11382;3;3;EXTRACT;2;
592.4336;272;16.04984;10.11382;3;2;EXTRACT;1;
592.5977;272;16.04984;10.11382;3;1;EXTRACT;3;
592.7539;272;16.04984;10.11382;3;0;EXTRACT;2;
592.7227;272;16.04984;10.11382;3;0;DESTROYED;;
592.7539;284;-8.453438;-18.95814;3;16;CREATED;;
632.4727;284;-8.453438;-18.95814;3;16;DISCOVER;0;
635.3633;284;-8.453438;-18.95814;3;15;EXTRACT;0;
637.3711;284;-8.453438;-18.95814;3;14;EXTRACT;0;
639.3789;284;-8.453438;-18.95814;3;13;EXTRACT;0;
641.3789;284;-8.453438;-18.95814;3;12;EXTRACT;0;
643.3867;284;-8.453438;-18.95814;3;11;EXTRACT;0;
645.3555;284;-8.453438;-18.95814;3;10;EXTRACT;0;
646.6367;284;-8.453438;-18.95814;3;10;DISCOVER;3;
647.3633;284;-8.453438;-18.95814;3;9;EXTRACT;0;
649.3711;284;-8.453438;-18.95814;3;8;EXTRACT;0;
649.9727;249;40.16304;-15.22384;3;16;DISCOVER;1;
650.0898;284;-8.453438;-18.95814;3;7;EXTRACT;3;
651.3789;284;-8.453438;-18.95814;3;6;EXTRACT;0;
652.0977;284;-8.453438;-18.95814;3;5;EXTRACT;3;
653.3867;284;-8.453438;-18.95814;3;4;EXTRACT;0;
653.9883;249;40.16304;-15.22384;3;15;EXTRACT;1;
654.1055;284;-8.453438;-18.95814;3;3;EXTRACT;3;
654.793;284;-8.453438;-18.95814;3;3;DISCOVER;2;
655.3555;284;-8.453438;-18.95814;3;2;EXTRACT;0;
655.9883;249;40.16304;-15.22384;3;14;EXTRACT;1;
656.1133;284;-8.453438;-18.95814;3;1;EXTRACT;3;
657.3555;284;-8.453438;-18.95814;3;0;EXTRACT;0;
657.3164;284;-8.453438;-18.95814;3;0;DESTROYED;;
657.3555;285;43.7061;-30.79166;3;16;CREATED;;
657.9961;249;40.16304;-15.22384;3;13;EXTRACT;1;
660.0039;249;40.16304;-15.22384;3;12;EXTRACT;1;
662.0117;249;40.16304;-15.22384;3;11;EXTRACT;1;
664.0195;249;40.16304;-15.22384;3;10;EXTRACT;1;
666.0273;249;40.16304;-15.22384;3;9;EXTRACT;1;
666.0664;279;-20.47392;-14.61401;3;16;DISCOVER;0;
667.9961;249;40.16304;-15.22384;3;8;EXTRACT;1;
669.3242;279;-20.47392;-14.61401;3;15;EXTRACT;0;
670.0039;249;40.16304;-15.22384;3;7;EXTRACT;1;
671.332;279;-20.47392;-14.61401;3;14;EXTRACT;0;
672.0117;249;40.16304;-15.22384;3;6;EXTRACT;1;
672.2539;279;-20.47392;-14.61401;3;14;DISCOVER;3;
673.332;279;-20.47392;-14.61401;3;13;EXTRACT;0;
674.0195;249;40.16304;-15.22384;3;5;EXTRACT;1;
674.8164;279;-20.47392;-14.61401;3;13;DISCOVER;2;
675.3398;279;-20.47392;-14.61401;3;12;EXTRACT;0;
675.4961;279;-20.47392;-14.61401;3;11;EXTRACT;3;
676.0195;249;40.16304;-15.22384;3;4;EXTRACT;1;
677.3398;279;-20.47392;-14.61401;3;10;EXTRACT;0;
677.5039;279;-20.47392;-14.61401;3;9;EXTRACT;3;
677.582;279;-20.47392;-14.61401;3;8;EXTRACT;2;
678.0195;249;40.16304;-15.22384;3;3;EXTRACT;1;
679.3477;279;-20.47392;-14.61401;3;7;EXTRACT;0;
679.5039;279;-20.47392;-14.61401;3;6;EXTRACT;3;
679.5898;279;-20.47392;-14.61401;3;5;EXTRACT;2;
680.0273;249;40.16304;-15.22384;3;2;EXTRACT;1;
681.3477;279;-20.47392;-14.61401;3;4;EXTRACT;0;
681.5117;279;-20.47392;-14.61401;3;3;EXTRACT;3;
681.5508;279;-20.47392;-14.61401;3;2;EXTRACT;2;
682.0273;249;40.16304;-15.22384;3;1;EXTRACT;1;
683.3555;279;-20.47392;-14.61401;3;1;EXTRACT;0;
683.5117;279;-20.47392;-14.61401;3;0;EXTRACT;3;
683.4805;279;-20.47392;-14.61401;3;0;DESTROYED;;
683.5117;286;31.73474;-11.0996;3;16;CREATED;;
684.0352;249;40.16304;-15.22384;3;0;EXTRACT;1;
683.9961;249;40.16304;-15.22384;3;0;DESTROYED;;
684.0352;287;-16.45097;39.8478;3;16;CREATED;;
690.0898;276;-27.98329;-8.941536;3;16;DISCOVER;0;
692.7461;276;-27.98329;-8.941536;3;16;DISCOVER;2;
692.7852;276;-27.98329;-8.941536;3;15;EXTRACT;0;
692.8242;278;36.8979;-6.641476;3;16;DISCOVER;1;
694.3555;276;-27.98329;-8.941536;3;15;DISCOVER;3;
694.793;276;-27.98329;-8.941536;3;14;EXTRACT;0;
695.3164;276;-27.98329;-8.941536;3;13;EXTRACT;2;
696.793;276;-27.98329;-8.941536;3;12;EXTRACT;0;
697.0352;278;36.8979;-6.641476;3;15;EXTRACT;1;
697.3164;276;-27.98329;-8.941536;3;11;EXTRACT;2;
698.082;276;-27.98329;-8.941536;3;10;EXTRACT;3;
698.8008;276;-27.98329;-8.941536;3;9;EXTRACT;0;
699.043;278;36.8979;-6.641476;3;14;EXTRACT;1;
699.3242;276;-27.98329;-8.941536;3;8;EXTRACT;2;
700.043;276;-27.98329;-8.941536;3;7;EXTRACT;3;
700.8086;276;-27.98329;-8.941536;3;6;EXTRACT;0;
701.0508;278;36.8979;-6.641476;3;13;EXTRACT;1;
701.332;276;-27.98329;-8.941536;3;5;EXTRACT;2;
702.0508;276;-27.98329;-8.941536;3;4;EXTRACT;3;
702.8086;276;-27.98329;-8.941536;3;3;EXTRACT;0;
703.0508;278;36.8979;-6.641476;3;12;EXTRACT;1;
703.332;276;-27.98329;-8.941536;3;2;EXTRACT;2;
704.0586;276;-27.98329;-8.941536;3;1;EXTRACT;3;
704.8164;276;-27.98329;-8.941536;3;0;EXTRACT;0;
704.8008;276;-27.98329;-8.941536;3;0;DESTROYED;;
704.8164;288;8.951309;-39.8115;3;16;CREATED;;
705.0586;278;36.8979;-6.641476;3;11;EXTRACT;1;
707.0664;278;36.8979;-6.641476;3;10;EXTRACT;1;
709.0352;278;36.8979;-6.641476;3;9;EXTRACT;1;
711.0352;278;36.8979;-6.641476;3;8;EXTRACT;1;
713.043;278;36.8979;-6.641476;3;7;EXTRACT;1;
715.0508;278;36.8979;-6.641476;3;6;EXTRACT;1;
717.0508;278;36.8979;-6.641476;3;5;EXTRACT;1;
719.0586;278;36.8979;-6.641476;3;4;EXTRACT;1;
