Time;PatchID;PositionX;PositionZ;Radius;CoinAmount;PatchEvent;TriggerPlayer;
0;180;25.71973;-3.499313;3;48;CREATED;;
0;181;-19.44084;37.77746;3;48;CREATED;;
0;182;-42.59253;44.27488;3;48;CREATED;;
0;183;14.90627;-0.3705673;3;48;CREATED;;
0;184;-31.5415;-24.68294;3;48;CREATED;;
26.58984;183;14.90627;-0.3705673;3;48;DISCOVER;1;
29.35938;183;14.90627;-0.3705673;3;47;EXTRACT;1;
31.36328;183;14.90627;-0.3705673;3;46;EXTRACT;1;
33.37109;183;14.90627;-0.3705673;3;45;EXTRACT;1;
35.37891;183;14.90627;-0.3705673;3;44;EXTRACT;1;
37.34766;183;14.90627;-0.3705673;3;43;EXTRACT;1;
39.35156;183;14.90627;-0.3705673;3;42;EXTRACT;1;
41.35938;183;14.90627;-0.3705673;3;41;EXTRACT;1;
41.92188;183;14.90627;-0.3705673;3;41;DISCOVER;0;
43.36719;183;14.90627;-0.3705673;3;40;EXTRACT;1;
44.60938;183;14.90627;-0.3705673;3;39;EXTRACT;0;
45.37109;183;14.90627;-0.3705673;3;38;EXTRACT;1;
46.61328;183;14.90627;-0.3705673;3;37;EXTRACT;0;
47.375;183;14.90627;-0.3705673;3;36;EXTRACT;1;
48.61719;183;14.90627;-0.3705673;3;35;EXTRACT;0;
49.37891;183;14.90627;-0.3705673;3;34;EXTRACT;1;
50.625;183;14.90627;-0.3705673;3;33;EXTRACT;0;
51.38672;183;14.90627;-0.3705673;3;32;EXTRACT;1;
52.62891;183;14.90627;-0.3705673;3;31;EXTRACT;0;
53.39063;183;14.90627;-0.3705673;3;30;EXTRACT;1;
54.63281;183;14.90627;-0.3705673;3;29;EXTRACT;0;
55.39844;183;14.90627;-0.3705673;3;28;EXTRACT;1;
56.64063;183;14.90627;-0.3705673;3;27;EXTRACT;0;
57.40234;183;14.90627;-0.3705673;3;26;EXTRACT;1;
57.72266;181;-19.44084;37.77746;3;48;DISCOVER;2;
58.60156;183;14.90627;-0.3705673;3;25;EXTRACT;0;
59.36719;183;14.90627;-0.3705673;3;24;EXTRACT;1;
60.48828;181;-19.44084;37.77746;3;47;EXTRACT;2;
60.64844;183;14.90627;-0.3705673;3;23;EXTRACT;0;
61.375;183;14.90627;-0.3705673;3;22;EXTRACT;1;
62.5;181;-19.44084;37.77746;3;46;EXTRACT;2;
62.66016;183;14.90627;-0.3705673;3;21;EXTRACT;0;
63.38281;183;14.90627;-0.3705673;3;20;EXTRACT;1;
64.50391;181;-19.44084;37.77746;3;45;EXTRACT;2;
64.54688;181;-19.44084;37.77746;3;45;DISCOVER;3;
64.625;183;14.90627;-0.3705673;3;19;EXTRACT;0;
65.38672;183;14.90627;-0.3705673;3;18;EXTRACT;1;
66.51172;181;-19.44084;37.77746;3;44;EXTRACT;2;
66.62891;183;14.90627;-0.3705673;3;17;EXTRACT;0;
67.39453;183;14.90627;-0.3705673;3;16;EXTRACT;1;
68.51172;181;-19.44084;37.77746;3;43;EXTRACT;2;
68.63281;183;14.90627;-0.3705673;3;15;EXTRACT;0;
68.83203;181;-19.44084;37.77746;3;42;EXTRACT;3;
69.39453;183;14.90627;-0.3705673;3;14;EXTRACT;1;
70.51563;181;-19.44084;37.77746;3;41;EXTRACT;2;
70.63672;183;14.90627;-0.3705673;3;13;EXTRACT;0;
70.83594;181;-19.44084;37.77746;3;40;EXTRACT;3;
71.39844;183;14.90627;-0.3705673;3;12;EXTRACT;1;
72.51953;181;-19.44084;37.77746;3;39;EXTRACT;2;
72.64063;183;14.90627;-0.3705673;3;11;EXTRACT;0;
72.83984;181;-19.44084;37.77746;3;38;EXTRACT;3;
73.39844;183;14.90627;-0.3705673;3;10;EXTRACT;1;
74.48047;181;-19.44084;37.77746;3;37;EXTRACT;2;
74.64063;183;14.90627;-0.3705673;3;9;EXTRACT;0;
74.84375;181;-19.44084;37.77746;3;36;EXTRACT;3;
75.36328;183;14.90627;-0.3705673;3;8;EXTRACT;1;
76.48828;181;-19.44084;37.77746;3;35;EXTRACT;2;
76.64844;183;14.90627;-0.3705673;3;7;EXTRACT;0;
76.84766;181;-19.44084;37.77746;3;34;EXTRACT;3;
77.36719;183;14.90627;-0.3705673;3;6;EXTRACT;1;
78.49219;181;-19.44084;37.77746;3;33;EXTRACT;2;
78.65234;183;14.90627;-0.3705673;3;5;EXTRACT;0;
78.80859;181;-19.44084;37.77746;3;32;EXTRACT;3;
79.37109;183;14.90627;-0.3705673;3;4;EXTRACT;1;
80.49219;181;-19.44084;37.77746;3;31;EXTRACT;2;
80.65234;183;14.90627;-0.3705673;3;3;EXTRACT;0;
80.8125;181;-19.44084;37.77746;3;30;EXTRACT;3;
81.37109;183;14.90627;-0.3705673;3;2;EXTRACT;1;
82.49219;181;-19.44084;37.77746;3;29;EXTRACT;2;
82.65234;183;14.90627;-0.3705673;3;1;EXTRACT;0;
82.81641;181;-19.44084;37.77746;3;28;EXTRACT;3;
83.375;183;14.90627;-0.3705673;3;0;EXTRACT;1;
83.35938;183;14.90627;-0.3705673;3;0;DESTROYED;;
83.375;185;-43.80084;-5.211903;3;48;CREATED;;
84.49609;181;-19.44084;37.77746;3;27;EXTRACT;2;
84.81641;181;-19.44084;37.77746;3;26;EXTRACT;3;
86.5;181;-19.44084;37.77746;3;25;EXTRACT;2;
86.82422;181;-19.44084;37.77746;3;24;EXTRACT;3;
88.50391;181;-19.44084;37.77746;3;23;EXTRACT;2;
88.82422;181;-19.44084;37.77746;3;22;EXTRACT;3;
90.50781;181;-19.44084;37.77746;3;21;EXTRACT;2;
90.82813;181;-19.44084;37.77746;3;20;EXTRACT;3;
92.51172;181;-19.44084;37.77746;3;19;EXTRACT;2;
92.83203;181;-19.44084;37.77746;3;18;EXTRACT;3;
94.51563;181;-19.44084;37.77746;3;17;EXTRACT;2;
94.83984;181;-19.44084;37.77746;3;16;EXTRACT;3;
96.52344;181;-19.44084;37.77746;3;15;EXTRACT;2;
96.84375;181;-19.44084;37.77746;3;14;EXTRACT;3;
98.48438;181;-19.44084;37.77746;3;13;EXTRACT;2;
98.84375;181;-19.44084;37.77746;3;12;EXTRACT;3;
100.4883;181;-19.44084;37.77746;3;11;EXTRACT;2;
100.8516;181;-19.44084;37.77746;3;10;EXTRACT;3;
102.4922;181;-19.44084;37.77746;3;9;EXTRACT;2;
102.8164;181;-19.44084;37.77746;3;8;EXTRACT;3;
104.5;181;-19.44084;37.77746;3;7;EXTRACT;2;
104.8203;181;-19.44084;37.77746;3;6;EXTRACT;3;
106.5039;181;-19.44084;37.77746;3;5;EXTRACT;2;
106.8242;181;-19.44084;37.77746;3;4;EXTRACT;3;
108.5156;181;-19.44084;37.77746;3;3;EXTRACT;2;
108.8359;181;-19.44084;37.77746;3;2;EXTRACT;3;
110.5234;181;-19.44084;37.77746;3;1;EXTRACT;2;
110.8438;181;-19.44084;37.77746;3;0;EXTRACT;3;
110.8398;181;-19.44084;37.77746;3;0;DESTROYED;;
110.8438;186;31.10242;-34.89966;3;48;CREATED;;
125.5352;180;25.71973;-3.499313;3;48;DISCOVER;0;
128.3438;180;25.71973;-3.499313;3;47;EXTRACT;0;
130.3516;180;25.71973;-3.499313;3;46;EXTRACT;0;
132.3555;180;25.71973;-3.499313;3;45;EXTRACT;0;
134.3594;180;25.71973;-3.499313;3;44;EXTRACT;0;
136.3672;180;25.71973;-3.499313;3;43;EXTRACT;0;
138.3711;180;25.71973;-3.499313;3;42;EXTRACT;0;
140.375;180;25.71973;-3.499313;3;41;EXTRACT;0;
142.3477;180;25.71973;-3.499313;3;40;EXTRACT;0;
144.3555;180;25.71973;-3.499313;3;39;EXTRACT;0;
146.3594;180;25.71973;-3.499313;3;38;EXTRACT;0;
148.3633;180;25.71973;-3.499313;3;37;EXTRACT;0;
150.3711;180;25.71973;-3.499313;3;36;EXTRACT;0;
152.375;180;25.71973;-3.499313;3;35;EXTRACT;0;
154.0195;180;25.71973;-3.499313;3;35;DISCOVER;1;
154.3398;180;25.71973;-3.499313;3;34;EXTRACT;0;
156.3438;180;25.71973;-3.499313;3;33;EXTRACT;0;
156.7461;180;25.71973;-3.499313;3;32;EXTRACT;1;
158.3477;180;25.71973;-3.499313;3;31;EXTRACT;0;
158.75;180;25.71973;-3.499313;3;30;EXTRACT;1;
160.3516;180;25.71973;-3.499313;3;29;EXTRACT;0;
160.7539;180;25.71973;-3.499313;3;28;EXTRACT;1;
162.3555;180;25.71973;-3.499313;3;27;EXTRACT;0;
162.7578;180;25.71973;-3.499313;3;26;EXTRACT;1;
164.3594;180;25.71973;-3.499313;3;25;EXTRACT;0;
164.7188;180;25.71973;-3.499313;3;24;EXTRACT;1;
166.3633;180;25.71973;-3.499313;3;23;EXTRACT;0;
166.7266;180;25.71973;-3.499313;3;22;EXTRACT;1;
168.3672;180;25.71973;-3.499313;3;21;EXTRACT;0;
168.7305;180;25.71973;-3.499313;3;20;EXTRACT;1;
170.375;180;25.71973;-3.499313;3;19;EXTRACT;0;
170.7344;180;25.71973;-3.499313;3;18;EXTRACT;1;
172.3438;180;25.71973;-3.499313;3;17;EXTRACT;0;
172.7422;180;25.71973;-3.499313;3;16;EXTRACT;1;
174.3516;180;25.71973;-3.499313;3;15;EXTRACT;0;
174.75;180;25.71973;-3.499313;3;14;EXTRACT;1;
176.3555;180;25.71973;-3.499313;3;13;EXTRACT;0;
176.7578;180;25.71973;-3.499313;3;12;EXTRACT;1;
178.3594;180;25.71973;-3.499313;3;11;EXTRACT;0;
178.7227;180;25.71973;-3.499313;3;10;EXTRACT;1;
180.3633;180;25.71973;-3.499313;3;9;EXTRACT;0;
180.7266;180;25.71973;-3.499313;3;8;EXTRACT;1;
181.0078;180;25.71973;-3.499313;3;8;DISCOVER;2;
182.3711;180;25.71973;-3.499313;3;7;EXTRACT;0;
182.7305;180;25.71973;-3.499313;3;6;EXTRACT;1;
183.7734;180;25.71973;-3.499313;3;5;EXTRACT;2;
184.375;180;25.71973;-3.499313;3;4;EXTRACT;0;
184.7344;180;25.71973;-3.499313;3;3;EXTRACT;1;
185.7773;180;25.71973;-3.499313;3;2;EXTRACT;2;
186.3828;180;25.71973;-3.499313;3;1;EXTRACT;0;
186.7422;180;25.71973;-3.499313;3;0;EXTRACT;1;
186.7188;180;25.71973;-3.499313;3;0;DESTROYED;;
186.7422;187;4.964142;-17.43305;3;48;CREATED;;
202.582;187;4.964142;-17.43305;3;48;DISCOVER;2;
205.4688;187;4.964142;-17.43305;3;47;EXTRACT;2;
207.4766;187;4.964142;-17.43305;3;46;EXTRACT;2;
209.4414;187;4.964142;-17.43305;3;45;EXTRACT;2;
211.4453;187;4.964142;-17.43305;3;44;EXTRACT;2;
213.4492;187;4.964142;-17.43305;3;43;EXTRACT;2;
215.457;187;4.964142;-17.43305;3;42;EXTRACT;2;
217.4648;187;4.964142;-17.43305;3;41;EXTRACT;2;
219.4688;187;4.964142;-17.43305;3;40;EXTRACT;2;
221.4375;187;4.964142;-17.43305;3;39;EXTRACT;2;
223.4453;187;4.964142;-17.43305;3;39;DISCOVER;1;
223.4453;187;4.964142;-17.43305;3;38;EXTRACT;2;
225.4492;187;4.964142;-17.43305;3;37;EXTRACT;2;
226.4492;187;4.964142;-17.43305;3;36;EXTRACT;1;
227.4531;187;4.964142;-17.43305;3;35;EXTRACT;2;
228.457;187;4.964142;-17.43305;3;34;EXTRACT;1;
229.4609;187;4.964142;-17.43305;3;33;EXTRACT;2;
230.4648;187;4.964142;-17.43305;3;32;EXTRACT;1;
231.4688;187;4.964142;-17.43305;3;31;EXTRACT;2;
232.4688;187;4.964142;-17.43305;3;30;EXTRACT;1;
233.4688;187;4.964142;-17.43305;3;29;EXTRACT;2;
234.4727;187;4.964142;-17.43305;3;28;EXTRACT;1;
235.4766;187;4.964142;-17.43305;3;27;EXTRACT;2;
236.0391;184;-31.5415;-24.68294;3;48;DISCOVER;3;
236.4805;187;4.964142;-17.43305;3;26;EXTRACT;1;
237.4414;187;4.964142;-17.43305;3;25;EXTRACT;2;
238.4883;187;4.964142;-17.43305;3;24;EXTRACT;1;
239.4492;187;4.964142;-17.43305;3;23;EXTRACT;2;
239.8906;184;-31.5415;-24.68294;3;47;EXTRACT;3;
240.4922;187;4.964142;-17.43305;3;22;EXTRACT;1;
241.457;187;4.964142;-17.43305;3;21;EXTRACT;2;
241.8984;184;-31.5415;-24.68294;3;46;EXTRACT;3;
242.2227;187;4.964142;-17.43305;3;21;DISCOVER;0;
242.5;187;4.964142;-17.43305;3;20;EXTRACT;1;
243.4609;187;4.964142;-17.43305;3;19;EXTRACT;2;
243.9023;184;-31.5415;-24.68294;3;45;EXTRACT;3;
244.5039;187;4.964142;-17.43305;3;18;EXTRACT;1;
245.0234;187;4.964142;-17.43305;3;17;EXTRACT;0;
245.4648;187;4.964142;-17.43305;3;16;EXTRACT;2;
245.9063;184;-31.5415;-24.68294;3;44;EXTRACT;3;
246.5078;187;4.964142;-17.43305;3;15;EXTRACT;1;
247.0273;187;4.964142;-17.43305;3;14;EXTRACT;0;
247.4688;187;4.964142;-17.43305;3;13;EXTRACT;2;
247.9063;184;-31.5415;-24.68294;3;43;EXTRACT;3;
248.5078;187;4.964142;-17.43305;3;12;EXTRACT;1;
249.0313;187;4.964142;-17.43305;3;11;EXTRACT;0;
249.4727;187;4.964142;-17.43305;3;10;EXTRACT;2;
249.9102;184;-31.5415;-24.68294;3;42;EXTRACT;3;
250.4727;187;4.964142;-17.43305;3;9;EXTRACT;1;
251.0313;187;4.964142;-17.43305;3;8;EXTRACT;0;
251.4727;187;4.964142;-17.43305;3;7;EXTRACT;2;
251.9141;184;-31.5415;-24.68294;3;41;EXTRACT;3;
252.4727;187;4.964142;-17.43305;3;6;EXTRACT;1;
253.0352;187;4.964142;-17.43305;3;5;EXTRACT;0;
253.4727;187;4.964142;-17.43305;3;4;EXTRACT;2;
253.9141;184;-31.5415;-24.68294;3;40;EXTRACT;3;
254.4766;187;4.964142;-17.43305;3;3;EXTRACT;1;
255.0352;187;4.964142;-17.43305;3;2;EXTRACT;0;
255.4766;187;4.964142;-17.43305;3;1;EXTRACT;2;
255.918;184;-31.5415;-24.68294;3;39;EXTRACT;3;
256.4844;187;4.964142;-17.43305;3;0;EXTRACT;1;
256.4805;187;4.964142;-17.43305;3;0;DESTROYED;;
256.4844;188;-42.97945;-37.61212;3;48;CREATED;;
257.8867;184;-31.5415;-24.68294;3;38;EXTRACT;3;
259.8906;184;-31.5415;-24.68294;3;37;EXTRACT;3;
261.8945;184;-31.5415;-24.68294;3;36;EXTRACT;3;
263.9023;184;-31.5415;-24.68294;3;35;EXTRACT;3;
265.9063;184;-31.5415;-24.68294;3;34;EXTRACT;3;
267.9141;184;-31.5415;-24.68294;3;33;EXTRACT;3;
269.918;184;-31.5415;-24.68294;3;32;EXTRACT;3;
271.8867;184;-31.5415;-24.68294;3;31;EXTRACT;3;
272.6484;186;31.10242;-34.89966;3;48;DISCOVER;0;
273.8906;184;-31.5415;-24.68294;3;30;EXTRACT;3;
275.5352;186;31.10242;-34.89966;3;47;EXTRACT;0;
275.8984;184;-31.5415;-24.68294;3;29;EXTRACT;3;
277.543;186;31.10242;-34.89966;3;46;EXTRACT;0;
277.9063;184;-31.5415;-24.68294;3;28;EXTRACT;3;
278.9063;184;-31.5415;-24.68294;3;28;DISCOVER;2;
279.5508;186;31.10242;-34.89966;3;45;EXTRACT;0;
279.9102;184;-31.5415;-24.68294;3;27;EXTRACT;3;
281.5117;186;31.10242;-34.89966;3;44;EXTRACT;0;
281.5547;184;-31.5415;-24.68294;3;26;EXTRACT;2;
281.9141;184;-31.5415;-24.68294;3;25;EXTRACT;3;
283.5234;186;31.10242;-34.89966;3;43;EXTRACT;0;
283.5625;184;-31.5415;-24.68294;3;24;EXTRACT;2;
283.9219;184;-31.5415;-24.68294;3;23;EXTRACT;3;
285.5273;186;31.10242;-34.89966;3;42;EXTRACT;0;
285.5664;184;-31.5415;-24.68294;3;22;EXTRACT;2;
285.8867;184;-31.5415;-24.68294;3;21;EXTRACT;3;
285.9648;184;-31.5415;-24.68294;3;21;DISCOVER;1;
287.5273;186;31.10242;-34.89966;3;41;EXTRACT;0;
287.5703;184;-31.5415;-24.68294;3;20;EXTRACT;2;
287.8906;184;-31.5415;-24.68294;3;19;EXTRACT;3;
288.5313;184;-31.5415;-24.68294;3;18;EXTRACT;1;
289.5313;186;31.10242;-34.89966;3;40;EXTRACT;0;
289.5742;184;-31.5415;-24.68294;3;17;EXTRACT;2;
289.8945;184;-31.5415;-24.68294;3;16;EXTRACT;3;
290.5352;184;-31.5415;-24.68294;3;15;EXTRACT;1;
291.5391;186;31.10242;-34.89966;3;39;EXTRACT;0;
291.5781;184;-31.5415;-24.68294;3;14;EXTRACT;2;
291.8984;184;-31.5415;-24.68294;3;13;EXTRACT;3;
292.5391;184;-31.5415;-24.68294;3;12;EXTRACT;1;
293.5391;186;31.10242;-34.89966;3;38;EXTRACT;0;
293.5781;184;-31.5415;-24.68294;3;11;EXTRACT;2;
293.8984;184;-31.5415;-24.68294;3;10;EXTRACT;3;
294.5391;184;-31.5415;-24.68294;3;9;EXTRACT;1;
295.5391;186;31.10242;-34.89966;3;37;EXTRACT;0;
295.5391;184;-31.5415;-24.68294;3;8;EXTRACT;2;
295.9023;184;-31.5415;-24.68294;3;7;EXTRACT;3;
296.543;184;-31.5415;-24.68294;3;6;EXTRACT;1;
297.543;186;31.10242;-34.89966;3;36;EXTRACT;0;
297.543;184;-31.5415;-24.68294;3;5;EXTRACT;2;
297.9023;184;-31.5415;-24.68294;3;4;EXTRACT;3;
298.5078;184;-31.5415;-24.68294;3;3;EXTRACT;1;
299.5508;186;31.10242;-34.89966;3;35;EXTRACT;0;
299.5508;184;-31.5415;-24.68294;3;2;EXTRACT;2;
299.9102;184;-31.5415;-24.68294;3;1;EXTRACT;3;
300.5156;184;-31.5415;-24.68294;3;0;EXTRACT;1;
300.4805;184;-31.5415;-24.68294;3;0;DESTROYED;;
300.5156;189;43.02587;20.80455;3;48;CREATED;;
301.5195;186;31.10242;-34.89966;3;34;EXTRACT;0;
303.5234;186;31.10242;-34.89966;3;33;EXTRACT;0;
305.5313;186;31.10242;-34.89966;3;32;EXTRACT;0;
307.5352;186;31.10242;-34.89966;3;31;EXTRACT;0;
309.5469;186;31.10242;-34.89966;3;30;EXTRACT;0;
311.5547;186;31.10242;-34.89966;3;29;EXTRACT;0;
313.5195;186;31.10242;-34.89966;3;28;EXTRACT;0;
315.5273;186;31.10242;-34.89966;3;27;EXTRACT;0;
317.5391;186;31.10242;-34.89966;3;26;EXTRACT;0;
319.543;186;31.10242;-34.89966;3;25;EXTRACT;0;
321.5508;186;31.10242;-34.89966;3;24;EXTRACT;0;
323.5156;186;31.10242;-34.89966;3;23;EXTRACT;0;
325.5195;186;31.10242;-34.89966;3;22;EXTRACT;0;
327.5391;186;31.10242;-34.89966;3;21;EXTRACT;0;
329.5469;186;31.10242;-34.89966;3;20;EXTRACT;0;
331.5508;186;31.10242;-34.89966;3;19;EXTRACT;0;
333.5156;186;31.10242;-34.89966;3;18;EXTRACT;0;
335.5234;186;31.10242;-34.89966;3;17;EXTRACT;0;
337.5313;186;31.10242;-34.89966;3;16;EXTRACT;0;
338.9727;186;31.10242;-34.89966;3;16;DISCOVER;1;
339.0938;186;31.10242;-34.89966;3;16;DISCOVER;2;
339.5313;186;31.10242;-34.89966;3;15;EXTRACT;0;
341.5391;186;31.10242;-34.89966;3;14;EXTRACT;0;
341.5391;186;31.10242;-34.89966;3;13;EXTRACT;1;
341.8203;186;31.10242;-34.89966;3;12;EXTRACT;2;
343.543;186;31.10242;-34.89966;3;11;EXTRACT;0;
343.543;186;31.10242;-34.89966;3;10;EXTRACT;1;
343.8242;186;31.10242;-34.89966;3;9;EXTRACT;2;
344.8281;186;31.10242;-34.89966;3;9;DISCOVER;3;
345.5469;186;31.10242;-34.89966;3;8;EXTRACT;0;
345.5469;186;31.10242;-34.89966;3;7;EXTRACT;1;
345.8281;186;31.10242;-34.89966;3;6;EXTRACT;2;
347.5508;186;31.10242;-34.89966;3;5;EXTRACT;0;
347.5508;186;31.10242;-34.89966;3;4;EXTRACT;1;
347.832;186;31.10242;-34.89966;3;3;EXTRACT;2;
348.5938;186;31.10242;-34.89966;3;2;EXTRACT;3;
349.5547;186;31.10242;-34.89966;3;1;EXTRACT;0;
349.5547;186;31.10242;-34.89966;3;0;EXTRACT;1;
349.5195;186;31.10242;-34.89966;3;0;DESTROYED;;
349.5547;190;5.94318;32.98704;3;48;CREATED;;
385.6289;189;43.02587;20.80455;3;48;DISCOVER;3;
389.3555;189;43.02587;20.80455;3;47;EXTRACT;3;
391.3242;189;43.02587;20.80455;3;46;EXTRACT;3;
393.168;189;43.02587;20.80455;3;46;DISCOVER;1;
393.3281;189;43.02587;20.80455;3;45;EXTRACT;3;
395.332;189;43.02587;20.80455;3;44;EXTRACT;3;
395.7773;189;43.02587;20.80455;3;43;EXTRACT;1;
397.3438;189;43.02587;20.80455;3;42;EXTRACT;3;
397.7461;189;43.02587;20.80455;3;41;EXTRACT;1;
399.3477;189;43.02587;20.80455;3;40;EXTRACT;3;
399.7461;189;43.02587;20.80455;3;39;EXTRACT;1;
401.3516;189;43.02587;20.80455;3;38;EXTRACT;3;
401.7539;189;43.02587;20.80455;3;37;EXTRACT;1;
403.3594;189;43.02587;20.80455;3;36;EXTRACT;3;
403.7578;189;43.02587;20.80455;3;35;EXTRACT;1;
405.3672;189;43.02587;20.80455;3;34;EXTRACT;3;
405.7695;189;43.02587;20.80455;3;33;EXTRACT;1;
405.8477;189;43.02587;20.80455;3;33;DISCOVER;2;
407.3711;189;43.02587;20.80455;3;32;EXTRACT;3;
407.8125;189;43.02587;20.80455;3;31;EXTRACT;1;
408.4141;189;43.02587;20.80455;3;30;EXTRACT;2;
408.5352;189;43.02587;20.80455;3;30;DISCOVER;0;
409.3789;189;43.02587;20.80455;3;29;EXTRACT;3;
409.7773;189;43.02587;20.80455;3;28;EXTRACT;1;
410.3789;189;43.02587;20.80455;3;27;EXTRACT;2;
411.3398;189;43.02587;20.80455;3;26;EXTRACT;3;
411.6992;189;43.02587;20.80455;3;25;EXTRACT;0;
411.7813;189;43.02587;20.80455;3;24;EXTRACT;1;
412.3828;189;43.02587;20.80455;3;23;EXTRACT;2;
413.3438;189;43.02587;20.80455;3;22;EXTRACT;3;
413.7031;189;43.02587;20.80455;3;21;EXTRACT;0;
413.7852;189;43.02587;20.80455;3;20;EXTRACT;1;
414.3867;189;43.02587;20.80455;3;19;EXTRACT;2;
415.3477;189;43.02587;20.80455;3;18;EXTRACT;3;
415.707;189;43.02587;20.80455;3;17;EXTRACT;0;
415.7891;189;43.02587;20.80455;3;16;EXTRACT;1;
416.3906;189;43.02587;20.80455;3;15;EXTRACT;2;
417.3516;189;43.02587;20.80455;3;14;EXTRACT;3;
417.7109;189;43.02587;20.80455;3;13;EXTRACT;0;
417.832;189;43.02587;20.80455;3;12;EXTRACT;1;
418.3906;189;43.02587;20.80455;3;11;EXTRACT;2;
419.3516;189;43.02587;20.80455;3;10;EXTRACT;3;
419.7148;189;43.02587;20.80455;3;9;EXTRACT;0;
419.793;189;43.02587;20.80455;3;8;EXTRACT;1;
420.3945;189;43.02587;20.80455;3;7;EXTRACT;2;
421.3555;189;43.02587;20.80455;3;6;EXTRACT;3;
421.7188;189;43.02587;20.80455;3;5;EXTRACT;0;
421.7969;189;43.02587;20.80455;3;4;EXTRACT;1;
422.3984;189;43.02587;20.80455;3;3;EXTRACT;2;
423.3594;189;43.02587;20.80455;3;2;EXTRACT;3;
423.7188;189;43.02587;20.80455;3;1;EXTRACT;0;
423.8008;189;43.02587;20.80455;3;0;EXTRACT;1;
423.7617;189;43.02587;20.80455;3;0;DESTROYED;;
423.8008;191;-22.84179;-40.05898;3;48;CREATED;;
449.0352;190;5.94318;32.98704;3;48;DISCOVER;2;
452.125;190;5.94318;32.98704;3;47;EXTRACT;2;
454.1289;190;5.94318;32.98704;3;46;EXTRACT;2;
456.1367;190;5.94318;32.98704;3;45;EXTRACT;2;
457.3398;190;5.94318;32.98704;3;45;DISCOVER;1;
458.1016;190;5.94318;32.98704;3;44;EXTRACT;2;
460.0313;190;5.94318;32.98704;3;43;EXTRACT;1;
460.1094;190;5.94318;32.98704;3;42;EXTRACT;2;
461.5547;190;5.94318;32.98704;3;42;DISCOVER;0;
462.0352;190;5.94318;32.98704;3;41;EXTRACT;1;
462.1172;190;5.94318;32.98704;3;40;EXTRACT;2;
462.2383;190;5.94318;32.98704;3;40;DISCOVER;3;
464.043;190;5.94318;32.98704;3;39;EXTRACT;1;
464.125;190;5.94318;32.98704;3;38;EXTRACT;2;
464.8477;190;5.94318;32.98704;3;37;EXTRACT;0;
465.0469;190;5.94318;32.98704;3;36;EXTRACT;3;
466.0469;190;5.94318;32.98704;3;35;EXTRACT;1;
466.1289;190;5.94318;32.98704;3;34;EXTRACT;2;
466.8477;190;5.94318;32.98704;3;33;EXTRACT;0;
467.0469;190;5.94318;32.98704;3;32;EXTRACT;3;
468.0508;190;5.94318;32.98704;3;31;EXTRACT;1;
468.1289;190;5.94318;32.98704;3;30;EXTRACT;2;
468.8516;190;5.94318;32.98704;3;29;EXTRACT;0;
469.0508;190;5.94318;32.98704;3;28;EXTRACT;3;
470.0547;190;5.94318;32.98704;3;27;EXTRACT;1;
470.1328;190;5.94318;32.98704;3;26;EXTRACT;2;
470.8555;190;5.94318;32.98704;3;25;EXTRACT;0;
471.0547;190;5.94318;32.98704;3;24;EXTRACT;3;
472.0586;190;5.94318;32.98704;3;23;EXTRACT;1;
472.0977;190;5.94318;32.98704;3;22;EXTRACT;2;
472.8594;190;5.94318;32.98704;3;21;EXTRACT;0;
473.0586;190;5.94318;32.98704;3;20;EXTRACT;3;
474.0586;190;5.94318;32.98704;3;19;EXTRACT;1;
474.1016;190;5.94318;32.98704;3;18;EXTRACT;2;
474.8633;190;5.94318;32.98704;3;17;EXTRACT;0;
475.0625;190;5.94318;32.98704;3;16;EXTRACT;3;
476.0664;190;5.94318;32.98704;3;15;EXTRACT;1;
476.1055;190;5.94318;32.98704;3;14;EXTRACT;2;
476.8672;190;5.94318;32.98704;3;13;EXTRACT;0;
477.0664;190;5.94318;32.98704;3;12;EXTRACT;3;
478.0703;190;5.94318;32.98704;3;11;EXTRACT;1;
478.1094;190;5.94318;32.98704;3;10;EXTRACT;2;
478.8711;190;5.94318;32.98704;3;9;EXTRACT;0;
479.0703;190;5.94318;32.98704;3;8;EXTRACT;3;
480.0703;190;5.94318;32.98704;3;7;EXTRACT;1;
480.1133;190;5.94318;32.98704;3;6;EXTRACT;2;
480.8711;190;5.94318;32.98704;3;5;EXTRACT;0;
481.0742;190;5.94318;32.98704;3;4;EXTRACT;3;
482.0742;190;5.94318;32.98704;3;3;EXTRACT;1;
482.1133;190;5.94318;32.98704;3;2;EXTRACT;2;
482.875;190;5.94318;32.98704;3;1;EXTRACT;0;
483.0742;190;5.94318;32.98704;3;0;EXTRACT;3;
483.0391;190;5.94318;32.98704;3;0;DESTROYED;;
483.0742;192;-32.4292;-37.88381;3;48;CREATED;;
511.3867;182;-42.59253;44.27488;3;48;DISCOVER;2;
514.0352;182;-42.59253;44.27488;3;47;EXTRACT;2;
516.0391;182;-42.59253;44.27488;3;46;EXTRACT;2;
518.0469;182;-42.59253;44.27488;3;45;EXTRACT;2;
520.0508;182;-42.59253;44.27488;3;44;EXTRACT;2;
522.0547;182;-42.59253;44.27488;3;43;EXTRACT;2;
524.0195;182;-42.59253;44.27488;3;42;EXTRACT;2;
526.0234;182;-42.59253;44.27488;3;41;EXTRACT;2;
528.0273;182;-42.59253;44.27488;3;40;EXTRACT;2;
530.0313;182;-42.59253;44.27488;3;39;EXTRACT;2;
532.0391;182;-42.59253;44.27488;3;38;EXTRACT;2;
533.4805;182;-42.59253;44.27488;3;38;DISCOVER;1;
534.043;182;-42.59253;44.27488;3;37;EXTRACT;2;
536.0469;182;-42.59253;44.27488;3;36;EXTRACT;2;
536.0859;182;-42.59253;44.27488;3;35;EXTRACT;1;
536.6055;182;-42.59253;44.27488;3;35;DISCOVER;3;
538.0508;182;-42.59253;44.27488;3;34;EXTRACT;2;
538.0508;182;-42.59253;44.27488;3;33;EXTRACT;1;
539.4961;182;-42.59253;44.27488;3;32;EXTRACT;3;
540.0547;182;-42.59253;44.27488;3;31;EXTRACT;2;
540.0547;182;-42.59253;44.27488;3;30;EXTRACT;1;
541.4961;182;-42.59253;44.27488;3;29;EXTRACT;3;
542.0195;182;-42.59253;44.27488;3;28;EXTRACT;2;
542.0586;182;-42.59253;44.27488;3;27;EXTRACT;1;
543.5039;182;-42.59253;44.27488;3;26;EXTRACT;3;
544.0273;182;-42.59253;44.27488;3;25;EXTRACT;2;
544.0664;182;-42.59253;44.27488;3;24;EXTRACT;1;
545.5117;182;-42.59253;44.27488;3;23;EXTRACT;3;
546.0313;182;-42.59253;44.27488;3;22;EXTRACT;2;
546.0742;182;-42.59253;44.27488;3;21;EXTRACT;1;
547.5156;182;-42.59253;44.27488;3;20;EXTRACT;3;
548.0391;182;-42.59253;44.27488;3;19;EXTRACT;2;
548.0781;182;-42.59253;44.27488;3;18;EXTRACT;1;
549.5234;182;-42.59253;44.27488;3;17;EXTRACT;3;
550.043;182;-42.59253;44.27488;3;16;EXTRACT;2;
550.0859;182;-42.59253;44.27488;3;15;EXTRACT;1;
551.5273;182;-42.59253;44.27488;3;14;EXTRACT;3;
552.0508;182;-42.59253;44.27488;3;13;EXTRACT;2;
552.0508;182;-42.59253;44.27488;3;12;EXTRACT;1;
553.5352;182;-42.59253;44.27488;3;11;EXTRACT;3;
554.0547;182;-42.59253;44.27488;3;10;EXTRACT;2;
554.0547;182;-42.59253;44.27488;3;9;EXTRACT;1;
555.2578;182;-42.59253;44.27488;3;9;DISCOVER;0;
555.4961;182;-42.59253;44.27488;3;8;EXTRACT;3;
556.0195;182;-42.59253;44.27488;3;7;EXTRACT;2;
556.0586;182;-42.59253;44.27488;3;6;EXTRACT;1;
557.5;182;-42.59253;44.27488;3;5;EXTRACT;3;
557.9805;182;-42.59253;44.27488;3;4;EXTRACT;0;
558.0195;182;-42.59253;44.27488;3;3;EXTRACT;2;
558.0625;182;-42.59253;44.27488;3;2;EXTRACT;1;
559.5039;182;-42.59253;44.27488;3;1;EXTRACT;3;
559.9844;182;-42.59253;44.27488;3;0;EXTRACT;0;
559.9609;182;-42.59253;44.27488;3;0;DESTROYED;;
559.9844;193;21.07565;10.22344;3;48;CREATED;;
593.293;185;-43.80084;-5.211903;3;48;DISCOVER;3;
596.3047;185;-43.80084;-5.211903;3;47;EXTRACT;3;
597.5078;185;-43.80084;-5.211903;3;47;DISCOVER;1;
598.3086;185;-43.80084;-5.211903;3;46;EXTRACT;3;
600.2852;185;-43.80084;-5.211903;3;45;EXTRACT;3;
600.3594;185;-43.80084;-5.211903;3;44;EXTRACT;1;
602.2852;185;-43.80084;-5.211903;3;43;EXTRACT;3;
602.3672;185;-43.80084;-5.211903;3;42;EXTRACT;1;
602.6875;185;-43.80084;-5.211903;3;42;DISCOVER;2;
604.2969;185;-43.80084;-5.211903;3;41;EXTRACT;3;
604.375;185;-43.80084;-5.211903;3;40;EXTRACT;1;
605.1797;185;-43.80084;-5.211903;3;39;EXTRACT;2;
606.3008;185;-43.80084;-5.211903;3;38;EXTRACT;3;
606.3828;185;-43.80084;-5.211903;3;37;EXTRACT;1;
607.1836;185;-43.80084;-5.211903;3;36;EXTRACT;2;
607.3438;185;-43.80084;-5.211903;3;36;DISCOVER;0;
608.3047;185;-43.80084;-5.211903;3;35;EXTRACT;3;
608.3867;185;-43.80084;-5.211903;3;34;EXTRACT;1;
609.1875;185;-43.80084;-5.211903;3;33;EXTRACT;2;
610.0742;185;-43.80084;-5.211903;3;32;EXTRACT;0;
610.3125;185;-43.80084;-5.211903;3;31;EXTRACT;3;
610.3555;185;-43.80084;-5.211903;3;30;EXTRACT;1;
611.1992;185;-43.80084;-5.211903;3;29;EXTRACT;2;
612.082;185;-43.80084;-5.211903;3;28;EXTRACT;0;
612.3203;185;-43.80084;-5.211903;3;27;EXTRACT;3;
612.3594;185;-43.80084;-5.211903;3;26;EXTRACT;1;
613.207;185;-43.80084;-5.211903;3;25;EXTRACT;2;
614.0898;185;-43.80084;-5.211903;3;24;EXTRACT;0;
614.2891;185;-43.80084;-5.211903;3;23;EXTRACT;3;
614.3672;185;-43.80084;-5.211903;3;22;EXTRACT;1;
615.207;185;-43.80084;-5.211903;3;21;EXTRACT;2;
616.0898;185;-43.80084;-5.211903;3;20;EXTRACT;0;
616.293;185;-43.80084;-5.211903;3;19;EXTRACT;3;
616.3711;185;-43.80084;-5.211903;3;18;EXTRACT;1;
617.1719;185;-43.80084;-5.211903;3;17;EXTRACT;2;
618.0898;185;-43.80084;-5.211903;3;16;EXTRACT;0;
618.3438;185;-43.80084;-5.211903;3;15;EXTRACT;3;
618.3828;185;-43.80084;-5.211903;3;14;EXTRACT;1;
619.1992;185;-43.80084;-5.211903;3;13;EXTRACT;2;
620.0781;185;-43.80084;-5.211903;3;12;EXTRACT;0;
620.3203;185;-43.80084;-5.211903;3;11;EXTRACT;3;
620.3594;185;-43.80084;-5.211903;3;10;EXTRACT;1;
621.2305;185;-43.80084;-5.211903;3;9;EXTRACT;2;
622.0977;185;-43.80084;-5.211903;3;8;EXTRACT;0;
622.3281;185;-43.80084;-5.211903;3;7;EXTRACT;3;
622.3711;185;-43.80084;-5.211903;3;6;EXTRACT;1;
623.1953;185;-43.80084;-5.211903;3;5;EXTRACT;2;
624.082;185;-43.80084;-5.211903;3;4;EXTRACT;0;
624.2852;185;-43.80084;-5.211903;3;3;EXTRACT;3;
624.4023;185;-43.80084;-5.211903;3;2;EXTRACT;1;
625.207;185;-43.80084;-5.211903;3;1;EXTRACT;2;
626.0859;185;-43.80084;-5.211903;3;0;EXTRACT;0;
626.082;185;-43.80084;-5.211903;3;0;DESTROYED;;
626.0859;194;-36.28442;21.37173;3;48;CREATED;;
648.832;192;-32.4292;-37.88381;3;48;DISCOVER;2;
651.7617;188;-42.97945;-37.61212;3;48;DISCOVER;3;
651.7617;192;-32.4292;-37.88381;3;47;EXTRACT;2;
653.7617;192;-32.4292;-37.88381;3;46;EXTRACT;2;
654.4844;192;-32.4292;-37.88381;3;46;DISCOVER;1;
655.3672;188;-42.97945;-37.61212;3;47;EXTRACT;3;
655.7656;192;-32.4292;-37.88381;3;46;DISCOVER;0;
655.7656;192;-32.4292;-37.88381;3;45;EXTRACT;2;
657.1719;192;-32.4292;-37.88381;3;44;EXTRACT;1;
657.3711;188;-42.97945;-37.61212;3;46;EXTRACT;3;
657.7734;192;-32.4292;-37.88381;3;43;EXTRACT;2;
658.5469;192;-32.4292;-37.88381;3;42;EXTRACT;0;
659.1484;192;-32.4292;-37.88381;3;41;EXTRACT;1;
659.3477;188;-42.97945;-37.61212;3;45;EXTRACT;3;
659.75;192;-32.4292;-37.88381;3;40;EXTRACT;2;
660.5508;192;-32.4292;-37.88381;3;39;EXTRACT;0;
661.1523;192;-32.4292;-37.88381;3;38;EXTRACT;1;
661.3516;188;-42.97945;-37.61212;3;44;EXTRACT;3;
661.7539;192;-32.4292;-37.88381;3;37;EXTRACT;2;
662.5586;192;-32.4292;-37.88381;3;36;EXTRACT;0;
663.1602;192;-32.4292;-37.88381;3;35;EXTRACT;1;
663.3594;188;-42.97945;-37.61212;3;43;EXTRACT;3;
663.7617;192;-32.4292;-37.88381;3;34;EXTRACT;2;
664.5625;192;-32.4292;-37.88381;3;33;EXTRACT;0;
665.1602;192;-32.4292;-37.88381;3;32;EXTRACT;1;
665.3633;188;-42.97945;-37.61212;3;42;EXTRACT;3;
665.7617;192;-32.4292;-37.88381;3;31;EXTRACT;2;
666.5625;192;-32.4292;-37.88381;3;30;EXTRACT;0;
667.1641;192;-32.4292;-37.88381;3;29;EXTRACT;1;
667.3633;188;-42.97945;-37.61212;3;41;EXTRACT;3;
667.7656;192;-32.4292;-37.88381;3;28;EXTRACT;2;
668.5664;192;-32.4292;-37.88381;3;27;EXTRACT;0;
669.168;192;-32.4292;-37.88381;3;26;EXTRACT;1;
669.3672;188;-42.97945;-37.61212;3;40;EXTRACT;3;
669.7695;192;-32.4292;-37.88381;3;25;EXTRACT;2;
670.5703;192;-32.4292;-37.88381;3;24;EXTRACT;0;
671.168;192;-32.4292;-37.88381;3;23;EXTRACT;1;
671.3711;188;-42.97945;-37.61212;3;39;EXTRACT;3;
671.7695;192;-32.4292;-37.88381;3;22;EXTRACT;2;
672.5313;192;-32.4292;-37.88381;3;21;EXTRACT;0;
673.1719;192;-32.4292;-37.88381;3;20;EXTRACT;1;
673.3711;188;-42.97945;-37.61212;3;38;EXTRACT;3;
673.7734;192;-32.4292;-37.88381;3;19;EXTRACT;2;
674.5313;192;-32.4292;-37.88381;3;18;EXTRACT;0;
675.1719;192;-32.4292;-37.88381;3;17;EXTRACT;1;
675.375;188;-42.97945;-37.61212;3;37;EXTRACT;3;
675.7734;192;-32.4292;-37.88381;3;16;EXTRACT;2;
676.5352;192;-32.4292;-37.88381;3;15;EXTRACT;0;
677.1758;192;-32.4292;-37.88381;3;14;EXTRACT;1;
677.375;188;-42.97945;-37.61212;3;36;EXTRACT;3;
677.7773;192;-32.4292;-37.88381;3;13;EXTRACT;2;
678.5391;192;-32.4292;-37.88381;3;12;EXTRACT;0;
679.1797;192;-32.4292;-37.88381;3;11;EXTRACT;1;
679.3789;188;-42.97945;-37.61212;3;35;EXTRACT;3;
679.7813;192;-32.4292;-37.88381;3;10;EXTRACT;2;
680.543;192;-32.4292;-37.88381;3;9;EXTRACT;0;
681.2227;192;-32.4292;-37.88381;3;8;EXTRACT;1;
681.3828;188;-42.97945;-37.61212;3;34;EXTRACT;3;
681.7813;192;-32.4292;-37.88381;3;7;EXTRACT;2;
682.543;192;-32.4292;-37.88381;3;6;EXTRACT;0;
683.1875;192;-32.4292;-37.88381;3;5;EXTRACT;1;
683.3867;188;-42.97945;-37.61212;3;33;EXTRACT;3;
683.7852;192;-32.4292;-37.88381;3;4;EXTRACT;2;
684.5469;192;-32.4292;-37.88381;3;3;EXTRACT;0;
685.1875;192;-32.4292;-37.88381;3;2;EXTRACT;1;
685.3867;188;-42.97945;-37.61212;3;32;EXTRACT;3;
685.7891;192;-32.4292;-37.88381;3;1;EXTRACT;2;
686.5508;192;-32.4292;-37.88381;3;0;EXTRACT;0;
686.5195;192;-32.4292;-37.88381;3;0;DESTROYED;;
686.5508;195;-36.33025;33.52806;3;48;CREATED;;
687.3516;188;-42.97945;-37.61212;3;31;EXTRACT;3;
689.3555;188;-42.97945;-37.61212;3;30;EXTRACT;3;
691.3633;188;-42.97945;-37.61212;3;29;EXTRACT;3;
692.5273;188;-42.97945;-37.61212;3;29;DISCOVER;1;
693.3672;188;-42.97945;-37.61212;3;28;EXTRACT;3;
695.0508;188;-42.97945;-37.61212;3;27;EXTRACT;1;
695.3711;188;-42.97945;-37.61212;3;26;EXTRACT;3;
695.5313;188;-42.97945;-37.61212;3;26;DISCOVER;2;
696.7734;188;-42.97945;-37.61212;3;26;DISCOVER;0;
697.0547;188;-42.97945;-37.61212;3;25;EXTRACT;1;
697.375;188;-42.97945;-37.61212;3;24;EXTRACT;3;
698.0977;188;-42.97945;-37.61212;3;23;EXTRACT;2;
699.0586;188;-42.97945;-37.61212;3;22;EXTRACT;1;
699.3789;188;-42.97945;-37.61212;3;21;EXTRACT;3;
699.5;188;-42.97945;-37.61212;3;20;EXTRACT;0;
700.1016;188;-42.97945;-37.61212;3;19;EXTRACT;2;
701.0625;188;-42.97945;-37.61212;3;18;EXTRACT;1;
701.3828;188;-42.97945;-37.61212;3;17;EXTRACT;3;
701.5039;188;-42.97945;-37.61212;3;16;EXTRACT;0;
702.1055;188;-42.97945;-37.61212;3;15;EXTRACT;2;
703.0703;188;-42.97945;-37.61212;3;14;EXTRACT;1;
703.3906;188;-42.97945;-37.61212;3;13;EXTRACT;3;
703.4688;188;-42.97945;-37.61212;3;12;EXTRACT;0;
704.1094;188;-42.97945;-37.61212;3;11;EXTRACT;2;
705.0703;188;-42.97945;-37.61212;3;10;EXTRACT;1;
705.3516;188;-42.97945;-37.61212;3;9;EXTRACT;3;
705.4727;188;-42.97945;-37.61212;3;8;EXTRACT;0;
706.1133;188;-42.97945;-37.61212;3;7;EXTRACT;2;
707.0742;188;-42.97945;-37.61212;3;6;EXTRACT;1;
707.3516;188;-42.97945;-37.61212;3;5;EXTRACT;3;
707.4727;188;-42.97945;-37.61212;3;4;EXTRACT;0;
708.1133;188;-42.97945;-37.61212;3;3;EXTRACT;2;
709.0742;188;-42.97945;-37.61212;3;2;EXTRACT;1;
709.3555;188;-42.97945;-37.61212;3;1;EXTRACT;3;
709.4766;188;-42.97945;-37.61212;3;0;EXTRACT;0;
709.4414;188;-42.97945;-37.61212;3;0;DESTROYED;;
709.4766;196;37.70215;-43.47676;3;48;CREATED;;
