Time;PatchID;PositionX;PositionZ;Radius;CoinAmount;PatchEvent;TriggerPlayer;
0;202;-7.04871;-38.29661;3;48;CREATED;;
0;203;16.31641;-33.69728;3;48;CREATED;;
0;204;34.61636;31.63328;3;48;CREATED;;
0;205;-8.211803;36.82012;3;48;CREATED;;
0;206;-39.92282;28.00678;3;48;CREATED;;
32.17188;206;-39.92282;28.00678;3;48;DISCOVER;2;
35.41797;206;-39.92282;28.00678;3;47;EXTRACT;2;
37.42188;206;-39.92282;28.00678;3;46;EXTRACT;2;
39.42578;206;-39.92282;28.00678;3;45;EXTRACT;2;
41.42969;206;-39.92282;28.00678;3;44;EXTRACT;2;
42.99219;206;-39.92282;28.00678;3;44;DISCOVER;3;
43.39453;206;-39.92282;28.00678;3;43;EXTRACT;2;
45.23828;206;-39.92282;28.00678;3;43;DISCOVER;1;
45.44141;206;-39.92282;28.00678;3;42;EXTRACT;2;
46;206;-39.92282;28.00678;3;41;EXTRACT;3;
47.44141;206;-39.92282;28.00678;3;40;EXTRACT;2;
47.80469;206;-39.92282;28.00678;3;39;EXTRACT;1;
48.00391;206;-39.92282;28.00678;3;38;EXTRACT;3;
49.41016;206;-39.92282;28.00678;3;37;EXTRACT;2;
49.8125;206;-39.92282;28.00678;3;36;EXTRACT;1;
50.01172;206;-39.92282;28.00678;3;35;EXTRACT;3;
51.09766;206;-39.92282;28.00678;3;35;DISCOVER;0;
51.41797;206;-39.92282;28.00678;3;34;EXTRACT;2;
51.81641;206;-39.92282;28.00678;3;33;EXTRACT;1;
52.01953;206;-39.92282;28.00678;3;32;EXTRACT;3;
53.41797;206;-39.92282;28.00678;3;31;EXTRACT;2;
53.73828;206;-39.92282;28.00678;3;30;EXTRACT;0;
53.82031;206;-39.92282;28.00678;3;29;EXTRACT;1;
54.01953;206;-39.92282;28.00678;3;28;EXTRACT;3;
55.42188;206;-39.92282;28.00678;3;27;EXTRACT;2;
55.74219;206;-39.92282;28.00678;3;26;EXTRACT;0;
55.82422;206;-39.92282;28.00678;3;25;EXTRACT;1;
56.02344;206;-39.92282;28.00678;3;24;EXTRACT;3;
57.42578;206;-39.92282;28.00678;3;23;EXTRACT;2;
57.74609;206;-39.92282;28.00678;3;22;EXTRACT;0;
57.82422;206;-39.92282;28.00678;3;21;EXTRACT;1;
58.02734;206;-39.92282;28.00678;3;20;EXTRACT;3;
59.42578;206;-39.92282;28.00678;3;19;EXTRACT;2;
59.74609;206;-39.92282;28.00678;3;18;EXTRACT;0;
59.82813;206;-39.92282;28.00678;3;17;EXTRACT;1;
60.02734;206;-39.92282;28.00678;3;16;EXTRACT;3;
61.42969;206;-39.92282;28.00678;3;15;EXTRACT;2;
61.75;206;-39.92282;28.00678;3;14;EXTRACT;0;
61.82813;206;-39.92282;28.00678;3;13;EXTRACT;1;
61.98828;206;-39.92282;28.00678;3;12;EXTRACT;3;
63.43359;206;-39.92282;28.00678;3;11;EXTRACT;2;
63.75391;206;-39.92282;28.00678;3;10;EXTRACT;0;
63.83203;206;-39.92282;28.00678;3;9;EXTRACT;1;
63.99219;206;-39.92282;28.00678;3;8;EXTRACT;3;
65.4375;206;-39.92282;28.00678;3;7;EXTRACT;2;
65.75781;206;-39.92282;28.00678;3;6;EXTRACT;0;
65.83984;206;-39.92282;28.00678;3;5;EXTRACT;1;
65.99609;206;-39.92282;28.00678;3;4;EXTRACT;3;
67.44141;206;-39.92282;28.00678;3;3;EXTRACT;2;
67.71875;206;-39.92282;28.00678;3;2;EXTRACT;0;
67.83984;206;-39.92282;28.00678;3;1;EXTRACT;1;
68;206;-39.92282;28.00678;3;0;EXTRACT;3;
68;206;-39.92282;28.00678;3;0;DESTROYED;;
68;207;7.62561;-32.4833;3;48;CREATED;;
141.5781;202;-7.04871;-38.29661;3;48;DISCOVER;1;
144.8359;202;-7.04871;-38.29661;3;47;EXTRACT;1;
146.8438;202;-7.04871;-38.29661;3;46;EXTRACT;1;
148.8477;202;-7.04871;-38.29661;3;45;EXTRACT;1;
150.8516;202;-7.04871;-38.29661;3;44;EXTRACT;1;
152.8242;202;-7.04871;-38.29661;3;43;EXTRACT;1;
154.8672;202;-7.04871;-38.29661;3;42;EXTRACT;1;
156.832;202;-7.04871;-38.29661;3;42;DISCOVER;2;
156.8711;202;-7.04871;-38.29661;3;41;EXTRACT;1;
158.875;202;-7.04871;-38.29661;3;40;EXTRACT;1;
159.4805;202;-7.04871;-38.29661;3;40;DISCOVER;3;
159.6406;202;-7.04871;-38.29661;3;39;EXTRACT;2;
160.8438;202;-7.04871;-38.29661;3;38;EXTRACT;1;
161.6445;202;-7.04871;-38.29661;3;37;EXTRACT;2;
162.6055;202;-7.04871;-38.29661;3;36;EXTRACT;3;
162.8867;202;-7.04871;-38.29661;3;35;EXTRACT;1;
163.6523;202;-7.04871;-38.29661;3;34;EXTRACT;2;
164.6133;202;-7.04871;-38.29661;3;33;EXTRACT;3;
164.8906;202;-7.04871;-38.29661;3;32;EXTRACT;1;
165.6133;202;-7.04871;-38.29661;3;31;EXTRACT;2;
166.6172;202;-7.04871;-38.29661;3;30;EXTRACT;3;
166.8945;202;-7.04871;-38.29661;3;29;EXTRACT;1;
167.6172;202;-7.04871;-38.29661;3;28;EXTRACT;2;
168.6211;202;-7.04871;-38.29661;3;27;EXTRACT;3;
168.8594;202;-7.04871;-38.29661;3;26;EXTRACT;1;
169.4648;202;-7.04871;-38.29661;3;26;DISCOVER;0;
169.625;202;-7.04871;-38.29661;3;25;EXTRACT;2;
170.6289;202;-7.04871;-38.29661;3;24;EXTRACT;3;
170.9102;202;-7.04871;-38.29661;3;23;EXTRACT;1;
171.6289;202;-7.04871;-38.29661;3;22;EXTRACT;2;
172.2383;202;-7.04871;-38.29661;3;21;EXTRACT;0;
172.5977;202;-7.04871;-38.29661;3;20;EXTRACT;3;
172.8789;202;-7.04871;-38.29661;3;19;EXTRACT;1;
173.6406;202;-7.04871;-38.29661;3;18;EXTRACT;2;
174.2383;202;-7.04871;-38.29661;3;17;EXTRACT;0;
174.6016;202;-7.04871;-38.29661;3;16;EXTRACT;3;
174.8789;202;-7.04871;-38.29661;3;15;EXTRACT;1;
175.6406;202;-7.04871;-38.29661;3;14;EXTRACT;2;
176.2422;202;-7.04871;-38.29661;3;13;EXTRACT;0;
176.6016;202;-7.04871;-38.29661;3;12;EXTRACT;3;
176.9219;202;-7.04871;-38.29661;3;11;EXTRACT;1;
177.6445;202;-7.04871;-38.29661;3;10;EXTRACT;2;
178.207;202;-7.04871;-38.29661;3;9;EXTRACT;0;
178.6094;202;-7.04871;-38.29661;3;8;EXTRACT;3;
178.9297;202;-7.04871;-38.29661;3;7;EXTRACT;1;
179.6523;202;-7.04871;-38.29661;3;6;EXTRACT;2;
180.2109;202;-7.04871;-38.29661;3;5;EXTRACT;0;
180.6133;202;-7.04871;-38.29661;3;4;EXTRACT;3;
180.8945;202;-7.04871;-38.29661;3;3;EXTRACT;1;
181.6133;202;-7.04871;-38.29661;3;2;EXTRACT;2;
182.2148;202;-7.04871;-38.29661;3;1;EXTRACT;0;
182.6172;202;-7.04871;-38.29661;3;0;EXTRACT;3;
182.5977;202;-7.04871;-38.29661;3;0;DESTROYED;;
182.6172;208;12.25088;36.4585;3;48;CREATED;;
192.125;207;7.62561;-32.4833;3;48;DISCOVER;2;
195.1328;207;7.62561;-32.4833;3;48;DISCOVER;0;
195.1758;207;7.62561;-32.4833;3;47;EXTRACT;2;
197.1836;207;7.62561;-32.4833;3;46;EXTRACT;2;
198.0625;207;7.62561;-32.4833;3;45;EXTRACT;0;
198.4258;203;16.31641;-33.69728;3;48;DISCOVER;1;
199.1875;207;7.62561;-32.4833;3;44;EXTRACT;2;
199.9492;207;7.62561;-32.4833;3;44;DISCOVER;3;
200.0703;207;7.62561;-32.4833;3;43;EXTRACT;0;
201.1914;207;7.62561;-32.4833;3;42;EXTRACT;2;
201.6719;203;16.31641;-33.69728;3;47;EXTRACT;1;
202.0703;207;7.62561;-32.4833;3;41;EXTRACT;0;
203.1914;207;7.62561;-32.4833;3;40;EXTRACT;2;
203.6719;203;16.31641;-33.69728;3;46;EXTRACT;1;
204.0742;207;7.62561;-32.4833;3;39;EXTRACT;0;
204.6367;207;7.62561;-32.4833;3;38;EXTRACT;3;
205.1953;207;7.62561;-32.4833;3;37;EXTRACT;2;
205.6758;203;16.31641;-33.69728;3;45;EXTRACT;1;
206.0781;207;7.62561;-32.4833;3;36;EXTRACT;0;
206.6367;207;7.62561;-32.4833;3;35;EXTRACT;3;
207.1992;207;7.62561;-32.4833;3;34;EXTRACT;2;
207.6797;203;16.31641;-33.69728;3;44;EXTRACT;1;
208.0781;207;7.62561;-32.4833;3;33;EXTRACT;0;
208.6406;207;7.62561;-32.4833;3;32;EXTRACT;3;
209.2031;207;7.62561;-32.4833;3;31;EXTRACT;2;
209.6445;203;16.31641;-33.69728;3;43;EXTRACT;1;
210.082;207;7.62561;-32.4833;3;30;EXTRACT;0;
210.6445;207;7.62561;-32.4833;3;29;EXTRACT;3;
211.1641;207;7.62561;-32.4833;3;28;EXTRACT;2;
211.6484;203;16.31641;-33.69728;3;42;EXTRACT;1;
212.0898;207;7.62561;-32.4833;3;27;EXTRACT;0;
212.6523;207;7.62561;-32.4833;3;26;EXTRACT;3;
213.1719;207;7.62561;-32.4833;3;25;EXTRACT;2;
213.6523;203;16.31641;-33.69728;3;41;EXTRACT;1;
214.0938;207;7.62561;-32.4833;3;24;EXTRACT;0;
214.6523;207;7.62561;-32.4833;3;23;EXTRACT;3;
215.1719;207;7.62561;-32.4833;3;22;EXTRACT;2;
215.6523;203;16.31641;-33.69728;3;40;EXTRACT;1;
216.0938;207;7.62561;-32.4833;3;21;EXTRACT;0;
216.6563;207;7.62561;-32.4833;3;20;EXTRACT;3;
217.1797;207;7.62561;-32.4833;3;19;EXTRACT;2;
217.6602;203;16.31641;-33.69728;3;39;EXTRACT;1;
218.1016;207;7.62561;-32.4833;3;18;EXTRACT;0;
218.6641;207;7.62561;-32.4833;3;17;EXTRACT;3;
219.1836;207;7.62561;-32.4833;3;16;EXTRACT;2;
219.668;203;16.31641;-33.69728;3;38;EXTRACT;1;
220.1055;207;7.62561;-32.4833;3;15;EXTRACT;0;
220.625;207;7.62561;-32.4833;3;14;EXTRACT;3;
221.1875;207;7.62561;-32.4833;3;13;EXTRACT;2;
221.668;203;16.31641;-33.69728;3;37;EXTRACT;1;
222.1094;207;7.62561;-32.4833;3;12;EXTRACT;0;
222.6289;207;7.62561;-32.4833;3;11;EXTRACT;3;
223.1914;207;7.62561;-32.4833;3;10;EXTRACT;2;
223.6719;203;16.31641;-33.69728;3;36;EXTRACT;1;
224.1133;207;7.62561;-32.4833;3;9;EXTRACT;0;
224.6328;207;7.62561;-32.4833;3;8;EXTRACT;3;
225.1953;207;7.62561;-32.4833;3;7;EXTRACT;2;
225.6758;203;16.31641;-33.69728;3;35;EXTRACT;1;
226.1172;207;7.62561;-32.4833;3;6;EXTRACT;0;
226.6367;207;7.62561;-32.4833;3;5;EXTRACT;3;
227.1992;207;7.62561;-32.4833;3;4;EXTRACT;2;
227.6797;203;16.31641;-33.69728;3;34;EXTRACT;1;
228.0781;207;7.62561;-32.4833;3;3;EXTRACT;0;
228.6406;207;7.62561;-32.4833;3;2;EXTRACT;3;
229.1992;207;7.62561;-32.4833;3;1;EXTRACT;2;
229.6797;203;16.31641;-33.69728;3;33;EXTRACT;1;
230.082;207;7.62561;-32.4833;3;0;EXTRACT;0;
230.0781;207;7.62561;-32.4833;3;0;DESTROYED;;
230.082;209;39.477;-25.64594;3;48;CREATED;;
231.6445;203;16.31641;-33.69728;3;32;EXTRACT;1;
233.6484;203;16.31641;-33.69728;3;31;EXTRACT;1;
235.293;203;16.31641;-33.69728;3;31;DISCOVER;3;
235.6523;203;16.31641;-33.69728;3;30;EXTRACT;1;
235.9766;203;16.31641;-33.69728;3;30;DISCOVER;2;
237.6602;203;16.31641;-33.69728;3;29;EXTRACT;1;
238.6992;203;16.31641;-33.69728;3;28;EXTRACT;2;
238.7813;203;16.31641;-33.69728;3;27;EXTRACT;3;
239.6641;203;16.31641;-33.69728;3;26;EXTRACT;1;
240.707;203;16.31641;-33.69728;3;26;DISCOVER;0;
240.707;203;16.31641;-33.69728;3;25;EXTRACT;2;
240.7891;203;16.31641;-33.69728;3;24;EXTRACT;3;
241.668;203;16.31641;-33.69728;3;23;EXTRACT;1;
242.7109;203;16.31641;-33.69728;3;22;EXTRACT;2;
242.7891;203;16.31641;-33.69728;3;21;EXTRACT;3;
243.4688;203;16.31641;-33.69728;3;20;EXTRACT;0;
243.6719;203;16.31641;-33.69728;3;19;EXTRACT;1;
244.7109;203;16.31641;-33.69728;3;18;EXTRACT;2;
244.793;203;16.31641;-33.69728;3;17;EXTRACT;3;
245.4727;203;16.31641;-33.69728;3;16;EXTRACT;0;
245.6758;203;16.31641;-33.69728;3;15;EXTRACT;1;
246.7148;203;16.31641;-33.69728;3;14;EXTRACT;2;
246.7969;203;16.31641;-33.69728;3;13;EXTRACT;3;
247.4766;203;16.31641;-33.69728;3;12;EXTRACT;0;
247.6758;203;16.31641;-33.69728;3;11;EXTRACT;1;
248.7188;203;16.31641;-33.69728;3;10;EXTRACT;2;
248.7969;203;16.31641;-33.69728;3;9;EXTRACT;3;
249.4805;203;16.31641;-33.69728;3;8;EXTRACT;0;
249.6797;203;16.31641;-33.69728;3;7;EXTRACT;1;
250.7266;203;16.31641;-33.69728;3;6;EXTRACT;2;
250.8047;203;16.31641;-33.69728;3;5;EXTRACT;3;
251.4492;203;16.31641;-33.69728;3;4;EXTRACT;0;
251.6875;203;16.31641;-33.69728;3;3;EXTRACT;1;
252.7305;203;16.31641;-33.69728;3;2;EXTRACT;2;
252.8086;203;16.31641;-33.69728;3;1;EXTRACT;3;
253.4492;203;16.31641;-33.69728;3;0;EXTRACT;0;
253.4375;203;16.31641;-33.69728;3;0;DESTROYED;;
253.4492;210;-26.30994;-41.57042;3;48;CREATED;;
269.8906;209;39.477;-25.64594;3;48;DISCOVER;3;
271.6563;209;39.477;-25.64594;3;48;DISCOVER;1;
273.3438;209;39.477;-25.64594;3;47;EXTRACT;3;
274.5469;209;39.477;-25.64594;3;46;EXTRACT;1;
275.3477;209;39.477;-25.64594;3;45;EXTRACT;3;
276.5508;209;39.477;-25.64594;3;44;EXTRACT;1;
276.7109;209;39.477;-25.64594;3;44;DISCOVER;2;
277.3516;209;39.477;-25.64594;3;43;EXTRACT;3;
277.793;209;39.477;-25.64594;3;43;DISCOVER;0;
278.5547;209;39.477;-25.64594;3;42;EXTRACT;1;
279.3594;209;39.477;-25.64594;3;41;EXTRACT;3;
279.4375;209;39.477;-25.64594;3;40;EXTRACT;2;
280.3594;209;39.477;-25.64594;3;39;EXTRACT;0;
280.5586;209;39.477;-25.64594;3;38;EXTRACT;1;
281.3594;209;39.477;-25.64594;3;37;EXTRACT;3;
281.4375;209;39.477;-25.64594;3;36;EXTRACT;2;
282.3594;209;39.477;-25.64594;3;35;EXTRACT;0;
282.5586;209;39.477;-25.64594;3;34;EXTRACT;1;
283.3633;209;39.477;-25.64594;3;33;EXTRACT;3;
283.4023;209;39.477;-25.64594;3;32;EXTRACT;2;
284.3633;209;39.477;-25.64594;3;31;EXTRACT;0;
284.5625;209;39.477;-25.64594;3;30;EXTRACT;1;
285.3633;209;39.477;-25.64594;3;29;EXTRACT;3;
285.4063;209;39.477;-25.64594;3;28;EXTRACT;2;
286.332;209;39.477;-25.64594;3;27;EXTRACT;0;
286.5313;209;39.477;-25.64594;3;26;EXTRACT;1;
287.332;209;39.477;-25.64594;3;25;EXTRACT;3;
287.4102;209;39.477;-25.64594;3;24;EXTRACT;2;
288.332;209;39.477;-25.64594;3;23;EXTRACT;0;
288.5313;209;39.477;-25.64594;3;22;EXTRACT;1;
289.332;209;39.477;-25.64594;3;21;EXTRACT;3;
289.4141;209;39.477;-25.64594;3;20;EXTRACT;2;
290.3359;209;39.477;-25.64594;3;19;EXTRACT;0;
290.5352;209;39.477;-25.64594;3;18;EXTRACT;1;
291.3359;209;39.477;-25.64594;3;17;EXTRACT;3;
291.418;209;39.477;-25.64594;3;16;EXTRACT;2;
292.3359;209;39.477;-25.64594;3;15;EXTRACT;0;
292.5352;209;39.477;-25.64594;3;14;EXTRACT;1;
293.3398;209;39.477;-25.64594;3;13;EXTRACT;3;
293.418;209;39.477;-25.64594;3;12;EXTRACT;2;
294.3438;209;39.477;-25.64594;3;11;EXTRACT;0;
294.543;209;39.477;-25.64594;3;10;EXTRACT;1;
295.3438;209;39.477;-25.64594;3;9;EXTRACT;3;
295.4258;209;39.477;-25.64594;3;8;EXTRACT;2;
296.3438;209;39.477;-25.64594;3;7;EXTRACT;0;
296.5469;209;39.477;-25.64594;3;6;EXTRACT;1;
297.3477;209;39.477;-25.64594;3;5;EXTRACT;3;
297.4258;209;39.477;-25.64594;3;4;EXTRACT;2;
298.3477;209;39.477;-25.64594;3;3;EXTRACT;0;
298.5508;209;39.477;-25.64594;3;2;EXTRACT;1;
299.3516;209;39.477;-25.64594;3;1;EXTRACT;3;
299.4297;209;39.477;-25.64594;3;0;EXTRACT;2;
299.3984;209;39.477;-25.64594;3;0;DESTROYED;;
299.4297;211;10.96753;12.70944;3;48;CREATED;;
335.1641;204;34.61636;31.63328;3;48;DISCOVER;1;
337.7266;204;34.61636;31.63328;3;47;EXTRACT;1;
339.2109;204;34.61636;31.63328;3;47;DISCOVER;2;
339.7344;204;34.61636;31.63328;3;46;EXTRACT;1;
339.8125;204;34.61636;31.63328;3;46;DISCOVER;0;
341.0547;204;34.61636;31.63328;3;46;DISCOVER;3;
341.6992;204;34.61636;31.63328;3;45;EXTRACT;2;
341.7422;204;34.61636;31.63328;3;44;EXTRACT;1;
342.6602;204;34.61636;31.63328;3;43;EXTRACT;0;
343.7031;204;34.61636;31.63328;3;42;EXTRACT;2;
343.7461;204;34.61636;31.63328;3;41;EXTRACT;1;
344.5078;204;34.61636;31.63328;3;40;EXTRACT;3;
344.668;204;34.61636;31.63328;3;39;EXTRACT;0;
345.707;204;34.61636;31.63328;3;38;EXTRACT;2;
345.7461;204;34.61636;31.63328;3;37;EXTRACT;1;
346.5078;204;34.61636;31.63328;3;36;EXTRACT;3;
346.668;204;34.61636;31.63328;3;35;EXTRACT;0;
347.7109;204;34.61636;31.63328;3;34;EXTRACT;2;
347.75;204;34.61636;31.63328;3;33;EXTRACT;1;
348.5117;204;34.61636;31.63328;3;32;EXTRACT;3;
348.6719;204;34.61636;31.63328;3;31;EXTRACT;0;
349.6758;204;34.61636;31.63328;3;30;EXTRACT;2;
349.7539;204;34.61636;31.63328;3;29;EXTRACT;1;
350.5156;204;34.61636;31.63328;3;28;EXTRACT;3;
350.6367;204;34.61636;31.63328;3;27;EXTRACT;0;
351.6797;204;34.61636;31.63328;3;26;EXTRACT;2;
351.7578;204;34.61636;31.63328;3;25;EXTRACT;1;
352.5195;204;34.61636;31.63328;3;24;EXTRACT;3;
352.6406;204;34.61636;31.63328;3;23;EXTRACT;0;
353.6836;204;34.61636;31.63328;3;22;EXTRACT;2;
353.7617;204;34.61636;31.63328;3;21;EXTRACT;1;
354.5234;204;34.61636;31.63328;3;20;EXTRACT;3;
354.6445;204;34.61636;31.63328;3;19;EXTRACT;0;
355.6875;204;34.61636;31.63328;3;18;EXTRACT;2;
355.7656;204;34.61636;31.63328;3;17;EXTRACT;1;
356.5273;204;34.61636;31.63328;3;16;EXTRACT;3;
356.6484;204;34.61636;31.63328;3;15;EXTRACT;0;
357.6875;204;34.61636;31.63328;3;14;EXTRACT;2;
357.7695;204;34.61636;31.63328;3;13;EXTRACT;1;
358.5313;204;34.61636;31.63328;3;12;EXTRACT;3;
358.6484;204;34.61636;31.63328;3;11;EXTRACT;0;
359.6914;204;34.61636;31.63328;3;10;EXTRACT;2;
359.7734;204;34.61636;31.63328;3;9;EXTRACT;1;
360.5352;204;34.61636;31.63328;3;8;EXTRACT;3;
360.6563;204;34.61636;31.63328;3;7;EXTRACT;0;
361.6992;204;34.61636;31.63328;3;6;EXTRACT;2;
361.7773;204;34.61636;31.63328;3;5;EXTRACT;1;
362.5;204;34.61636;31.63328;3;4;EXTRACT;3;
362.6602;204;34.61636;31.63328;3;3;EXTRACT;0;
363.6992;204;34.61636;31.63328;3;2;EXTRACT;2;
363.7813;204;34.61636;31.63328;3;1;EXTRACT;1;
364.543;204;34.61636;31.63328;3;0;EXTRACT;3;
364.5195;204;34.61636;31.63328;3;0;DESTROYED;;
364.543;212;-28.13209;-12.68435;3;48;CREATED;;
384.4727;208;12.25088;36.4585;3;48;DISCOVER;2;
385.0352;208;12.25088;36.4585;3;48;DISCOVER;1;
387.2773;208;12.25088;36.4585;3;47;EXTRACT;2;
388.1992;208;12.25088;36.4585;3;46;EXTRACT;1;
389.2422;208;12.25088;36.4585;3;45;EXTRACT;2;
390.2031;208;12.25088;36.4585;3;44;EXTRACT;1;
391.2461;208;12.25088;36.4585;3;43;EXTRACT;2;
391.7695;208;12.25088;36.4585;3;43;DISCOVER;0;
392.2109;208;12.25088;36.4585;3;42;EXTRACT;1;
393.2539;208;12.25088;36.4585;3;41;EXTRACT;2;
394.2188;208;12.25088;36.4585;3;40;EXTRACT;1;
394.6992;208;12.25088;36.4585;3;39;EXTRACT;0;
395.0977;208;12.25088;36.4585;3;39;DISCOVER;3;
395.2578;208;12.25088;36.4585;3;38;EXTRACT;2;
396.2188;208;12.25088;36.4585;3;37;EXTRACT;1;
396.7031;208;12.25088;36.4585;3;36;EXTRACT;0;
397.2617;208;12.25088;36.4585;3;35;EXTRACT;2;
398.2227;208;12.25088;36.4585;3;34;EXTRACT;1;
398.6641;208;12.25088;36.4585;3;33;EXTRACT;3;
398.7031;208;12.25088;36.4585;3;32;EXTRACT;0;
399.2656;208;12.25088;36.4585;3;31;EXTRACT;2;
400.2266;208;12.25088;36.4585;3;30;EXTRACT;1;
400.6641;208;12.25088;36.4585;3;29;EXTRACT;3;
400.707;208;12.25088;36.4585;3;28;EXTRACT;0;
401.2656;208;12.25088;36.4585;3;27;EXTRACT;2;
402.2266;208;12.25088;36.4585;3;26;EXTRACT;1;
402.668;208;12.25088;36.4585;3;25;EXTRACT;3;
402.707;208;12.25088;36.4585;3;24;EXTRACT;0;
403.2695;208;12.25088;36.4585;3;23;EXTRACT;2;
404.2305;208;12.25088;36.4585;3;22;EXTRACT;1;
404.6719;208;12.25088;36.4585;3;21;EXTRACT;3;
404.7109;208;12.25088;36.4585;3;20;EXTRACT;0;
405.2734;208;12.25088;36.4585;3;19;EXTRACT;2;
406.2344;208;12.25088;36.4585;3;18;EXTRACT;1;
406.6719;208;12.25088;36.4585;3;17;EXTRACT;3;
406.7109;208;12.25088;36.4585;3;16;EXTRACT;0;
407.2734;208;12.25088;36.4585;3;15;EXTRACT;2;
408.2344;208;12.25088;36.4585;3;14;EXTRACT;1;
408.6758;208;12.25088;36.4585;3;13;EXTRACT;3;
408.7148;208;12.25088;36.4585;3;12;EXTRACT;0;
409.2773;208;12.25088;36.4585;3;11;EXTRACT;2;
410.2383;208;12.25088;36.4585;3;10;EXTRACT;1;
410.6797;208;12.25088;36.4585;3;9;EXTRACT;3;
410.7188;208;12.25088;36.4585;3;8;EXTRACT;0;
411.2422;208;12.25088;36.4585;3;7;EXTRACT;2;
412.2422;208;12.25088;36.4585;3;6;EXTRACT;1;
412.6836;208;12.25088;36.4585;3;5;EXTRACT;3;
412.7227;208;12.25088;36.4585;3;4;EXTRACT;0;
413.2422;208;12.25088;36.4585;3;3;EXTRACT;2;
414.2461;208;12.25088;36.4585;3;2;EXTRACT;1;
414.6875;208;12.25088;36.4585;3;1;EXTRACT;3;
414.7266;208;12.25088;36.4585;3;0;EXTRACT;0;
414.7188;208;12.25088;36.4585;3;0;DESTROYED;;
414.7266;213;-22.94848;35.79179;3;48;CREATED;;
426.2852;205;-8.211803;36.82012;3;48;DISCOVER;1;
428.7734;205;-8.211803;36.82012;3;47;EXTRACT;1;
430.2969;205;-8.211803;36.82012;3;47;DISCOVER;2;
430.7813;205;-8.211803;36.82012;3;46;EXTRACT;1;
432.7852;205;-8.211803;36.82012;3;45;EXTRACT;1;
433.0273;205;-8.211803;36.82012;3;44;EXTRACT;2;
433.5078;205;-8.211803;36.82012;3;44;DISCOVER;3;
434.7891;205;-8.211803;36.82012;3;43;EXTRACT;1;
434.9883;205;-8.211803;36.82012;3;42;EXTRACT;2;
436.6758;205;-8.211803;36.82012;3;41;EXTRACT;3;
436.7969;205;-8.211803;36.82012;3;40;EXTRACT;1;
436.9961;205;-8.211803;36.82012;3;39;EXTRACT;2;
437.2422;205;-8.211803;36.82012;3;39;DISCOVER;0;
438.6797;205;-8.211803;36.82012;3;38;EXTRACT;3;
438.8008;205;-8.211803;36.82012;3;37;EXTRACT;1;
439.0039;205;-8.211803;36.82012;3;36;EXTRACT;2;
440.3633;205;-8.211803;36.82012;3;35;EXTRACT;0;
440.6836;205;-8.211803;36.82012;3;34;EXTRACT;3;
440.7656;205;-8.211803;36.82012;3;33;EXTRACT;1;
441.0078;205;-8.211803;36.82012;3;32;EXTRACT;2;
442.3672;205;-8.211803;36.82012;3;31;EXTRACT;0;
442.6875;205;-8.211803;36.82012;3;30;EXTRACT;3;
442.8086;205;-8.211803;36.82012;3;29;EXTRACT;1;
443.0078;205;-8.211803;36.82012;3;28;EXTRACT;2;
444.3711;205;-8.211803;36.82012;3;27;EXTRACT;0;
444.6914;205;-8.211803;36.82012;3;26;EXTRACT;3;
444.8125;205;-8.211803;36.82012;3;25;EXTRACT;1;
445.0117;205;-8.211803;36.82012;3;24;EXTRACT;2;
446.375;205;-8.211803;36.82012;3;23;EXTRACT;0;
446.6953;205;-8.211803;36.82012;3;22;EXTRACT;3;
446.8125;205;-8.211803;36.82012;3;21;EXTRACT;1;
447.0156;205;-8.211803;36.82012;3;20;EXTRACT;2;
448.375;205;-8.211803;36.82012;3;19;EXTRACT;0;
448.6953;205;-8.211803;36.82012;3;18;EXTRACT;3;
448.8164;205;-8.211803;36.82012;3;17;EXTRACT;1;
449.0156;205;-8.211803;36.82012;3;16;EXTRACT;2;
450.3789;205;-8.211803;36.82012;3;15;EXTRACT;0;
450.6992;205;-8.211803;36.82012;3;14;EXTRACT;3;
450.8203;205;-8.211803;36.82012;3;13;EXTRACT;1;
451.0195;205;-8.211803;36.82012;3;12;EXTRACT;2;
452.3789;205;-8.211803;36.82012;3;11;EXTRACT;0;
452.7031;205;-8.211803;36.82012;3;10;EXTRACT;3;
452.7813;205;-8.211803;36.82012;3;9;EXTRACT;1;
453.0234;205;-8.211803;36.82012;3;8;EXTRACT;2;
454.3828;205;-8.211803;36.82012;3;7;EXTRACT;0;
454.7031;205;-8.211803;36.82012;3;6;EXTRACT;3;
454.7852;205;-8.211803;36.82012;3;5;EXTRACT;1;
455.0273;205;-8.211803;36.82012;3;4;EXTRACT;2;
456.3867;205;-8.211803;36.82012;3;3;EXTRACT;0;
456.707;205;-8.211803;36.82012;3;2;EXTRACT;3;
456.8281;205;-8.211803;36.82012;3;1;EXTRACT;1;
457.0273;205;-8.211803;36.82012;3;0;EXTRACT;2;
457;205;-8.211803;36.82012;3;0;DESTROYED;;
457.0273;214;43.33665;27.06711;3;48;CREATED;;
467.793;213;-22.94848;35.79179;3;48;DISCOVER;2;
470.6094;213;-22.94848;35.79179;3;47;EXTRACT;2;
471.7344;213;-22.94848;35.79179;3;47;DISCOVER;0;
472.625;213;-22.94848;35.79179;3;46;EXTRACT;2;
474.5938;213;-22.94848;35.79179;3;45;EXTRACT;2;
474.875;213;-22.94848;35.79179;3;44;EXTRACT;0;
475.2344;213;-22.94848;35.79179;3;44;DISCOVER;1;
476.5977;213;-22.94848;35.79179;3;43;EXTRACT;2;
476.8789;213;-22.94848;35.79179;3;42;EXTRACT;0;
477.9219;213;-22.94848;35.79179;3;41;EXTRACT;1;
478.6016;213;-22.94848;35.79179;3;40;EXTRACT;2;
478.8828;213;-22.94848;35.79179;3;39;EXTRACT;0;
479.9336;213;-22.94848;35.79179;3;38;EXTRACT;1;
480.6172;213;-22.94848;35.79179;3;37;EXTRACT;2;
480.8555;213;-22.94848;35.79179;3;36;EXTRACT;0;
481.8633;213;-22.94848;35.79179;3;36;DISCOVER;3;
481.9414;213;-22.94848;35.79179;3;35;EXTRACT;1;
482.625;213;-22.94848;35.79179;3;34;EXTRACT;2;
482.8633;213;-22.94848;35.79179;3;33;EXTRACT;0;
483.9492;213;-22.94848;35.79179;3;32;EXTRACT;1;
484.5938;213;-22.94848;35.79179;3;31;EXTRACT;2;
484.875;213;-22.94848;35.79179;3;30;EXTRACT;0;
485.2734;213;-22.94848;35.79179;3;29;EXTRACT;3;
485.957;213;-22.94848;35.79179;3;28;EXTRACT;1;
486.5977;213;-22.94848;35.79179;3;27;EXTRACT;2;
486.8789;213;-22.94848;35.79179;3;26;EXTRACT;0;
487.2773;213;-22.94848;35.79179;3;25;EXTRACT;3;
487.9219;213;-22.94848;35.79179;3;24;EXTRACT;1;
488.6016;213;-22.94848;35.79179;3;23;EXTRACT;2;
488.8828;213;-22.94848;35.79179;3;22;EXTRACT;0;
489.2813;213;-22.94848;35.79179;3;21;EXTRACT;3;
489.9258;213;-22.94848;35.79179;3;20;EXTRACT;1;
490.6055;213;-22.94848;35.79179;3;19;EXTRACT;2;
490.8867;213;-22.94848;35.79179;3;18;EXTRACT;0;
491.2852;213;-22.94848;35.79179;3;17;EXTRACT;3;
491.9258;213;-22.94848;35.79179;3;16;EXTRACT;1;
492.6094;213;-22.94848;35.79179;3;15;EXTRACT;2;
492.8867;213;-22.94848;35.79179;3;14;EXTRACT;0;
493.2891;213;-22.94848;35.79179;3;13;EXTRACT;3;
493.9688;213;-22.94848;35.79179;3;12;EXTRACT;1;
494.6094;213;-22.94848;35.79179;3;11;EXTRACT;2;
494.8906;213;-22.94848;35.79179;3;10;EXTRACT;0;
495.293;213;-22.94848;35.79179;3;9;EXTRACT;3;
495.9727;213;-22.94848;35.79179;3;8;EXTRACT;1;
496.6133;213;-22.94848;35.79179;3;7;EXTRACT;2;
496.8945;213;-22.94848;35.79179;3;6;EXTRACT;0;
497.2539;213;-22.94848;35.79179;3;5;EXTRACT;3;
497.9766;213;-22.94848;35.79179;3;4;EXTRACT;1;
498.6172;213;-22.94848;35.79179;3;3;EXTRACT;2;
498.8594;213;-22.94848;35.79179;3;2;EXTRACT;0;
499.2578;213;-22.94848;35.79179;3;1;EXTRACT;3;
499.9805;213;-22.94848;35.79179;3;0;EXTRACT;1;
499.957;213;-22.94848;35.79179;3;0;DESTROYED;;
499.9805;215;-18.34405;-24.40842;3;48;CREATED;;
551.1641;212;-28.13209;-12.68435;3;48;DISCOVER;0;
554.3711;212;-28.13209;-12.68435;3;47;EXTRACT;0;
556.3789;212;-28.13209;-12.68435;3;46;EXTRACT;0;
558.3438;212;-28.13209;-12.68435;3;45;EXTRACT;0;
559.8281;212;-28.13209;-12.68435;3;45;DISCOVER;3;
560.3516;212;-28.13209;-12.68435;3;44;EXTRACT;0;
561.2344;212;-28.13209;-12.68435;3;44;DISCOVER;1;
562.3594;212;-28.13209;-12.68435;3;43;EXTRACT;0;
563.2813;212;-28.13209;-12.68435;3;42;EXTRACT;3;
563.8438;212;-28.13209;-12.68435;3;41;EXTRACT;1;
564.3633;212;-28.13209;-12.68435;3;40;EXTRACT;0;
565.2852;212;-28.13209;-12.68435;3;39;EXTRACT;3;
565.4453;212;-28.13209;-12.68435;3;39;DISCOVER;2;
565.8477;212;-28.13209;-12.68435;3;38;EXTRACT;1;
566.3672;212;-28.13209;-12.68435;3;37;EXTRACT;0;
567.2891;212;-28.13209;-12.68435;3;36;EXTRACT;3;
567.8477;212;-28.13209;-12.68435;3;35;EXTRACT;1;
568.0508;212;-28.13209;-12.68435;3;34;EXTRACT;2;
568.3711;212;-28.13209;-12.68435;3;33;EXTRACT;0;
569.293;212;-28.13209;-12.68435;3;32;EXTRACT;3;
569.8555;212;-28.13209;-12.68435;3;31;EXTRACT;1;
570.0156;212;-28.13209;-12.68435;3;30;EXTRACT;2;
570.3789;212;-28.13209;-12.68435;3;29;EXTRACT;0;
571.3008;212;-28.13209;-12.68435;3;28;EXTRACT;3;
571.8594;212;-28.13209;-12.68435;3;27;EXTRACT;1;
572.0234;212;-28.13209;-12.68435;3;26;EXTRACT;2;
572.3828;212;-28.13209;-12.68435;3;25;EXTRACT;0;
573.3047;212;-28.13209;-12.68435;3;24;EXTRACT;3;
573.8672;212;-28.13209;-12.68435;3;23;EXTRACT;1;
574.0273;212;-28.13209;-12.68435;3;22;EXTRACT;2;
574.3477;212;-28.13209;-12.68435;3;21;EXTRACT;0;
575.3125;212;-28.13209;-12.68435;3;20;EXTRACT;3;
575.8711;212;-28.13209;-12.68435;3;19;EXTRACT;1;
576.0313;212;-28.13209;-12.68435;3;18;EXTRACT;2;
576.3516;212;-28.13209;-12.68435;3;17;EXTRACT;0;
577.2734;212;-28.13209;-12.68435;3;16;EXTRACT;3;
577.875;212;-28.13209;-12.68435;3;15;EXTRACT;1;
578.0352;212;-28.13209;-12.68435;3;14;EXTRACT;2;
578.3555;212;-28.13209;-12.68435;3;13;EXTRACT;0;
579.2773;212;-28.13209;-12.68435;3;12;EXTRACT;3;
579.8789;212;-28.13209;-12.68435;3;11;EXTRACT;1;
580.0391;212;-28.13209;-12.68435;3;10;EXTRACT;2;
580.3594;212;-28.13209;-12.68435;3;9;EXTRACT;0;
581.2813;212;-28.13209;-12.68435;3;8;EXTRACT;3;
581.8828;212;-28.13209;-12.68435;3;7;EXTRACT;1;
582.043;212;-28.13209;-12.68435;3;6;EXTRACT;2;
582.3672;212;-28.13209;-12.68435;3;5;EXTRACT;0;
583.2891;212;-28.13209;-12.68435;3;4;EXTRACT;3;
583.8906;212;-28.13209;-12.68435;3;3;EXTRACT;1;
584.0508;212;-28.13209;-12.68435;3;2;EXTRACT;2;
584.3711;212;-28.13209;-12.68435;3;1;EXTRACT;0;
585.293;212;-28.13209;-12.68435;3;0;EXTRACT;3;
585.2773;212;-28.13209;-12.68435;3;0;DESTROYED;;
585.293;216;-36.89964;-18.42155;3;48;CREATED;;
594.5508;215;-18.34405;-24.40842;3;48;DISCOVER;2;
595.8789;215;-18.34405;-24.40842;3;48;DISCOVER;3;
597.7656;215;-18.34405;-24.40842;3;47;EXTRACT;2;
599.7695;215;-18.34405;-24.40842;3;46;EXTRACT;2;
599.8086;215;-18.34405;-24.40842;3;45;EXTRACT;3;
601.7734;215;-18.34405;-24.40842;3;44;EXTRACT;2;
601.8125;215;-18.34405;-24.40842;3;43;EXTRACT;3;
603.7773;215;-18.34405;-24.40842;3;42;EXTRACT;2;
603.8164;215;-18.34405;-24.40842;3;41;EXTRACT;3;
605.7813;215;-18.34405;-24.40842;3;40;EXTRACT;2;
605.8203;215;-18.34405;-24.40842;3;39;EXTRACT;3;
606.582;210;-26.30994;-41.57042;3;48;DISCOVER;0;
607.7852;215;-18.34405;-24.40842;3;38;EXTRACT;2;
607.8242;215;-18.34405;-24.40842;3;37;EXTRACT;3;
609.5469;210;-26.30994;-41.57042;3;47;EXTRACT;0;
609.75;215;-18.34405;-24.40842;3;36;EXTRACT;2;
609.8281;215;-18.34405;-24.40842;3;35;EXTRACT;3;
611.5508;210;-26.30994;-41.57042;3;46;EXTRACT;0;
611.75;215;-18.34405;-24.40842;3;34;EXTRACT;2;
611.832;215;-18.34405;-24.40842;3;33;EXTRACT;3;
613.5586;210;-26.30994;-41.57042;3;45;EXTRACT;0;
613.7578;215;-18.34405;-24.40842;3;32;EXTRACT;2;
613.8359;215;-18.34405;-24.40842;3;31;EXTRACT;3;
615.5313;210;-26.30994;-41.57042;3;44;EXTRACT;0;
615.7734;215;-18.34405;-24.40842;3;30;EXTRACT;2;
615.8125;215;-18.34405;-24.40842;3;29;EXTRACT;3;
616.6953;215;-18.34405;-24.40842;3;29;DISCOVER;1;
617.5352;210;-26.30994;-41.57042;3;43;EXTRACT;0;
617.7734;215;-18.34405;-24.40842;3;28;EXTRACT;2;
617.8164;215;-18.34405;-24.40842;3;27;EXTRACT;3;
619.1758;215;-18.34405;-24.40842;3;26;EXTRACT;1;
619.5391;210;-26.30994;-41.57042;3;42;EXTRACT;0;
619.7773;215;-18.34405;-24.40842;3;25;EXTRACT;2;
619.8164;215;-18.34405;-24.40842;3;24;EXTRACT;3;
621.1797;215;-18.34405;-24.40842;3;23;EXTRACT;1;
621.543;210;-26.30994;-41.57042;3;41;EXTRACT;0;
621.7813;215;-18.34405;-24.40842;3;22;EXTRACT;2;
621.8203;215;-18.34405;-24.40842;3;21;EXTRACT;3;
623.1836;215;-18.34405;-24.40842;3;20;EXTRACT;1;
623.543;210;-26.30994;-41.57042;3;40;EXTRACT;0;
623.7852;215;-18.34405;-24.40842;3;19;EXTRACT;2;
623.8242;215;-18.34405;-24.40842;3;18;EXTRACT;3;
625.1875;215;-18.34405;-24.40842;3;17;EXTRACT;1;
625.5469;210;-26.30994;-41.57042;3;39;EXTRACT;0;
625.7852;215;-18.34405;-24.40842;3;16;EXTRACT;2;
625.8281;215;-18.34405;-24.40842;3;15;EXTRACT;3;
627.1875;215;-18.34405;-24.40842;3;14;EXTRACT;1;
627.5469;210;-26.30994;-41.57042;3;38;EXTRACT;0;
627.75;215;-18.34405;-24.40842;3;13;EXTRACT;2;
627.8281;215;-18.34405;-24.40842;3;12;EXTRACT;3;
629.1914;215;-18.34405;-24.40842;3;11;EXTRACT;1;
629.5547;210;-26.30994;-41.57042;3;37;EXTRACT;0;
629.7539;215;-18.34405;-24.40842;3;10;EXTRACT;2;
629.832;215;-18.34405;-24.40842;3;9;EXTRACT;3;
631.1563;215;-18.34405;-24.40842;3;8;EXTRACT;1;
631.5547;210;-26.30994;-41.57042;3;36;EXTRACT;0;
631.7539;215;-18.34405;-24.40842;3;7;EXTRACT;2;
631.8359;215;-18.34405;-24.40842;3;6;EXTRACT;3;
633.1563;215;-18.34405;-24.40842;3;5;EXTRACT;1;
633.5586;210;-26.30994;-41.57042;3;35;EXTRACT;0;
633.7578;215;-18.34405;-24.40842;3;4;EXTRACT;2;
633.8398;215;-18.34405;-24.40842;3;3;EXTRACT;3;
635.1602;215;-18.34405;-24.40842;3;2;EXTRACT;1;
635.5625;210;-26.30994;-41.57042;3;34;EXTRACT;0;
635.7617;215;-18.34405;-24.40842;3;1;EXTRACT;2;
635.8438;215;-18.34405;-24.40842;3;0;EXTRACT;3;
635.8398;215;-18.34405;-24.40842;3;0;DESTROYED;;
635.8438;217;13.25299;-16.15148;3;48;CREATED;;
637.5664;210;-26.30994;-41.57042;3;33;EXTRACT;0;
639.5313;210;-26.30994;-41.57042;3;32;EXTRACT;0;
641.543;210;-26.30994;-41.57042;3;31;EXTRACT;0;
643.5469;210;-26.30994;-41.57042;3;30;EXTRACT;0;
645.5508;210;-26.30994;-41.57042;3;29;EXTRACT;0;
646.8359;210;-26.30994;-41.57042;3;29;DISCOVER;2;
647.5586;210;-26.30994;-41.57042;3;28;EXTRACT;0;
649.5625;210;-26.30994;-41.57042;3;27;EXTRACT;0;
649.6406;210;-26.30994;-41.57042;3;26;EXTRACT;2;
651.5625;210;-26.30994;-41.57042;3;25;EXTRACT;0;
651.6445;210;-26.30994;-41.57042;3;24;EXTRACT;2;
653.5664;210;-26.30994;-41.57042;3;23;EXTRACT;0;
653.6484;210;-26.30994;-41.57042;3;22;EXTRACT;2;
654.5703;210;-26.30994;-41.57042;3;22;DISCOVER;3;
655.5352;210;-26.30994;-41.57042;3;21;EXTRACT;0;
655.6172;210;-26.30994;-41.57042;3;20;EXTRACT;2;
657.5391;210;-26.30994;-41.57042;3;19;EXTRACT;0;
657.6211;210;-26.30994;-41.57042;3;18;EXTRACT;2;
658.2188;210;-26.30994;-41.57042;3;17;EXTRACT;3;
659.1445;210;-26.30994;-41.57042;3;17;DISCOVER;1;
659.543;210;-26.30994;-41.57042;3;16;EXTRACT;0;
659.625;210;-26.30994;-41.57042;3;15;EXTRACT;2;
660.2266;210;-26.30994;-41.57042;3;14;EXTRACT;3;
661.5469;210;-26.30994;-41.57042;3;13;EXTRACT;0;
661.6289;210;-26.30994;-41.57042;3;12;EXTRACT;2;
661.707;210;-26.30994;-41.57042;3;11;EXTRACT;1;
662.2266;210;-26.30994;-41.57042;3;10;EXTRACT;3;
663.5508;210;-26.30994;-41.57042;3;9;EXTRACT;0;
663.6289;210;-26.30994;-41.57042;3;8;EXTRACT;2;
663.7109;210;-26.30994;-41.57042;3;7;EXTRACT;1;
664.2305;210;-26.30994;-41.57042;3;6;EXTRACT;3;
665.5508;210;-26.30994;-41.57042;3;5;EXTRACT;0;
665.6289;210;-26.30994;-41.57042;3;4;EXTRACT;2;
665.7109;210;-26.30994;-41.57042;3;3;EXTRACT;1;
666.2109;210;-26.30994;-41.57042;3;2;EXTRACT;3;
667.5352;210;-26.30994;-41.57042;3;1;EXTRACT;0;
667.6172;210;-26.30994;-41.57042;3;0;EXTRACT;2;
667.5977;210;-26.30994;-41.57042;3;0;DESTROYED;;
667.6172;218;29.3261;-40.09462;3;48;CREATED;;
705.7656;218;29.3261;-40.09462;3;48;DISCOVER;1;
708.6563;218;29.3261;-40.09462;3;47;EXTRACT;1;
709.6602;218;29.3261;-40.09462;3;47;DISCOVER;0;
710.6641;218;29.3261;-40.09462;3;46;EXTRACT;1;
712.4688;218;29.3261;-40.09462;3;45;EXTRACT;0;
712.6289;218;29.3261;-40.09462;3;44;EXTRACT;1;
714.4727;218;29.3261;-40.09462;3;43;EXTRACT;0;
714.6328;218;29.3261;-40.09462;3;42;EXTRACT;1;
716.4805;218;29.3261;-40.09462;3;41;EXTRACT;0;
716.6445;218;29.3261;-40.09462;3;40;EXTRACT;1;
718.4844;218;29.3261;-40.09462;3;39;EXTRACT;0;
718.6484;218;29.3261;-40.09462;3;38;EXTRACT;1;
