Time;PatchID;PositionX;PositionZ;Radius;CoinAmount;PatchEvent;TriggerPlayer;
0;13;-18.93274;-43.35699;3;48;CREATED;;
0;14;-37.11644;17.81243;3;48;CREATED;;
0;15;-42.52899;-30.37693;3;48;CREATED;;
0;16;39.91631;41.85569;3;48;CREATED;;
0;17;-14.87532;-33.93772;3;48;CREATED;;
28.31995;15;-42.52899;-30.37693;3;48;DISCOVER;0;
31.48071;15;-42.52899;-30.37693;3;47;EXTRACT;0;
33.48083;15;-42.52899;-30.37693;3;46;EXTRACT;0;
35.48096;15;-42.52899;-30.37693;3;45;EXTRACT;0;
37.48096;15;-42.52899;-30.37693;3;44;EXTRACT;0;
39.48096;15;-42.52899;-30.37693;3;43;EXTRACT;0;
41.48108;15;-42.52899;-30.37693;3;42;EXTRACT;0;
43.4812;15;-42.52899;-30.37693;3;41;EXTRACT;0;
45.4812;15;-42.52899;-30.37693;3;40;EXTRACT;0;
47.48132;15;-42.52899;-30.37693;3;39;EXTRACT;0;
49.48132;15;-42.52899;-30.37693;3;38;EXTRACT;0;
51.48145;15;-42.52899;-30.37693;3;37;EXTRACT;0;
53.48145;15;-42.52899;-30.37693;3;36;EXTRACT;0;
55.48157;15;-42.52899;-30.37693;3;35;EXTRACT;0;
57.48157;15;-42.52899;-30.37693;3;34;EXTRACT;0;
59.48169;15;-42.52899;-30.37693;3;33;EXTRACT;0;
61.48169;15;-42.52899;-30.37693;3;32;EXTRACT;0;
63.48181;15;-42.52899;-30.37693;3;31;EXTRACT;0;
65.48193;15;-42.52899;-30.37693;3;30;EXTRACT;0;
67.49854;15;-42.52899;-30.37693;3;29;EXTRACT;0;
69.49866;15;-42.52899;-30.37693;3;28;EXTRACT;0;
71.49878;15;-42.52899;-30.37693;3;27;EXTRACT;0;
73.49878;15;-42.52899;-30.37693;3;26;EXTRACT;0;
75.4989;15;-42.52899;-30.37693;3;25;EXTRACT;0;
77.4989;15;-42.52899;-30.37693;3;24;EXTRACT;0;
79.4989;15;-42.52899;-30.37693;3;23;EXTRACT;0;
81.49902;15;-42.52899;-30.37693;3;22;EXTRACT;0;
83.49902;15;-42.52899;-30.37693;3;21;EXTRACT;0;
85.49915;15;-42.52899;-30.37693;3;20;EXTRACT;0;
87.49927;15;-42.52899;-30.37693;3;19;EXTRACT;0;
89.49927;15;-42.52899;-30.37693;3;18;EXTRACT;0;
91.49939;15;-42.52899;-30.37693;3;17;EXTRACT;0;
93.49939;15;-42.52899;-30.37693;3;16;EXTRACT;0;
95.49951;15;-42.52899;-30.37693;3;15;EXTRACT;0;
97.49951;15;-42.52899;-30.37693;3;14;EXTRACT;0;
99.49963;15;-42.52899;-30.37693;3;13;EXTRACT;0;
101.4996;15;-42.52899;-30.37693;3;12;EXTRACT;0;
103.4998;15;-42.52899;-30.37693;3;11;EXTRACT;0;
105.4998;15;-42.52899;-30.37693;3;10;EXTRACT;0;
107.4999;15;-42.52899;-30.37693;3;9;EXTRACT;0;
109.5;15;-42.52899;-30.37693;3;8;EXTRACT;0;
111.5;15;-42.52899;-30.37693;3;7;EXTRACT;0;
113.5;15;-42.52899;-30.37693;3;6;EXTRACT;0;
115.5001;15;-42.52899;-30.37693;3;5;EXTRACT;0;
117.5002;15;-42.52899;-30.37693;3;4;EXTRACT;0;
119.5002;15;-42.52899;-30.37693;3;3;EXTRACT;0;
121.5004;15;-42.52899;-30.37693;3;2;EXTRACT;0;
123.5004;15;-42.52899;-30.37693;3;1;EXTRACT;0;
125.5005;15;-42.52899;-30.37693;3;0;EXTRACT;0;
125.5005;15;-42.52899;-30.37693;3;0;DESTROYED;;
125.5338;18;-0.1123581;42.97462;3;48;CREATED;;
216.08;13;-18.93274;-43.35699;3;48;DISCOVER;0;
219.0702;13;-18.93274;-43.35699;3;47;EXTRACT;0;
221.0702;13;-18.93274;-43.35699;3;46;EXTRACT;0;
223.0702;13;-18.93274;-43.35699;3;45;EXTRACT;0;
225.0703;13;-18.93274;-43.35699;3;44;EXTRACT;0;
227.0703;13;-18.93274;-43.35699;3;43;EXTRACT;0;
229.0704;13;-18.93274;-43.35699;3;42;EXTRACT;0;
231.0706;13;-18.93274;-43.35699;3;41;EXTRACT;0;
233.0706;13;-18.93274;-43.35699;3;40;EXTRACT;0;
235.0706;13;-18.93274;-43.35699;3;39;EXTRACT;0;
237.0707;13;-18.93274;-43.35699;3;38;EXTRACT;0;
239.0708;13;-18.93274;-43.35699;3;37;EXTRACT;0;
241.0709;13;-18.93274;-43.35699;3;36;EXTRACT;0;
243.0709;13;-18.93274;-43.35699;3;35;EXTRACT;0;
245.071;13;-18.93274;-43.35699;3;34;EXTRACT;0;
247.071;13;-18.93274;-43.35699;3;33;EXTRACT;0;
249.0712;13;-18.93274;-43.35699;3;32;EXTRACT;0;
251.0712;13;-18.93274;-43.35699;3;31;EXTRACT;0;
253.0712;13;-18.93274;-43.35699;3;30;EXTRACT;0;
255.0713;13;-18.93274;-43.35699;3;29;EXTRACT;0;
257.0713;13;-18.93274;-43.35699;3;28;EXTRACT;0;
259.0714;13;-18.93274;-43.35699;3;27;EXTRACT;0;
261.0715;13;-18.93274;-43.35699;3;26;EXTRACT;0;
263.0715;13;-18.93274;-43.35699;3;25;EXTRACT;0;
265.0715;13;-18.93274;-43.35699;3;24;EXTRACT;0;
267.0717;13;-18.93274;-43.35699;3;23;EXTRACT;0;
269.0718;13;-18.93274;-43.35699;3;22;EXTRACT;0;
271.0718;13;-18.93274;-43.35699;3;21;EXTRACT;0;
273.0719;13;-18.93274;-43.35699;3;20;EXTRACT;0;
275.0719;13;-18.93274;-43.35699;3;19;EXTRACT;0;
277.072;13;-18.93274;-43.35699;3;18;EXTRACT;0;
279.072;13;-18.93274;-43.35699;3;17;EXTRACT;0;
281.0721;13;-18.93274;-43.35699;3;16;EXTRACT;0;
283.0721;13;-18.93274;-43.35699;3;15;EXTRACT;0;
285.0723;13;-18.93274;-43.35699;3;14;EXTRACT;0;
287.0724;13;-18.93274;-43.35699;3;13;EXTRACT;0;
289.0724;13;-18.93274;-43.35699;3;12;EXTRACT;0;
291.0725;13;-18.93274;-43.35699;3;11;EXTRACT;0;
293.0725;13;-18.93274;-43.35699;3;10;EXTRACT;0;
295.0725;13;-18.93274;-43.35699;3;9;EXTRACT;0;
297.0726;13;-18.93274;-43.35699;3;8;EXTRACT;0;
299.0728;13;-18.93274;-43.35699;3;7;EXTRACT;0;
301.0728;13;-18.93274;-43.35699;3;6;EXTRACT;0;
303.0728;13;-18.93274;-43.35699;3;5;EXTRACT;0;
305.0729;13;-18.93274;-43.35699;3;4;EXTRACT;0;
307.073;13;-18.93274;-43.35699;3;3;EXTRACT;0;
309.073;13;-18.93274;-43.35699;3;2;EXTRACT;0;
311.0897;13;-18.93274;-43.35699;3;1;EXTRACT;0;
313.0898;13;-18.93274;-43.35699;3;0;EXTRACT;0;
313.0898;13;-18.93274;-43.35699;3;0;DESTROYED;;
313.1398;19;28.11877;19.9116;3;48;CREATED;;
456.08;18;-0.1123581;42.97462;3;48;DISCOVER;0;
459.9945;18;-0.1123581;42.97462;3;47;EXTRACT;0;
461.9946;18;-0.1123581;42.97462;3;46;EXTRACT;0;
463.9948;18;-0.1123581;42.97462;3;45;EXTRACT;0;
465.9948;18;-0.1123581;42.97462;3;44;EXTRACT;0;
467.9948;18;-0.1123581;42.97462;3;43;EXTRACT;0;
469.9949;18;-0.1123581;42.97462;3;42;EXTRACT;0;
471.9949;18;-0.1123581;42.97462;3;41;EXTRACT;0;
473.995;18;-0.1123581;42.97462;3;40;EXTRACT;0;
475.9951;18;-0.1123581;42.97462;3;39;EXTRACT;0;
477.9951;18;-0.1123581;42.97462;3;38;EXTRACT;0;
479.9951;18;-0.1123581;42.97462;3;37;EXTRACT;0;
481.9952;18;-0.1123581;42.97462;3;36;EXTRACT;0;
483.9954;18;-0.1123581;42.97462;3;35;EXTRACT;0;
485.9954;18;-0.1123581;42.97462;3;34;EXTRACT;0;
487.9955;18;-0.1123581;42.97462;3;33;EXTRACT;0;
489.9955;18;-0.1123581;42.97462;3;32;EXTRACT;0;
491.9956;18;-0.1123581;42.97462;3;31;EXTRACT;0;
493.9956;18;-0.1123581;42.97462;3;30;EXTRACT;0;
495.9957;18;-0.1123581;42.97462;3;29;EXTRACT;0;
497.9957;18;-0.1123581;42.97462;3;28;EXTRACT;0;
499.9958;18;-0.1123581;42.97462;3;27;EXTRACT;0;
501.9958;18;-0.1123581;42.97462;3;26;EXTRACT;0;
503.996;18;-0.1123581;42.97462;3;25;EXTRACT;0;
505.996;18;-0.1123581;42.97462;3;24;EXTRACT;0;
507.9961;18;-0.1123581;42.97462;3;23;EXTRACT;0;
509.9962;18;-0.1123581;42.97462;3;22;EXTRACT;0;
511.9962;18;-0.1123581;42.97462;3;21;EXTRACT;0;
513.9963;18;-0.1123581;42.97462;3;20;EXTRACT;0;
515.9963;18;-0.1123581;42.97462;3;19;EXTRACT;0;
517.9965;18;-0.1123581;42.97462;3;18;EXTRACT;0;
519.9965;18;-0.1123581;42.97462;3;17;EXTRACT;0;
521.9966;18;-0.1123581;42.97462;3;16;EXTRACT;0;
523.9966;18;-0.1123581;42.97462;3;15;EXTRACT;0;
525.9967;18;-0.1123581;42.97462;3;14;EXTRACT;0;
527.9967;18;-0.1123581;42.97462;3;13;EXTRACT;0;
529.9968;18;-0.1123581;42.97462;3;12;EXTRACT;0;
531.9968;18;-0.1123581;42.97462;3;11;EXTRACT;0;
533.9969;18;-0.1123581;42.97462;3;10;EXTRACT;0;
535.9971;18;-0.1123581;42.97462;3;9;EXTRACT;0;
537.9971;18;-0.1123581;42.97462;3;8;EXTRACT;0;
539.9972;18;-0.1123581;42.97462;3;7;EXTRACT;0;
541.9972;18;-0.1123581;42.97462;3;6;EXTRACT;0;
543.9973;18;-0.1123581;42.97462;3;5;EXTRACT;0;
545.9973;18;-0.1123581;42.97462;3;4;EXTRACT;0;
547.9973;18;-0.1123581;42.97462;3;3;EXTRACT;0;
549.9974;18;-0.1123581;42.97462;3;2;EXTRACT;0;
551.9974;18;-0.1123581;42.97462;3;1;EXTRACT;0;
553.9976;18;-0.1123581;42.97462;3;0;EXTRACT;0;
553.9976;18;-0.1123581;42.97462;3;0;DESTROYED;;
554.0143;20;-28.03356;-7.204525;3;48;CREATED;;
576.7999;16;39.91631;41.85569;3;48;DISCOVER;0;
579.8484;16;39.91631;41.85569;3;47;EXTRACT;0;
581.8485;16;39.91631;41.85569;3;46;EXTRACT;0;
583.8485;16;39.91631;41.85569;3;45;EXTRACT;0;
585.8486;16;39.91631;41.85569;3;44;EXTRACT;0;
587.8486;16;39.91631;41.85569;3;43;EXTRACT;0;
589.8488;16;39.91631;41.85569;3;42;EXTRACT;0;
591.8489;16;39.91631;41.85569;3;41;EXTRACT;0;
593.8489;16;39.91631;41.85569;3;40;EXTRACT;0;
595.8489;16;39.91631;41.85569;3;39;EXTRACT;0;
597.849;16;39.91631;41.85569;3;38;EXTRACT;0;
599.8491;16;39.91631;41.85569;3;37;EXTRACT;0;
601.8491;16;39.91631;41.85569;3;36;EXTRACT;0;
603.8492;16;39.91631;41.85569;3;35;EXTRACT;0;
605.8492;16;39.91631;41.85569;3;34;EXTRACT;0;
607.8492;16;39.91631;41.85569;3;33;EXTRACT;0;
609.8494;16;39.91631;41.85569;3;32;EXTRACT;0;
611.8495;16;39.91631;41.85569;3;31;EXTRACT;0;
613.8495;16;39.91631;41.85569;3;30;EXTRACT;0;
615.8496;16;39.91631;41.85569;3;29;EXTRACT;0;
617.8496;16;39.91631;41.85569;3;28;EXTRACT;0;
619.8497;16;39.91631;41.85569;3;27;EXTRACT;0;
621.8499;16;39.91631;41.85569;3;26;EXTRACT;0;
623.8665;16;39.91631;41.85569;3;25;EXTRACT;0;
625.8666;16;39.91631;41.85569;3;24;EXTRACT;0;
627.8666;16;39.91631;41.85569;3;23;EXTRACT;0;
629.8667;16;39.91631;41.85569;3;22;EXTRACT;0;
631.8667;16;39.91631;41.85569;3;21;EXTRACT;0;
633.8668;16;39.91631;41.85569;3;20;EXTRACT;0;
635.8668;16;39.91631;41.85569;3;19;EXTRACT;0;
637.8669;16;39.91631;41.85569;3;18;EXTRACT;0;
639.8671;16;39.91631;41.85569;3;17;EXTRACT;0;
641.8671;16;39.91631;41.85569;3;16;EXTRACT;0;
643.8672;16;39.91631;41.85569;3;15;EXTRACT;0;
645.8672;16;39.91631;41.85569;3;14;EXTRACT;0;
647.8673;16;39.91631;41.85569;3;13;EXTRACT;0;
649.8673;16;39.91631;41.85569;3;12;EXTRACT;0;
651.8674;16;39.91631;41.85569;3;11;EXTRACT;0;
653.8674;16;39.91631;41.85569;3;10;EXTRACT;0;
655.8676;16;39.91631;41.85569;3;9;EXTRACT;0;
657.8676;16;39.91631;41.85569;3;8;EXTRACT;0;
659.8677;16;39.91631;41.85569;3;7;EXTRACT;0;
661.8677;16;39.91631;41.85569;3;6;EXTRACT;0;
663.8678;16;39.91631;41.85569;3;5;EXTRACT;0;
665.8678;16;39.91631;41.85569;3;4;EXTRACT;0;
667.8679;16;39.91631;41.85569;3;3;EXTRACT;0;
669.868;16;39.91631;41.85569;3;2;EXTRACT;0;
671.868;16;39.91631;41.85569;3;1;EXTRACT;0;
673.8682;16;39.91631;41.85569;3;0;EXTRACT;0;
673.8682;16;39.91631;41.85569;3;0;DESTROYED;;
673.9015;21;36.0332;-16.66628;3;48;CREATED;;
