Time;PatchID;PositionX;PositionZ;Radius;CoinAmount;PatchEvent;TriggerPlayer;
0;67;31.9901;-9.981709;3;48;CREATED;;
0;68;-32.01804;33.36551;3;48;CREATED;;
0;69;-16.53893;0.2196579;3;48;CREATED;;
0;70;-24.10742;-40.39772;3;48;CREATED;;
0;71;2.790211;-7.501209;3;48;CREATED;;
43.16016;67;31.9901;-9.981709;3;48;DISCOVER;0;
47.03052;67;31.9901;-9.981709;3;47;EXTRACT;0;
49.03076;67;31.9901;-9.981709;3;46;EXTRACT;0;
51.03076;67;31.9901;-9.981709;3;45;EXTRACT;0;
53.04761;67;31.9901;-9.981709;3;44;EXTRACT;0;
55.04761;67;31.9901;-9.981709;3;43;EXTRACT;0;
57.04761;67;31.9901;-9.981709;3;42;EXTRACT;0;
59.04761;67;31.9901;-9.981709;3;41;EXTRACT;0;
61.04785;67;31.9901;-9.981709;3;40;EXTRACT;0;
63.04785;67;31.9901;-9.981709;3;39;EXTRACT;0;
65.04785;67;31.9901;-9.981709;3;38;EXTRACT;0;
67.04785;67;31.9901;-9.981709;3;37;EXTRACT;0;
69.0481;67;31.9901;-9.981709;3;36;EXTRACT;0;
71.0481;67;31.9901;-9.981709;3;35;EXTRACT;0;
73.0481;67;31.9901;-9.981709;3;34;EXTRACT;0;
75.0481;67;31.9901;-9.981709;3;33;EXTRACT;0;
77.04834;67;31.9901;-9.981709;3;32;EXTRACT;0;
79.04834;67;31.9901;-9.981709;3;31;EXTRACT;0;
81.04834;67;31.9901;-9.981709;3;30;EXTRACT;0;
83.04858;67;31.9901;-9.981709;3;29;EXTRACT;0;
85.04858;67;31.9901;-9.981709;3;28;EXTRACT;0;
87.04858;67;31.9901;-9.981709;3;27;EXTRACT;0;
89.04858;67;31.9901;-9.981709;3;26;EXTRACT;0;
91.04883;67;31.9901;-9.981709;3;25;EXTRACT;0;
93.04883;67;31.9901;-9.981709;3;24;EXTRACT;0;
95.04883;67;31.9901;-9.981709;3;23;EXTRACT;0;
97.04883;67;31.9901;-9.981709;3;22;EXTRACT;0;
99.04907;67;31.9901;-9.981709;3;21;EXTRACT;0;
101.0657;67;31.9901;-9.981709;3;20;EXTRACT;0;
103.0657;67;31.9901;-9.981709;3;19;EXTRACT;0;
105.0659;67;31.9901;-9.981709;3;18;EXTRACT;0;
107.0659;67;31.9901;-9.981709;3;17;EXTRACT;0;
109.0659;67;31.9901;-9.981709;3;16;EXTRACT;0;
111.0662;67;31.9901;-9.981709;3;15;EXTRACT;0;
113.0662;67;31.9901;-9.981709;3;14;EXTRACT;0;
115.0662;67;31.9901;-9.981709;3;13;EXTRACT;0;
117.0662;67;31.9901;-9.981709;3;12;EXTRACT;0;
119.0664;67;31.9901;-9.981709;3;11;EXTRACT;0;
121.0664;67;31.9901;-9.981709;3;10;EXTRACT;0;
123.0664;67;31.9901;-9.981709;3;9;EXTRACT;0;
125.0664;67;31.9901;-9.981709;3;8;EXTRACT;0;
127.0667;67;31.9901;-9.981709;3;7;EXTRACT;0;
129.0667;67;31.9901;-9.981709;3;6;EXTRACT;0;
131.0667;67;31.9901;-9.981709;3;5;EXTRACT;0;
133.0667;67;31.9901;-9.981709;3;4;EXTRACT;0;
135.0669;67;31.9901;-9.981709;3;3;EXTRACT;0;
137.0669;67;31.9901;-9.981709;3;2;EXTRACT;0;
139.0835;67;31.9901;-9.981709;3;1;EXTRACT;0;
141.0837;67;31.9901;-9.981709;3;0;EXTRACT;0;
141.0837;67;31.9901;-9.981709;3;0;DESTROYED;;
141.1003;72;23.20805;7.851452;3;48;CREATED;;
188.8;72;23.20805;7.851452;3;48;DISCOVER;0;
192.2854;72;23.20805;7.851452;3;47;EXTRACT;0;
194.2854;72;23.20805;7.851452;3;46;EXTRACT;0;
196.2854;72;23.20805;7.851452;3;45;EXTRACT;0;
198.2854;72;23.20805;7.851452;3;44;EXTRACT;0;
200.2856;72;23.20805;7.851452;3;43;EXTRACT;0;
202.2856;72;23.20805;7.851452;3;42;EXTRACT;0;
204.2856;72;23.20805;7.851452;3;41;EXTRACT;0;
206.2859;72;23.20805;7.851452;3;40;EXTRACT;0;
208.2859;72;23.20805;7.851452;3;39;EXTRACT;0;
210.2859;72;23.20805;7.851452;3;38;EXTRACT;0;
212.2859;72;23.20805;7.851452;3;37;EXTRACT;0;
214.2861;72;23.20805;7.851452;3;36;EXTRACT;0;
216.2861;72;23.20805;7.851452;3;35;EXTRACT;0;
218.2861;72;23.20805;7.851452;3;34;EXTRACT;0;
220.2861;72;23.20805;7.851452;3;33;EXTRACT;0;
222.2864;72;23.20805;7.851452;3;32;EXTRACT;0;
224.2864;72;23.20805;7.851452;3;31;EXTRACT;0;
226.2864;72;23.20805;7.851452;3;30;EXTRACT;0;
228.2864;72;23.20805;7.851452;3;29;EXTRACT;0;
230.2866;72;23.20805;7.851452;3;28;EXTRACT;0;
232.2866;72;23.20805;7.851452;3;27;EXTRACT;0;
234.2866;72;23.20805;7.851452;3;26;EXTRACT;0;
236.2869;72;23.20805;7.851452;3;25;EXTRACT;0;
238.2869;72;23.20805;7.851452;3;24;EXTRACT;0;
240.2869;72;23.20805;7.851452;3;23;EXTRACT;0;
242.2869;72;23.20805;7.851452;3;22;EXTRACT;0;
244.2871;72;23.20805;7.851452;3;21;EXTRACT;0;
246.2871;72;23.20805;7.851452;3;20;EXTRACT;0;
248.2871;72;23.20805;7.851452;3;19;EXTRACT;0;
250.2871;72;23.20805;7.851452;3;18;EXTRACT;0;
252.2871;72;23.20805;7.851452;3;17;EXTRACT;0;
254.2874;72;23.20805;7.851452;3;16;EXTRACT;0;
256.2874;72;23.20805;7.851452;3;15;EXTRACT;0;
258.2874;72;23.20805;7.851452;3;14;EXTRACT;0;
260.2876;72;23.20805;7.851452;3;13;EXTRACT;0;
262.2876;72;23.20805;7.851452;3;12;EXTRACT;0;
264.2876;72;23.20805;7.851452;3;11;EXTRACT;0;
266.2876;72;23.20805;7.851452;3;10;EXTRACT;0;
268.2878;72;23.20805;7.851452;3;9;EXTRACT;0;
270.2878;72;23.20805;7.851452;3;8;EXTRACT;0;
272.2878;72;23.20805;7.851452;3;7;EXTRACT;0;
274.2878;72;23.20805;7.851452;3;6;EXTRACT;0;
276.2881;72;23.20805;7.851452;3;5;EXTRACT;0;
278.2881;72;23.20805;7.851452;3;4;EXTRACT;0;
280.2881;72;23.20805;7.851452;3;3;EXTRACT;0;
282.2881;72;23.20805;7.851452;3;2;EXTRACT;0;
284.2883;72;23.20805;7.851452;3;1;EXTRACT;0;
286.2883;72;23.20805;7.851452;3;0;EXTRACT;0;
286.2883;72;23.20805;7.851452;3;0;DESTROYED;;
286.3049;73;-10.5401;14.39663;3;48;CREATED;;
474.04;71;2.790211;-7.501209;3;48;DISCOVER;0;
477.9778;71;2.790211;-7.501209;3;47;EXTRACT;0;
479.9778;71;2.790211;-7.501209;3;46;EXTRACT;0;
481.9778;71;2.790211;-7.501209;3;45;EXTRACT;0;
483.978;71;2.790211;-7.501209;3;44;EXTRACT;0;
485.978;71;2.790211;-7.501209;3;43;EXTRACT;0;
487.978;71;2.790211;-7.501209;3;42;EXTRACT;0;
489.9783;71;2.790211;-7.501209;3;41;EXTRACT;0;
491.9783;71;2.790211;-7.501209;3;40;EXTRACT;0;
493.9783;71;2.790211;-7.501209;3;39;EXTRACT;0;
495.9783;71;2.790211;-7.501209;3;38;EXTRACT;0;
497.9785;71;2.790211;-7.501209;3;37;EXTRACT;0;
499.9785;71;2.790211;-7.501209;3;36;EXTRACT;0;
501.9785;71;2.790211;-7.501209;3;35;EXTRACT;0;
503.9788;71;2.790211;-7.501209;3;34;EXTRACT;0;
505.9788;71;2.790211;-7.501209;3;33;EXTRACT;0;
507.9788;71;2.790211;-7.501209;3;32;EXTRACT;0;
509.9788;71;2.790211;-7.501209;3;31;EXTRACT;0;
511.9788;71;2.790211;-7.501209;3;30;EXTRACT;0;
513.979;71;2.790211;-7.501209;3;29;EXTRACT;0;
515.979;71;2.790211;-7.501209;3;28;EXTRACT;0;
517.979;71;2.790211;-7.501209;3;27;EXTRACT;0;
519.9792;71;2.790211;-7.501209;3;26;EXTRACT;0;
521.9792;71;2.790211;-7.501209;3;25;EXTRACT;0;
523.9792;71;2.790211;-7.501209;3;24;EXTRACT;0;
525.9792;71;2.790211;-7.501209;3;23;EXTRACT;0;
527.9795;71;2.790211;-7.501209;3;22;EXTRACT;0;
529.9795;71;2.790211;-7.501209;3;21;EXTRACT;0;
531.9795;71;2.790211;-7.501209;3;20;EXTRACT;0;
533.9795;71;2.790211;-7.501209;3;19;EXTRACT;0;
535.9797;71;2.790211;-7.501209;3;18;EXTRACT;0;
537.9797;71;2.790211;-7.501209;3;17;EXTRACT;0;
539.9797;71;2.790211;-7.501209;3;16;EXTRACT;0;
541.9797;71;2.790211;-7.501209;3;15;EXTRACT;0;
543.98;71;2.790211;-7.501209;3;14;EXTRACT;0;
545.98;71;2.790211;-7.501209;3;13;EXTRACT;0;
547.98;71;2.790211;-7.501209;3;12;EXTRACT;0;
549.9802;71;2.790211;-7.501209;3;11;EXTRACT;0;
551.9802;71;2.790211;-7.501209;3;10;EXTRACT;0;
553.9802;71;2.790211;-7.501209;3;9;EXTRACT;0;
555.9802;71;2.790211;-7.501209;3;8;EXTRACT;0;
557.9805;71;2.790211;-7.501209;3;7;EXTRACT;0;
559.9805;71;2.790211;-7.501209;3;6;EXTRACT;0;
561.9805;71;2.790211;-7.501209;3;5;EXTRACT;0;
563.9805;71;2.790211;-7.501209;3;4;EXTRACT;0;
565.9807;71;2.790211;-7.501209;3;3;EXTRACT;0;
567.9807;71;2.790211;-7.501209;3;2;EXTRACT;0;
569.9807;71;2.790211;-7.501209;3;1;EXTRACT;0;
571.981;71;2.790211;-7.501209;3;0;EXTRACT;0;
571.981;71;2.790211;-7.501209;3;0;DESTROYED;;
572.0142;74;20.87909;5.168976;3;48;CREATED;;
602.5601;70;-24.10742;-40.39772;3;48;DISCOVER;0;
606.7654;70;-24.10742;-40.39772;3;47;EXTRACT;0;
608.7654;70;-24.10742;-40.39772;3;46;EXTRACT;0;
610.7654;70;-24.10742;-40.39772;3;45;EXTRACT;0;
612.7654;70;-24.10742;-40.39772;3;44;EXTRACT;0;
614.7656;70;-24.10742;-40.39772;3;43;EXTRACT;0;
616.7656;70;-24.10742;-40.39772;3;42;EXTRACT;0;
618.7656;70;-24.10742;-40.39772;3;41;EXTRACT;0;
620.7656;70;-24.10742;-40.39772;3;40;EXTRACT;0;
622.7659;70;-24.10742;-40.39772;3;39;EXTRACT;0;
624.7659;70;-24.10742;-40.39772;3;38;EXTRACT;0;
626.7659;70;-24.10742;-40.39772;3;37;EXTRACT;0;
628.7659;70;-24.10742;-40.39772;3;36;EXTRACT;0;
630.7661;70;-24.10742;-40.39772;3;35;EXTRACT;0;
632.7661;70;-24.10742;-40.39772;3;34;EXTRACT;0;
634.7661;70;-24.10742;-40.39772;3;33;EXTRACT;0;
636.7664;70;-24.10742;-40.39772;3;32;EXTRACT;0;
638.7664;70;-24.10742;-40.39772;3;31;EXTRACT;0;
640.7664;70;-24.10742;-40.39772;3;30;EXTRACT;0;
642.7664;70;-24.10742;-40.39772;3;29;EXTRACT;0;
644.7666;70;-24.10742;-40.39772;3;28;EXTRACT;0;
646.7666;70;-24.10742;-40.39772;3;27;EXTRACT;0;
648.7666;70;-24.10742;-40.39772;3;26;EXTRACT;0;
650.7666;70;-24.10742;-40.39772;3;25;EXTRACT;0;
652.7668;70;-24.10742;-40.39772;3;24;EXTRACT;0;
654.7668;70;-24.10742;-40.39772;3;23;EXTRACT;0;
656.7668;70;-24.10742;-40.39772;3;22;EXTRACT;0;
658.7671;70;-24.10742;-40.39772;3;21;EXTRACT;0;
660.7671;70;-24.10742;-40.39772;3;20;EXTRACT;0;
662.7671;70;-24.10742;-40.39772;3;19;EXTRACT;0;
664.7671;70;-24.10742;-40.39772;3;18;EXTRACT;0;
666.7671;70;-24.10742;-40.39772;3;17;EXTRACT;0;
668.7673;70;-24.10742;-40.39772;3;16;EXTRACT;0;
670.7673;70;-24.10742;-40.39772;3;15;EXTRACT;0;
672.7673;70;-24.10742;-40.39772;3;14;EXTRACT;0;
674.7676;70;-24.10742;-40.39772;3;13;EXTRACT;0;
676.7676;70;-24.10742;-40.39772;3;12;EXTRACT;0;
678.7676;70;-24.10742;-40.39772;3;11;EXTRACT;0;
680.7676;70;-24.10742;-40.39772;3;10;EXTRACT;0;
682.7678;70;-24.10742;-40.39772;3;9;EXTRACT;0;
684.7678;70;-24.10742;-40.39772;3;8;EXTRACT;0;
686.7678;70;-24.10742;-40.39772;3;7;EXTRACT;0;
688.7678;70;-24.10742;-40.39772;3;6;EXTRACT;0;
690.7681;70;-24.10742;-40.39772;3;5;EXTRACT;0;
692.7681;70;-24.10742;-40.39772;3;4;EXTRACT;0;
694.7681;70;-24.10742;-40.39772;3;3;EXTRACT;0;
696.7681;70;-24.10742;-40.39772;3;2;EXTRACT;0;
698.7683;70;-24.10742;-40.39772;3;1;EXTRACT;0;
700.7683;70;-24.10742;-40.39772;3;0;EXTRACT;0;
700.7683;70;-24.10742;-40.39772;3;0;DESTROYED;;
700.7849;75;-4.980824;26.81232;3;48;CREATED;;
