Time;PatchID;PositionX;PositionZ;Radius;CoinAmount;PatchEvent;TriggerPlayer;
0;552;-5.140629;22.9597;3;16;CREATED;;
0;553;3.767296;-18.04785;3;16;CREATED;;
0;554;12.35658;39.79909;3;16;CREATED;;
0;555;0.2043915;-32.16544;3;16;CREATED;;
0;556;36.65358;3.277912;3;16;CREATED;;
0;557;-15.37267;-43.87268;3;16;CREATED;;
0;558;11.98792;31.41493;3;16;CREATED;;
0;559;29.84917;22.64774;3;16;CREATED;;
0;560;-18.45642;-38.02116;3;16;CREATED;;
0;561;20.82526;-4.089375;3;16;CREATED;;
0;562;29.21416;-0.5064163;3;16;CREATED;;
0;563;-14.3604;3.689278;3;16;CREATED;;
0;564;-19.30329;-28.25708;3;16;CREATED;;
0;565;19.5367;-38.84937;3;16;CREATED;;
0;566;-19.53616;38.59173;3;16;CREATED;;
29.8125;566;-19.53616;38.59173;3;16;DISCOVER;1;
32.8125;566;-19.53616;38.59173;3;15;EXTRACT;1;
34.82813;566;-19.53616;38.59173;3;14;EXTRACT;1;
36.82813;566;-19.53616;38.59173;3;13;EXTRACT;1;
38.84375;566;-19.53616;38.59173;3;12;EXTRACT;1;
40.84375;566;-19.53616;38.59173;3;11;EXTRACT;1;
42.84375;566;-19.53616;38.59173;3;10;EXTRACT;1;
44.375;561;20.82526;-4.089375;3;16;DISCOVER;2;
44.85938;566;-19.53616;38.59173;3;9;EXTRACT;1;
46.85938;566;-19.53616;38.59173;3;8;EXTRACT;1;
48.23438;561;20.82526;-4.089375;3;15;EXTRACT;2;
48.82813;566;-19.53616;38.59173;3;7;EXTRACT;1;
50.23438;561;20.82526;-4.089375;3;14;EXTRACT;2;
50.84375;566;-19.53616;38.59173;3;6;EXTRACT;1;
52.25;561;20.82526;-4.089375;3;13;EXTRACT;2;
52.40625;566;-19.53616;38.59173;3;6;DISCOVER;0;
52.84375;566;-19.53616;38.59173;3;5;EXTRACT;1;
54.20313;561;20.82526;-4.089375;3;12;EXTRACT;2;
54.84375;566;-19.53616;38.59173;3;4;EXTRACT;1;
55.25;566;-19.53616;38.59173;3;3;EXTRACT;0;
56.21875;561;20.82526;-4.089375;3;11;EXTRACT;2;
56.85938;566;-19.53616;38.59173;3;2;EXTRACT;1;
57.21875;566;-19.53616;38.59173;3;1;EXTRACT;0;
58.21875;561;20.82526;-4.089375;3;10;EXTRACT;2;
58.85938;566;-19.53616;38.59173;3;0;EXTRACT;1;
58.82813;566;-19.53616;38.59173;3;0;DESTROYED;;
58.85938;567;39.26855;22.67126;3;16;CREATED;;
60.21875;561;20.82526;-4.089375;3;9;EXTRACT;2;
62.23438;561;20.82526;-4.089375;3;8;EXTRACT;2;
64.23438;561;20.82526;-4.089375;3;7;EXTRACT;2;
66.23438;561;20.82526;-4.089375;3;6;EXTRACT;2;
67.20313;552;-5.140629;22.9597;3;16;DISCOVER;3;
68.20313;561;20.82526;-4.089375;3;5;EXTRACT;2;
70.01563;552;-5.140629;22.9597;3;16;DISCOVER;0;
70.21875;561;20.82526;-4.089375;3;4;EXTRACT;2;
70.21875;552;-5.140629;22.9597;3;15;EXTRACT;3;
72.21875;561;20.82526;-4.089375;3;3;EXTRACT;2;
72.21875;552;-5.140629;22.9597;3;14;EXTRACT;3;
73.10938;552;-5.140629;22.9597;3;13;EXTRACT;0;
74.23438;561;20.82526;-4.089375;3;2;EXTRACT;2;
74.23438;552;-5.140629;22.9597;3;12;EXTRACT;3;
75.10938;552;-5.140629;22.9597;3;11;EXTRACT;0;
76.23438;561;20.82526;-4.089375;3;1;EXTRACT;2;
76.23438;552;-5.140629;22.9597;3;10;EXTRACT;3;
77.10938;552;-5.140629;22.9597;3;9;EXTRACT;0;
78.23438;561;20.82526;-4.089375;3;0;EXTRACT;2;
78.23438;552;-5.140629;22.9597;3;8;EXTRACT;3;
78.23438;561;20.82526;-4.089375;3;0;DESTROYED;;
78.23438;568;-29.69043;-14.54004;3;16;CREATED;;
79.125;552;-5.140629;22.9597;3;7;EXTRACT;0;
79.125;552;-5.140629;22.9597;3;7;DISCOVER;1;
80.25;552;-5.140629;22.9597;3;6;EXTRACT;3;
81.125;552;-5.140629;22.9597;3;5;EXTRACT;0;
82.25;552;-5.140629;22.9597;3;4;EXTRACT;3;
82.28125;552;-5.140629;22.9597;3;3;EXTRACT;1;
83.09375;552;-5.140629;22.9597;3;2;EXTRACT;0;
84.20313;552;-5.140629;22.9597;3;1;EXTRACT;3;
84.28125;552;-5.140629;22.9597;3;0;EXTRACT;1;
84.28125;552;-5.140629;22.9597;3;0;DESTROYED;;
84.28125;569;-6.832344;-5.520699;3;16;CREATED;;
95.79688;558;11.98792;31.41493;3;16;DISCOVER;3;
98.60938;558;11.98792;31.41493;3;15;EXTRACT;3;
100.625;558;11.98792;31.41493;3;14;EXTRACT;3;
101.9844;558;11.98792;31.41493;3;14;DISCOVER;2;
102.625;558;11.98792;31.41493;3;13;EXTRACT;3;
102.8594;559;29.84917;22.64774;3;16;DISCOVER;0;
104.625;558;11.98792;31.41493;3;12;EXTRACT;3;
104.625;558;11.98792;31.41493;3;11;EXTRACT;2;
106.0781;559;29.84917;22.64774;3;15;EXTRACT;0;
106.5938;558;11.98792;31.41493;3;10;EXTRACT;3;
106.6406;558;11.98792;31.41493;3;9;EXTRACT;2;
107.1719;558;11.98792;31.41493;3;9;DISCOVER;1;
108.0938;559;29.84917;22.64774;3;14;EXTRACT;0;
108.6094;558;11.98792;31.41493;3;8;EXTRACT;3;
108.6094;558;11.98792;31.41493;3;7;EXTRACT;2;
110.0156;558;11.98792;31.41493;3;6;EXTRACT;1;
110.0938;559;29.84917;22.64774;3;13;EXTRACT;0;
110.6094;558;11.98792;31.41493;3;5;EXTRACT;3;
110.6094;558;11.98792;31.41493;3;4;EXTRACT;2;
112.0156;558;11.98792;31.41493;3;3;EXTRACT;1;
112.0938;559;29.84917;22.64774;3;12;EXTRACT;0;
112.625;558;11.98792;31.41493;3;2;EXTRACT;3;
112.625;558;11.98792;31.41493;3;1;EXTRACT;2;
114.0156;558;11.98792;31.41493;3;0;EXTRACT;1;
114;558;11.98792;31.41493;3;0;DESTROYED;;
114.0156;570;2.504299;-44.32618;3;16;CREATED;;
114.1094;559;29.84917;22.64774;3;11;EXTRACT;0;
115.9844;559;29.84917;22.64774;3;10;EXTRACT;0;
117.8281;559;29.84917;22.64774;3;9;EXTRACT;0;
119.8281;559;29.84917;22.64774;3;8;EXTRACT;0;
121.8281;559;29.84917;22.64774;3;7;EXTRACT;0;
123.8281;559;29.84917;22.64774;3;6;EXTRACT;0;
125.5469;559;29.84917;22.64774;3;6;DISCOVER;1;
125.75;559;29.84917;22.64774;3;6;DISCOVER;3;
125.8438;559;29.84917;22.64774;3;5;EXTRACT;0;
127.8281;559;29.84917;22.64774;3;4;EXTRACT;0;
128.3438;559;29.84917;22.64774;3;3;EXTRACT;3;
128.7031;559;29.84917;22.64774;3;2;EXTRACT;1;
129.8281;559;29.84917;22.64774;3;1;EXTRACT;0;
130.3594;559;29.84917;22.64774;3;0;EXTRACT;3;
130.3125;559;29.84917;22.64774;3;0;DESTROYED;;
130.3594;571;15.49702;23.23753;3;16;CREATED;;
154.3906;556;36.65358;3.277912;3;16;DISCOVER;1;
157.4063;556;36.65358;3.277912;3;15;EXTRACT;1;
159.4063;556;36.65358;3.277912;3;14;EXTRACT;1;
161.4063;556;36.65358;3.277912;3;13;EXTRACT;1;
163.4219;556;36.65358;3.277912;3;12;EXTRACT;1;
165.4219;556;36.65358;3.277912;3;11;EXTRACT;1;
167.4219;556;36.65358;3.277912;3;10;EXTRACT;1;
169.3906;556;36.65358;3.277912;3;9;EXTRACT;1;
170.7969;556;36.65358;3.277912;3;9;DISCOVER;3;
171.4063;556;36.65358;3.277912;3;8;EXTRACT;1;
173.4063;556;36.65358;3.277912;3;7;EXTRACT;1;
173.4844;556;36.65358;3.277912;3;6;EXTRACT;3;
175.4063;556;36.65358;3.277912;3;5;EXTRACT;1;
175.5;556;36.65358;3.277912;3;4;EXTRACT;3;
177.4219;556;36.65358;3.277912;3;3;EXTRACT;1;
177.5;556;36.65358;3.277912;3;2;EXTRACT;3;
177.6563;564;-19.30329;-28.25708;3;16;DISCOVER;0;
179.4219;556;36.65358;3.277912;3;1;EXTRACT;1;
179.5;556;36.65358;3.277912;3;0;EXTRACT;3;
179.4688;556;36.65358;3.277912;3;0;DESTROYED;;
179.5;572;3.450787;-4.563396;3;16;CREATED;;
181.1094;564;-19.30329;-28.25708;3;15;EXTRACT;0;
183.1094;564;-19.30329;-28.25708;3;14;EXTRACT;0;
185.125;564;-19.30329;-28.25708;3;13;EXTRACT;0;
185.1563;562;29.21416;-0.5064163;3;16;DISCOVER;3;
187.125;564;-19.30329;-28.25708;3;12;EXTRACT;0;
187.1563;564;-19.30329;-28.25708;3;12;DISCOVER;2;
188.2031;562;29.21416;-0.5064163;3;15;EXTRACT;3;
189.125;564;-19.30329;-28.25708;3;11;EXTRACT;0;
189.8438;564;-19.30329;-28.25708;3;10;EXTRACT;2;
190.2031;562;29.21416;-0.5064163;3;14;EXTRACT;3;
191.125;564;-19.30329;-28.25708;3;9;EXTRACT;0;
191.8594;564;-19.30329;-28.25708;3;8;EXTRACT;2;
192.2188;562;29.21416;-0.5064163;3;13;EXTRACT;3;
193.1406;564;-19.30329;-28.25708;3;7;EXTRACT;0;
193.8594;564;-19.30329;-28.25708;3;6;EXTRACT;2;
194.2188;562;29.21416;-0.5064163;3;12;EXTRACT;3;
195.0938;564;-19.30329;-28.25708;3;5;EXTRACT;0;
195.8594;564;-19.30329;-28.25708;3;4;EXTRACT;2;
196.2188;562;29.21416;-0.5064163;3;11;EXTRACT;3;
197.1094;564;-19.30329;-28.25708;3;3;EXTRACT;0;
197.8594;564;-19.30329;-28.25708;3;2;EXTRACT;2;
198.2344;562;29.21416;-0.5064163;3;10;EXTRACT;3;
199.1094;564;-19.30329;-28.25708;3;1;EXTRACT;0;
199.875;564;-19.30329;-28.25708;3;0;EXTRACT;2;
199.8281;564;-19.30329;-28.25708;3;0;DESTROYED;;
199.875;573;-14.90961;11.88665;3;16;CREATED;;
200.1875;562;29.21416;-0.5064163;3;9;EXTRACT;3;
202.1875;562;29.21416;-0.5064163;3;8;EXTRACT;3;
204.2031;562;29.21416;-0.5064163;3;7;EXTRACT;3;
206.2031;562;29.21416;-0.5064163;3;6;EXTRACT;3;
208.2188;562;29.21416;-0.5064163;3;5;EXTRACT;3;
210.2188;562;29.21416;-0.5064163;3;4;EXTRACT;3;
212.2188;562;29.21416;-0.5064163;3;3;EXTRACT;3;
214.2344;562;29.21416;-0.5064163;3;2;EXTRACT;3;
214.9063;553;3.767296;-18.04785;3;16;DISCOVER;0;
216.1875;562;29.21416;-0.5064163;3;1;EXTRACT;3;
218.2031;562;29.21416;-0.5064163;3;0;EXTRACT;3;
218.2031;562;29.21416;-0.5064163;3;0;DESTROYED;;
218.2031;574;-23.10843;4.741627;3;16;CREATED;;
218.2813;553;3.767296;-18.04785;3;15;EXTRACT;0;
219.8438;570;2.504299;-44.32618;3;16;DISCOVER;2;
220.2813;553;3.767296;-18.04785;3;14;EXTRACT;0;
222.2813;553;3.767296;-18.04785;3;13;EXTRACT;0;
222.8906;570;2.504299;-44.32618;3;15;EXTRACT;2;
224.25;553;3.767296;-18.04785;3;12;EXTRACT;0;
224.8594;570;2.504299;-44.32618;3;14;EXTRACT;2;
226.2656;553;3.767296;-18.04785;3;11;EXTRACT;0;
226.8594;570;2.504299;-44.32618;3;13;EXTRACT;2;
228.2656;553;3.767296;-18.04785;3;10;EXTRACT;0;
228.8594;570;2.504299;-44.32618;3;12;EXTRACT;2;
230.2656;553;3.767296;-18.04785;3;9;EXTRACT;0;
230.875;570;2.504299;-44.32618;3;11;EXTRACT;2;
232.2656;553;3.767296;-18.04785;3;8;EXTRACT;0;
232.875;570;2.504299;-44.32618;3;10;EXTRACT;2;
234.2813;553;3.767296;-18.04785;3;7;EXTRACT;0;
234.8594;570;2.504299;-44.32618;3;9;EXTRACT;2;
236.2813;553;3.767296;-18.04785;3;6;EXTRACT;0;
236.875;570;2.504299;-44.32618;3;8;EXTRACT;2;
238;553;3.767296;-18.04785;3;6;DISCOVER;3;
238.0781;553;3.767296;-18.04785;3;6;DISCOVER;1;
238.2813;553;3.767296;-18.04785;3;5;EXTRACT;0;
238.8906;570;2.504299;-44.32618;3;7;EXTRACT;2;
240.25;553;3.767296;-18.04785;3;4;EXTRACT;0;
240.8906;570;2.504299;-44.32618;3;6;EXTRACT;2;
241.1719;553;3.767296;-18.04785;3;3;EXTRACT;3;
241.4063;553;3.767296;-18.04785;3;2;EXTRACT;1;
242.25;553;3.767296;-18.04785;3;1;EXTRACT;0;
242.8594;570;2.504299;-44.32618;3;5;EXTRACT;2;
243.1719;553;3.767296;-18.04785;3;0;EXTRACT;3;
243.1563;553;3.767296;-18.04785;3;0;DESTROYED;;
243.1719;575;6.696419;34.4034;3;16;CREATED;;
244.8594;570;2.504299;-44.32618;3;4;EXTRACT;2;
246.875;570;2.504299;-44.32618;3;3;EXTRACT;2;
248.875;570;2.504299;-44.32618;3;2;EXTRACT;2;
250.8906;570;2.504299;-44.32618;3;1;EXTRACT;2;
252.8906;570;2.504299;-44.32618;3;0;EXTRACT;2;
252.875;570;2.504299;-44.32618;3;0;DESTROYED;;
252.8906;576;-24.57861;34.40191;3;16;CREATED;;
253.0938;555;0.2043915;-32.16544;3;16;DISCOVER;1;
253.25;555;0.2043915;-32.16544;3;16;DISCOVER;3;
256.2969;555;0.2043915;-32.16544;3;15;EXTRACT;3;
257.4375;555;0.2043915;-32.16544;3;14;EXTRACT;1;
258.2813;555;0.2043915;-32.16544;3;13;EXTRACT;3;
259.4531;555;0.2043915;-32.16544;3;12;EXTRACT;1;
260.2969;555;0.2043915;-32.16544;3;11;EXTRACT;3;
261.4219;555;0.2043915;-32.16544;3;10;EXTRACT;1;
262.2969;555;0.2043915;-32.16544;3;9;EXTRACT;3;
263.4219;555;0.2043915;-32.16544;3;8;EXTRACT;1;
264.2656;555;0.2043915;-32.16544;3;7;EXTRACT;3;
265.4219;555;0.2043915;-32.16544;3;6;EXTRACT;1;
266.2656;555;0.2043915;-32.16544;3;5;EXTRACT;3;
267.4375;555;0.2043915;-32.16544;3;4;EXTRACT;1;
268.2813;555;0.2043915;-32.16544;3;3;EXTRACT;3;
269.4375;555;0.2043915;-32.16544;3;2;EXTRACT;1;
270.2813;555;0.2043915;-32.16544;3;1;EXTRACT;3;
270.4844;565;19.5367;-38.84937;3;16;DISCOVER;2;
271.4375;555;0.2043915;-32.16544;3;0;EXTRACT;1;
271.4375;555;0.2043915;-32.16544;3;0;DESTROYED;;
271.4375;577;11.35212;-37.62985;3;16;CREATED;;
273.6094;565;19.5367;-38.84937;3;15;EXTRACT;2;
275.5781;565;19.5367;-38.84937;3;14;EXTRACT;2;
277.5781;565;19.5367;-38.84937;3;13;EXTRACT;2;
279.5781;565;19.5367;-38.84937;3;12;EXTRACT;2;
281.5938;565;19.5367;-38.84937;3;11;EXTRACT;2;
283.5938;565;19.5367;-38.84937;3;10;EXTRACT;2;
285.5156;565;19.5367;-38.84937;3;10;DISCOVER;1;
285.5938;565;19.5367;-38.84937;3;9;EXTRACT;2;
287.6094;565;19.5367;-38.84937;3;8;EXTRACT;2;
288.25;565;19.5367;-38.84937;3;7;EXTRACT;1;
289.6094;565;19.5367;-38.84937;3;6;EXTRACT;2;
290.25;565;19.5367;-38.84937;3;5;EXTRACT;1;
291.6094;565;19.5367;-38.84937;3;4;EXTRACT;2;
292.2188;565;19.5367;-38.84937;3;3;EXTRACT;1;
293.5781;565;19.5367;-38.84937;3;2;EXTRACT;2;
294.2188;565;19.5367;-38.84937;3;1;EXTRACT;1;
295.5781;565;19.5367;-38.84937;3;0;EXTRACT;2;
295.5625;565;19.5367;-38.84937;3;0;DESTROYED;;
295.5781;578;-41.39626;24.33139;3;16;CREATED;;
324.8281;572;3.450787;-4.563396;3;16;DISCOVER;1;
327.8281;572;3.450787;-4.563396;3;15;EXTRACT;1;
329.8281;572;3.450787;-4.563396;3;14;EXTRACT;1;
331.8438;572;3.450787;-4.563396;3;13;EXTRACT;1;
333.8125;572;3.450787;-4.563396;3;12;EXTRACT;1;
335.8125;572;3.450787;-4.563396;3;11;EXTRACT;1;
337.8281;572;3.450787;-4.563396;3;10;EXTRACT;1;
339.8281;572;3.450787;-4.563396;3;9;EXTRACT;1;
340.1875;572;3.450787;-4.563396;3;9;DISCOVER;3;
341.8281;572;3.450787;-4.563396;3;8;EXTRACT;1;
343;572;3.450787;-4.563396;3;7;EXTRACT;3;
343.8438;572;3.450787;-4.563396;3;6;EXTRACT;1;
345;572;3.450787;-4.563396;3;5;EXTRACT;3;
345.8438;572;3.450787;-4.563396;3;4;EXTRACT;1;
347.0156;572;3.450787;-4.563396;3;3;EXTRACT;3;
347.8594;572;3.450787;-4.563396;3;2;EXTRACT;1;
349.0156;572;3.450787;-4.563396;3;1;EXTRACT;3;
349.8594;572;3.450787;-4.563396;3;0;EXTRACT;1;
349.8281;572;3.450787;-4.563396;3;0;DESTROYED;;
349.8594;579;-4.447418;20.85435;3;16;CREATED;;
367.6719;569;-6.832344;-5.520699;3;16;DISCOVER;0;
368.5469;563;-14.3604;3.689278;3;16;DISCOVER;3;
370.6719;569;-6.832344;-5.520699;3;15;EXTRACT;0;
371.625;563;-14.3604;3.689278;3;15;EXTRACT;3;
371.6719;567;39.26855;22.67126;3;16;DISCOVER;2;
372.6719;569;-6.832344;-5.520699;3;14;EXTRACT;0;
373.5938;563;-14.3604;3.689278;3;14;EXTRACT;3;
374.6875;569;-6.832344;-5.520699;3;13;EXTRACT;0;
374.9688;567;39.26855;22.67126;3;15;EXTRACT;2;
375.6094;563;-14.3604;3.689278;3;13;EXTRACT;3;
376.6875;569;-6.832344;-5.520699;3;12;EXTRACT;0;
376.9219;567;39.26855;22.67126;3;14;EXTRACT;2;
377.6094;563;-14.3604;3.689278;3;12;EXTRACT;3;
378.6875;569;-6.832344;-5.520699;3;11;EXTRACT;0;
378.9375;567;39.26855;22.67126;3;13;EXTRACT;2;
379.6094;563;-14.3604;3.689278;3;11;EXTRACT;3;
380.7031;569;-6.832344;-5.520699;3;10;EXTRACT;0;
380.9375;567;39.26855;22.67126;3;12;EXTRACT;2;
381.625;563;-14.3604;3.689278;3;10;EXTRACT;3;
382.7031;569;-6.832344;-5.520699;3;9;EXTRACT;0;
382.9375;567;39.26855;22.67126;3;11;EXTRACT;2;
383.4688;569;-6.832344;-5.520699;3;9;DISCOVER;1;
383.625;563;-14.3604;3.689278;3;9;EXTRACT;3;
384.7031;569;-6.832344;-5.520699;3;8;EXTRACT;0;
384.9531;567;39.26855;22.67126;3;10;EXTRACT;2;
385.625;563;-14.3604;3.689278;3;8;EXTRACT;3;
386.3906;569;-6.832344;-5.520699;3;7;EXTRACT;1;
386.7188;569;-6.832344;-5.520699;3;6;EXTRACT;0;
386.9531;567;39.26855;22.67126;3;9;EXTRACT;2;
387.6406;563;-14.3604;3.689278;3;7;EXTRACT;3;
388.3906;569;-6.832344;-5.520699;3;5;EXTRACT;1;
388.6719;569;-6.832344;-5.520699;3;4;EXTRACT;0;
388.9531;567;39.26855;22.67126;3;8;EXTRACT;2;
389.5938;563;-14.3604;3.689278;3;6;EXTRACT;3;
390.4063;569;-6.832344;-5.520699;3;3;EXTRACT;1;
390.6875;569;-6.832344;-5.520699;3;2;EXTRACT;0;
390.9688;567;39.26855;22.67126;3;7;EXTRACT;2;
391.6094;563;-14.3604;3.689278;3;5;EXTRACT;3;
392.4063;569;-6.832344;-5.520699;3;1;EXTRACT;1;
392.6875;569;-6.832344;-5.520699;3;0;EXTRACT;0;
392.6719;569;-6.832344;-5.520699;3;0;DESTROYED;;
392.6875;580;19.81299;-13.87625;3;16;CREATED;;
392.9688;567;39.26855;22.67126;3;6;EXTRACT;2;
393.6094;563;-14.3604;3.689278;3;4;EXTRACT;3;
394.9219;567;39.26855;22.67126;3;5;EXTRACT;2;
395.6094;563;-14.3604;3.689278;3;3;EXTRACT;3;
396.9375;567;39.26855;22.67126;3;4;EXTRACT;2;
397.6094;563;-14.3604;3.689278;3;2;EXTRACT;3;
398.9375;567;39.26855;22.67126;3;3;EXTRACT;2;
399.625;563;-14.3604;3.689278;3;1;EXTRACT;3;
399.7031;563;-14.3604;3.689278;3;1;DISCOVER;1;
400.9531;567;39.26855;22.67126;3;2;EXTRACT;2;
401.6406;563;-14.3604;3.689278;3;0;EXTRACT;3;
401.5938;563;-14.3604;3.689278;3;0;DESTROYED;;
401.6406;581;31.88596;-4.091415;3;16;CREATED;;
402.9531;567;39.26855;22.67126;3;1;EXTRACT;2;
404.9531;567;39.26855;22.67126;3;0;EXTRACT;2;
404.9531;567;39.26855;22.67126;3;0;DESTROYED;;
404.9531;582;38.66535;-3.56451;3;16;CREATED;;
406.3281;573;-14.90961;11.88665;3;16;DISCOVER;0;
407.9688;573;-14.90961;11.88665;3;16;DISCOVER;3;
409.125;573;-14.90961;11.88665;3;15;EXTRACT;0;
411.0156;573;-14.90961;11.88665;3;14;EXTRACT;3;
411.1406;573;-14.90961;11.88665;3;13;EXTRACT;0;
412.9844;573;-14.90961;11.88665;3;12;EXTRACT;3;
413.1406;573;-14.90961;11.88665;3;11;EXTRACT;0;
414.9688;573;-14.90961;11.88665;3;10;EXTRACT;3;
415.1406;573;-14.90961;11.88665;3;9;EXTRACT;0;
416.8906;573;-14.90961;11.88665;3;8;EXTRACT;0;
416.8906;573;-14.90961;11.88665;3;7;EXTRACT;3;
418.7188;573;-14.90961;11.88665;3;7;DISCOVER;1;
418.7188;573;-14.90961;11.88665;3;6;EXTRACT;3;
418.8906;573;-14.90961;11.88665;3;5;EXTRACT;0;
420.7344;573;-14.90961;11.88665;3;4;EXTRACT;3;
420.8906;573;-14.90961;11.88665;3;3;EXTRACT;0;
421.3594;573;-14.90961;11.88665;3;2;EXTRACT;1;
422.75;573;-14.90961;11.88665;3;1;EXTRACT;3;
422.875;573;-14.90961;11.88665;3;0;EXTRACT;0;
422.8281;573;-14.90961;11.88665;3;0;DESTROYED;;
422.875;583;-23.4918;15.3629;3;16;CREATED;;
430.6563;583;-23.4918;15.3629;3;16;DISCOVER;3;
433.5;583;-23.4918;15.3629;3;15;EXTRACT;3;
434.5313;583;-23.4918;15.3629;3;15;DISCOVER;0;
435.5;583;-23.4918;15.3629;3;14;EXTRACT;3;
437.4688;583;-23.4918;15.3629;3;13;EXTRACT;0;
437.5156;583;-23.4918;15.3629;3;12;EXTRACT;3;
439.4688;583;-23.4918;15.3629;3;11;EXTRACT;0;
439.4688;583;-23.4918;15.3629;3;10;EXTRACT;3;
441.3438;583;-23.4918;15.3629;3;9;EXTRACT;0;
441.3906;583;-23.4918;15.3629;3;8;EXTRACT;3;
442.3438;576;-24.57861;34.40191;3;16;DISCOVER;1;
443.2969;583;-23.4918;15.3629;3;7;EXTRACT;0;
443.2969;583;-23.4918;15.3629;3;6;EXTRACT;3;
445.2656;583;-23.4918;15.3629;3;5;EXTRACT;0;
445.3125;583;-23.4918;15.3629;3;4;EXTRACT;3;
445.5469;576;-24.57861;34.40191;3;15;EXTRACT;1;
445.7813;554;12.35658;39.79909;3;16;DISCOVER;2;
447.2813;583;-23.4918;15.3629;3;3;EXTRACT;0;
447.2813;583;-23.4918;15.3629;3;2;EXTRACT;3;
447.5156;576;-24.57861;34.40191;3;14;EXTRACT;1;
449.2813;583;-23.4918;15.3629;3;1;EXTRACT;0;
449.2813;583;-23.4918;15.3629;3;0;EXTRACT;3;
449.2813;583;-23.4918;15.3629;3;0;DESTROYED;;
449.2813;584;33.74072;-18.24576;3;16;CREATED;;
449.375;554;12.35658;39.79909;3;15;EXTRACT;2;
449.5313;576;-24.57861;34.40191;3;13;EXTRACT;1;
451.375;554;12.35658;39.79909;3;14;EXTRACT;2;
451.5313;576;-24.57861;34.40191;3;12;EXTRACT;1;
453.3438;554;12.35658;39.79909;3;13;EXTRACT;2;
453.5469;576;-24.57861;34.40191;3;11;EXTRACT;1;
455.3438;554;12.35658;39.79909;3;12;EXTRACT;2;
455.5469;576;-24.57861;34.40191;3;10;EXTRACT;1;
457.3594;554;12.35658;39.79909;3;11;EXTRACT;2;
457.5469;576;-24.57861;34.40191;3;9;EXTRACT;1;
458.5625;576;-24.57861;34.40191;3;9;DISCOVER;3;
459.3594;554;12.35658;39.79909;3;10;EXTRACT;2;
459.5625;576;-24.57861;34.40191;3;8;EXTRACT;1;
460.6719;576;-24.57861;34.40191;3;8;DISCOVER;0;
461.3594;554;12.35658;39.79909;3;9;EXTRACT;2;
461.3594;576;-24.57861;34.40191;3;7;EXTRACT;3;
461.5625;576;-24.57861;34.40191;3;6;EXTRACT;1;
463.3594;554;12.35658;39.79909;3;8;EXTRACT;2;
463.3594;576;-24.57861;34.40191;3;5;EXTRACT;3;
463.4375;576;-24.57861;34.40191;3;4;EXTRACT;0;
463.5156;576;-24.57861;34.40191;3;3;EXTRACT;1;
465.3594;554;12.35658;39.79909;3;7;EXTRACT;2;
465.3594;576;-24.57861;34.40191;3;2;EXTRACT;3;
465.4531;576;-24.57861;34.40191;3;1;EXTRACT;0;
465.5313;576;-24.57861;34.40191;3;0;EXTRACT;1;
465.5156;576;-24.57861;34.40191;3;0;DESTROYED;;
465.5313;585;11.57778;29.10318;3;16;CREATED;;
467.375;554;12.35658;39.79909;3;6;EXTRACT;2;
469.375;554;12.35658;39.79909;3;5;EXTRACT;2;
471.375;554;12.35658;39.79909;3;4;EXTRACT;2;
473.3438;554;12.35658;39.79909;3;3;EXTRACT;2;
475.3438;554;12.35658;39.79909;3;2;EXTRACT;2;
477.3438;554;12.35658;39.79909;3;1;EXTRACT;2;
479.3594;554;12.35658;39.79909;3;0;EXTRACT;2;
479.3594;554;12.35658;39.79909;3;0;DESTROYED;;
479.3594;586;-17.62109;-3.32148;3;16;CREATED;;
484.0938;575;6.696419;34.4034;3;16;DISCOVER;1;
487.0938;575;6.696419;34.4034;3;15;EXTRACT;1;
489.1094;575;6.696419;34.4034;3;14;EXTRACT;1;
489.3906;575;6.696419;34.4034;3;14;DISCOVER;2;
491.1094;575;6.696419;34.4034;3;13;EXTRACT;1;
492.5938;575;6.696419;34.4034;3;12;EXTRACT;2;
493.125;575;6.696419;34.4034;3;11;EXTRACT;1;
493.2031;575;6.696419;34.4034;3;11;DISCOVER;0;
494.6094;575;6.696419;34.4034;3;10;EXTRACT;2;
495.125;575;6.696419;34.4034;3;9;EXTRACT;1;
496.2969;575;6.696419;34.4034;3;8;EXTRACT;0;
496.6094;575;6.696419;34.4034;3;7;EXTRACT;2;
497.1406;575;6.696419;34.4034;3;6;EXTRACT;1;
498.2969;575;6.696419;34.4034;3;5;EXTRACT;0;
498.625;575;6.696419;34.4034;3;4;EXTRACT;2;
499.1406;575;6.696419;34.4034;3;3;EXTRACT;1;
500.2969;575;6.696419;34.4034;3;2;EXTRACT;0;
500.625;575;6.696419;34.4034;3;1;EXTRACT;2;
501.1406;575;6.696419;34.4034;3;0;EXTRACT;1;
501.1094;575;6.696419;34.4034;3;0;DESTROYED;;
501.1406;587;16.48997;8.08485;3;16;CREATED;;
523.6719;579;-4.447418;20.85435;3;16;DISCOVER;1;
526.6875;579;-4.447418;20.85435;3;15;EXTRACT;1;
528.6875;579;-4.447418;20.85435;3;14;EXTRACT;1;
530.6875;579;-4.447418;20.85435;3;13;EXTRACT;1;
532.7031;579;-4.447418;20.85435;3;12;EXTRACT;1;
534.7031;579;-4.447418;20.85435;3;11;EXTRACT;1;
535.1563;581;31.88596;-4.091415;3;16;DISCOVER;0;
536.7188;579;-4.447418;20.85435;3;10;EXTRACT;1;
538.4375;581;31.88596;-4.091415;3;15;EXTRACT;0;
538.7188;579;-4.447418;20.85435;3;9;EXTRACT;1;
540.4375;581;31.88596;-4.091415;3;14;EXTRACT;0;
540.7188;579;-4.447418;20.85435;3;8;EXTRACT;1;
542.4531;581;31.88596;-4.091415;3;13;EXTRACT;0;
542.6875;579;-4.447418;20.85435;3;7;EXTRACT;1;
544.4531;581;31.88596;-4.091415;3;12;EXTRACT;0;
544.7031;579;-4.447418;20.85435;3;6;EXTRACT;1;
546.4219;581;31.88596;-4.091415;3;11;EXTRACT;0;
546.7031;579;-4.447418;20.85435;3;5;EXTRACT;1;
548.4219;581;31.88596;-4.091415;3;10;EXTRACT;0;
548.7031;579;-4.447418;20.85435;3;4;EXTRACT;1;
550.4375;581;31.88596;-4.091415;3;9;EXTRACT;0;
550.7188;579;-4.447418;20.85435;3;3;EXTRACT;1;
552.4375;581;31.88596;-4.091415;3;8;EXTRACT;0;
552.7188;579;-4.447418;20.85435;3;2;EXTRACT;1;
554.4531;581;31.88596;-4.091415;3;7;EXTRACT;0;
554.7344;579;-4.447418;20.85435;3;1;EXTRACT;1;
556.4531;581;31.88596;-4.091415;3;6;EXTRACT;0;
556.7031;579;-4.447418;20.85435;3;0;EXTRACT;1;
556.6719;579;-4.447418;20.85435;3;0;DESTROYED;;
556.7031;588;-42.60138;11.5106;3;16;CREATED;;
558.4531;581;31.88596;-4.091415;3;5;EXTRACT;0;
560.4219;581;31.88596;-4.091415;3;4;EXTRACT;0;
562.4219;581;31.88596;-4.091415;3;3;EXTRACT;0;
564.4219;581;31.88596;-4.091415;3;2;EXTRACT;0;
566.4375;581;31.88596;-4.091415;3;1;EXTRACT;0;
568.4375;581;31.88596;-4.091415;3;0;EXTRACT;0;
568.3906;581;31.88596;-4.091415;3;0;DESTROYED;;
568.4375;589;-20.10421;-26.07132;3;16;CREATED;;
576.0156;578;-41.39626;24.33139;3;16;DISCOVER;2;
579.4063;578;-41.39626;24.33139;3;15;EXTRACT;2;
581.4219;578;-41.39626;24.33139;3;14;EXTRACT;2;
583.4219;578;-41.39626;24.33139;3;13;EXTRACT;2;
585.4219;578;-41.39626;24.33139;3;12;EXTRACT;2;
587.3906;578;-41.39626;24.33139;3;11;EXTRACT;2;
589.3906;578;-41.39626;24.33139;3;10;EXTRACT;2;
591.4063;578;-41.39626;24.33139;3;9;EXTRACT;2;
593;578;-41.39626;24.33139;3;9;DISCOVER;3;
593.4063;578;-41.39626;24.33139;3;8;EXTRACT;2;
595.4063;578;-41.39626;24.33139;3;7;EXTRACT;2;
595.8594;578;-41.39626;24.33139;3;6;EXTRACT;3;
596.6094;578;-41.39626;24.33139;3;6;DISCOVER;1;
597.4219;578;-41.39626;24.33139;3;5;EXTRACT;2;
597.8594;578;-41.39626;24.33139;3;4;EXTRACT;3;
598.9375;577;11.35212;-37.62985;3;16;DISCOVER;0;
599.4219;578;-41.39626;24.33139;3;3;EXTRACT;2;
599.625;578;-41.39626;24.33139;3;2;EXTRACT;1;
599.8594;578;-41.39626;24.33139;3;1;EXTRACT;3;
601.4219;578;-41.39626;24.33139;3;0;EXTRACT;2;
601.3906;578;-41.39626;24.33139;3;0;DESTROYED;;
601.4219;590;34.63187;-10.72546;3;16;CREATED;;
601.9844;577;11.35212;-37.62985;3;15;EXTRACT;0;
603.9844;577;11.35212;-37.62985;3;14;EXTRACT;0;
606;577;11.35212;-37.62985;3;13;EXTRACT;0;
607.875;588;-42.60138;11.5106;3;16;DISCOVER;3;
608;577;11.35212;-37.62985;3;12;EXTRACT;0;
610;577;11.35212;-37.62985;3;11;EXTRACT;0;
610.8438;588;-42.60138;11.5106;3;16;DISCOVER;2;
610.875;588;-42.60138;11.5106;3;15;EXTRACT;3;
612;577;11.35212;-37.62985;3;10;EXTRACT;0;
612.8906;588;-42.60138;11.5106;3;14;EXTRACT;3;
613.7656;588;-42.60138;11.5106;3;13;EXTRACT;2;
614.0156;577;11.35212;-37.62985;3;9;EXTRACT;0;
614.875;588;-42.60138;11.5106;3;12;EXTRACT;3;
615.7031;588;-42.60138;11.5106;3;11;EXTRACT;2;
615.9219;577;11.35212;-37.62985;3;8;EXTRACT;0;
616.8281;588;-42.60138;11.5106;3;10;EXTRACT;3;
617.7031;588;-42.60138;11.5106;3;9;EXTRACT;2;
617.9531;577;11.35212;-37.62985;3;7;EXTRACT;0;
618.8281;588;-42.60138;11.5106;3;8;EXTRACT;3;
619.7031;588;-42.60138;11.5106;3;7;EXTRACT;2;
619.9063;577;11.35212;-37.62985;3;6;EXTRACT;0;
620.8281;588;-42.60138;11.5106;3;6;EXTRACT;3;
621.7031;588;-42.60138;11.5106;3;5;EXTRACT;2;
621.9375;577;11.35212;-37.62985;3;5;EXTRACT;0;
622.2656;588;-42.60138;11.5106;3;5;DISCOVER;1;
622.8281;588;-42.60138;11.5106;3;4;EXTRACT;3;
623.7031;588;-42.60138;11.5106;3;3;EXTRACT;2;
623.9063;577;11.35212;-37.62985;3;4;EXTRACT;0;
624.8281;588;-42.60138;11.5106;3;2;EXTRACT;3;
624.8594;588;-42.60138;11.5106;3;1;EXTRACT;1;
625.7031;588;-42.60138;11.5106;3;0;EXTRACT;2;
625.6719;588;-42.60138;11.5106;3;0;DESTROYED;;
625.7031;591;-30.3084;14.09465;3;16;CREATED;;
625.9063;577;11.35212;-37.62985;3;3;EXTRACT;0;
627.9063;577;11.35212;-37.62985;3;2;EXTRACT;0;
629.9219;577;11.35212;-37.62985;3;1;EXTRACT;0;
631.9219;577;11.35212;-37.62985;3;0;EXTRACT;0;
631.9219;577;11.35212;-37.62985;3;0;DESTROYED;;
631.9219;592;14.90215;-42.80846;3;16;CREATED;;
665.9688;589;-20.10421;-26.07132;3;16;DISCOVER;2;
666.25;560;-18.45642;-38.02116;3;16;DISCOVER;1;
669.2031;589;-20.10421;-26.07132;3;15;EXTRACT;2;
669.6563;560;-18.45642;-38.02116;3;15;EXTRACT;1;
671.2188;589;-20.10421;-26.07132;3;14;EXTRACT;2;
671.6875;560;-18.45642;-38.02116;3;14;EXTRACT;1;
673.2188;589;-20.10421;-26.07132;3;13;EXTRACT;2;
673.7031;560;-18.45642;-38.02116;3;13;EXTRACT;1;
675.1875;589;-20.10421;-26.07132;3;12;EXTRACT;2;
675.6563;560;-18.45642;-38.02116;3;12;EXTRACT;1;
676.3438;589;-20.10421;-26.07132;3;12;DISCOVER;3;
677.1875;589;-20.10421;-26.07132;3;11;EXTRACT;2;
677.7031;560;-18.45642;-38.02116;3;11;EXTRACT;1;
678.9531;589;-20.10421;-26.07132;3;10;EXTRACT;3;
679.1875;589;-20.10421;-26.07132;3;9;EXTRACT;2;
679.7188;560;-18.45642;-38.02116;3;10;EXTRACT;1;
680.9219;589;-20.10421;-26.07132;3;8;EXTRACT;3;
681.2031;589;-20.10421;-26.07132;3;7;EXTRACT;2;
681.6719;560;-18.45642;-38.02116;3;9;EXTRACT;1;
682.9219;589;-20.10421;-26.07132;3;6;EXTRACT;3;
683.2031;589;-20.10421;-26.07132;3;5;EXTRACT;2;
683.6875;560;-18.45642;-38.02116;3;8;EXTRACT;1;
684.9219;589;-20.10421;-26.07132;3;4;EXTRACT;3;
685.2031;589;-20.10421;-26.07132;3;3;EXTRACT;2;
685.6875;560;-18.45642;-38.02116;3;7;EXTRACT;1;
686.9375;589;-20.10421;-26.07132;3;2;EXTRACT;3;
687.2188;589;-20.10421;-26.07132;3;1;EXTRACT;2;
687.6875;560;-18.45642;-38.02116;3;6;EXTRACT;1;
688.9375;589;-20.10421;-26.07132;3;0;EXTRACT;3;
688.9219;589;-20.10421;-26.07132;3;0;DESTROYED;;
688.9375;593;6.777229;-6.963558;3;16;CREATED;;
689.7031;560;-18.45642;-38.02116;3;5;EXTRACT;1;
691.7031;560;-18.45642;-38.02116;3;4;EXTRACT;1;
693.7031;560;-18.45642;-38.02116;3;3;EXTRACT;1;
694.7969;560;-18.45642;-38.02116;3;3;DISCOVER;0;
695.7188;560;-18.45642;-38.02116;3;2;EXTRACT;1;
697.6875;560;-18.45642;-38.02116;3;1;EXTRACT;1;
697.8438;560;-18.45642;-38.02116;3;0;EXTRACT;0;
697.8281;560;-18.45642;-38.02116;3;0;DESTROYED;;
697.8438;594;36.24683;-33.84361;3;16;CREATED;;
