Time;PatchID;PositionX;PositionZ;Radius;CoinAmount;PatchEvent;TriggerPlayer;
0;61;44.95605;28.1919;3;16;CREATED;;
0;62;-9.821934;-13.1376;3;16;CREATED;;
0;63;-36.71285;-29.02304;3;16;CREATED;;
0;64;41.24084;5.777054;3;16;CREATED;;
0;65;-44.13039;-37.19629;3;16;CREATED;;
0;66;-23.31662;-6.016846;3;16;CREATED;;
0;67;6.858231;-29.55127;3;16;CREATED;;
0;68;19.30323;-30.17515;3;16;CREATED;;
0;69;6.74057;41.89668;3;16;CREATED;;
0;70;36.3573;-4.867947;3;16;CREATED;;
0;71;30.69332;-19.98632;3;16;CREATED;;
0;72;12.28572;34.30756;3;16;CREATED;;
0;73;24.60322;-8.134575;3;16;CREATED;;
0;74;-21.59383;-26.59599;3;16;CREATED;;
0;75;14.94541;-39.22777;3;16;CREATED;;
91.43994;65;-44.13039;-37.19629;3;16;DISCOVER;0;
98.25806;65;-44.13039;-37.19629;3;15;EXTRACT;0;
100.2583;65;-44.13039;-37.19629;3;14;EXTRACT;0;
102.2583;65;-44.13039;-37.19629;3;13;EXTRACT;0;
104.2583;65;-44.13039;-37.19629;3;12;EXTRACT;0;
106.2585;65;-44.13039;-37.19629;3;11;EXTRACT;0;
108.2585;65;-44.13039;-37.19629;3;10;EXTRACT;0;
110.2585;65;-44.13039;-37.19629;3;9;EXTRACT;0;
112.2588;65;-44.13039;-37.19629;3;8;EXTRACT;0;
114.2588;65;-44.13039;-37.19629;3;7;EXTRACT;0;
116.2588;65;-44.13039;-37.19629;3;6;EXTRACT;0;
118.2588;65;-44.13039;-37.19629;3;5;EXTRACT;0;
120.2588;65;-44.13039;-37.19629;3;4;EXTRACT;0;
122.259;65;-44.13039;-37.19629;3;3;EXTRACT;0;
124.259;65;-44.13039;-37.19629;3;2;EXTRACT;0;
126.259;65;-44.13039;-37.19629;3;1;EXTRACT;0;
128.2593;65;-44.13039;-37.19629;3;0;EXTRACT;0;
128.2593;65;-44.13039;-37.19629;3;0;DESTROYED;;
128.2759;76;13.89513;21.82623;3;16;CREATED;;
284.1199;69;6.74057;41.89668;3;16;DISCOVER;0;
287.531;69;6.74057;41.89668;3;15;EXTRACT;0;
289.5313;69;6.74057;41.89668;3;14;EXTRACT;0;
291.5313;69;6.74057;41.89668;3;13;EXTRACT;0;
293.5313;69;6.74057;41.89668;3;12;EXTRACT;0;
295.5315;69;6.74057;41.89668;3;11;EXTRACT;0;
297.5315;69;6.74057;41.89668;3;10;EXTRACT;0;
299.5315;69;6.74057;41.89668;3;9;EXTRACT;0;
301.5315;69;6.74057;41.89668;3;8;EXTRACT;0;
303.5317;69;6.74057;41.89668;3;7;EXTRACT;0;
305.5317;69;6.74057;41.89668;3;6;EXTRACT;0;
307.5317;69;6.74057;41.89668;3;5;EXTRACT;0;
309.532;69;6.74057;41.89668;3;4;EXTRACT;0;
311.532;69;6.74057;41.89668;3;3;EXTRACT;0;
313.532;69;6.74057;41.89668;3;2;EXTRACT;0;
315.532;69;6.74057;41.89668;3;1;EXTRACT;0;
317.5322;69;6.74057;41.89668;3;0;EXTRACT;0;
317.5322;69;6.74057;41.89668;3;0;DESTROYED;;
317.5488;77;39.87961;-14.11327;3;16;CREATED;;
368.52;61;44.95605;28.1919;3;16;DISCOVER;0;
371.8672;61;44.95605;28.1919;3;15;EXTRACT;0;
373.8672;61;44.95605;28.1919;3;14;EXTRACT;0;
375.8674;61;44.95605;28.1919;3;13;EXTRACT;0;
377.8674;61;44.95605;28.1919;3;12;EXTRACT;0;
379.8674;61;44.95605;28.1919;3;11;EXTRACT;0;
381.8677;61;44.95605;28.1919;3;10;EXTRACT;0;
383.8677;61;44.95605;28.1919;3;9;EXTRACT;0;
385.8677;61;44.95605;28.1919;3;8;EXTRACT;0;
387.8679;61;44.95605;28.1919;3;7;EXTRACT;0;
389.8679;61;44.95605;28.1919;3;6;EXTRACT;0;
391.8679;61;44.95605;28.1919;3;5;EXTRACT;0;
393.8679;61;44.95605;28.1919;3;4;EXTRACT;0;
395.8682;61;44.95605;28.1919;3;3;EXTRACT;0;
397.8682;61;44.95605;28.1919;3;2;EXTRACT;0;
399.8682;61;44.95605;28.1919;3;1;EXTRACT;0;
401.8682;61;44.95605;28.1919;3;0;EXTRACT;0;
401.8682;61;44.95605;28.1919;3;0;DESTROYED;;
401.9182;78;-43.20767;15.8841;3;16;CREATED;;
426.52;64;41.24084;5.777054;3;16;DISCOVER;0;
431.0193;64;41.24084;5.777054;3;15;EXTRACT;0;
433.0193;64;41.24084;5.777054;3;14;EXTRACT;0;
435.0193;64;41.24084;5.777054;3;13;EXTRACT;0;
437.0195;64;41.24084;5.777054;3;12;EXTRACT;0;
439.0195;64;41.24084;5.777054;3;11;EXTRACT;0;
441.0195;64;41.24084;5.777054;3;10;EXTRACT;0;
443.0195;64;41.24084;5.777054;3;9;EXTRACT;0;
445.0195;64;41.24084;5.777054;3;8;EXTRACT;0;
447.0198;64;41.24084;5.777054;3;7;EXTRACT;0;
449.0198;64;41.24084;5.777054;3;6;EXTRACT;0;
451.02;64;41.24084;5.777054;3;5;EXTRACT;0;
453.02;64;41.24084;5.777054;3;4;EXTRACT;0;
455.02;64;41.24084;5.777054;3;3;EXTRACT;0;
457.02;64;41.24084;5.777054;3;2;EXTRACT;0;
459.0203;64;41.24084;5.777054;3;1;EXTRACT;0;
461.0203;64;41.24084;5.777054;3;0;EXTRACT;0;
461.0203;64;41.24084;5.777054;3;0;DESTROYED;;
461.0369;79;-27.69088;-41.86832;3;16;CREATED;;
488.5601;77;39.87961;-14.11327;3;16;DISCOVER;0;
491.9878;77;39.87961;-14.11327;3;15;EXTRACT;0;
493.988;77;39.87961;-14.11327;3;14;EXTRACT;0;
495.988;77;39.87961;-14.11327;3;13;EXTRACT;0;
497.988;77;39.87961;-14.11327;3;12;EXTRACT;0;
499.988;77;39.87961;-14.11327;3;11;EXTRACT;0;
501.9883;77;39.87961;-14.11327;3;10;EXTRACT;0;
503.9883;77;39.87961;-14.11327;3;9;EXTRACT;0;
505.9883;77;39.87961;-14.11327;3;8;EXTRACT;0;
507.9885;77;39.87961;-14.11327;3;7;EXTRACT;0;
509.9885;77;39.87961;-14.11327;3;6;EXTRACT;0;
511.9885;77;39.87961;-14.11327;3;5;EXTRACT;0;
513.9885;77;39.87961;-14.11327;3;4;EXTRACT;0;
515.9888;77;39.87961;-14.11327;3;3;EXTRACT;0;
517.9888;77;39.87961;-14.11327;3;2;EXTRACT;0;
519.9888;77;39.87961;-14.11327;3;1;EXTRACT;0;
521.989;77;39.87961;-14.11327;3;0;EXTRACT;0;
521.989;77;39.87961;-14.11327;3;0;DESTROYED;;
522.0388;80;1.53614;-35.01956;3;16;CREATED;;
609.9199;79;-27.69088;-41.86832;3;16;DISCOVER;0;
613.342;79;-27.69088;-41.86832;3;15;EXTRACT;0;
615.342;79;-27.69088;-41.86832;3;14;EXTRACT;0;
617.342;79;-27.69088;-41.86832;3;13;EXTRACT;0;
619.342;79;-27.69088;-41.86832;3;12;EXTRACT;0;
621.3423;79;-27.69088;-41.86832;3;11;EXTRACT;0;
623.3423;79;-27.69088;-41.86832;3;10;EXTRACT;0;
625.3423;79;-27.69088;-41.86832;3;9;EXTRACT;0;
627.3423;79;-27.69088;-41.86832;3;8;EXTRACT;0;
629.3425;79;-27.69088;-41.86832;3;7;EXTRACT;0;
631.3425;79;-27.69088;-41.86832;3;6;EXTRACT;0;
633.3594;79;-27.69088;-41.86832;3;5;EXTRACT;0;
635.3594;79;-27.69088;-41.86832;3;4;EXTRACT;0;
637.3594;79;-27.69088;-41.86832;3;3;EXTRACT;0;
639.3594;79;-27.69088;-41.86832;3;2;EXTRACT;0;
641.3596;79;-27.69088;-41.86832;3;1;EXTRACT;0;
643.3596;79;-27.69088;-41.86832;3;0;EXTRACT;0;
643.3596;79;-27.69088;-41.86832;3;0;DESTROYED;;
643.3928;81;33.56306;-43.67692;3;16;CREATED;;
687.96;63;-36.71285;-29.02304;3;16;DISCOVER;0;
691.4111;63;-36.71285;-29.02304;3;15;EXTRACT;0;
693.4114;63;-36.71285;-29.02304;3;14;EXTRACT;0;
695.4114;63;-36.71285;-29.02304;3;13;EXTRACT;0;
697.4114;63;-36.71285;-29.02304;3;12;EXTRACT;0;
699.4114;63;-36.71285;-29.02304;3;11;EXTRACT;0;
701.4116;63;-36.71285;-29.02304;3;10;EXTRACT;0;
703.4116;63;-36.71285;-29.02304;3;9;EXTRACT;0;
705.4116;63;-36.71285;-29.02304;3;8;EXTRACT;0;
707.4116;63;-36.71285;-29.02304;3;7;EXTRACT;0;
709.4119;63;-36.71285;-29.02304;3;6;EXTRACT;0;
711.4119;63;-36.71285;-29.02304;3;5;EXTRACT;0;
713.4119;63;-36.71285;-29.02304;3;4;EXTRACT;0;
715.4119;63;-36.71285;-29.02304;3;3;EXTRACT;0;
717.4121;63;-36.71285;-29.02304;3;2;EXTRACT;0;
719.4121;63;-36.71285;-29.02304;3;1;EXTRACT;0;
