Time;PatchID;PositionX;PositionZ;Radius;CoinAmount;PatchEvent;TriggerPlayer;
0;17;2.099541;37.60679;3;48;CREATED;;
0;18;-30.92542;22.97169;3;48;CREATED;;
0;19;38.10625;13.66814;3;48;CREATED;;
0;20;-32.0373;6.754086;3;48;CREATED;;
0;21;7.49794;25.49842;3;48;CREATED;;
32.55078;17;2.099541;37.60679;3;48;DISCOVER;3;
35.32422;17;2.099541;37.60679;3;47;EXTRACT;3;
37.33594;17;2.099541;37.60679;3;46;EXTRACT;3;
39.33984;17;2.099541;37.60679;3;45;EXTRACT;3;
41.21094;17;2.099541;37.60679;3;45;DISCOVER;4;
41.32813;17;2.099541;37.60679;3;44;EXTRACT;3;
43.33984;17;2.099541;37.60679;3;43;EXTRACT;3;
44.10938;17;2.099541;37.60679;3;42;EXTRACT;4;
45.34766;17;2.099541;37.60679;3;41;EXTRACT;3;
46.11719;17;2.099541;37.60679;3;40;EXTRACT;4;
47.35938;17;2.099541;37.60679;3;39;EXTRACT;3;
48.12891;17;2.099541;37.60679;3;38;EXTRACT;4;
49.34766;17;2.099541;37.60679;3;37;EXTRACT;3;
50.11719;17;2.099541;37.60679;3;36;EXTRACT;4;
51.33984;17;2.099541;37.60679;3;35;EXTRACT;3;
52.10547;17;2.099541;37.60679;3;34;EXTRACT;4;
53.32813;17;2.099541;37.60679;3;33;EXTRACT;3;
54.09766;17;2.099541;37.60679;3;32;EXTRACT;4;
54.90234;21;7.49794;25.49842;3;48;DISCOVER;2;
55.33594;17;2.099541;37.60679;3;31;EXTRACT;3;
56.10547;17;2.099541;37.60679;3;30;EXTRACT;4;
57.33984;17;2.099541;37.60679;3;29;EXTRACT;3;
58.10938;17;2.099541;37.60679;3;28;EXTRACT;4;
58.44531;21;7.49794;25.49842;3;47;EXTRACT;2;
59.33203;17;2.099541;37.60679;3;27;EXTRACT;3;
60.12109;17;2.099541;37.60679;3;26;EXTRACT;4;
60.40625;21;7.49794;25.49842;3;46;EXTRACT;2;
61.34375;17;2.099541;37.60679;3;25;EXTRACT;3;
62.12891;17;2.099541;37.60679;3;24;EXTRACT;4;
62.41406;21;7.49794;25.49842;3;45;EXTRACT;2;
63.33203;17;2.099541;37.60679;3;23;EXTRACT;3;
64.10156;17;2.099541;37.60679;3;22;EXTRACT;4;
64.42188;21;7.49794;25.49842;3;44;EXTRACT;2;
65.33984;17;2.099541;37.60679;3;21;EXTRACT;3;
66.12891;17;2.099541;37.60679;3;20;EXTRACT;4;
66.41406;21;7.49794;25.49842;3;43;EXTRACT;2;
67.33203;17;2.099541;37.60679;3;19;EXTRACT;3;
68.11719;17;2.099541;37.60679;3;18;EXTRACT;4;
68.4375;21;7.49794;25.49842;3;42;EXTRACT;2;
69.33984;17;2.099541;37.60679;3;17;EXTRACT;3;
70.10938;17;2.099541;37.60679;3;16;EXTRACT;4;
70.42578;21;7.49794;25.49842;3;41;EXTRACT;2;
71.33203;17;2.099541;37.60679;3;15;EXTRACT;3;
72.10156;17;2.099541;37.60679;3;14;EXTRACT;4;
72.4375;21;7.49794;25.49842;3;40;EXTRACT;2;
73.35938;17;2.099541;37.60679;3;13;EXTRACT;3;
74.10938;17;2.099541;37.60679;3;12;EXTRACT;4;
74.42578;21;7.49794;25.49842;3;39;EXTRACT;2;
74.59766;21;7.49794;25.49842;3;39;DISCOVER;1;
75.35156;17;2.099541;37.60679;3;11;EXTRACT;3;
76.10156;17;2.099541;37.60679;3;10;EXTRACT;4;
76.44141;21;7.49794;25.49842;3;38;EXTRACT;2;
77.34766;17;2.099541;37.60679;3;9;EXTRACT;3;
77.56641;21;7.49794;25.49842;3;37;EXTRACT;1;
78.12109;17;2.099541;37.60679;3;8;EXTRACT;4;
78.42188;21;7.49794;25.49842;3;36;EXTRACT;2;
79.34766;17;2.099541;37.60679;3;7;EXTRACT;3;
79.56641;21;7.49794;25.49842;3;35;EXTRACT;1;
80.11719;17;2.099541;37.60679;3;6;EXTRACT;4;
80.43359;21;7.49794;25.49842;3;34;EXTRACT;2;
81.33594;17;2.099541;37.60679;3;5;EXTRACT;3;
81.58594;21;7.49794;25.49842;3;33;EXTRACT;1;
82.10938;17;2.099541;37.60679;3;4;EXTRACT;4;
82.42578;21;7.49794;25.49842;3;32;EXTRACT;2;
83.35156;17;2.099541;37.60679;3;3;EXTRACT;3;
83.58594;21;7.49794;25.49842;3;31;EXTRACT;1;
84.10547;17;2.099541;37.60679;3;2;EXTRACT;4;
84.42578;21;7.49794;25.49842;3;30;EXTRACT;2;
85.33594;17;2.099541;37.60679;3;1;EXTRACT;3;
85.57031;21;7.49794;25.49842;3;29;EXTRACT;1;
86.10547;17;2.099541;37.60679;3;0;EXTRACT;4;
86.09766;17;2.099541;37.60679;3;0;DESTROYED;;
86.10547;22;30.07524;-17.89234;3;48;CREATED;;
86.45703;21;7.49794;25.49842;3;28;EXTRACT;2;
87.57813;21;7.49794;25.49842;3;27;EXTRACT;1;
88.46875;21;7.49794;25.49842;3;26;EXTRACT;2;
89.58594;21;7.49794;25.49842;3;25;EXTRACT;1;
90.45703;21;7.49794;25.49842;3;24;EXTRACT;2;
91.57813;21;7.49794;25.49842;3;23;EXTRACT;1;
92.46484;21;7.49794;25.49842;3;22;EXTRACT;2;
93.57031;21;7.49794;25.49842;3;21;EXTRACT;1;
94.01953;21;7.49794;25.49842;3;21;DISCOVER;4;
94.47266;21;7.49794;25.49842;3;20;EXTRACT;2;
95.57422;21;7.49794;25.49842;3;19;EXTRACT;1;
96.46094;21;7.49794;25.49842;3;18;EXTRACT;2;
96.88281;21;7.49794;25.49842;3;17;EXTRACT;4;
97.57031;21;7.49794;25.49842;3;16;EXTRACT;1;
98.47266;21;7.49794;25.49842;3;15;EXTRACT;2;
98.875;21;7.49794;25.49842;3;14;EXTRACT;4;
99.57422;21;7.49794;25.49842;3;13;EXTRACT;1;
100.4609;21;7.49794;25.49842;3;12;EXTRACT;2;
100.8789;21;7.49794;25.49842;3;11;EXTRACT;4;
101.5664;21;7.49794;25.49842;3;10;EXTRACT;1;
102.4688;21;7.49794;25.49842;3;9;EXTRACT;2;
102.8711;21;7.49794;25.49842;3;8;EXTRACT;4;
103.5742;21;7.49794;25.49842;3;7;EXTRACT;1;
104.4609;21;7.49794;25.49842;3;6;EXTRACT;2;
104.8789;21;7.49794;25.49842;3;5;EXTRACT;4;
105.5977;21;7.49794;25.49842;3;4;EXTRACT;1;
106.4648;21;7.49794;25.49842;3;3;EXTRACT;2;
106.8672;21;7.49794;25.49842;3;2;EXTRACT;4;
107.5703;21;7.49794;25.49842;3;1;EXTRACT;1;
108.4727;21;7.49794;25.49842;3;0;EXTRACT;2;
108.457;21;7.49794;25.49842;3;0;DESTROYED;;
108.4727;23;35.44105;-39.03613;3;48;CREATED;;
120.3594;19;38.10625;13.66814;3;48;DISCOVER;3;
123.1836;19;38.10625;13.66814;3;47;EXTRACT;3;
125.1797;19;38.10625;13.66814;3;46;EXTRACT;3;
127.1875;19;38.10625;13.66814;3;45;EXTRACT;3;
129.1953;19;38.10625;13.66814;3;44;EXTRACT;3;
131.1914;19;38.10625;13.66814;3;43;EXTRACT;3;
133.168;19;38.10625;13.66814;3;42;EXTRACT;3;
135.1914;19;38.10625;13.66814;3;41;EXTRACT;3;
137.1836;19;38.10625;13.66814;3;40;EXTRACT;3;
139.1875;19;38.10625;13.66814;3;39;EXTRACT;3;
141.1953;19;38.10625;13.66814;3;38;EXTRACT;3;
143.168;19;38.10625;13.66814;3;37;EXTRACT;3;
145.1719;19;38.10625;13.66814;3;36;EXTRACT;3;
147.1641;19;38.10625;13.66814;3;35;EXTRACT;3;
149.1719;19;38.10625;13.66814;3;34;EXTRACT;3;
151.1797;19;38.10625;13.66814;3;33;EXTRACT;3;
153.168;19;38.10625;13.66814;3;32;EXTRACT;3;
155.1719;19;38.10625;13.66814;3;31;EXTRACT;3;
157.1797;19;38.10625;13.66814;3;30;EXTRACT;3;
159.1719;19;38.10625;13.66814;3;29;EXTRACT;3;
161.1797;19;38.10625;13.66814;3;28;EXTRACT;3;
162.9844;19;38.10625;13.66814;3;28;DISCOVER;2;
163.168;19;38.10625;13.66814;3;27;EXTRACT;3;
165.1953;19;38.10625;13.66814;3;26;EXTRACT;3;
165.9805;19;38.10625;13.66814;3;25;EXTRACT;2;
167.168;19;38.10625;13.66814;3;24;EXTRACT;3;
167.1836;19;38.10625;13.66814;3;24;DISCOVER;4;
167.9531;19;38.10625;13.66814;3;23;EXTRACT;2;
169.1758;19;38.10625;13.66814;3;22;EXTRACT;3;
169.793;19;38.10625;13.66814;3;21;EXTRACT;4;
169.9609;19;38.10625;13.66814;3;20;EXTRACT;2;
171.1797;19;38.10625;13.66814;3;19;EXTRACT;3;
171.7852;19;38.10625;13.66814;3;18;EXTRACT;4;
171.9531;19;38.10625;13.66814;3;17;EXTRACT;2;
173.1758;19;38.10625;13.66814;3;16;EXTRACT;3;
173.793;19;38.10625;13.66814;3;15;EXTRACT;4;
173.957;19;38.10625;13.66814;3;14;EXTRACT;2;
175.168;19;38.10625;13.66814;3;13;EXTRACT;3;
175.7891;19;38.10625;13.66814;3;12;EXTRACT;4;
175.9727;19;38.10625;13.66814;3;11;EXTRACT;2;
177.1758;19;38.10625;13.66814;3;10;EXTRACT;3;
177.7773;19;38.10625;13.66814;3;9;EXTRACT;4;
177.9609;19;38.10625;13.66814;3;8;EXTRACT;2;
179.1641;19;38.10625;13.66814;3;7;EXTRACT;3;
179.7852;19;38.10625;13.66814;3;6;EXTRACT;4;
179.9531;19;38.10625;13.66814;3;5;EXTRACT;2;
181.1914;19;38.10625;13.66814;3;4;EXTRACT;3;
181.7773;19;38.10625;13.66814;3;3;EXTRACT;4;
181.9766;19;38.10625;13.66814;3;2;EXTRACT;2;
183.1797;19;38.10625;13.66814;3;1;EXTRACT;3;
183.7813;19;38.10625;13.66814;3;0;EXTRACT;4;
183.7773;19;38.10625;13.66814;3;0;DESTROYED;;
183.7813;24;-30.58404;-8.061565;3;48;CREATED;;
197.8203;23;35.44105;-39.03613;3;48;DISCOVER;1;
200.5977;23;35.44105;-39.03613;3;47;EXTRACT;1;
202.5859;23;35.44105;-39.03613;3;46;EXTRACT;1;
204.5781;23;35.44105;-39.03613;3;45;EXTRACT;1;
206.5859;23;35.44105;-39.03613;3;44;EXTRACT;1;
208.5898;23;35.44105;-39.03613;3;43;EXTRACT;1;
208.8242;22;30.07524;-17.89234;3;48;DISCOVER;2;
210.5781;23;35.44105;-39.03613;3;42;EXTRACT;1;
211.3633;23;35.44105;-39.03613;3;42;DISCOVER;4;
212.1484;22;30.07524;-17.89234;3;47;EXTRACT;2;
212.1797;23;35.44105;-39.03613;3;42;DISCOVER;3;
212.582;23;35.44105;-39.03613;3;41;EXTRACT;1;
214.1484;22;30.07524;-17.89234;3;46;EXTRACT;2;
214.5;23;35.44105;-39.03613;3;40;EXTRACT;4;
214.582;23;35.44105;-39.03613;3;39;EXTRACT;1;
214.7344;23;35.44105;-39.03613;3;38;EXTRACT;3;
216.1406;22;30.07524;-17.89234;3;45;EXTRACT;2;
216.5273;23;35.44105;-39.03613;3;37;EXTRACT;4;
216.5938;23;35.44105;-39.03613;3;36;EXTRACT;1;
216.7266;23;35.44105;-39.03613;3;35;EXTRACT;3;
218.1523;22;30.07524;-17.89234;3;44;EXTRACT;2;
218.5234;23;35.44105;-39.03613;3;34;EXTRACT;4;
218.5703;23;35.44105;-39.03613;3;33;EXTRACT;1;
218.7227;23;35.44105;-39.03613;3;32;EXTRACT;3;
220.1445;22;30.07524;-17.89234;3;43;EXTRACT;2;
220.4961;23;35.44105;-39.03613;3;31;EXTRACT;4;
220.5938;23;35.44105;-39.03613;3;30;EXTRACT;1;
220.7305;23;35.44105;-39.03613;3;29;EXTRACT;3;
222.1367;22;30.07524;-17.89234;3;42;EXTRACT;2;
222.5078;23;35.44105;-39.03613;3;28;EXTRACT;4;
222.5742;23;35.44105;-39.03613;3;27;EXTRACT;1;
222.7266;23;35.44105;-39.03613;3;26;EXTRACT;3;
224.1367;22;30.07524;-17.89234;3;41;EXTRACT;2;
224.5234;23;35.44105;-39.03613;3;25;EXTRACT;4;
224.5742;23;35.44105;-39.03613;3;24;EXTRACT;1;
224.7227;23;35.44105;-39.03613;3;23;EXTRACT;3;
226.1523;22;30.07524;-17.89234;3;40;EXTRACT;2;
226.5039;23;35.44105;-39.03613;3;22;EXTRACT;4;
226.6055;23;35.44105;-39.03613;3;21;EXTRACT;1;
226.7227;23;35.44105;-39.03613;3;20;EXTRACT;3;
228.1445;22;30.07524;-17.89234;3;39;EXTRACT;2;
228.4961;23;35.44105;-39.03613;3;19;EXTRACT;4;
228.582;23;35.44105;-39.03613;3;18;EXTRACT;1;
228.7305;23;35.44105;-39.03613;3;17;EXTRACT;3;
230.1602;22;30.07524;-17.89234;3;38;EXTRACT;2;
230.4961;23;35.44105;-39.03613;3;16;EXTRACT;4;
230.582;23;35.44105;-39.03613;3;15;EXTRACT;1;
230.75;23;35.44105;-39.03613;3;14;EXTRACT;3;
232.1445;22;30.07524;-17.89234;3;37;EXTRACT;2;
232.4922;23;35.44105;-39.03613;3;13;EXTRACT;4;
232.5938;23;35.44105;-39.03613;3;12;EXTRACT;1;
232.7461;23;35.44105;-39.03613;3;11;EXTRACT;3;
234.1367;22;30.07524;-17.89234;3;36;EXTRACT;2;
234.5039;23;35.44105;-39.03613;3;10;EXTRACT;4;
234.5703;23;35.44105;-39.03613;3;9;EXTRACT;1;
234.7383;23;35.44105;-39.03613;3;8;EXTRACT;3;
236.1641;22;30.07524;-17.89234;3;35;EXTRACT;2;
236.5;23;35.44105;-39.03613;3;7;EXTRACT;4;
236.5703;23;35.44105;-39.03613;3;6;EXTRACT;1;
236.7383;23;35.44105;-39.03613;3;5;EXTRACT;3;
238.1602;22;30.07524;-17.89234;3;34;EXTRACT;2;
238.4961;23;35.44105;-39.03613;3;4;EXTRACT;4;
238.582;23;35.44105;-39.03613;3;3;EXTRACT;1;
238.7461;23;35.44105;-39.03613;3;2;EXTRACT;3;
240.1719;22;30.07524;-17.89234;3;33;EXTRACT;2;
240.5078;23;35.44105;-39.03613;3;1;EXTRACT;4;
240.6094;23;35.44105;-39.03613;3;0;EXTRACT;1;
240.5977;23;35.44105;-39.03613;3;0;DESTROYED;;
240.6094;25;10.70736;-19.31923;3;48;CREATED;;
242.1797;22;30.07524;-17.89234;3;32;EXTRACT;2;
244.1875;22;30.07524;-17.89234;3;31;EXTRACT;2;
246.1953;22;30.07524;-17.89234;3;30;EXTRACT;2;
248.1719;22;30.07524;-17.89234;3;29;EXTRACT;2;
250.1758;22;30.07524;-17.89234;3;28;EXTRACT;2;
252.1641;22;30.07524;-17.89234;3;27;EXTRACT;2;
252.3164;22;30.07524;-17.89234;3;27;DISCOVER;1;
254.1875;22;30.07524;-17.89234;3;26;EXTRACT;2;
254.9063;22;30.07524;-17.89234;3;25;EXTRACT;1;
256.0078;22;30.07524;-17.89234;3;25;DISCOVER;3;
256.1758;22;30.07524;-17.89234;3;24;EXTRACT;2;
256.8945;22;30.07524;-17.89234;3;23;EXTRACT;1;
258.1836;22;30.07524;-17.89234;3;22;EXTRACT;2;
258.4688;22;30.07524;-17.89234;3;21;EXTRACT;3;
258.918;22;30.07524;-17.89234;3;20;EXTRACT;1;
260.1758;22;30.07524;-17.89234;3;19;EXTRACT;2;
260.457;22;30.07524;-17.89234;3;18;EXTRACT;3;
260.9102;22;30.07524;-17.89234;3;17;EXTRACT;1;
262.1953;22;30.07524;-17.89234;3;16;EXTRACT;2;
262.4805;22;30.07524;-17.89234;3;15;EXTRACT;3;
262.918;22;30.07524;-17.89234;3;14;EXTRACT;1;
264.1875;22;30.07524;-17.89234;3;13;EXTRACT;2;
264.4727;22;30.07524;-17.89234;3;12;EXTRACT;3;
264.9219;22;30.07524;-17.89234;3;11;EXTRACT;1;
265.4727;22;30.07524;-17.89234;3;11;DISCOVER;4;
266.1797;22;30.07524;-17.89234;3;10;EXTRACT;2;
266.4805;22;30.07524;-17.89234;3;9;EXTRACT;3;
266.918;22;30.07524;-17.89234;3;8;EXTRACT;1;
268.1758;22;30.07524;-17.89234;3;7;EXTRACT;2;
268.3242;22;30.07524;-17.89234;3;6;EXTRACT;4;
268.457;22;30.07524;-17.89234;3;5;EXTRACT;3;
268.9102;22;30.07524;-17.89234;3;4;EXTRACT;1;
270.1719;22;30.07524;-17.89234;3;3;EXTRACT;2;
270.3398;22;30.07524;-17.89234;3;2;EXTRACT;4;
270.457;22;30.07524;-17.89234;3;1;EXTRACT;3;
270.9102;22;30.07524;-17.89234;3;0;EXTRACT;1;
270.8984;22;30.07524;-17.89234;3;0;DESTROYED;;
270.9102;26;-14.00542;-13.32055;3;48;CREATED;;
337.7383;24;-30.58404;-8.061565;3;48;DISCOVER;1;
340.6992;24;-30.58404;-8.061565;3;47;EXTRACT;1;
342.625;18;-30.92542;22.97169;3;48;DISCOVER;2;
342.7227;24;-30.58404;-8.061565;3;46;EXTRACT;1;
344.6953;24;-30.58404;-8.061565;3;45;EXTRACT;1;
346.0508;18;-30.92542;22.97169;3;47;EXTRACT;2;
346.7031;24;-30.58404;-8.061565;3;44;EXTRACT;1;
348.0391;18;-30.92542;22.97169;3;46;EXTRACT;2;
348.6914;24;-30.58404;-8.061565;3;43;EXTRACT;1;
350.0469;18;-30.92542;22.97169;3;45;EXTRACT;2;
350.6992;24;-30.58404;-8.061565;3;42;EXTRACT;1;
352.0547;18;-30.92542;22.97169;3;44;EXTRACT;2;
352.7227;24;-30.58404;-8.061565;3;41;EXTRACT;1;
353.457;18;-30.92542;22.97169;3;44;DISCOVER;3;
354.0625;18;-30.92542;22.97169;3;43;EXTRACT;2;
354.6992;24;-30.58404;-8.061565;3;40;EXTRACT;1;
356.0586;18;-30.92542;22.97169;3;42;EXTRACT;2;
356.2266;18;-30.92542;22.97169;3;41;EXTRACT;3;
356.7109;24;-30.58404;-8.061565;3;39;EXTRACT;1;
358.0664;18;-30.92542;22.97169;3;40;EXTRACT;2;
358.2188;18;-30.92542;22.97169;3;39;EXTRACT;3;
358.7031;24;-30.58404;-8.061565;3;38;EXTRACT;1;
359.1367;18;-30.92542;22.97169;3;39;DISCOVER;4;
360.0742;18;-30.92542;22.97169;3;38;EXTRACT;2;
360.2109;18;-30.92542;22.97169;3;37;EXTRACT;3;
360.6953;24;-30.58404;-8.061565;3;37;EXTRACT;1;
362.0586;18;-30.92542;22.97169;3;36;EXTRACT;4;
362.1094;18;-30.92542;22.97169;3;35;EXTRACT;2;
362.2266;18;-30.92542;22.97169;3;34;EXTRACT;3;
362.6953;24;-30.58404;-8.061565;3;36;EXTRACT;1;
364.0586;18;-30.92542;22.97169;3;33;EXTRACT;4;
364.0742;18;-30.92542;22.97169;3;32;EXTRACT;2;
364.2266;18;-30.92542;22.97169;3;31;EXTRACT;3;
364.6953;24;-30.58404;-8.061565;3;35;EXTRACT;1;
366.0703;18;-30.92542;22.97169;3;30;EXTRACT;4;
366.0859;18;-30.92542;22.97169;3;29;EXTRACT;2;
366.2422;18;-30.92542;22.97169;3;28;EXTRACT;3;
366.7109;24;-30.58404;-8.061565;3;34;EXTRACT;1;
368.0703;18;-30.92542;22.97169;3;27;EXTRACT;4;
368.0859;18;-30.92542;22.97169;3;26;EXTRACT;2;
368.2227;18;-30.92542;22.97169;3;25;EXTRACT;3;
368.7031;24;-30.58404;-8.061565;3;33;EXTRACT;1;
370.0469;18;-30.92542;22.97169;3;24;EXTRACT;4;
370.0781;18;-30.92542;22.97169;3;23;EXTRACT;2;
370.2148;18;-30.92542;22.97169;3;22;EXTRACT;3;
370.6992;24;-30.58404;-8.061565;3;32;EXTRACT;1;
372.0586;18;-30.92542;22.97169;3;21;EXTRACT;4;
372.0742;18;-30.92542;22.97169;3;20;EXTRACT;2;
372.2109;18;-30.92542;22.97169;3;19;EXTRACT;3;
372.6992;24;-30.58404;-8.061565;3;31;EXTRACT;1;
374.0586;18;-30.92542;22.97169;3;18;EXTRACT;4;
374.0742;18;-30.92542;22.97169;3;17;EXTRACT;2;
374.207;18;-30.92542;22.97169;3;16;EXTRACT;3;
374.6992;24;-30.58404;-8.061565;3;30;EXTRACT;1;
376.0508;18;-30.92542;22.97169;3;15;EXTRACT;4;
376.0859;18;-30.92542;22.97169;3;14;EXTRACT;2;
376.2188;18;-30.92542;22.97169;3;13;EXTRACT;3;
376.6914;24;-30.58404;-8.061565;3;29;EXTRACT;1;
378.0664;18;-30.92542;22.97169;3;12;EXTRACT;4;
378.0859;18;-30.92542;22.97169;3;11;EXTRACT;2;
378.2344;18;-30.92542;22.97169;3;10;EXTRACT;3;
378.707;24;-30.58404;-8.061565;3;28;EXTRACT;1;
380.0625;18;-30.92542;22.97169;3;9;EXTRACT;4;
380.0781;18;-30.92542;22.97169;3;8;EXTRACT;2;
380.2109;18;-30.92542;22.97169;3;7;EXTRACT;3;
380.6992;24;-30.58404;-8.061565;3;27;EXTRACT;1;
382.0781;18;-30.92542;22.97169;3;6;EXTRACT;4;
382.0781;18;-30.92542;22.97169;3;5;EXTRACT;2;
382.2305;18;-30.92542;22.97169;3;4;EXTRACT;3;
382.6992;24;-30.58404;-8.061565;3;26;EXTRACT;1;
384.0586;18;-30.92542;22.97169;3;3;EXTRACT;4;
384.0938;18;-30.92542;22.97169;3;2;EXTRACT;2;
384.2266;18;-30.92542;22.97169;3;1;EXTRACT;3;
384.6953;24;-30.58404;-8.061565;3;25;EXTRACT;1;
386.0547;18;-30.92542;22.97169;3;0;EXTRACT;4;
386.0547;18;-30.92542;22.97169;3;0;DESTROYED;;
386.0703;27;-14.19945;0.6632729;3;48;CREATED;;
386.707;24;-30.58404;-8.061565;3;24;EXTRACT;1;
388.6992;24;-30.58404;-8.061565;3;23;EXTRACT;1;
390.707;24;-30.58404;-8.061565;3;22;EXTRACT;1;
392.6992;24;-30.58404;-8.061565;3;21;EXTRACT;1;
394.707;24;-30.58404;-8.061565;3;20;EXTRACT;1;
395.875;20;-32.0373;6.754086;3;48;DISCOVER;4;
396.6914;24;-30.58404;-8.061565;3;19;EXTRACT;1;
398.7031;24;-30.58404;-8.061565;3;18;EXTRACT;1;
399.1719;20;-32.0373;6.754086;3;47;EXTRACT;4;
400.707;24;-30.58404;-8.061565;3;17;EXTRACT;1;
401.1758;20;-32.0373;6.754086;3;46;EXTRACT;4;
402.7148;24;-30.58404;-8.061565;3;16;EXTRACT;1;
403.1836;20;-32.0373;6.754086;3;45;EXTRACT;4;
403.3516;24;-30.58404;-8.061565;3;16;DISCOVER;2;
404.707;24;-30.58404;-8.061565;3;15;EXTRACT;1;
405.0391;24;-30.58404;-8.061565;3;15;DISCOVER;3;
405.1758;20;-32.0373;6.754086;3;44;EXTRACT;4;
406.6367;24;-30.58404;-8.061565;3;14;EXTRACT;2;
406.7188;24;-30.58404;-8.061565;3;13;EXTRACT;1;
407.1758;20;-32.0373;6.754086;3;43;EXTRACT;4;
407.5469;24;-30.58404;-8.061565;3;12;EXTRACT;3;
408.6172;24;-30.58404;-8.061565;3;11;EXTRACT;2;
408.7188;24;-30.58404;-8.061565;3;10;EXTRACT;1;
409.1875;20;-32.0373;6.754086;3;42;EXTRACT;4;
409.5391;24;-30.58404;-8.061565;3;9;EXTRACT;3;
410.6445;24;-30.58404;-8.061565;3;8;EXTRACT;2;
410.7266;24;-30.58404;-8.061565;3;7;EXTRACT;1;
411.1797;20;-32.0373;6.754086;3;41;EXTRACT;4;
411.5313;24;-30.58404;-8.061565;3;6;EXTRACT;3;
412.625;24;-30.58404;-8.061565;3;5;EXTRACT;2;
412.707;24;-30.58404;-8.061565;3;4;EXTRACT;1;
413.1758;20;-32.0373;6.754086;3;40;EXTRACT;4;
413.543;24;-30.58404;-8.061565;3;3;EXTRACT;3;
414.6055;24;-30.58404;-8.061565;3;2;EXTRACT;2;
414.7227;24;-30.58404;-8.061565;3;1;EXTRACT;1;
415.1758;20;-32.0373;6.754086;3;39;EXTRACT;4;
415.543;24;-30.58404;-8.061565;3;0;EXTRACT;3;
415.5391;24;-30.58404;-8.061565;3;0;DESTROYED;;
415.543;28;28.22776;31.9746;3;48;CREATED;;
417.1875;20;-32.0373;6.754086;3;38;EXTRACT;4;
419.2031;20;-32.0373;6.754086;3;37;EXTRACT;4;
421.082;20;-32.0373;6.754086;3;36;EXTRACT;4;
423.1328;20;-32.0373;6.754086;3;35;EXTRACT;4;
423.3906;20;-32.0373;6.754086;3;35;DISCOVER;1;
425.168;20;-32.0373;6.754086;3;34;EXTRACT;4;
425.957;20;-32.0373;6.754086;3;33;EXTRACT;1;
427.2344;20;-32.0373;6.754086;3;32;EXTRACT;4;
427.9258;20;-32.0373;6.754086;3;31;EXTRACT;1;
429.1836;20;-32.0373;6.754086;3;30;EXTRACT;4;
429.918;20;-32.0373;6.754086;3;29;EXTRACT;1;
431.1992;20;-32.0373;6.754086;3;28;EXTRACT;4;
431.9141;20;-32.0373;6.754086;3;27;EXTRACT;1;
433.1719;20;-32.0373;6.754086;3;26;EXTRACT;4;
433.9258;20;-32.0373;6.754086;3;25;EXTRACT;1;
435.1797;20;-32.0373;6.754086;3;24;EXTRACT;4;
435.9141;20;-32.0373;6.754086;3;23;EXTRACT;1;
437.168;20;-32.0373;6.754086;3;22;EXTRACT;4;
437.9219;20;-32.0373;6.754086;3;21;EXTRACT;1;
439.1914;20;-32.0373;6.754086;3;20;EXTRACT;4;
439.9297;20;-32.0373;6.754086;3;19;EXTRACT;1;
441.1836;20;-32.0373;6.754086;3;18;EXTRACT;4;
441.918;20;-32.0373;6.754086;3;17;EXTRACT;1;
443.1758;20;-32.0373;6.754086;3;16;EXTRACT;4;
443.9297;20;-32.0373;6.754086;3;15;EXTRACT;1;
445.1836;20;-32.0373;6.754086;3;14;EXTRACT;4;
445.918;20;-32.0373;6.754086;3;13;EXTRACT;1;
447.1875;20;-32.0373;6.754086;3;12;EXTRACT;4;
447.9258;20;-32.0373;6.754086;3;11;EXTRACT;1;
449.168;20;-32.0373;6.754086;3;10;EXTRACT;4;
449.918;20;-32.0373;6.754086;3;9;EXTRACT;1;
451.1914;20;-32.0373;6.754086;3;8;EXTRACT;4;
451.9141;20;-32.0373;6.754086;3;7;EXTRACT;1;
453.1836;20;-32.0373;6.754086;3;6;EXTRACT;4;
453.9219;20;-32.0373;6.754086;3;5;EXTRACT;1;
455.1758;20;-32.0373;6.754086;3;4;EXTRACT;4;
455.9453;20;-32.0373;6.754086;3;3;EXTRACT;1;
457.1836;20;-32.0373;6.754086;3;2;EXTRACT;4;
457.9336;20;-32.0373;6.754086;3;1;EXTRACT;1;
459.207;20;-32.0373;6.754086;3;0;EXTRACT;4;
459.1953;20;-32.0373;6.754086;3;0;DESTROYED;;
459.207;29;2.066978;18.39571;3;48;CREATED;;
468.5703;27;-14.19945;0.6632729;3;48;DISCOVER;2;
472.332;27;-14.19945;0.6632729;3;47;EXTRACT;2;
474.3398;27;-14.19945;0.6632729;3;46;EXTRACT;2;
476.332;27;-14.19945;0.6632729;3;45;EXTRACT;2;
478.3516;27;-14.19945;0.6632729;3;44;EXTRACT;2;
480.3438;27;-14.19945;0.6632729;3;43;EXTRACT;2;
482.3477;27;-14.19945;0.6632729;3;42;EXTRACT;2;
484.3516;27;-14.19945;0.6632729;3;41;EXTRACT;2;
486.3438;27;-14.19945;0.6632729;3;40;EXTRACT;2;
488.3359;27;-14.19945;0.6632729;3;39;EXTRACT;2;
490.3555;27;-14.19945;0.6632729;3;38;EXTRACT;2;
492.3477;27;-14.19945;0.6632729;3;37;EXTRACT;2;
494.375;27;-14.19945;0.6632729;3;36;EXTRACT;2;
496.3477;27;-14.19945;0.6632729;3;35;EXTRACT;2;
498.3516;27;-14.19945;0.6632729;3;34;EXTRACT;2;
500.375;27;-14.19945;0.6632729;3;33;EXTRACT;2;
502.3477;27;-14.19945;0.6632729;3;32;EXTRACT;2;
504.3594;27;-14.19945;0.6632729;3;31;EXTRACT;2;
506.3672;27;-14.19945;0.6632729;3;30;EXTRACT;2;
506.5;27;-14.19945;0.6632729;3;30;DISCOVER;4;
508.3594;27;-14.19945;0.6632729;3;29;EXTRACT;2;
509.5625;27;-14.19945;0.6632729;3;28;EXTRACT;4;
510.3516;27;-14.19945;0.6632729;3;27;EXTRACT;2;
511.5547;27;-14.19945;0.6632729;3;26;EXTRACT;4;
512.375;27;-14.19945;0.6632729;3;25;EXTRACT;2;
513.5625;27;-14.19945;0.6632729;3;24;EXTRACT;4;
514.3672;27;-14.19945;0.6632729;3;23;EXTRACT;2;
515.5664;27;-14.19945;0.6632729;3;22;EXTRACT;4;
516.3633;27;-14.19945;0.6632729;3;21;EXTRACT;2;
517.5781;27;-14.19945;0.6632729;3;20;EXTRACT;4;
518.3789;27;-14.19945;0.6632729;3;19;EXTRACT;2;
519.5703;27;-14.19945;0.6632729;3;18;EXTRACT;4;
520.3906;27;-14.19945;0.6632729;3;17;EXTRACT;2;
520.957;28;28.22776;31.9746;3;48;DISCOVER;1;
521.5781;27;-14.19945;0.6632729;3;16;EXTRACT;4;
522.3945;27;-14.19945;0.6632729;3;15;EXTRACT;2;
523.5703;27;-14.19945;0.6632729;3;14;EXTRACT;4;
523.9883;28;28.22776;31.9746;3;47;EXTRACT;1;
524.3906;27;-14.19945;0.6632729;3;13;EXTRACT;2;
525.5586;27;-14.19945;0.6632729;3;12;EXTRACT;4;
525.9961;28;28.22776;31.9746;3;46;EXTRACT;1;
526.3789;27;-14.19945;0.6632729;3;11;EXTRACT;2;
527.5703;27;-14.19945;0.6632729;3;10;EXTRACT;4;
528.0039;28;28.22776;31.9746;3;45;EXTRACT;1;
528.3906;27;-14.19945;0.6632729;3;9;EXTRACT;2;
528.6406;28;28.22776;31.9746;3;45;DISCOVER;3;
529.5586;27;-14.19945;0.6632729;3;8;EXTRACT;4;
529.9961;28;28.22776;31.9746;3;44;EXTRACT;1;
530.3828;27;-14.19945;0.6632729;3;7;EXTRACT;2;
531.4375;28;28.22776;31.9746;3;43;EXTRACT;3;
531.5703;27;-14.19945;0.6632729;3;6;EXTRACT;4;
532.0039;28;28.22776;31.9746;3;42;EXTRACT;1;
532.3906;27;-14.19945;0.6632729;3;5;EXTRACT;2;
533.4492;28;28.22776;31.9746;3;41;EXTRACT;3;
533.5664;27;-14.19945;0.6632729;3;4;EXTRACT;4;
534.0039;28;28.22776;31.9746;3;40;EXTRACT;1;
534.3906;27;-14.19945;0.6632729;3;3;EXTRACT;2;
535.4492;28;28.22776;31.9746;3;39;EXTRACT;3;
535.5703;27;-14.19945;0.6632729;3;2;EXTRACT;4;
535.9922;28;28.22776;31.9746;3;38;EXTRACT;1;
536.3945;27;-14.19945;0.6632729;3;1;EXTRACT;2;
537.4492;28;28.22776;31.9746;3;37;EXTRACT;3;
537.582;27;-14.19945;0.6632729;3;0;EXTRACT;4;
537.5781;27;-14.19945;0.6632729;3;0;DESTROYED;;
537.582;30;-12.63836;8.111938;3;48;CREATED;;
538.0039;28;28.22776;31.9746;3;36;EXTRACT;1;
539.4453;28;28.22776;31.9746;3;35;EXTRACT;3;
540;28;28.22776;31.9746;3;34;EXTRACT;1;
541.4414;28;28.22776;31.9746;3;33;EXTRACT;3;
542.0078;28;28.22776;31.9746;3;32;EXTRACT;1;
543.4453;28;28.22776;31.9746;3;31;EXTRACT;3;
543.5469;30;-12.63836;8.111938;3;48;DISCOVER;2;
543.7305;30;-12.63836;8.111938;3;48;DISCOVER;4;
544;28;28.22776;31.9746;3;30;EXTRACT;1;
545.457;28;28.22776;31.9746;3;29;EXTRACT;3;
546.0078;28;28.22776;31.9746;3;28;EXTRACT;1;
546.6797;30;-12.63836;8.111938;3;47;EXTRACT;4;
547.0117;30;-12.63836;8.111938;3;46;EXTRACT;2;
547.4609;28;28.22776;31.9746;3;27;EXTRACT;3;
547.9961;28;28.22776;31.9746;3;26;EXTRACT;1;
548.6836;30;-12.63836;8.111938;3;45;EXTRACT;4;
548.9844;30;-12.63836;8.111938;3;44;EXTRACT;2;
549.4375;28;28.22776;31.9746;3;25;EXTRACT;3;
550.0234;28;28.22776;31.9746;3;24;EXTRACT;1;
550.6602;30;-12.63836;8.111938;3;43;EXTRACT;4;
550.9805;30;-12.63836;8.111938;3;42;EXTRACT;2;
551.4609;28;28.22776;31.9746;3;23;EXTRACT;3;
552;28;28.22776;31.9746;3;22;EXTRACT;1;
552.6641;30;-12.63836;8.111938;3;41;EXTRACT;4;
552.9805;30;-12.63836;8.111938;3;40;EXTRACT;2;
553.4414;28;28.22776;31.9746;3;21;EXTRACT;3;
553.9961;28;28.22776;31.9746;3;20;EXTRACT;1;
554.6836;30;-12.63836;8.111938;3;39;EXTRACT;4;
554.9844;30;-12.63836;8.111938;3;38;EXTRACT;2;
555.4375;28;28.22776;31.9746;3;19;EXTRACT;3;
556.0039;28;28.22776;31.9746;3;18;EXTRACT;1;
556.6875;30;-12.63836;8.111938;3;37;EXTRACT;4;
556.9883;30;-12.63836;8.111938;3;36;EXTRACT;2;
557.4414;28;28.22776;31.9746;3;17;EXTRACT;3;
557.9961;28;28.22776;31.9746;3;16;EXTRACT;1;
558.668;30;-12.63836;8.111938;3;35;EXTRACT;4;
558.9844;30;-12.63836;8.111938;3;34;EXTRACT;2;
559.4531;28;28.22776;31.9746;3;15;EXTRACT;3;
559.9883;28;28.22776;31.9746;3;14;EXTRACT;1;
560.6953;30;-12.63836;8.111938;3;33;EXTRACT;4;
560.9961;30;-12.63836;8.111938;3;32;EXTRACT;2;
561.4648;28;28.22776;31.9746;3;13;EXTRACT;3;
562.0156;28;28.22776;31.9746;3;12;EXTRACT;1;
562.6875;30;-12.63836;8.111938;3;31;EXTRACT;4;
562.9883;30;-12.63836;8.111938;3;30;EXTRACT;2;
563.4414;28;28.22776;31.9746;3;11;EXTRACT;3;
563.9922;28;28.22776;31.9746;3;10;EXTRACT;1;
564.6797;30;-12.63836;8.111938;3;29;EXTRACT;4;
564.9805;30;-12.63836;8.111938;3;28;EXTRACT;2;
565.4492;28;28.22776;31.9746;3;9;EXTRACT;3;
566.0195;28;28.22776;31.9746;3;8;EXTRACT;1;
566.6719;30;-12.63836;8.111938;3;27;EXTRACT;4;
566.9922;30;-12.63836;8.111938;3;26;EXTRACT;2;
567.4414;28;28.22776;31.9746;3;7;EXTRACT;3;
567.9961;28;28.22776;31.9746;3;6;EXTRACT;1;
568.668;30;-12.63836;8.111938;3;25;EXTRACT;4;
568.9883;30;-12.63836;8.111938;3;24;EXTRACT;2;
569.4414;28;28.22776;31.9746;3;5;EXTRACT;3;
569.9922;28;28.22776;31.9746;3;4;EXTRACT;1;
570.6758;30;-12.63836;8.111938;3;23;EXTRACT;4;
570.9805;30;-12.63836;8.111938;3;22;EXTRACT;2;
571.4492;28;28.22776;31.9746;3;3;EXTRACT;3;
572;28;28.22776;31.9746;3;2;EXTRACT;1;
572.6719;30;-12.63836;8.111938;3;21;EXTRACT;4;
572.9922;30;-12.63836;8.111938;3;20;EXTRACT;2;
573.4453;28;28.22776;31.9746;3;1;EXTRACT;3;
573.9961;28;28.22776;31.9746;3;0;EXTRACT;1;
573.9961;28;28.22776;31.9746;3;0;DESTROYED;;
574.0117;31;0.4416695;-33.81365;3;48;CREATED;;
574.668;30;-12.63836;8.111938;3;19;EXTRACT;4;
575.0195;30;-12.63836;8.111938;3;18;EXTRACT;2;
576.6914;30;-12.63836;8.111938;3;17;EXTRACT;4;
577.0078;30;-12.63836;8.111938;3;16;EXTRACT;2;
578.6992;30;-12.63836;8.111938;3;15;EXTRACT;4;
579;30;-12.63836;8.111938;3;14;EXTRACT;2;
580.6875;30;-12.63836;8.111938;3;13;EXTRACT;4;
581.0039;30;-12.63836;8.111938;3;12;EXTRACT;2;
582.6641;30;-12.63836;8.111938;3;11;EXTRACT;4;
583.0156;30;-12.63836;8.111938;3;10;EXTRACT;2;
584.6719;30;-12.63836;8.111938;3;9;EXTRACT;4;
585.0039;30;-12.63836;8.111938;3;8;EXTRACT;2;
586.6758;30;-12.63836;8.111938;3;7;EXTRACT;4;
587.0117;30;-12.63836;8.111938;3;6;EXTRACT;2;
588.668;30;-12.63836;8.111938;3;5;EXTRACT;4;
589.0039;30;-12.63836;8.111938;3;4;EXTRACT;2;
590.6602;30;-12.63836;8.111938;3;3;EXTRACT;4;
591.0117;30;-12.63836;8.111938;3;2;EXTRACT;2;
592.668;30;-12.63836;8.111938;3;1;EXTRACT;4;
593;30;-12.63836;8.111938;3;0;EXTRACT;2;
592.9961;30;-12.63836;8.111938;3;0;DESTROYED;;
593;32;19.25268;43.43105;3;48;CREATED;;
639.8672;31;0.4416695;-33.81365;3;48;DISCOVER;4;
643.0469;31;0.4416695;-33.81365;3;47;EXTRACT;4;
645.0313;31;0.4416695;-33.81365;3;46;EXTRACT;4;
647.0391;31;0.4416695;-33.81365;3;45;EXTRACT;4;
649.0313;31;0.4416695;-33.81365;3;44;EXTRACT;4;
651.0391;31;0.4416695;-33.81365;3;43;EXTRACT;4;
653.0469;31;0.4416695;-33.81365;3;42;EXTRACT;4;
655.0664;31;0.4416695;-33.81365;3;41;EXTRACT;4;
657.0508;31;0.4416695;-33.81365;3;40;EXTRACT;4;
659.0391;31;0.4416695;-33.81365;3;39;EXTRACT;4;
659.1563;31;0.4416695;-33.81365;3;39;DISCOVER;2;
660.1094;31;0.4416695;-33.81365;3;39;DISCOVER;1;
661.0469;31;0.4416695;-33.81365;3;38;EXTRACT;4;
662.5156;31;0.4416695;-33.81365;3;37;EXTRACT;2;
662.7813;31;0.4416695;-33.81365;3;36;EXTRACT;1;
663.0352;31;0.4416695;-33.81365;3;35;EXTRACT;4;
664.5039;31;0.4416695;-33.81365;3;34;EXTRACT;2;
664.7891;31;0.4416695;-33.81365;3;33;EXTRACT;1;
665.0391;31;0.4416695;-33.81365;3;32;EXTRACT;4;
666.5117;31;0.4416695;-33.81365;3;31;EXTRACT;2;
666.793;31;0.4416695;-33.81365;3;30;EXTRACT;1;
667.0469;31;0.4416695;-33.81365;3;29;EXTRACT;4;
668.5;31;0.4416695;-33.81365;3;28;EXTRACT;2;
668.7852;31;0.4416695;-33.81365;3;27;EXTRACT;1;
669.0352;31;0.4416695;-33.81365;3;26;EXTRACT;4;
670.5039;31;0.4416695;-33.81365;3;25;EXTRACT;2;
670.7891;31;0.4416695;-33.81365;3;24;EXTRACT;1;
671.0391;31;0.4416695;-33.81365;3;23;EXTRACT;4;
672.5273;31;0.4416695;-33.81365;3;22;EXTRACT;2;
672.7773;31;0.4416695;-33.81365;3;21;EXTRACT;1;
673.0273;31;0.4416695;-33.81365;3;20;EXTRACT;4;
674.5313;31;0.4416695;-33.81365;3;19;EXTRACT;2;
674.7813;31;0.4416695;-33.81365;3;18;EXTRACT;1;
675.0352;31;0.4416695;-33.81365;3;17;EXTRACT;4;
675.5547;31;0.4416695;-33.81365;3;17;DISCOVER;3;
676.5078;31;0.4416695;-33.81365;3;16;EXTRACT;2;
676.7891;31;0.4416695;-33.81365;3;15;EXTRACT;1;
677.0586;31;0.4416695;-33.81365;3;14;EXTRACT;4;
678.2109;31;0.4416695;-33.81365;3;13;EXTRACT;3;
678.5313;31;0.4416695;-33.81365;3;12;EXTRACT;2;
678.7813;31;0.4416695;-33.81365;3;11;EXTRACT;1;
679.0664;31;0.4416695;-33.81365;3;10;EXTRACT;4;
680.1914;31;0.4416695;-33.81365;3;9;EXTRACT;3;
680.5273;31;0.4416695;-33.81365;3;8;EXTRACT;2;
680.7773;31;0.4416695;-33.81365;3;7;EXTRACT;1;
681.0313;31;0.4416695;-33.81365;3;6;EXTRACT;4;
682.2227;31;0.4416695;-33.81365;3;5;EXTRACT;3;
682.5234;31;0.4416695;-33.81365;3;4;EXTRACT;2;
682.7773;31;0.4416695;-33.81365;3;3;EXTRACT;1;
683.0469;31;0.4416695;-33.81365;3;2;EXTRACT;4;
684.2031;31;0.4416695;-33.81365;3;1;EXTRACT;3;
684.5195;31;0.4416695;-33.81365;3;0;EXTRACT;2;
684.5156;31;0.4416695;-33.81365;3;0;DESTROYED;;
684.5195;33;-38.09454;11.94542;3;48;CREATED;;
694.3047;25;10.70736;-19.31923;3;48;DISCOVER;1;
697.1133;25;10.70736;-19.31923;3;47;EXTRACT;1;
699.1211;25;10.70736;-19.31923;3;46;EXTRACT;1;
701.125;25;10.70736;-19.31923;3;45;EXTRACT;1;
703.1172;25;10.70736;-19.31923;3;44;EXTRACT;1;
705.125;25;10.70736;-19.31923;3;43;EXTRACT;1;
705.2891;25;10.70736;-19.31923;3;43;DISCOVER;3;
707.1133;25;10.70736;-19.31923;3;42;EXTRACT;1;
708.0508;25;10.70736;-19.31923;3;41;EXTRACT;3;
709.1211;25;10.70736;-19.31923;3;40;EXTRACT;1;
710.043;25;10.70736;-19.31923;3;39;EXTRACT;3;
711.1445;25;10.70736;-19.31923;3;38;EXTRACT;1;
712.0664;25;10.70736;-19.31923;3;37;EXTRACT;3;
713.1211;25;10.70736;-19.31923;3;36;EXTRACT;1;
714.0547;25;10.70736;-19.31923;3;35;EXTRACT;3;
715.1289;25;10.70736;-19.31923;3;34;EXTRACT;1;
715.8789;25;10.70736;-19.31923;3;34;DISCOVER;2;
716.0664;25;10.70736;-19.31923;3;33;EXTRACT;3;
717.1367;25;10.70736;-19.31923;3;32;EXTRACT;1;
717.9414;25;10.70736;-19.31923;3;31;EXTRACT;3;
719.1133;25;10.70736;-19.31923;3;30;EXTRACT;1;
719.2617;25;10.70736;-19.31923;3;29;EXTRACT;2;
719.7227;25;10.70736;-19.31923;3;29;DISCOVER;4;
720.0469;25;10.70736;-19.31923;3;28;EXTRACT;3;
