Time;PatchID;PositionX;PositionZ;Radius;CoinAmount;PatchEvent;TriggerPlayer;
0;464;44.59346;38.64156;3;16;CREATED;;
0;465;-34.40609;42.67693;3;16;CREATED;;
0;466;20.49902;44.46413;3;16;CREATED;;
0;467;-19.8975;-25.73112;3;16;CREATED;;
0;468;-18.94104;-40.71092;3;16;CREATED;;
0;469;-2.240669;-35.38406;3;16;CREATED;;
0;470;30.82299;-0.09585571;3;16;CREATED;;
0;471;10.6888;40.85008;3;16;CREATED;;
0;472;43.17242;7.512539;3;16;CREATED;;
0;473;-9.378231;13.99921;3;16;CREATED;;
0;474;-14.02043;39.25785;3;16;CREATED;;
0;475;-35.86424;2.267632;3;16;CREATED;;
0;476;42.89036;-16.01551;3;16;CREATED;;
0;477;0.9356766;-12.68539;3;16;CREATED;;
0;478;25.93795;-9.009361;3;16;CREATED;;
23.40625;468;-18.94104;-40.71092;3;16;DISCOVER;2;
26.1875;468;-18.94104;-40.71092;3;15;EXTRACT;2;
28.15625;468;-18.94104;-40.71092;3;14;EXTRACT;2;
30.15625;468;-18.94104;-40.71092;3;13;EXTRACT;2;
32.15625;468;-18.94104;-40.71092;3;12;EXTRACT;2;
34.15625;468;-18.94104;-40.71092;3;11;EXTRACT;2;
36.15625;468;-18.94104;-40.71092;3;10;EXTRACT;2;
38.15625;468;-18.94104;-40.71092;3;9;EXTRACT;2;
40.15625;468;-18.94104;-40.71092;3;8;EXTRACT;2;
42.1875;468;-18.94104;-40.71092;3;7;EXTRACT;2;
42.34375;471;10.6888;40.85008;3;16;DISCOVER;3;
44.1875;468;-18.94104;-40.71092;3;6;EXTRACT;2;
45.6875;471;10.6888;40.85008;3;15;EXTRACT;3;
46.1875;468;-18.94104;-40.71092;3;5;EXTRACT;2;
47.71875;471;10.6888;40.85008;3;14;EXTRACT;3;
48.1875;468;-18.94104;-40.71092;3;4;EXTRACT;2;
49.71875;471;10.6888;40.85008;3;13;EXTRACT;3;
50.15625;468;-18.94104;-40.71092;3;3;EXTRACT;2;
51.71875;471;10.6888;40.85008;3;12;EXTRACT;3;
52.15625;468;-18.94104;-40.71092;3;2;EXTRACT;2;
53.71875;471;10.6888;40.85008;3;11;EXTRACT;3;
53.90625;468;-18.94104;-40.71092;3;2;DISCOVER;1;
54.15625;468;-18.94104;-40.71092;3;1;EXTRACT;2;
55.71875;471;10.6888;40.85008;3;10;EXTRACT;3;
56.15625;468;-18.94104;-40.71092;3;0;EXTRACT;2;
56.125;468;-18.94104;-40.71092;3;0;DESTROYED;;
56.15625;479;10.51197;-43.29962;3;16;CREATED;;
57.6875;471;10.6888;40.85008;3;9;EXTRACT;3;
59.6875;471;10.6888;40.85008;3;8;EXTRACT;3;
61.6875;471;10.6888;40.85008;3;7;EXTRACT;3;
62.625;475;-35.86424;2.267632;3;16;DISCOVER;0;
63.71875;471;10.6888;40.85008;3;6;EXTRACT;3;
65.65625;475;-35.86424;2.267632;3;15;EXTRACT;0;
65.71875;471;10.6888;40.85008;3;5;EXTRACT;3;
67.6875;475;-35.86424;2.267632;3;14;EXTRACT;0;
67.71875;471;10.6888;40.85008;3;4;EXTRACT;3;
67.90625;469;-2.240669;-35.38406;3;16;DISCOVER;2;
69.6875;475;-35.86424;2.267632;3;13;EXTRACT;0;
69.71875;471;10.6888;40.85008;3;3;EXTRACT;3;
70.84375;469;-2.240669;-35.38406;3;15;EXTRACT;2;
71.6875;475;-35.86424;2.267632;3;12;EXTRACT;0;
71.71875;471;10.6888;40.85008;3;2;EXTRACT;3;
72.84375;469;-2.240669;-35.38406;3;14;EXTRACT;2;
73.6875;475;-35.86424;2.267632;3;11;EXTRACT;0;
73.71875;471;10.6888;40.85008;3;1;EXTRACT;3;
74.84375;469;-2.240669;-35.38406;3;13;EXTRACT;2;
75.6875;475;-35.86424;2.267632;3;10;EXTRACT;0;
75.6875;471;10.6888;40.85008;3;0;EXTRACT;3;
75.6875;471;10.6888;40.85008;3;0;DESTROYED;;
75.6875;480;-20.85176;18.19468;3;16;CREATED;;
76.84375;469;-2.240669;-35.38406;3;12;EXTRACT;2;
77.6875;475;-35.86424;2.267632;3;9;EXTRACT;0;
78.84375;469;-2.240669;-35.38406;3;11;EXTRACT;2;
79.6875;475;-35.86424;2.267632;3;8;EXTRACT;0;
79.78125;475;-35.86424;2.267632;3;8;DISCOVER;1;
80.875;469;-2.240669;-35.38406;3;10;EXTRACT;2;
81.65625;475;-35.86424;2.267632;3;7;EXTRACT;0;
82.25;475;-35.86424;2.267632;3;6;EXTRACT;1;
82.875;469;-2.240669;-35.38406;3;9;EXTRACT;2;
83.65625;475;-35.86424;2.267632;3;5;EXTRACT;0;
84.3125;475;-35.86424;2.267632;3;4;EXTRACT;1;
84.875;469;-2.240669;-35.38406;3;8;EXTRACT;2;
85.65625;475;-35.86424;2.267632;3;3;EXTRACT;0;
86.3125;475;-35.86424;2.267632;3;2;EXTRACT;1;
86.84375;469;-2.240669;-35.38406;3;7;EXTRACT;2;
87.6875;475;-35.86424;2.267632;3;1;EXTRACT;0;
88.3125;475;-35.86424;2.267632;3;0;EXTRACT;1;
88.28125;475;-35.86424;2.267632;3;0;DESTROYED;;
88.3125;481;44.61359;-37.53949;3;16;CREATED;;
88.84375;469;-2.240669;-35.38406;3;6;EXTRACT;2;
90.78125;474;-14.02043;39.25785;3;16;DISCOVER;3;
90.84375;469;-2.240669;-35.38406;3;5;EXTRACT;2;
92.84375;469;-2.240669;-35.38406;3;4;EXTRACT;2;
94.09375;474;-14.02043;39.25785;3;15;EXTRACT;3;
94.84375;469;-2.240669;-35.38406;3;3;EXTRACT;2;
96.09375;474;-14.02043;39.25785;3;14;EXTRACT;3;
96.875;469;-2.240669;-35.38406;3;2;EXTRACT;2;
98.125;474;-14.02043;39.25785;3;13;EXTRACT;3;
98.84375;469;-2.240669;-35.38406;3;1;EXTRACT;2;
99.90625;480;-20.85176;18.19468;3;16;DISCOVER;0;
100.0938;474;-14.02043;39.25785;3;12;EXTRACT;3;
100.875;469;-2.240669;-35.38406;3;0;EXTRACT;2;
100.8125;469;-2.240669;-35.38406;3;0;DESTROYED;;
100.875;482;2.164913;17.42616;3;16;CREATED;;
102.0938;474;-14.02043;39.25785;3;11;EXTRACT;3;
102.5938;480;-20.85176;18.19468;3;15;EXTRACT;0;
104.125;474;-14.02043;39.25785;3;10;EXTRACT;3;
104.5625;480;-20.85176;18.19468;3;14;EXTRACT;0;
106.0938;474;-14.02043;39.25785;3;9;EXTRACT;3;
106.5625;480;-20.85176;18.19468;3;13;EXTRACT;0;
108.0938;474;-14.02043;39.25785;3;8;EXTRACT;3;
108.5625;480;-20.85176;18.19468;3;12;EXTRACT;0;
110.125;474;-14.02043;39.25785;3;7;EXTRACT;3;
110.5938;480;-20.85176;18.19468;3;11;EXTRACT;0;
112.125;474;-14.02043;39.25785;3;6;EXTRACT;3;
112.5625;480;-20.85176;18.19468;3;10;EXTRACT;0;
113.5313;477;0.9356766;-12.68539;3;16;DISCOVER;1;
114.125;474;-14.02043;39.25785;3;5;EXTRACT;3;
114.5625;480;-20.85176;18.19468;3;9;EXTRACT;0;
116.0938;474;-14.02043;39.25785;3;4;EXTRACT;3;
116.5938;480;-20.85176;18.19468;3;8;EXTRACT;0;
116.8438;477;0.9356766;-12.68539;3;15;EXTRACT;1;
118.125;474;-14.02043;39.25785;3;3;EXTRACT;3;
118.5938;480;-20.85176;18.19468;3;7;EXTRACT;0;
118.8438;477;0.9356766;-12.68539;3;14;EXTRACT;1;
120.125;474;-14.02043;39.25785;3;2;EXTRACT;3;
120.5625;480;-20.85176;18.19468;3;6;EXTRACT;0;
120.8438;477;0.9356766;-12.68539;3;13;EXTRACT;1;
122.125;474;-14.02043;39.25785;3;1;EXTRACT;3;
122.5625;480;-20.85176;18.19468;3;5;EXTRACT;0;
122.8438;477;0.9356766;-12.68539;3;12;EXTRACT;1;
124.0938;474;-14.02043;39.25785;3;0;EXTRACT;3;
124.0938;474;-14.02043;39.25785;3;0;DESTROYED;;
124.0938;483;31.07832;15.18396;3;16;CREATED;;
124.5625;480;-20.85176;18.19468;3;4;EXTRACT;0;
124.8438;477;0.9356766;-12.68539;3;11;EXTRACT;1;
126.5625;480;-20.85176;18.19468;3;3;EXTRACT;0;
126.8438;477;0.9356766;-12.68539;3;10;EXTRACT;1;
128.5625;480;-20.85176;18.19468;3;2;EXTRACT;0;
128.8438;477;0.9356766;-12.68539;3;9;EXTRACT;1;
130.5938;480;-20.85176;18.19468;3;1;EXTRACT;0;
130.875;477;0.9356766;-12.68539;3;8;EXTRACT;1;
132.5938;480;-20.85176;18.19468;3;0;EXTRACT;0;
132.5625;480;-20.85176;18.19468;3;0;DESTROYED;;
132.5938;484;-0.8967438;-41.7122;3;16;CREATED;;
132.875;477;0.9356766;-12.68539;3;7;EXTRACT;1;
134.875;477;0.9356766;-12.68539;3;6;EXTRACT;1;
136.8438;477;0.9356766;-12.68539;3;5;EXTRACT;1;
138.9063;477;0.9356766;-12.68539;3;4;EXTRACT;1;
140.4063;481;44.61359;-37.53949;3;16;DISCOVER;2;
140.8438;477;0.9356766;-12.68539;3;3;EXTRACT;1;
142.875;477;0.9356766;-12.68539;3;2;EXTRACT;1;
143.9063;481;44.61359;-37.53949;3;15;EXTRACT;2;
144.875;477;0.9356766;-12.68539;3;1;EXTRACT;1;
145.9063;481;44.61359;-37.53949;3;14;EXTRACT;2;
146.875;477;0.9356766;-12.68539;3;0;EXTRACT;1;
146.8438;477;0.9356766;-12.68539;3;0;DESTROYED;;
146.875;485;30.95042;-17.88205;3;16;CREATED;;
147.9063;481;44.61359;-37.53949;3;13;EXTRACT;2;
149.9063;481;44.61359;-37.53949;3;12;EXTRACT;2;
151.9375;481;44.61359;-37.53949;3;11;EXTRACT;2;
153.9375;481;44.61359;-37.53949;3;10;EXTRACT;2;
155.9375;481;44.61359;-37.53949;3;9;EXTRACT;2;
157.9063;481;44.61359;-37.53949;3;8;EXTRACT;2;
159.9063;481;44.61359;-37.53949;3;7;EXTRACT;2;
161.875;478;25.93795;-9.009361;3;16;DISCOVER;1;
161.9063;481;44.61359;-37.53949;3;6;EXTRACT;2;
163.9375;481;44.61359;-37.53949;3;5;EXTRACT;2;
164.8125;478;25.93795;-9.009361;3;15;EXTRACT;1;
165.9063;481;44.61359;-37.53949;3;4;EXTRACT;2;
166.8125;478;25.93795;-9.009361;3;14;EXTRACT;1;
167.9063;481;44.61359;-37.53949;3;3;EXTRACT;2;
168.8438;478;25.93795;-9.009361;3;13;EXTRACT;1;
169.9063;481;44.61359;-37.53949;3;2;EXTRACT;2;
170.8125;478;25.93795;-9.009361;3;12;EXTRACT;1;
171.9375;481;44.61359;-37.53949;3;1;EXTRACT;2;
172.8438;478;25.93795;-9.009361;3;11;EXTRACT;1;
173.9375;481;44.61359;-37.53949;3;0;EXTRACT;2;
173.9375;481;44.61359;-37.53949;3;0;DESTROYED;;
173.9375;486;-26.85554;14.69186;3;16;CREATED;;
174.8125;478;25.93795;-9.009361;3;10;EXTRACT;1;
176.8125;478;25.93795;-9.009361;3;9;EXTRACT;1;
178.875;478;25.93795;-9.009361;3;8;EXTRACT;1;
180.8125;478;25.93795;-9.009361;3;7;EXTRACT;1;
182.8125;478;25.93795;-9.009361;3;6;EXTRACT;1;
184.8125;478;25.93795;-9.009361;3;5;EXTRACT;1;
186.8438;478;25.93795;-9.009361;3;4;EXTRACT;1;
187.9688;476;42.89036;-16.01551;3;16;DISCOVER;2;
188.8125;478;25.93795;-9.009361;3;3;EXTRACT;1;
189.4688;478;25.93795;-9.009361;3;3;DISCOVER;0;
190.8438;478;25.93795;-9.009361;3;2;EXTRACT;1;
190.875;476;42.89036;-16.01551;3;15;EXTRACT;2;
192.4375;478;25.93795;-9.009361;3;1;EXTRACT;0;
192.8438;478;25.93795;-9.009361;3;0;EXTRACT;1;
192.8125;478;25.93795;-9.009361;3;0;DESTROYED;;
192.8438;487;26.26321;-26.1438;3;16;CREATED;;
192.875;476;42.89036;-16.01551;3;14;EXTRACT;2;
194.8438;476;42.89036;-16.01551;3;13;EXTRACT;2;
196.875;476;42.89036;-16.01551;3;12;EXTRACT;2;
198.8438;476;42.89036;-16.01551;3;11;EXTRACT;2;
199.8125;470;30.82299;-0.09585571;3;16;DISCOVER;1;
200.9063;476;42.89036;-16.01551;3;10;EXTRACT;2;
202.6563;470;30.82299;-0.09585571;3;15;EXTRACT;1;
202.875;476;42.89036;-16.01551;3;9;EXTRACT;2;
204.7188;470;30.82299;-0.09585571;3;14;EXTRACT;1;
204.875;476;42.89036;-16.01551;3;8;EXTRACT;2;
206.6875;470;30.82299;-0.09585571;3;13;EXTRACT;1;
206.875;476;42.89036;-16.01551;3;7;EXTRACT;2;
208.625;470;30.82299;-0.09585571;3;12;EXTRACT;1;
208.8438;476;42.89036;-16.01551;3;6;EXTRACT;2;
210.625;470;30.82299;-0.09585571;3;11;EXTRACT;1;
210.8125;476;42.89036;-16.01551;3;5;EXTRACT;2;
212.5938;470;30.82299;-0.09585571;3;10;EXTRACT;1;
212.875;476;42.89036;-16.01551;3;4;EXTRACT;2;
214.625;470;30.82299;-0.09585571;3;9;EXTRACT;1;
214.8125;476;42.89036;-16.01551;3;3;EXTRACT;2;
216.625;470;30.82299;-0.09585571;3;8;EXTRACT;1;
216.8125;476;42.89036;-16.01551;3;2;EXTRACT;2;
218.6875;470;30.82299;-0.09585571;3;7;EXTRACT;1;
218.8125;476;42.89036;-16.01551;3;1;EXTRACT;2;
220.625;470;30.82299;-0.09585571;3;6;EXTRACT;1;
220.8125;476;42.89036;-16.01551;3;0;EXTRACT;2;
220.8125;476;42.89036;-16.01551;3;0;DESTROYED;;
220.8125;488;-6.920223;-9.600266;3;16;CREATED;;
222.625;470;30.82299;-0.09585571;3;5;EXTRACT;1;
224.625;470;30.82299;-0.09585571;3;4;EXTRACT;1;
225.5625;485;30.95042;-17.88205;3;16;DISCOVER;3;
226.625;470;30.82299;-0.09585571;3;3;EXTRACT;1;
228.5938;470;30.82299;-0.09585571;3;2;EXTRACT;1;
229.9063;485;30.95042;-17.88205;3;15;EXTRACT;3;
230.5938;470;30.82299;-0.09585571;3;1;EXTRACT;1;
231.9375;485;30.95042;-17.88205;3;14;EXTRACT;3;
232.0938;470;30.82299;-0.09585571;3;1;DISCOVER;0;
232.5938;470;30.82299;-0.09585571;3;0;EXTRACT;1;
232.5938;470;30.82299;-0.09585571;3;0;DESTROYED;;
232.5938;489;3.230232;41.20785;3;16;CREATED;;
233.9375;485;30.95042;-17.88205;3;13;EXTRACT;3;
234.4375;472;43.17242;7.512539;3;16;DISCOVER;2;
235.9375;485;30.95042;-17.88205;3;12;EXTRACT;3;
237.2188;472;43.17242;7.512539;3;15;EXTRACT;2;
237.9375;485;30.95042;-17.88205;3;11;EXTRACT;3;
239.2188;472;43.17242;7.512539;3;14;EXTRACT;2;
239.9375;485;30.95042;-17.88205;3;10;EXTRACT;3;
241.2188;472;43.17242;7.512539;3;13;EXTRACT;2;
241.9375;485;30.95042;-17.88205;3;9;EXTRACT;3;
243.1875;472;43.17242;7.512539;3;12;EXTRACT;2;
243.9375;485;30.95042;-17.88205;3;8;EXTRACT;3;
245.1875;472;43.17242;7.512539;3;11;EXTRACT;2;
245.9063;485;30.95042;-17.88205;3;7;EXTRACT;3;
247.1875;472;43.17242;7.512539;3;10;EXTRACT;2;
247.9375;485;30.95042;-17.88205;3;6;EXTRACT;3;
249.2188;472;43.17242;7.512539;3;9;EXTRACT;2;
249.9375;485;30.95042;-17.88205;3;5;EXTRACT;3;
251.2188;472;43.17242;7.512539;3;8;EXTRACT;2;
251.9375;485;30.95042;-17.88205;3;4;EXTRACT;3;
253.2188;472;43.17242;7.512539;3;7;EXTRACT;2;
253.9375;485;30.95042;-17.88205;3;3;EXTRACT;3;
255.2188;472;43.17242;7.512539;3;6;EXTRACT;2;
255.9375;485;30.95042;-17.88205;3;2;EXTRACT;3;
257.1875;472;43.17242;7.512539;3;5;EXTRACT;2;
257.9063;485;30.95042;-17.88205;3;1;EXTRACT;3;
259.1875;472;43.17242;7.512539;3;4;EXTRACT;2;
259.9063;485;30.95042;-17.88205;3;0;EXTRACT;3;
259.875;485;30.95042;-17.88205;3;0;DESTROYED;;
259.9063;490;-35.42767;-29.51834;3;16;CREATED;;
261.2188;472;43.17242;7.512539;3;3;EXTRACT;2;
263.2188;472;43.17242;7.512539;3;2;EXTRACT;2;
265.2188;472;43.17242;7.512539;3;1;EXTRACT;2;
266.6875;486;-26.85554;14.69186;3;16;DISCOVER;1;
267.2188;472;43.17242;7.512539;3;0;EXTRACT;2;
267.2188;472;43.17242;7.512539;3;0;DESTROYED;;
267.2188;491;13.18332;-36.88164;3;16;CREATED;;
269.4688;486;-26.85554;14.69186;3;15;EXTRACT;1;
271.4375;486;-26.85554;14.69186;3;14;EXTRACT;1;
273.4375;486;-26.85554;14.69186;3;13;EXTRACT;1;
275.4375;486;-26.85554;14.69186;3;12;EXTRACT;1;
277.1563;486;-26.85554;14.69186;3;12;DISCOVER;0;
277.4688;486;-26.85554;14.69186;3;11;EXTRACT;1;
279.4688;486;-26.85554;14.69186;3;10;EXTRACT;1;
279.6875;483;31.07832;15.18396;3;16;DISCOVER;3;
279.9688;486;-26.85554;14.69186;3;9;EXTRACT;0;
281.5;486;-26.85554;14.69186;3;8;EXTRACT;1;
281.9375;486;-26.85554;14.69186;3;7;EXTRACT;0;
283.0313;483;31.07832;15.18396;3;15;EXTRACT;3;
283.5;486;-26.85554;14.69186;3;6;EXTRACT;1;
283.9688;486;-26.85554;14.69186;3;5;EXTRACT;0;
285;483;31.07832;15.18396;3;14;EXTRACT;3;
285.5;486;-26.85554;14.69186;3;4;EXTRACT;1;
285.9375;486;-26.85554;14.69186;3;3;EXTRACT;0;
286.9063;464;44.59346;38.64156;3;16;DISCOVER;2;
287.0313;483;31.07832;15.18396;3;13;EXTRACT;3;
287.4688;486;-26.85554;14.69186;3;2;EXTRACT;1;
287.9688;486;-26.85554;14.69186;3;1;EXTRACT;0;
289;483;31.07832;15.18396;3;12;EXTRACT;3;
289.5;486;-26.85554;14.69186;3;0;EXTRACT;1;
289.5;486;-26.85554;14.69186;3;0;DESTROYED;;
289.5;492;-22.77916;27.51853;3;16;CREATED;;
289.5313;464;44.59346;38.64156;3;15;EXTRACT;2;
291.0313;483;31.07832;15.18396;3;11;EXTRACT;3;
291.5313;464;44.59346;38.64156;3;14;EXTRACT;2;
293.0313;483;31.07832;15.18396;3;10;EXTRACT;3;
293.5625;464;44.59346;38.64156;3;13;EXTRACT;2;
295.0313;483;31.07832;15.18396;3;9;EXTRACT;3;
295.5625;464;44.59346;38.64156;3;12;EXTRACT;2;
297.0313;483;31.07832;15.18396;3;8;EXTRACT;3;
297.5625;464;44.59346;38.64156;3;11;EXTRACT;2;
299.0313;483;31.07832;15.18396;3;7;EXTRACT;3;
299.5313;464;44.59346;38.64156;3;10;EXTRACT;2;
301;483;31.07832;15.18396;3;6;EXTRACT;3;
301.5313;464;44.59346;38.64156;3;9;EXTRACT;2;
303.0313;483;31.07832;15.18396;3;5;EXTRACT;3;
303.5313;464;44.59346;38.64156;3;8;EXTRACT;2;
305.0313;483;31.07832;15.18396;3;4;EXTRACT;3;
305.5313;464;44.59346;38.64156;3;7;EXTRACT;2;
307.0313;483;31.07832;15.18396;3;3;EXTRACT;3;
307.5625;464;44.59346;38.64156;3;6;EXTRACT;2;
309.0313;483;31.07832;15.18396;3;2;EXTRACT;3;
309.5625;464;44.59346;38.64156;3;5;EXTRACT;2;
311.0625;483;31.07832;15.18396;3;1;EXTRACT;3;
311.5313;464;44.59346;38.64156;3;4;EXTRACT;2;
312.8125;465;-34.40609;42.67693;3;16;DISCOVER;1;
313;483;31.07832;15.18396;3;0;EXTRACT;3;
313;483;31.07832;15.18396;3;0;DESTROYED;;
313;493;25.39616;-11.79198;3;16;CREATED;;
313.5313;464;44.59346;38.64156;3;3;EXTRACT;2;
315.5313;464;44.59346;38.64156;3;2;EXTRACT;2;
315.7813;465;-34.40609;42.67693;3;15;EXTRACT;1;
317.5313;464;44.59346;38.64156;3;1;EXTRACT;2;
317.7813;465;-34.40609;42.67693;3;14;EXTRACT;1;
319.5625;464;44.59346;38.64156;3;0;EXTRACT;2;
319.5313;464;44.59346;38.64156;3;0;DESTROYED;;
319.5625;494;-13.65413;-32.09715;3;16;CREATED;;
319.7813;465;-34.40609;42.67693;3;13;EXTRACT;1;
321.7813;465;-34.40609;42.67693;3;12;EXTRACT;1;
323.8125;465;-34.40609;42.67693;3;11;EXTRACT;1;
325.7813;465;-34.40609;42.67693;3;10;EXTRACT;1;
327.8125;465;-34.40609;42.67693;3;9;EXTRACT;1;
329.8125;465;-34.40609;42.67693;3;8;EXTRACT;1;
331.8125;465;-34.40609;42.67693;3;7;EXTRACT;1;
333.0625;466;20.49902;44.46413;3;16;DISCOVER;2;
333.5313;487;26.26321;-26.1438;3;16;DISCOVER;0;
333.8125;465;-34.40609;42.67693;3;6;EXTRACT;1;
335.75;466;20.49902;44.46413;3;15;EXTRACT;2;
335.8438;465;-34.40609;42.67693;3;5;EXTRACT;1;
336.1563;487;26.26321;-26.1438;3;15;EXTRACT;0;
337.75;466;20.49902;44.46413;3;14;EXTRACT;2;
337.8438;465;-34.40609;42.67693;3;4;EXTRACT;1;
338.1563;487;26.26321;-26.1438;3;14;EXTRACT;0;
338.6875;466;20.49902;44.46413;3;14;DISCOVER;3;
339.75;466;20.49902;44.46413;3;13;EXTRACT;2;
339.8125;465;-34.40609;42.67693;3;3;EXTRACT;1;
340.1563;487;26.26321;-26.1438;3;13;EXTRACT;0;
341.7813;466;20.49902;44.46413;3;12;EXTRACT;2;
341.8125;466;20.49902;44.46413;3;11;EXTRACT;3;
341.8125;465;-34.40609;42.67693;3;2;EXTRACT;1;
342.1563;487;26.26321;-26.1438;3;12;EXTRACT;0;
343.7813;466;20.49902;44.46413;3;10;EXTRACT;2;
343.8125;466;20.49902;44.46413;3;9;EXTRACT;3;
343.8125;465;-34.40609;42.67693;3;1;EXTRACT;1;
344.1563;487;26.26321;-26.1438;3;11;EXTRACT;0;
345.7813;466;20.49902;44.46413;3;8;EXTRACT;2;
345.8125;466;20.49902;44.46413;3;7;EXTRACT;3;
345.8125;465;-34.40609;42.67693;3;0;EXTRACT;1;
345.8125;465;-34.40609;42.67693;3;0;DESTROYED;;
345.8125;495;35.46637;-5.037228;3;16;CREATED;;
346.1875;487;26.26321;-26.1438;3;10;EXTRACT;0;
347.7813;466;20.49902;44.46413;3;6;EXTRACT;2;
347.8438;466;20.49902;44.46413;3;5;EXTRACT;3;
348.1875;487;26.26321;-26.1438;3;9;EXTRACT;0;
349.7813;466;20.49902;44.46413;3;4;EXTRACT;2;
349.8125;466;20.49902;44.46413;3;3;EXTRACT;3;
350.1875;487;26.26321;-26.1438;3;8;EXTRACT;0;
351.7813;466;20.49902;44.46413;3;2;EXTRACT;2;
351.8125;466;20.49902;44.46413;3;1;EXTRACT;3;
352.125;487;26.26321;-26.1438;3;7;EXTRACT;0;
353.75;466;20.49902;44.46413;3;0;EXTRACT;2;
353.7188;466;20.49902;44.46413;3;0;DESTROYED;;
353.75;496;12.75329;19.60757;3;16;CREATED;;
354.1563;487;26.26321;-26.1438;3;6;EXTRACT;0;
356.1563;487;26.26321;-26.1438;3;5;EXTRACT;0;
358.1563;487;26.26321;-26.1438;3;4;EXTRACT;0;
360.1563;487;26.26321;-26.1438;3;3;EXTRACT;0;
362.1563;487;26.26321;-26.1438;3;2;EXTRACT;0;
364.1563;487;26.26321;-26.1438;3;1;EXTRACT;0;
364.375;489;3.230232;41.20785;3;16;DISCOVER;3;
366.1875;487;26.26321;-26.1438;3;0;EXTRACT;0;
366.1563;487;26.26321;-26.1438;3;0;DESTROYED;;
366.1875;497;-35.3706;2.410324;3;16;CREATED;;
367.5313;489;3.230232;41.20785;3;15;EXTRACT;3;
369.5625;489;3.230232;41.20785;3;14;EXTRACT;3;
371.5313;489;3.230232;41.20785;3;13;EXTRACT;3;
373.5;489;3.230232;41.20785;3;13;DISCOVER;2;
373.5313;489;3.230232;41.20785;3;12;EXTRACT;3;
375.5313;489;3.230232;41.20785;3;11;EXTRACT;3;
375.8125;493;25.39616;-11.79198;3;16;DISCOVER;0;
376.3438;489;3.230232;41.20785;3;10;EXTRACT;2;
377.5313;489;3.230232;41.20785;3;9;EXTRACT;3;
378.2813;489;3.230232;41.20785;3;8;EXTRACT;2;
378.9063;493;25.39616;-11.79198;3;15;EXTRACT;0;
379.5313;489;3.230232;41.20785;3;7;EXTRACT;3;
380.2813;489;3.230232;41.20785;3;6;EXTRACT;2;
380.9063;493;25.39616;-11.79198;3;14;EXTRACT;0;
381.5313;489;3.230232;41.20785;3;5;EXTRACT;3;
382.3125;489;3.230232;41.20785;3;4;EXTRACT;2;
382.9063;493;25.39616;-11.79198;3;13;EXTRACT;0;
383.5313;489;3.230232;41.20785;3;3;EXTRACT;3;
384.3125;489;3.230232;41.20785;3;2;EXTRACT;2;
384.9063;493;25.39616;-11.79198;3;12;EXTRACT;0;
385.5313;489;3.230232;41.20785;3;1;EXTRACT;3;
386.3125;489;3.230232;41.20785;3;0;EXTRACT;2;
386.2813;489;3.230232;41.20785;3;0;DESTROYED;;
386.3125;498;40.5512;19.79228;3;16;CREATED;;
386.9063;493;25.39616;-11.79198;3;11;EXTRACT;0;
388.9063;493;25.39616;-11.79198;3;10;EXTRACT;0;
390.9063;493;25.39616;-11.79198;3;9;EXTRACT;0;
392.9063;493;25.39616;-11.79198;3;8;EXTRACT;0;
394.9063;493;25.39616;-11.79198;3;7;EXTRACT;0;
396.9063;493;25.39616;-11.79198;3;6;EXTRACT;0;
398.9063;493;25.39616;-11.79198;3;5;EXTRACT;0;
400.9063;493;25.39616;-11.79198;3;4;EXTRACT;0;
402.8438;493;25.39616;-11.79198;3;3;EXTRACT;0;
404.8438;493;25.39616;-11.79198;3;2;EXTRACT;0;
406.8438;493;25.39616;-11.79198;3;1;EXTRACT;0;
408.8438;493;25.39616;-11.79198;3;0;EXTRACT;0;
408.8125;493;25.39616;-11.79198;3;0;DESTROYED;;
408.8438;499;-18.1803;0.9686279;3;16;CREATED;;
410.9063;473;-9.378231;13.99921;3;16;DISCOVER;2;
415.5938;473;-9.378231;13.99921;3;15;EXTRACT;2;
417.5938;473;-9.378231;13.99921;3;14;EXTRACT;2;
419.5938;473;-9.378231;13.99921;3;13;EXTRACT;2;
421.5938;473;-9.378231;13.99921;3;12;EXTRACT;2;
423.5938;473;-9.378231;13.99921;3;11;EXTRACT;2;
425.5938;473;-9.378231;13.99921;3;10;EXTRACT;2;
427.5938;473;-9.378231;13.99921;3;9;EXTRACT;2;
429.5938;473;-9.378231;13.99921;3;8;EXTRACT;2;
430.8125;484;-0.8967438;-41.7122;3;16;DISCOVER;1;
431.625;473;-9.378231;13.99921;3;7;EXTRACT;2;
431.6875;473;-9.378231;13.99921;3;7;DISCOVER;0;
432.625;473;-9.378231;13.99921;3;7;DISCOVER;3;
433.5938;473;-9.378231;13.99921;3;6;EXTRACT;2;
433.8438;484;-0.8967438;-41.7122;3;15;EXTRACT;1;
434.4375;473;-9.378231;13.99921;3;5;EXTRACT;0;
435.5625;473;-9.378231;13.99921;3;4;EXTRACT;3;
435.5938;473;-9.378231;13.99921;3;3;EXTRACT;2;
435.8438;484;-0.8967438;-41.7122;3;14;EXTRACT;1;
436.4063;473;-9.378231;13.99921;3;2;EXTRACT;0;
437.5625;473;-9.378231;13.99921;3;1;EXTRACT;3;
437.5938;473;-9.378231;13.99921;3;0;EXTRACT;2;
437.5625;473;-9.378231;13.99921;3;0;DESTROYED;;
437.5938;500;-7.636063;34.65755;3;16;CREATED;;
437.8438;484;-0.8967438;-41.7122;3;13;EXTRACT;1;
439.8438;484;-0.8967438;-41.7122;3;12;EXTRACT;1;
441.8438;484;-0.8967438;-41.7122;3;11;EXTRACT;1;
443.8438;484;-0.8967438;-41.7122;3;10;EXTRACT;1;
445.8438;484;-0.8967438;-41.7122;3;9;EXTRACT;1;
446;482;2.164913;17.42616;3;16;DISCOVER;3;
447.8125;484;-0.8967438;-41.7122;3;8;EXTRACT;1;
448.625;499;-18.1803;0.9686279;3;16;DISCOVER;0;
449.0938;482;2.164913;17.42616;3;15;EXTRACT;3;
449.8438;484;-0.8967438;-41.7122;3;7;EXTRACT;1;
451.125;482;2.164913;17.42616;3;14;EXTRACT;3;
451.8438;484;-0.8967438;-41.7122;3;6;EXTRACT;1;
453.125;499;-18.1803;0.9686279;3;15;EXTRACT;0;
453.125;482;2.164913;17.42616;3;13;EXTRACT;3;
453.8438;484;-0.8967438;-41.7122;3;5;EXTRACT;1;
455.0313;499;-18.1803;0.9686279;3;14;EXTRACT;0;
455.125;482;2.164913;17.42616;3;12;EXTRACT;3;
455.8438;484;-0.8967438;-41.7122;3;4;EXTRACT;1;
457.0625;499;-18.1803;0.9686279;3;13;EXTRACT;0;
457.125;482;2.164913;17.42616;3;11;EXTRACT;3;
457.8438;484;-0.8967438;-41.7122;3;3;EXTRACT;1;
459.0625;499;-18.1803;0.9686279;3;12;EXTRACT;0;
459.125;482;2.164913;17.42616;3;10;EXTRACT;3;
459.8438;484;-0.8967438;-41.7122;3;2;EXTRACT;1;
461.0625;499;-18.1803;0.9686279;3;11;EXTRACT;0;
461.125;482;2.164913;17.42616;3;9;EXTRACT;3;
461.8125;484;-0.8967438;-41.7122;3;1;EXTRACT;1;
463.0625;499;-18.1803;0.9686279;3;10;EXTRACT;0;
463.0938;482;2.164913;17.42616;3;8;EXTRACT;3;
463.8125;484;-0.8967438;-41.7122;3;0;EXTRACT;1;
463.8125;484;-0.8967438;-41.7122;3;0;DESTROYED;;
463.8125;501;34.06104;5.279388;3;16;CREATED;;
465.0625;499;-18.1803;0.9686279;3;9;EXTRACT;0;
465.0938;482;2.164913;17.42616;3;7;EXTRACT;3;
467.0625;499;-18.1803;0.9686279;3;8;EXTRACT;0;
467.0938;482;2.164913;17.42616;3;6;EXTRACT;3;
469.0625;499;-18.1803;0.9686279;3;7;EXTRACT;0;
469.125;482;2.164913;17.42616;3;5;EXTRACT;3;
471.0625;479;10.51197;-43.29962;3;16;DISCOVER;1;
471.0625;499;-18.1803;0.9686279;3;6;EXTRACT;0;
471.125;482;2.164913;17.42616;3;4;EXTRACT;3;
473.0625;499;-18.1803;0.9686279;3;5;EXTRACT;0;
473.125;482;2.164913;17.42616;3;3;EXTRACT;3;
473.9688;479;10.51197;-43.29962;3;15;EXTRACT;1;
475.0313;499;-18.1803;0.9686279;3;4;EXTRACT;0;
475.125;482;2.164913;17.42616;3;2;EXTRACT;3;
475.9688;479;10.51197;-43.29962;3;14;EXTRACT;1;
477.0313;499;-18.1803;0.9686279;3;3;EXTRACT;0;
477.125;482;2.164913;17.42616;3;1;EXTRACT;3;
477.9688;479;10.51197;-43.29962;3;13;EXTRACT;1;
479.0625;499;-18.1803;0.9686279;3;2;EXTRACT;0;
479.125;482;2.164913;17.42616;3;0;EXTRACT;3;
479.0938;482;2.164913;17.42616;3;0;DESTROYED;;
479.125;502;12.16035;3.398632;3;16;CREATED;;
479.9688;479;10.51197;-43.29962;3;12;EXTRACT;1;
481.0625;499;-18.1803;0.9686279;3;1;EXTRACT;0;
481.9688;479;10.51197;-43.29962;3;11;EXTRACT;1;
483.0625;499;-18.1803;0.9686279;3;0;EXTRACT;0;
483;499;-18.1803;0.9686279;3;0;DESTROYED;;
483.0625;503;-43.09542;-17.40569;3;16;CREATED;;
483.9688;479;10.51197;-43.29962;3;10;EXTRACT;1;
485.9688;479;10.51197;-43.29962;3;9;EXTRACT;1;
487.9688;479;10.51197;-43.29962;3;8;EXTRACT;1;
489.9688;479;10.51197;-43.29962;3;7;EXTRACT;1;
491.9375;479;10.51197;-43.29962;3;6;EXTRACT;1;
492.7188;500;-7.636063;34.65755;3;16;DISCOVER;3;
493.9063;479;10.51197;-43.29962;3;5;EXTRACT;1;
495.75;500;-7.636063;34.65755;3;15;EXTRACT;3;
495.9063;479;10.51197;-43.29962;3;4;EXTRACT;1;
497.75;500;-7.636063;34.65755;3;14;EXTRACT;3;
497.9063;479;10.51197;-43.29962;3;3;EXTRACT;1;
499.75;500;-7.636063;34.65755;3;13;EXTRACT;3;
499.9063;479;10.51197;-43.29962;3;2;EXTRACT;1;
501.75;500;-7.636063;34.65755;3;12;EXTRACT;3;
501.9375;479;10.51197;-43.29962;3;1;EXTRACT;1;
503.6875;467;-19.8975;-25.73112;3;16;DISCOVER;0;
503.7813;500;-7.636063;34.65755;3;11;EXTRACT;3;
503.9375;479;10.51197;-43.29962;3;0;EXTRACT;1;
503.9375;479;10.51197;-43.29962;3;0;DESTROYED;;
503.9375;504;-22.50829;44.20074;3;16;CREATED;;
505.7188;500;-7.636063;34.65755;3;10;EXTRACT;3;
506.75;467;-19.8975;-25.73112;3;15;EXTRACT;0;
507.75;500;-7.636063;34.65755;3;9;EXTRACT;3;
508.75;467;-19.8975;-25.73112;3;14;EXTRACT;0;
509.75;500;-7.636063;34.65755;3;8;EXTRACT;3;
510.75;467;-19.8975;-25.73112;3;13;EXTRACT;0;
511.75;500;-7.636063;34.65755;3;7;EXTRACT;3;
512.125;492;-22.77916;27.51853;3;16;DISCOVER;2;
512.75;467;-19.8975;-25.73112;3;12;EXTRACT;0;
513.75;500;-7.636063;34.65755;3;6;EXTRACT;3;
514.75;467;-19.8975;-25.73112;3;11;EXTRACT;0;
514.875;492;-22.77916;27.51853;3;15;EXTRACT;2;
515.75;500;-7.636063;34.65755;3;5;EXTRACT;3;
516.75;467;-19.8975;-25.73112;3;10;EXTRACT;0;
516.8438;492;-22.77916;27.51853;3;14;EXTRACT;2;
517.75;500;-7.636063;34.65755;3;4;EXTRACT;3;
518.7813;467;-19.8975;-25.73112;3;9;EXTRACT;0;
518.8438;492;-22.77916;27.51853;3;13;EXTRACT;2;
519.7188;500;-7.636063;34.65755;3;3;EXTRACT;3;
520.7813;467;-19.8975;-25.73112;3;8;EXTRACT;0;
520.8438;492;-22.77916;27.51853;3;12;EXTRACT;2;
521.75;500;-7.636063;34.65755;3;2;EXTRACT;3;
522.7813;467;-19.8975;-25.73112;3;7;EXTRACT;0;
522.8438;492;-22.77916;27.51853;3;11;EXTRACT;2;
523.75;500;-7.636063;34.65755;3;1;EXTRACT;3;
524.75;467;-19.8975;-25.73112;3;6;EXTRACT;0;
524.875;492;-22.77916;27.51853;3;10;EXTRACT;2;
525.75;500;-7.636063;34.65755;3;0;EXTRACT;3;
525.7188;500;-7.636063;34.65755;3;0;DESTROYED;;
525.75;505;-42.39399;-30.8438;3;16;CREATED;;
526.75;467;-19.8975;-25.73112;3;5;EXTRACT;0;
526.875;492;-22.77916;27.51853;3;9;EXTRACT;2;
528.75;467;-19.8975;-25.73112;3;4;EXTRACT;0;
528.875;492;-22.77916;27.51853;3;8;EXTRACT;2;
530.75;467;-19.8975;-25.73112;3;3;EXTRACT;0;
530.875;492;-22.77916;27.51853;3;7;EXTRACT;2;
532.75;467;-19.8975;-25.73112;3;2;EXTRACT;0;
532.8438;492;-22.77916;27.51853;3;6;EXTRACT;2;
534.7813;467;-19.8975;-25.73112;3;1;EXTRACT;0;
534.8438;492;-22.77916;27.51853;3;5;EXTRACT;2;
536.7813;467;-19.8975;-25.73112;3;0;EXTRACT;0;
536.75;467;-19.8975;-25.73112;3;0;DESTROYED;;
536.7813;506;25.14857;-39.36063;3;16;CREATED;;
536.8438;492;-22.77916;27.51853;3;4;EXTRACT;2;
538.1875;492;-22.77916;27.51853;3;4;DISCOVER;3;
538.875;492;-22.77916;27.51853;3;3;EXTRACT;2;
540.875;492;-22.77916;27.51853;3;2;EXTRACT;2;
541.0938;492;-22.77916;27.51853;3;1;EXTRACT;3;
542.875;492;-22.77916;27.51853;3;0;EXTRACT;2;
542.8438;492;-22.77916;27.51853;3;0;DESTROYED;;
542.875;507;23.35159;26.73624;3;16;CREATED;;
573.4375;506;25.14857;-39.36063;3;16;DISCOVER;0;
575.9375;506;25.14857;-39.36063;3;15;EXTRACT;0;
577.9375;506;25.14857;-39.36063;3;14;EXTRACT;0;
579.9375;506;25.14857;-39.36063;3;13;EXTRACT;0;
581.9375;506;25.14857;-39.36063;3;12;EXTRACT;0;
583.9375;506;25.14857;-39.36063;3;11;EXTRACT;0;
584.9375;490;-35.42767;-29.51834;3;16;DISCOVER;3;
585.9375;506;25.14857;-39.36063;3;10;EXTRACT;0;
587.9688;506;25.14857;-39.36063;3;9;EXTRACT;0;
588.1563;490;-35.42767;-29.51834;3;15;EXTRACT;3;
589.9688;506;25.14857;-39.36063;3;8;EXTRACT;0;
590.125;490;-35.42767;-29.51834;3;14;EXTRACT;3;
591.9375;506;25.14857;-39.36063;3;7;EXTRACT;0;
592.1563;490;-35.42767;-29.51834;3;13;EXTRACT;3;
593.9375;506;25.14857;-39.36063;3;6;EXTRACT;0;
594.125;490;-35.42767;-29.51834;3;12;EXTRACT;3;
595.9375;506;25.14857;-39.36063;3;5;EXTRACT;0;
596.125;490;-35.42767;-29.51834;3;11;EXTRACT;3;
597.9375;506;25.14857;-39.36063;3;4;EXTRACT;0;
598.1563;490;-35.42767;-29.51834;3;10;EXTRACT;3;
599.9375;506;25.14857;-39.36063;3;3;EXTRACT;0;
600.1563;490;-35.42767;-29.51834;3;9;EXTRACT;3;
601.9375;506;25.14857;-39.36063;3;2;EXTRACT;0;
602.1563;490;-35.42767;-29.51834;3;8;EXTRACT;3;
603.9688;506;25.14857;-39.36063;3;1;EXTRACT;0;
604.1563;490;-35.42767;-29.51834;3;7;EXTRACT;3;
605.9688;506;25.14857;-39.36063;3;0;EXTRACT;0;
605.9375;506;25.14857;-39.36063;3;0;DESTROYED;;
605.9688;508;3.221283;-6.009914;3;16;CREATED;;
606.1563;490;-35.42767;-29.51834;3;6;EXTRACT;3;
608.1563;490;-35.42767;-29.51834;3;5;EXTRACT;3;
610.125;490;-35.42767;-29.51834;3;4;EXTRACT;3;
612.125;490;-35.42767;-29.51834;3;3;EXTRACT;3;
614.1563;490;-35.42767;-29.51834;3;2;EXTRACT;3;
616.1563;490;-35.42767;-29.51834;3;1;EXTRACT;3;
618.1563;490;-35.42767;-29.51834;3;0;EXTRACT;3;
618.125;490;-35.42767;-29.51834;3;0;DESTROYED;;
618.1563;509;1.750244;-26.53553;3;16;CREATED;;
624.6563;505;-42.39399;-30.8438;3;16;DISCOVER;2;
627.7813;505;-42.39399;-30.8438;3;15;EXTRACT;2;
629.7813;505;-42.39399;-30.8438;3;14;EXTRACT;2;
631.1875;505;-42.39399;-30.8438;3;14;DISCOVER;3;
631.75;505;-42.39399;-30.8438;3;13;EXTRACT;2;
633.75;505;-42.39399;-30.8438;3;12;EXTRACT;2;
634.4375;505;-42.39399;-30.8438;3;11;EXTRACT;3;
635.75;505;-42.39399;-30.8438;3;10;EXTRACT;2;
636.4375;505;-42.39399;-30.8438;3;9;EXTRACT;3;
637.75;505;-42.39399;-30.8438;3;8;EXTRACT;2;
638.4063;505;-42.39399;-30.8438;3;7;EXTRACT;3;
639.7813;505;-42.39399;-30.8438;3;6;EXTRACT;2;
640.4063;505;-42.39399;-30.8438;3;5;EXTRACT;3;
641.7813;505;-42.39399;-30.8438;3;4;EXTRACT;2;
642.4063;505;-42.39399;-30.8438;3;3;EXTRACT;3;
643.7813;505;-42.39399;-30.8438;3;2;EXTRACT;2;
644.4063;505;-42.39399;-30.8438;3;1;EXTRACT;3;
645.7813;505;-42.39399;-30.8438;3;0;EXTRACT;2;
645.75;505;-42.39399;-30.8438;3;0;DESTROYED;;
645.7813;510;-42.51453;-25.3089;3;16;CREATED;;
650.1563;497;-35.3706;2.410324;3;16;DISCOVER;1;
654.4688;497;-35.3706;2.410324;3;15;EXTRACT;1;
656.5;497;-35.3706;2.410324;3;14;EXTRACT;1;
658.5;497;-35.3706;2.410324;3;13;EXTRACT;1;
660.5;497;-35.3706;2.410324;3;12;EXTRACT;1;
662.4688;497;-35.3706;2.410324;3;11;EXTRACT;1;
662.75;494;-13.65413;-32.09715;3;16;DISCOVER;2;
664.1875;497;-35.3706;2.410324;3;11;DISCOVER;3;
664.4688;497;-35.3706;2.410324;3;10;EXTRACT;1;
665.4375;494;-13.65413;-32.09715;3;15;EXTRACT;2;
666.4688;497;-35.3706;2.410324;3;9;EXTRACT;1;
667;497;-35.3706;2.410324;3;8;EXTRACT;3;
667.4375;494;-13.65413;-32.09715;3;14;EXTRACT;2;
668.5;497;-35.3706;2.410324;3;7;EXTRACT;1;
669;497;-35.3706;2.410324;3;6;EXTRACT;3;
669.4375;494;-13.65413;-32.09715;3;13;EXTRACT;2;
670.5;497;-35.3706;2.410324;3;5;EXTRACT;1;
670.9688;497;-35.3706;2.410324;3;4;EXTRACT;3;
671.4688;494;-13.65413;-32.09715;3;12;EXTRACT;2;
672.5;497;-35.3706;2.410324;3;3;EXTRACT;1;
672.9688;497;-35.3706;2.410324;3;2;EXTRACT;3;
673.4688;494;-13.65413;-32.09715;3;11;EXTRACT;2;
674.5;497;-35.3706;2.410324;3;1;EXTRACT;1;
674.9688;497;-35.3706;2.410324;3;0;EXTRACT;3;
674.9688;497;-35.3706;2.410324;3;0;DESTROYED;;
674.9688;511;-35.34577;37.80913;3;16;CREATED;;
675.4688;494;-13.65413;-32.09715;3;10;EXTRACT;2;
677.4688;494;-13.65413;-32.09715;3;9;EXTRACT;2;
679.4688;494;-13.65413;-32.09715;3;8;EXTRACT;2;
681.4688;494;-13.65413;-32.09715;3;7;EXTRACT;2;
683.4688;494;-13.65413;-32.09715;3;6;EXTRACT;2;
685.4688;494;-13.65413;-32.09715;3;5;EXTRACT;2;
687.4375;494;-13.65413;-32.09715;3;4;EXTRACT;2;
689.4688;494;-13.65413;-32.09715;3;3;EXTRACT;2;
691.4688;494;-13.65413;-32.09715;3;2;EXTRACT;2;
693.4375;494;-13.65413;-32.09715;3;1;EXTRACT;2;
695.4688;494;-13.65413;-32.09715;3;0;EXTRACT;2;
695.4375;494;-13.65413;-32.09715;3;0;DESTROYED;;
695.4688;512;36.48904;32.05425;3;16;CREATED;;
701.5938;502;12.16035;3.398632;3;16;DISCOVER;1;
704.4063;502;12.16035;3.398632;3;15;EXTRACT;1;
706.4063;502;12.16035;3.398632;3;14;EXTRACT;1;
708.375;502;12.16035;3.398632;3;13;EXTRACT;1;
708.5;504;-22.50829;44.20074;3;16;DISCOVER;3;
710.4063;502;12.16035;3.398632;3;12;EXTRACT;1;
711.125;491;13.18332;-36.88164;3;16;DISCOVER;2;
711.875;504;-22.50829;44.20074;3;15;EXTRACT;3;
712.4063;502;12.16035;3.398632;3;11;EXTRACT;1;
713.875;504;-22.50829;44.20074;3;14;EXTRACT;3;
714.0313;491;13.18332;-36.88164;3;15;EXTRACT;2;
714.4375;502;12.16035;3.398632;3;10;EXTRACT;1;
715.8438;504;-22.50829;44.20074;3;13;EXTRACT;3;
716;491;13.18332;-36.88164;3;14;EXTRACT;2;
716.4063;502;12.16035;3.398632;3;9;EXTRACT;1;
717.8438;504;-22.50829;44.20074;3;12;EXTRACT;3;
718.0313;491;13.18332;-36.88164;3;13;EXTRACT;2;
718.4063;502;12.16035;3.398632;3;8;EXTRACT;1;
719.875;504;-22.50829;44.20074;3;11;EXTRACT;3;
720.0313;491;13.18332;-36.88164;3;12;EXTRACT;2;
