Time;PatchID;PositionX;PositionZ;Radius;CoinAmount;PatchEvent;TriggerPlayer;
0;400;-25.99277;0.3314934;3;48;CREATED;;
0;401;-5.84367;24.5414;3;48;CREATED;;
0;402;13.81249;-6.771328;3;48;CREATED;;
0;403;-12.45448;35.23251;3;48;CREATED;;
0;404;-15.77338;-17.77155;3;48;CREATED;;
27.9375;403;-12.45448;35.23251;3;48;DISCOVER;2;
30.875;403;-12.45448;35.23251;3;47;EXTRACT;2;
32.875;403;-12.45448;35.23251;3;46;EXTRACT;2;
34.875;403;-12.45448;35.23251;3;45;EXTRACT;2;
36.875;403;-12.45448;35.23251;3;44;EXTRACT;2;
38.875;403;-12.45448;35.23251;3;43;EXTRACT;2;
40.875;403;-12.45448;35.23251;3;42;EXTRACT;2;
42.875;403;-12.45448;35.23251;3;41;EXTRACT;2;
44.875;403;-12.45448;35.23251;3;40;EXTRACT;2;
46.84375;403;-12.45448;35.23251;3;39;EXTRACT;2;
48.84375;403;-12.45448;35.23251;3;38;EXTRACT;2;
49.90625;403;-12.45448;35.23251;3;38;DISCOVER;3;
50.875;403;-12.45448;35.23251;3;37;EXTRACT;2;
52.75;403;-12.45448;35.23251;3;36;EXTRACT;3;
52.875;403;-12.45448;35.23251;3;35;EXTRACT;2;
54.75;403;-12.45448;35.23251;3;34;EXTRACT;3;
54.875;403;-12.45448;35.23251;3;33;EXTRACT;2;
56.75;403;-12.45448;35.23251;3;32;EXTRACT;3;
56.875;403;-12.45448;35.23251;3;31;EXTRACT;2;
58.75;403;-12.45448;35.23251;3;30;EXTRACT;3;
58.875;403;-12.45448;35.23251;3;29;EXTRACT;2;
60.78125;403;-12.45448;35.23251;3;28;EXTRACT;3;
60.84375;403;-12.45448;35.23251;3;27;EXTRACT;2;
62.78125;403;-12.45448;35.23251;3;26;EXTRACT;3;
62.84375;403;-12.45448;35.23251;3;25;EXTRACT;2;
64.75;403;-12.45448;35.23251;3;24;EXTRACT;3;
64.875;403;-12.45448;35.23251;3;23;EXTRACT;2;
66.75;403;-12.45448;35.23251;3;22;EXTRACT;3;
66.875;403;-12.45448;35.23251;3;21;EXTRACT;2;
68.78125;403;-12.45448;35.23251;3;20;EXTRACT;3;
68.875;403;-12.45448;35.23251;3;19;EXTRACT;2;
70.78125;403;-12.45448;35.23251;3;18;EXTRACT;3;
70.84375;403;-12.45448;35.23251;3;17;EXTRACT;2;
72.8125;403;-12.45448;35.23251;3;16;EXTRACT;3;
72.8125;403;-12.45448;35.23251;3;15;EXTRACT;2;
74.6875;403;-12.45448;35.23251;3;14;EXTRACT;3;
74.75;403;-12.45448;35.23251;3;13;EXTRACT;2;
76.6875;403;-12.45448;35.23251;3;12;EXTRACT;3;
76.78125;403;-12.45448;35.23251;3;11;EXTRACT;2;
78.4375;402;13.81249;-6.771328;3;48;DISCOVER;0;
78.6875;403;-12.45448;35.23251;3;10;EXTRACT;3;
78.78125;403;-12.45448;35.23251;3;9;EXTRACT;2;
80.65625;403;-12.45448;35.23251;3;8;EXTRACT;3;
80.78125;403;-12.45448;35.23251;3;7;EXTRACT;2;
81.53125;402;13.81249;-6.771328;3;47;EXTRACT;0;
82.65625;403;-12.45448;35.23251;3;6;EXTRACT;3;
82.78125;403;-12.45448;35.23251;3;5;EXTRACT;2;
83.5;402;13.81249;-6.771328;3;46;EXTRACT;0;
84.65625;403;-12.45448;35.23251;3;4;EXTRACT;3;
84.78125;403;-12.45448;35.23251;3;3;EXTRACT;2;
85.5;402;13.81249;-6.771328;3;45;EXTRACT;0;
86.6875;403;-12.45448;35.23251;3;2;EXTRACT;3;
86.75;403;-12.45448;35.23251;3;1;EXTRACT;2;
87.53125;402;13.81249;-6.771328;3;44;EXTRACT;0;
88.6875;403;-12.45448;35.23251;3;0;EXTRACT;3;
88.65625;403;-12.45448;35.23251;3;0;DESTROYED;;
88.6875;405;-18.17883;-30.30197;3;48;CREATED;;
89.53125;402;13.81249;-6.771328;3;43;EXTRACT;0;
91.53125;402;13.81249;-6.771328;3;42;EXTRACT;0;
93.53125;402;13.81249;-6.771328;3;41;EXTRACT;0;
95.53125;402;13.81249;-6.771328;3;40;EXTRACT;0;
97.5;402;13.81249;-6.771328;3;39;EXTRACT;0;
99.5;402;13.81249;-6.771328;3;38;EXTRACT;0;
101.5;402;13.81249;-6.771328;3;37;EXTRACT;0;
103.5313;402;13.81249;-6.771328;3;36;EXTRACT;0;
105.5313;402;13.81249;-6.771328;3;35;EXTRACT;0;
107.5313;402;13.81249;-6.771328;3;34;EXTRACT;0;
109.5313;402;13.81249;-6.771328;3;33;EXTRACT;0;
111.5313;402;13.81249;-6.771328;3;32;EXTRACT;0;
113.5313;402;13.81249;-6.771328;3;31;EXTRACT;0;
115.1875;402;13.81249;-6.771328;3;31;DISCOVER;1;
115.5313;402;13.81249;-6.771328;3;30;EXTRACT;0;
117.5;402;13.81249;-6.771328;3;29;EXTRACT;0;
118.6563;402;13.81249;-6.771328;3;29;DISCOVER;3;
119.4063;402;13.81249;-6.771328;3;28;EXTRACT;1;
119.5;402;13.81249;-6.771328;3;27;EXTRACT;0;
121.3438;402;13.81249;-6.771328;3;26;EXTRACT;1;
121.4375;402;13.81249;-6.771328;3;25;EXTRACT;3;
121.5313;402;13.81249;-6.771328;3;24;EXTRACT;0;
123.375;402;13.81249;-6.771328;3;23;EXTRACT;1;
123.4375;402;13.81249;-6.771328;3;22;EXTRACT;3;
123.5313;402;13.81249;-6.771328;3;21;EXTRACT;0;
125.375;402;13.81249;-6.771328;3;20;EXTRACT;1;
125.4375;402;13.81249;-6.771328;3;19;EXTRACT;3;
125.5313;402;13.81249;-6.771328;3;18;EXTRACT;0;
127.3438;402;13.81249;-6.771328;3;17;EXTRACT;1;
127.4375;402;13.81249;-6.771328;3;16;EXTRACT;3;
127.5313;402;13.81249;-6.771328;3;15;EXTRACT;0;
129.375;402;13.81249;-6.771328;3;14;EXTRACT;1;
129.4375;402;13.81249;-6.771328;3;13;EXTRACT;3;
129.5313;402;13.81249;-6.771328;3;12;EXTRACT;0;
131.375;402;13.81249;-6.771328;3;11;EXTRACT;1;
131.4375;402;13.81249;-6.771328;3;10;EXTRACT;3;
131.5;402;13.81249;-6.771328;3;9;EXTRACT;0;
133.375;402;13.81249;-6.771328;3;8;EXTRACT;1;
133.4375;402;13.81249;-6.771328;3;7;EXTRACT;3;
133.5;402;13.81249;-6.771328;3;6;EXTRACT;0;
134.9063;400;-25.99277;0.3314934;3;48;DISCOVER;2;
135.4063;402;13.81249;-6.771328;3;5;EXTRACT;1;
135.4375;402;13.81249;-6.771328;3;4;EXTRACT;3;
135.5313;402;13.81249;-6.771328;3;3;EXTRACT;0;
137.4063;402;13.81249;-6.771328;3;2;EXTRACT;1;
137.4375;402;13.81249;-6.771328;3;1;EXTRACT;3;
137.5313;402;13.81249;-6.771328;3;0;EXTRACT;0;
137.5;402;13.81249;-6.771328;3;0;DESTROYED;;
137.5313;406;2.439495;-41.0388;3;48;CREATED;;
137.75;400;-25.99277;0.3314934;3;47;EXTRACT;2;
139.7188;400;-25.99277;0.3314934;3;46;EXTRACT;2;
141.7188;400;-25.99277;0.3314934;3;45;EXTRACT;2;
143.7188;400;-25.99277;0.3314934;3;44;EXTRACT;2;
145.75;400;-25.99277;0.3314934;3;43;EXTRACT;2;
147.75;400;-25.99277;0.3314934;3;42;EXTRACT;2;
149.75;400;-25.99277;0.3314934;3;41;EXTRACT;2;
151.7188;400;-25.99277;0.3314934;3;40;EXTRACT;2;
153.75;400;-25.99277;0.3314934;3;39;EXTRACT;2;
155.7813;400;-25.99277;0.3314934;3;38;EXTRACT;2;
157.8438;400;-25.99277;0.3314934;3;37;EXTRACT;2;
159.75;400;-25.99277;0.3314934;3;36;EXTRACT;2;
161.5625;400;-25.99277;0.3314934;3;36;DISCOVER;0;
161.5625;400;-25.99277;0.3314934;3;35;EXTRACT;2;
162.5;400;-25.99277;0.3314934;3;35;DISCOVER;3;
163.375;400;-25.99277;0.3314934;3;34;EXTRACT;2;
163.9063;400;-25.99277;0.3314934;3;33;EXTRACT;0;
165.25;401;-5.84367;24.5414;3;48;DISCOVER;1;
165.3438;400;-25.99277;0.3314934;3;32;EXTRACT;3;
165.375;400;-25.99277;0.3314934;3;31;EXTRACT;2;
165.875;400;-25.99277;0.3314934;3;30;EXTRACT;0;
167.3438;400;-25.99277;0.3314934;3;29;EXTRACT;3;
167.375;400;-25.99277;0.3314934;3;28;EXTRACT;2;
167.8438;400;-25.99277;0.3314934;3;27;EXTRACT;0;
168.5625;401;-5.84367;24.5414;3;47;EXTRACT;1;
169.3438;400;-25.99277;0.3314934;3;26;EXTRACT;3;
169.375;400;-25.99277;0.3314934;3;25;EXTRACT;2;
169.875;400;-25.99277;0.3314934;3;24;EXTRACT;0;
170.5625;401;-5.84367;24.5414;3;46;EXTRACT;1;
171.3438;400;-25.99277;0.3314934;3;23;EXTRACT;3;
171.375;400;-25.99277;0.3314934;3;22;EXTRACT;2;
171.8438;400;-25.99277;0.3314934;3;21;EXTRACT;0;
172.5625;401;-5.84367;24.5414;3;45;EXTRACT;1;
173.3125;400;-25.99277;0.3314934;3;20;EXTRACT;3;
173.375;400;-25.99277;0.3314934;3;19;EXTRACT;2;
173.875;400;-25.99277;0.3314934;3;18;EXTRACT;0;
174.5625;401;-5.84367;24.5414;3;44;EXTRACT;1;
175.3125;400;-25.99277;0.3314934;3;17;EXTRACT;3;
175.3438;400;-25.99277;0.3314934;3;16;EXTRACT;2;
175.875;400;-25.99277;0.3314934;3;15;EXTRACT;0;
176.5625;401;-5.84367;24.5414;3;43;EXTRACT;1;
177.3438;400;-25.99277;0.3314934;3;14;EXTRACT;3;
177.375;400;-25.99277;0.3314934;3;13;EXTRACT;2;
177.875;400;-25.99277;0.3314934;3;12;EXTRACT;0;
178.5625;401;-5.84367;24.5414;3;42;EXTRACT;1;
179.3438;400;-25.99277;0.3314934;3;11;EXTRACT;3;
179.375;400;-25.99277;0.3314934;3;10;EXTRACT;2;
179.875;400;-25.99277;0.3314934;3;9;EXTRACT;0;
180.5625;401;-5.84367;24.5414;3;41;EXTRACT;1;
181.3438;400;-25.99277;0.3314934;3;8;EXTRACT;3;
181.375;400;-25.99277;0.3314934;3;7;EXTRACT;2;
181.875;400;-25.99277;0.3314934;3;6;EXTRACT;0;
182.625;401;-5.84367;24.5414;3;40;EXTRACT;1;
183.3438;400;-25.99277;0.3314934;3;5;EXTRACT;3;
183.375;400;-25.99277;0.3314934;3;4;EXTRACT;2;
183.875;400;-25.99277;0.3314934;3;3;EXTRACT;0;
184.625;401;-5.84367;24.5414;3;39;EXTRACT;1;
185.3125;400;-25.99277;0.3314934;3;2;EXTRACT;3;
185.375;400;-25.99277;0.3314934;3;1;EXTRACT;2;
185.875;400;-25.99277;0.3314934;3;0;EXTRACT;0;
185.8438;400;-25.99277;0.3314934;3;0;DESTROYED;;
185.875;407;30.80331;-27.94945;3;48;CREATED;;
186.5625;401;-5.84367;24.5414;3;38;EXTRACT;1;
188.5625;401;-5.84367;24.5414;3;37;EXTRACT;1;
190.5625;401;-5.84367;24.5414;3;36;EXTRACT;1;
192.5625;401;-5.84367;24.5414;3;35;EXTRACT;1;
194.5313;401;-5.84367;24.5414;3;34;EXTRACT;1;
196.5313;401;-5.84367;24.5414;3;33;EXTRACT;1;
198.5625;401;-5.84367;24.5414;3;32;EXTRACT;1;
200.5625;401;-5.84367;24.5414;3;31;EXTRACT;1;
202.5625;401;-5.84367;24.5414;3;30;EXTRACT;1;
204.5625;401;-5.84367;24.5414;3;29;EXTRACT;1;
206.5625;401;-5.84367;24.5414;3;28;EXTRACT;1;
207.6875;401;-5.84367;24.5414;3;28;DISCOVER;3;
208.5313;401;-5.84367;24.5414;3;27;EXTRACT;1;
210.5625;401;-5.84367;24.5414;3;26;EXTRACT;1;
210.75;401;-5.84367;24.5414;3;25;EXTRACT;3;
212.5625;401;-5.84367;24.5414;3;24;EXTRACT;1;
212.75;401;-5.84367;24.5414;3;23;EXTRACT;3;
214.5625;401;-5.84367;24.5414;3;22;EXTRACT;1;
214.75;401;-5.84367;24.5414;3;21;EXTRACT;3;
216.5625;401;-5.84367;24.5414;3;20;EXTRACT;1;
216.75;401;-5.84367;24.5414;3;19;EXTRACT;3;
218.5625;401;-5.84367;24.5414;3;18;EXTRACT;1;
218.7813;401;-5.84367;24.5414;3;17;EXTRACT;3;
220.5625;401;-5.84367;24.5414;3;16;EXTRACT;1;
220.7813;401;-5.84367;24.5414;3;15;EXTRACT;3;
222.5313;401;-5.84367;24.5414;3;14;EXTRACT;1;
222.75;401;-5.84367;24.5414;3;13;EXTRACT;3;
224.5625;401;-5.84367;24.5414;3;12;EXTRACT;1;
224.75;401;-5.84367;24.5414;3;11;EXTRACT;3;
226.5625;401;-5.84367;24.5414;3;10;EXTRACT;1;
226.7813;401;-5.84367;24.5414;3;9;EXTRACT;3;
227.5;405;-18.17883;-30.30197;3;48;DISCOVER;2;
228.5625;401;-5.84367;24.5414;3;8;EXTRACT;1;
228.7813;401;-5.84367;24.5414;3;7;EXTRACT;3;
230.3438;405;-18.17883;-30.30197;3;47;EXTRACT;2;
230.5313;401;-5.84367;24.5414;3;6;EXTRACT;1;
230.7813;401;-5.84367;24.5414;3;5;EXTRACT;3;
232.3438;405;-18.17883;-30.30197;3;46;EXTRACT;2;
232.5313;401;-5.84367;24.5414;3;4;EXTRACT;1;
232.75;401;-5.84367;24.5414;3;3;EXTRACT;3;
234.3125;405;-18.17883;-30.30197;3;45;EXTRACT;2;
234.5625;401;-5.84367;24.5414;3;2;EXTRACT;1;
234.75;401;-5.84367;24.5414;3;1;EXTRACT;3;
236.3125;405;-18.17883;-30.30197;3;44;EXTRACT;2;
236.5625;401;-5.84367;24.5414;3;0;EXTRACT;1;
236.5313;401;-5.84367;24.5414;3;0;DESTROYED;;
236.5625;408;-35.95061;-30.44938;3;48;CREATED;;
238.3125;405;-18.17883;-30.30197;3;43;EXTRACT;2;
240.3125;405;-18.17883;-30.30197;3;42;EXTRACT;2;
242.3125;405;-18.17883;-30.30197;3;41;EXTRACT;2;
244.3438;405;-18.17883;-30.30197;3;40;EXTRACT;2;
246.3438;405;-18.17883;-30.30197;3;39;EXTRACT;2;
248.3438;405;-18.17883;-30.30197;3;38;EXTRACT;2;
250.3125;405;-18.17883;-30.30197;3;37;EXTRACT;2;
252.3125;405;-18.17883;-30.30197;3;36;EXTRACT;2;
254.3125;405;-18.17883;-30.30197;3;35;EXTRACT;2;
256.3125;405;-18.17883;-30.30197;3;34;EXTRACT;2;
258.3125;405;-18.17883;-30.30197;3;33;EXTRACT;2;
260.3125;405;-18.17883;-30.30197;3;32;EXTRACT;2;
260.4375;404;-15.77338;-17.77155;3;48;DISCOVER;3;
262.3125;405;-18.17883;-30.30197;3;31;EXTRACT;2;
263.5313;404;-15.77338;-17.77155;3;47;EXTRACT;3;
264.3438;405;-18.17883;-30.30197;3;30;EXTRACT;2;
265.5;404;-15.77338;-17.77155;3;46;EXTRACT;3;
266.3438;405;-18.17883;-30.30197;3;29;EXTRACT;2;
267.5;404;-15.77338;-17.77155;3;45;EXTRACT;3;
268.3438;405;-18.17883;-30.30197;3;28;EXTRACT;2;
269.5;404;-15.77338;-17.77155;3;44;EXTRACT;3;
270.3438;405;-18.17883;-30.30197;3;27;EXTRACT;2;
271.5;404;-15.77338;-17.77155;3;43;EXTRACT;3;
272.3125;405;-18.17883;-30.30197;3;26;EXTRACT;2;
273.5;404;-15.77338;-17.77155;3;42;EXTRACT;3;
274.3125;405;-18.17883;-30.30197;3;25;EXTRACT;2;
275.5;404;-15.77338;-17.77155;3;41;EXTRACT;3;
276.3125;405;-18.17883;-30.30197;3;24;EXTRACT;2;
277.5313;404;-15.77338;-17.77155;3;40;EXTRACT;3;
278.3125;405;-18.17883;-30.30197;3;23;EXTRACT;2;
279.5313;404;-15.77338;-17.77155;3;39;EXTRACT;3;
280.3125;405;-18.17883;-30.30197;3;22;EXTRACT;2;
281.5313;404;-15.77338;-17.77155;3;38;EXTRACT;3;
282.3438;405;-18.17883;-30.30197;3;21;EXTRACT;2;
283.5;404;-15.77338;-17.77155;3;37;EXTRACT;3;
284.3438;405;-18.17883;-30.30197;3;20;EXTRACT;2;
285.3438;407;30.80331;-27.94945;3;48;DISCOVER;1;
285.5;404;-15.77338;-17.77155;3;36;EXTRACT;3;
286.3125;405;-18.17883;-30.30197;3;19;EXTRACT;2;
287.5;404;-15.77338;-17.77155;3;35;EXTRACT;3;
288.3125;405;-18.17883;-30.30197;3;18;EXTRACT;2;
288.4375;407;30.80331;-27.94945;3;47;EXTRACT;1;
289.5313;404;-15.77338;-17.77155;3;34;EXTRACT;3;
290.3125;405;-18.17883;-30.30197;3;17;EXTRACT;2;
290.4375;407;30.80331;-27.94945;3;46;EXTRACT;1;
291.5313;404;-15.77338;-17.77155;3;33;EXTRACT;3;
292.3125;405;-18.17883;-30.30197;3;16;EXTRACT;2;
292.4375;407;30.80331;-27.94945;3;45;EXTRACT;1;
293.5313;404;-15.77338;-17.77155;3;32;EXTRACT;3;
294.3125;405;-18.17883;-30.30197;3;15;EXTRACT;2;
294.4063;407;30.80331;-27.94945;3;44;EXTRACT;1;
295.5313;404;-15.77338;-17.77155;3;31;EXTRACT;3;
296.3438;405;-18.17883;-30.30197;3;14;EXTRACT;2;
296.4063;407;30.80331;-27.94945;3;43;EXTRACT;1;
297.5;404;-15.77338;-17.77155;3;30;EXTRACT;3;
298.3438;405;-18.17883;-30.30197;3;13;EXTRACT;2;
298.4688;407;30.80331;-27.94945;3;42;EXTRACT;1;
299.5;404;-15.77338;-17.77155;3;29;EXTRACT;3;
300.3125;405;-18.17883;-30.30197;3;12;EXTRACT;2;
300.4375;407;30.80331;-27.94945;3;41;EXTRACT;1;
301.5;404;-15.77338;-17.77155;3;28;EXTRACT;3;
302.3125;405;-18.17883;-30.30197;3;11;EXTRACT;2;
302.4375;407;30.80331;-27.94945;3;40;EXTRACT;1;
303.5313;404;-15.77338;-17.77155;3;27;EXTRACT;3;
304.3125;405;-18.17883;-30.30197;3;10;EXTRACT;2;
304.4375;407;30.80331;-27.94945;3;39;EXTRACT;1;
305.5313;404;-15.77338;-17.77155;3;26;EXTRACT;3;
306.3125;405;-18.17883;-30.30197;3;9;EXTRACT;2;
306.4375;407;30.80331;-27.94945;3;38;EXTRACT;1;
307.5313;404;-15.77338;-17.77155;3;25;EXTRACT;3;
308.3438;405;-18.17883;-30.30197;3;8;EXTRACT;2;
308.4375;407;30.80331;-27.94945;3;37;EXTRACT;1;
309.5;404;-15.77338;-17.77155;3;24;EXTRACT;3;
310.3438;405;-18.17883;-30.30197;3;7;EXTRACT;2;
310.4688;407;30.80331;-27.94945;3;36;EXTRACT;1;
311.5;404;-15.77338;-17.77155;3;23;EXTRACT;3;
311.5938;407;30.80331;-27.94945;3;36;DISCOVER;0;
312.3438;405;-18.17883;-30.30197;3;6;EXTRACT;2;
312.4688;407;30.80331;-27.94945;3;35;EXTRACT;1;
313.5;404;-15.77338;-17.77155;3;22;EXTRACT;3;
314.25;407;30.80331;-27.94945;3;34;EXTRACT;0;
314.3438;405;-18.17883;-30.30197;3;5;EXTRACT;2;
314.4688;407;30.80331;-27.94945;3;33;EXTRACT;1;
315.5;404;-15.77338;-17.77155;3;21;EXTRACT;3;
316.25;407;30.80331;-27.94945;3;32;EXTRACT;0;
316.3438;405;-18.17883;-30.30197;3;4;EXTRACT;2;
316.4375;407;30.80331;-27.94945;3;31;EXTRACT;1;
317.5;404;-15.77338;-17.77155;3;20;EXTRACT;3;
318.2813;407;30.80331;-27.94945;3;30;EXTRACT;0;
318.3125;405;-18.17883;-30.30197;3;3;EXTRACT;2;
318.4375;407;30.80331;-27.94945;3;29;EXTRACT;1;
319.5;404;-15.77338;-17.77155;3;19;EXTRACT;3;
320.2813;407;30.80331;-27.94945;3;28;EXTRACT;0;
320.3125;405;-18.17883;-30.30197;3;2;EXTRACT;2;
320.4375;407;30.80331;-27.94945;3;27;EXTRACT;1;
321.5;404;-15.77338;-17.77155;3;18;EXTRACT;3;
322.2813;407;30.80331;-27.94945;3;26;EXTRACT;0;
322.3125;405;-18.17883;-30.30197;3;1;EXTRACT;2;
322.4375;407;30.80331;-27.94945;3;25;EXTRACT;1;
323.5;404;-15.77338;-17.77155;3;17;EXTRACT;3;
324.2813;407;30.80331;-27.94945;3;24;EXTRACT;0;
324.3125;405;-18.17883;-30.30197;3;0;EXTRACT;2;
324.2813;405;-18.17883;-30.30197;3;0;DESTROYED;;
324.3125;409;-25.76069;-20.50247;3;48;CREATED;;
324.4375;407;30.80331;-27.94945;3;23;EXTRACT;1;
325.5313;404;-15.77338;-17.77155;3;16;EXTRACT;3;
326.2813;407;30.80331;-27.94945;3;22;EXTRACT;0;
326.4375;407;30.80331;-27.94945;3;21;EXTRACT;1;
327.5313;404;-15.77338;-17.77155;3;15;EXTRACT;3;
328.25;407;30.80331;-27.94945;3;20;EXTRACT;0;
328.4375;407;30.80331;-27.94945;3;19;EXTRACT;1;
329.5313;404;-15.77338;-17.77155;3;14;EXTRACT;3;
330.25;407;30.80331;-27.94945;3;18;EXTRACT;0;
330.4375;407;30.80331;-27.94945;3;17;EXTRACT;1;
331.5313;404;-15.77338;-17.77155;3;13;EXTRACT;3;
332.25;407;30.80331;-27.94945;3;16;EXTRACT;0;
332.4375;407;30.80331;-27.94945;3;15;EXTRACT;1;
333.5313;404;-15.77338;-17.77155;3;12;EXTRACT;3;
334.125;404;-15.77338;-17.77155;3;12;DISCOVER;2;
334.25;407;30.80331;-27.94945;3;14;EXTRACT;0;
334.4688;407;30.80331;-27.94945;3;13;EXTRACT;1;
335.5;404;-15.77338;-17.77155;3;11;EXTRACT;3;
336.25;407;30.80331;-27.94945;3;12;EXTRACT;0;
336.4688;407;30.80331;-27.94945;3;11;EXTRACT;1;
337.375;404;-15.77338;-17.77155;3;10;EXTRACT;2;
337.5;404;-15.77338;-17.77155;3;9;EXTRACT;3;
338.25;407;30.80331;-27.94945;3;10;EXTRACT;0;
338.4688;407;30.80331;-27.94945;3;9;EXTRACT;1;
339.3438;404;-15.77338;-17.77155;3;8;EXTRACT;2;
339.5;404;-15.77338;-17.77155;3;7;EXTRACT;3;
340.25;407;30.80331;-27.94945;3;8;EXTRACT;0;
340.4688;407;30.80331;-27.94945;3;7;EXTRACT;1;
341.3438;404;-15.77338;-17.77155;3;6;EXTRACT;2;
341.5;404;-15.77338;-17.77155;3;5;EXTRACT;3;
342.2813;407;30.80331;-27.94945;3;6;EXTRACT;0;
342.4375;407;30.80331;-27.94945;3;5;EXTRACT;1;
343.3438;404;-15.77338;-17.77155;3;4;EXTRACT;2;
343.5;404;-15.77338;-17.77155;3;3;EXTRACT;3;
344.2813;407;30.80331;-27.94945;3;4;EXTRACT;0;
344.4375;407;30.80331;-27.94945;3;3;EXTRACT;1;
345.3438;404;-15.77338;-17.77155;3;2;EXTRACT;2;
345.5;404;-15.77338;-17.77155;3;1;EXTRACT;3;
346.2813;407;30.80331;-27.94945;3;2;EXTRACT;0;
346.4375;407;30.80331;-27.94945;3;1;EXTRACT;1;
347.3438;404;-15.77338;-17.77155;3;0;EXTRACT;2;
347.3438;404;-15.77338;-17.77155;3;0;DESTROYED;;
347.3438;410;-6.163788;-34.56786;3;48;CREATED;;
348.2813;407;30.80331;-27.94945;3;0;EXTRACT;0;
348.25;407;30.80331;-27.94945;3;0;DESTROYED;;
348.2813;411;-10.20065;40.12414;3;48;CREATED;;
365.7188;406;2.439495;-41.0388;3;48;DISCOVER;0;
368.875;406;2.439495;-41.0388;3;47;EXTRACT;0;
370.9063;406;2.439495;-41.0388;3;46;EXTRACT;0;
372.875;406;2.439495;-41.0388;3;45;EXTRACT;0;
374.8438;406;2.439495;-41.0388;3;44;EXTRACT;0;
376.8438;406;2.439495;-41.0388;3;43;EXTRACT;0;
378.8438;406;2.439495;-41.0388;3;42;EXTRACT;0;
380.8438;406;2.439495;-41.0388;3;41;EXTRACT;0;
382.8438;406;2.439495;-41.0388;3;40;EXTRACT;0;
384.8438;406;2.439495;-41.0388;3;39;EXTRACT;0;
386.875;406;2.439495;-41.0388;3;38;EXTRACT;0;
388.875;406;2.439495;-41.0388;3;37;EXTRACT;0;
390.875;406;2.439495;-41.0388;3;36;EXTRACT;0;
392.8438;406;2.439495;-41.0388;3;35;EXTRACT;0;
394.8438;406;2.439495;-41.0388;3;34;EXTRACT;0;
396.8438;406;2.439495;-41.0388;3;33;EXTRACT;0;
398.875;406;2.439495;-41.0388;3;32;EXTRACT;0;
400.7188;406;2.439495;-41.0388;3;32;DISCOVER;3;
400.875;406;2.439495;-41.0388;3;31;EXTRACT;0;
402.875;406;2.439495;-41.0388;3;30;EXTRACT;0;
403.7188;406;2.439495;-41.0388;3;29;EXTRACT;3;
404.8438;406;2.439495;-41.0388;3;28;EXTRACT;0;
405.7188;406;2.439495;-41.0388;3;27;EXTRACT;3;
406.8438;406;2.439495;-41.0388;3;26;EXTRACT;0;
407.7188;406;2.439495;-41.0388;3;25;EXTRACT;3;
408.8438;406;2.439495;-41.0388;3;24;EXTRACT;0;
409.6875;406;2.439495;-41.0388;3;23;EXTRACT;3;
410.8438;406;2.439495;-41.0388;3;22;EXTRACT;0;
411.6875;406;2.439495;-41.0388;3;21;EXTRACT;3;
412.875;406;2.439495;-41.0388;3;20;EXTRACT;0;
413.6875;406;2.439495;-41.0388;3;19;EXTRACT;3;
414.875;406;2.439495;-41.0388;3;18;EXTRACT;0;
415.7188;406;2.439495;-41.0388;3;17;EXTRACT;3;
416.875;406;2.439495;-41.0388;3;16;EXTRACT;0;
417.7188;406;2.439495;-41.0388;3;15;EXTRACT;3;
418.9063;406;2.439495;-41.0388;3;14;EXTRACT;0;
419.6875;406;2.439495;-41.0388;3;13;EXTRACT;3;
420.875;406;2.439495;-41.0388;3;12;EXTRACT;0;
421.7188;406;2.439495;-41.0388;3;11;EXTRACT;3;
422.8438;406;2.439495;-41.0388;3;10;EXTRACT;0;
423.6875;406;2.439495;-41.0388;3;9;EXTRACT;3;
424.8438;406;2.439495;-41.0388;3;8;EXTRACT;0;
425.6875;406;2.439495;-41.0388;3;7;EXTRACT;3;
426.875;406;2.439495;-41.0388;3;6;EXTRACT;0;
427.7188;406;2.439495;-41.0388;3;5;EXTRACT;3;
428.875;406;2.439495;-41.0388;3;4;EXTRACT;0;
429.7188;406;2.439495;-41.0388;3;3;EXTRACT;3;
430.875;406;2.439495;-41.0388;3;2;EXTRACT;0;
431.7188;406;2.439495;-41.0388;3;1;EXTRACT;3;
432.8438;406;2.439495;-41.0388;3;0;EXTRACT;0;
432.8125;406;2.439495;-41.0388;3;0;DESTROYED;;
432.8438;412;-44.66499;0.1804733;3;48;CREATED;;
440.4688;410;-6.163788;-34.56786;3;48;DISCOVER;3;
443.7188;410;-6.163788;-34.56786;3;47;EXTRACT;3;
445.7188;410;-6.163788;-34.56786;3;46;EXTRACT;3;
447.7188;410;-6.163788;-34.56786;3;45;EXTRACT;3;
449.7188;410;-6.163788;-34.56786;3;44;EXTRACT;3;
451.8125;410;-6.163788;-34.56786;3;43;EXTRACT;3;
453.5625;410;-6.163788;-34.56786;3;42;EXTRACT;3;
455.5938;410;-6.163788;-34.56786;3;41;EXTRACT;3;
457.5313;410;-6.163788;-34.56786;3;40;EXTRACT;3;
459.5313;410;-6.163788;-34.56786;3;39;EXTRACT;3;
461.5313;410;-6.163788;-34.56786;3;38;EXTRACT;3;
463.5313;410;-6.163788;-34.56786;3;37;EXTRACT;3;
465.5313;410;-6.163788;-34.56786;3;36;EXTRACT;3;
467.5313;410;-6.163788;-34.56786;3;35;EXTRACT;3;
469.5313;410;-6.163788;-34.56786;3;34;EXTRACT;3;
470.9063;410;-6.163788;-34.56786;3;34;DISCOVER;0;
471.5313;410;-6.163788;-34.56786;3;33;EXTRACT;3;
473.375;410;-6.163788;-34.56786;3;33;DISCOVER;1;
473.5313;410;-6.163788;-34.56786;3;32;EXTRACT;0;
473.5313;410;-6.163788;-34.56786;3;31;EXTRACT;3;
475.5625;410;-6.163788;-34.56786;3;30;EXTRACT;0;
475.5625;410;-6.163788;-34.56786;3;29;EXTRACT;3;
475.9063;410;-6.163788;-34.56786;3;28;EXTRACT;1;
477.5313;410;-6.163788;-34.56786;3;27;EXTRACT;0;
477.5313;410;-6.163788;-34.56786;3;26;EXTRACT;3;
477.9063;410;-6.163788;-34.56786;3;25;EXTRACT;1;
479.4375;410;-6.163788;-34.56786;3;24;EXTRACT;0;
479.4688;410;-6.163788;-34.56786;3;23;EXTRACT;3;
479.8438;410;-6.163788;-34.56786;3;22;EXTRACT;1;
481.4688;410;-6.163788;-34.56786;3;21;EXTRACT;0;
481.4688;410;-6.163788;-34.56786;3;20;EXTRACT;3;
481.8125;410;-6.163788;-34.56786;3;19;EXTRACT;1;
483.4688;410;-6.163788;-34.56786;3;18;EXTRACT;0;
483.4688;410;-6.163788;-34.56786;3;17;EXTRACT;3;
483.875;410;-6.163788;-34.56786;3;16;EXTRACT;1;
485.4375;410;-6.163788;-34.56786;3;15;EXTRACT;0;
485.4375;410;-6.163788;-34.56786;3;14;EXTRACT;3;
485.75;410;-6.163788;-34.56786;3;13;EXTRACT;1;
487.4063;410;-6.163788;-34.56786;3;12;EXTRACT;0;
487.4063;410;-6.163788;-34.56786;3;11;EXTRACT;3;
487.6875;410;-6.163788;-34.56786;3;10;EXTRACT;1;
489.3125;410;-6.163788;-34.56786;3;9;EXTRACT;0;
489.3125;410;-6.163788;-34.56786;3;8;EXTRACT;3;
489.6875;410;-6.163788;-34.56786;3;7;EXTRACT;1;
491.3125;410;-6.163788;-34.56786;3;6;EXTRACT;0;
491.3125;410;-6.163788;-34.56786;3;5;EXTRACT;3;
491.6875;410;-6.163788;-34.56786;3;4;EXTRACT;1;
493.3125;410;-6.163788;-34.56786;3;3;EXTRACT;0;
493.3125;410;-6.163788;-34.56786;3;2;EXTRACT;3;
493.6563;410;-6.163788;-34.56786;3;1;EXTRACT;1;
495.3125;410;-6.163788;-34.56786;3;0;EXTRACT;0;
495.2813;410;-6.163788;-34.56786;3;0;DESTROYED;;
495.3125;413;1.055176;32.28185;3;48;CREATED;;
525.0313;408;-35.95061;-30.44938;3;48;DISCOVER;3;
527.9688;408;-35.95061;-30.44938;3;47;EXTRACT;3;
529.9688;408;-35.95061;-30.44938;3;46;EXTRACT;3;
531.9688;408;-35.95061;-30.44938;3;45;EXTRACT;3;
534;408;-35.95061;-30.44938;3;44;EXTRACT;3;
536;408;-35.95061;-30.44938;3;43;EXTRACT;3;
537.9688;408;-35.95061;-30.44938;3;42;EXTRACT;3;
539.9688;408;-35.95061;-30.44938;3;41;EXTRACT;3;
541.9688;408;-35.95061;-30.44938;3;40;EXTRACT;3;
544;408;-35.95061;-30.44938;3;39;EXTRACT;3;
546;408;-35.95061;-30.44938;3;38;EXTRACT;3;
546.2813;408;-35.95061;-30.44938;3;38;DISCOVER;1;
548;408;-35.95061;-30.44938;3;37;EXTRACT;3;
548.875;408;-35.95061;-30.44938;3;36;EXTRACT;1;
549.9688;408;-35.95061;-30.44938;3;35;EXTRACT;3;
550.875;408;-35.95061;-30.44938;3;34;EXTRACT;1;
551.9688;408;-35.95061;-30.44938;3;33;EXTRACT;3;
552.9063;408;-35.95061;-30.44938;3;32;EXTRACT;1;
553.9688;408;-35.95061;-30.44938;3;31;EXTRACT;3;
554.875;408;-35.95061;-30.44938;3;30;EXTRACT;1;
556;408;-35.95061;-30.44938;3;29;EXTRACT;3;
556.875;408;-35.95061;-30.44938;3;28;EXTRACT;1;
558;408;-35.95061;-30.44938;3;27;EXTRACT;3;
558.875;408;-35.95061;-30.44938;3;26;EXTRACT;1;
560;408;-35.95061;-30.44938;3;25;EXTRACT;3;
560.875;408;-35.95061;-30.44938;3;24;EXTRACT;1;
562;408;-35.95061;-30.44938;3;23;EXTRACT;3;
562.875;408;-35.95061;-30.44938;3;22;EXTRACT;1;
563.9688;408;-35.95061;-30.44938;3;21;EXTRACT;3;
564.875;408;-35.95061;-30.44938;3;20;EXTRACT;1;
565.9688;408;-35.95061;-30.44938;3;19;EXTRACT;3;
566.9063;408;-35.95061;-30.44938;3;18;EXTRACT;1;
567.9688;408;-35.95061;-30.44938;3;17;EXTRACT;3;
568.9063;408;-35.95061;-30.44938;3;16;EXTRACT;1;
569.9688;408;-35.95061;-30.44938;3;15;EXTRACT;3;
570.9063;408;-35.95061;-30.44938;3;14;EXTRACT;1;
571.9688;408;-35.95061;-30.44938;3;13;EXTRACT;3;
572.875;408;-35.95061;-30.44938;3;12;EXTRACT;1;
573.9688;408;-35.95061;-30.44938;3;11;EXTRACT;3;
574.0313;413;1.055176;32.28185;3;48;DISCOVER;2;
574.875;408;-35.95061;-30.44938;3;10;EXTRACT;1;
576;408;-35.95061;-30.44938;3;9;EXTRACT;3;
576.875;408;-35.95061;-30.44938;3;8;EXTRACT;1;
577.125;413;1.055176;32.28185;3;47;EXTRACT;2;
578;408;-35.95061;-30.44938;3;7;EXTRACT;3;
578.875;408;-35.95061;-30.44938;3;6;EXTRACT;1;
579.125;413;1.055176;32.28185;3;46;EXTRACT;2;
580;408;-35.95061;-30.44938;3;5;EXTRACT;3;
580.875;408;-35.95061;-30.44938;3;4;EXTRACT;1;
581.0938;413;1.055176;32.28185;3;45;EXTRACT;2;
582;408;-35.95061;-30.44938;3;3;EXTRACT;3;
582.875;408;-35.95061;-30.44938;3;2;EXTRACT;1;
583.0938;413;1.055176;32.28185;3;44;EXTRACT;2;
584;408;-35.95061;-30.44938;3;1;EXTRACT;3;
584.875;408;-35.95061;-30.44938;3;0;EXTRACT;1;
584.8438;408;-35.95061;-30.44938;3;0;DESTROYED;;
584.875;414;-15.39236;-32.90842;3;48;CREATED;;
585.0938;413;1.055176;32.28185;3;44;DISCOVER;0;
585.0938;413;1.055176;32.28185;3;43;EXTRACT;2;
587.0938;413;1.055176;32.28185;3;42;EXTRACT;2;
587.7813;413;1.055176;32.28185;3;41;EXTRACT;0;
589.0938;413;1.055176;32.28185;3;40;EXTRACT;2;
589.7813;413;1.055176;32.28185;3;39;EXTRACT;0;
591.0938;413;1.055176;32.28185;3;38;EXTRACT;2;
591.75;413;1.055176;32.28185;3;37;EXTRACT;0;
593.0938;413;1.055176;32.28185;3;36;EXTRACT;2;
593.75;413;1.055176;32.28185;3;35;EXTRACT;0;
594.9063;409;-25.76069;-20.50247;3;48;DISCOVER;1;
595.0938;413;1.055176;32.28185;3;34;EXTRACT;2;
595.75;413;1.055176;32.28185;3;33;EXTRACT;0;
597.0938;413;1.055176;32.28185;3;32;EXTRACT;2;
597.75;413;1.055176;32.28185;3;31;EXTRACT;0;
598;409;-25.76069;-20.50247;3;47;EXTRACT;1;
599.125;413;1.055176;32.28185;3;30;EXTRACT;2;
599.75;413;1.055176;32.28185;3;29;EXTRACT;0;
600;409;-25.76069;-20.50247;3;46;EXTRACT;1;
601.125;413;1.055176;32.28185;3;28;EXTRACT;2;
601.75;413;1.055176;32.28185;3;27;EXTRACT;0;
602;409;-25.76069;-20.50247;3;45;EXTRACT;1;
603.0938;413;1.055176;32.28185;3;26;EXTRACT;2;
603.7813;413;1.055176;32.28185;3;25;EXTRACT;0;
603.9688;409;-25.76069;-20.50247;3;44;EXTRACT;1;
605.0938;413;1.055176;32.28185;3;24;EXTRACT;2;
605.7188;413;1.055176;32.28185;3;23;EXTRACT;0;
605.9688;409;-25.76069;-20.50247;3;43;EXTRACT;1;
607.0938;413;1.055176;32.28185;3;22;EXTRACT;2;
607.75;413;1.055176;32.28185;3;21;EXTRACT;0;
607.9688;409;-25.76069;-20.50247;3;42;EXTRACT;1;
609.0938;413;1.055176;32.28185;3;20;EXTRACT;2;
609.75;413;1.055176;32.28185;3;19;EXTRACT;0;
610;409;-25.76069;-20.50247;3;41;EXTRACT;1;
611.125;413;1.055176;32.28185;3;18;EXTRACT;2;
611.75;413;1.055176;32.28185;3;17;EXTRACT;0;
612;409;-25.76069;-20.50247;3;40;EXTRACT;1;
613.125;413;1.055176;32.28185;3;16;EXTRACT;2;
613.75;413;1.055176;32.28185;3;15;EXTRACT;0;
614;409;-25.76069;-20.50247;3;39;EXTRACT;1;
615.0938;413;1.055176;32.28185;3;14;EXTRACT;2;
615.75;413;1.055176;32.28185;3;13;EXTRACT;0;
615.9688;409;-25.76069;-20.50247;3;38;EXTRACT;1;
617.0938;413;1.055176;32.28185;3;12;EXTRACT;2;
617.7813;413;1.055176;32.28185;3;11;EXTRACT;0;
617.9688;409;-25.76069;-20.50247;3;37;EXTRACT;1;
619.0938;413;1.055176;32.28185;3;10;EXTRACT;2;
619.7188;413;1.055176;32.28185;3;9;EXTRACT;0;
619.9688;409;-25.76069;-20.50247;3;36;EXTRACT;1;
620.4063;409;-25.76069;-20.50247;3;36;DISCOVER;3;
621.0938;413;1.055176;32.28185;3;8;EXTRACT;2;
621.75;413;1.055176;32.28185;3;7;EXTRACT;0;
621.9688;409;-25.76069;-20.50247;3;35;EXTRACT;1;
623.0938;413;1.055176;32.28185;3;6;EXTRACT;2;
623.4688;409;-25.76069;-20.50247;3;34;EXTRACT;3;
623.75;413;1.055176;32.28185;3;5;EXTRACT;0;
623.9688;409;-25.76069;-20.50247;3;33;EXTRACT;1;
625.0938;413;1.055176;32.28185;3;4;EXTRACT;2;
625.4688;409;-25.76069;-20.50247;3;32;EXTRACT;3;
625.75;413;1.055176;32.28185;3;3;EXTRACT;0;
625.9688;409;-25.76069;-20.50247;3;31;EXTRACT;1;
627.0938;413;1.055176;32.28185;3;2;EXTRACT;2;
627.4688;409;-25.76069;-20.50247;3;30;EXTRACT;3;
627.75;413;1.055176;32.28185;3;1;EXTRACT;0;
627.9688;409;-25.76069;-20.50247;3;29;EXTRACT;1;
629.0938;413;1.055176;32.28185;3;0;EXTRACT;2;
629.0938;413;1.055176;32.28185;3;0;DESTROYED;;
629.0938;415;29.25006;5.610146;3;48;CREATED;;
629.4688;409;-25.76069;-20.50247;3;28;EXTRACT;3;
630;409;-25.76069;-20.50247;3;27;EXTRACT;1;
631.4688;409;-25.76069;-20.50247;3;26;EXTRACT;3;
632;409;-25.76069;-20.50247;3;25;EXTRACT;1;
633.4375;409;-25.76069;-20.50247;3;24;EXTRACT;3;
634;409;-25.76069;-20.50247;3;23;EXTRACT;1;
635.4375;409;-25.76069;-20.50247;3;22;EXTRACT;3;
636;409;-25.76069;-20.50247;3;21;EXTRACT;1;
637.4688;409;-25.76069;-20.50247;3;20;EXTRACT;3;
638.0313;409;-25.76069;-20.50247;3;19;EXTRACT;1;
639.4688;409;-25.76069;-20.50247;3;18;EXTRACT;3;
639.9688;409;-25.76069;-20.50247;3;17;EXTRACT;1;
641.4688;409;-25.76069;-20.50247;3;16;EXTRACT;3;
642;409;-25.76069;-20.50247;3;15;EXTRACT;1;
643.4375;409;-25.76069;-20.50247;3;14;EXTRACT;3;
644;409;-25.76069;-20.50247;3;13;EXTRACT;1;
645.4375;409;-25.76069;-20.50247;3;12;EXTRACT;3;
646;409;-25.76069;-20.50247;3;11;EXTRACT;1;
647.4375;409;-25.76069;-20.50247;3;10;EXTRACT;3;
648;409;-25.76069;-20.50247;3;9;EXTRACT;1;
649.4375;409;-25.76069;-20.50247;3;8;EXTRACT;3;
650;409;-25.76069;-20.50247;3;7;EXTRACT;1;
651.4688;409;-25.76069;-20.50247;3;6;EXTRACT;3;
652;409;-25.76069;-20.50247;3;5;EXTRACT;1;
653.4688;409;-25.76069;-20.50247;3;4;EXTRACT;3;
653.9688;409;-25.76069;-20.50247;3;3;EXTRACT;1;
655.4688;409;-25.76069;-20.50247;3;2;EXTRACT;3;
656;409;-25.76069;-20.50247;3;1;EXTRACT;1;
657.4688;409;-25.76069;-20.50247;3;0;EXTRACT;3;
657.4375;409;-25.76069;-20.50247;3;0;DESTROYED;;
657.4688;416;-36.16454;-23.26297;3;48;CREATED;;
662.2813;412;-44.66499;0.1804733;3;48;DISCOVER;0;
665.1875;412;-44.66499;0.1804733;3;47;EXTRACT;0;
667.1875;412;-44.66499;0.1804733;3;46;EXTRACT;0;
669.1875;412;-44.66499;0.1804733;3;45;EXTRACT;0;
671.1875;412;-44.66499;0.1804733;3;44;EXTRACT;0;
673.125;412;-44.66499;0.1804733;3;43;EXTRACT;0;
675.1563;412;-44.66499;0.1804733;3;42;EXTRACT;0;
677.1875;412;-44.66499;0.1804733;3;41;EXTRACT;0;
679.1563;412;-44.66499;0.1804733;3;40;EXTRACT;0;
679.7813;412;-44.66499;0.1804733;3;40;DISCOVER;1;
681.1563;412;-44.66499;0.1804733;3;39;EXTRACT;0;
682.6563;412;-44.66499;0.1804733;3;38;EXTRACT;1;
683.1563;412;-44.66499;0.1804733;3;37;EXTRACT;0;
684.625;412;-44.66499;0.1804733;3;36;EXTRACT;1;
685.1563;412;-44.66499;0.1804733;3;35;EXTRACT;0;
686.6563;412;-44.66499;0.1804733;3;34;EXTRACT;1;
687.125;412;-44.66499;0.1804733;3;33;EXTRACT;0;
688.6563;412;-44.66499;0.1804733;3;32;EXTRACT;1;
689.125;412;-44.66499;0.1804733;3;31;EXTRACT;0;
690.6563;412;-44.66499;0.1804733;3;30;EXTRACT;1;
691.1563;412;-44.66499;0.1804733;3;29;EXTRACT;0;
692.6563;412;-44.66499;0.1804733;3;28;EXTRACT;1;
693.1563;412;-44.66499;0.1804733;3;27;EXTRACT;0;
694.6563;412;-44.66499;0.1804733;3;26;EXTRACT;1;
695.1563;412;-44.66499;0.1804733;3;25;EXTRACT;0;
696.6875;412;-44.66499;0.1804733;3;24;EXTRACT;1;
697.1563;412;-44.66499;0.1804733;3;23;EXTRACT;0;
698.6563;412;-44.66499;0.1804733;3;22;EXTRACT;1;
699.1563;412;-44.66499;0.1804733;3;21;EXTRACT;0;
700.6563;412;-44.66499;0.1804733;3;20;EXTRACT;1;
701.125;412;-44.66499;0.1804733;3;19;EXTRACT;0;
702.6563;412;-44.66499;0.1804733;3;18;EXTRACT;1;
703.125;412;-44.66499;0.1804733;3;17;EXTRACT;0;
704.6563;412;-44.66499;0.1804733;3;16;EXTRACT;1;
705.1563;412;-44.66499;0.1804733;3;15;EXTRACT;0;
706.6563;412;-44.66499;0.1804733;3;14;EXTRACT;1;
707.1563;412;-44.66499;0.1804733;3;13;EXTRACT;0;
708.6875;412;-44.66499;0.1804733;3;12;EXTRACT;1;
709.1563;412;-44.66499;0.1804733;3;11;EXTRACT;0;
710.6563;412;-44.66499;0.1804733;3;10;EXTRACT;1;
711.1563;412;-44.66499;0.1804733;3;9;EXTRACT;0;
711.2813;412;-44.66499;0.1804733;3;9;DISCOVER;3;
712.6563;412;-44.66499;0.1804733;3;8;EXTRACT;1;
713.125;412;-44.66499;0.1804733;3;7;EXTRACT;0;
714.6875;412;-44.66499;0.1804733;3;6;EXTRACT;1;
714.7188;412;-44.66499;0.1804733;3;5;EXTRACT;3;
715.1563;412;-44.66499;0.1804733;3;4;EXTRACT;0;
716.6875;412;-44.66499;0.1804733;3;3;EXTRACT;1;
716.7188;412;-44.66499;0.1804733;3;2;EXTRACT;3;
717.1563;412;-44.66499;0.1804733;3;1;EXTRACT;0;
718.6875;412;-44.66499;0.1804733;3;0;EXTRACT;1;
718.6563;412;-44.66499;0.1804733;3;0;DESTROYED;;
718.6875;417;15.96883;14.04805;3;48;CREATED;;
