Time;PatchID;PositionX;PositionZ;Radius;CoinAmount;PatchEvent;TriggerPlayer;
0;63;-33.85122;12.95403;3;16;CREATED;;
0;64;31.7984;-13.85321;3;16;CREATED;;
0;65;-6.042187;-37.64711;3;16;CREATED;;
0;66;-16.25124;5.920692;3;16;CREATED;;
0;67;-40.66888;40.17851;3;16;CREATED;;
0;68;-25.91583;8.539623;3;16;CREATED;;
0;69;-24.1426;-15.43545;3;16;CREATED;;
0;70;-34.32768;2.840206;3;16;CREATED;;
0;71;-42.87587;-17.05504;3;16;CREATED;;
0;72;0.6355934;-43.57302;3;16;CREATED;;
0;73;-22.61211;30.03638;3;16;CREATED;;
0;74;31.612;24.40465;3;16;CREATED;;
0;75;-12.53557;-25.58808;3;16;CREATED;;
0;76;36.71639;11.93065;3;16;CREATED;;
0;77;1.525902;-14.95075;3;16;CREATED;;
2.439941;65;-6.042187;-37.64711;3;16;DISCOVER;0;
5.408447;65;-6.042187;-37.64711;3;15;EXTRACT;0;
7.408691;65;-6.042187;-37.64711;3;14;EXTRACT;0;
9.408691;65;-6.042187;-37.64711;3;13;EXTRACT;0;
11.40869;65;-6.042187;-37.64711;3;12;EXTRACT;0;
13.40869;65;-6.042187;-37.64711;3;11;EXTRACT;0;
15.40894;65;-6.042187;-37.64711;3;10;EXTRACT;0;
17.40894;65;-6.042187;-37.64711;3;9;EXTRACT;0;
19.40894;65;-6.042187;-37.64711;3;8;EXTRACT;0;
21.40894;65;-6.042187;-37.64711;3;7;EXTRACT;0;
23.40918;65;-6.042187;-37.64711;3;6;EXTRACT;0;
25.40918;65;-6.042187;-37.64711;3;5;EXTRACT;0;
27.40918;65;-6.042187;-37.64711;3;4;EXTRACT;0;
29.40918;65;-6.042187;-37.64711;3;3;EXTRACT;0;
31.40918;65;-6.042187;-37.64711;3;2;EXTRACT;0;
33.40942;65;-6.042187;-37.64711;3;1;EXTRACT;0;
35.40942;65;-6.042187;-37.64711;3;0;EXTRACT;0;
35.40942;65;-6.042187;-37.64711;3;0;DESTROYED;;
35.44287;78;-5.884556;18.39008;3;16;CREATED;;
69.83984;71;-42.87587;-17.05504;3;16;DISCOVER;0;
73.34399;71;-42.87587;-17.05504;3;15;EXTRACT;0;
75.34399;71;-42.87587;-17.05504;3;14;EXTRACT;0;
77.34399;71;-42.87587;-17.05504;3;13;EXTRACT;0;
79.34399;71;-42.87587;-17.05504;3;12;EXTRACT;0;
81.34424;71;-42.87587;-17.05504;3;11;EXTRACT;0;
83.34424;71;-42.87587;-17.05504;3;10;EXTRACT;0;
85.34424;71;-42.87587;-17.05504;3;9;EXTRACT;0;
87.34424;71;-42.87587;-17.05504;3;8;EXTRACT;0;
89.34448;71;-42.87587;-17.05504;3;7;EXTRACT;0;
91.34448;71;-42.87587;-17.05504;3;6;EXTRACT;0;
93.34448;71;-42.87587;-17.05504;3;5;EXTRACT;0;
95.34473;71;-42.87587;-17.05504;3;4;EXTRACT;0;
97.34473;71;-42.87587;-17.05504;3;3;EXTRACT;0;
99.34473;71;-42.87587;-17.05504;3;2;EXTRACT;0;
101.3447;71;-42.87587;-17.05504;3;1;EXTRACT;0;
103.3447;71;-42.87587;-17.05504;3;0;EXTRACT;0;
103.3447;71;-42.87587;-17.05504;3;0;DESTROYED;;
103.3616;79;-33.49303;-8.395611;3;16;CREATED;;
134.3599;67;-40.66888;40.17851;3;16;DISCOVER;0;
137.7292;67;-40.66888;40.17851;3;15;EXTRACT;0;
139.7292;67;-40.66888;40.17851;3;14;EXTRACT;0;
141.7292;67;-40.66888;40.17851;3;13;EXTRACT;0;
143.7295;67;-40.66888;40.17851;3;12;EXTRACT;0;
145.7295;67;-40.66888;40.17851;3;11;EXTRACT;0;
147.7295;67;-40.66888;40.17851;3;10;EXTRACT;0;
149.7295;67;-40.66888;40.17851;3;9;EXTRACT;0;
151.7297;67;-40.66888;40.17851;3;8;EXTRACT;0;
153.7297;67;-40.66888;40.17851;3;7;EXTRACT;0;
155.7297;67;-40.66888;40.17851;3;6;EXTRACT;0;
157.7297;67;-40.66888;40.17851;3;5;EXTRACT;0;
159.73;67;-40.66888;40.17851;3;4;EXTRACT;0;
161.73;67;-40.66888;40.17851;3;3;EXTRACT;0;
163.73;67;-40.66888;40.17851;3;2;EXTRACT;0;
165.73;67;-40.66888;40.17851;3;1;EXTRACT;0;
167.73;67;-40.66888;40.17851;3;0;EXTRACT;0;
167.73;67;-40.66888;40.17851;3;0;DESTROYED;;
167.7634;80;-28.64998;43.40369;3;16;CREATED;;
178;80;-28.64998;43.40369;3;16;DISCOVER;0;
181.0972;80;-28.64998;43.40369;3;15;EXTRACT;0;
183.0972;80;-28.64998;43.40369;3;14;EXTRACT;0;
185.0972;80;-28.64998;43.40369;3;13;EXTRACT;0;
187.0974;80;-28.64998;43.40369;3;12;EXTRACT;0;
189.0974;80;-28.64998;43.40369;3;11;EXTRACT;0;
191.0974;80;-28.64998;43.40369;3;10;EXTRACT;0;
193.0977;80;-28.64998;43.40369;3;9;EXTRACT;0;
195.0977;80;-28.64998;43.40369;3;8;EXTRACT;0;
197.0977;80;-28.64998;43.40369;3;7;EXTRACT;0;
199.0977;80;-28.64998;43.40369;3;6;EXTRACT;0;
201.0977;80;-28.64998;43.40369;3;5;EXTRACT;0;
203.0979;80;-28.64998;43.40369;3;4;EXTRACT;0;
205.0979;80;-28.64998;43.40369;3;3;EXTRACT;0;
207.0979;80;-28.64998;43.40369;3;2;EXTRACT;0;
209.0981;80;-28.64998;43.40369;3;1;EXTRACT;0;
211.0981;80;-28.64998;43.40369;3;0;EXTRACT;0;
211.0981;80;-28.64998;43.40369;3;0;DESTROYED;;
211.1313;81;33.45749;-33.39846;3;16;CREATED;;
261.96;76;36.71639;11.93065;3;16;DISCOVER;0;
266.3164;76;36.71639;11.93065;3;15;EXTRACT;0;
268.3164;76;36.71639;11.93065;3;14;EXTRACT;0;
270.3167;76;36.71639;11.93065;3;13;EXTRACT;0;
272.3167;76;36.71639;11.93065;3;12;EXTRACT;0;
274.3167;76;36.71639;11.93065;3;11;EXTRACT;0;
276.3167;76;36.71639;11.93065;3;10;EXTRACT;0;
278.3169;76;36.71639;11.93065;3;9;EXTRACT;0;
280.3169;76;36.71639;11.93065;3;8;EXTRACT;0;
282.3169;76;36.71639;11.93065;3;7;EXTRACT;0;
284.3169;76;36.71639;11.93065;3;6;EXTRACT;0;
286.3171;76;36.71639;11.93065;3;5;EXTRACT;0;
288.3171;76;36.71639;11.93065;3;4;EXTRACT;0;
290.3171;76;36.71639;11.93065;3;3;EXTRACT;0;
292.3171;76;36.71639;11.93065;3;2;EXTRACT;0;
294.3174;76;36.71639;11.93065;3;1;EXTRACT;0;
296.3174;76;36.71639;11.93065;3;0;EXTRACT;0;
296.3174;76;36.71639;11.93065;3;0;DESTROYED;;
296.334;82;16.70461;40.86971;3;16;CREATED;;
324;81;33.45749;-33.39846;3;16;DISCOVER;0;
326.8682;81;33.45749;-33.39846;3;15;EXTRACT;0;
328.8684;81;33.45749;-33.39846;3;14;EXTRACT;0;
330.8684;81;33.45749;-33.39846;3;13;EXTRACT;0;
332.8684;81;33.45749;-33.39846;3;12;EXTRACT;0;
334.8684;81;33.45749;-33.39846;3;11;EXTRACT;0;
336.8687;81;33.45749;-33.39846;3;10;EXTRACT;0;
338.8687;81;33.45749;-33.39846;3;9;EXTRACT;0;
340.8687;81;33.45749;-33.39846;3;8;EXTRACT;0;
342.8687;81;33.45749;-33.39846;3;7;EXTRACT;0;
344.8689;81;33.45749;-33.39846;3;6;EXTRACT;0;
346.8689;81;33.45749;-33.39846;3;5;EXTRACT;0;
348.8689;81;33.45749;-33.39846;3;4;EXTRACT;0;
350.8689;81;33.45749;-33.39846;3;3;EXTRACT;0;
352.8691;81;33.45749;-33.39846;3;2;EXTRACT;0;
354.8691;81;33.45749;-33.39846;3;1;EXTRACT;0;
356.8691;81;33.45749;-33.39846;3;0;EXTRACT;0;
356.8691;81;33.45749;-33.39846;3;0;DESTROYED;;
356.8857;83;-41.81136;9.130405;3;16;CREATED;;
412.5598;63;-33.85122;12.95403;3;16;DISCOVER;0;
416.3542;63;-33.85122;12.95403;3;15;EXTRACT;0;
418.3542;63;-33.85122;12.95403;3;14;EXTRACT;0;
420.3545;63;-33.85122;12.95403;3;13;EXTRACT;0;
422.3545;63;-33.85122;12.95403;3;12;EXTRACT;0;
424.3545;63;-33.85122;12.95403;3;11;EXTRACT;0;
426.3545;63;-33.85122;12.95403;3;10;EXTRACT;0;
428.3547;63;-33.85122;12.95403;3;9;EXTRACT;0;
430.3547;63;-33.85122;12.95403;3;8;EXTRACT;0;
432.3547;63;-33.85122;12.95403;3;7;EXTRACT;0;
434.3547;63;-33.85122;12.95403;3;6;EXTRACT;0;
436.355;63;-33.85122;12.95403;3;5;EXTRACT;0;
438.355;63;-33.85122;12.95403;3;4;EXTRACT;0;
440.355;63;-33.85122;12.95403;3;3;EXTRACT;0;
442.355;63;-33.85122;12.95403;3;2;EXTRACT;0;
444.3552;63;-33.85122;12.95403;3;1;EXTRACT;0;
446.3552;63;-33.85122;12.95403;3;0;EXTRACT;0;
446.3552;63;-33.85122;12.95403;3;0;DESTROYED;;
446.3718;84;20.41884;0.9996223;3;16;CREATED;;
545;77;1.525902;-14.95075;3;16;DISCOVER;0;
548.625;77;1.525902;-14.95075;3;15;EXTRACT;0;
550.625;77;1.525902;-14.95075;3;14;EXTRACT;0;
552.625;77;1.525902;-14.95075;3;13;EXTRACT;0;
554.6252;77;1.525902;-14.95075;3;12;EXTRACT;0;
556.6252;77;1.525902;-14.95075;3;11;EXTRACT;0;
558.6252;77;1.525902;-14.95075;3;10;EXTRACT;0;
560.6252;77;1.525902;-14.95075;3;9;EXTRACT;0;
562.6255;77;1.525902;-14.95075;3;8;EXTRACT;0;
564.6255;77;1.525902;-14.95075;3;7;EXTRACT;0;
566.6255;77;1.525902;-14.95075;3;6;EXTRACT;0;
568.6255;77;1.525902;-14.95075;3;5;EXTRACT;0;
570.6255;77;1.525902;-14.95075;3;4;EXTRACT;0;
572.6257;77;1.525902;-14.95075;3;3;EXTRACT;0;
574.6257;77;1.525902;-14.95075;3;2;EXTRACT;0;
576.6257;77;1.525902;-14.95075;3;1;EXTRACT;0;
578.6257;77;1.525902;-14.95075;3;0;EXTRACT;0;
578.6257;77;1.525902;-14.95075;3;0;DESTROYED;;
578.6426;85;24.32065;-14.10245;3;16;CREATED;;
633.24;84;20.41884;0.9996223;3;16;DISCOVER;0;
637.1777;84;20.41884;0.9996223;3;15;EXTRACT;0;
639.1777;84;20.41884;0.9996223;3;14;EXTRACT;0;
641.1777;84;20.41884;0.9996223;3;13;EXTRACT;0;
643.1777;84;20.41884;0.9996223;3;12;EXTRACT;0;
645.178;84;20.41884;0.9996223;3;11;EXTRACT;0;
647.178;84;20.41884;0.9996223;3;10;EXTRACT;0;
649.178;84;20.41884;0.9996223;3;9;EXTRACT;0;
651.178;84;20.41884;0.9996223;3;8;EXTRACT;0;
653.1782;84;20.41884;0.9996223;3;7;EXTRACT;0;
655.1782;84;20.41884;0.9996223;3;6;EXTRACT;0;
657.1782;84;20.41884;0.9996223;3;5;EXTRACT;0;
659.1782;84;20.41884;0.9996223;3;4;EXTRACT;0;
661.1785;84;20.41884;0.9996223;3;3;EXTRACT;0;
663.1785;84;20.41884;0.9996223;3;2;EXTRACT;0;
665.1785;84;20.41884;0.9996223;3;1;EXTRACT;0;
667.1785;84;20.41884;0.9996223;3;0;EXTRACT;0;
667.1785;84;20.41884;0.9996223;3;0;DESTROYED;;
667.2119;86;33.90383;5.333557;3;16;CREATED;;
692.0398;78;-5.884556;18.39008;3;16;DISCOVER;0;
695.6128;78;-5.884556;18.39008;3;15;EXTRACT;0;
697.6128;78;-5.884556;18.39008;3;14;EXTRACT;0;
699.6128;78;-5.884556;18.39008;3;13;EXTRACT;0;
701.613;78;-5.884556;18.39008;3;12;EXTRACT;0;
703.613;78;-5.884556;18.39008;3;11;EXTRACT;0;
705.613;78;-5.884556;18.39008;3;10;EXTRACT;0;
707.613;78;-5.884556;18.39008;3;9;EXTRACT;0;
709.613;78;-5.884556;18.39008;3;8;EXTRACT;0;
711.6133;78;-5.884556;18.39008;3;7;EXTRACT;0;
713.6133;78;-5.884556;18.39008;3;6;EXTRACT;0;
715.6133;78;-5.884556;18.39008;3;5;EXTRACT;0;
717.6135;78;-5.884556;18.39008;3;4;EXTRACT;0;
719.6135;78;-5.884556;18.39008;3;3;EXTRACT;0;
