Time;PatchID;PositionX;PositionZ;Radius;CoinAmount;PatchEvent;TriggerPlayer;
0;833;13.51632;41.47343;3;48;CREATED;;
0;834;-18.90697;7.433277;3;48;CREATED;;
0;835;-39.69177;22.77857;3;48;CREATED;;
0;836;0.2352028;-20.42462;3;48;CREATED;;
0;837;3.709652;6.402855;3;48;CREATED;;
1.75;834;-18.90697;7.433277;3;48;DISCOVER;0;
5;834;-18.90697;7.433277;3;47;EXTRACT;0;
7;834;-18.90697;7.433277;3;46;EXTRACT;0;
9;834;-18.90697;7.433277;3;45;EXTRACT;0;
11;834;-18.90697;7.433277;3;44;EXTRACT;0;
13;834;-18.90697;7.433277;3;43;EXTRACT;0;
15;834;-18.90697;7.433277;3;42;EXTRACT;0;
17;834;-18.90697;7.433277;3;41;EXTRACT;0;
17.3125;837;3.709652;6.402855;3;48;DISCOVER;2;
19;834;-18.90697;7.433277;3;40;EXTRACT;0;
20.4375;837;3.709652;6.402855;3;47;EXTRACT;2;
21;834;-18.90697;7.433277;3;39;EXTRACT;0;
22.4375;837;3.709652;6.402855;3;46;EXTRACT;2;
23;834;-18.90697;7.433277;3;38;EXTRACT;0;
24.4375;837;3.709652;6.402855;3;45;EXTRACT;2;
25;834;-18.90697;7.433277;3;37;EXTRACT;0;
26.375;837;3.709652;6.402855;3;44;EXTRACT;2;
27;834;-18.90697;7.433277;3;36;EXTRACT;0;
28.375;837;3.709652;6.402855;3;43;EXTRACT;2;
29;834;-18.90697;7.433277;3;35;EXTRACT;0;
30.375;837;3.709652;6.402855;3;42;EXTRACT;2;
31;834;-18.90697;7.433277;3;34;EXTRACT;0;
32.375;837;3.709652;6.402855;3;41;EXTRACT;2;
33;834;-18.90697;7.433277;3;33;EXTRACT;0;
34.375;837;3.709652;6.402855;3;40;EXTRACT;2;
35;834;-18.90697;7.433277;3;32;EXTRACT;0;
36.375;837;3.709652;6.402855;3;39;EXTRACT;2;
37;834;-18.90697;7.433277;3;31;EXTRACT;0;
38.375;837;3.709652;6.402855;3;38;EXTRACT;2;
39;834;-18.90697;7.433277;3;30;EXTRACT;0;
40.375;837;3.709652;6.402855;3;37;EXTRACT;2;
41;834;-18.90697;7.433277;3;29;EXTRACT;0;
42.4375;837;3.709652;6.402855;3;36;EXTRACT;2;
43;834;-18.90697;7.433277;3;28;EXTRACT;0;
44.4375;837;3.709652;6.402855;3;35;EXTRACT;2;
45;834;-18.90697;7.433277;3;27;EXTRACT;0;
46.375;837;3.709652;6.402855;3;34;EXTRACT;2;
47;834;-18.90697;7.433277;3;26;EXTRACT;0;
48.375;837;3.709652;6.402855;3;33;EXTRACT;2;
49;834;-18.90697;7.433277;3;25;EXTRACT;0;
50.375;837;3.709652;6.402855;3;32;EXTRACT;2;
51;834;-18.90697;7.433277;3;24;EXTRACT;0;
52.375;837;3.709652;6.402855;3;31;EXTRACT;2;
53;834;-18.90697;7.433277;3;23;EXTRACT;0;
53.8125;837;3.709652;6.402855;3;31;DISCOVER;1;
54.375;837;3.709652;6.402855;3;30;EXTRACT;2;
55;834;-18.90697;7.433277;3;22;EXTRACT;0;
56.375;837;3.709652;6.402855;3;29;EXTRACT;2;
57;834;-18.90697;7.433277;3;21;EXTRACT;0;
58.1875;837;3.709652;6.402855;3;28;EXTRACT;1;
58.375;837;3.709652;6.402855;3;27;EXTRACT;2;
59;834;-18.90697;7.433277;3;20;EXTRACT;0;
60.1875;837;3.709652;6.402855;3;26;EXTRACT;1;
60.375;837;3.709652;6.402855;3;25;EXTRACT;2;
61;834;-18.90697;7.433277;3;19;EXTRACT;0;
62.1875;837;3.709652;6.402855;3;24;EXTRACT;1;
62.375;837;3.709652;6.402855;3;23;EXTRACT;2;
63;834;-18.90697;7.433277;3;18;EXTRACT;0;
64.1875;837;3.709652;6.402855;3;22;EXTRACT;1;
64.375;837;3.709652;6.402855;3;21;EXTRACT;2;
65;834;-18.90697;7.433277;3;17;EXTRACT;0;
66.1875;837;3.709652;6.402855;3;20;EXTRACT;1;
66.4375;837;3.709652;6.402855;3;19;EXTRACT;2;
67;834;-18.90697;7.433277;3;16;EXTRACT;0;
68.1875;837;3.709652;6.402855;3;18;EXTRACT;1;
68.4375;837;3.709652;6.402855;3;17;EXTRACT;2;
69;834;-18.90697;7.433277;3;15;EXTRACT;0;
70.1875;837;3.709652;6.402855;3;16;EXTRACT;1;
70.375;837;3.709652;6.402855;3;15;EXTRACT;2;
71;834;-18.90697;7.433277;3;14;EXTRACT;0;
72.1875;837;3.709652;6.402855;3;14;EXTRACT;1;
72.375;837;3.709652;6.402855;3;13;EXTRACT;2;
73;834;-18.90697;7.433277;3;13;EXTRACT;0;
74.1875;837;3.709652;6.402855;3;12;EXTRACT;1;
74.375;837;3.709652;6.402855;3;11;EXTRACT;2;
75;834;-18.90697;7.433277;3;12;EXTRACT;0;
76.1875;837;3.709652;6.402855;3;10;EXTRACT;1;
76.375;837;3.709652;6.402855;3;9;EXTRACT;2;
77;834;-18.90697;7.433277;3;11;EXTRACT;0;
78.1875;837;3.709652;6.402855;3;8;EXTRACT;1;
78.375;837;3.709652;6.402855;3;7;EXTRACT;2;
79;834;-18.90697;7.433277;3;10;EXTRACT;0;
80.1875;837;3.709652;6.402855;3;6;EXTRACT;1;
80.375;837;3.709652;6.402855;3;5;EXTRACT;2;
81;834;-18.90697;7.433277;3;9;EXTRACT;0;
82.1875;837;3.709652;6.402855;3;4;EXTRACT;1;
82.375;837;3.709652;6.402855;3;3;EXTRACT;2;
83;834;-18.90697;7.433277;3;8;EXTRACT;0;
84.1875;837;3.709652;6.402855;3;2;EXTRACT;1;
84.375;837;3.709652;6.402855;3;1;EXTRACT;2;
85;834;-18.90697;7.433277;3;7;EXTRACT;0;
86.1875;837;3.709652;6.402855;3;0;EXTRACT;1;
86.1875;837;3.709652;6.402855;3;0;DESTROYED;;
86.1875;838;-40.27353;-7.684769;3;48;CREATED;;
87;834;-18.90697;7.433277;3;6;EXTRACT;0;
89;834;-18.90697;7.433277;3;5;EXTRACT;0;
91;834;-18.90697;7.433277;3;4;EXTRACT;0;
93;834;-18.90697;7.433277;3;3;EXTRACT;0;
95;834;-18.90697;7.433277;3;2;EXTRACT;0;
97;834;-18.90697;7.433277;3;1;EXTRACT;0;
99;834;-18.90697;7.433277;3;0;EXTRACT;0;
99;834;-18.90697;7.433277;3;0;DESTROYED;;
99;839;34.17361;34.23859;3;48;CREATED;;
184.8125;833;13.51632;41.47343;3;48;DISCOVER;3;
188.9375;833;13.51632;41.47343;3;47;EXTRACT;3;
190.9375;833;13.51632;41.47343;3;46;EXTRACT;3;
192.9375;833;13.51632;41.47343;3;45;EXTRACT;3;
194.9375;833;13.51632;41.47343;3;44;EXTRACT;3;
196.9375;833;13.51632;41.47343;3;43;EXTRACT;3;
198.9375;833;13.51632;41.47343;3;42;EXTRACT;3;
199.5625;836;0.2352028;-20.42462;3;48;DISCOVER;2;
200.9375;833;13.51632;41.47343;3;41;EXTRACT;3;
202.6875;836;0.2352028;-20.42462;3;47;EXTRACT;2;
202.9375;833;13.51632;41.47343;3;40;EXTRACT;3;
204.6875;836;0.2352028;-20.42462;3;46;EXTRACT;2;
204.875;833;13.51632;41.47343;3;39;EXTRACT;3;
206.6875;836;0.2352028;-20.42462;3;45;EXTRACT;2;
206.9375;833;13.51632;41.47343;3;38;EXTRACT;3;
208.6875;836;0.2352028;-20.42462;3;44;EXTRACT;2;
208.9375;833;13.51632;41.47343;3;37;EXTRACT;3;
210.6875;836;0.2352028;-20.42462;3;43;EXTRACT;2;
210.9375;833;13.51632;41.47343;3;36;EXTRACT;3;
211.375;833;13.51632;41.47343;3;36;DISCOVER;1;
212.6875;836;0.2352028;-20.42462;3;42;EXTRACT;2;
212.9375;833;13.51632;41.47343;3;35;EXTRACT;3;
214.6875;836;0.2352028;-20.42462;3;41;EXTRACT;2;
214.8125;833;13.51632;41.47343;3;34;EXTRACT;1;
214.9375;833;13.51632;41.47343;3;33;EXTRACT;3;
216.6875;836;0.2352028;-20.42462;3;40;EXTRACT;2;
216.8125;833;13.51632;41.47343;3;32;EXTRACT;1;
216.9375;833;13.51632;41.47343;3;31;EXTRACT;3;
218.6875;836;0.2352028;-20.42462;3;39;EXTRACT;2;
218.8125;833;13.51632;41.47343;3;30;EXTRACT;1;
218.9375;833;13.51632;41.47343;3;29;EXTRACT;3;
220.6875;836;0.2352028;-20.42462;3;38;EXTRACT;2;
220.8125;833;13.51632;41.47343;3;28;EXTRACT;1;
220.875;833;13.51632;41.47343;3;27;EXTRACT;3;
221.125;836;0.2352028;-20.42462;3;38;DISCOVER;0;
222.6875;836;0.2352028;-20.42462;3;37;EXTRACT;2;
222.8125;833;13.51632;41.47343;3;26;EXTRACT;1;
222.9375;833;13.51632;41.47343;3;25;EXTRACT;3;
224.125;836;0.2352028;-20.42462;3;36;EXTRACT;0;
224.6875;836;0.2352028;-20.42462;3;35;EXTRACT;2;
224.8125;833;13.51632;41.47343;3;24;EXTRACT;1;
224.9375;833;13.51632;41.47343;3;23;EXTRACT;3;
226.1875;836;0.2352028;-20.42462;3;34;EXTRACT;0;
226.6875;836;0.2352028;-20.42462;3;33;EXTRACT;2;
226.875;833;13.51632;41.47343;3;22;EXTRACT;1;
226.9375;833;13.51632;41.47343;3;21;EXTRACT;3;
228.1875;836;0.2352028;-20.42462;3;32;EXTRACT;0;
228.6875;836;0.2352028;-20.42462;3;31;EXTRACT;2;
228.875;833;13.51632;41.47343;3;20;EXTRACT;1;
228.9375;833;13.51632;41.47343;3;19;EXTRACT;3;
230.1875;836;0.2352028;-20.42462;3;30;EXTRACT;0;
230.6875;836;0.2352028;-20.42462;3;29;EXTRACT;2;
230.875;833;13.51632;41.47343;3;18;EXTRACT;1;
230.9375;833;13.51632;41.47343;3;17;EXTRACT;3;
232.1875;836;0.2352028;-20.42462;3;28;EXTRACT;0;
232.6875;836;0.2352028;-20.42462;3;27;EXTRACT;2;
232.875;833;13.51632;41.47343;3;16;EXTRACT;1;
232.9375;833;13.51632;41.47343;3;15;EXTRACT;3;
234.1875;836;0.2352028;-20.42462;3;26;EXTRACT;0;
234.6875;836;0.2352028;-20.42462;3;25;EXTRACT;2;
234.8125;833;13.51632;41.47343;3;14;EXTRACT;1;
234.9375;833;13.51632;41.47343;3;13;EXTRACT;3;
236.1875;836;0.2352028;-20.42462;3;24;EXTRACT;0;
236.6875;836;0.2352028;-20.42462;3;23;EXTRACT;2;
236.8125;833;13.51632;41.47343;3;12;EXTRACT;1;
236.9375;833;13.51632;41.47343;3;11;EXTRACT;3;
238.1875;836;0.2352028;-20.42462;3;22;EXTRACT;0;
238.6875;836;0.2352028;-20.42462;3;21;EXTRACT;2;
238.8125;833;13.51632;41.47343;3;10;EXTRACT;1;
238.875;833;13.51632;41.47343;3;9;EXTRACT;3;
240.1875;836;0.2352028;-20.42462;3;20;EXTRACT;0;
240.6875;836;0.2352028;-20.42462;3;19;EXTRACT;2;
240.8125;833;13.51632;41.47343;3;8;EXTRACT;1;
240.9375;833;13.51632;41.47343;3;7;EXTRACT;3;
242.1875;836;0.2352028;-20.42462;3;18;EXTRACT;0;
242.6875;836;0.2352028;-20.42462;3;17;EXTRACT;2;
242.8125;833;13.51632;41.47343;3;6;EXTRACT;1;
242.9375;833;13.51632;41.47343;3;5;EXTRACT;3;
244.1875;836;0.2352028;-20.42462;3;16;EXTRACT;0;
244.6875;836;0.2352028;-20.42462;3;15;EXTRACT;2;
244.8125;833;13.51632;41.47343;3;4;EXTRACT;1;
244.9375;833;13.51632;41.47343;3;3;EXTRACT;3;
246.125;836;0.2352028;-20.42462;3;14;EXTRACT;0;
246.6875;836;0.2352028;-20.42462;3;13;EXTRACT;2;
246.8125;833;13.51632;41.47343;3;2;EXTRACT;1;
246.9375;833;13.51632;41.47343;3;1;EXTRACT;3;
248.1875;836;0.2352028;-20.42462;3;12;EXTRACT;0;
248.6875;836;0.2352028;-20.42462;3;11;EXTRACT;2;
248.8125;833;13.51632;41.47343;3;0;EXTRACT;1;
248.8125;833;13.51632;41.47343;3;0;DESTROYED;;
248.8125;840;44.37128;-41.28701;3;48;CREATED;;
250.1875;836;0.2352028;-20.42462;3;10;EXTRACT;0;
250.6875;836;0.2352028;-20.42462;3;9;EXTRACT;2;
252.1875;836;0.2352028;-20.42462;3;8;EXTRACT;0;
252.6875;836;0.2352028;-20.42462;3;7;EXTRACT;2;
254.1875;836;0.2352028;-20.42462;3;6;EXTRACT;0;
254.6875;836;0.2352028;-20.42462;3;5;EXTRACT;2;
256.1875;836;0.2352028;-20.42462;3;4;EXTRACT;0;
256.6875;836;0.2352028;-20.42462;3;3;EXTRACT;2;
258.1875;836;0.2352028;-20.42462;3;2;EXTRACT;0;
258.6875;836;0.2352028;-20.42462;3;1;EXTRACT;2;
260.1875;836;0.2352028;-20.42462;3;0;EXTRACT;0;
260.125;836;0.2352028;-20.42462;3;0;DESTROYED;;
260.1875;841;24.07351;7.322941;3;48;CREATED;;
271.6875;839;34.17361;34.23859;3;48;DISCOVER;1;
275;839;34.17361;34.23859;3;47;EXTRACT;1;
277.0625;839;34.17361;34.23859;3;46;EXTRACT;1;
279.0625;839;34.17361;34.23859;3;45;EXTRACT;1;
281.0625;839;34.17361;34.23859;3;44;EXTRACT;1;
283.0625;839;34.17361;34.23859;3;43;EXTRACT;1;
285.0625;839;34.17361;34.23859;3;42;EXTRACT;1;
287.0625;839;34.17361;34.23859;3;41;EXTRACT;1;
289;839;34.17361;34.23859;3;40;EXTRACT;1;
291.0625;839;34.17361;34.23859;3;39;EXTRACT;1;
293.0625;839;34.17361;34.23859;3;38;EXTRACT;1;
295.0625;839;34.17361;34.23859;3;37;EXTRACT;1;
297.0625;839;34.17361;34.23859;3;36;EXTRACT;1;
299.0625;839;34.17361;34.23859;3;35;EXTRACT;1;
301.0625;839;34.17361;34.23859;3;34;EXTRACT;1;
302.75;839;34.17361;34.23859;3;34;DISCOVER;0;
303.0625;839;34.17361;34.23859;3;33;EXTRACT;1;
305.0625;839;34.17361;34.23859;3;32;EXTRACT;1;
305.8125;839;34.17361;34.23859;3;31;EXTRACT;0;
307.125;839;34.17361;34.23859;3;30;EXTRACT;1;
307.8125;839;34.17361;34.23859;3;29;EXTRACT;0;
309.125;839;34.17361;34.23859;3;28;EXTRACT;1;
309.8125;839;34.17361;34.23859;3;27;EXTRACT;0;
311.125;839;34.17361;34.23859;3;26;EXTRACT;1;
311.8125;839;34.17361;34.23859;3;25;EXTRACT;0;
313.0625;839;34.17361;34.23859;3;24;EXTRACT;1;
313.8125;839;34.17361;34.23859;3;23;EXTRACT;0;
315.0625;839;34.17361;34.23859;3;22;EXTRACT;1;
315.8125;839;34.17361;34.23859;3;21;EXTRACT;0;
317.0625;839;34.17361;34.23859;3;20;EXTRACT;1;
317.8125;839;34.17361;34.23859;3;19;EXTRACT;0;
319.0625;839;34.17361;34.23859;3;18;EXTRACT;1;
319.875;839;34.17361;34.23859;3;17;EXTRACT;0;
321.0625;839;34.17361;34.23859;3;16;EXTRACT;1;
321.8125;839;34.17361;34.23859;3;15;EXTRACT;0;
323.125;839;34.17361;34.23859;3;14;EXTRACT;1;
323.8125;839;34.17361;34.23859;3;13;EXTRACT;0;
325.125;839;34.17361;34.23859;3;12;EXTRACT;1;
325.8125;839;34.17361;34.23859;3;11;EXTRACT;0;
327.125;839;34.17361;34.23859;3;10;EXTRACT;1;
327.8125;839;34.17361;34.23859;3;9;EXTRACT;0;
329.125;839;34.17361;34.23859;3;8;EXTRACT;1;
329.8125;839;34.17361;34.23859;3;7;EXTRACT;0;
331.125;839;34.17361;34.23859;3;6;EXTRACT;1;
331.8125;839;34.17361;34.23859;3;5;EXTRACT;0;
333.125;839;34.17361;34.23859;3;4;EXTRACT;1;
333.8125;839;34.17361;34.23859;3;3;EXTRACT;0;
335.125;839;34.17361;34.23859;3;2;EXTRACT;1;
335.8125;839;34.17361;34.23859;3;1;EXTRACT;0;
337.125;839;34.17361;34.23859;3;0;EXTRACT;1;
337.125;839;34.17361;34.23859;3;0;DESTROYED;;
337.125;842;8.383678;11.63692;3;48;CREATED;;
349.5;841;24.07351;7.322941;3;48;DISCOVER;2;
352.0625;841;24.07351;7.322941;3;47;EXTRACT;2;
354.0625;841;24.07351;7.322941;3;46;EXTRACT;2;
356.0625;841;24.07351;7.322941;3;45;EXTRACT;2;
358.0625;841;24.07351;7.322941;3;44;EXTRACT;2;
360.125;841;24.07351;7.322941;3;43;EXTRACT;2;
362.125;841;24.07351;7.322941;3;42;EXTRACT;2;
362.25;841;24.07351;7.322941;3;42;DISCOVER;1;
364.125;841;24.07351;7.322941;3;41;EXTRACT;2;
365.9375;841;24.07351;7.322941;3;40;EXTRACT;1;
366.0625;841;24.07351;7.322941;3;39;EXTRACT;2;
367.9375;841;24.07351;7.322941;3;38;EXTRACT;1;
368.0625;841;24.07351;7.322941;3;37;EXTRACT;2;
369.9375;841;24.07351;7.322941;3;36;EXTRACT;1;
370.0625;841;24.07351;7.322941;3;35;EXTRACT;2;
371.9375;841;24.07351;7.322941;3;34;EXTRACT;1;
372.0625;841;24.07351;7.322941;3;33;EXTRACT;2;
373.9375;841;24.07351;7.322941;3;32;EXTRACT;1;
374.0625;841;24.07351;7.322941;3;31;EXTRACT;2;
375.9375;841;24.07351;7.322941;3;30;EXTRACT;1;
376.0625;841;24.07351;7.322941;3;29;EXTRACT;2;
377.9375;841;24.07351;7.322941;3;28;EXTRACT;1;
378.0625;841;24.07351;7.322941;3;27;EXTRACT;2;
379.1875;841;24.07351;7.322941;3;27;DISCOVER;0;
379.9375;841;24.07351;7.322941;3;26;EXTRACT;1;
380.125;841;24.07351;7.322941;3;25;EXTRACT;2;
381.9375;841;24.07351;7.322941;3;24;EXTRACT;1;
382.125;841;24.07351;7.322941;3;23;EXTRACT;2;
382.375;841;24.07351;7.322941;3;22;EXTRACT;0;
383.9375;841;24.07351;7.322941;3;21;EXTRACT;1;
384.125;841;24.07351;7.322941;3;20;EXTRACT;2;
384.375;841;24.07351;7.322941;3;19;EXTRACT;0;
385.9375;841;24.07351;7.322941;3;18;EXTRACT;1;
386.125;841;24.07351;7.322941;3;17;EXTRACT;2;
386.375;841;24.07351;7.322941;3;16;EXTRACT;0;
387.9375;841;24.07351;7.322941;3;15;EXTRACT;1;
388.0625;841;24.07351;7.322941;3;14;EXTRACT;2;
388.375;841;24.07351;7.322941;3;13;EXTRACT;0;
389.9375;841;24.07351;7.322941;3;12;EXTRACT;1;
390.0625;841;24.07351;7.322941;3;11;EXTRACT;2;
390.375;841;24.07351;7.322941;3;10;EXTRACT;0;
391.9375;841;24.07351;7.322941;3;9;EXTRACT;1;
392.0625;841;24.07351;7.322941;3;8;EXTRACT;2;
392.375;838;-40.27353;-7.684769;3;48;DISCOVER;3;
392.375;841;24.07351;7.322941;3;7;EXTRACT;0;
393.9375;841;24.07351;7.322941;3;6;EXTRACT;1;
394.0625;841;24.07351;7.322941;3;5;EXTRACT;2;
394.375;841;24.07351;7.322941;3;4;EXTRACT;0;
395.9375;841;24.07351;7.322941;3;3;EXTRACT;1;
396.125;841;24.07351;7.322941;3;2;EXTRACT;2;
396.375;841;24.07351;7.322941;3;1;EXTRACT;0;
396.4375;838;-40.27353;-7.684769;3;47;EXTRACT;3;
397.9375;841;24.07351;7.322941;3;0;EXTRACT;1;
397.9375;841;24.07351;7.322941;3;0;DESTROYED;;
397.9375;843;7.554714;-20.87784;3;48;CREATED;;
398.375;838;-40.27353;-7.684769;3;46;EXTRACT;3;
400.375;838;-40.27353;-7.684769;3;45;EXTRACT;3;
402.375;838;-40.27353;-7.684769;3;44;EXTRACT;3;
404.375;838;-40.27353;-7.684769;3;43;EXTRACT;3;
406.4375;838;-40.27353;-7.684769;3;42;EXTRACT;3;
408.375;838;-40.27353;-7.684769;3;41;EXTRACT;3;
410.4375;842;8.383678;11.63692;3;48;DISCOVER;2;
410.4375;838;-40.27353;-7.684769;3;40;EXTRACT;3;
412.4375;838;-40.27353;-7.684769;3;39;EXTRACT;3;
413.3125;842;8.383678;11.63692;3;47;EXTRACT;2;
414.375;838;-40.27353;-7.684769;3;38;EXTRACT;3;
415.3125;842;8.383678;11.63692;3;46;EXTRACT;2;
416.375;838;-40.27353;-7.684769;3;37;EXTRACT;3;
417.3125;842;8.383678;11.63692;3;45;EXTRACT;2;
418.4375;838;-40.27353;-7.684769;3;36;EXTRACT;3;
419.3125;842;8.383678;11.63692;3;44;EXTRACT;2;
420.4375;838;-40.27353;-7.684769;3;35;EXTRACT;3;
421.3125;842;8.383678;11.63692;3;43;EXTRACT;2;
422.4375;838;-40.27353;-7.684769;3;34;EXTRACT;3;
423.3125;842;8.383678;11.63692;3;42;EXTRACT;2;
424.4375;838;-40.27353;-7.684769;3;33;EXTRACT;3;
425.3125;842;8.383678;11.63692;3;41;EXTRACT;2;
426.4375;838;-40.27353;-7.684769;3;32;EXTRACT;3;
427.3125;842;8.383678;11.63692;3;40;EXTRACT;2;
428.4375;838;-40.27353;-7.684769;3;31;EXTRACT;3;
429.3125;842;8.383678;11.63692;3;39;EXTRACT;2;
430.4375;838;-40.27353;-7.684769;3;30;EXTRACT;3;
430.9375;842;8.383678;11.63692;3;39;DISCOVER;0;
431.3125;842;8.383678;11.63692;3;38;EXTRACT;2;
432.4375;838;-40.27353;-7.684769;3;29;EXTRACT;3;
433.3125;842;8.383678;11.63692;3;37;EXTRACT;2;
434;842;8.383678;11.63692;3;36;EXTRACT;0;
434.4375;838;-40.27353;-7.684769;3;28;EXTRACT;3;
435.3125;842;8.383678;11.63692;3;35;EXTRACT;2;
435.9375;842;8.383678;11.63692;3;34;EXTRACT;0;
436.4375;838;-40.27353;-7.684769;3;27;EXTRACT;3;
437.3125;842;8.383678;11.63692;3;33;EXTRACT;2;
437.9375;842;8.383678;11.63692;3;32;EXTRACT;0;
438.4375;838;-40.27353;-7.684769;3;26;EXTRACT;3;
439.3125;842;8.383678;11.63692;3;31;EXTRACT;2;
439.9375;842;8.383678;11.63692;3;30;EXTRACT;0;
440.4375;838;-40.27353;-7.684769;3;25;EXTRACT;3;
441.3125;842;8.383678;11.63692;3;29;EXTRACT;2;
442;842;8.383678;11.63692;3;28;EXTRACT;0;
442.4375;838;-40.27353;-7.684769;3;24;EXTRACT;3;
443.3125;842;8.383678;11.63692;3;27;EXTRACT;2;
444;842;8.383678;11.63692;3;26;EXTRACT;0;
444.4375;838;-40.27353;-7.684769;3;23;EXTRACT;3;
445.3125;842;8.383678;11.63692;3;25;EXTRACT;2;
446;842;8.383678;11.63692;3;24;EXTRACT;0;
446.4375;838;-40.27353;-7.684769;3;22;EXTRACT;3;
447.3125;842;8.383678;11.63692;3;23;EXTRACT;2;
447.9375;842;8.383678;11.63692;3;22;EXTRACT;0;
448.4375;838;-40.27353;-7.684769;3;21;EXTRACT;3;
449.3125;842;8.383678;11.63692;3;21;EXTRACT;2;
449.9375;838;-40.27353;-7.684769;3;21;DISCOVER;1;
449.9375;842;8.383678;11.63692;3;20;EXTRACT;0;
450.4375;838;-40.27353;-7.684769;3;20;EXTRACT;3;
451.3125;842;8.383678;11.63692;3;19;EXTRACT;2;
451.9375;842;8.383678;11.63692;3;18;EXTRACT;0;
452.4375;838;-40.27353;-7.684769;3;19;EXTRACT;3;
453.25;838;-40.27353;-7.684769;3;18;EXTRACT;1;
453.3125;842;8.383678;11.63692;3;17;EXTRACT;2;
453.9375;842;8.383678;11.63692;3;16;EXTRACT;0;
454.4375;838;-40.27353;-7.684769;3;17;EXTRACT;3;
455.25;838;-40.27353;-7.684769;3;16;EXTRACT;1;
455.3125;842;8.383678;11.63692;3;15;EXTRACT;2;
455.9375;842;8.383678;11.63692;3;14;EXTRACT;0;
456.4375;838;-40.27353;-7.684769;3;15;EXTRACT;3;
457.25;838;-40.27353;-7.684769;3;14;EXTRACT;1;
457.3125;842;8.383678;11.63692;3;13;EXTRACT;2;
457.9375;842;8.383678;11.63692;3;12;EXTRACT;0;
458.4375;838;-40.27353;-7.684769;3;13;EXTRACT;3;
459.25;838;-40.27353;-7.684769;3;12;EXTRACT;1;
459.3125;842;8.383678;11.63692;3;11;EXTRACT;2;
460;842;8.383678;11.63692;3;10;EXTRACT;0;
460.4375;838;-40.27353;-7.684769;3;11;EXTRACT;3;
461.25;838;-40.27353;-7.684769;3;10;EXTRACT;1;
461.3125;842;8.383678;11.63692;3;9;EXTRACT;2;
462;842;8.383678;11.63692;3;8;EXTRACT;0;
462.4375;838;-40.27353;-7.684769;3;9;EXTRACT;3;
463.25;838;-40.27353;-7.684769;3;8;EXTRACT;1;
463.3125;842;8.383678;11.63692;3;7;EXTRACT;2;
464;842;8.383678;11.63692;3;6;EXTRACT;0;
464.4375;838;-40.27353;-7.684769;3;7;EXTRACT;3;
465.25;838;-40.27353;-7.684769;3;6;EXTRACT;1;
465.3125;842;8.383678;11.63692;3;5;EXTRACT;2;
466;842;8.383678;11.63692;3;4;EXTRACT;0;
466.4375;838;-40.27353;-7.684769;3;5;EXTRACT;3;
467.25;838;-40.27353;-7.684769;3;4;EXTRACT;1;
467.3125;842;8.383678;11.63692;3;3;EXTRACT;2;
468;842;8.383678;11.63692;3;2;EXTRACT;0;
468.4375;838;-40.27353;-7.684769;3;3;EXTRACT;3;
469.25;838;-40.27353;-7.684769;3;2;EXTRACT;1;
469.3125;842;8.383678;11.63692;3;1;EXTRACT;2;
470;842;8.383678;11.63692;3;0;EXTRACT;0;
469.9375;842;8.383678;11.63692;3;0;DESTROYED;;
470;844;-23.80245;28.08676;3;48;CREATED;;
470.4375;838;-40.27353;-7.684769;3;1;EXTRACT;3;
471.25;838;-40.27353;-7.684769;3;0;EXTRACT;1;
471.25;838;-40.27353;-7.684769;3;0;DESTROYED;;
471.25;845;-9.233929;6.481457;3;48;CREATED;;
489;835;-39.69177;22.77857;3;48;DISCOVER;3;
492.0625;835;-39.69177;22.77857;3;47;EXTRACT;3;
494.0625;835;-39.69177;22.77857;3;46;EXTRACT;3;
496;835;-39.69177;22.77857;3;45;EXTRACT;3;
498;835;-39.69177;22.77857;3;44;EXTRACT;3;
500;835;-39.69177;22.77857;3;43;EXTRACT;3;
501.3125;835;-39.69177;22.77857;3;43;DISCOVER;1;
502;835;-39.69177;22.77857;3;42;EXTRACT;3;
504;835;-39.69177;22.77857;3;41;EXTRACT;3;
504.8125;835;-39.69177;22.77857;3;40;EXTRACT;1;
506;835;-39.69177;22.77857;3;39;EXTRACT;3;
506.8125;835;-39.69177;22.77857;3;38;EXTRACT;1;
508;835;-39.69177;22.77857;3;37;EXTRACT;3;
508.8125;835;-39.69177;22.77857;3;36;EXTRACT;1;
510;835;-39.69177;22.77857;3;35;EXTRACT;3;
510.8125;835;-39.69177;22.77857;3;34;EXTRACT;1;
512;835;-39.69177;22.77857;3;33;EXTRACT;3;
512.875;835;-39.69177;22.77857;3;32;EXTRACT;1;
514;835;-39.69177;22.77857;3;31;EXTRACT;3;
514.875;835;-39.69177;22.77857;3;30;EXTRACT;1;
515.125;835;-39.69177;22.77857;3;30;DISCOVER;0;
516;835;-39.69177;22.77857;3;29;EXTRACT;3;
516.875;835;-39.69177;22.77857;3;28;EXTRACT;1;
517.9375;835;-39.69177;22.77857;3;27;EXTRACT;0;
518;835;-39.69177;22.77857;3;26;EXTRACT;3;
518.875;835;-39.69177;22.77857;3;25;EXTRACT;1;
519.9375;835;-39.69177;22.77857;3;24;EXTRACT;0;
520;835;-39.69177;22.77857;3;23;EXTRACT;3;
520.875;835;-39.69177;22.77857;3;22;EXTRACT;1;
521.9375;835;-39.69177;22.77857;3;21;EXTRACT;0;
522.0625;835;-39.69177;22.77857;3;20;EXTRACT;3;
522.875;835;-39.69177;22.77857;3;19;EXTRACT;1;
523.9375;835;-39.69177;22.77857;3;18;EXTRACT;0;
524.0625;835;-39.69177;22.77857;3;17;EXTRACT;3;
524.875;835;-39.69177;22.77857;3;16;EXTRACT;1;
525.9375;835;-39.69177;22.77857;3;15;EXTRACT;0;
526;835;-39.69177;22.77857;3;14;EXTRACT;3;
526.875;835;-39.69177;22.77857;3;13;EXTRACT;1;
527.9375;835;-39.69177;22.77857;3;12;EXTRACT;0;
528;835;-39.69177;22.77857;3;11;EXTRACT;3;
528.875;835;-39.69177;22.77857;3;10;EXTRACT;1;
530;835;-39.69177;22.77857;3;9;EXTRACT;0;
530;835;-39.69177;22.77857;3;8;EXTRACT;3;
530.875;835;-39.69177;22.77857;3;7;EXTRACT;1;
531.9375;835;-39.69177;22.77857;3;6;EXTRACT;0;
532;835;-39.69177;22.77857;3;5;EXTRACT;3;
532.875;835;-39.69177;22.77857;3;4;EXTRACT;1;
533.9375;835;-39.69177;22.77857;3;3;EXTRACT;0;
534;835;-39.69177;22.77857;3;2;EXTRACT;3;
534.875;835;-39.69177;22.77857;3;1;EXTRACT;1;
535.9375;835;-39.69177;22.77857;3;0;EXTRACT;0;
535.9375;835;-39.69177;22.77857;3;0;DESTROYED;;
535.9375;846;-19.69235;-34.1558;3;48;CREATED;;
571.25;844;-23.80245;28.08676;3;48;DISCOVER;1;
574.75;844;-23.80245;28.08676;3;47;EXTRACT;1;
576.75;844;-23.80245;28.08676;3;46;EXTRACT;1;
578.75;844;-23.80245;28.08676;3;45;EXTRACT;1;
580.6875;844;-23.80245;28.08676;3;44;EXTRACT;1;
582.75;844;-23.80245;28.08676;3;43;EXTRACT;1;
584.75;844;-23.80245;28.08676;3;42;EXTRACT;1;
586.75;844;-23.80245;28.08676;3;41;EXTRACT;1;
588.75;844;-23.80245;28.08676;3;40;EXTRACT;1;
590.75;844;-23.80245;28.08676;3;39;EXTRACT;1;
592.75;844;-23.80245;28.08676;3;38;EXTRACT;1;
594.75;844;-23.80245;28.08676;3;37;EXTRACT;1;
596.75;844;-23.80245;28.08676;3;36;EXTRACT;1;
598.75;844;-23.80245;28.08676;3;35;EXTRACT;1;
600.75;844;-23.80245;28.08676;3;34;EXTRACT;1;
602.75;844;-23.80245;28.08676;3;33;EXTRACT;1;
604.5;844;-23.80245;28.08676;3;33;DISCOVER;0;
604.75;844;-23.80245;28.08676;3;32;EXTRACT;1;
606.75;844;-23.80245;28.08676;3;31;EXTRACT;1;
607.8125;844;-23.80245;28.08676;3;30;EXTRACT;0;
608.75;844;-23.80245;28.08676;3;29;EXTRACT;1;
609.875;844;-23.80245;28.08676;3;28;EXTRACT;0;
610.75;844;-23.80245;28.08676;3;27;EXTRACT;1;
611.875;844;-23.80245;28.08676;3;26;EXTRACT;0;
612.75;844;-23.80245;28.08676;3;25;EXTRACT;1;
613.875;844;-23.80245;28.08676;3;24;EXTRACT;0;
614.75;844;-23.80245;28.08676;3;23;EXTRACT;1;
615.875;844;-23.80245;28.08676;3;22;EXTRACT;0;
616.75;844;-23.80245;28.08676;3;21;EXTRACT;1;
617.875;844;-23.80245;28.08676;3;20;EXTRACT;0;
618.75;844;-23.80245;28.08676;3;19;EXTRACT;1;
619.875;844;-23.80245;28.08676;3;18;EXTRACT;0;
620.75;844;-23.80245;28.08676;3;17;EXTRACT;1;
621.875;844;-23.80245;28.08676;3;16;EXTRACT;0;
622.75;844;-23.80245;28.08676;3;15;EXTRACT;1;
623.875;844;-23.80245;28.08676;3;14;EXTRACT;0;
624.75;844;-23.80245;28.08676;3;13;EXTRACT;1;
625.8125;844;-23.80245;28.08676;3;12;EXTRACT;0;
626.75;844;-23.80245;28.08676;3;11;EXTRACT;1;
627.875;844;-23.80245;28.08676;3;10;EXTRACT;0;
628.75;844;-23.80245;28.08676;3;9;EXTRACT;1;
629.875;844;-23.80245;28.08676;3;8;EXTRACT;0;
630.75;844;-23.80245;28.08676;3;7;EXTRACT;1;
631.875;844;-23.80245;28.08676;3;6;EXTRACT;0;
632.125;844;-23.80245;28.08676;3;6;DISCOVER;3;
632.75;844;-23.80245;28.08676;3;5;EXTRACT;1;
633.875;844;-23.80245;28.08676;3;4;EXTRACT;0;
634.75;844;-23.80245;28.08676;3;3;EXTRACT;1;
635.4375;844;-23.80245;28.08676;3;2;EXTRACT;3;
635.875;844;-23.80245;28.08676;3;1;EXTRACT;0;
636.8125;844;-23.80245;28.08676;3;0;EXTRACT;1;
636.75;844;-23.80245;28.08676;3;0;DESTROYED;;
636.8125;847;14.31726;6.031231;3;48;CREATED;;
658.375;845;-9.233929;6.481457;3;48;DISCOVER;0;
661.625;845;-9.233929;6.481457;3;47;EXTRACT;0;
663.625;845;-9.233929;6.481457;3;46;EXTRACT;0;
665.625;845;-9.233929;6.481457;3;45;EXTRACT;0;
667.625;845;-9.233929;6.481457;3;44;EXTRACT;0;
669.625;845;-9.233929;6.481457;3;43;EXTRACT;0;
671.625;845;-9.233929;6.481457;3;42;EXTRACT;0;
673.5625;845;-9.233929;6.481457;3;42;DISCOVER;2;
673.5625;845;-9.233929;6.481457;3;41;EXTRACT;0;
675.625;845;-9.233929;6.481457;3;40;EXTRACT;0;
676.3125;845;-9.233929;6.481457;3;39;EXTRACT;2;
676.375;845;-9.233929;6.481457;3;39;DISCOVER;1;
677.625;845;-9.233929;6.481457;3;38;EXTRACT;0;
678.3125;845;-9.233929;6.481457;3;37;EXTRACT;2;
679.625;845;-9.233929;6.481457;3;36;EXTRACT;0;
680.0625;845;-9.233929;6.481457;3;35;EXTRACT;1;
680.3125;845;-9.233929;6.481457;3;34;EXTRACT;2;
681.625;845;-9.233929;6.481457;3;33;EXTRACT;0;
682.0625;845;-9.233929;6.481457;3;32;EXTRACT;1;
682.3125;845;-9.233929;6.481457;3;31;EXTRACT;2;
683.625;845;-9.233929;6.481457;3;30;EXTRACT;0;
684;845;-9.233929;6.481457;3;29;EXTRACT;1;
684.3125;845;-9.233929;6.481457;3;28;EXTRACT;2;
685.625;845;-9.233929;6.481457;3;27;EXTRACT;0;
686;845;-9.233929;6.481457;3;26;EXTRACT;1;
686.3125;845;-9.233929;6.481457;3;25;EXTRACT;2;
687.625;845;-9.233929;6.481457;3;24;EXTRACT;0;
688;845;-9.233929;6.481457;3;23;EXTRACT;1;
688.3125;845;-9.233929;6.481457;3;22;EXTRACT;2;
689.625;845;-9.233929;6.481457;3;21;EXTRACT;0;
690;845;-9.233929;6.481457;3;20;EXTRACT;1;
690.3125;845;-9.233929;6.481457;3;19;EXTRACT;2;
691.5625;845;-9.233929;6.481457;3;18;EXTRACT;0;
692.0625;845;-9.233929;6.481457;3;17;EXTRACT;1;
692.3125;845;-9.233929;6.481457;3;16;EXTRACT;2;
693.625;845;-9.233929;6.481457;3;15;EXTRACT;0;
694.0625;845;-9.233929;6.481457;3;14;EXTRACT;1;
694.3125;845;-9.233929;6.481457;3;13;EXTRACT;2;
695.625;845;-9.233929;6.481457;3;12;EXTRACT;0;
696.0625;845;-9.233929;6.481457;3;11;EXTRACT;1;
696.3125;845;-9.233929;6.481457;3;10;EXTRACT;2;
697.625;845;-9.233929;6.481457;3;9;EXTRACT;0;
698.0625;845;-9.233929;6.481457;3;8;EXTRACT;1;
698.3125;845;-9.233929;6.481457;3;7;EXTRACT;2;
699.625;845;-9.233929;6.481457;3;6;EXTRACT;0;
700.0625;845;-9.233929;6.481457;3;5;EXTRACT;1;
700.3125;845;-9.233929;6.481457;3;4;EXTRACT;2;
701.625;845;-9.233929;6.481457;3;3;EXTRACT;0;
702.0625;845;-9.233929;6.481457;3;2;EXTRACT;1;
702.3125;845;-9.233929;6.481457;3;1;EXTRACT;2;
703.625;845;-9.233929;6.481457;3;0;EXTRACT;0;
703.5625;845;-9.233929;6.481457;3;0;DESTROYED;;
703.625;848;43.08286;5.872433;3;48;CREATED;;
