Time;PatchID;PositionX;PositionZ;Radius;CoinAmount;PatchEvent;TriggerPlayer;
0;214;-6.986034;-2.678814;3;16;CREATED;;
0;215;35.26852;33.94112;3;16;CREATED;;
0;216;-36.7366;31.37799;3;16;CREATED;;
0;217;7.908497;-31.60076;3;16;CREATED;;
0;218;-37.85559;-28.90449;3;16;CREATED;;
0;219;42.05535;-41.83243;3;16;CREATED;;
0;220;-44.71482;26.17051;3;16;CREATED;;
0;221;-39.44656;-35.30873;3;16;CREATED;;
0;222;16.66514;31.73863;3;16;CREATED;;
0;223;-15.52432;21.11012;3;16;CREATED;;
0;224;-25.81184;-13.07549;3;16;CREATED;;
0;225;16.03204;-12.98991;3;16;CREATED;;
0;226;6.726139;-40.02462;3;16;CREATED;;
0;227;-10.30414;34.40426;3;16;CREATED;;
0;228;28.81297;-34.30629;3;16;CREATED;;
8.896484;228;28.81297;-34.30629;3;16;DISCOVER;1;
12.9082;228;28.81297;-34.30629;3;15;EXTRACT;1;
13.75195;214;-6.986034;-2.678814;3;16;DISCOVER;2;
14.91406;228;28.81297;-34.30629;3;14;EXTRACT;1;
16.88086;214;-6.986034;-2.678814;3;15;EXTRACT;2;
16.92188;228;28.81297;-34.30629;3;13;EXTRACT;1;
18.88477;214;-6.986034;-2.678814;3;14;EXTRACT;2;
18.92383;228;28.81297;-34.30629;3;12;EXTRACT;1;
20.88867;214;-6.986034;-2.678814;3;13;EXTRACT;2;
20.92969;228;28.81297;-34.30629;3;11;EXTRACT;1;
22.89648;214;-6.986034;-2.678814;3;12;EXTRACT;2;
22.89648;228;28.81297;-34.30629;3;10;EXTRACT;1;
24.9043;214;-6.986034;-2.678814;3;11;EXTRACT;2;
24.9043;228;28.81297;-34.30629;3;9;EXTRACT;1;
26.9082;214;-6.986034;-2.678814;3;10;EXTRACT;2;
26.9082;228;28.81297;-34.30629;3;8;EXTRACT;1;
28.87305;214;-6.986034;-2.678814;3;9;EXTRACT;2;
28.91406;228;28.81297;-34.30629;3;7;EXTRACT;1;
30.87891;214;-6.986034;-2.678814;3;8;EXTRACT;2;
30.91992;228;28.81297;-34.30629;3;6;EXTRACT;1;
32.76563;216;-36.7366;31.37799;3;16;DISCOVER;0;
32.88672;214;-6.986034;-2.678814;3;7;EXTRACT;2;
32.92578;228;28.81297;-34.30629;3;5;EXTRACT;1;
34.89063;214;-6.986034;-2.678814;3;6;EXTRACT;2;
34.93164;228;28.81297;-34.30629;3;4;EXTRACT;1;
35.89258;216;-36.7366;31.37799;3;15;EXTRACT;0;
36.89453;214;-6.986034;-2.678814;3;5;EXTRACT;2;
36.93359;228;28.81297;-34.30629;3;3;EXTRACT;1;
37.89648;216;-36.7366;31.37799;3;14;EXTRACT;0;
38.89648;214;-6.986034;-2.678814;3;4;EXTRACT;2;
38.89648;228;28.81297;-34.30629;3;2;EXTRACT;1;
39.89844;216;-36.7366;31.37799;3;13;EXTRACT;0;
40.90039;214;-6.986034;-2.678814;3;3;EXTRACT;2;
40.90039;228;28.81297;-34.30629;3;1;EXTRACT;1;
41.90234;216;-36.7366;31.37799;3;12;EXTRACT;0;
42.9043;214;-6.986034;-2.678814;3;2;EXTRACT;2;
42.9043;228;28.81297;-34.30629;3;0;EXTRACT;1;
42.88086;228;28.81297;-34.30629;3;0;DESTROYED;;
42.9043;229;-2.788815;-15.62253;3;16;CREATED;;
43.90625;216;-36.7366;31.37799;3;11;EXTRACT;0;
44.91016;214;-6.986034;-2.678814;3;1;EXTRACT;2;
45.91211;216;-36.7366;31.37799;3;10;EXTRACT;0;
46.875;214;-6.986034;-2.678814;3;0;EXTRACT;2;
46.83984;214;-6.986034;-2.678814;3;0;DESTROYED;;
46.875;230;-30.2416;17.0802;3;16;CREATED;;
47.88086;216;-36.7366;31.37799;3;9;EXTRACT;0;
49.90039;216;-36.7366;31.37799;3;8;EXTRACT;0;
51.9082;216;-36.7366;31.37799;3;7;EXTRACT;0;
53.91211;216;-36.7366;31.37799;3;6;EXTRACT;0;
55.91797;216;-36.7366;31.37799;3;5;EXTRACT;0;
57.88086;216;-36.7366;31.37799;3;4;EXTRACT;0;
59.89063;216;-36.7366;31.37799;3;3;EXTRACT;0;
61.89844;216;-36.7366;31.37799;3;2;EXTRACT;0;
63.91406;216;-36.7366;31.37799;3;1;EXTRACT;0;
65.87891;216;-36.7366;31.37799;3;0;EXTRACT;0;
65.83984;216;-36.7366;31.37799;3;0;DESTROYED;;
65.87891;231;33.0816;-7.819664;3;16;CREATED;;
92.16406;220;-44.71482;26.17051;3;16;DISCOVER;3;
95.36914;220;-44.71482;26.17051;3;15;EXTRACT;3;
97.375;220;-44.71482;26.17051;3;14;EXTRACT;3;
99.37891;220;-44.71482;26.17051;3;13;EXTRACT;3;
101.3828;220;-44.71482;26.17051;3;12;EXTRACT;3;
103.3906;220;-44.71482;26.17051;3;11;EXTRACT;3;
105.3945;220;-44.71482;26.17051;3;10;EXTRACT;3;
107.3789;220;-44.71482;26.17051;3;9;EXTRACT;3;
109.3867;220;-44.71482;26.17051;3;8;EXTRACT;3;
111.3926;220;-44.71482;26.17051;3;7;EXTRACT;3;
113.3984;220;-44.71482;26.17051;3;6;EXTRACT;3;
115.3652;220;-44.71482;26.17051;3;5;EXTRACT;3;
116.6074;229;-2.788815;-15.62253;3;16;DISCOVER;1;
117.3691;220;-44.71482;26.17051;3;4;EXTRACT;3;
119.377;220;-44.71482;26.17051;3;3;EXTRACT;3;
120.9414;229;-2.788815;-15.62253;3;15;EXTRACT;1;
121.3828;220;-44.71482;26.17051;3;2;EXTRACT;3;
122.625;229;-2.788815;-15.62253;3;15;DISCOVER;2;
122.9453;229;-2.788815;-15.62253;3;14;EXTRACT;1;
123.3867;220;-44.71482;26.17051;3;1;EXTRACT;3;
124.9531;229;-2.788815;-15.62253;3;13;EXTRACT;1;
125.3145;229;-2.788815;-15.62253;3;12;EXTRACT;2;
125.3945;220;-44.71482;26.17051;3;0;EXTRACT;3;
125.3613;220;-44.71482;26.17051;3;0;DESTROYED;;
125.3945;232;43.34038;27.69279;3;16;CREATED;;
126.918;229;-2.788815;-15.62253;3;11;EXTRACT;1;
127.3203;229;-2.788815;-15.62253;3;10;EXTRACT;2;
128.9258;229;-2.788815;-15.62253;3;9;EXTRACT;1;
129.3262;229;-2.788815;-15.62253;3;8;EXTRACT;2;
130.9297;229;-2.788815;-15.62253;3;7;EXTRACT;1;
131.3301;229;-2.788815;-15.62253;3;6;EXTRACT;2;
132.9336;229;-2.788815;-15.62253;3;5;EXTRACT;1;
133.2949;229;-2.788815;-15.62253;3;4;EXTRACT;2;
134.9395;229;-2.788815;-15.62253;3;3;EXTRACT;1;
135.3008;229;-2.788815;-15.62253;3;2;EXTRACT;2;
136.8652;229;-2.788815;-15.62253;3;2;DISCOVER;0;
136.9473;229;-2.788815;-15.62253;3;1;EXTRACT;1;
137.3086;229;-2.788815;-15.62253;3;0;EXTRACT;2;
137.2813;229;-2.788815;-15.62253;3;0;DESTROYED;;
137.3086;233;-29.78456;23.70426;3;16;CREATED;;
166.2402;223;-15.52432;21.11012;3;16;DISCOVER;1;
170.3711;223;-15.52432;21.11012;3;15;EXTRACT;1;
172.3809;223;-15.52432;21.11012;3;14;EXTRACT;1;
174.3848;223;-15.52432;21.11012;3;13;EXTRACT;1;
176.3906;223;-15.52432;21.11012;3;12;EXTRACT;1;
178.3965;223;-15.52432;21.11012;3;11;EXTRACT;1;
180.4023;223;-15.52432;21.11012;3;10;EXTRACT;1;
182.3672;223;-15.52432;21.11012;3;9;EXTRACT;1;
184.375;223;-15.52432;21.11012;3;8;EXTRACT;1;
186.3809;223;-15.52432;21.11012;3;7;EXTRACT;1;
188.3887;223;-15.52432;21.11012;3;6;EXTRACT;1;
190.3945;223;-15.52432;21.11012;3;5;EXTRACT;1;
192.3984;223;-15.52432;21.11012;3;4;EXTRACT;1;
194.4023;223;-15.52432;21.11012;3;3;EXTRACT;1;
196.3672;223;-15.52432;21.11012;3;2;EXTRACT;1;
198.373;223;-15.52432;21.11012;3;1;EXTRACT;1;
200.3809;223;-15.52432;21.11012;3;0;EXTRACT;1;
200.3613;223;-15.52432;21.11012;3;0;DESTROYED;;
200.3809;234;-16.46419;-41.42792;3;16;CREATED;;
207.4883;219;42.05535;-41.83243;3;16;DISCOVER;3;
210.2988;219;42.05535;-41.83243;3;15;EXTRACT;3;
212.3047;219;42.05535;-41.83243;3;14;EXTRACT;3;
214.2676;225;16.03204;-12.98991;3;16;DISCOVER;2;
214.3086;219;42.05535;-41.83243;3;13;EXTRACT;3;
216.3125;219;42.05535;-41.83243;3;12;EXTRACT;3;
217.4355;225;16.03204;-12.98991;3;15;EXTRACT;2;
218.3184;219;42.05535;-41.83243;3;11;EXTRACT;3;
219.4414;225;16.03204;-12.98991;3;14;EXTRACT;2;
220.3223;219;42.05535;-41.83243;3;10;EXTRACT;3;
221.4453;225;16.03204;-12.98991;3;13;EXTRACT;2;
222.3262;219;42.05535;-41.83243;3;9;EXTRACT;3;
223.4492;225;16.03204;-12.98991;3;12;EXTRACT;2;
224.3301;219;42.05535;-41.83243;3;8;EXTRACT;3;
225.4141;225;16.03204;-12.98991;3;11;EXTRACT;2;
226.3359;219;42.05535;-41.83243;3;7;EXTRACT;3;
227.416;225;16.03204;-12.98991;3;10;EXTRACT;2;
228.3379;219;42.05535;-41.83243;3;6;EXTRACT;3;
229.4219;225;16.03204;-12.98991;3;9;EXTRACT;2;
230.3047;219;42.05535;-41.83243;3;5;EXTRACT;3;
231.4277;225;16.03204;-12.98991;3;8;EXTRACT;2;
232.3105;219;42.05535;-41.83243;3;4;EXTRACT;3;
233.4336;225;16.03204;-12.98991;3;7;EXTRACT;2;
234.3145;219;42.05535;-41.83243;3;3;EXTRACT;3;
235.4375;225;16.03204;-12.98991;3;6;EXTRACT;2;
236.3203;219;42.05535;-41.83243;3;2;EXTRACT;3;
237.4473;225;16.03204;-12.98991;3;5;EXTRACT;2;
238.332;219;42.05535;-41.83243;3;1;EXTRACT;3;
239.416;225;16.03204;-12.98991;3;4;EXTRACT;2;
240.3379;219;42.05535;-41.83243;3;0;EXTRACT;3;
240.3203;219;42.05535;-41.83243;3;0;DESTROYED;;
240.3379;235;-38.93835;40.9803;3;16;CREATED;;
241.4199;225;16.03204;-12.98991;3;3;EXTRACT;2;
243.4238;225;16.03204;-12.98991;3;2;EXTRACT;2;
245.4316;225;16.03204;-12.98991;3;1;EXTRACT;2;
247.4355;225;16.03204;-12.98991;3;0;EXTRACT;2;
247.4004;225;16.03204;-12.98991;3;0;DESTROYED;;
247.4355;236;-27.20489;-43.8987;3;16;CREATED;;
265.9023;233;-29.78456;23.70426;3;16;DISCOVER;0;
268.9141;233;-29.78456;23.70426;3;15;EXTRACT;0;
270.9219;233;-29.78456;23.70426;3;14;EXTRACT;0;
272.9297;233;-29.78456;23.70426;3;13;EXTRACT;0;
274.9316;233;-29.78456;23.70426;3;12;EXTRACT;0;
276.9375;233;-29.78456;23.70426;3;11;EXTRACT;0;
278.9453;233;-29.78456;23.70426;3;10;EXTRACT;0;
280.9082;233;-29.78456;23.70426;3;9;EXTRACT;0;
282.9121;233;-29.78456;23.70426;3;8;EXTRACT;0;
284.9219;233;-29.78456;23.70426;3;7;EXTRACT;0;
286.9297;233;-29.78456;23.70426;3;6;EXTRACT;0;
288.9355;233;-29.78456;23.70426;3;5;EXTRACT;0;
290.9453;233;-29.78456;23.70426;3;4;EXTRACT;0;
292.9121;233;-29.78456;23.70426;3;3;EXTRACT;0;
294.9219;233;-29.78456;23.70426;3;2;EXTRACT;0;
296.9238;233;-29.78456;23.70426;3;1;EXTRACT;0;
298.248;226;6.726139;-40.02462;3;16;DISCOVER;2;
298.9297;233;-29.78456;23.70426;3;0;EXTRACT;0;
298.9199;233;-29.78456;23.70426;3;0;DESTROYED;;
298.9297;237;-37.86043;29.13953;3;16;CREATED;;
301.2148;226;6.726139;-40.02462;3;15;EXTRACT;2;
303.2246;226;6.726139;-40.02462;3;14;EXTRACT;2;
305.2266;226;6.726139;-40.02462;3;13;EXTRACT;2;
305.4707;218;-37.85559;-28.90449;3;16;DISCOVER;3;
307.2344;226;6.726139;-40.02462;3;12;EXTRACT;2;
308.877;218;-37.85559;-28.90449;3;15;EXTRACT;3;
309.1992;226;6.726139;-40.02462;3;11;EXTRACT;2;
310.8867;218;-37.85559;-28.90449;3;14;EXTRACT;3;
311.207;226;6.726139;-40.02462;3;10;EXTRACT;2;
312.8906;218;-37.85559;-28.90449;3;13;EXTRACT;3;
313.2109;226;6.726139;-40.02462;3;9;EXTRACT;2;
314.8535;218;-37.85559;-28.90449;3;12;EXTRACT;3;
315.2148;226;6.726139;-40.02462;3;8;EXTRACT;2;
316.8594;218;-37.85559;-28.90449;3;11;EXTRACT;3;
317.2207;226;6.726139;-40.02462;3;7;EXTRACT;2;
318.0625;227;-10.30414;34.40426;3;16;DISCOVER;0;
318.8652;218;-37.85559;-28.90449;3;10;EXTRACT;3;
319.2246;226;6.726139;-40.02462;3;6;EXTRACT;2;
320.8672;218;-37.85559;-28.90449;3;9;EXTRACT;3;
320.9883;227;-10.30414;34.40426;3;15;EXTRACT;0;
321.2285;226;6.726139;-40.02462;3;5;EXTRACT;2;
322.8711;218;-37.85559;-28.90449;3;8;EXTRACT;3;
322.9922;227;-10.30414;34.40426;3;14;EXTRACT;0;
323.2324;226;6.726139;-40.02462;3;4;EXTRACT;2;
324.875;218;-37.85559;-28.90449;3;7;EXTRACT;3;
324.9961;227;-10.30414;34.40426;3;13;EXTRACT;0;
325.2363;226;6.726139;-40.02462;3;3;EXTRACT;2;
326.8809;218;-37.85559;-28.90449;3;6;EXTRACT;3;
326.9609;227;-10.30414;34.40426;3;12;EXTRACT;0;
327.2012;226;6.726139;-40.02462;3;2;EXTRACT;2;
328.8887;218;-37.85559;-28.90449;3;5;EXTRACT;3;
328.9688;227;-10.30414;34.40426;3;11;EXTRACT;0;
329.209;226;6.726139;-40.02462;3;1;EXTRACT;2;
330.8555;218;-37.85559;-28.90449;3;4;EXTRACT;3;
330.9746;227;-10.30414;34.40426;3;10;EXTRACT;0;
331.2148;226;6.726139;-40.02462;3;0;EXTRACT;2;
331.2012;226;6.726139;-40.02462;3;0;DESTROYED;;
331.2148;238;-8.087166;-44.9667;3;16;CREATED;;
332.8594;218;-37.85559;-28.90449;3;3;EXTRACT;3;
332.9785;227;-10.30414;34.40426;3;9;EXTRACT;0;
334.8633;218;-37.85559;-28.90449;3;2;EXTRACT;3;
334.9844;227;-10.30414;34.40426;3;8;EXTRACT;0;
336.8652;218;-37.85559;-28.90449;3;1;EXTRACT;3;
336.9863;227;-10.30414;34.40426;3;7;EXTRACT;0;
338.8691;218;-37.85559;-28.90449;3;0;EXTRACT;3;
338.8398;218;-37.85559;-28.90449;3;0;DESTROYED;;
338.8691;239;-18.89932;-14.03106;3;16;CREATED;;
338.9902;227;-10.30414;34.40426;3;6;EXTRACT;0;
340.9922;227;-10.30414;34.40426;3;5;EXTRACT;0;
342.998;227;-10.30414;34.40426;3;4;EXTRACT;0;
344.9668;227;-10.30414;34.40426;3;3;EXTRACT;0;
346.9707;227;-10.30414;34.40426;3;2;EXTRACT;0;
348.9746;227;-10.30414;34.40426;3;1;EXTRACT;0;
350.9824;227;-10.30414;34.40426;3;0;EXTRACT;0;
350.9609;227;-10.30414;34.40426;3;0;DESTROYED;;
350.9824;240;-2.981667;36.32345;3;16;CREATED;;
355.873;240;-2.981667;36.32345;3;16;DISCOVER;0;
358.6445;240;-2.981667;36.32345;3;15;EXTRACT;0;
360.6465;240;-2.981667;36.32345;3;14;EXTRACT;0;
362.6504;240;-2.981667;36.32345;3;13;EXTRACT;0;
363.0527;224;-25.81184;-13.07549;3;16;DISCOVER;2;
364.6563;240;-2.981667;36.32345;3;12;EXTRACT;0;
365.9375;224;-25.81184;-13.07549;3;15;EXTRACT;2;
366.0586;222;16.66514;31.73863;3;16;DISCOVER;1;
366.6602;240;-2.981667;36.32345;3;11;EXTRACT;0;
367.9414;224;-25.81184;-13.07549;3;14;EXTRACT;2;
368.6641;240;-2.981667;36.32345;3;10;EXTRACT;0;
369.3457;217;7.908497;-31.60076;3;16;DISCOVER;3;
369.8672;222;16.66514;31.73863;3;15;EXTRACT;1;
369.9492;224;-25.81184;-13.07549;3;13;EXTRACT;2;
370.6289;240;-2.981667;36.32345;3;9;EXTRACT;0;
371.8711;222;16.66514;31.73863;3;14;EXTRACT;1;
371.9492;224;-25.81184;-13.07549;3;12;EXTRACT;2;
372.6348;240;-2.981667;36.32345;3;8;EXTRACT;0;
372.6738;217;7.908497;-31.60076;3;15;EXTRACT;3;
373.875;222;16.66514;31.73863;3;13;EXTRACT;1;
373.9551;224;-25.81184;-13.07549;3;11;EXTRACT;2;
374.6367;240;-2.981667;36.32345;3;7;EXTRACT;0;
374.6758;217;7.908497;-31.60076;3;14;EXTRACT;3;
375.877;222;16.66514;31.73863;3;12;EXTRACT;1;
375.957;224;-25.81184;-13.07549;3;10;EXTRACT;2;
376.6387;240;-2.981667;36.32345;3;6;EXTRACT;0;
376.6777;217;7.908497;-31.60076;3;13;EXTRACT;3;
377.8398;222;16.66514;31.73863;3;11;EXTRACT;1;
377.959;224;-25.81184;-13.07549;3;9;EXTRACT;2;
378.6406;240;-2.981667;36.32345;3;5;EXTRACT;0;
378.6816;217;7.908497;-31.60076;3;12;EXTRACT;3;
379.8438;222;16.66514;31.73863;3;10;EXTRACT;1;
379.9648;224;-25.81184;-13.07549;3;8;EXTRACT;2;
380.6504;240;-2.981667;36.32345;3;4;EXTRACT;0;
380.6895;217;7.908497;-31.60076;3;11;EXTRACT;3;
381.8516;222;16.66514;31.73863;3;9;EXTRACT;1;
381.9707;224;-25.81184;-13.07549;3;7;EXTRACT;2;
382.6543;240;-2.981667;36.32345;3;3;EXTRACT;0;
382.6953;217;7.908497;-31.60076;3;10;EXTRACT;3;
383.8574;222;16.66514;31.73863;3;8;EXTRACT;1;
383.9375;224;-25.81184;-13.07549;3;6;EXTRACT;2;
384.6602;240;-2.981667;36.32345;3;2;EXTRACT;0;
384.6602;217;7.908497;-31.60076;3;9;EXTRACT;3;
385.8633;222;16.66514;31.73863;3;7;EXTRACT;1;
385.9453;224;-25.81184;-13.07549;3;5;EXTRACT;2;
386.666;240;-2.981667;36.32345;3;1;EXTRACT;0;
386.666;217;7.908497;-31.60076;3;8;EXTRACT;3;
387.8711;222;16.66514;31.73863;3;6;EXTRACT;1;
387.9512;224;-25.81184;-13.07549;3;4;EXTRACT;2;
388.6328;240;-2.981667;36.32345;3;0;EXTRACT;0;
388.6016;240;-2.981667;36.32345;3;0;DESTROYED;;
388.6328;241;-32.11628;44.40173;3;16;CREATED;;
388.6738;217;7.908497;-31.60076;3;7;EXTRACT;3;
389.875;222;16.66514;31.73863;3;5;EXTRACT;1;
389.9551;224;-25.81184;-13.07549;3;3;EXTRACT;2;
390.6777;217;7.908497;-31.60076;3;6;EXTRACT;3;
391.8828;222;16.66514;31.73863;3;4;EXTRACT;1;
391.9629;224;-25.81184;-13.07549;3;2;EXTRACT;2;
392.6895;217;7.908497;-31.60076;3;5;EXTRACT;3;
393.8926;222;16.66514;31.73863;3;3;EXTRACT;1;
393.9727;224;-25.81184;-13.07549;3;1;EXTRACT;2;
394.6934;217;7.908497;-31.60076;3;4;EXTRACT;3;
395.8574;222;16.66514;31.73863;3;2;EXTRACT;1;
395.9375;224;-25.81184;-13.07549;3;0;EXTRACT;2;
395.9199;224;-25.81184;-13.07549;3;0;DESTROYED;;
395.9375;242;-4.196331;-23.03421;3;16;CREATED;;
396.6602;217;7.908497;-31.60076;3;3;EXTRACT;3;
397.8652;222;16.66514;31.73863;3;1;EXTRACT;1;
398.666;217;7.908497;-31.60076;3;2;EXTRACT;3;
399.873;222;16.66514;31.73863;3;0;EXTRACT;1;
399.8398;222;16.66514;31.73863;3;0;DESTROYED;;
399.873;243;-16.21338;-4.950409;3;16;CREATED;;
400.6758;217;7.908497;-31.60076;3;1;EXTRACT;3;
402.6816;217;7.908497;-31.60076;3;0;EXTRACT;3;
402.6816;217;7.908497;-31.60076;3;0;DESTROYED;;
402.6816;244;18.17193;-39.01516;3;16;CREATED;;
403.123;239;-18.89932;-14.03106;3;16;DISCOVER;2;
405.8535;239;-18.89932;-14.03106;3;15;EXTRACT;2;
407.8594;239;-18.89932;-14.03106;3;14;EXTRACT;2;
409.8652;239;-18.89932;-14.03106;3;13;EXTRACT;2;
411.8691;239;-18.89932;-14.03106;3;12;EXTRACT;2;
413.877;239;-18.89932;-14.03106;3;11;EXTRACT;2;
415.0391;242;-4.196331;-23.03421;3;16;DISCOVER;3;
415.8828;239;-18.89932;-14.03106;3;10;EXTRACT;2;
417.8535;239;-18.89932;-14.03106;3;9;EXTRACT;2;
417.9727;242;-4.196331;-23.03421;3;15;EXTRACT;3;
419.8613;239;-18.89932;-14.03106;3;8;EXTRACT;2;
419.9805;242;-4.196331;-23.03421;3;14;EXTRACT;3;
421.8652;239;-18.89932;-14.03106;3;7;EXTRACT;2;
421.9863;242;-4.196331;-23.03421;3;13;EXTRACT;3;
423.875;239;-18.89932;-14.03106;3;6;EXTRACT;2;
423.9941;242;-4.196331;-23.03421;3;12;EXTRACT;3;
425.8809;239;-18.89932;-14.03106;3;5;EXTRACT;2;
425.9609;242;-4.196331;-23.03421;3;11;EXTRACT;3;
427.8867;239;-18.89932;-14.03106;3;4;EXTRACT;2;
427.9668;242;-4.196331;-23.03421;3;10;EXTRACT;3;
429.8652;239;-18.89932;-14.03106;3;3;EXTRACT;2;
429.9863;242;-4.196331;-23.03421;3;9;EXTRACT;3;
431.8711;239;-18.89932;-14.03106;3;2;EXTRACT;2;
431.9922;242;-4.196331;-23.03421;3;8;EXTRACT;3;
433.877;239;-18.89932;-14.03106;3;1;EXTRACT;2;
433.957;242;-4.196331;-23.03421;3;7;EXTRACT;3;
435.8809;239;-18.89932;-14.03106;3;0;EXTRACT;2;
435.8398;239;-18.89932;-14.03106;3;0;DESTROYED;;
435.8809;245;-28.75653;9.272167;3;16;CREATED;;
435.9629;242;-4.196331;-23.03421;3;6;EXTRACT;3;
437.9688;242;-4.196331;-23.03421;3;5;EXTRACT;3;
439.9785;242;-4.196331;-23.03421;3;4;EXTRACT;3;
441.9844;242;-4.196331;-23.03421;3;3;EXTRACT;3;
443.9941;242;-4.196331;-23.03421;3;2;EXTRACT;3;
445.0781;242;-4.196331;-23.03421;3;2;DISCOVER;2;
445.9609;242;-4.196331;-23.03421;3;1;EXTRACT;3;
447.9258;242;-4.196331;-23.03421;3;0;EXTRACT;2;
447.9199;242;-4.196331;-23.03421;3;0;DESTROYED;;
447.9258;246;-39.23349;17.35395;3;16;CREATED;;
465.0605;244;18.17193;-39.01516;3;16;DISCOVER;0;
468.0332;244;18.17193;-39.01516;3;15;EXTRACT;0;
469.998;244;18.17193;-39.01516;3;14;EXTRACT;0;
472.0039;244;18.17193;-39.01516;3;13;EXTRACT;0;
474.0098;244;18.17193;-39.01516;3;12;EXTRACT;0;
476.0156;244;18.17193;-39.01516;3;11;EXTRACT;0;
476.0156;244;18.17193;-39.01516;3;11;DISCOVER;1;
478.0215;244;18.17193;-39.01516;3;10;EXTRACT;0;
479.9473;244;18.17193;-39.01516;3;9;EXTRACT;1;
480.0273;244;18.17193;-39.01516;3;8;EXTRACT;0;
481.9531;244;18.17193;-39.01516;3;7;EXTRACT;1;
482.0332;244;18.17193;-39.01516;3;6;EXTRACT;0;
483.957;244;18.17193;-39.01516;3;5;EXTRACT;1;
484.0371;244;18.17193;-39.01516;3;4;EXTRACT;0;
485.9609;244;18.17193;-39.01516;3;3;EXTRACT;1;
486.002;244;18.17193;-39.01516;3;2;EXTRACT;0;
487.9668;244;18.17193;-39.01516;3;1;EXTRACT;1;
488.0078;244;18.17193;-39.01516;3;0;EXTRACT;0;
488;244;18.17193;-39.01516;3;0;DESTROYED;;
488.0078;247;-29.8846;-6.791435;3;16;CREATED;;
514.1719;231;33.0816;-7.819664;3;16;DISCOVER;1;
518.3418;231;33.0816;-7.819664;3;15;EXTRACT;1;
520.3516;231;33.0816;-7.819664;3;14;EXTRACT;1;
522.3594;231;33.0816;-7.819664;3;13;EXTRACT;1;
524.3672;231;33.0816;-7.819664;3;12;EXTRACT;1;
526.373;231;33.0816;-7.819664;3;11;EXTRACT;1;
528.3809;231;33.0816;-7.819664;3;10;EXTRACT;1;
530.3457;231;33.0816;-7.819664;3;9;EXTRACT;1;
532.3535;231;33.0816;-7.819664;3;8;EXTRACT;1;
534.3613;231;33.0816;-7.819664;3;7;EXTRACT;1;
536.3672;231;33.0816;-7.819664;3;6;EXTRACT;1;
538.373;231;33.0816;-7.819664;3;5;EXTRACT;1;
540.3828;231;33.0816;-7.819664;3;4;EXTRACT;1;
542.3496;231;33.0816;-7.819664;3;3;EXTRACT;1;
544.3555;231;33.0816;-7.819664;3;2;EXTRACT;1;
546.3613;231;33.0816;-7.819664;3;1;EXTRACT;1;
548.3672;231;33.0816;-7.819664;3;0;EXTRACT;1;
548.3613;231;33.0816;-7.819664;3;0;DESTROYED;;
548.3672;248;39.61417;-8.947384;3;16;CREATED;;
551.6172;246;-39.23349;17.35395;3;16;DISCOVER;0;
554.8691;246;-39.23349;17.35395;3;15;EXTRACT;0;
556.8359;246;-39.23349;17.35395;3;14;EXTRACT;0;
558.8418;246;-39.23349;17.35395;3;13;EXTRACT;0;
560.8496;246;-39.23349;17.35395;3;12;EXTRACT;0;
562.8594;246;-39.23349;17.35395;3;11;EXTRACT;0;
564.8652;246;-39.23349;17.35395;3;10;EXTRACT;0;
566.873;246;-39.23349;17.35395;3;9;EXTRACT;0;
568.8398;246;-39.23349;17.35395;3;8;EXTRACT;0;
570.8418;246;-39.23349;17.35395;3;7;EXTRACT;0;
572.8516;246;-39.23349;17.35395;3;6;EXTRACT;0;
574.8555;246;-39.23349;17.35395;3;5;EXTRACT;0;
575.6563;243;-16.21338;-4.950409;3;16;DISCOVER;3;
576.8594;246;-39.23349;17.35395;3;4;EXTRACT;0;
578.584;243;-16.21338;-4.950409;3;15;EXTRACT;3;
578.8652;246;-39.23349;17.35395;3;3;EXTRACT;0;
580.5898;243;-16.21338;-4.950409;3;14;EXTRACT;3;
580.8711;246;-39.23349;17.35395;3;2;EXTRACT;0;
582.5957;243;-16.21338;-4.950409;3;13;EXTRACT;3;
582.6367;246;-39.23349;17.35395;3;2;DISCOVER;2;
582.875;246;-39.23349;17.35395;3;1;EXTRACT;0;
583.6406;243;-16.21338;-4.950409;3;13;DISCOVER;1;
584.6035;243;-16.21338;-4.950409;3;12;EXTRACT;3;
584.8438;246;-39.23349;17.35395;3;0;EXTRACT;0;
584.8398;246;-39.23349;17.35395;3;0;DESTROYED;;
584.8438;249;16.95795;17.0664;3;16;CREATED;;
586.6074;243;-16.21338;-4.950409;3;11;EXTRACT;3;
587.6504;243;-16.21338;-4.950409;3;10;EXTRACT;1;
588.6133;243;-16.21338;-4.950409;3;9;EXTRACT;3;
589.6563;243;-16.21338;-4.950409;3;8;EXTRACT;1;
590.6191;243;-16.21338;-4.950409;3;7;EXTRACT;3;
591.6621;243;-16.21338;-4.950409;3;6;EXTRACT;1;
592.5859;243;-16.21338;-4.950409;3;5;EXTRACT;3;
593.6328;243;-16.21338;-4.950409;3;4;EXTRACT;1;
594.5957;243;-16.21338;-4.950409;3;3;EXTRACT;3;
595.6387;243;-16.21338;-4.950409;3;2;EXTRACT;1;
596.4023;237;-37.86043;29.13953;3;16;DISCOVER;0;
596.6035;243;-16.21338;-4.950409;3;1;EXTRACT;3;
597.6445;243;-16.21338;-4.950409;3;0;EXTRACT;1;
597.6406;243;-16.21338;-4.950409;3;0;DESTROYED;;
597.6445;250;-1.19759;-21.2217;3;16;CREATED;;
599.5723;237;-37.86043;29.13953;3;15;EXTRACT;0;
601.5781;237;-37.86043;29.13953;3;14;EXTRACT;0;
603.582;237;-37.86043;29.13953;3;13;EXTRACT;0;
605.5879;237;-37.86043;29.13953;3;12;EXTRACT;0;
605.8691;237;-37.86043;29.13953;3;12;DISCOVER;2;
607.5938;237;-37.86043;29.13953;3;11;EXTRACT;0;
608.6777;237;-37.86043;29.13953;3;10;EXTRACT;2;
609.2793;245;-28.75653;9.272167;3;16;DISCOVER;3;
609.5605;237;-37.86043;29.13953;3;9;EXTRACT;0;
610.6816;237;-37.86043;29.13953;3;8;EXTRACT;2;
611.5645;237;-37.86043;29.13953;3;7;EXTRACT;0;
612.2852;245;-28.75653;9.272167;3;15;EXTRACT;3;
612.6875;237;-37.86043;29.13953;3;6;EXTRACT;2;
613.5723;237;-37.86043;29.13953;3;5;EXTRACT;0;
614.2539;245;-28.75653;9.272167;3;14;EXTRACT;3;
614.6934;237;-37.86043;29.13953;3;4;EXTRACT;2;
615.5762;237;-37.86043;29.13953;3;3;EXTRACT;0;
616.2598;245;-28.75653;9.272167;3;13;EXTRACT;3;
616.6973;237;-37.86043;29.13953;3;2;EXTRACT;2;
617.5801;237;-37.86043;29.13953;3;1;EXTRACT;0;
618.0605;245;-28.75653;9.272167;3;13;DISCOVER;1;
618.2598;245;-28.75653;9.272167;3;12;EXTRACT;3;
618.7012;237;-37.86043;29.13953;3;0;EXTRACT;2;
618.6816;237;-37.86043;29.13953;3;0;DESTROYED;;
618.7012;251;5.911625;35.98659;3;16;CREATED;;
620.2637;245;-28.75653;9.272167;3;11;EXTRACT;3;
621.9102;245;-28.75653;9.272167;3;10;EXTRACT;1;
622.2715;245;-28.75653;9.272167;3;9;EXTRACT;3;
623.916;245;-28.75653;9.272167;3;8;EXTRACT;1;
624.2813;245;-28.75653;9.272167;3;7;EXTRACT;3;
625.9238;245;-28.75653;9.272167;3;6;EXTRACT;1;
626.2852;245;-28.75653;9.272167;3;5;EXTRACT;3;
627.9277;245;-28.75653;9.272167;3;4;EXTRACT;1;
628.2871;245;-28.75653;9.272167;3;3;EXTRACT;3;
629.9297;245;-28.75653;9.272167;3;2;EXTRACT;1;
630.25;245;-28.75653;9.272167;3;1;EXTRACT;3;
630.8105;245;-28.75653;9.272167;3;1;DISCOVER;2;
631.9336;245;-28.75653;9.272167;3;0;EXTRACT;1;
631.9199;245;-28.75653;9.272167;3;0;DESTROYED;;
631.9336;252;7.260391;18.60208;3;16;CREATED;;
636.9883;235;-38.93835;40.9803;3;16;DISCOVER;0;
640.2793;235;-38.93835;40.9803;3;15;EXTRACT;0;
642.2871;235;-38.93835;40.9803;3;14;EXTRACT;0;
644.291;235;-38.93835;40.9803;3;13;EXTRACT;0;
646.3027;235;-38.93835;40.9803;3;12;EXTRACT;0;
648.3086;235;-38.93835;40.9803;3;11;EXTRACT;0;
649.1504;230;-30.2416;17.0802;3;16;DISCOVER;1;
650.3105;235;-38.93835;40.9803;3;10;EXTRACT;0;
652.3164;235;-38.93835;40.9803;3;9;EXTRACT;0;
653.1191;230;-30.2416;17.0802;3;15;EXTRACT;1;
654.3242;235;-38.93835;40.9803;3;8;EXTRACT;0;
655.0879;230;-30.2416;17.0802;3;14;EXTRACT;1;
655.209;235;-38.93835;40.9803;3;8;DISCOVER;3;
656.291;235;-38.93835;40.9803;3;7;EXTRACT;0;
657.0918;230;-30.2416;17.0802;3;13;EXTRACT;1;
658.2129;235;-38.93835;40.9803;3;6;EXTRACT;3;
658.293;235;-38.93835;40.9803;3;5;EXTRACT;0;
659.0957;230;-30.2416;17.0802;3;12;EXTRACT;1;
660.2188;235;-38.93835;40.9803;3;4;EXTRACT;3;
660.2988;235;-38.93835;40.9803;3;3;EXTRACT;0;
661.1016;230;-30.2416;17.0802;3;11;EXTRACT;1;
662.2246;235;-38.93835;40.9803;3;2;EXTRACT;3;
662.3047;235;-38.93835;40.9803;3;1;EXTRACT;0;
663.1055;230;-30.2416;17.0802;3;10;EXTRACT;1;
664.2266;235;-38.93835;40.9803;3;0;EXTRACT;3;
664.2012;235;-38.93835;40.9803;3;0;DESTROYED;;
664.2266;253;27.65585;4.150574;3;16;CREATED;;
665.1094;230;-30.2416;17.0802;3;9;EXTRACT;1;
665.7109;230;-30.2416;17.0802;3;9;DISCOVER;2;
667.1133;230;-30.2416;17.0802;3;8;EXTRACT;1;
668.5195;230;-30.2416;17.0802;3;7;EXTRACT;2;
669.082;230;-30.2416;17.0802;3;6;EXTRACT;1;
670.4102;241;-32.11628;44.40173;3;16;DISCOVER;0;
670.5293;230;-30.2416;17.0802;3;5;EXTRACT;2;
671.0918;230;-30.2416;17.0802;3;4;EXTRACT;1;
672.5332;230;-30.2416;17.0802;3;3;EXTRACT;2;
673.0957;230;-30.2416;17.0802;3;2;EXTRACT;1;
673.377;241;-32.11628;44.40173;3;15;EXTRACT;0;
674.5391;230;-30.2416;17.0802;3;1;EXTRACT;2;
675.0996;230;-30.2416;17.0802;3;0;EXTRACT;1;
675.0801;230;-30.2416;17.0802;3;0;DESTROYED;;
675.0996;254;-19.63013;14.05053;3;16;CREATED;;
675.3418;241;-32.11628;44.40173;3;14;EXTRACT;0;
677.3457;241;-32.11628;44.40173;3;13;EXTRACT;0;
679.3516;241;-32.11628;44.40173;3;12;EXTRACT;0;
681.3594;241;-32.11628;44.40173;3;11;EXTRACT;0;
683.3652;241;-32.11628;44.40173;3;10;EXTRACT;0;
685.3691;241;-32.11628;44.40173;3;9;EXTRACT;0;
687.377;241;-32.11628;44.40173;3;8;EXTRACT;0;
689.3516;241;-32.11628;44.40173;3;7;EXTRACT;0;
691.3555;241;-32.11628;44.40173;3;6;EXTRACT;0;
693.3594;241;-32.11628;44.40173;3;5;EXTRACT;0;
693.3594;254;-19.63013;14.05053;3;16;DISCOVER;2;
695.3633;241;-32.11628;44.40173;3;4;EXTRACT;0;
696.4844;254;-19.63013;14.05053;3;15;EXTRACT;2;
697.3672;241;-32.11628;44.40173;3;3;EXTRACT;0;
698.4902;254;-19.63013;14.05053;3;14;EXTRACT;2;
699.375;241;-32.11628;44.40173;3;2;EXTRACT;0;
700.5;254;-19.63013;14.05053;3;13;EXTRACT;2;
701.3809;241;-32.11628;44.40173;3;1;EXTRACT;0;
702.4648;254;-19.63013;14.05053;3;12;EXTRACT;2;
703.3477;241;-32.11628;44.40173;3;0;EXTRACT;0;
703.3203;241;-32.11628;44.40173;3;0;DESTROYED;;
703.3477;255;-39.09362;32.829;3;16;CREATED;;
703.9082;254;-19.63013;14.05053;3;12;DISCOVER;1;
704.4688;254;-19.63013;14.05053;3;11;EXTRACT;2;
706.4766;254;-19.63013;14.05053;3;10;EXTRACT;2;
707.4004;254;-19.63013;14.05053;3;9;EXTRACT;1;
708.4844;254;-19.63013;14.05053;3;8;EXTRACT;2;
709.3691;254;-19.63013;14.05053;3;7;EXTRACT;1;
710.4902;254;-19.63013;14.05053;3;6;EXTRACT;2;
711.375;254;-19.63013;14.05053;3;5;EXTRACT;1;
712.5;254;-19.63013;14.05053;3;4;EXTRACT;2;
713.3867;254;-19.63013;14.05053;3;3;EXTRACT;1;
714.4707;254;-19.63013;14.05053;3;2;EXTRACT;2;
715.3945;254;-19.63013;14.05053;3;1;EXTRACT;1;
716.4766;254;-19.63013;14.05053;3;0;EXTRACT;2;
716.4414;254;-19.63013;14.05053;3;0;DESTROYED;;
716.4766;256;35.60184;15.61066;3;16;CREATED;;
