Time;PatchID;PositionX;PositionZ;Radius;CoinAmount;PatchEvent;TriggerPlayer;
0;237;24.14663;6.348;3;16;CREATED;;
0;238;23.63817;-36.79786;3;16;CREATED;;
0;239;-43.55773;-32.96287;3;16;CREATED;;
0;240;-28.66764;27.23307;3;16;CREATED;;
0;241;-0.8925819;-31.65751;3;16;CREATED;;
0;242;-3.583641;10.1228;3;16;CREATED;;
0;243;23.48782;12.78293;3;16;CREATED;;
0;244;30.03207;15.63105;3;16;CREATED;;
0;245;-7.570896;24.81754;3;16;CREATED;;
0;246;-42.86969;-17.51483;3;16;CREATED;;
0;247;2.740677;-7.836338;3;16;CREATED;;
0;248;41.55637;-23.3216;3;16;CREATED;;
0;249;-20.02299;24.76049;3;16;CREATED;;
0;250;25.42242;-18.8339;3;16;CREATED;;
0;251;-32.25494;-10.21932;3;16;CREATED;;
33.03125;248;41.55637;-23.3216;3;16;DISCOVER;3;
36.15625;248;41.55637;-23.3216;3;15;EXTRACT;3;
38.16406;248;41.55637;-23.3216;3;14;EXTRACT;3;
40.13281;248;41.55637;-23.3216;3;13;EXTRACT;3;
42.13281;248;41.55637;-23.3216;3;12;EXTRACT;3;
44.14063;248;41.55637;-23.3216;3;11;EXTRACT;3;
44.57813;248;41.55637;-23.3216;3;11;DISCOVER;0;
46.14844;248;41.55637;-23.3216;3;10;EXTRACT;3;
47.15625;248;41.55637;-23.3216;3;9;EXTRACT;0;
48.15625;248;41.55637;-23.3216;3;8;EXTRACT;3;
49.16406;248;41.55637;-23.3216;3;7;EXTRACT;0;
50.16406;248;41.55637;-23.3216;3;6;EXTRACT;3;
51.16406;248;41.55637;-23.3216;3;5;EXTRACT;0;
52.125;248;41.55637;-23.3216;3;4;EXTRACT;3;
53.17188;248;41.55637;-23.3216;3;3;EXTRACT;0;
54.13281;248;41.55637;-23.3216;3;2;EXTRACT;3;
55.17188;248;41.55637;-23.3216;3;1;EXTRACT;0;
56.14063;248;41.55637;-23.3216;3;0;EXTRACT;3;
56.11719;248;41.55637;-23.3216;3;0;DESTROYED;;
56.14063;252;40.133;-17.83452;3;16;CREATED;;
61.03125;252;40.133;-17.83452;3;16;DISCOVER;3;
64.35938;252;40.133;-17.83452;3;15;EXTRACT;3;
66.36719;252;40.133;-17.83452;3;14;EXTRACT;3;
68.36719;252;40.133;-17.83452;3;13;EXTRACT;3;
70.375;252;40.133;-17.83452;3;12;EXTRACT;3;
72.38281;252;40.133;-17.83452;3;11;EXTRACT;3;
74.35156;252;40.133;-17.83452;3;10;EXTRACT;3;
76.35156;252;40.133;-17.83452;3;9;EXTRACT;3;
78.35938;252;40.133;-17.83452;3;8;EXTRACT;3;
79.52344;252;40.133;-17.83452;3;8;DISCOVER;1;
80.36719;252;40.133;-17.83452;3;7;EXTRACT;3;
80.40625;244;30.03207;15.63105;3;16;DISCOVER;0;
82.375;252;40.133;-17.83452;3;6;EXTRACT;3;
82.57813;252;40.133;-17.83452;3;5;EXTRACT;1;
83.29688;244;30.03207;15.63105;3;15;EXTRACT;0;
84.38281;252;40.133;-17.83452;3;4;EXTRACT;3;
84.58594;252;40.133;-17.83452;3;3;EXTRACT;1;
85.30469;244;30.03207;15.63105;3;14;EXTRACT;0;
86.35156;252;40.133;-17.83452;3;2;EXTRACT;3;
86.58594;252;40.133;-17.83452;3;1;EXTRACT;1;
87.3125;244;30.03207;15.63105;3;13;EXTRACT;0;
88.35156;252;40.133;-17.83452;3;0;EXTRACT;3;
88.32031;252;40.133;-17.83452;3;0;DESTROYED;;
88.35156;253;28.25054;-44.45742;3;16;CREATED;;
89.3125;244;30.03207;15.63105;3;12;EXTRACT;0;
91.28125;244;30.03207;15.63105;3;11;EXTRACT;0;
93.28906;244;30.03207;15.63105;3;10;EXTRACT;0;
95.28906;244;30.03207;15.63105;3;9;EXTRACT;0;
97.29688;244;30.03207;15.63105;3;8;EXTRACT;0;
99.30469;244;30.03207;15.63105;3;7;EXTRACT;0;
101.3125;244;30.03207;15.63105;3;6;EXTRACT;0;
103.3125;244;30.03207;15.63105;3;5;EXTRACT;0;
105.2734;244;30.03207;15.63105;3;4;EXTRACT;0;
107.2813;244;30.03207;15.63105;3;3;EXTRACT;0;
109.2891;244;30.03207;15.63105;3;2;EXTRACT;0;
111.2969;244;30.03207;15.63105;3;1;EXTRACT;0;
113.2969;244;30.03207;15.63105;3;0;EXTRACT;0;
113.2813;244;30.03207;15.63105;3;0;DESTROYED;;
113.2969;254;-13.88487;3.775009;3;16;CREATED;;
117.2344;242;-3.583641;10.1228;3;16;DISCOVER;2;
119.5156;253;28.25054;-44.45742;3;16;DISCOVER;1;
120.3984;242;-3.583641;10.1228;3;15;EXTRACT;2;
122.4063;242;-3.583641;10.1228;3;14;EXTRACT;2;
122.5234;253;28.25054;-44.45742;3;15;EXTRACT;1;
124.3672;242;-3.583641;10.1228;3;13;EXTRACT;2;
124.5313;253;28.25054;-44.45742;3;14;EXTRACT;1;
126.375;242;-3.583641;10.1228;3;12;EXTRACT;2;
126.5781;253;28.25054;-44.45742;3;13;EXTRACT;1;
128.3828;242;-3.583641;10.1228;3;11;EXTRACT;2;
128.5391;253;28.25054;-44.45742;3;12;EXTRACT;1;
130.3906;242;-3.583641;10.1228;3;10;EXTRACT;2;
130.5859;253;28.25054;-44.45742;3;11;EXTRACT;1;
132.3906;242;-3.583641;10.1228;3;9;EXTRACT;2;
132.5938;253;28.25054;-44.45742;3;10;EXTRACT;1;
134.3984;242;-3.583641;10.1228;3;8;EXTRACT;2;
134.5625;253;28.25054;-44.45742;3;9;EXTRACT;1;
136.3984;242;-3.583641;10.1228;3;7;EXTRACT;2;
136.5625;253;28.25054;-44.45742;3;8;EXTRACT;1;
138.4063;242;-3.583641;10.1228;3;6;EXTRACT;2;
138.5703;253;28.25054;-44.45742;3;7;EXTRACT;1;
140.375;242;-3.583641;10.1228;3;5;EXTRACT;2;
140.5703;253;28.25054;-44.45742;3;6;EXTRACT;1;
142.375;242;-3.583641;10.1228;3;4;EXTRACT;2;
142.5781;253;28.25054;-44.45742;3;5;EXTRACT;1;
144.3828;242;-3.583641;10.1228;3;3;EXTRACT;2;
144.5781;253;28.25054;-44.45742;3;4;EXTRACT;1;
146.3828;242;-3.583641;10.1228;3;2;EXTRACT;2;
146.5859;253;28.25054;-44.45742;3;3;EXTRACT;1;
148.3906;242;-3.583641;10.1228;3;1;EXTRACT;2;
148.5859;253;28.25054;-44.45742;3;2;EXTRACT;1;
150.3984;242;-3.583641;10.1228;3;0;EXTRACT;2;
150.3594;242;-3.583641;10.1228;3;0;DESTROYED;;
150.3984;255;22.18291;-4.65398;3;16;CREATED;;
150.6016;253;28.25054;-44.45742;3;1;EXTRACT;1;
152.6094;253;28.25054;-44.45742;3;0;EXTRACT;1;
152.6016;253;28.25054;-44.45742;3;0;DESTROYED;;
152.6094;256;-21.82143;41.61739;3;16;CREATED;;
157.5859;238;23.63817;-36.79786;3;16;DISCOVER;1;
160.5938;238;23.63817;-36.79786;3;15;EXTRACT;1;
162.5938;238;23.63817;-36.79786;3;14;EXTRACT;1;
164.6016;238;23.63817;-36.79786;3;13;EXTRACT;1;
166.6016;238;23.63817;-36.79786;3;12;EXTRACT;1;
166.6484;237;24.14663;6.348;3;16;DISCOVER;2;
168.6094;238;23.63817;-36.79786;3;11;EXTRACT;1;
170.5781;238;23.63817;-36.79786;3;10;EXTRACT;1;
172.5781;238;23.63817;-36.79786;3;9;EXTRACT;1;
173.1406;237;24.14663;6.348;3;15;EXTRACT;2;
174.5859;238;23.63817;-36.79786;3;8;EXTRACT;1;
175.1484;237;24.14663;6.348;3;14;EXTRACT;2;
176.5859;238;23.63817;-36.79786;3;7;EXTRACT;1;
177.1484;237;24.14663;6.348;3;13;EXTRACT;2;
178.5938;238;23.63817;-36.79786;3;6;EXTRACT;1;
179.1563;237;24.14663;6.348;3;12;EXTRACT;2;
180.0781;250;25.42242;-18.8339;3;16;DISCOVER;3;
180.6016;238;23.63817;-36.79786;3;5;EXTRACT;1;
181.1641;237;24.14663;6.348;3;11;EXTRACT;2;
182.6016;238;23.63817;-36.79786;3;4;EXTRACT;1;
183.1641;237;24.14663;6.348;3;10;EXTRACT;2;
183.2813;250;25.42242;-18.8339;3;15;EXTRACT;3;
184.6094;238;23.63817;-36.79786;3;3;EXTRACT;1;
185.1719;237;24.14663;6.348;3;9;EXTRACT;2;
185.2969;250;25.42242;-18.8339;3;14;EXTRACT;3;
186.5781;238;23.63817;-36.79786;3;2;EXTRACT;1;
187.1406;237;24.14663;6.348;3;8;EXTRACT;2;
187.2969;250;25.42242;-18.8339;3;13;EXTRACT;3;
188.5859;238;23.63817;-36.79786;3;1;EXTRACT;1;
189.1484;237;24.14663;6.348;3;7;EXTRACT;2;
189.3047;250;25.42242;-18.8339;3;12;EXTRACT;3;
190.5938;238;23.63817;-36.79786;3;0;EXTRACT;1;
190.5547;238;23.63817;-36.79786;3;0;DESTROYED;;
190.6328;257;-32.37308;-31.72422;3;16;CREATED;;
191.1563;237;24.14663;6.348;3;6;EXTRACT;2;
191.3125;250;25.42242;-18.8339;3;11;EXTRACT;3;
193.1641;237;24.14663;6.348;3;5;EXTRACT;2;
193.3203;250;25.42242;-18.8339;3;10;EXTRACT;3;
195.1719;237;24.14663;6.348;3;4;EXTRACT;2;
195.2891;250;25.42242;-18.8339;3;9;EXTRACT;3;
197.1406;237;24.14663;6.348;3;3;EXTRACT;2;
197.3047;250;25.42242;-18.8339;3;8;EXTRACT;3;
197.8672;246;-42.86969;-17.51483;3;16;DISCOVER;0;
199.1484;237;24.14663;6.348;3;2;EXTRACT;2;
199.3125;250;25.42242;-18.8339;3;7;EXTRACT;3;
200.7188;246;-42.86969;-17.51483;3;15;EXTRACT;0;
201.1563;237;24.14663;6.348;3;1;EXTRACT;2;
201.3203;250;25.42242;-18.8339;3;6;EXTRACT;3;
202.6016;250;25.42242;-18.8339;3;6;DISCOVER;1;
202.6797;246;-42.86969;-17.51483;3;14;EXTRACT;0;
203.1641;237;24.14663;6.348;3;0;EXTRACT;2;
203.1563;237;24.14663;6.348;3;0;DESTROYED;;
203.1641;258;-6.040737;-41.96364;3;16;CREATED;;
203.2813;250;25.42242;-18.8339;3;5;EXTRACT;3;
204.6875;246;-42.86969;-17.51483;3;13;EXTRACT;0;
205.2891;250;25.42242;-18.8339;3;4;EXTRACT;3;
205.4453;250;25.42242;-18.8339;3;3;EXTRACT;1;
206.6953;246;-42.86969;-17.51483;3;12;EXTRACT;0;
207.2891;250;25.42242;-18.8339;3;2;EXTRACT;3;
207.4141;250;25.42242;-18.8339;3;1;EXTRACT;1;
208.6953;246;-42.86969;-17.51483;3;11;EXTRACT;0;
209.2969;250;25.42242;-18.8339;3;0;EXTRACT;3;
209.2813;250;25.42242;-18.8339;3;0;DESTROYED;;
209.2969;259;36.29822;-34.16257;3;16;CREATED;;
210.7031;246;-42.86969;-17.51483;3;10;EXTRACT;0;
212.7031;246;-42.86969;-17.51483;3;9;EXTRACT;0;
214.7109;246;-42.86969;-17.51483;3;8;EXTRACT;0;
216.7188;246;-42.86969;-17.51483;3;7;EXTRACT;0;
218.6875;246;-42.86969;-17.51483;3;6;EXTRACT;0;
220.6875;246;-42.86969;-17.51483;3;5;EXTRACT;0;
222.6953;246;-42.86969;-17.51483;3;4;EXTRACT;0;
224.7031;246;-42.86969;-17.51483;3;3;EXTRACT;0;
226.7031;246;-42.86969;-17.51483;3;2;EXTRACT;0;
228.7031;246;-42.86969;-17.51483;3;1;EXTRACT;0;
230.7109;246;-42.86969;-17.51483;3;0;EXTRACT;0;
230.6797;246;-42.86969;-17.51483;3;0;DESTROYED;;
230.7109;260;-34.52262;-17.05976;3;16;CREATED;;
234.7656;245;-7.570896;24.81754;3;16;DISCOVER;2;
237.6484;245;-7.570896;24.81754;3;15;EXTRACT;2;
239.6094;245;-7.570896;24.81754;3;14;EXTRACT;2;
240.1406;239;-43.55773;-32.96287;3;16;DISCOVER;0;
241.6328;245;-7.570896;24.81754;3;13;EXTRACT;2;
243.0781;239;-43.55773;-32.96287;3;15;EXTRACT;0;
243.6406;245;-7.570896;24.81754;3;12;EXTRACT;2;
245.0859;239;-43.55773;-32.96287;3;14;EXTRACT;0;
245.6484;245;-7.570896;24.81754;3;11;EXTRACT;2;
247.0938;239;-43.55773;-32.96287;3;13;EXTRACT;0;
247.6094;245;-7.570896;24.81754;3;10;EXTRACT;2;
248.0156;258;-6.040737;-41.96364;3;16;DISCOVER;1;
249.0938;239;-43.55773;-32.96287;3;12;EXTRACT;0;
249.6172;245;-7.570896;24.81754;3;9;EXTRACT;2;
250.9844;258;-6.040737;-41.96364;3;15;EXTRACT;1;
251.1016;239;-43.55773;-32.96287;3;11;EXTRACT;0;
251.625;245;-7.570896;24.81754;3;8;EXTRACT;2;
252.9844;258;-6.040737;-41.96364;3;14;EXTRACT;1;
253.0703;239;-43.55773;-32.96287;3;10;EXTRACT;0;
253.6328;245;-7.570896;24.81754;3;7;EXTRACT;2;
254.9922;258;-6.040737;-41.96364;3;13;EXTRACT;1;
255.0703;239;-43.55773;-32.96287;3;9;EXTRACT;0;
255.6328;245;-7.570896;24.81754;3;6;EXTRACT;2;
257;258;-6.040737;-41.96364;3;12;EXTRACT;1;
257.0781;239;-43.55773;-32.96287;3;8;EXTRACT;0;
257.6406;245;-7.570896;24.81754;3;5;EXTRACT;2;
258.9609;258;-6.040737;-41.96364;3;11;EXTRACT;1;
259.0781;239;-43.55773;-32.96287;3;7;EXTRACT;0;
259.6406;245;-7.570896;24.81754;3;4;EXTRACT;2;
260.9688;258;-6.040737;-41.96364;3;10;EXTRACT;1;
261.0859;239;-43.55773;-32.96287;3;6;EXTRACT;0;
261.6484;245;-7.570896;24.81754;3;3;EXTRACT;2;
262.9688;258;-6.040737;-41.96364;3;9;EXTRACT;1;
263.0938;239;-43.55773;-32.96287;3;5;EXTRACT;0;
263.6094;245;-7.570896;24.81754;3;2;EXTRACT;2;
264.9766;258;-6.040737;-41.96364;3;8;EXTRACT;1;
265.0938;239;-43.55773;-32.96287;3;4;EXTRACT;0;
265.6172;245;-7.570896;24.81754;3;1;EXTRACT;2;
266.9844;258;-6.040737;-41.96364;3;7;EXTRACT;1;
267.1016;239;-43.55773;-32.96287;3;3;EXTRACT;0;
267.625;245;-7.570896;24.81754;3;0;EXTRACT;2;
267.6016;245;-7.570896;24.81754;3;0;DESTROYED;;
267.625;261;40.08146;32.61912;3;16;CREATED;;
268.9844;258;-6.040737;-41.96364;3;6;EXTRACT;1;
269.1094;239;-43.55773;-32.96287;3;2;EXTRACT;0;
270.9844;258;-6.040737;-41.96364;3;5;EXTRACT;1;
271.0703;239;-43.55773;-32.96287;3;1;EXTRACT;0;
272.9922;258;-6.040737;-41.96364;3;4;EXTRACT;1;
273.0781;239;-43.55773;-32.96287;3;0;EXTRACT;0;
273.0391;239;-43.55773;-32.96287;3;0;DESTROYED;;
273.0781;262;42.64576;42.21609;3;16;CREATED;;
274.9609;258;-6.040737;-41.96364;3;3;EXTRACT;1;
275.3672;249;-20.02299;24.76049;3;16;DISCOVER;2;
276.9688;258;-6.040737;-41.96364;3;2;EXTRACT;1;
278.2109;249;-20.02299;24.76049;3;15;EXTRACT;2;
278.9766;258;-6.040737;-41.96364;3;1;EXTRACT;1;
280.2188;249;-20.02299;24.76049;3;14;EXTRACT;2;
280.9844;258;-6.040737;-41.96364;3;0;EXTRACT;1;
280.9609;258;-6.040737;-41.96364;3;0;DESTROYED;;
280.9844;263;28.37151;-12.68028;3;16;CREATED;;
282.2266;249;-20.02299;24.76049;3;13;EXTRACT;2;
284.2266;249;-20.02299;24.76049;3;12;EXTRACT;2;
286.2344;249;-20.02299;24.76049;3;11;EXTRACT;2;
288.2422;249;-20.02299;24.76049;3;10;EXTRACT;2;
290.2422;249;-20.02299;24.76049;3;9;EXTRACT;2;
291.0859;257;-32.37308;-31.72422;3;16;DISCOVER;0;
292.25;249;-20.02299;24.76049;3;8;EXTRACT;2;
293.9766;257;-32.37308;-31.72422;3;15;EXTRACT;0;
294.25;249;-20.02299;24.76049;3;7;EXTRACT;2;
295.9766;257;-32.37308;-31.72422;3;14;EXTRACT;0;
296.2578;249;-20.02299;24.76049;3;6;EXTRACT;2;
297.9766;257;-32.37308;-31.72422;3;13;EXTRACT;0;
298.2578;249;-20.02299;24.76049;3;5;EXTRACT;2;
299.9844;257;-32.37308;-31.72422;3;12;EXTRACT;0;
300.2656;249;-20.02299;24.76049;3;4;EXTRACT;2;
301.9844;257;-32.37308;-31.72422;3;11;EXTRACT;0;
302.2656;249;-20.02299;24.76049;3;3;EXTRACT;2;
303.9922;257;-32.37308;-31.72422;3;10;EXTRACT;0;
304.2344;249;-20.02299;24.76049;3;2;EXTRACT;2;
306.0078;257;-32.37308;-31.72422;3;9;EXTRACT;0;
306.2422;249;-20.02299;24.76049;3;1;EXTRACT;2;
308.0078;257;-32.37308;-31.72422;3;8;EXTRACT;0;
308.25;249;-20.02299;24.76049;3;0;EXTRACT;2;
308.2422;249;-20.02299;24.76049;3;0;DESTROYED;;
308.25;264;12.53655;-33.99166;3;16;CREATED;;
309.9766;257;-32.37308;-31.72422;3;7;EXTRACT;0;
311.9844;257;-32.37308;-31.72422;3;6;EXTRACT;0;
312.2656;257;-32.37308;-31.72422;3;6;DISCOVER;1;
313.9844;257;-32.37308;-31.72422;3;5;EXTRACT;0;
315.0313;240;-28.66764;27.23307;3;16;DISCOVER;2;
315.2344;257;-32.37308;-31.72422;3;4;EXTRACT;1;
315.9922;257;-32.37308;-31.72422;3;3;EXTRACT;0;
317.1953;257;-32.37308;-31.72422;3;2;EXTRACT;1;
317.9609;240;-28.66764;27.23307;3;15;EXTRACT;2;
318;257;-32.37308;-31.72422;3;1;EXTRACT;0;
319.2031;257;-32.37308;-31.72422;3;0;EXTRACT;1;
319.1953;257;-32.37308;-31.72422;3;0;DESTROYED;;
319.2031;265;-23.72777;-26.23021;3;16;CREATED;;
319.9609;240;-28.66764;27.23307;3;14;EXTRACT;2;
321.9688;240;-28.66764;27.23307;3;13;EXTRACT;2;
323.9688;240;-28.66764;27.23307;3;12;EXTRACT;2;
325.9766;240;-28.66764;27.23307;3;11;EXTRACT;2;
327.9844;240;-28.66764;27.23307;3;10;EXTRACT;2;
329.9453;240;-28.66764;27.23307;3;9;EXTRACT;2;
331.9531;240;-28.66764;27.23307;3;8;EXTRACT;2;
333.9609;240;-28.66764;27.23307;3;7;EXTRACT;2;
335.9609;240;-28.66764;27.23307;3;6;EXTRACT;2;
337.9688;240;-28.66764;27.23307;3;5;EXTRACT;2;
339.9766;240;-28.66764;27.23307;3;4;EXTRACT;2;
341.9844;240;-28.66764;27.23307;3;3;EXTRACT;2;
343.9844;240;-28.66764;27.23307;3;2;EXTRACT;2;
345.9531;240;-28.66764;27.23307;3;1;EXTRACT;2;
347.9609;240;-28.66764;27.23307;3;0;EXTRACT;2;
347.9219;240;-28.66764;27.23307;3;0;DESTROYED;;
347.9609;266;-13.45607;-18.83025;3;16;CREATED;;
349.9219;260;-34.52262;-17.05976;3;16;DISCOVER;1;
353.5313;260;-34.52262;-17.05976;3;15;EXTRACT;1;
355.5313;260;-34.52262;-17.05976;3;14;EXTRACT;1;
357.5391;260;-34.52262;-17.05976;3;13;EXTRACT;1;
359.5547;260;-34.52262;-17.05976;3;12;EXTRACT;1;
359.6719;251;-32.25494;-10.21932;3;16;DISCOVER;3;
361.5156;260;-34.52262;-17.05976;3;11;EXTRACT;1;
363.4453;251;-32.25494;-10.21932;3;15;EXTRACT;3;
363.5234;260;-34.52262;-17.05976;3;10;EXTRACT;1;
365.4531;251;-32.25494;-10.21932;3;14;EXTRACT;3;
365.5313;260;-34.52262;-17.05976;3;9;EXTRACT;1;
367.4531;251;-32.25494;-10.21932;3;13;EXTRACT;3;
367.5391;260;-34.52262;-17.05976;3;8;EXTRACT;1;
369.4609;251;-32.25494;-10.21932;3;12;EXTRACT;3;
369.5391;260;-34.52262;-17.05976;3;7;EXTRACT;1;
371.4688;251;-32.25494;-10.21932;3;11;EXTRACT;3;
371.5469;260;-34.52262;-17.05976;3;6;EXTRACT;1;
373.4766;251;-32.25494;-10.21932;3;10;EXTRACT;3;
373.5547;260;-34.52262;-17.05976;3;5;EXTRACT;1;
374.6328;251;-32.25494;-10.21932;3;10;DISCOVER;2;
375.4766;251;-32.25494;-10.21932;3;9;EXTRACT;3;
375.5156;260;-34.52262;-17.05976;3;4;EXTRACT;1;
377.4453;251;-32.25494;-10.21932;3;8;EXTRACT;3;
377.5234;260;-34.52262;-17.05976;3;3;EXTRACT;1;
377.8438;251;-32.25494;-10.21932;3;7;EXTRACT;2;
379.4453;251;-32.25494;-10.21932;3;6;EXTRACT;3;
379.5313;260;-34.52262;-17.05976;3;2;EXTRACT;1;
379.8516;251;-32.25494;-10.21932;3;5;EXTRACT;2;
381.4531;251;-32.25494;-10.21932;3;4;EXTRACT;3;
381.5313;260;-34.52262;-17.05976;3;1;EXTRACT;1;
381.8516;251;-32.25494;-10.21932;3;3;EXTRACT;2;
383.4609;251;-32.25494;-10.21932;3;2;EXTRACT;3;
383.5391;260;-34.52262;-17.05976;3;0;EXTRACT;1;
383.5156;260;-34.52262;-17.05976;3;0;DESTROYED;;
383.5391;267;1.567726;-25.01805;3;16;CREATED;;
383.8594;251;-32.25494;-10.21932;3;1;EXTRACT;2;
385.4609;251;-32.25494;-10.21932;3;0;EXTRACT;3;
385.4375;251;-32.25494;-10.21932;3;0;DESTROYED;;
385.4609;268;30.32322;-3.847698;3;16;CREATED;;
392.125;243;23.48782;12.78293;3;16;DISCOVER;0;
395.1328;243;23.48782;12.78293;3;15;EXTRACT;0;
397.1406;243;23.48782;12.78293;3;14;EXTRACT;0;
399.0234;265;-23.72777;-26.23021;3;16;DISCOVER;2;
399.1484;243;23.48782;12.78293;3;13;EXTRACT;0;
401.1563;243;23.48782;12.78293;3;12;EXTRACT;0;
402.1953;265;-23.72777;-26.23021;3;15;EXTRACT;2;
403.125;243;23.48782;12.78293;3;11;EXTRACT;0;
404.2031;265;-23.72777;-26.23021;3;14;EXTRACT;2;
405.125;243;23.48782;12.78293;3;10;EXTRACT;0;
406.1719;265;-23.72777;-26.23021;3;13;EXTRACT;2;
407.1328;243;23.48782;12.78293;3;9;EXTRACT;0;
408.1328;247;2.740677;-7.836338;3;16;DISCOVER;3;
408.1719;265;-23.72777;-26.23021;3;12;EXTRACT;2;
409.1406;243;23.48782;12.78293;3;8;EXTRACT;0;
410.1797;265;-23.72777;-26.23021;3;11;EXTRACT;2;
410.9844;247;2.740677;-7.836338;3;15;EXTRACT;3;
411.1406;243;23.48782;12.78293;3;7;EXTRACT;0;
412.1875;265;-23.72777;-26.23021;3;10;EXTRACT;2;
412.9922;247;2.740677;-7.836338;3;14;EXTRACT;3;
413.1563;243;23.48782;12.78293;3;6;EXTRACT;0;
414.1953;265;-23.72777;-26.23021;3;9;EXTRACT;2;
415;247;2.740677;-7.836338;3;13;EXTRACT;3;
415.1563;243;23.48782;12.78293;3;5;EXTRACT;0;
416.2031;265;-23.72777;-26.23021;3;8;EXTRACT;2;
417.0078;247;2.740677;-7.836338;3;12;EXTRACT;3;
417.125;243;23.48782;12.78293;3;4;EXTRACT;0;
418.1641;265;-23.72777;-26.23021;3;7;EXTRACT;2;
419.0078;247;2.740677;-7.836338;3;11;EXTRACT;3;
419.1328;243;23.48782;12.78293;3;3;EXTRACT;0;
420.1719;265;-23.72777;-26.23021;3;6;EXTRACT;2;
420.9766;247;2.740677;-7.836338;3;10;EXTRACT;3;
421.1406;243;23.48782;12.78293;3;2;EXTRACT;0;
422.1797;265;-23.72777;-26.23021;3;5;EXTRACT;2;
422.9844;247;2.740677;-7.836338;3;9;EXTRACT;3;
423.1484;243;23.48782;12.78293;3;1;EXTRACT;0;
424.1875;265;-23.72777;-26.23021;3;4;EXTRACT;2;
424.9922;247;2.740677;-7.836338;3;8;EXTRACT;3;
425.1563;243;23.48782;12.78293;3;0;EXTRACT;0;
425.1172;243;23.48782;12.78293;3;0;DESTROYED;;
425.1563;269;19.98893;14.04357;3;16;CREATED;;
426.1953;265;-23.72777;-26.23021;3;3;EXTRACT;2;
427;247;2.740677;-7.836338;3;7;EXTRACT;3;
428.1641;265;-23.72777;-26.23021;3;2;EXTRACT;2;
428.7266;269;19.98893;14.04357;3;16;DISCOVER;0;
429.0078;247;2.740677;-7.836338;3;6;EXTRACT;3;
430.1719;265;-23.72777;-26.23021;3;1;EXTRACT;2;
431.0156;247;2.740677;-7.836338;3;5;EXTRACT;3;
431.6172;269;19.98893;14.04357;3;15;EXTRACT;0;
432.1797;265;-23.72777;-26.23021;3;0;EXTRACT;2;
432.1563;265;-23.72777;-26.23021;3;0;DESTROYED;;
432.1797;270;38.98956;-44.17525;3;16;CREATED;;
432.9766;247;2.740677;-7.836338;3;4;EXTRACT;3;
433.6172;269;19.98893;14.04357;3;14;EXTRACT;0;
434.9844;247;2.740677;-7.836338;3;3;EXTRACT;3;
435.625;269;19.98893;14.04357;3;13;EXTRACT;0;
436.9922;247;2.740677;-7.836338;3;2;EXTRACT;3;
437.5938;269;19.98893;14.04357;3;12;EXTRACT;0;
439;247;2.740677;-7.836338;3;1;EXTRACT;3;
439.6016;269;19.98893;14.04357;3;11;EXTRACT;0;
441;247;2.740677;-7.836338;3;0;EXTRACT;3;
441;247;2.740677;-7.836338;3;0;DESTROYED;;
441;271;-44.21909;-24.11387;3;16;CREATED;;
441.6016;269;19.98893;14.04357;3;10;EXTRACT;0;
443.6094;269;19.98893;14.04357;3;9;EXTRACT;0;
445.6094;269;19.98893;14.04357;3;8;EXTRACT;0;
447.6172;269;19.98893;14.04357;3;7;EXTRACT;0;
449.6172;269;19.98893;14.04357;3;6;EXTRACT;0;
451.625;269;19.98893;14.04357;3;5;EXTRACT;0;
452.4297;255;22.18291;-4.65398;3;16;DISCOVER;3;
453.6328;269;19.98893;14.04357;3;4;EXTRACT;0;
454.0313;264;12.53655;-33.99166;3;16;DISCOVER;2;
455.6016;269;19.98893;14.04357;3;3;EXTRACT;0;
455.6406;255;22.18291;-4.65398;3;15;EXTRACT;3;
457;264;12.53655;-33.99166;3;15;EXTRACT;2;
457.6016;269;19.98893;14.04357;3;2;EXTRACT;0;
457.6406;255;22.18291;-4.65398;3;14;EXTRACT;3;
459.0078;264;12.53655;-33.99166;3;14;EXTRACT;2;
459.6094;269;19.98893;14.04357;3;1;EXTRACT;0;
459.6484;255;22.18291;-4.65398;3;13;EXTRACT;3;
461.0156;264;12.53655;-33.99166;3;13;EXTRACT;2;
461.6172;269;19.98893;14.04357;3;0;EXTRACT;0;
461.6016;269;19.98893;14.04357;3;0;DESTROYED;;
461.6172;272;-26.78714;12.93948;3;16;CREATED;;
461.6563;255;22.18291;-4.65398;3;12;EXTRACT;3;
463.0156;264;12.53655;-33.99166;3;12;EXTRACT;2;
463.6563;255;22.18291;-4.65398;3;11;EXTRACT;3;
464.1797;272;-26.78714;12.93948;3;16;DISCOVER;1;
465.0234;264;12.53655;-33.99166;3;11;EXTRACT;2;
465.6641;255;22.18291;-4.65398;3;10;EXTRACT;3;
467.0234;264;12.53655;-33.99166;3;10;EXTRACT;2;
467.5469;272;-26.78714;12.93948;3;15;EXTRACT;1;
467.625;255;22.18291;-4.65398;3;9;EXTRACT;3;
469.0313;264;12.53655;-33.99166;3;9;EXTRACT;2;
469.5547;272;-26.78714;12.93948;3;14;EXTRACT;1;
469.6328;255;22.18291;-4.65398;3;8;EXTRACT;3;
471.0313;264;12.53655;-33.99166;3;8;EXTRACT;2;
471.5547;272;-26.78714;12.93948;3;13;EXTRACT;1;
471.6328;255;22.18291;-4.65398;3;7;EXTRACT;3;
473.0391;264;12.53655;-33.99166;3;7;EXTRACT;2;
473.5625;272;-26.78714;12.93948;3;12;EXTRACT;1;
473.6406;255;22.18291;-4.65398;3;6;EXTRACT;3;
475.0078;264;12.53655;-33.99166;3;6;EXTRACT;2;
475.5703;272;-26.78714;12.93948;3;11;EXTRACT;1;
475.6484;255;22.18291;-4.65398;3;5;EXTRACT;3;
477.0078;264;12.53655;-33.99166;3;5;EXTRACT;2;
477.5703;272;-26.78714;12.93948;3;10;EXTRACT;1;
477.6484;255;22.18291;-4.65398;3;4;EXTRACT;3;
479.0156;264;12.53655;-33.99166;3;4;EXTRACT;2;
479.5703;272;-26.78714;12.93948;3;9;EXTRACT;1;
479.5703;255;22.18291;-4.65398;3;4;DISCOVER;0;
479.6563;255;22.18291;-4.65398;3;3;EXTRACT;3;
481.0156;264;12.53655;-33.99166;3;3;EXTRACT;2;
481.5391;272;-26.78714;12.93948;3;8;EXTRACT;1;
481.6563;255;22.18291;-4.65398;3;2;EXTRACT;3;
482.4219;255;22.18291;-4.65398;3;1;EXTRACT;0;
483.0234;264;12.53655;-33.99166;3;2;EXTRACT;2;
483.5469;272;-26.78714;12.93948;3;7;EXTRACT;1;
483.6641;255;22.18291;-4.65398;3;0;EXTRACT;3;
483.6406;255;22.18291;-4.65398;3;0;DESTROYED;;
483.6641;273;-16.11992;31.864;3;16;CREATED;;
485.0234;264;12.53655;-33.99166;3;1;EXTRACT;2;
485.5469;272;-26.78714;12.93948;3;6;EXTRACT;1;
487.0313;264;12.53655;-33.99166;3;0;EXTRACT;2;
487;264;12.53655;-33.99166;3;0;DESTROYED;;
487.0313;274;40.98185;13.15131;3;16;CREATED;;
487.5547;272;-26.78714;12.93948;3;5;EXTRACT;1;
489.5625;272;-26.78714;12.93948;3;4;EXTRACT;1;
490.2422;268;30.32322;-3.847698;3;16;DISCOVER;3;
491.5625;272;-26.78714;12.93948;3;3;EXTRACT;1;
493.4141;268;30.32322;-3.847698;3;15;EXTRACT;3;
493.5703;272;-26.78714;12.93948;3;2;EXTRACT;1;
495.4141;268;30.32322;-3.847698;3;14;EXTRACT;3;
495.5391;272;-26.78714;12.93948;3;1;EXTRACT;1;
497.3828;268;30.32322;-3.847698;3;13;EXTRACT;3;
497.5469;272;-26.78714;12.93948;3;0;EXTRACT;1;
497.5156;272;-26.78714;12.93948;3;0;DESTROYED;;
497.5469;275;31.81757;13.64016;3;16;CREATED;;
499.3906;268;30.32322;-3.847698;3;12;EXTRACT;3;
501.3984;268;30.32322;-3.847698;3;11;EXTRACT;3;
502.9688;263;28.37151;-12.68028;3;16;DISCOVER;2;
503.4063;268;30.32322;-3.847698;3;10;EXTRACT;3;
505.4141;268;30.32322;-3.847698;3;9;EXTRACT;3;
505.9375;263;28.37151;-12.68028;3;15;EXTRACT;2;
507.3828;268;30.32322;-3.847698;3;8;EXTRACT;3;
507.9453;263;28.37151;-12.68028;3;14;EXTRACT;2;
509.3828;268;30.32322;-3.847698;3;7;EXTRACT;3;
509.9063;263;28.37151;-12.68028;3;13;EXTRACT;2;
511.3906;268;30.32322;-3.847698;3;6;EXTRACT;3;
511.9063;263;28.37151;-12.68028;3;12;EXTRACT;2;
513.3906;268;30.32322;-3.847698;3;5;EXTRACT;3;
513.9141;263;28.37151;-12.68028;3;11;EXTRACT;2;
515.3984;268;30.32322;-3.847698;3;4;EXTRACT;3;
515.9609;263;28.37151;-12.68028;3;10;EXTRACT;2;
517.3984;268;30.32322;-3.847698;3;3;EXTRACT;3;
517.9219;263;28.37151;-12.68028;3;9;EXTRACT;2;
519.4063;268;30.32322;-3.847698;3;2;EXTRACT;3;
519.9297;263;28.37151;-12.68028;3;8;EXTRACT;2;
521.4141;268;30.32322;-3.847698;3;1;EXTRACT;3;
521.9297;263;28.37151;-12.68028;3;7;EXTRACT;2;
523.3828;268;30.32322;-3.847698;3;0;EXTRACT;3;
523.3594;268;30.32322;-3.847698;3;0;DESTROYED;;
523.3828;276;-6.463219;-28.1671;3;16;CREATED;;
523.9375;263;28.37151;-12.68028;3;6;EXTRACT;2;
525.9453;263;28.37151;-12.68028;3;5;EXTRACT;2;
527.9531;263;28.37151;-12.68028;3;4;EXTRACT;2;
529.9609;263;28.37151;-12.68028;3;3;EXTRACT;2;
531.9219;263;28.37151;-12.68028;3;2;EXTRACT;2;
533.9297;263;28.37151;-12.68028;3;1;EXTRACT;2;
534.3672;276;-6.463219;-28.1671;3;16;DISCOVER;1;
535.9297;263;28.37151;-12.68028;3;0;EXTRACT;2;
535.9219;263;28.37151;-12.68028;3;0;DESTROYED;;
535.9297;277;15.2427;-8.855179;3;16;CREATED;;
537.4609;276;-6.463219;-28.1671;3;15;EXTRACT;1;
539.4609;276;-6.463219;-28.1671;3;14;EXTRACT;1;
541.4688;276;-6.463219;-28.1671;3;13;EXTRACT;1;
543.4766;276;-6.463219;-28.1671;3;12;EXTRACT;1;
545.4375;276;-6.463219;-28.1671;3;11;EXTRACT;1;
547.4531;276;-6.463219;-28.1671;3;10;EXTRACT;1;
549.4531;276;-6.463219;-28.1671;3;9;EXTRACT;1;
551.4609;276;-6.463219;-28.1671;3;8;EXTRACT;1;
553.4688;276;-6.463219;-28.1671;3;7;EXTRACT;1;
555.4766;276;-6.463219;-28.1671;3;6;EXTRACT;1;
557.4453;276;-6.463219;-28.1671;3;5;EXTRACT;1;
559.4453;276;-6.463219;-28.1671;3;4;EXTRACT;1;
561.4531;276;-6.463219;-28.1671;3;3;EXTRACT;1;
563.4609;276;-6.463219;-28.1671;3;2;EXTRACT;1;
565.4688;276;-6.463219;-28.1671;3;1;EXTRACT;1;
566.75;254;-13.88487;3.775009;3;16;DISCOVER;3;
567.4766;276;-6.463219;-28.1671;3;0;EXTRACT;1;
567.4375;276;-6.463219;-28.1671;3;0;DESTROYED;;
567.4766;278;-35.51016;-3.546947;3;16;CREATED;;
569.9219;254;-13.88487;3.775009;3;15;EXTRACT;3;
571.9219;254;-13.88487;3.775009;3;14;EXTRACT;3;
573.0078;266;-13.45607;-18.83025;3;16;DISCOVER;2;
573.4844;241;-0.8925819;-31.65751;3;16;DISCOVER;1;
573.9297;254;-13.88487;3.775009;3;13;EXTRACT;3;
575.8906;266;-13.45607;-18.83025;3;15;EXTRACT;2;
575.9297;254;-13.88487;3.775009;3;12;EXTRACT;3;
576.375;241;-0.8925819;-31.65751;3;15;EXTRACT;1;
577.8594;266;-13.45607;-18.83025;3;14;EXTRACT;2;
577.9375;254;-13.88487;3.775009;3;11;EXTRACT;3;
578.375;241;-0.8925819;-31.65751;3;14;EXTRACT;1;
579.8594;266;-13.45607;-18.83025;3;13;EXTRACT;2;
579.9453;254;-13.88487;3.775009;3;10;EXTRACT;3;
580.3828;241;-0.8925819;-31.65751;3;13;EXTRACT;1;
581.8672;266;-13.45607;-18.83025;3;12;EXTRACT;2;
581.9453;254;-13.88487;3.775009;3;9;EXTRACT;3;
582.1875;241;-0.8925819;-31.65751;3;13;DISCOVER;0;
582.3906;241;-0.8925819;-31.65751;3;12;EXTRACT;1;
583.8672;266;-13.45607;-18.83025;3;11;EXTRACT;2;
583.9531;254;-13.88487;3.775009;3;8;EXTRACT;3;
584.3906;241;-0.8925819;-31.65751;3;11;EXTRACT;1;
585.2344;241;-0.8925819;-31.65751;3;10;EXTRACT;0;
585.875;266;-13.45607;-18.83025;3;10;EXTRACT;2;
585.9531;254;-13.88487;3.775009;3;7;EXTRACT;3;
586.3906;241;-0.8925819;-31.65751;3;9;EXTRACT;1;
587.2344;241;-0.8925819;-31.65751;3;8;EXTRACT;0;
587.8828;266;-13.45607;-18.83025;3;9;EXTRACT;2;
587.9219;254;-13.88487;3.775009;3;6;EXTRACT;3;
588.3984;241;-0.8925819;-31.65751;3;7;EXTRACT;1;
589.2422;241;-0.8925819;-31.65751;3;6;EXTRACT;0;
589.8828;266;-13.45607;-18.83025;3;8;EXTRACT;2;
589.9219;254;-13.88487;3.775009;3;5;EXTRACT;3;
590.4063;241;-0.8925819;-31.65751;3;5;EXTRACT;1;
591.25;241;-0.8925819;-31.65751;3;4;EXTRACT;0;
591.8906;266;-13.45607;-18.83025;3;7;EXTRACT;2;
591.9297;254;-13.88487;3.775009;3;4;EXTRACT;3;
592.4063;241;-0.8925819;-31.65751;3;3;EXTRACT;1;
593.25;241;-0.8925819;-31.65751;3;2;EXTRACT;0;
593.8906;266;-13.45607;-18.83025;3;6;EXTRACT;2;
593.9297;254;-13.88487;3.775009;3;3;EXTRACT;3;
594.375;241;-0.8925819;-31.65751;3;1;EXTRACT;1;
595.2578;241;-0.8925819;-31.65751;3;0;EXTRACT;0;
595.2422;241;-0.8925819;-31.65751;3;0;DESTROYED;;
595.2578;279;-27.08078;-2.149185;3;16;CREATED;;
595.8594;266;-13.45607;-18.83025;3;5;EXTRACT;2;
595.9375;254;-13.88487;3.775009;3;2;EXTRACT;3;
597.8594;266;-13.45607;-18.83025;3;4;EXTRACT;2;
597.9375;254;-13.88487;3.775009;3;1;EXTRACT;3;
599.3438;267;1.567726;-25.01805;3;16;DISCOVER;1;
599.8594;266;-13.45607;-18.83025;3;3;EXTRACT;2;
599.9453;254;-13.88487;3.775009;3;0;EXTRACT;3;
599.9219;254;-13.88487;3.775009;3;0;DESTROYED;;
599.9453;280;-34.89206;-43.48894;3;16;CREATED;;
601.8672;266;-13.45607;-18.83025;3;2;EXTRACT;2;
602.2344;267;1.567726;-25.01805;3;15;EXTRACT;1;
603.8828;266;-13.45607;-18.83025;3;1;EXTRACT;2;
604.2422;267;1.567726;-25.01805;3;14;EXTRACT;1;
605.8828;266;-13.45607;-18.83025;3;0;EXTRACT;2;
605.875;266;-13.45607;-18.83025;3;0;DESTROYED;;
605.8828;281;-16.95014;-11.24192;3;16;CREATED;;
606.2109;267;1.567726;-25.01805;3;13;EXTRACT;1;
608.2109;267;1.567726;-25.01805;3;12;EXTRACT;1;
610.2266;267;1.567726;-25.01805;3;11;EXTRACT;1;
612.2344;267;1.567726;-25.01805;3;10;EXTRACT;1;
614.2422;267;1.567726;-25.01805;3;9;EXTRACT;1;
614.7969;267;1.567726;-25.01805;3;9;DISCOVER;0;
616.2422;267;1.567726;-25.01805;3;8;EXTRACT;1;
617.7656;267;1.567726;-25.01805;3;7;EXTRACT;0;
618.2109;267;1.567726;-25.01805;3;6;EXTRACT;1;
619.7734;267;1.567726;-25.01805;3;5;EXTRACT;0;
620.2109;267;1.567726;-25.01805;3;4;EXTRACT;1;
621.7734;267;1.567726;-25.01805;3;3;EXTRACT;0;
622.2188;267;1.567726;-25.01805;3;2;EXTRACT;1;
623.7813;267;1.567726;-25.01805;3;1;EXTRACT;0;
624.2266;267;1.567726;-25.01805;3;0;EXTRACT;1;
624.1953;267;1.567726;-25.01805;3;0;DESTROYED;;
624.2266;282;-5.705429;13.14349;3;16;CREATED;;
657.7578;275;31.81757;13.64016;3;16;DISCOVER;3;
660.7656;275;31.81757;13.64016;3;15;EXTRACT;3;
662.7734;275;31.81757;13.64016;3;14;EXTRACT;3;
664.1719;275;31.81757;13.64016;3;14;DISCOVER;0;
664.7734;275;31.81757;13.64016;3;13;EXTRACT;3;
666.7813;275;31.81757;13.64016;3;12;EXTRACT;3;
667.2578;275;31.81757;13.64016;3;11;EXTRACT;0;
668.7891;275;31.81757;13.64016;3;10;EXTRACT;3;
669.2656;275;31.81757;13.64016;3;9;EXTRACT;0;
670.75;275;31.81757;13.64016;3;8;EXTRACT;3;
671.2734;275;31.81757;13.64016;3;7;EXTRACT;0;
672.7578;275;31.81757;13.64016;3;6;EXTRACT;3;
673.2344;275;31.81757;13.64016;3;5;EXTRACT;0;
674.7578;275;31.81757;13.64016;3;4;EXTRACT;3;
675.2422;275;31.81757;13.64016;3;3;EXTRACT;0;
676.4922;275;31.81757;13.64016;3;3;DISCOVER;1;
676.7734;275;31.81757;13.64016;3;2;EXTRACT;3;
677.25;275;31.81757;13.64016;3;1;EXTRACT;0;
678.7734;275;31.81757;13.64016;3;0;EXTRACT;3;
678.7578;275;31.81757;13.64016;3;0;DESTROYED;;
678.7734;283;-12.38352;37.45689;3;16;CREATED;;
694.2188;277;15.2427;-8.855179;3;16;DISCOVER;2;
697.3906;277;15.2427;-8.855179;3;15;EXTRACT;2;
699.3906;277;15.2427;-8.855179;3;14;EXTRACT;2;
701.3984;277;15.2427;-8.855179;3;13;EXTRACT;2;
703.3672;277;15.2427;-8.855179;3;12;EXTRACT;2;
705.3672;277;15.2427;-8.855179;3;11;EXTRACT;2;
707.375;277;15.2427;-8.855179;3;10;EXTRACT;2;
709.3828;277;15.2427;-8.855179;3;9;EXTRACT;2;
711.3906;277;15.2427;-8.855179;3;8;EXTRACT;2;
713.3984;277;15.2427;-8.855179;3;7;EXTRACT;2;
715.4063;277;15.2427;-8.855179;3;6;EXTRACT;2;
717.4141;277;15.2427;-8.855179;3;5;EXTRACT;2;
719.4141;277;15.2427;-8.855179;3;4;EXTRACT;2;
